test: (g=0): rw=randread, bs=(R) 64.0KiB-64.0KiB, (W) 64.0KiB-64.0KiB, (T) 64.0KiB-64.0KiB, ioengine=libaio, iodepth=64
fio-3.1
Starting 1 process

test: (groupid=0, jobs=1): err= 0: pid=30686: Fri Jul 13 18:13:05 2018
   read: IOPS=463, BW=28.0MiB/s (30.4MB/s)(1024MiB/35334msec)
    slat (usec): min=3, max=178, avg=20.05, stdev= 8.45
    clat (msec): min=5, max=1075, avg=137.99, stdev=103.78
     lat (msec): min=5, max=1075, avg=138.01, stdev=103.78
    clat percentiles (msec):
     |  1.00th=[   17],  5.00th=[   30], 10.00th=[   42], 20.00th=[   62],
     | 30.00th=[   79], 40.00th=[   95], 50.00th=[  112], 60.00th=[  131],
     | 70.00th=[  155], 80.00th=[  194], 90.00th=[  271], 95.00th=[  342],
     | 99.00th=[  523], 99.50th=[  592], 99.90th=[  768], 99.95th=[  860],
     | 99.99th=[  995]
   bw (  KiB/s): min=24192, max=44672, per=99.35%, avg=29483.99, stdev=3707.89, samples=70
   iops        : min=  378, max=  698, avg=460.69, stdev=57.94, samples=70
  lat (msec)   : 10=0.16%, 20=1.66%, 50=12.49%, 100=28.94%, 250=44.85%
  lat (msec)   : 500=10.68%, 750=1.09%, 1000=0.13%, 2000=0.01%
  cpu          : usr=0.55%, sys=1.81%, ctx=15702, majf=0, minf=544
  IO depths    : 1=0.1%, 2=0.1%, 4=0.1%, 8=0.1%, 16=0.1%, 32=0.2%, >=64=99.6%
     submit    : 0=0.0%, 4=100.0%, 8=0.0%, 16=0.0%, 32=0.0%, 64=0.0%, >=64=0.0%
     complete  : 0=0.0%, 4=100.0%, 8=0.0%, 16=0.0%, 32=0.0%, 64=0.1%, >=64=0.0%
     issued rwt: total=16384,0,0, short=0,0,0, dropped=0,0,0
     latency   : target=0, window=0, percentile=100.00%, depth=64

Run status group 0 (all jobs):
   READ: bw=28.0MiB/s (30.4MB/s), 28.0MiB/s-28.0MiB/s (30.4MB/s-30.4MB/s), io=1024MiB (1074MB), run=35334-35334msec

Disk stats (read/write):
  sdm: ios=15635/0, merge=641/0, ticks=2177495/0, in_queue=2180370, util=100.00%
