test: (g=0): rw=randwrite, bs=(R) 4096B-4096B, (W) 4096B-4096B, (T) 4096B-4096B, ioengine=libaio, iodepth=64
fio-3.1
Starting 1 process

test: (groupid=0, jobs=1): err= 0: pid=4543: Tue Jul 24 16:10:02 2018
  write: IOPS=231, BW=925KiB/s (947kB/s)(1024MiB/1133451msec)
    slat (usec): min=4, max=142, avg=27.91, stdev= 8.75
    clat (usec): min=388, max=1662.3k, avg=276686.51, stdev=140864.32
     lat (usec): min=439, max=1662.3k, avg=276714.96, stdev=140864.77
    clat percentiles (msec):
     |  1.00th=[   19],  5.00th=[   74], 10.00th=[  144], 20.00th=[  178],
     | 30.00th=[  205], 40.00th=[  234], 50.00th=[  262], 60.00th=[  292],
     | 70.00th=[  321], 80.00th=[  355], 90.00th=[  409], 95.00th=[  518],
     | 99.00th=[  810], 99.50th=[  911], 99.90th=[ 1150], 99.95th=[ 1200],
     | 99.99th=[ 1318]
   bw (  KiB/s): min=    8, max= 2584, per=100.00%, avg=928.91, stdev=208.22, samples=2256
   iops        : min=    2, max=  646, avg=232.22, stdev=52.06, samples=2256
  lat (usec)   : 500=0.01%, 750=0.01%, 1000=0.01%
  lat (msec)   : 2=0.01%, 4=0.01%, 10=0.05%, 20=1.30%, 50=2.93%
  lat (msec)   : 100=1.57%, 250=39.99%, 500=48.69%, 750=4.07%, 1000=1.11%
  lat (msec)   : 2000=0.29%
  cpu          : usr=0.30%, sys=0.96%, ctx=262136, majf=0, minf=390
  IO depths    : 1=0.1%, 2=0.1%, 4=0.1%, 8=0.1%, 16=0.1%, 32=0.1%, >=64=100.0%
     submit    : 0=0.0%, 4=100.0%, 8=0.0%, 16=0.0%, 32=0.0%, 64=0.0%, >=64=0.0%
     complete  : 0=0.0%, 4=100.0%, 8=0.0%, 16=0.0%, 32=0.0%, 64=0.1%, >=64=0.0%
     issued rwt: total=0,262144,0, short=0,0,0, dropped=0,0,0
     latency   : target=0, window=0, percentile=100.00%, depth=64

Run status group 0 (all jobs):
  WRITE: bw=925KiB/s (947kB/s), 925KiB/s-925KiB/s (947kB/s-947kB/s), io=1024MiB (1074MB), run=1133451-1133451msec

Disk stats (read/write):
  sdd: ios=0/262136, merge=0/3, ticks=0/72540697, in_queue=72546736, util=100.00%
