test: (g=0): rw=randwrite, bs=(R) 8192B-8192B, (W) 8192B-8192B, (T) 8192B-8192B, ioengine=libaio, iodepth=64
fio-3.1
Starting 1 process

test: (groupid=0, jobs=1): err= 0: pid=4741: Tue Jul 24 16:27:45 2018
  write: IOPS=230, BW=1847KiB/s (1891kB/s)(1024MiB/567850msec)
    slat (usec): min=4, max=219, avg=27.64, stdev= 9.95
    clat (usec): min=389, max=1657.2k, avg=277235.27, stdev=150688.74
     lat (usec): min=419, max=1657.2k, avg=277263.44, stdev=150690.45
    clat percentiles (msec):
     |  1.00th=[   17],  5.00th=[   33], 10.00th=[  124], 20.00th=[  171],
     | 30.00th=[  201], 40.00th=[  232], 50.00th=[  262], 60.00th=[  292],
     | 70.00th=[  326], 80.00th=[  368], 90.00th=[  435], 95.00th=[  558],
     | 99.00th=[  802], 99.50th=[  894], 99.90th=[ 1083], 99.95th=[ 1133],
     | 99.99th=[ 1267]
   bw (  KiB/s): min=   48, max= 4320, per=100.00%, avg=1851.28, stdev=485.17, samples=1131
   iops        : min=    6, max=  540, avg=231.40, stdev=60.65, samples=1131
  lat (usec)   : 500=0.01%, 750=0.01%, 1000=0.01%
  lat (msec)   : 2=0.01%, 4=0.01%, 10=0.05%, 20=1.93%, 50=4.40%
  lat (msec)   : 100=2.15%, 250=37.72%, 500=46.82%, 750=5.41%, 1000=1.28%
  lat (msec)   : 2000=0.21%
  cpu          : usr=0.28%, sys=0.94%, ctx=131064, majf=0, minf=475
  IO depths    : 1=0.1%, 2=0.1%, 4=0.1%, 8=0.1%, 16=0.1%, 32=0.1%, >=64=100.0%
     submit    : 0=0.0%, 4=100.0%, 8=0.0%, 16=0.0%, 32=0.0%, 64=0.0%, >=64=0.0%
     complete  : 0=0.0%, 4=100.0%, 8=0.0%, 16=0.0%, 32=0.0%, 64=0.1%, >=64=0.0%
     issued rwt: total=0,131072,0, short=0,0,0, dropped=0,0,0
     latency   : target=0, window=0, percentile=100.00%, depth=64

Run status group 0 (all jobs):
  WRITE: bw=1847KiB/s (1891kB/s), 1847KiB/s-1847KiB/s (1891kB/s-1891kB/s), io=1024MiB (1074MB), run=567850-567850msec

Disk stats (read/write):
  sdd: ios=0/131093, merge=0/0, ticks=0/36342458, in_queue=36344446, util=100.00%
