test: (g=0): rw=read, bs=(R) 64.0KiB-64.0KiB, (W) 64.0KiB-64.0KiB, (T) 64.0KiB-64.0KiB, ioengine=libaio, iodepth=64
fio-3.1
Starting 1 process

test: (groupid=0, jobs=1): err= 0: pid=4323: Tue Jul 24 15:50:45 2018
   read: IOPS=3293, BW=206MiB/s (216MB/s)(1024MiB/4974msec)
    slat (usec): min=6, max=587, avg=18.32, stdev= 8.50
    clat (usec): min=1231, max=38607, avg=19401.29, stdev=1333.63
     lat (usec): min=1240, max=38626, avg=19419.79, stdev=1334.05
    clat percentiles (usec):
     |  1.00th=[18220],  5.00th=[18220], 10.00th=[18220], 20.00th=[18220],
     | 30.00th=[18482], 40.00th=[19530], 50.00th=[19530], 60.00th=[19792],
     | 70.00th=[19792], 80.00th=[19792], 90.00th=[20317], 95.00th=[20317],
     | 99.00th=[23987], 99.50th=[26608], 99.90th=[33817], 99.95th=[36439],
     | 99.99th=[38536]
   bw (  KiB/s): min=204288, max=222976, per=100.00%, avg=211171.56, stdev=7579.55, samples=9
   iops        : min= 3192, max= 3484, avg=3299.56, stdev=118.43, samples=9
  lat (msec)   : 2=0.07%, 10=0.07%, 20=82.80%, 50=17.06%
  cpu          : usr=1.57%, sys=8.41%, ctx=16370, majf=0, minf=545
  IO depths    : 1=0.1%, 2=0.1%, 4=0.1%, 8=0.1%, 16=0.1%, 32=0.2%, >=64=99.6%
     submit    : 0=0.0%, 4=100.0%, 8=0.0%, 16=0.0%, 32=0.0%, 64=0.0%, >=64=0.0%
     complete  : 0=0.0%, 4=100.0%, 8=0.0%, 16=0.0%, 32=0.0%, 64=0.1%, >=64=0.0%
     issued rwt: total=16384,0,0, short=0,0,0, dropped=0,0,0
     latency   : target=0, window=0, percentile=100.00%, depth=64

Run status group 0 (all jobs):
   READ: bw=206MiB/s (216MB/s), 206MiB/s-206MiB/s (216MB/s-216MB/s), io=1024MiB (1074MB), run=4974-4974msec

Disk stats (read/write):
  sdd: ios=16136/0, merge=0/0, ticks=312249/0, in_queue=312881, util=98.04%
