test: (g=0): rw=randread, bs=(R) 8192B-8192B, (W) 8192B-8192B, (T) 8192B-8192B, ioengine=libaio, iodepth=64
fio-3.1
Starting 1 process

test: (groupid=0, jobs=1): err= 0: pid=25355: Sun Jul 15 04:03:54 2018
   read: IOPS=505, BW=4047KiB/s (4144kB/s)(1024MiB/259107msec)
    slat (nsec): min=1779, max=199695, avg=16872.17, stdev=5935.15
    clat (usec): min=740, max=1370.5k, avg=126493.58, stdev=94799.92
     lat (usec): min=747, max=1370.5k, avg=126510.93, stdev=94800.16
    clat percentiles (msec):
     |  1.00th=[   14],  5.00th=[   27], 10.00th=[   37], 20.00th=[   56],
     | 30.00th=[   72], 40.00th=[   88], 50.00th=[  105], 60.00th=[  122],
     | 70.00th=[  144], 80.00th=[  178], 90.00th=[  243], 95.00th=[  313],
     | 99.00th=[  477], 99.50th=[  550], 99.90th=[  726], 99.95th=[  793],
     | 99.99th=[  936]
   bw (  KiB/s): min=  960, max=11952, per=99.98%, avg=4045.00, stdev=785.31, samples=518
   iops        : min=  120, max= 1494, avg=505.61, stdev=98.17, samples=518
  lat (usec)   : 750=0.01%, 1000=0.01%
  lat (msec)   : 2=0.01%, 4=0.03%, 10=0.43%, 20=2.33%, 50=14.11%
  lat (msec)   : 100=30.55%, 250=43.24%, 500=8.49%, 750=0.73%, 1000=0.07%
  lat (msec)   : 2000=0.01%
  cpu          : usr=0.69%, sys=1.71%, ctx=128264, majf=0, minf=160
  IO depths    : 1=0.1%, 2=0.1%, 4=0.1%, 8=0.1%, 16=0.1%, 32=0.1%, >=64=100.0%
     submit    : 0=0.0%, 4=100.0%, 8=0.0%, 16=0.0%, 32=0.0%, 64=0.0%, >=64=0.0%
     complete  : 0=0.0%, 4=100.0%, 8=0.0%, 16=0.0%, 32=0.0%, 64=0.1%, >=64=0.0%
     issued rwt: total=131072,0,0, short=0,0,0, dropped=0,0,0
     latency   : target=0, window=0, percentile=100.00%, depth=64

Run status group 0 (all jobs):
   READ: bw=4047KiB/s (4144kB/s), 4047KiB/s-4047KiB/s (4144kB/s-4144kB/s), io=1024MiB (1074MB), run=259107-259107msec

Disk stats (read/write):
  sdf: ios=128742/6, merge=1986/0, ticks=16422693/3741, in_queue=16429053, util=100.00%
