test: (g=0): rw=read, bs=(R) 1024KiB-1024KiB, (W) 1024KiB-1024KiB, (T) 1024KiB-1024KiB, ioengine=libaio, iodepth=64
fio-3.1
Starting 1 process

test: (groupid=0, jobs=1): err= 0: pid=3225: Fri Jul 13 16:38:24 2018
   read: IOPS=210, BW=210MiB/s (220MB/s)(1024MiB/4870msec)
    slat (usec): min=37, max=42280, avg=4606.01, stdev=12113.16
    clat (msec): min=151, max=452, avg=297.03, stdev=29.42
     lat (msec): min=167, max=453, avg=301.63, stdev=27.24
    clat percentiles (msec):
     |  1.00th=[  188],  5.00th=[  262], 10.00th=[  266], 20.00th=[  300],
     | 30.00th=[  300], 40.00th=[  300], 50.00th=[  300], 60.00th=[  305],
     | 70.00th=[  309], 80.00th=[  309], 90.00th=[  309], 95.00th=[  309],
     | 99.00th=[  414], 99.50th=[  451], 99.90th=[  451], 99.95th=[  451],
     | 99.99th=[  451]
   bw (  KiB/s): min=147456, max=229376, per=97.23%, avg=209351.11, stdev=24270.70, samples=9
   iops        : min=  144, max=  224, avg=204.44, stdev=23.70, samples=9
  lat (msec)   : 250=4.00%, 500=96.00%
  cpu          : usr=0.06%, sys=2.38%, ctx=156, majf=0, minf=575
  IO depths    : 1=0.1%, 2=0.2%, 4=0.4%, 8=0.8%, 16=1.6%, 32=3.1%, >=64=93.8%
     submit    : 0=0.0%, 4=100.0%, 8=0.0%, 16=0.0%, 32=0.0%, 64=0.0%, >=64=0.0%
     complete  : 0=0.0%, 4=99.9%, 8=0.0%, 16=0.0%, 32=0.0%, 64=0.1%, >=64=0.0%
     issued rwt: total=1024,0,0, short=0,0,0, dropped=0,0,0
     latency   : target=0, window=0, percentile=100.00%, depth=64

Run status group 0 (all jobs):
   READ: bw=210MiB/s (220MB/s), 210MiB/s-210MiB/s (220MB/s-220MB/s), io=1024MiB (1074MB), run=4870-4870msec

Disk stats (read/write):
  sdk: ios=3902/0, merge=0/0, ticks=651163/0, in_queue=663066, util=97.93%
