test: (g=0): rw=randwrite, bs=(R) 64.0KiB-64.0KiB, (W) 64.0KiB-64.0KiB, (T) 64.0KiB-64.0KiB, ioengine=libaio, iodepth=64
fio-3.1
Starting 1 process

test: (groupid=0, jobs=1): err= 0: pid=21656: Fri Aug 17 16:51:40 2018
  write: IOPS=7179, BW=449MiB/s (471MB/s)(1024MiB/2282msec)
    slat (nsec): min=4519, max=77454, avg=12147.43, stdev=6256.19
    clat (usec): min=626, max=17073, avg=8898.24, stdev=929.22
     lat (usec): min=635, max=17079, avg=8910.47, stdev=929.10
    clat percentiles (usec):
     |  1.00th=[ 8225],  5.00th=[ 8455], 10.00th=[ 8455], 20.00th=[ 8586],
     | 30.00th=[ 8717], 40.00th=[ 8717], 50.00th=[ 8717], 60.00th=[ 8848],
     | 70.00th=[ 8848], 80.00th=[ 8979], 90.00th=[ 9241], 95.00th=[ 9503],
     | 99.00th=[14484], 99.50th=[14615], 99.90th=[15008], 99.95th=[16057],
     | 99.99th=[16909]
   bw (  KiB/s): min=452992, max=467072, per=100.00%, avg=461792.00, stdev=6177.13, samples=4
   iops        : min= 7078, max= 7298, avg=7215.50, stdev=96.52, samples=4
  lat (usec)   : 750=0.03%, 1000=0.01%
  lat (msec)   : 2=0.05%, 4=0.10%, 10=96.55%, 20=3.25%
  cpu          : usr=3.02%, sys=12.23%, ctx=16264, majf=0, minf=28
  IO depths    : 1=0.1%, 2=0.1%, 4=0.1%, 8=0.1%, 16=0.1%, 32=0.2%, >=64=99.6%
     submit    : 0=0.0%, 4=100.0%, 8=0.0%, 16=0.0%, 32=0.0%, 64=0.0%, >=64=0.0%
     complete  : 0=0.0%, 4=100.0%, 8=0.0%, 16=0.0%, 32=0.0%, 64=0.1%, >=64=0.0%
     issued rwt: total=0,16384,0, short=0,0,0, dropped=0,0,0
     latency   : target=0, window=0, percentile=100.00%, depth=64

Run status group 0 (all jobs):
  WRITE: bw=449MiB/s (471MB/s), 449MiB/s-449MiB/s (471MB/s-471MB/s), io=1024MiB (1074MB), run=2282-2282msec

Disk stats (read/write):
  sda: ios=42/15428, merge=0/0, ticks=22/136498, in_queue=137045, util=95.82%
