test: (g=0): rw=randwrite, bs=(R) 8192B-8192B, (W) 8192B-8192B, (T) 8192B-8192B, ioengine=libaio, iodepth=64
fio-3.1
Starting 1 process

test: (groupid=0, jobs=1): err= 0: pid=21564: Fri Aug 17 16:51:34 2018
  write: IOPS=42.7k, BW=334MiB/s (350MB/s)(1024MiB/3069msec)
    slat (nsec): min=2808, max=97315, avg=4437.25, stdev=1957.37
    clat (usec): min=323, max=7376, avg=1493.15, stdev=237.50
     lat (usec): min=328, max=7380, avg=1497.63, stdev=237.49
    clat percentiles (usec):
     |  1.00th=[ 1385],  5.00th=[ 1418], 10.00th=[ 1434], 20.00th=[ 1450],
     | 30.00th=[ 1467], 40.00th=[ 1467], 50.00th=[ 1483], 60.00th=[ 1483],
     | 70.00th=[ 1500], 80.00th=[ 1516], 90.00th=[ 1549], 95.00th=[ 1565],
     | 99.00th=[ 1614], 99.50th=[ 1663], 99.90th=[ 6652], 99.95th=[ 7046],
     | 99.99th=[ 7373]
   bw (  KiB/s): min=335712, max=345344, per=99.99%, avg=341639.67, stdev=4342.26, samples=6
   iops        : min=41964, max=43168, avg=42704.83, stdev=542.96, samples=6
  lat (usec)   : 500=0.02%, 750=0.01%, 1000=0.01%
  lat (msec)   : 2=99.73%, 4=0.04%, 10=0.20%
  cpu          : usr=6.06%, sys=29.89%, ctx=123074, majf=0, minf=28
  IO depths    : 1=0.1%, 2=0.1%, 4=0.1%, 8=0.1%, 16=0.1%, 32=0.1%, >=64=100.0%
     submit    : 0=0.0%, 4=100.0%, 8=0.0%, 16=0.0%, 32=0.0%, 64=0.0%, >=64=0.0%
     complete  : 0=0.0%, 4=100.0%, 8=0.0%, 16=0.0%, 32=0.0%, 64=0.1%, >=64=0.0%
     issued rwt: total=0,131072,0, short=0,0,0, dropped=0,0,0
     latency   : target=0, window=0, percentile=100.00%, depth=64

Run status group 0 (all jobs):
  WRITE: bw=334MiB/s (350MB/s), 334MiB/s-334MiB/s (350MB/s-350MB/s), io=1024MiB (1074MB), run=3069-3069msec

Disk stats (read/write):
  sda: ios=42/123745, merge=0/0, ticks=12/184546, in_queue=184604, util=96.90%
