test: (g=0): rw=randwrite, bs=(R) 64.0KiB-64.0KiB, (W) 64.0KiB-64.0KiB, (T) 64.0KiB-64.0KiB, ioengine=libaio, iodepth=64
fio-3.1
Starting 1 process

test: (groupid=0, jobs=1): err= 0: pid=23582: Sun Jul 15 01:52:59 2018
  write: IOPS=7515, BW=470MiB/s (493MB/s)(1024MiB/2180msec)
    slat (nsec): min=4252, max=71045, avg=12025.45, stdev=6275.60
    clat (usec): min=657, max=36291, avg=8497.14, stdev=2821.79
     lat (usec): min=665, max=36297, avg=8509.28, stdev=2821.70
    clat percentiles (usec):
     |  1.00th=[ 4686],  5.00th=[ 5014], 10.00th=[ 5407], 20.00th=[ 6128],
     | 30.00th=[ 6849], 40.00th=[ 7504], 50.00th=[ 8225], 60.00th=[ 8848],
     | 70.00th=[ 9634], 80.00th=[10421], 90.00th=[11338], 95.00th=[12387],
     | 99.00th=[18744], 99.50th=[22414], 99.90th=[29230], 99.95th=[31327],
     | 99.99th=[34866]
   bw (  KiB/s): min=471808, max=484480, per=99.96%, avg=480800.00, stdev=6028.58, samples=4
   iops        : min= 7372, max= 7570, avg=7512.50, stdev=94.20, samples=4
  lat (usec)   : 750=0.03%, 1000=0.01%
  lat (msec)   : 2=0.05%, 4=0.10%, 10=74.58%, 20=24.47%, 50=0.76%
  cpu          : usr=4.36%, sys=14.27%, ctx=15694, majf=0, minf=27
  IO depths    : 1=0.1%, 2=0.1%, 4=0.1%, 8=0.1%, 16=0.1%, 32=0.2%, >=64=99.6%
     submit    : 0=0.0%, 4=100.0%, 8=0.0%, 16=0.0%, 32=0.0%, 64=0.0%, >=64=0.0%
     complete  : 0=0.0%, 4=100.0%, 8=0.0%, 16=0.0%, 32=0.0%, 64=0.1%, >=64=0.0%
     issued rwt: total=0,16384,0, short=0,0,0, dropped=0,0,0
     latency   : target=0, window=0, percentile=100.00%, depth=64

Run status group 0 (all jobs):
  WRITE: bw=470MiB/s (493MB/s), 470MiB/s-470MiB/s (493MB/s-493MB/s), io=1024MiB (1074MB), run=2180-2180msec

Disk stats (read/write):
  sdb: ios=0/15523, merge=0/597, ticks=0/131878, in_queue=132114, util=95.46%
