test: (g=0): rw=randread, bs=(R) 4096B-4096B, (W) 4096B-4096B, (T) 4096B-4096B, ioengine=libaio, iodepth=64
fio-3.1
Starting 1 process

test: (groupid=0, jobs=1): err= 0: pid=25124: Fri Aug 17 18:32:08 2018
   read: IOPS=541, BW=2167KiB/s (2219kB/s)(1024MiB/483809msec)
    slat (nsec): min=2543, max=66925, avg=19237.61, stdev=8010.41
    clat (usec): min=11, max=2307.2k, avg=118092.47, stdev=110556.41
     lat (usec): min=28, max=2307.2k, avg=118112.18, stdev=110557.01
    clat percentiles (usec):
     |  1.00th=[     30],  5.00th=[     46], 10.00th=[  55837],
     | 20.00th=[  67634], 30.00th=[  73925], 40.00th=[  81265],
     | 50.00th=[  91751], 60.00th=[ 104334], 70.00th=[ 124257],
     | 80.00th=[ 154141], 90.00th=[ 212861], 95.00th=[ 278922],
     | 99.00th=[ 505414], 99.50th=[ 742392], 99.90th=[1468007],
     | 99.95th=[1619002], 99.99th=[1736442]
   bw (  KiB/s): min=    8, max=24520, per=98.36%, avg=2131.48, stdev=1315.08, samples=967
   iops        : min=    2, max= 6130, avg=532.87, stdev=328.77, samples=967
  lat (usec)   : 20=0.01%, 50=5.78%, 100=1.81%, 250=0.23%, 500=0.01%
  lat (usec)   : 750=0.01%, 1000=0.01%
  lat (msec)   : 2=0.01%, 4=0.02%, 10=0.05%, 20=0.13%, 50=1.27%
  lat (msec)   : 100=47.55%, 250=36.54%, 500=5.58%, 750=0.54%, 1000=0.22%
  lat (msec)   : 2000=0.27%, >=2000=0.01%
  cpu          : usr=0.58%, sys=1.67%, ctx=257250, majf=0, minf=95
  IO depths    : 1=0.1%, 2=0.1%, 4=0.1%, 8=0.1%, 16=0.1%, 32=0.1%, >=64=100.0%
     submit    : 0=0.0%, 4=100.0%, 8=0.0%, 16=0.0%, 32=0.0%, 64=0.0%, >=64=0.0%
     complete  : 0=0.0%, 4=100.0%, 8=0.0%, 16=0.0%, 32=0.0%, 64=0.1%, >=64=0.0%
     issued rwt: total=262144,0,0, short=0,0,0, dropped=0,0,0
     latency   : target=0, window=0, percentile=100.00%, depth=64

Run status group 0 (all jobs):
   READ: bw=2167KiB/s (2219kB/s), 2167KiB/s-2167KiB/s (2219kB/s-2219kB/s), io=1024MiB (1074MB), run=483809-483809msec

Disk stats (read/write):
  sdh: ios=258755/0, merge=0/0, ticks=30951281/0, in_queue=30952065, util=100.00%
