test: (g=0): rw=randwrite, bs=(R) 4096B-4096B, (W) 4096B-4096B, (T) 4096B-4096B, ioengine=libaio, iodepth=64
fio-3.1
Starting 1 process

test: (groupid=0, jobs=1): err= 0: pid=2097: Fri Jul 13 15:48:35 2018
  write: IOPS=405, BW=1620KiB/s (1659kB/s)(1024MiB/647137msec)
    slat (nsec): min=1960, max=63292, avg=17791.74, stdev=7636.77
    clat (usec): min=240, max=1235.1k, avg=157965.69, stdev=109891.39
     lat (usec): min=264, max=1235.1k, avg=157983.89, stdev=109893.01
    clat percentiles (msec):
     |  1.00th=[   12],  5.00th=[   19], 10.00th=[   26], 20.00th=[   73],
     | 30.00th=[  102], 40.00th=[  123], 50.00th=[  142], 60.00th=[  163],
     | 70.00th=[  188], 80.00th=[  220], 90.00th=[  300], 95.00th=[  384],
     | 99.00th=[  514], 99.50th=[  567], 99.90th=[  743], 99.95th=[  802],
     | 99.99th=[  953]
   bw (  KiB/s): min=  200, max= 8224, per=100.00%, avg=1620.00, stdev=509.58, samples=1293
   iops        : min=   50, max= 2056, avg=404.99, stdev=127.39, samples=1293
  lat (usec)   : 250=0.01%, 500=0.01%, 1000=0.01%
  lat (msec)   : 2=0.01%, 4=0.04%, 10=0.46%, 20=5.56%, 50=10.10%
  lat (msec)   : 100=13.27%, 250=56.42%, 500=12.94%, 750=1.12%, 1000=0.08%
  lat (msec)   : 2000=0.01%
  cpu          : usr=0.51%, sys=1.33%, ctx=259375, majf=0, minf=28
  IO depths    : 1=0.1%, 2=0.1%, 4=0.1%, 8=0.1%, 16=0.1%, 32=0.1%, >=64=100.0%
     submit    : 0=0.0%, 4=100.0%, 8=0.0%, 16=0.0%, 32=0.0%, 64=0.0%, >=64=0.0%
     complete  : 0=0.0%, 4=100.0%, 8=0.0%, 16=0.0%, 32=0.0%, 64=0.1%, >=64=0.0%
     issued rwt: total=0,262144,0, short=0,0,0, dropped=0,0,0
     latency   : target=0, window=0, percentile=100.00%, depth=64

Run status group 0 (all jobs):
  WRITE: bw=1620KiB/s (1659kB/s), 1620KiB/s-1620KiB/s (1659kB/s-1659kB/s), io=1024MiB (1074MB), run=647137-647137msec

Disk stats (read/write):
  sdi: ios=43/259313, merge=0/2644, ticks=17564/41168224, in_queue=41188243, util=100.00%
