test: (g=0): rw=randwrite, bs=(R) 8192B-8192B, (W) 8192B-8192B, (T) 8192B-8192B, ioengine=libaio, iodepth=64
fio-3.1
Starting 1 process

test: (groupid=0, jobs=1): err= 0: pid=15707: Sun Jul 15 01:51:19 2018
  write: IOPS=25.8k, BW=201MiB/s (211MB/s)(1024MiB/5082msec)
    slat (nsec): min=2502, max=66212, avg=4755.21, stdev=2303.47
    clat (usec): min=357, max=14781, avg=2475.13, stdev=1138.57
     lat (usec): min=362, max=14785, avg=2479.95, stdev=1138.57
    clat percentiles (usec):
     |  1.00th=[  963],  5.00th=[ 1139], 10.00th=[ 1287], 20.00th=[ 1549],
     | 30.00th=[ 1811], 40.00th=[ 2057], 50.00th=[ 2311], 60.00th=[ 2540],
     | 70.00th=[ 2868], 80.00th=[ 3195], 90.00th=[ 3720], 95.00th=[ 4359],
     | 99.00th=[ 6652], 99.50th=[ 8029], 99.90th=[10290], 99.95th=[10945],
     | 99.99th=[12649]
   bw (  KiB/s): min=186240, max=212192, per=100.00%, avg=206425.60, stdev=7603.43, samples=10
   iops        : min=23280, max=26524, avg=25803.20, stdev=950.43, samples=10
  lat (usec)   : 500=0.01%, 750=0.03%, 1000=1.62%
  lat (msec)   : 2=35.96%, 4=55.37%, 10=6.88%, 20=0.14%
  cpu          : usr=6.12%, sys=22.91%, ctx=118884, majf=0, minf=28
  IO depths    : 1=0.1%, 2=0.1%, 4=0.1%, 8=0.1%, 16=0.1%, 32=0.1%, >=64=100.0%
     submit    : 0=0.0%, 4=100.0%, 8=0.0%, 16=0.0%, 32=0.0%, 64=0.0%, >=64=0.0%
     complete  : 0=0.0%, 4=100.0%, 8=0.0%, 16=0.0%, 32=0.0%, 64=0.1%, >=64=0.0%
     issued rwt: total=0,131072,0, short=0,0,0, dropped=0,0,0
     latency   : target=0, window=0, percentile=100.00%, depth=64

Run status group 0 (all jobs):
  WRITE: bw=201MiB/s (211MB/s), 201MiB/s-201MiB/s (211MB/s-211MB/s), io=1024MiB (1074MB), run=5082-5082msec

Disk stats (read/write):
  sda: ios=0/125597, merge=0/1147, ticks=0/309367, in_queue=309382, util=98.02%
