test: (g=0): rw=randwrite, bs=(R) 4096B-4096B, (W) 4096B-4096B, (T) 4096B-4096B, ioengine=libaio, iodepth=64
fio-3.1
Starting 1 process

test: (groupid=0, jobs=1): err= 0: pid=3809: Tue Jul 24 14:44:48 2018
  write: IOPS=30.5k, BW=119MiB/s (125MB/s)(1024MiB/8590msec)
    slat (nsec): min=3557, max=57775, avg=6439.49, stdev=2897.32
    clat (usec): min=379, max=36008, avg=2089.80, stdev=1681.87
     lat (usec): min=386, max=36026, avg=2096.30, stdev=1682.08
    clat percentiles (usec):
     |  1.00th=[ 1106],  5.00th=[ 1188], 10.00th=[ 1270], 20.00th=[ 1401],
     | 30.00th=[ 1467], 40.00th=[ 1516], 50.00th=[ 1598], 60.00th=[ 1745],
     | 70.00th=[ 1958], 80.00th=[ 2278], 90.00th=[ 3064], 95.00th=[ 4359],
     | 99.00th=[ 9634], 99.50th=[12911], 99.90th=[20317], 99.95th=[23987],
     | 99.99th=[30540]
   bw (  KiB/s): min=28536, max=156056, per=100.00%, avg=123212.24, stdev=40552.06, samples=17
   iops        : min= 7134, max=39014, avg=30803.06, stdev=10138.02, samples=17
  lat (usec)   : 500=0.01%, 750=0.01%, 1000=0.02%
  lat (msec)   : 2=71.33%, 4=22.86%, 10=4.81%, 20=0.85%, 50=0.11%
  cpu          : usr=4.51%, sys=24.90%, ctx=157130, majf=0, minf=28
  IO depths    : 1=0.1%, 2=0.1%, 4=0.1%, 8=0.1%, 16=0.1%, 32=0.1%, >=64=100.0%
     submit    : 0=0.0%, 4=100.0%, 8=0.0%, 16=0.0%, 32=0.0%, 64=0.0%, >=64=0.0%
     complete  : 0=0.0%, 4=100.0%, 8=0.0%, 16=0.0%, 32=0.0%, 64=0.1%, >=64=0.0%
     issued rwt: total=0,262144,0, short=0,0,0, dropped=0,0,0
     latency   : target=0, window=0, percentile=100.00%, depth=64

Run status group 0 (all jobs):
  WRITE: bw=119MiB/s (125MB/s), 119MiB/s-119MiB/s (125MB/s-125MB/s), io=1024MiB (1074MB), run=8590-8590msec

Disk stats (read/write):
  sdb: ios=0/261169, merge=0/0, ticks=0/534635, in_queue=534760, util=98.86%
