test: (g=0): rw=write, bs=(R) 64.0KiB-64.0KiB, (W) 64.0KiB-64.0KiB, (T) 64.0KiB-64.0KiB, ioengine=libaio, iodepth=64
fio-3.1
Starting 1 process
test: Laying out IO file (1 file / 1024MiB)

test: (groupid=0, jobs=1): err= 0: pid=3541: Tue Jul 24 14:44:22 2018
  write: IOPS=1713, BW=107MiB/s (112MB/s)(1024MiB/9559msec)
    slat (usec): min=8, max=175, avg=24.36, stdev=10.76
    clat (usec): min=929, max=75543, avg=37304.79, stdev=5076.28
     lat (usec): min=941, max=75566, avg=37329.35, stdev=5076.42
    clat percentiles (usec):
     |  1.00th=[26608],  5.00th=[30540], 10.00th=[31589], 20.00th=[33424],
     | 30.00th=[34866], 40.00th=[35914], 50.00th=[36963], 60.00th=[38011],
     | 70.00th=[39584], 80.00th=[41157], 90.00th=[43254], 95.00th=[45351],
     | 99.00th=[51119], 99.50th=[52691], 99.90th=[63177], 99.95th=[69731],
     | 99.99th=[74974]
   bw (  KiB/s): min=105472, max=115840, per=99.99%, avg=109682.53, stdev=2380.13, samples=19
   iops        : min= 1648, max= 1810, avg=1713.79, stdev=37.19, samples=19
  lat (usec)   : 1000=0.03%
  lat (msec)   : 2=0.04%, 10=0.04%, 20=0.56%, 50=98.02%, 100=1.31%
  cpu          : usr=1.14%, sys=5.34%, ctx=16324, majf=0, minf=27
  IO depths    : 1=0.1%, 2=0.1%, 4=0.1%, 8=0.1%, 16=0.1%, 32=0.2%, >=64=99.6%
     submit    : 0=0.0%, 4=100.0%, 8=0.0%, 16=0.0%, 32=0.0%, 64=0.0%, >=64=0.0%
     complete  : 0=0.0%, 4=100.0%, 8=0.0%, 16=0.0%, 32=0.0%, 64=0.1%, >=64=0.0%
     issued rwt: total=0,16384,0, short=0,0,0, dropped=0,0,0
     latency   : target=0, window=0, percentile=100.00%, depth=64

Run status group 0 (all jobs):
  WRITE: bw=107MiB/s (112MB/s), 107MiB/s-107MiB/s (112MB/s-112MB/s), io=1024MiB (1074MB), run=9559-9559msec

Disk stats (read/write):
  sdb: ios=0/16087, merge=0/0, ticks=0/599152, in_queue=600528, util=98.99%
