test: (g=0): rw=randwrite, bs=(R) 8192B-8192B, (W) 8192B-8192B, (T) 8192B-8192B, ioengine=libaio, iodepth=64
fio-3.1
Starting 1 process

test: (groupid=0, jobs=1): err= 0: pid=11207: Thu Jul 12 14:22:33 2018
  write: IOPS=1065, BW=8522KiB/s (8726kB/s)(1024MiB/123046msec)
    slat (nsec): min=1894, max=102951, avg=13397.02, stdev=9044.77
    clat (msec): min=3, max=391, avg=60.06, stdev=29.55
     lat (msec): min=3, max=391, avg=60.08, stdev=29.55
    clat percentiles (msec):
     |  1.00th=[   10],  5.00th=[   19], 10.00th=[   28], 20.00th=[   38],
     | 30.00th=[   45], 40.00th=[   52], 50.00th=[   57], 60.00th=[   64],
     | 70.00th=[   71], 80.00th=[   80], 90.00th=[   92], 95.00th=[  107],
     | 99.00th=[  174], 99.50th=[  197], 99.90th=[  241], 99.95th=[  255],
     | 99.99th=[  305]
   bw (  KiB/s): min= 5840, max=13776, per=99.99%, avg=8520.15, stdev=1033.53, samples=246
   iops        : min=  730, max= 1722, avg=1065.00, stdev=129.19, samples=246
  lat (msec)   : 4=0.01%, 10=1.42%, 20=4.20%, 50=32.66%, 100=54.97%
  lat (msec)   : 250=6.68%, 500=0.06%
  cpu          : usr=0.84%, sys=2.47%, ctx=89878, majf=0, minf=328
  IO depths    : 1=0.1%, 2=0.1%, 4=0.1%, 8=0.1%, 16=0.1%, 32=0.1%, >=64=100.0%
     submit    : 0=0.0%, 4=100.0%, 8=0.0%, 16=0.0%, 32=0.0%, 64=0.0%, >=64=0.0%
     complete  : 0=0.0%, 4=100.0%, 8=0.0%, 16=0.0%, 32=0.0%, 64=0.1%, >=64=0.0%
     issued rwt: total=0,131072,0, short=0,0,0, dropped=0,0,0
     latency   : target=0, window=0, percentile=100.00%, depth=64

Run status group 0 (all jobs):
  WRITE: bw=8522KiB/s (8726kB/s), 8522KiB/s-8522KiB/s (8726kB/s-8726kB/s), io=1024MiB (1074MB), run=123046-123046msec

Disk stats (read/write):
  sde: ios=33/128832, merge=0/1969, ticks=1175/7769560, in_queue=7771866, util=100.00%
