test: (g=0): rw=randread, bs=(R) 4096B-4096B, (W) 4096B-4096B, (T) 4096B-4096B, ioengine=libaio, iodepth=64
fio-3.1
Starting 1 process

test: (groupid=0, jobs=1): err= 0: pid=79621: Mon Jul 30 15:53:15 2018
   read: IOPS=73.2k, BW=286MiB/s (300MB/s)(10.0GiB/35797msec)
    slat (usec): min=2, max=605, avg= 4.89, stdev= 3.66
    clat (usec): min=144, max=10272, avg=867.95, stdev=380.70
     lat (usec): min=152, max=10275, avg=872.96, stdev=380.16
    clat percentiles (usec):
     |  1.00th=[  247],  5.00th=[  326], 10.00th=[  383], 20.00th=[  474],
     | 30.00th=[  578], 40.00th=[  701], 50.00th=[  848], 60.00th=[ 1004],
     | 70.00th=[ 1139], 80.00th=[ 1254], 90.00th=[ 1369], 95.00th=[ 1450],
     | 99.00th=[ 1614], 99.50th=[ 1680], 99.90th=[ 1893], 99.95th=[ 2089],
     | 99.99th=[ 3294]
   bw (  KiB/s): min=281776, max=302040, per=100.00%, avg=292938.62, stdev=4538.05, samples=71
   iops        : min=70444, max=75510, avg=73234.61, stdev=1134.54, samples=71
  lat (usec)   : 250=1.09%, 500=21.64%, 750=20.57%, 1000=16.22%
  lat (msec)   : 2=40.42%, 4=0.06%, 10=0.01%, 20=0.01%
  cpu          : usr=12.53%, sys=42.33%, ctx=350927, majf=0, minf=95
  IO depths    : 1=0.1%, 2=0.1%, 4=0.1%, 8=0.1%, 16=0.1%, 32=0.1%, >=64=100.0%
     submit    : 0=0.0%, 4=100.0%, 8=0.0%, 16=0.0%, 32=0.0%, 64=0.0%, >=64=0.0%
     complete  : 0=0.0%, 4=100.0%, 8=0.0%, 16=0.0%, 32=0.0%, 64=0.1%, >=64=0.0%
     issued rwt: total=2621440,0,0, short=0,0,0, dropped=0,0,0
     latency   : target=0, window=0, percentile=100.00%, depth=64

Run status group 0 (all jobs):
   READ: bw=286MiB/s (300MB/s), 286MiB/s-286MiB/s (300MB/s-300MB/s), io=10.0GiB (10.7GB), run=35797-35797msec

Disk stats (read/write):
  rbd0: ios=2609901/1, merge=0/0, ticks=2176981/2, in_queue=2191317, util=100.00%
