test: (g=0): rw=read, bs=(R) 64.0KiB-64.0KiB, (W) 64.0KiB-64.0KiB, (T) 64.0KiB-64.0KiB, ioengine=libaio, iodepth=64
fio-3.1
Starting 1 process

test: (groupid=0, jobs=1): err= 0: pid=15913: Sun Jul 15 01:52:37 2018
   read: IOPS=8299, BW=519MiB/s (544MB/s)(1024MiB/1974msec)
    slat (usec): min=2, max=708, avg= 9.34, stdev= 7.67
    clat (usec): min=1848, max=19609, avg=7692.01, stdev=643.96
     lat (usec): min=1886, max=19618, avg=7701.42, stdev=643.47
    clat percentiles (usec):
     |  1.00th=[ 7177],  5.00th=[ 7373], 10.00th=[ 7373], 20.00th=[ 7373],
     | 30.00th=[ 7439], 40.00th=[ 7439], 50.00th=[ 7570], 60.00th=[ 7767],
     | 70.00th=[ 7832], 80.00th=[ 7898], 90.00th=[ 8029], 95.00th=[ 8094],
     | 99.00th=[ 9110], 99.50th=[ 9765], 99.90th=[17695], 99.95th=[18744],
     | 99.99th=[19268]
   bw (  KiB/s): min=525824, max=536064, per=100.00%, avg=531413.33, stdev=5184.13, samples=3
   iops        : min= 8218, max= 8376, avg=8304.00, stdev=79.92, samples=3
  lat (msec)   : 2=0.02%, 4=0.05%, 10=99.51%, 20=0.42%
  cpu          : usr=1.42%, sys=13.43%, ctx=8676, majf=0, minf=545
  IO depths    : 1=0.1%, 2=0.1%, 4=0.1%, 8=0.1%, 16=0.1%, 32=0.2%, >=64=99.6%
     submit    : 0=0.0%, 4=100.0%, 8=0.0%, 16=0.0%, 32=0.0%, 64=0.0%, >=64=0.0%
     complete  : 0=0.0%, 4=100.0%, 8=0.0%, 16=0.0%, 32=0.0%, 64=0.1%, >=64=0.0%
     issued rwt: total=16384,0,0, short=0,0,0, dropped=0,0,0
     latency   : target=0, window=0, percentile=100.00%, depth=64

Run status group 0 (all jobs):
   READ: bw=519MiB/s (544MB/s), 519MiB/s-519MiB/s (544MB/s-544MB/s), io=1024MiB (1074MB), run=1974-1974msec

Disk stats (read/write):
  sdb: ios=8401/0, merge=7420/0, ticks=64146/0, in_queue=64260, util=94.99%
