test: (g=0): rw=randread, bs=(R) 4096B-4096B, (W) 4096B-4096B, (T) 4096B-4096B, ioengine=libaio, iodepth=64
fio-3.1
Starting 1 process

test: (groupid=0, jobs=1): err= 0: pid=14205: Mon Jul 23 19:54:14 2018
   read: IOPS=528, BW=2116KiB/s (2167kB/s)(1024MiB/495574msec)
    slat (nsec): min=3598, max=64470, avg=16587.20, stdev=7282.96
    clat (msec): min=3, max=1073, avg=120.97, stdev=76.05
     lat (msec): min=3, max=1073, avg=120.99, stdev=76.05
    clat percentiles (msec):
     |  1.00th=[   29],  5.00th=[   57], 10.00th=[   64], 20.00th=[   71],
     | 30.00th=[   78], 40.00th=[   86], 50.00th=[   95], 60.00th=[  110],
     | 70.00th=[  129], 80.00th=[  159], 90.00th=[  215], 95.00th=[  275],
     | 99.00th=[  414], 99.50th=[  477], 99.90th=[  617], 99.95th=[  676],
     | 99.99th=[  835]
   bw (  KiB/s): min= 1000, max= 7488, per=100.00%, avg=2115.12, stdev=417.53, samples=991
   iops        : min=  250, max= 1872, avg=528.78, stdev=104.38, samples=991
  lat (msec)   : 4=0.01%, 10=0.04%, 20=0.36%, 50=3.05%, 100=50.34%
  lat (msec)   : 250=39.66%, 500=6.17%, 750=0.35%, 1000=0.02%, 2000=0.01%
  cpu          : usr=0.53%, sys=1.46%, ctx=260549, majf=0, minf=95
  IO depths    : 1=0.1%, 2=0.1%, 4=0.1%, 8=0.1%, 16=0.1%, 32=0.1%, >=64=100.0%
     submit    : 0=0.0%, 4=100.0%, 8=0.0%, 16=0.0%, 32=0.0%, 64=0.0%, >=64=0.0%
     complete  : 0=0.0%, 4=100.0%, 8=0.0%, 16=0.0%, 32=0.0%, 64=0.1%, >=64=0.0%
     issued rwt: total=262144,0,0, short=0,0,0, dropped=0,0,0
     latency   : target=0, window=0, percentile=100.00%, depth=64

Run status group 0 (all jobs):
   READ: bw=2116KiB/s (2167kB/s), 2116KiB/s-2116KiB/s (2167kB/s-2167kB/s), io=1024MiB (1074MB), run=495574-495574msec

Disk stats (read/write):
  sdh: ios=262143/0, merge=0/0, ticks=31711523/0, in_queue=31711409, util=100.00%
