test: (g=0): rw=randread, bs=(R) 8192B-8192B, (W) 8192B-8192B, (T) 8192B-8192B, ioengine=libaio, iodepth=64
fio-3.1
Starting 1 process

test: (groupid=0, jobs=1): err= 0: pid=14299: Mon Jul 23 20:03:54 2018
   read: IOPS=525, BW=4203KiB/s (4304kB/s)(1024MiB/249482msec)
    slat (usec): min=4, max=527, avg=20.85, stdev= 7.64
    clat (msec): min=7, max=993, avg=121.79, stdev=76.88
     lat (msec): min=7, max=993, avg=121.81, stdev=76.88
    clat percentiles (msec):
     |  1.00th=[   34],  5.00th=[   56], 10.00th=[   64], 20.00th=[   71],
     | 30.00th=[   79], 40.00th=[   86], 50.00th=[   96], 60.00th=[  110],
     | 70.00th=[  130], 80.00th=[  161], 90.00th=[  215], 95.00th=[  275],
     | 99.00th=[  422], 99.50th=[  481], 99.90th=[  625], 99.95th=[  693],
     | 99.99th=[  844]
   bw (  KiB/s): min= 1200, max= 9040, per=99.65%, avg=4188.40, stdev=691.42, samples=498
   iops        : min=  150, max= 1130, avg=523.55, stdev=86.43, samples=498
  lat (msec)   : 10=0.01%, 20=0.11%, 50=3.56%, 100=49.73%, 250=39.90%
  lat (msec)   : 500=6.28%, 750=0.37%, 1000=0.03%
  cpu          : usr=0.61%, sys=1.76%, ctx=130088, majf=0, minf=159
  IO depths    : 1=0.1%, 2=0.1%, 4=0.1%, 8=0.1%, 16=0.1%, 32=0.1%, >=64=100.0%
     submit    : 0=0.0%, 4=100.0%, 8=0.0%, 16=0.0%, 32=0.0%, 64=0.0%, >=64=0.0%
     complete  : 0=0.0%, 4=100.0%, 8=0.0%, 16=0.0%, 32=0.0%, 64=0.1%, >=64=0.0%
     issued rwt: total=131072,0,0, short=0,0,0, dropped=0,0,0
     latency   : target=0, window=0, percentile=100.00%, depth=64

Run status group 0 (all jobs):
   READ: bw=4203KiB/s (4304kB/s), 4203KiB/s-4203KiB/s (4304kB/s-4304kB/s), io=1024MiB (1074MB), run=249482-249482msec

Disk stats (read/write):
  sdh: ios=130917/0, merge=0/0, ticks=15955984/0, in_queue=15958463, util=100.00%
