test: (g=0): rw=write, bs=(R) 64.0KiB-64.0KiB, (W) 64.0KiB-64.0KiB, (T) 64.0KiB-64.0KiB, ioengine=libaio, iodepth=64
fio-3.1
Starting 1 process

test: (groupid=0, jobs=1): err= 0: pid=13882: Mon Jul 23 19:34:18 2018
  write: IOPS=3133, BW=196MiB/s (205MB/s)(1024MiB/5229msec)
    slat (nsec): min=5382, max=61793, avg=23903.83, stdev=8485.99
    clat (usec): min=674, max=38795, avg=20394.75, stdev=2141.34
     lat (usec): min=700, max=38807, avg=20418.91, stdev=2141.62
    clat percentiles (usec):
     |  1.00th=[19268],  5.00th=[19268], 10.00th=[19530], 20.00th=[19530],
     | 30.00th=[19530], 40.00th=[19530], 50.00th=[20055], 60.00th=[20317],
     | 70.00th=[20317], 80.00th=[20579], 90.00th=[20841], 95.00th=[24249],
     | 99.00th=[28443], 99.50th=[28443], 99.90th=[36963], 99.95th=[36963],
     | 99.99th=[38536]
   bw (  KiB/s): min=192256, max=209792, per=99.80%, avg=200128.00, stdev=5916.45, samples=10
   iops        : min= 3004, max= 3278, avg=3127.00, stdev=92.44, samples=10
  lat (usec)   : 750=0.01%
  lat (msec)   : 2=0.01%, 4=0.03%, 10=0.16%, 20=49.82%, 50=49.96%
  cpu          : usr=2.07%, sys=9.49%, ctx=16376, majf=0, minf=28
  IO depths    : 1=0.1%, 2=0.1%, 4=0.1%, 8=0.1%, 16=0.1%, 32=0.2%, >=64=99.6%
     submit    : 0=0.0%, 4=100.0%, 8=0.0%, 16=0.0%, 32=0.0%, 64=0.0%, >=64=0.0%
     complete  : 0=0.0%, 4=100.0%, 8=0.0%, 16=0.0%, 32=0.0%, 64=0.1%, >=64=0.0%
     issued rwt: total=0,16384,0, short=0,0,0, dropped=0,0,0
     latency   : target=0, window=0, percentile=100.00%, depth=64

Run status group 0 (all jobs):
  WRITE: bw=196MiB/s (205MB/s), 196MiB/s-196MiB/s (205MB/s-205MB/s), io=1024MiB (1074MB), run=5229-5229msec

Disk stats (read/write):
  sdh: ios=50/16104, merge=0/0, ticks=5203/328005, in_queue=333867, util=99.98%
