test: (g=0): rw=write, bs=(R) 512KiB-512KiB, (W) 512KiB-512KiB, (T) 512KiB-512KiB, ioengine=libaio, iodepth=64
fio-3.1
Starting 1 process

test: (groupid=0, jobs=1): err= 0: pid=30062: Tue Jul 24 14:44:23 2018
  write: IOPS=508, BW=254MiB/s (266MB/s)(1024MiB/4030msec)
    slat (usec): min=53, max=210, avg=135.89, stdev=39.03
    clat (msec): min=4, max=252, avg=125.66, stdev=18.74
     lat (msec): min=4, max=252, avg=125.79, stdev=18.75
    clat percentiles (msec):
     |  1.00th=[   38],  5.00th=[  118], 10.00th=[  121], 20.00th=[  123],
     | 30.00th=[  124], 40.00th=[  125], 50.00th=[  126], 60.00th=[  127],
     | 70.00th=[  128], 80.00th=[  130], 90.00th=[  133], 95.00th=[  140],
     | 99.00th=[  209], 99.50th=[  232], 99.90th=[  247], 99.95th=[  247],
     | 99.99th=[  253]
   bw (  KiB/s): min=200704, max=269312, per=97.65%, avg=254080.00, stdev=22121.63, samples=8
   iops        : min=  392, max=  526, avg=496.25, stdev=43.21, samples=8
  lat (msec)   : 10=0.20%, 20=0.34%, 50=0.68%, 100=1.32%, 250=97.41%
  lat (msec)   : 500=0.05%
  cpu          : usr=1.94%, sys=5.93%, ctx=2047, majf=0, minf=28
  IO depths    : 1=0.1%, 2=0.1%, 4=0.2%, 8=0.4%, 16=0.8%, 32=1.6%, >=64=96.9%
     submit    : 0=0.0%, 4=100.0%, 8=0.0%, 16=0.0%, 32=0.0%, 64=0.0%, >=64=0.0%
     complete  : 0=0.0%, 4=99.9%, 8=0.0%, 16=0.0%, 32=0.0%, 64=0.1%, >=64=0.0%
     issued rwt: total=0,2048,0, short=0,0,0, dropped=0,0,0
     latency   : target=0, window=0, percentile=100.00%, depth=64

Run status group 0 (all jobs):
  WRITE: bw=254MiB/s (266MB/s), 254MiB/s-254MiB/s (266MB/s-266MB/s), io=1024MiB (1074MB), run=4030-4030msec

Disk stats (read/write):
  sdb: ios=0/3946, merge=0/0, ticks=0/485912, in_queue=494028, util=97.12%
