test: (g=0): rw=randwrite, bs=(R) 8192B-8192B, (W) 8192B-8192B, (T) 8192B-8192B, ioengine=libaio, iodepth=64
fio-3.1
Starting 1 process

test: (groupid=0, jobs=1): err= 0: pid=22132: Fri Aug 17 16:52:10 2018
  write: IOPS=42.7k, BW=334MiB/s (350MB/s)(1024MiB/3070msec)
    slat (nsec): min=2543, max=53084, avg=4319.28, stdev=1613.22
    clat (usec): min=273, max=6769, avg=1493.72, stdev=227.60
     lat (usec): min=279, max=6773, avg=1498.09, stdev=227.60
    clat percentiles (usec):
     |  1.00th=[ 1385],  5.00th=[ 1418], 10.00th=[ 1434], 20.00th=[ 1450],
     | 30.00th=[ 1467], 40.00th=[ 1467], 50.00th=[ 1483], 60.00th=[ 1483],
     | 70.00th=[ 1500], 80.00th=[ 1516], 90.00th=[ 1549], 95.00th=[ 1565],
     | 99.00th=[ 1614], 99.50th=[ 1713], 99.90th=[ 6456], 99.95th=[ 6652],
     | 99.99th=[ 6718]
   bw (  KiB/s): min=335536, max=345568, per=100.00%, avg=341576.00, stdev=3843.34, samples=6
   iops        : min=41942, max=43196, avg=42697.00, stdev=480.42, samples=6
  lat (usec)   : 500=0.02%, 750=0.01%, 1000=0.01%
  lat (msec)   : 2=99.64%, 4=0.13%, 10=0.20%
  cpu          : usr=7.33%, sys=28.41%, ctx=124336, majf=0, minf=29
  IO depths    : 1=0.1%, 2=0.1%, 4=0.1%, 8=0.1%, 16=0.1%, 32=0.1%, >=64=100.0%
     submit    : 0=0.0%, 4=100.0%, 8=0.0%, 16=0.0%, 32=0.0%, 64=0.0%, >=64=0.0%
     complete  : 0=0.0%, 4=100.0%, 8=0.0%, 16=0.0%, 32=0.0%, 64=0.1%, >=64=0.0%
     issued rwt: total=0,131072,0, short=0,0,0, dropped=0,0,0
     latency   : target=0, window=0, percentile=100.00%, depth=64

Run status group 0 (all jobs):
  WRITE: bw=334MiB/s (350MB/s), 334MiB/s-334MiB/s (350MB/s-350MB/s), io=1024MiB (1074MB), run=3070-3070msec

Disk stats (read/write):
  sdb: ios=42/123737, merge=0/0, ticks=16/184547, in_queue=184556, util=96.86%
