test: (g=0): rw=randwrite, bs=(R) 64.0KiB-64.0KiB, (W) 64.0KiB-64.0KiB, (T) 64.0KiB-64.0KiB, ioengine=libaio, iodepth=64
fio-3.1
Starting 1 process

test: (groupid=0, jobs=1): err= 0: pid=22224: Fri Aug 17 16:52:16 2018
  write: IOPS=7281, BW=455MiB/s (477MB/s)(1024MiB/2250msec)
    slat (nsec): min=4919, max=52376, avg=11791.62, stdev=5468.17
    clat (usec): min=505, max=17636, avg=8771.82, stdev=936.72
     lat (usec): min=514, max=17648, avg=8783.69, stdev=936.85
    clat percentiles (usec):
     |  1.00th=[ 8356],  5.00th=[ 8455], 10.00th=[ 8455], 20.00th=[ 8455],
     | 30.00th=[ 8586], 40.00th=[ 8586], 50.00th=[ 8586], 60.00th=[ 8717],
     | 70.00th=[ 8717], 80.00th=[ 8717], 90.00th=[ 8848], 95.00th=[ 9110],
     | 99.00th=[14353], 99.50th=[14877], 99.90th=[15533], 99.95th=[16581],
     | 99.99th=[17433]
   bw (  KiB/s): min=462720, max=473728, per=100.00%, avg=467936.00, stdev=4788.61, samples=4
   iops        : min= 7230, max= 7402, avg=7311.50, stdev=74.82, samples=4
  lat (usec)   : 750=0.03%, 1000=0.01%
  lat (msec)   : 2=0.05%, 4=0.10%, 10=96.32%, 20=3.49%
  cpu          : usr=3.38%, sys=11.87%, ctx=16368, majf=0, minf=28
  IO depths    : 1=0.1%, 2=0.1%, 4=0.1%, 8=0.1%, 16=0.1%, 32=0.2%, >=64=99.6%
     submit    : 0=0.0%, 4=100.0%, 8=0.0%, 16=0.0%, 32=0.0%, 64=0.0%, >=64=0.0%
     complete  : 0=0.0%, 4=100.0%, 8=0.0%, 16=0.0%, 32=0.0%, 64=0.1%, >=64=0.0%
     issued rwt: total=0,16384,0, short=0,0,0, dropped=0,0,0
     latency   : target=0, window=0, percentile=100.00%, depth=64

Run status group 0 (all jobs):
  WRITE: bw=455MiB/s (477MB/s), 455MiB/s-455MiB/s (477MB/s-477MB/s), io=1024MiB (1074MB), run=2250-2250msec

Disk stats (read/write):
  sdb: ios=42/15622, merge=0/0, ticks=16/136698, in_queue=136962, util=96.03%
