test: (g=0): rw=read, bs=(R) 1024KiB-1024KiB, (W) 1024KiB-1024KiB, (T) 1024KiB-1024KiB, ioengine=libaio, iodepth=64
fio-3.1
Starting 1 process

test: (groupid=0, jobs=1): err= 0: pid=13535: Mon Jul 23 19:03:04 2018
   read: IOPS=205, BW=205MiB/s (215MB/s)(1024MiB/4985msec)
    slat (usec): min=45, max=43082, avg=4682.10, stdev=12366.26
    clat (msec): min=131, max=464, avg=304.37, stdev=31.71
     lat (msec): min=132, max=503, avg=309.06, stdev=29.99
    clat percentiles (msec):
     |  1.00th=[  188],  5.00th=[  271], 10.00th=[  275], 20.00th=[  305],
     | 30.00th=[  309], 40.00th=[  309], 50.00th=[  309], 60.00th=[  313],
     | 70.00th=[  313], 80.00th=[  313], 90.00th=[  317], 95.00th=[  317],
     | 99.00th=[  426], 99.50th=[  464], 99.90th=[  464], 99.95th=[  464],
     | 99.99th=[  464]
   bw (  KiB/s): min=151552, max=212992, per=97.15%, avg=204344.89, stdev=20525.46, samples=9
   iops        : min=  148, max=  208, avg=199.56, stdev=20.04, samples=9
  lat (msec)   : 250=4.00%, 500=96.00%
  cpu          : usr=0.00%, sys=2.51%, ctx=162, majf=0, minf=575
  IO depths    : 1=0.1%, 2=0.2%, 4=0.4%, 8=0.8%, 16=1.6%, 32=3.1%, >=64=93.8%
     submit    : 0=0.0%, 4=100.0%, 8=0.0%, 16=0.0%, 32=0.0%, 64=0.0%, >=64=0.0%
     complete  : 0=0.0%, 4=99.9%, 8=0.0%, 16=0.0%, 32=0.0%, 64=0.1%, >=64=0.0%
     issued rwt: total=1024,0,0, short=0,0,0, dropped=0,0,0
     latency   : target=0, window=0, percentile=100.00%, depth=64

Run status group 0 (all jobs):
   READ: bw=205MiB/s (215MB/s), 205MiB/s-205MiB/s (215MB/s-215MB/s), io=1024MiB (1074MB), run=4985-4985msec

Disk stats (read/write):
  sdg: ios=4024/0, merge=0/0, ticks=686910/0, in_queue=696390, util=98.06%
