test: (g=0): rw=write, bs=(R) 1024KiB-1024KiB, (W) 1024KiB-1024KiB, (T) 1024KiB-1024KiB, ioengine=libaio, iodepth=64
fio-3.1
Starting 1 process

test: (groupid=0, jobs=1): err= 0: pid=33675: Tue Jul 24 18:33:46 2018
  write: IOPS=188, BW=189MiB/s (198MB/s)(1024MiB/5423msec)
    slat (usec): min=93, max=286247, avg=5097.04, stdev=16393.44
    clat (msec): min=199, max=551, avg=327.75, stdev=66.15
     lat (msec): min=199, max=551, avg=332.85, stdev=65.23
    clat percentiles (msec):
     |  1.00th=[  239],  5.00th=[  268], 10.00th=[  279], 20.00th=[  300],
     | 30.00th=[  300], 40.00th=[  305], 50.00th=[  305], 60.00th=[  313],
     | 70.00th=[  321], 80.00th=[  330], 90.00th=[  388], 95.00th=[  550],
     | 99.00th=[  550], 99.50th=[  550], 99.90th=[  550], 99.95th=[  550],
     | 99.99th=[  550]
   bw (  KiB/s): min=83968, max=212992, per=96.70%, avg=186982.40, stdev=47237.87, samples=10
   iops        : min=   82, max=  208, avg=182.60, stdev=46.13, samples=10
  lat (msec)   : 250=1.56%, 500=92.29%, 750=6.15%
  cpu          : usr=1.55%, sys=1.95%, ctx=164, majf=0, minf=28
  IO depths    : 1=0.1%, 2=0.2%, 4=0.4%, 8=0.8%, 16=1.6%, 32=3.1%, >=64=93.8%
     submit    : 0=0.0%, 4=100.0%, 8=0.0%, 16=0.0%, 32=0.0%, 64=0.0%, >=64=0.0%
     complete  : 0=0.0%, 4=99.9%, 8=0.0%, 16=0.0%, 32=0.0%, 64=0.1%, >=64=0.0%
     issued rwt: total=0,1024,0, short=0,0,0, dropped=0,0,0
     latency   : target=0, window=0, percentile=100.00%, depth=64

Run status group 0 (all jobs):
  WRITE: bw=189MiB/s (198MB/s), 189MiB/s-189MiB/s (198MB/s-198MB/s), io=1024MiB (1074MB), run=5423-5423msec

Disk stats (read/write):
  sdi: ios=0/4043, merge=0/0, ticks=0/755740, in_queue=763928, util=97.65%
