test: (g=0): rw=randwrite, bs=(R) 64.0KiB-64.0KiB, (W) 64.0KiB-64.0KiB, (T) 64.0KiB-64.0KiB, ioengine=libaio, iodepth=64
fio-3.1
Starting 1 process

test: (groupid=0, jobs=1): err= 0: pid=24630: Sun Jul 15 04:06:05 2018
  write: IOPS=206, BW=12.9MiB/s (13.5MB/s)(1024MiB/79258msec)
    slat (nsec): min=4929, max=66864, avg=25203.48, stdev=10681.42
    clat (usec): min=572, max=2167.0k, avg=309560.13, stdev=252023.62
     lat (usec): min=602, max=2168.0k, avg=309585.71, stdev=252025.20
    clat percentiles (msec):
     |  1.00th=[   10],  5.00th=[   18], 10.00th=[   23], 20.00th=[   44],
     | 30.00th=[  127], 40.00th=[  215], 50.00th=[  284], 60.00th=[  342],
     | 70.00th=[  418], 80.00th=[  498], 90.00th=[  659], 95.00th=[  776],
     | 99.00th=[ 1036], 99.50th=[ 1167], 99.90th=[ 1368], 99.95th=[ 1469],
     | 99.99th=[ 2089]
   bw (  KiB/s): min=  896, max=31488, per=100.00%, avg=13526.49, stdev=6320.19, samples=154
   iops        : min=   14, max=  492, avg=211.34, stdev=98.76, samples=154
  lat (usec)   : 750=0.01%, 1000=0.01%
  lat (msec)   : 2=0.02%, 4=0.12%, 10=1.01%, 20=6.30%, 50=13.46%
  lat (msec)   : 100=5.91%, 250=18.82%, 500=34.45%, 750=13.97%, 1000=4.56%
  lat (msec)   : 2000=1.34%, >=2000=0.01%
  cpu          : usr=0.28%, sys=0.74%, ctx=15717, majf=0, minf=28
  IO depths    : 1=0.1%, 2=0.1%, 4=0.1%, 8=0.1%, 16=0.1%, 32=0.2%, >=64=99.6%
     submit    : 0=0.0%, 4=100.0%, 8=0.0%, 16=0.0%, 32=0.0%, 64=0.0%, >=64=0.0%
     complete  : 0=0.0%, 4=100.0%, 8=0.0%, 16=0.0%, 32=0.0%, 64=0.1%, >=64=0.0%
     issued rwt: total=0,16384,0, short=0,0,0, dropped=0,0,0
     latency   : target=0, window=0, percentile=100.00%, depth=64

Run status group 0 (all jobs):
  WRITE: bw=12.9MiB/s (13.5MB/s), 12.9MiB/s-12.9MiB/s (13.5MB/s-13.5MB/s), io=1024MiB (1074MB), run=79258-79258msec

Disk stats (read/write):
  sdf: ios=0/15695, merge=0/666, ticks=0/4908688, in_queue=4910907, util=99.94%
