test: (g=0): rw=randwrite, bs=(R) 4096B-4096B, (W) 4096B-4096B, (T) 4096B-4096B, ioengine=libaio, iodepth=64
fio-3.1
Starting 1 process

test: (groupid=0, jobs=1): err= 0: pid=20064: Mon Jul 23 22:28:12 2018
  write: IOPS=457, BW=1830KiB/s (1874kB/s)(1024MiB/573032msec)
    slat (nsec): min=2852, max=69652, avg=20642.65, stdev=6380.92
    clat (usec): min=283, max=859720, avg=139872.78, stdev=54251.53
     lat (usec): min=305, max=859758, avg=139893.98, stdev=54251.55
    clat percentiles (msec):
     |  1.00th=[   62],  5.00th=[   74], 10.00th=[   84], 20.00th=[   97],
     | 30.00th=[  109], 40.00th=[  122], 50.00th=[  134], 60.00th=[  146],
     | 70.00th=[  161], 80.00th=[  176], 90.00th=[  197], 95.00th=[  218],
     | 99.00th=[  342], 99.50th=[  405], 99.90th=[  558], 99.95th=[  651],
     | 99.99th=[  793]
   bw (  KiB/s): min=    8, max= 2704, per=100.00%, avg=1829.46, stdev=158.01, samples=1146
   iops        : min=    2, max=  676, avg=457.36, stdev=39.50, samples=1146
  lat (usec)   : 500=0.01%, 1000=0.01%
  lat (msec)   : 2=0.01%, 4=0.01%, 10=0.01%, 20=0.05%, 50=0.13%
  lat (msec)   : 100=22.50%, 250=74.87%, 500=2.25%, 750=0.16%, 1000=0.02%
  cpu          : usr=0.60%, sys=1.57%, ctx=262146, majf=0, minf=389
  IO depths    : 1=0.1%, 2=0.1%, 4=0.1%, 8=0.1%, 16=0.1%, 32=0.1%, >=64=100.0%
     submit    : 0=0.0%, 4=100.0%, 8=0.0%, 16=0.0%, 32=0.0%, 64=0.0%, >=64=0.0%
     complete  : 0=0.0%, 4=100.0%, 8=0.0%, 16=0.0%, 32=0.0%, 64=0.1%, >=64=0.0%
     issued rwt: total=0,262144,0, short=0,0,0, dropped=0,0,0
     latency   : target=0, window=0, percentile=100.00%, depth=64

Run status group 0 (all jobs):
  WRITE: bw=1830KiB/s (1874kB/s), 1830KiB/s-1830KiB/s (1874kB/s-1874kB/s), io=1024MiB (1074MB), run=573032-573032msec

Disk stats (read/write):
  sdn: ios=34/262033, merge=0/0, ticks=4/36648604, in_queue=36652973, util=100.00%
