test: (g=0): rw=read, bs=(R) 64.0KiB-64.0KiB, (W) 64.0KiB-64.0KiB, (T) 64.0KiB-64.0KiB, ioengine=libaio, iodepth=64
fio-3.1
Starting 1 process

test: (groupid=0, jobs=1): err= 0: pid=19834: Mon Jul 23 22:18:17 2018
   read: IOPS=3411, BW=213MiB/s (224MB/s)(1024MiB/4803msec)
    slat (usec): min=5, max=178, avg=13.21, stdev= 6.39
    clat (usec): min=1057, max=38096, avg=18742.68, stdev=1081.83
     lat (usec): min=1105, max=38112, avg=18756.00, stdev=1081.88
    clat percentiles (usec):
     |  1.00th=[18482],  5.00th=[18482], 10.00th=[18482], 20.00th=[18482],
     | 30.00th=[18482], 40.00th=[18482], 50.00th=[18744], 60.00th=[18744],
     | 70.00th=[18744], 80.00th=[19006], 90.00th=[19268], 95.00th=[19268],
     | 99.00th=[20317], 99.50th=[22938], 99.90th=[33424], 99.95th=[35914],
     | 99.99th=[37487]
   bw (  KiB/s): min=212992, max=221184, per=100.00%, avg=218823.11, stdev=2606.07, samples=9
   iops        : min= 3328, max= 3456, avg=3419.11, stdev=40.72, samples=9
  lat (msec)   : 2=0.07%, 4=0.07%, 10=0.04%, 20=98.69%, 50=1.12%
  cpu          : usr=0.96%, sys=6.52%, ctx=16374, majf=0, minf=544
  IO depths    : 1=0.1%, 2=0.1%, 4=0.1%, 8=0.1%, 16=0.1%, 32=0.2%, >=64=99.6%
     submit    : 0=0.0%, 4=100.0%, 8=0.0%, 16=0.0%, 32=0.0%, 64=0.0%, >=64=0.0%
     complete  : 0=0.0%, 4=100.0%, 8=0.0%, 16=0.0%, 32=0.0%, 64=0.1%, >=64=0.0%
     issued rwt: total=16384,0,0, short=0,0,0, dropped=0,0,0
     latency   : target=0, window=0, percentile=100.00%, depth=64

Run status group 0 (all jobs):
   READ: bw=213MiB/s (224MB/s), 213MiB/s-213MiB/s (224MB/s-224MB/s), io=1024MiB (1074MB), run=4803-4803msec

Disk stats (read/write):
  sdn: ios=15859/0, merge=0/0, ticks=296228/0, in_queue=296855, util=97.98%
