test: (g=0): rw=randwrite, bs=(R) 4096B-4096B, (W) 4096B-4096B, (T) 4096B-4096B, ioengine=libaio, iodepth=64
fio-3.1
Starting 1 process

test: (groupid=0, jobs=1): err= 0: pid=31025: Fri Jul 13 18:23:45 2018
  write: IOPS=432, BW=1730KiB/s (1771kB/s)(1024MiB/606270msec)
    slat (nsec): min=1635, max=785050, avg=16146.08, stdev=8196.15
    clat (usec): min=199, max=1094.8k, avg=147992.30, stdev=103145.53
     lat (usec): min=223, max=1094.8k, avg=148008.81, stdev=103146.91
    clat percentiles (msec):
     |  1.00th=[   13],  5.00th=[   21], 10.00th=[   28], 20.00th=[   63],
     | 30.00th=[   93], 40.00th=[  113], 50.00th=[  133], 60.00th=[  155],
     | 70.00th=[  178], 80.00th=[  207], 90.00th=[  284], 95.00th=[  363],
     | 99.00th=[  481], 99.50th=[  527], 99.90th=[  676], 99.95th=[  743],
     | 99.99th=[  894]
   bw (  KiB/s): min=  256, max= 8256, per=99.80%, avg=1725.59, stdev=516.02, samples=1212
   iops        : min=   64, max= 2064, avg=431.39, stdev=129.00, samples=1212
  lat (usec)   : 250=0.01%, 750=0.01%, 1000=0.01%
  lat (msec)   : 2=0.01%, 4=0.04%, 10=0.39%, 20=4.55%, 50=12.95%
  lat (msec)   : 100=15.33%, 250=54.01%, 500=12.01%, 750=0.67%, 1000=0.05%
  lat (msec)   : 2000=0.01%
  cpu          : usr=0.51%, sys=1.36%, ctx=259199, majf=0, minf=299
  IO depths    : 1=0.1%, 2=0.1%, 4=0.1%, 8=0.1%, 16=0.1%, 32=0.1%, >=64=100.0%
     submit    : 0=0.0%, 4=100.0%, 8=0.0%, 16=0.0%, 32=0.0%, 64=0.0%, >=64=0.0%
     complete  : 0=0.0%, 4=100.0%, 8=0.0%, 16=0.0%, 32=0.0%, 64=0.1%, >=64=0.0%
     issued rwt: total=0,262144,0, short=0,0,0, dropped=0,0,0
     latency   : target=0, window=0, percentile=100.00%, depth=64

Run status group 0 (all jobs):
  WRITE: bw=1730KiB/s (1771kB/s), 1730KiB/s-1730KiB/s (1771kB/s-1771kB/s), io=1024MiB (1074MB), run=606270-606270msec

Disk stats (read/write):
  sdn: ios=40/259038, merge=0/2509, ticks=21598/38562116, in_queue=38585126, util=100.00%
