test: (g=0): rw=randwrite, bs=(R) 8192B-8192B, (W) 8192B-8192B, (T) 8192B-8192B, ioengine=libaio, iodepth=64
fio-3.1
Starting 1 process

test: (groupid=0, jobs=1): err= 0: pid=40310: Fri Jul 13 13:58:12 2018
  write: IOPS=442, BW=3541KiB/s (3626kB/s)(1024MiB/296103msec)
    slat (nsec): min=1961, max=87029, avg=18807.95, stdev=8055.95
    clat (usec): min=242, max=1070.2k, avg=144545.70, stdev=105543.30
     lat (usec): min=264, max=1070.2k, avg=144564.92, stdev=105544.98
    clat percentiles (msec):
     |  1.00th=[   12],  5.00th=[   19], 10.00th=[   25], 20.00th=[   55],
     | 30.00th=[   88], 40.00th=[  108], 50.00th=[  128], 60.00th=[  148],
     | 70.00th=[  171], 80.00th=[  205], 90.00th=[  288], 95.00th=[  363],
     | 99.00th=[  485], 99.50th=[  542], 99.90th=[  709], 99.95th=[  760],
     | 99.99th=[  860]
   bw (  KiB/s): min=  256, max=12320, per=99.77%, avg=3532.74, stdev=993.00, samples=592
   iops        : min=   32, max= 1540, avg=441.58, stdev=124.12, samples=592
  lat (usec)   : 250=0.01%, 500=0.01%, 1000=0.01%
  lat (msec)   : 2=0.01%, 4=0.06%, 10=0.56%, 20=5.67%, 50=13.04%
  lat (msec)   : 100=16.78%, 250=50.77%, 500=12.30%, 750=0.76%, 1000=0.06%
  lat (msec)   : 2000=0.01%
  cpu          : usr=0.59%, sys=1.45%, ctx=128981, majf=0, minf=28
  IO depths    : 1=0.1%, 2=0.1%, 4=0.1%, 8=0.1%, 16=0.1%, 32=0.1%, >=64=100.0%
     submit    : 0=0.0%, 4=100.0%, 8=0.0%, 16=0.0%, 32=0.0%, 64=0.0%, >=64=0.0%
     complete  : 0=0.0%, 4=100.0%, 8=0.0%, 16=0.0%, 32=0.0%, 64=0.1%, >=64=0.0%
     issued rwt: total=0,131072,0, short=0,0,0, dropped=0,0,0
     latency   : target=0, window=0, percentile=100.00%, depth=64

Run status group 0 (all jobs):
  WRITE: bw=3541KiB/s (3626kB/s), 3541KiB/s-3541KiB/s (3626kB/s-3626kB/s), io=1024MiB (1074MB), run=296103-296103msec

Disk stats (read/write):
  sde: ios=43/128789, merge=0/1940, ticks=19038/18756959, in_queue=18780536, util=100.00%
