test: (g=0): rw=randread, bs=(R) 64.0KiB-64.0KiB, (W) 64.0KiB-64.0KiB, (T) 64.0KiB-64.0KiB, ioengine=libaio, iodepth=64
fio-3.1
Starting 1 process

test: (groupid=0, jobs=1): err= 0: pid=40466: Fri Jul 13 14:03:45 2018
   read: IOPS=465, BW=29.1MiB/s (30.5MB/s)(1024MiB/35209msec)
    slat (usec): min=3, max=652, avg=22.13, stdev= 9.04
    clat (msec): min=4, max=1131, avg=137.50, stdev=102.50
     lat (msec): min=4, max=1131, avg=137.52, stdev=102.50
    clat percentiles (msec):
     |  1.00th=[   17],  5.00th=[   30], 10.00th=[   42], 20.00th=[   61],
     | 30.00th=[   79], 40.00th=[   95], 50.00th=[  113], 60.00th=[  133],
     | 70.00th=[  157], 80.00th=[  194], 90.00th=[  264], 95.00th=[  338],
     | 99.00th=[  514], 99.50th=[  584], 99.90th=[  810], 99.95th=[  902],
     | 99.99th=[ 1083]
   bw (  KiB/s): min=22701, max=49152, per=99.48%, avg=29627.16, stdev=4171.23, samples=70
   iops        : min=  354, max=  768, avg=462.91, stdev=65.19, samples=70
  lat (msec)   : 10=0.16%, 20=1.70%, 50=12.25%, 100=28.66%, 250=45.89%
  lat (msec)   : 500=10.25%, 750=0.92%, 1000=0.15%, 2000=0.02%
  cpu          : usr=0.63%, sys=1.86%, ctx=15705, majf=0, minf=545
  IO depths    : 1=0.1%, 2=0.1%, 4=0.1%, 8=0.1%, 16=0.1%, 32=0.2%, >=64=99.6%
     submit    : 0=0.0%, 4=100.0%, 8=0.0%, 16=0.0%, 32=0.0%, 64=0.0%, >=64=0.0%
     complete  : 0=0.0%, 4=100.0%, 8=0.0%, 16=0.0%, 32=0.0%, 64=0.1%, >=64=0.0%
     issued rwt: total=16384,0,0, short=0,0,0, dropped=0,0,0
     latency   : target=0, window=0, percentile=100.00%, depth=64

Run status group 0 (all jobs):
   READ: bw=29.1MiB/s (30.5MB/s), 29.1MiB/s-29.1MiB/s (30.5MB/s-30.5MB/s), io=1024MiB (1074MB), run=35209-35209msec

Disk stats (read/write):
  sde: ios=15675/0, merge=678/0, ticks=2177446/0, in_queue=2180245, util=99.86%
