test: (g=0): rw=randwrite, bs=(R) 64.0KiB-64.0KiB, (W) 64.0KiB-64.0KiB, (T) 64.0KiB-64.0KiB, ioengine=libaio, iodepth=64
fio-3.1
Starting 1 process

test: (groupid=0, jobs=1): err= 0: pid=8906: Tue Jul 24 21:39:28 2018
  write: IOPS=174, BW=10.9MiB/s (11.5MB/s)(1024MiB/93656msec)
    slat (nsec): min=7438, max=84712, avg=32954.79, stdev=12541.62
    clat (usec): min=683, max=1767.3k, avg=365780.81, stdev=292353.98
     lat (usec): min=715, max=1767.3k, avg=365814.23, stdev=292354.48
    clat percentiles (msec):
     |  1.00th=[   39],  5.00th=[   62], 10.00th=[   83], 20.00th=[  127],
     | 30.00th=[  171], 40.00th=[  224], 50.00th=[  284], 60.00th=[  351],
     | 70.00th=[  439], 80.00th=[  558], 90.00th=[  768], 95.00th=[ 1028],
     | 99.00th=[ 1301], 99.50th=[ 1368], 99.90th=[ 1536], 99.95th=[ 1586],
     | 99.99th=[ 1703]
   bw (  KiB/s): min= 3200, max=20096, per=99.78%, avg=11171.43, stdev=3272.99, samples=187
   iops        : min=   50, max=  314, avg=174.55, stdev=51.14, samples=187
  lat (usec)   : 750=0.01%
  lat (msec)   : 2=0.03%, 4=0.04%, 10=0.05%, 50=2.68%, 100=12.26%
  lat (msec)   : 250=29.58%, 500=30.78%, 750=13.91%, 1000=5.27%, 2000=5.38%
  cpu          : usr=0.21%, sys=0.75%, ctx=16287, majf=0, minf=27
  IO depths    : 1=0.1%, 2=0.1%, 4=0.1%, 8=0.1%, 16=0.1%, 32=0.2%, >=64=99.6%
     submit    : 0=0.0%, 4=100.0%, 8=0.0%, 16=0.0%, 32=0.0%, 64=0.0%, >=64=0.0%
     complete  : 0=0.0%, 4=100.0%, 8=0.0%, 16=0.0%, 32=0.0%, 64=0.1%, >=64=0.0%
     issued rwt: total=0,16384,0, short=0,0,0, dropped=0,0,0
     latency   : target=0, window=0, percentile=100.00%, depth=64

Run status group 0 (all jobs):
  WRITE: bw=10.9MiB/s (11.5MB/s), 10.9MiB/s-10.9MiB/s (11.5MB/s-11.5MB/s), io=1024MiB (1074MB), run=93656-93656msec

Disk stats (read/write):
  sdk: ios=0/16388, merge=0/0, ticks=0/5987332, in_queue=5987741, util=99.96%
