test: (g=0): rw=randwrite, bs=(R) 4096B-4096B, (W) 4096B-4096B, (T) 4096B-4096B, ioengine=libaio, iodepth=64
fio-3.1
Starting 1 process

test: (groupid=0, jobs=1): err= 0: pid=26358: Sun Jul 15 05:10:36 2018
  write: IOPS=208, BW=833KiB/s (853kB/s)(1024MiB/1258295msec)
    slat (nsec): min=2447, max=74396, avg=20241.35, stdev=8226.97
    clat (usec): min=364, max=2100.4k, avg=307174.63, stdev=217752.76
     lat (usec): min=396, max=2100.4k, avg=307195.28, stdev=217754.53
    clat percentiles (msec):
     |  1.00th=[   13],  5.00th=[   21], 10.00th=[   30], 20.00th=[  138],
     | 30.00th=[  197], 40.00th=[  236], 50.00th=[  279], 60.00th=[  326],
     | 70.00th=[  372], 80.00th=[  435], 90.00th=[  600], 95.00th=[  743],
     | 99.00th=[  995], 99.50th=[ 1099], 99.90th=[ 1368], 99.95th=[ 1485],
     | 99.99th=[ 1754]
   bw (  KiB/s): min=    8, max= 3248, per=100.00%, avg=848.04, stdev=339.07, samples=2471
   iops        : min=    2, max=  812, avg=211.98, stdev=84.76, samples=2471
  lat (usec)   : 500=0.01%, 750=0.01%, 1000=0.01%
  lat (msec)   : 2=0.01%, 4=0.07%, 10=0.46%, 20=4.23%, 50=9.43%
  lat (msec)   : 100=2.98%, 250=26.00%, 500=42.04%, 750=9.96%, 1000=3.88%
  lat (msec)   : 2000=0.94%, >=2000=0.01%
  cpu          : usr=0.26%, sys=0.74%, ctx=259163, majf=0, minf=28
  IO depths    : 1=0.1%, 2=0.1%, 4=0.1%, 8=0.1%, 16=0.1%, 32=0.1%, >=64=100.0%
     submit    : 0=0.0%, 4=100.0%, 8=0.0%, 16=0.0%, 32=0.0%, 64=0.0%, >=64=0.0%
     complete  : 0=0.0%, 4=100.0%, 8=0.0%, 16=0.0%, 32=0.0%, 64=0.1%, >=64=0.0%
     issued rwt: total=0,262144,0, short=0,0,0, dropped=0,0,0
     latency   : target=0, window=0, percentile=100.00%, depth=64

Run status group 0 (all jobs):
  WRITE: bw=833KiB/s (853kB/s), 833KiB/s-833KiB/s (853kB/s-853kB/s), io=1024MiB (1074MB), run=1258295-1258295msec

Disk stats (read/write):
  sdh: ios=0/259490, merge=0/2716, ticks=0/80169125, in_queue=80170079, util=100.00%
