test: (g=0): rw=randread, bs=(R) 8192B-8192B, (W) 8192B-8192B, (T) 8192B-8192B, ioengine=libaio, iodepth=64
fio-3.1
Starting 1 process

test: (groupid=0, jobs=1): err= 0: pid=9519: Thu Jul 12 13:51:23 2018
   read: IOPS=49.0k, BW=383MiB/s (402MB/s)(1024MiB/2673msec)
    slat (nsec): min=1301, max=30421, avg=2264.63, stdev=546.43
    clat (usec): min=358, max=7138, avg=1302.10, stdev=454.55
     lat (usec): min=364, max=7140, avg=1304.41, stdev=454.55
    clat percentiles (usec):
     |  1.00th=[  603],  5.00th=[  742], 10.00th=[  816], 20.00th=[  922],
     | 30.00th=[ 1029], 40.00th=[ 1139], 50.00th=[ 1254], 60.00th=[ 1369],
     | 70.00th=[ 1500], 80.00th=[ 1631], 90.00th=[ 1778], 95.00th=[ 1909],
     | 99.00th=[ 3032], 99.50th=[ 3523], 99.90th=[ 4555], 99.95th=[ 4948],
     | 99.99th=[ 5997]
   bw (  KiB/s): min=390848, max=392768, per=99.85%, avg=391676.80, stdev=747.17, samples=5
   iops        : min=48856, max=49096, avg=48959.60, stdev=93.40, samples=5
  lat (usec)   : 500=0.05%, 750=5.49%, 1000=21.74%
  lat (msec)   : 2=69.09%, 4=3.40%, 10=0.25%
  cpu          : usr=10.33%, sys=28.93%, ctx=128104, majf=0, minf=309
  IO depths    : 1=0.1%, 2=0.1%, 4=0.1%, 8=0.1%, 16=0.1%, 32=0.1%, >=64=100.0%
     submit    : 0=0.0%, 4=100.0%, 8=0.0%, 16=0.0%, 32=0.0%, 64=0.0%, >=64=0.0%
     complete  : 0=0.0%, 4=100.0%, 8=0.0%, 16=0.0%, 32=0.0%, 64=0.1%, >=64=0.0%
     issued rwt: total=131072,0,0, short=0,0,0, dropped=0,0,0
     latency   : target=0, window=0, percentile=100.00%, depth=64

Run status group 0 (all jobs):
   READ: bw=383MiB/s (402MB/s), 383MiB/s-383MiB/s (402MB/s-402MB/s), io=1024MiB (1074MB), run=2673-2673msec

Disk stats (read/write):
  sda: ios=128159/0, merge=1664/0, ticks=166419/0, in_queue=166420, util=96.43%
