test: (g=0): rw=write, bs=(R) 1024KiB-1024KiB, (W) 1024KiB-1024KiB, (T) 1024KiB-1024KiB, ioengine=libaio, iodepth=64
fio-3.1
Starting 1 process

test: (groupid=0, jobs=1): err= 0: pid=9290: Thu Jul 12 13:51:06 2018
  write: IOPS=467, BW=468MiB/s (490MB/s)(1024MiB/2190msec)
    slat (usec): min=54, max=20699, avg=2058.01, stdev=5158.98
    clat (msec): min=55, max=201, avg=133.83, stdev=14.06
     lat (msec): min=55, max=217, avg=135.88, stdev=13.41
    clat percentiles (msec):
     |  1.00th=[   81],  5.00th=[  118], 10.00th=[  121], 20.00th=[  134],
     | 30.00th=[  134], 40.00th=[  134], 50.00th=[  136], 60.00th=[  138],
     | 70.00th=[  138], 80.00th=[  140], 90.00th=[  142], 95.00th=[  146],
     | 99.00th=[  184], 99.50th=[  201], 99.90th=[  203], 99.95th=[  203],
     | 99.99th=[  203]
   bw (  KiB/s): min=430080, max=475136, per=96.88%, avg=463872.00, stdev=22528.00, samples=4
   iops        : min=  420, max=  464, avg=453.00, stdev=22.00, samples=4
  lat (msec)   : 100=3.22%, 250=96.78%
  cpu          : usr=3.06%, sys=4.29%, ctx=161, majf=0, minf=28
  IO depths    : 1=0.1%, 2=0.2%, 4=0.4%, 8=0.8%, 16=1.6%, 32=3.1%, >=64=93.8%
     submit    : 0=0.0%, 4=100.0%, 8=0.0%, 16=0.0%, 32=0.0%, 64=0.0%, >=64=0.0%
     complete  : 0=0.0%, 4=99.9%, 8=0.0%, 16=0.0%, 32=0.0%, 64=0.1%, >=64=0.0%
     issued rwt: total=0,1024,0, short=0,0,0, dropped=0,0,0
     latency   : target=0, window=0, percentile=100.00%, depth=64

Run status group 0 (all jobs):
  WRITE: bw=468MiB/s (490MB/s), 468MiB/s-468MiB/s (490MB/s-490MB/s), io=1024MiB (1074MB), run=2190-2190msec

Disk stats (read/write):
  sda: ios=40/3960, merge=0/0, ticks=3/295219, in_queue=300839, util=94.35%
