test: (g=0): rw=randread, bs=(R) 4096B-4096B, (W) 4096B-4096B, (T) 4096B-4096B, ioengine=libaio, iodepth=64
fio-3.1
Starting 1 process

test: (groupid=0, jobs=1): err= 0: pid=8607: Tue Jul 24 20:25:53 2018
   read: IOPS=522, BW=2090KiB/s (2140kB/s)(1024MiB/501760msec)
    slat (nsec): min=3491, max=83601, avg=22322.20, stdev=7368.01
    clat (msec): min=5, max=1163, avg=122.47, stdev=76.82
     lat (msec): min=5, max=1163, avg=122.49, stdev=76.82
    clat percentiles (msec):
     |  1.00th=[   30],  5.00th=[   59], 10.00th=[   65], 20.00th=[   72],
     | 30.00th=[   79], 40.00th=[   87], 50.00th=[   97], 60.00th=[  111],
     | 70.00th=[  131], 80.00th=[  161], 90.00th=[  218], 95.00th=[  275],
     | 99.00th=[  422], 99.50th=[  485], 99.90th=[  634], 99.95th=[  701],
     | 99.99th=[  818]
   bw (  KiB/s): min=  864, max= 6704, per=99.88%, avg=2086.52, stdev=378.63, samples=1003
   iops        : min=  216, max= 1676, avg=521.62, stdev=94.66, samples=1003
  lat (msec)   : 10=0.02%, 20=0.30%, 50=2.97%, 100=49.56%, 250=40.39%
  lat (msec)   : 500=6.35%, 750=0.39%, 1000=0.03%, 2000=0.01%
  cpu          : usr=0.63%, sys=1.88%, ctx=260551, majf=0, minf=95
  IO depths    : 1=0.1%, 2=0.1%, 4=0.1%, 8=0.1%, 16=0.1%, 32=0.1%, >=64=100.0%
     submit    : 0=0.0%, 4=100.0%, 8=0.0%, 16=0.0%, 32=0.0%, 64=0.0%, >=64=0.0%
     complete  : 0=0.0%, 4=100.0%, 8=0.0%, 16=0.0%, 32=0.0%, 64=0.1%, >=64=0.0%
     issued rwt: total=262144,0,0, short=0,0,0, dropped=0,0,0
     latency   : target=0, window=0, percentile=100.00%, depth=64

Run status group 0 (all jobs):
   READ: bw=2090KiB/s (2140kB/s), 2090KiB/s-2090KiB/s (2140kB/s-2140kB/s), io=1024MiB (1074MB), run=501760-501760msec

Disk stats (read/write):
  sdk: ios=261785/6, merge=0/0, ticks=32092022/412, in_queue=32093720, util=100.00%
