test: (g=0): rw=randwrite, bs=(R) 4096B-4096B, (W) 4096B-4096B, (T) 4096B-4096B, ioengine=libaio, iodepth=64
fio-3.1
Starting 1 process

test: (groupid=0, jobs=1): err= 0: pid=8139: Tue Jul 24 20:31:29 2018
  write: IOPS=227, BW=909KiB/s (931kB/s)(1024MiB/1153244msec)
    slat (usec): min=3, max=125, avg=28.53, stdev= 9.10
    clat (usec): min=323, max=1636.8k, avg=281518.05, stdev=143739.46
     lat (usec): min=357, max=1636.9k, avg=281547.13, stdev=143740.49
    clat percentiles (msec):
     |  1.00th=[   18],  5.00th=[   59], 10.00th=[  144], 20.00th=[  180],
     | 30.00th=[  209], 40.00th=[  239], 50.00th=[  268], 60.00th=[  296],
     | 70.00th=[  326], 80.00th=[  363], 90.00th=[  422], 95.00th=[  542],
     | 99.00th=[  810], 99.50th=[  911], 99.90th=[ 1133], 99.95th=[ 1167],
     | 99.99th=[ 1284]
   bw (  KiB/s): min=    8, max= 2560, per=100.00%, avg=914.38, stdev=205.60, samples=2294
   iops        : min=    2, max=  640, avg=228.56, stdev=51.40, samples=2294
  lat (usec)   : 500=0.01%, 750=0.01%, 1000=0.01%
  lat (msec)   : 2=0.01%, 4=0.01%, 10=0.04%, 20=1.52%, 50=3.18%
  lat (msec)   : 100=1.58%, 250=37.84%, 500=49.76%, 750=4.63%, 1000=1.16%
  lat (msec)   : 2000=0.27%
  cpu          : usr=0.29%, sys=0.96%, ctx=262131, majf=0, minf=386
  IO depths    : 1=0.1%, 2=0.1%, 4=0.1%, 8=0.1%, 16=0.1%, 32=0.1%, >=64=100.0%
     submit    : 0=0.0%, 4=100.0%, 8=0.0%, 16=0.0%, 32=0.0%, 64=0.0%, >=64=0.0%
     complete  : 0=0.0%, 4=100.0%, 8=0.0%, 16=0.0%, 32=0.0%, 64=0.1%, >=64=0.0%
     issued rwt: total=0,262144,0, short=0,0,0, dropped=0,0,0
     latency   : target=0, window=0, percentile=100.00%, depth=64

Run status group 0 (all jobs):
  WRITE: bw=909KiB/s (931kB/s), 909KiB/s-909KiB/s (931kB/s-931kB/s), io=1024MiB (1074MB), run=1153244-1153244msec

Disk stats (read/write):
  sdj: ios=0/262211, merge=0/3, ticks=0/73821434, in_queue=73822882, util=100.00%
