test: (g=0): rw=write, bs=(R) 64.0KiB-64.0KiB, (W) 64.0KiB-64.0KiB, (T) 64.0KiB-64.0KiB, ioengine=libaio, iodepth=64
fio-3.1
Starting 1 process
test: Laying out IO file (1 file / 1024MiB)

test: (groupid=0, jobs=1): err= 0: pid=7873: Tue Jul 24 20:11:47 2018
  write: IOPS=3095, BW=193MiB/s (203MB/s)(1024MiB/5292msec)
    slat (usec): min=7, max=224, avg=26.72, stdev=10.64
    clat (usec): min=909, max=217239, avg=20636.76, stdev=11663.91
     lat (usec): min=1139, max=217261, avg=20663.67, stdev=11663.41
    clat percentiles (msec):
     |  1.00th=[   19],  5.00th=[   19], 10.00th=[   19], 20.00th=[   19],
     | 30.00th=[   19], 40.00th=[   19], 50.00th=[   19], 60.00th=[   20],
     | 70.00th=[   22], 80.00th=[   22], 90.00th=[   22], 95.00th=[   22],
     | 99.00th=[   31], 99.50th=[   51], 99.90th=[  213], 99.95th=[  215],
     | 99.99th=[  218]
   bw (  KiB/s): min=130560, max=219776, per=99.75%, avg=197644.80, stdev=27338.94, samples=10
   iops        : min= 2040, max= 3434, avg=3088.20, stdev=427.17, samples=10
  lat (usec)   : 1000=0.01%
  lat (msec)   : 20=64.95%, 50=34.53%, 100=0.12%, 250=0.40%
  cpu          : usr=2.38%, sys=11.13%, ctx=16375, majf=0, minf=27
  IO depths    : 1=0.1%, 2=0.1%, 4=0.1%, 8=0.1%, 16=0.1%, 32=0.2%, >=64=99.6%
     submit    : 0=0.0%, 4=100.0%, 8=0.0%, 16=0.0%, 32=0.0%, 64=0.0%, >=64=0.0%
     complete  : 0=0.0%, 4=100.0%, 8=0.0%, 16=0.0%, 32=0.0%, 64=0.1%, >=64=0.0%
     issued rwt: total=0,16384,0, short=0,0,0, dropped=0,0,0
     latency   : target=0, window=0, percentile=100.00%, depth=64

Run status group 0 (all jobs):
  WRITE: bw=193MiB/s (203MB/s), 193MiB/s-193MiB/s (203MB/s-203MB/s), io=1024MiB (1074MB), run=5292-5292msec

Disk stats (read/write):
  sdj: ios=0/15851, merge=0/0, ticks=0/326168, in_queue=326738, util=98.08%
