test: (g=0): rw=randwrite, bs=(R) 64.0KiB-64.0KiB, (W) 64.0KiB-64.0KiB, (T) 64.0KiB-64.0KiB, ioengine=libaio, iodepth=64
fio-3.1
Starting 1 process

test: (groupid=0, jobs=1): err= 0: pid=8326: Tue Jul 24 20:55:27 2018
  write: IOPS=172, BW=10.8MiB/s (11.3MB/s)(1024MiB/94747msec)
    slat (nsec): min=7333, max=83578, avg=32337.66, stdev=12498.06
    clat (usec): min=692, max=1728.8k, avg=370043.57, stdev=292352.73
     lat (usec): min=723, max=1728.8k, avg=370076.35, stdev=292353.35
    clat percentiles (msec):
     |  1.00th=[   44],  5.00th=[   65], 10.00th=[   88], 20.00th=[  129],
     | 30.00th=[  176], 40.00th=[  226], 50.00th=[  288], 60.00th=[  359],
     | 70.00th=[  443], 80.00th=[  567], 90.00th=[  776], 95.00th=[ 1020],
     | 99.00th=[ 1301], 99.50th=[ 1385], 99.90th=[ 1569], 99.95th=[ 1620],
     | 99.99th=[ 1687]
   bw (  KiB/s): min= 2816, max=20224, per=99.88%, avg=11053.43, stdev=3328.24, samples=189
   iops        : min=   44, max=  316, avg=172.70, stdev=52.00, samples=189
  lat (usec)   : 750=0.01%, 1000=0.01%
  lat (msec)   : 2=0.02%, 4=0.04%, 10=0.05%, 50=2.13%, 100=10.80%
  lat (msec)   : 250=31.40%, 500=30.55%, 750=14.07%, 1000=5.66%, 2000=5.26%
  cpu          : usr=0.20%, sys=0.73%, ctx=16262, majf=0, minf=27
  IO depths    : 1=0.1%, 2=0.1%, 4=0.1%, 8=0.1%, 16=0.1%, 32=0.2%, >=64=99.6%
     submit    : 0=0.0%, 4=100.0%, 8=0.0%, 16=0.0%, 32=0.0%, 64=0.0%, >=64=0.0%
     complete  : 0=0.0%, 4=100.0%, 8=0.0%, 16=0.0%, 32=0.0%, 64=0.1%, >=64=0.0%
     issued rwt: total=0,16384,0, short=0,0,0, dropped=0,0,0
     latency   : target=0, window=0, percentile=100.00%, depth=64

Run status group 0 (all jobs):
  WRITE: bw=10.8MiB/s (11.3MB/s), 10.8MiB/s-10.8MiB/s (11.3MB/s-11.3MB/s), io=1024MiB (1074MB), run=94747-94747msec

Disk stats (read/write):
  sdj: ios=0/16364, merge=0/0, ticks=0/6045409, in_queue=6053515, util=99.96%
