test: (g=0): rw=read, bs=(R) 1024KiB-1024KiB, (W) 1024KiB-1024KiB, (T) 1024KiB-1024KiB, ioengine=libaio, iodepth=64
fio-3.1
Starting 1 process

test: (groupid=0, jobs=1): err= 0: pid=8095: Tue Jul 24 20:12:15 2018
   read: IOPS=201, BW=202MiB/s (211MB/s)(1024MiB/5077msec)
    slat (usec): min=47, max=45362, avg=4786.15, stdev=12687.33
    clat (msec): min=136, max=471, avg=310.06, stdev=36.75
     lat (msec): min=136, max=471, avg=314.85, stdev=35.31
    clat percentiles (msec):
     |  1.00th=[  171],  5.00th=[  262], 10.00th=[  266], 20.00th=[  300],
     | 30.00th=[  300], 40.00th=[  300], 50.00th=[  305], 60.00th=[  309],
     | 70.00th=[  334], 80.00th=[  347], 90.00th=[  347], 95.00th=[  347],
     | 99.00th=[  397], 99.50th=[  435], 99.90th=[  435], 99.95th=[  472],
     | 99.99th=[  472]
   bw (  KiB/s): min=153600, max=229376, per=95.29%, avg=196812.80, stdev=22151.46, samples=10
   iops        : min=  150, max=  224, avg=192.20, stdev=21.63, samples=10
  lat (msec)   : 250=4.79%, 500=95.21%
  cpu          : usr=0.02%, sys=2.40%, ctx=162, majf=0, minf=575
  IO depths    : 1=0.1%, 2=0.2%, 4=0.4%, 8=0.8%, 16=1.6%, 32=3.1%, >=64=93.8%
     submit    : 0=0.0%, 4=100.0%, 8=0.0%, 16=0.0%, 32=0.0%, 64=0.0%, >=64=0.0%
     complete  : 0=0.0%, 4=99.9%, 8=0.0%, 16=0.0%, 32=0.0%, 64=0.1%, >=64=0.0%
     issued rwt: total=1024,0,0, short=0,0,0, dropped=0,0,0
     latency   : target=0, window=0, percentile=100.00%, depth=64

Run status group 0 (all jobs):
   READ: bw=202MiB/s (211MB/s), 202MiB/s-202MiB/s (211MB/s-211MB/s), io=1024MiB (1074MB), run=5077-5077msec

Disk stats (read/write):
  sdj: ios=3939/0, merge=0/0, ticks=687455/0, in_queue=699513, util=98.04%
