test: (g=0): rw=randread, bs=(R) 64.0KiB-64.0KiB, (W) 64.0KiB-64.0KiB, (T) 64.0KiB-64.0KiB, ioengine=libaio, iodepth=64
fio-3.1
Starting 1 process

test: (groupid=0, jobs=1): err= 0: pid=12048: Mon Jul 23 18:00:30 2018
   read: IOPS=439, BW=27.5MiB/s (28.8MB/s)(1024MiB/37287msec)
    slat (usec): min=7, max=217, avg=30.39, stdev= 9.47
    clat (msec): min=3, max=995, avg=145.60, stdev=94.80
     lat (msec): min=3, max=995, avg=145.64, stdev=94.80
    clat percentiles (msec):
     |  1.00th=[   55],  5.00th=[   71], 10.00th=[   77], 20.00th=[   84],
     | 30.00th=[   91], 40.00th=[  101], 50.00th=[  112], 60.00th=[  128],
     | 70.00th=[  153], 80.00th=[  188], 90.00th=[  262], 95.00th=[  347],
     | 99.00th=[  523], 99.50th=[  584], 99.90th=[  751], 99.95th=[  802],
     | 99.99th=[  919]
   bw (  KiB/s): min= 5760, max=45312, per=99.47%, avg=27970.77, stdev=4777.94, samples=74
   iops        : min=   90, max=  708, avg=437.03, stdev=74.65, samples=74
  lat (msec)   : 4=0.01%, 10=0.01%, 20=0.03%, 50=0.48%, 100=39.78%
  lat (msec)   : 250=48.55%, 500=9.91%, 750=1.13%, 1000=0.10%
  cpu          : usr=0.56%, sys=1.99%, ctx=16373, majf=0, minf=543
  IO depths    : 1=0.1%, 2=0.1%, 4=0.1%, 8=0.1%, 16=0.1%, 32=0.2%, >=64=99.6%
     submit    : 0=0.0%, 4=100.0%, 8=0.0%, 16=0.0%, 32=0.0%, 64=0.0%, >=64=0.0%
     complete  : 0=0.0%, 4=100.0%, 8=0.0%, 16=0.0%, 32=0.0%, 64=0.1%, >=64=0.0%
     issued rwt: total=16384,0,0, short=0,0,0, dropped=0,0,0
     latency   : target=0, window=0, percentile=100.00%, depth=64

Run status group 0 (all jobs):
   READ: bw=27.5MiB/s (28.8MB/s), 27.5MiB/s-27.5MiB/s (28.8MB/s-28.8MB/s), io=1024MiB (1074MB), run=37287-37287msec

Disk stats (read/write):
  sdd: ios=16277/0, merge=0/0, ticks=2377419/0, in_queue=2381418, util=100.00%
