test: (g=0): rw=write, bs=(R) 512KiB-512KiB, (W) 512KiB-512KiB, (T) 512KiB-512KiB, ioengine=libaio, iodepth=64
fio-3.1
Starting 1 process

test: (groupid=0, jobs=1): err= 0: pid=25523: Fri Jul 13 13:38:03 2018
  write: IOPS=396, BW=198MiB/s (208MB/s)(1024MiB/5167msec)
    slat (usec): min=33, max=177, avg=105.18, stdev=36.96
    clat (msec): min=8, max=307, avg=161.20, stdev=25.07
     lat (msec): min=9, max=307, avg=161.31, stdev=25.07
    clat percentiles (msec):
     |  1.00th=[   51],  5.00th=[  150], 10.00th=[  150], 20.00th=[  153],
     | 30.00th=[  155], 40.00th=[  157], 50.00th=[  157], 60.00th=[  157],
     | 70.00th=[  169], 80.00th=[  171], 90.00th=[  180], 95.00th=[  199],
     | 99.00th=[  259], 99.50th=[  284], 99.90th=[  305], 99.95th=[  305],
     | 99.99th=[  309]
   bw (  KiB/s): min=188416, max=215040, per=99.86%, avg=202649.60, stdev=10646.65, samples=10
   iops        : min=  368, max=  420, avg=395.80, stdev=20.79, samples=10
  lat (msec)   : 10=0.05%, 20=0.34%, 50=0.59%, 100=1.07%, 250=96.78%
  lat (msec)   : 500=1.17%
  cpu          : usr=1.65%, sys=3.33%, ctx=2048, majf=0, minf=29
  IO depths    : 1=0.1%, 2=0.1%, 4=0.2%, 8=0.4%, 16=0.8%, 32=1.6%, >=64=96.9%
     submit    : 0=0.0%, 4=100.0%, 8=0.0%, 16=0.0%, 32=0.0%, 64=0.0%, >=64=0.0%
     complete  : 0=0.0%, 4=99.9%, 8=0.0%, 16=0.0%, 32=0.0%, 64=0.1%, >=64=0.0%
     issued rwt: total=0,2048,0, short=0,0,0, dropped=0,0,0
     latency   : target=0, window=0, percentile=100.00%, depth=64

Run status group 0 (all jobs):
  WRITE: bw=198MiB/s (208MB/s), 198MiB/s-198MiB/s (208MB/s-208MB/s), io=1024MiB (1074MB), run=5167-5167msec

Disk stats (read/write):
  sde: ios=6/4065, merge=0/0, ticks=4307/643351, in_queue=652624, util=97.92%
