test: (g=0): rw=write, bs=(R) 512KiB-512KiB, (W) 512KiB-512KiB, (T) 512KiB-512KiB, ioengine=libaio, iodepth=64
fio-3.1
Starting 1 process

test: (groupid=0, jobs=1): err= 0: pid=3076: Tue Jul 24 14:43:33 2018
  write: IOPS=482, BW=241MiB/s (253MB/s)(1024MiB/4242msec)
    slat (usec): min=37, max=209, avg=132.67, stdev=39.08
    clat (msec): min=4, max=272, avg=132.27, stdev=21.42
     lat (msec): min=4, max=272, avg=132.41, stdev=21.43
    clat percentiles (msec):
     |  1.00th=[   39],  5.00th=[  117], 10.00th=[  121], 20.00th=[  126],
     | 30.00th=[  128], 40.00th=[  131], 50.00th=[  134], 60.00th=[  136],
     | 70.00th=[  138], 80.00th=[  140], 90.00th=[  142], 95.00th=[  146],
     | 99.00th=[  228], 99.50th=[  253], 99.90th=[  271], 99.95th=[  271],
     | 99.99th=[  275]
   bw (  KiB/s): min=241664, max=254976, per=100.00%, avg=247870.50, stdev=4482.96, samples=8
   iops        : min=  472, max=  498, avg=484.00, stdev= 8.68, samples=8
  lat (msec)   : 10=0.24%, 20=0.29%, 50=0.78%, 100=1.17%, 250=96.92%
  lat (msec)   : 500=0.59%
  cpu          : usr=2.05%, sys=5.40%, ctx=2046, majf=0, minf=28
  IO depths    : 1=0.1%, 2=0.1%, 4=0.2%, 8=0.4%, 16=0.8%, 32=1.6%, >=64=96.9%
     submit    : 0=0.0%, 4=100.0%, 8=0.0%, 16=0.0%, 32=0.0%, 64=0.0%, >=64=0.0%
     complete  : 0=0.0%, 4=99.9%, 8=0.0%, 16=0.0%, 32=0.0%, 64=0.1%, >=64=0.0%
     issued rwt: total=0,2048,0, short=0,0,0, dropped=0,0,0
     latency   : target=0, window=0, percentile=100.00%, depth=64

Run status group 0 (all jobs):
  WRITE: bw=241MiB/s (253MB/s), 241MiB/s-241MiB/s (253MB/s-253MB/s), io=1024MiB (1074MB), run=4242-4242msec

Disk stats (read/write):
  sda: ios=0/3991, merge=0/0, ticks=0/517251, in_queue=525869, util=97.34%
