test: (g=0): rw=randwrite, bs=(R) 4096B-4096B, (W) 4096B-4096B, (T) 4096B-4096B, ioengine=libaio, iodepth=64
fio-3.1
Starting 1 process

test: (groupid=0, jobs=1): err= 0: pid=27517: Sun Jul 15 06:39:57 2018
  write: IOPS=234, BW=937KiB/s (959kB/s)(1024MiB/1119352msec)
    slat (usec): min=2, max=229, avg=19.07, stdev= 8.56
    clat (usec): min=348, max=1976.3k, avg=273254.01, stdev=197043.54
     lat (usec): min=408, max=1976.3k, avg=273273.50, stdev=197045.29
    clat percentiles (msec):
     |  1.00th=[   13],  5.00th=[   21], 10.00th=[   30], 20.00th=[  117],
     | 30.00th=[  171], 40.00th=[  209], 50.00th=[  245], 60.00th=[  284],
     | 70.00th=[  326], 80.00th=[  388], 90.00th=[  542], 95.00th=[  676],
     | 99.00th=[  894], 99.50th=[  986], 99.90th=[ 1217], 99.95th=[ 1334],
     | 99.99th=[ 1603]
   bw (  KiB/s): min=    8, max= 2872, per=100.00%, avg=948.18, stdev=358.83, samples=2208
   iops        : min=    2, max=  718, avg=237.03, stdev=89.71, samples=2208
  lat (usec)   : 500=0.01%, 750=0.01%, 1000=0.01%
  lat (msec)   : 2=0.01%, 4=0.05%, 10=0.48%, 20=4.06%, 50=10.12%
  lat (msec)   : 100=3.67%, 250=32.99%, 500=36.54%, 750=9.10%, 1000=2.52%
  lat (msec)   : 2000=0.46%
  cpu          : usr=0.29%, sys=0.81%, ctx=258618, majf=0, minf=28
  IO depths    : 1=0.1%, 2=0.1%, 4=0.1%, 8=0.1%, 16=0.1%, 32=0.1%, >=64=100.0%
     submit    : 0=0.0%, 4=100.0%, 8=0.0%, 16=0.0%, 32=0.0%, 64=0.0%, >=64=0.0%
     complete  : 0=0.0%, 4=100.0%, 8=0.0%, 16=0.0%, 32=0.0%, 64=0.1%, >=64=0.0%
     issued rwt: total=0,262144,0, short=0,0,0, dropped=0,0,0
     latency   : target=0, window=0, percentile=100.00%, depth=64

Run status group 0 (all jobs):
  WRITE: bw=937KiB/s (959kB/s), 937KiB/s-937KiB/s (959kB/s-959kB/s), io=1024MiB (1074MB), run=1119352-1119352msec

Disk stats (read/write):
  sdj: ios=0/259479, merge=0/2718, ticks=0/71305019, in_queue=71306579, util=100.00%
