test: (g=0): rw=write, bs=(R) 512KiB-512KiB, (W) 512KiB-512KiB, (T) 512KiB-512KiB, ioengine=libaio, iodepth=64
fio-3.1
Starting 1 process

test: (groupid=0, jobs=1): err= 0: pid=27340: Sun Jul 15 06:21:00 2018
  write: IOPS=391, BW=196MiB/s (205MB/s)(1024MiB/5232msec)
    slat (usec): min=38, max=186, avg=126.71, stdev=34.59
    clat (msec): min=17, max=331, avg=163.21, stdev=25.65
     lat (msec): min=17, max=331, avg=163.34, stdev=25.64
    clat percentiles (msec):
     |  1.00th=[  157],  5.00th=[  157], 10.00th=[  157], 20.00th=[  157],
     | 30.00th=[  157], 40.00th=[  157], 50.00th=[  157], 60.00th=[  159],
     | 70.00th=[  159], 80.00th=[  159], 90.00th=[  165], 95.00th=[  205],
     | 99.00th=[  300], 99.50th=[  313], 99.90th=[  326], 99.95th=[  330],
     | 99.99th=[  334]
   bw (  KiB/s): min=134144, max=209920, per=99.94%, avg=200294.40, stdev=23341.81, samples=10
   iops        : min=  262, max=  410, avg=391.20, stdev=45.59, samples=10
  lat (msec)   : 20=0.05%, 100=0.10%, 250=96.68%, 500=3.17%
  cpu          : usr=1.89%, sys=4.03%, ctx=2049, majf=0, minf=28
  IO depths    : 1=0.1%, 2=0.1%, 4=0.2%, 8=0.4%, 16=0.8%, 32=1.6%, >=64=96.9%
     submit    : 0=0.0%, 4=100.0%, 8=0.0%, 16=0.0%, 32=0.0%, 64=0.0%, >=64=0.0%
     complete  : 0=0.0%, 4=99.9%, 8=0.0%, 16=0.0%, 32=0.0%, 64=0.1%, >=64=0.0%
     issued rwt: total=0,2048,0, short=0,0,0, dropped=0,0,0
     latency   : target=0, window=0, percentile=100.00%, depth=64

Run status group 0 (all jobs):
  WRITE: bw=196MiB/s (205MB/s), 196MiB/s-196MiB/s (205MB/s-205MB/s), io=1024MiB (1074MB), run=5232-5232msec

Disk stats (read/write):
  sdj: ios=0/4006, merge=0/0, ticks=0/641943, in_queue=651525, util=97.84%
