test: (g=0): rw=randread, bs=(R) 64.0KiB-64.0KiB, (W) 64.0KiB-64.0KiB, (T) 64.0KiB-64.0KiB, ioengine=libaio, iodepth=64
fio-3.1
Starting 1 process

test: (groupid=0, jobs=1): err= 0: pid=21810: Fri Aug 17 16:51:29 2018
   read: IOPS=8147, BW=509MiB/s (534MB/s)(1024MiB/2011msec)
    slat (usec): min=4, max=569, avg=10.60, stdev= 5.83
    clat (usec): min=1010, max=18022, avg=7835.59, stdev=612.60
     lat (usec): min=1138, max=18030, avg=7846.26, stdev=612.04
    clat percentiles (usec):
     |  1.00th=[ 6849],  5.00th=[ 7504], 10.00th=[ 7504], 20.00th=[ 7701],
     | 30.00th=[ 7767], 40.00th=[ 7767], 50.00th=[ 7832], 60.00th=[ 7832],
     | 70.00th=[ 7832], 80.00th=[ 7898], 90.00th=[ 8094], 95.00th=[ 8291],
     | 99.00th=[ 9896], 99.50th=[11600], 99.90th=[15401], 99.95th=[16319],
     | 99.99th=[17695]
   bw (  KiB/s): min=519680, max=524288, per=100.00%, avg=522112.00, stdev=1898.55, samples=4
   iops        : min= 8120, max= 8192, avg=8158.00, stdev=29.66, samples=4
  lat (msec)   : 2=0.12%, 4=0.12%, 10=98.79%, 20=0.96%
  cpu          : usr=1.44%, sys=12.29%, ctx=16150, majf=0, minf=544
  IO depths    : 1=0.1%, 2=0.1%, 4=0.1%, 8=0.1%, 16=0.1%, 32=0.2%, >=64=99.6%
     submit    : 0=0.0%, 4=100.0%, 8=0.0%, 16=0.0%, 32=0.0%, 64=0.0%, >=64=0.0%
     complete  : 0=0.0%, 4=100.0%, 8=0.0%, 16=0.0%, 32=0.0%, 64=0.1%, >=64=0.0%
     issued rwt: total=16384,0,0, short=0,0,0, dropped=0,0,0
     latency   : target=0, window=0, percentile=100.00%, depth=64

Run status group 0 (all jobs):
   READ: bw=509MiB/s (534MB/s), 509MiB/s-509MiB/s (534MB/s-534MB/s), io=1024MiB (1074MB), run=2011-2011msec

Disk stats (read/write):
  sda: ios=15496/0, merge=0/0, ticks=120955/0, in_queue=121228, util=95.05%
