test: (g=0): rw=write, bs=(R) 512KiB-512KiB, (W) 512KiB-512KiB, (T) 512KiB-512KiB, ioengine=libaio, iodepth=64
fio-3.1
Starting 1 process

test: (groupid=0, jobs=1): err= 0: pid=21400: Fri Aug 17 16:51:02 2018
  write: IOPS=935, BW=468MiB/s (490MB/s)(1024MiB/2190msec)
    slat (usec): min=37, max=189, avg=86.50, stdev=21.62
    clat (msec): min=3, max=131, avg=68.23, stdev= 9.78
     lat (msec): min=3, max=131, avg=68.32, stdev= 9.79
    clat percentiles (msec):
     |  1.00th=[   21],  5.00th=[   66], 10.00th=[   67], 20.00th=[   67],
     | 30.00th=[   67], 40.00th=[   67], 50.00th=[   68], 60.00th=[   69],
     | 70.00th=[   70], 80.00th=[   71], 90.00th=[   72], 95.00th=[   78],
     | 99.00th=[  110], 99.50th=[  121], 99.90th=[  129], 99.95th=[  131],
     | 99.99th=[  132]
   bw (  KiB/s): min=470016, max=482304, per=99.77%, avg=477696.00, stdev=5386.15, samples=4
   iops        : min=  918, max=  942, avg=933.00, stdev=10.52, samples=4
  lat (msec)   : 4=0.20%, 10=0.29%, 20=0.49%, 50=1.46%, 100=96.09%
  lat (msec)   : 250=1.46%
  cpu          : usr=2.65%, sys=6.17%, ctx=2044, majf=0, minf=28
  IO depths    : 1=0.1%, 2=0.1%, 4=0.2%, 8=0.4%, 16=0.8%, 32=1.6%, >=64=96.9%
     submit    : 0=0.0%, 4=100.0%, 8=0.0%, 16=0.0%, 32=0.0%, 64=0.0%, >=64=0.0%
     complete  : 0=0.0%, 4=99.9%, 8=0.0%, 16=0.0%, 32=0.0%, 64=0.1%, >=64=0.0%
     issued rwt: total=0,2048,0, short=0,0,0, dropped=0,0,0
     latency   : target=0, window=0, percentile=100.00%, depth=64

Run status group 0 (all jobs):
  WRITE: bw=468MiB/s (490MB/s), 468MiB/s-468MiB/s (490MB/s-490MB/s), io=1024MiB (1074MB), run=2190-2190msec

Disk stats (read/write):
  sda: ios=42/3990, merge=0/0, ticks=10/267414, in_queue=271572, util=95.24%
