test: (g=0): rw=write, bs=(R) 512KiB-512KiB, (W) 512KiB-512KiB, (T) 512KiB-512KiB, ioengine=libaio, iodepth=64
fio-3.1
Starting 1 process

test: (groupid=0, jobs=1): err= 0: pid=35756: Fri Jul 13 15:07:37 2018
  write: IOPS=400, BW=200MiB/s (210MB/s)(1024MiB/5116msec)
    slat (usec): min=36, max=1151, avg=125.63, stdev=43.50
    clat (msec): min=8, max=297, avg=159.58, stdev=25.65
     lat (msec): min=8, max=297, avg=159.71, stdev=25.66
    clat percentiles (msec):
     |  1.00th=[   52],  5.00th=[  148], 10.00th=[  150], 20.00th=[  150],
     | 30.00th=[  150], 40.00th=[  150], 50.00th=[  150], 60.00th=[  165],
     | 70.00th=[  165], 80.00th=[  174], 90.00th=[  182], 95.00th=[  197],
     | 99.00th=[  251], 99.50th=[  275], 99.90th=[  292], 99.95th=[  296],
     | 99.99th=[  296]
   bw (  KiB/s): min=176128, max=219136, per=99.19%, avg=203303.80, stdev=13709.27, samples=10
   iops        : min=  344, max=  428, avg=397.00, stdev=26.80, samples=10
  lat (msec)   : 10=0.05%, 20=0.34%, 50=0.59%, 100=1.07%, 250=96.97%
  lat (msec)   : 500=0.98%
  cpu          : usr=1.56%, sys=4.57%, ctx=2049, majf=0, minf=28
  IO depths    : 1=0.1%, 2=0.1%, 4=0.2%, 8=0.4%, 16=0.8%, 32=1.6%, >=64=96.9%
     submit    : 0=0.0%, 4=100.0%, 8=0.0%, 16=0.0%, 32=0.0%, 64=0.0%, >=64=0.0%
     complete  : 0=0.0%, 4=99.9%, 8=0.0%, 16=0.0%, 32=0.0%, 64=0.1%, >=64=0.0%
     issued rwt: total=0,2048,0, short=0,0,0, dropped=0,0,0
     latency   : target=0, window=0, percentile=100.00%, depth=64

Run status group 0 (all jobs):
  WRITE: bw=200MiB/s (210MB/s), 200MiB/s-200MiB/s (210MB/s-210MB/s), io=1024MiB (1074MB), run=5116-5116msec

Disk stats (read/write):
  sdh: ios=6/3892, merge=0/0, ticks=4320/611179, in_queue=625644, util=97.80%
