test: (g=0): rw=write, bs=(R) 1024KiB-1024KiB, (W) 1024KiB-1024KiB, (T) 1024KiB-1024KiB, ioengine=libaio, iodepth=64
fio-3.1
Starting 1 process

test: (groupid=0, jobs=1): err= 0: pid=35856: Fri Jul 13 15:07:48 2018
  write: IOPS=200, BW=200MiB/s (210MB/s)(1024MiB/5119msec)
    slat (usec): min=73, max=61705, avg=4817.87, stdev=12685.18
    clat (msec): min=133, max=447, avg=312.67, stdev=35.27
     lat (msec): min=133, max=447, avg=317.49, stdev=33.62
    clat percentiles (msec):
     |  1.00th=[  182],  5.00th=[  262], 10.00th=[  279], 20.00th=[  300],
     | 30.00th=[  300], 40.00th=[  300], 50.00th=[  313], 60.00th=[  330],
     | 70.00th=[  338], 80.00th=[  338], 90.00th=[  342], 95.00th=[  347],
     | 99.00th=[  409], 99.50th=[  447], 99.90th=[  447], 99.95th=[  447],
     | 99.99th=[  447]
   bw (  KiB/s): min=149803, max=229376, per=96.12%, avg=196882.10, stdev=21263.32, samples=10
   iops        : min=  146, max=  224, avg=192.20, stdev=20.84, samples=10
  lat (msec)   : 250=4.00%, 500=96.00%
  cpu          : usr=1.76%, sys=1.72%, ctx=163, majf=0, minf=28
  IO depths    : 1=0.1%, 2=0.2%, 4=0.4%, 8=0.8%, 16=1.6%, 32=3.1%, >=64=93.8%
     submit    : 0=0.0%, 4=100.0%, 8=0.0%, 16=0.0%, 32=0.0%, 64=0.0%, >=64=0.0%
     complete  : 0=0.0%, 4=99.9%, 8=0.0%, 16=0.0%, 32=0.0%, 64=0.1%, >=64=0.0%
     issued rwt: total=0,1024,0, short=0,0,0, dropped=0,0,0
     latency   : target=0, window=0, percentile=100.00%, depth=64

Run status group 0 (all jobs):
  WRITE: bw=200MiB/s (210MB/s), 200MiB/s-200MiB/s (210MB/s-210MB/s), io=1024MiB (1074MB), run=5119-5119msec

Disk stats (read/write):
  sdh: ios=7/4088, merge=0/0, ticks=4330/713732, in_queue=719930, util=98.03%
