test: (g=0): rw=randread, bs=(R) 8192B-8192B, (W) 8192B-8192B, (T) 8192B-8192B, ioengine=libaio, iodepth=64
fio-3.1
Starting 1 process

test: (groupid=0, jobs=1): err= 0: pid=17926: Mon Jul 23 23:05:13 2018
   read: IOPS=528, BW=4230KiB/s (4331kB/s)(1024MiB/247898msec)
    slat (usec): min=3, max=108, avg=20.01, stdev= 7.08
    clat (msec): min=4, max=1073, avg=121.02, stdev=76.53
     lat (msec): min=4, max=1073, avg=121.04, stdev=76.53
    clat percentiles (msec):
     |  1.00th=[   34],  5.00th=[   56], 10.00th=[   64], 20.00th=[   71],
     | 30.00th=[   78], 40.00th=[   86], 50.00th=[   95], 60.00th=[  109],
     | 70.00th=[  129], 80.00th=[  159], 90.00th=[  213], 95.00th=[  275],
     | 99.00th=[  418], 99.50th=[  477], 99.90th=[  625], 99.95th=[  693],
     | 99.99th=[  869]
   bw (  KiB/s): min= 1936, max= 9584, per=99.75%, avg=4218.24, stdev=706.96, samples=495
   iops        : min=  242, max= 1198, avg=527.27, stdev=88.37, samples=495
  lat (msec)   : 10=0.01%, 20=0.11%, 50=3.54%, 100=50.29%, 250=39.49%
  lat (msec)   : 500=6.17%, 750=0.36%, 1000=0.03%, 2000=0.01%
  cpu          : usr=0.59%, sys=1.75%, ctx=130201, majf=0, minf=158
  IO depths    : 1=0.1%, 2=0.1%, 4=0.1%, 8=0.1%, 16=0.1%, 32=0.1%, >=64=100.0%
     submit    : 0=0.0%, 4=100.0%, 8=0.0%, 16=0.0%, 32=0.0%, 64=0.0%, >=64=0.0%
     complete  : 0=0.0%, 4=100.0%, 8=0.0%, 16=0.0%, 32=0.0%, 64=0.1%, >=64=0.0%
     issued rwt: total=131072,0,0, short=0,0,0, dropped=0,0,0
     latency   : target=0, window=0, percentile=100.00%, depth=64

Run status group 0 (all jobs):
   READ: bw=4230KiB/s (4331kB/s), 4230KiB/s-4230KiB/s (4331kB/s-4331kB/s), io=1024MiB (1074MB), run=247898-247898msec

Disk stats (read/write):
  sdn: ios=131018/0, merge=0/0, ticks=15858308/0, in_queue=15859898, util=100.00%
