test: (g=0): rw=randwrite, bs=(R) 4096B-4096B, (W) 4096B-4096B, (T) 4096B-4096B, ioengine=libaio, iodepth=64
fio-3.1
Starting 1 process

test: (groupid=0, jobs=1): err= 0: pid=17772: Mon Jul 23 22:47:44 2018
  write: IOPS=428, BW=1716KiB/s (1757kB/s)(1024MiB/611122msec)
    slat (usec): min=3, max=122, avg=18.82, stdev= 7.49
    clat (usec): min=285, max=1155.6k, avg=149175.22, stdev=107809.56
     lat (usec): min=306, max=1155.6k, avg=149194.55, stdev=107810.72
    clat percentiles (msec):
     |  1.00th=[   14],  5.00th=[   20], 10.00th=[   26], 20.00th=[   64],
     | 30.00th=[   92], 40.00th=[  112], 50.00th=[  132], 60.00th=[  153],
     | 70.00th=[  176], 80.00th=[  207], 90.00th=[  292], 95.00th=[  380],
     | 99.00th=[  502], 99.50th=[  550], 99.90th=[  701], 99.95th=[  751],
     | 99.99th=[  835]
   bw (  KiB/s): min=  200, max= 7360, per=100.00%, avg=1716.37, stdev=509.04, samples=1220
   iops        : min=   50, max= 1840, avg=429.09, stdev=127.26, samples=1220
  lat (usec)   : 500=0.01%, 1000=0.01%
  lat (msec)   : 2=0.01%, 4=0.01%, 10=0.08%, 20=5.75%, 50=11.83%
  lat (msec)   : 100=16.53%, 250=52.64%, 500=12.16%, 750=0.97%, 1000=0.05%
  lat (msec)   : 2000=0.01%
  cpu          : usr=0.49%, sys=1.34%, ctx=261435, majf=0, minf=28
  IO depths    : 1=0.1%, 2=0.1%, 4=0.1%, 8=0.1%, 16=0.1%, 32=0.1%, >=64=100.0%
     submit    : 0=0.0%, 4=100.0%, 8=0.0%, 16=0.0%, 32=0.0%, 64=0.0%, >=64=0.0%
     complete  : 0=0.0%, 4=100.0%, 8=0.0%, 16=0.0%, 32=0.0%, 64=0.1%, >=64=0.0%
     issued rwt: total=0,262144,0, short=0,0,0, dropped=0,0,0
     latency   : target=0, window=0, percentile=100.00%, depth=64

Run status group 0 (all jobs):
  WRITE: bw=1716KiB/s (1757kB/s), 1716KiB/s-1716KiB/s (1757kB/s-1757kB/s), io=1024MiB (1074MB), run=611122-611122msec

Disk stats (read/write):
  sdn: ios=29/262022, merge=0/0, ticks=6/39102145, in_queue=39102983, util=100.00%
