test: (g=0): rw=randread, bs=(R) 4096B-4096B, (W) 4096B-4096B, (T) 4096B-4096B, ioengine=libaio, iodepth=64
fio-3.1
Starting 1 process

test: (groupid=0, jobs=1): err= 0: pid=17819: Mon Jul 23 22:55:55 2018
   read: IOPS=535, BW=2140KiB/s (2191kB/s)(1024MiB/489986msec)
    slat (usec): min=3, max=114, avg=19.20, stdev= 6.90
    clat (msec): min=4, max=1062, avg=119.60, stdev=74.88
     lat (msec): min=5, max=1062, avg=119.62, stdev=74.88
    clat percentiles (msec):
     |  1.00th=[   28],  5.00th=[   56], 10.00th=[   64], 20.00th=[   70],
     | 30.00th=[   78], 40.00th=[   85], 50.00th=[   95], 60.00th=[  108],
     | 70.00th=[  128], 80.00th=[  157], 90.00th=[  211], 95.00th=[  271],
     | 99.00th=[  409], 99.50th=[  468], 99.90th=[  609], 99.95th=[  659],
     | 99.99th=[  810]
   bw (  KiB/s): min=  832, max= 6776, per=99.73%, avg=2134.12, stdev=387.70, samples=979
   iops        : min=  208, max= 1694, avg=533.52, stdev=96.92, samples=979
  lat (msec)   : 10=0.03%, 20=0.41%, 50=3.27%, 100=50.88%, 250=39.13%
  lat (msec)   : 500=5.94%, 750=0.33%, 1000=0.02%, 2000=0.01%
  cpu          : usr=0.64%, sys=1.70%, ctx=260644, majf=0, minf=94
  IO depths    : 1=0.1%, 2=0.1%, 4=0.1%, 8=0.1%, 16=0.1%, 32=0.1%, >=64=100.0%
     submit    : 0=0.0%, 4=100.0%, 8=0.0%, 16=0.0%, 32=0.0%, 64=0.0%, >=64=0.0%
     complete  : 0=0.0%, 4=100.0%, 8=0.0%, 16=0.0%, 32=0.0%, 64=0.1%, >=64=0.0%
     issued rwt: total=262144,0,0, short=0,0,0, dropped=0,0,0
     latency   : target=0, window=0, percentile=100.00%, depth=64

Run status group 0 (all jobs):
   READ: bw=2140KiB/s (2191kB/s), 2140KiB/s-2140KiB/s (2191kB/s-2191kB/s), io=1024MiB (1074MB), run=489986-489986msec

Disk stats (read/write):
  sdn: ios=261817/0, merge=0/0, ticks=31341552/0, in_queue=31342404, util=100.00%
