test: (g=0): rw=randwrite, bs=(R) 64.0KiB-64.0KiB, (W) 64.0KiB-64.0KiB, (T) 64.0KiB-64.0KiB, ioengine=libaio, iodepth=64
fio-3.1
Starting 1 process

test: (groupid=0, jobs=1): err= 0: pid=4647: Fri Jul 13 18:10:55 2018
  write: IOPS=377, BW=23.6MiB/s (24.7MB/s)(1024MiB/43389msec)
    slat (nsec): min=4177, max=78035, avg=27380.86, stdev=11161.37
    clat (usec): min=496, max=961280, avg=169431.60, stdev=150299.27
     lat (usec): min=519, max=961323, avg=169459.39, stdev=150301.06
    clat percentiles (msec):
     |  1.00th=[    9],  5.00th=[   17], 10.00th=[   21], 20.00th=[   32],
     | 30.00th=[   71], 40.00th=[  106], 50.00th=[  136], 60.00th=[  167],
     | 70.00th=[  205], 80.00th=[  259], 90.00th=[  401], 95.00th=[  481],
     | 99.00th=[  651], 99.50th=[  718], 99.90th=[  885], 99.95th=[  894],
     | 99.99th=[  961]
   bw (  KiB/s): min= 4480, max=50176, per=97.89%, avg=23656.19, stdev=8563.72, samples=86
   iops        : min=   70, max=  784, avg=369.63, stdev=133.81, samples=86
  lat (usec)   : 500=0.01%, 750=0.01%
  lat (msec)   : 2=0.02%, 4=0.15%, 10=1.10%, 20=7.70%, 50=17.72%
  lat (msec)   : 100=11.29%, 250=40.95%, 500=16.85%, 750=3.92%, 1000=0.28%
  cpu          : usr=0.49%, sys=1.56%, ctx=15702, majf=0, minf=28
  IO depths    : 1=0.1%, 2=0.1%, 4=0.1%, 8=0.1%, 16=0.1%, 32=0.2%, >=64=99.6%
     submit    : 0=0.0%, 4=100.0%, 8=0.0%, 16=0.0%, 32=0.0%, 64=0.0%, >=64=0.0%
     complete  : 0=0.0%, 4=100.0%, 8=0.0%, 16=0.0%, 32=0.0%, 64=0.1%, >=64=0.0%
     issued rwt: total=0,16384,0, short=0,0,0, dropped=0,0,0
     latency   : target=0, window=0, percentile=100.00%, depth=64

Run status group 0 (all jobs):
  WRITE: bw=23.6MiB/s (24.7MB/s), 23.6MiB/s-23.6MiB/s (24.7MB/s-24.7MB/s), io=1024MiB (1074MB), run=43389-43389msec

Disk stats (read/write):
  sdm: ios=43/15681, merge=0/681, ticks=20961/2690364, in_queue=2711724, util=99.83%
