test: (g=0): rw=write, bs=(R) 512KiB-512KiB, (W) 512KiB-512KiB, (T) 512KiB-512KiB, ioengine=libaio, iodepth=64
fio-3.1
Starting 1 process

test: (groupid=0, jobs=1): err= 0: pid=3342: Sun Jul 15 09:16:37 2018
  write: IOPS=391, BW=196MiB/s (205MB/s)(1024MiB/5232msec)
    slat (usec): min=33, max=208, avg=126.38, stdev=35.69
    clat (msec): min=16, max=333, avg=163.20, stdev=25.86
     lat (msec): min=16, max=333, avg=163.33, stdev=25.85
    clat percentiles (msec):
     |  1.00th=[  153],  5.00th=[  153], 10.00th=[  153], 20.00th=[  153],
     | 30.00th=[  155], 40.00th=[  155], 50.00th=[  157], 60.00th=[  159],
     | 70.00th=[  159], 80.00th=[  165], 90.00th=[  178], 95.00th=[  201],
     | 99.00th=[  300], 99.50th=[  313], 99.90th=[  330], 99.95th=[  330],
     | 99.99th=[  334]
   bw (  KiB/s): min=130048, max=214016, per=99.84%, avg=200089.60, stdev=25752.92, samples=10
   iops        : min=  254, max=  418, avg=390.80, stdev=50.30, samples=10
  lat (msec)   : 20=0.05%, 100=0.10%, 250=96.83%, 500=3.03%
  cpu          : usr=1.82%, sys=4.13%, ctx=2049, majf=0, minf=28
  IO depths    : 1=0.1%, 2=0.1%, 4=0.2%, 8=0.4%, 16=0.8%, 32=1.6%, >=64=96.9%
     submit    : 0=0.0%, 4=100.0%, 8=0.0%, 16=0.0%, 32=0.0%, 64=0.0%, >=64=0.0%
     complete  : 0=0.0%, 4=99.9%, 8=0.0%, 16=0.0%, 32=0.0%, 64=0.1%, >=64=0.0%
     issued rwt: total=0,2048,0, short=0,0,0, dropped=0,0,0
     latency   : target=0, window=0, percentile=100.00%, depth=64

Run status group 0 (all jobs):
  WRITE: bw=196MiB/s (205MB/s), 196MiB/s-196MiB/s (205MB/s-205MB/s), io=1024MiB (1074MB), run=5232-5232msec

Disk stats (read/write):
  sdn: ios=0/4004, merge=0/0, ticks=0/641747, in_queue=651008, util=97.84%
