test: (g=0): rw=randread, bs=(R) 8192B-8192B, (W) 8192B-8192B, (T) 8192B-8192B, ioengine=libaio, iodepth=64
fio-3.1
Starting 1 process

test: (groupid=0, jobs=1): err= 0: pid=29459: Sun Jul 15 09:17:17 2018
   read: IOPS=509, BW=4075KiB/s (4172kB/s)(1024MiB/257342msec)
    slat (nsec): min=1709, max=321681, avg=16175.87, stdev=6391.99
    clat (usec): min=1014, max=1425.7k, avg=125632.66, stdev=93135.22
     lat (usec): min=1017, max=1425.7k, avg=125649.29, stdev=93135.53
    clat percentiles (msec):
     |  1.00th=[   14],  5.00th=[   27], 10.00th=[   37], 20.00th=[   56],
     | 30.00th=[   72], 40.00th=[   88], 50.00th=[  104], 60.00th=[  122],
     | 70.00th=[  144], 80.00th=[  178], 90.00th=[  241], 95.00th=[  309],
     | 99.00th=[  464], 99.50th=[  535], 99.90th=[  701], 99.95th=[  793],
     | 99.99th=[  978]
   bw (  KiB/s): min= 1696, max= 9392, per=99.76%, avg=4064.11, stdev=708.89, samples=514
   iops        : min=  212, max= 1174, avg=508.01, stdev=88.61, samples=514
  lat (msec)   : 2=0.01%, 4=0.02%, 10=0.43%, 20=2.29%, 50=14.20%
  lat (msec)   : 100=30.79%, 250=43.15%, 500=8.41%, 750=0.63%, 1000=0.06%
  lat (msec)   : 2000=0.01%
  cpu          : usr=0.65%, sys=1.74%, ctx=128288, majf=0, minf=159
  IO depths    : 1=0.1%, 2=0.1%, 4=0.1%, 8=0.1%, 16=0.1%, 32=0.1%, >=64=100.0%
     submit    : 0=0.0%, 4=100.0%, 8=0.0%, 16=0.0%, 32=0.0%, 64=0.0%, >=64=0.0%
     complete  : 0=0.0%, 4=100.0%, 8=0.0%, 16=0.0%, 32=0.0%, 64=0.1%, >=64=0.0%
     issued rwt: total=131072,0,0, short=0,0,0, dropped=0,0,0
     latency   : target=0, window=0, percentile=100.00%, depth=64

Run status group 0 (all jobs):
   READ: bw=4075KiB/s (4172kB/s), 4075KiB/s-4075KiB/s (4172kB/s-4172kB/s), io=1024MiB (1074MB), run=257342-257342msec

Disk stats (read/write):
  sdm: ios=128774/6, merge=1962/0, ticks=16302371/3754, in_queue=16308706, util=100.00%
