test: (g=0): rw=randread, bs=(R) 64.0KiB-64.0KiB, (W) 64.0KiB-64.0KiB, (T) 64.0KiB-64.0KiB, ioengine=libaio, iodepth=64
fio-3.1
Starting 1 process

test: (groupid=0, jobs=1): err= 0: pid=29550: Sun Jul 15 09:19:15 2018
   read: IOPS=467, BW=29.2MiB/s (30.6MB/s)(1024MiB/35066msec)
    slat (usec): min=4, max=207, avg=24.14, stdev= 8.34
    clat (msec): min=5, max=1096, avg=136.94, stdev=100.62
     lat (msec): min=5, max=1096, avg=136.96, stdev=100.62
    clat percentiles (msec):
     |  1.00th=[   17],  5.00th=[   31], 10.00th=[   43], 20.00th=[   62],
     | 30.00th=[   80], 40.00th=[   95], 50.00th=[  113], 60.00th=[  132],
     | 70.00th=[  155], 80.00th=[  192], 90.00th=[  264], 95.00th=[  334],
     | 99.00th=[  506], 99.50th=[  575], 99.90th=[  768], 99.95th=[  835],
     | 99.99th=[ 1083]
   bw (  KiB/s): min=24448, max=49024, per=99.74%, avg=29823.19, stdev=4242.00, samples=70
   iops        : min=  382, max=  766, avg=465.99, stdev=66.28, samples=70
  lat (msec)   : 10=0.12%, 20=1.53%, 50=11.98%, 100=29.38%, 250=45.56%
  lat (msec)   : 500=10.41%, 750=0.90%, 1000=0.12%, 2000=0.02%
  cpu          : usr=0.68%, sys=1.92%, ctx=15710, majf=0, minf=545
  IO depths    : 1=0.1%, 2=0.1%, 4=0.1%, 8=0.1%, 16=0.1%, 32=0.2%, >=64=99.6%
     submit    : 0=0.0%, 4=100.0%, 8=0.0%, 16=0.0%, 32=0.0%, 64=0.0%, >=64=0.0%
     complete  : 0=0.0%, 4=100.0%, 8=0.0%, 16=0.0%, 32=0.0%, 64=0.1%, >=64=0.0%
     issued rwt: total=16384,0,0, short=0,0,0, dropped=0,0,0
     latency   : target=0, window=0, percentile=100.00%, depth=64

Run status group 0 (all jobs):
   READ: bw=29.2MiB/s (30.6MB/s), 29.2MiB/s-29.2MiB/s (30.6MB/s-30.6MB/s), io=1024MiB (1074MB), run=35066-35066msec

Disk stats (read/write):
  sdm: ios=15588/1, merge=631/0, ticks=2164784/1139, in_queue=2168087, util=99.78%
