test: (g=0): rw=read, bs=(R) 1024KiB-1024KiB, (W) 1024KiB-1024KiB, (T) 1024KiB-1024KiB, ioengine=libaio, iodepth=64
fio-3.1
Starting 1 process

test: (groupid=0, jobs=1): err= 0: pid=40762: Fri Jul 13 14:04:20 2018
   read: IOPS=199, BW=200MiB/s (210MB/s)(1024MiB/5122msec)
    slat (usec): min=32, max=44087, avg=4820.65, stdev=12778.53
    clat (msec): min=131, max=451, avg=312.87, stdev=33.33
     lat (msec): min=131, max=489, avg=317.69, stdev=31.63
    clat percentiles (msec):
     |  1.00th=[  184],  5.00th=[  271], 10.00th=[  275], 20.00th=[  309],
     | 30.00th=[  309], 40.00th=[  317], 50.00th=[  317], 60.00th=[  317],
     | 70.00th=[  334], 80.00th=[  334], 90.00th=[  334], 95.00th=[  334],
     | 99.00th=[  414], 99.50th=[  451], 99.90th=[  451], 99.95th=[  451],
     | 99.99th=[  451]
   bw (  KiB/s): min=151552, max=212992, per=96.14%, avg=196812.80, stdev=19198.60, samples=10
   iops        : min=  148, max=  208, avg=192.20, stdev=18.75, samples=10
  lat (msec)   : 250=4.00%, 500=96.00%
  cpu          : usr=0.00%, sys=2.25%, ctx=162, majf=0, minf=575
  IO depths    : 1=0.1%, 2=0.2%, 4=0.4%, 8=0.8%, 16=1.6%, 32=3.1%, >=64=93.8%
     submit    : 0=0.0%, 4=100.0%, 8=0.0%, 16=0.0%, 32=0.0%, 64=0.0%, >=64=0.0%
     complete  : 0=0.0%, 4=99.9%, 8=0.0%, 16=0.0%, 32=0.0%, 64=0.1%, >=64=0.0%
     issued rwt: total=1024,0,0, short=0,0,0, dropped=0,0,0
     latency   : target=0, window=0, percentile=100.00%, depth=64

Run status group 0 (all jobs):
   READ: bw=200MiB/s (210MB/s), 200MiB/s-200MiB/s (210MB/s-210MB/s), io=1024MiB (1074MB), run=5122-5122msec

Disk stats (read/write):
  sdf: ios=3906/0, merge=0/0, ticks=687289/0, in_queue=699539, util=98.04%
