test: (g=0): rw=read, bs=(R) 1024KiB-1024KiB, (W) 1024KiB-1024KiB, (T) 1024KiB-1024KiB, ioengine=libaio, iodepth=64
fio-3.1
Starting 1 process

test: (groupid=0, jobs=1): err= 0: pid=27417: Fri Jul 13 15:09:15 2018
   read: IOPS=201, BW=202MiB/s (211MB/s)(1024MiB/5077msec)
    slat (usec): min=37, max=46214, avg=4809.95, stdev=12702.18
    clat (msec): min=149, max=447, avg=309.84, stdev=35.94
     lat (msec): min=167, max=447, avg=314.65, stdev=34.21
    clat percentiles (msec):
     |  1.00th=[  186],  5.00th=[  262], 10.00th=[  266], 20.00th=[  300],
     | 30.00th=[  300], 40.00th=[  300], 50.00th=[  305], 60.00th=[  305],
     | 70.00th=[  334], 80.00th=[  347], 90.00th=[  347], 95.00th=[  347],
     | 99.00th=[  409], 99.50th=[  447], 99.90th=[  447], 99.95th=[  447],
     | 99.99th=[  447]
   bw (  KiB/s): min=147456, max=227328, per=95.29%, avg=196812.80, stdev=22875.96, samples=10
   iops        : min=  144, max=  222, avg=192.20, stdev=22.34, samples=10
  lat (msec)   : 250=4.00%, 500=96.00%
  cpu          : usr=0.06%, sys=2.25%, ctx=156, majf=0, minf=575
  IO depths    : 1=0.1%, 2=0.2%, 4=0.4%, 8=0.8%, 16=1.6%, 32=3.1%, >=64=93.8%
     submit    : 0=0.0%, 4=100.0%, 8=0.0%, 16=0.0%, 32=0.0%, 64=0.0%, >=64=0.0%
     complete  : 0=0.0%, 4=99.9%, 8=0.0%, 16=0.0%, 32=0.0%, 64=0.1%, >=64=0.0%
     issued rwt: total=1024,0,0, short=0,0,0, dropped=0,0,0
     latency   : target=0, window=0, percentile=100.00%, depth=64

Run status group 0 (all jobs):
   READ: bw=202MiB/s (211MB/s), 202MiB/s-202MiB/s (211MB/s-211MB/s), io=1024MiB (1074MB), run=5077-5077msec

Disk stats (read/write):
  sdh: ios=3938/0, merge=0/0, ticks=687503/0, in_queue=699432, util=98.06%
