test: (g=0): rw=randwrite, bs=(R) 8192B-8192B, (W) 8192B-8192B, (T) 8192B-8192B, ioengine=libaio, iodepth=64
fio-3.1
Starting 1 process

test: (groupid=0, jobs=1): err= 0: pid=27558: Fri Jul 13 15:34:12 2018
  write: IOPS=395, BW=3166KiB/s (3242kB/s)(1024MiB/331194msec)
    slat (nsec): min=1820, max=647290, avg=16793.21, stdev=8611.34
    clat (usec): min=290, max=1159.6k, avg=161688.19, stdev=119797.78
     lat (usec): min=343, max=1159.7k, avg=161705.37, stdev=119799.16
    clat percentiles (msec):
     |  1.00th=[   11],  5.00th=[   17], 10.00th=[   24], 20.00th=[   65],
     | 30.00th=[  100], 40.00th=[  122], 50.00th=[  142], 60.00th=[  165],
     | 70.00th=[  192], 80.00th=[  228], 90.00th=[  321], 95.00th=[  409],
     | 99.00th=[  550], 99.50th=[  617], 99.90th=[  793], 99.95th=[  885],
     | 99.99th=[  961]
   bw (  KiB/s): min=  416, max=12432, per=99.63%, avg=3154.29, stdev=1049.39, samples=662
   iops        : min=   52, max= 1554, avg=394.28, stdev=131.18, samples=662
  lat (usec)   : 500=0.01%, 750=0.01%, 1000=0.01%
  lat (msec)   : 2=0.01%, 4=0.09%, 10=0.70%, 20=6.82%, 50=10.40%
  lat (msec)   : 100=12.50%, 250=53.40%, 500=14.24%, 750=1.70%, 1000=0.14%
  lat (msec)   : 2000=0.01%
  cpu          : usr=0.47%, sys=1.25%, ctx=128933, majf=0, minf=329
  IO depths    : 1=0.1%, 2=0.1%, 4=0.1%, 8=0.1%, 16=0.1%, 32=0.1%, >=64=100.0%
     submit    : 0=0.0%, 4=100.0%, 8=0.0%, 16=0.0%, 32=0.0%, 64=0.0%, >=64=0.0%
     complete  : 0=0.0%, 4=100.0%, 8=0.0%, 16=0.0%, 32=0.0%, 64=0.1%, >=64=0.0%
     issued rwt: total=0,131072,0, short=0,0,0, dropped=0,0,0
     latency   : target=0, window=0, percentile=100.00%, depth=64

Run status group 0 (all jobs):
  WRITE: bw=3166KiB/s (3242kB/s), 3166KiB/s-3166KiB/s (3242kB/s-3242kB/s), io=1024MiB (1074MB), run=331194-331194msec

Disk stats (read/write):
  sdh: ios=40/128907, merge=0/2002, ticks=17677/21000596, in_queue=21019808, util=100.00%
