test: (g=0): rw=randread, bs=(R) 8192B-8192B, (W) 8192B-8192B, (T) 8192B-8192B, ioengine=libaio, iodepth=64
fio-3.1
Starting 1 process

test: (groupid=0, jobs=1): err= 0: pid=16136: Mon Jul 23 21:32:19 2018
   read: IOPS=524, BW=4195KiB/s (4295kB/s)(1024MiB/249974msec)
    slat (nsec): min=3776, max=76477, avg=21349.54, stdev=7251.67
    clat (msec): min=7, max=1178, avg=122.03, stdev=76.94
     lat (msec): min=7, max=1178, avg=122.05, stdev=76.94
    clat percentiles (msec):
     |  1.00th=[   36],  5.00th=[   57], 10.00th=[   65], 20.00th=[   71],
     | 30.00th=[   79], 40.00th=[   86], 50.00th=[   96], 60.00th=[  110],
     | 70.00th=[  130], 80.00th=[  161], 90.00th=[  215], 95.00th=[  275],
     | 99.00th=[  422], 99.50th=[  485], 99.90th=[  634], 99.95th=[  701],
     | 99.99th=[  877]
   bw (  KiB/s): min= 1152, max= 9104, per=99.73%, avg=4182.87, stdev=668.27, samples=499
   iops        : min=  144, max= 1138, avg=522.85, stdev=83.54, samples=499
  lat (msec)   : 10=0.01%, 20=0.07%, 50=3.49%, 100=49.71%, 250=40.04%
  lat (msec)   : 500=6.28%, 750=0.38%, 1000=0.03%, 2000=0.01%
  cpu          : usr=0.61%, sys=1.83%, ctx=130169, majf=0, minf=159
  IO depths    : 1=0.1%, 2=0.1%, 4=0.1%, 8=0.1%, 16=0.1%, 32=0.1%, >=64=100.0%
     submit    : 0=0.0%, 4=100.0%, 8=0.0%, 16=0.0%, 32=0.0%, 64=0.0%, >=64=0.0%
     complete  : 0=0.0%, 4=100.0%, 8=0.0%, 16=0.0%, 32=0.0%, 64=0.1%, >=64=0.0%
     issued rwt: total=131072,0,0, short=0,0,0, dropped=0,0,0
     latency   : target=0, window=0, percentile=100.00%, depth=64

Run status group 0 (all jobs):
   READ: bw=4195KiB/s (4295kB/s), 4195KiB/s-4195KiB/s (4295kB/s-4295kB/s), io=1024MiB (1074MB), run=249974-249974msec

Disk stats (read/write):
  sdk: ios=130982/0, merge=0/0, ticks=15987199/0, in_queue=15988752, util=100.00%
