test: (g=0): rw=write, bs=(R) 512KiB-512KiB, (W) 512KiB-512KiB, (T) 512KiB-512KiB, ioengine=libaio, iodepth=64
fio-3.1
Starting 1 process

test: (groupid=0, jobs=1): err= 0: pid=15808: Mon Jul 23 21:01:13 2018
  write: IOPS=383, BW=192MiB/s (201MB/s)(1024MiB/5343msec)
    slat (usec): min=33, max=201, avg=131.65, stdev=37.21
    clat (msec): min=4, max=314, avg=166.68, stdev=23.56
     lat (msec): min=4, max=314, avg=166.81, stdev=23.57
    clat percentiles (msec):
     |  1.00th=[   55],  5.00th=[  157], 10.00th=[  157], 20.00th=[  161],
     | 30.00th=[  161], 40.00th=[  165], 50.00th=[  169], 60.00th=[  171],
     | 70.00th=[  171], 80.00th=[  174], 90.00th=[  180], 95.00th=[  182],
     | 99.00th=[  266], 99.50th=[  292], 99.90th=[  309], 99.95th=[  313],
     | 99.99th=[  317]
   bw (  KiB/s): min=183296, max=204800, per=99.71%, avg=195686.40, stdev=7805.27, samples=10
   iops        : min=  358, max=  400, avg=382.20, stdev=15.24, samples=10
  lat (msec)   : 10=0.34%, 20=0.05%, 50=0.49%, 100=1.03%, 250=96.83%
  lat (msec)   : 500=1.27%
  cpu          : usr=2.02%, sys=3.82%, ctx=2046, majf=0, minf=28
  IO depths    : 1=0.1%, 2=0.1%, 4=0.2%, 8=0.4%, 16=0.8%, 32=1.6%, >=64=96.9%
     submit    : 0=0.0%, 4=100.0%, 8=0.0%, 16=0.0%, 32=0.0%, 64=0.0%, >=64=0.0%
     complete  : 0=0.0%, 4=99.9%, 8=0.0%, 16=0.0%, 32=0.0%, 64=0.1%, >=64=0.0%
     issued rwt: total=0,2048,0, short=0,0,0, dropped=0,0,0
     latency   : target=0, window=0, percentile=100.00%, depth=64

Run status group 0 (all jobs):
  WRITE: bw=192MiB/s (201MB/s), 192MiB/s-192MiB/s (201MB/s-201MB/s), io=1024MiB (1074MB), run=5343-5343msec

Disk stats (read/write):
  sdk: ios=25/3922, merge=0/0, ticks=89/642638, in_queue=652889, util=98.30%
