test: (g=0): rw=randread, bs=(R) 64.0KiB-64.0KiB, (W) 64.0KiB-64.0KiB, (T) 64.0KiB-64.0KiB, ioengine=libaio, iodepth=64
fio-3.1
Starting 1 process

test: (groupid=0, jobs=1): err= 0: pid=33974: Thu Jul 12 16:50:43 2018
   read: IOPS=464, BW=29.0MiB/s (30.4MB/s)(1024MiB/35278msec)
    slat (usec): min=3, max=122, avg=20.94, stdev= 7.99
    clat (msec): min=4, max=1057, avg=137.77, stdev=103.02
     lat (msec): min=4, max=1057, avg=137.79, stdev=103.02
    clat percentiles (msec):
     |  1.00th=[   18],  5.00th=[   31], 10.00th=[   43], 20.00th=[   62],
     | 30.00th=[   80], 40.00th=[   95], 50.00th=[  113], 60.00th=[  131],
     | 70.00th=[  155], 80.00th=[  192], 90.00th=[  266], 95.00th=[  342],
     | 99.00th=[  535], 99.50th=[  592], 99.90th=[  768], 99.95th=[  827],
     | 99.99th=[  902]
   bw (  KiB/s): min=23296, max=44160, per=99.36%, avg=29532.57, stdev=3740.41, samples=70
   iops        : min=  364, max=  690, avg=461.44, stdev=58.43, samples=70
  lat (msec)   : 10=0.09%, 20=1.55%, 50=12.08%, 100=28.94%, 250=45.89%
  lat (msec)   : 500=10.14%, 750=1.18%, 1000=0.12%, 2000=0.01%
  cpu          : usr=0.59%, sys=1.76%, ctx=15688, majf=0, minf=544
  IO depths    : 1=0.1%, 2=0.1%, 4=0.1%, 8=0.1%, 16=0.1%, 32=0.2%, >=64=99.6%
     submit    : 0=0.0%, 4=100.0%, 8=0.0%, 16=0.0%, 32=0.0%, 64=0.0%, >=64=0.0%
     complete  : 0=0.0%, 4=100.0%, 8=0.0%, 16=0.0%, 32=0.0%, 64=0.1%, >=64=0.0%
     issued rwt: total=16384,0,0, short=0,0,0, dropped=0,0,0
     latency   : target=0, window=0, percentile=100.00%, depth=64

Run status group 0 (all jobs):
   READ: bw=29.0MiB/s (30.4MB/s), 29.0MiB/s-29.0MiB/s (30.4MB/s-30.4MB/s), io=1024MiB (1074MB), run=35278-35278msec

Disk stats (read/write):
  sdi: ios=15636/0, merge=672/0, ticks=2175918/0, in_queue=2178633, util=100.00%
