test: (g=0): rw=write, bs=(R) 1024KiB-1024KiB, (W) 1024KiB-1024KiB, (T) 1024KiB-1024KiB, ioengine=libaio, iodepth=64
fio-3.1
Starting 1 process

test: (groupid=0, jobs=1): err= 0: pid=17619: Mon Jul 23 20:22:06 2018
  write: IOPS=199, BW=200MiB/s (210MB/s)(1024MiB/5124msec)
    slat (usec): min=84, max=58501, avg=4857.13, stdev=12896.35
    clat (msec): min=147, max=447, avg=312.96, stdev=38.60
     lat (msec): min=165, max=447, avg=317.82, stdev=37.45
    clat percentiles (msec):
     |  1.00th=[  182],  5.00th=[  259], 10.00th=[  271], 20.00th=[  296],
     | 30.00th=[  300], 40.00th=[  300], 50.00th=[  305], 60.00th=[  313],
     | 70.00th=[  334], 80.00th=[  351], 90.00th=[  359], 95.00th=[  363],
     | 99.00th=[  409], 99.50th=[  447], 99.90th=[  447], 99.95th=[  447],
     | 99.99th=[  447]
   bw (  KiB/s): min=147456, max=229835, per=96.20%, avg=196858.70, stdev=24500.72, samples=10
   iops        : min=  144, max=  224, avg=192.20, stdev=23.86, samples=10
  lat (msec)   : 250=4.00%, 500=96.00%
  cpu          : usr=1.19%, sys=2.09%, ctx=146, majf=0, minf=28
  IO depths    : 1=0.1%, 2=0.2%, 4=0.4%, 8=0.8%, 16=1.6%, 32=3.1%, >=64=93.8%
     submit    : 0=0.0%, 4=100.0%, 8=0.0%, 16=0.0%, 32=0.0%, 64=0.0%, >=64=0.0%
     complete  : 0=0.0%, 4=99.9%, 8=0.0%, 16=0.0%, 32=0.0%, 64=0.1%, >=64=0.0%
     issued rwt: total=0,1024,0, short=0,0,0, dropped=0,0,0
     latency   : target=0, window=0, percentile=100.00%, depth=64

Run status group 0 (all jobs):
  WRITE: bw=200MiB/s (210MB/s), 200MiB/s-200MiB/s (210MB/s-210MB/s), io=1024MiB (1074MB), run=5124-5124msec

Disk stats (read/write):
  sdj: ios=40/4091, merge=0/0, ticks=4/719994, in_queue=720834, util=97.69%
