test: (g=0): rw=randread, bs=(R) 4096B-4096B, (W) 4096B-4096B, (T) 4096B-4096B, ioengine=libaio, iodepth=64
fio-3.1
Starting 1 process

test: (groupid=0, jobs=1): err= 0: pid=3327: Thu Jul 12 15:45:58 2018
   read: IOPS=496, BW=1986KiB/s (2034kB/s)(1024MiB/527956msec)
    slat (nsec): min=1297, max=58214, avg=14042.43, stdev=5065.08
    clat (usec): min=529, max=1682.3k, avg=128875.37, stdev=97993.75
     lat (usec): min=533, max=1682.3k, avg=128889.89, stdev=97993.91
    clat percentiles (msec):
     |  1.00th=[   13],  5.00th=[   27], 10.00th=[   38], 20.00th=[   57],
     | 30.00th=[   73], 40.00th=[   90], 50.00th=[  106], 60.00th=[  124],
     | 70.00th=[  146], 80.00th=[  182], 90.00th=[  249], 95.00th=[  321],
     | 99.00th=[  493], 99.50th=[  567], 99.90th=[  760], 99.95th=[  844],
     | 99.99th=[ 1045]
   bw (  KiB/s): min=  896, max= 7080, per=99.71%, avg=1980.15, stdev=385.34, samples=1055
   iops        : min=  224, max= 1770, avg=495.03, stdev=96.33, samples=1055
  lat (usec)   : 750=0.01%, 1000=0.01%
  lat (msec)   : 2=0.02%, 4=0.07%, 10=0.50%, 20=2.25%, 50=13.68%
  lat (msec)   : 100=30.08%, 250=43.64%, 500=8.83%, 750=0.82%, 1000=0.09%
  lat (msec)   : 2000=0.02%
  cpu          : usr=0.68%, sys=1.52%, ctx=258328, majf=0, minf=94
  IO depths    : 1=0.1%, 2=0.1%, 4=0.1%, 8=0.1%, 16=0.1%, 32=0.1%, >=64=100.0%
     submit    : 0=0.0%, 4=100.0%, 8=0.0%, 16=0.0%, 32=0.0%, 64=0.0%, >=64=0.0%
     complete  : 0=0.0%, 4=100.0%, 8=0.0%, 16=0.0%, 32=0.0%, 64=0.1%, >=64=0.0%
     issued rwt: total=262144,0,0, short=0,0,0, dropped=0,0,0
     latency   : target=0, window=0, percentile=100.00%, depth=64

Run status group 0 (all jobs):
   READ: bw=1986KiB/s (2034kB/s), 1986KiB/s-1986KiB/s (2034kB/s-2034kB/s), io=1024MiB (1074MB), run=527956-527956msec

Disk stats (read/write):
  sdn: ios=259261/0, merge=2654/0, ticks=33588479/0, in_queue=33590229, util=100.00%
