test: (g=0): rw=write, bs=(R) 512KiB-512KiB, (W) 512KiB-512KiB, (T) 512KiB-512KiB, ioengine=libaio, iodepth=64
fio-3.1
Starting 1 process

test: (groupid=0, jobs=1): err= 0: pid=23691: Fri Aug 17 17:35:41 2018
  write: IOPS=390, BW=195MiB/s (205MB/s)(1024MiB/5242msec)
    slat (usec): min=32, max=203, avg=110.21, stdev=37.78
    clat (msec): min=4, max=351, avg=163.56, stdev=27.51
     lat (msec): min=4, max=351, avg=163.67, stdev=27.52
    clat percentiles (msec):
     |  1.00th=[   50],  5.00th=[  148], 10.00th=[  153], 20.00th=[  155],
     | 30.00th=[  157], 40.00th=[  159], 50.00th=[  163], 60.00th=[  165],
     | 70.00th=[  169], 80.00th=[  174], 90.00th=[  178], 95.00th=[  188],
     | 99.00th=[  305], 99.50th=[  330], 99.90th=[  347], 99.95th=[  351],
     | 99.99th=[  351]
   bw (  KiB/s): min=188416, max=207872, per=99.72%, avg=199475.20, stdev=6941.75, samples=10
   iops        : min=  368, max=  406, avg=389.60, stdev=13.56, samples=10
  lat (msec)   : 10=0.39%, 50=0.63%, 100=0.98%, 250=96.68%, 500=1.32%
  cpu          : usr=1.97%, sys=3.22%, ctx=1144, majf=0, minf=28
  IO depths    : 1=0.1%, 2=0.1%, 4=0.2%, 8=0.4%, 16=0.8%, 32=1.6%, >=64=96.9%
     submit    : 0=0.0%, 4=100.0%, 8=0.0%, 16=0.0%, 32=0.0%, 64=0.0%, >=64=0.0%
     complete  : 0=0.0%, 4=99.9%, 8=0.0%, 16=0.0%, 32=0.0%, 64=0.1%, >=64=0.0%
     issued rwt: total=0,2048,0, short=0,0,0, dropped=0,0,0
     latency   : target=0, window=0, percentile=100.00%, depth=64

Run status group 0 (all jobs):
  WRITE: bw=195MiB/s (205MB/s), 195MiB/s-195MiB/s (205MB/s-205MB/s), io=1024MiB (1074MB), run=5242-5242msec

Disk stats (read/write):
  sdf: ios=19/3998, merge=0/0, ticks=5/641615, in_queue=651871, util=97.88%
