test: (g=0): rw=write, bs=(R) 1024KiB-1024KiB, (W) 1024KiB-1024KiB, (T) 1024KiB-1024KiB, ioengine=libaio, iodepth=64
fio-3.1
Starting 1 process

test: (groupid=0, jobs=1): err= 0: pid=23784: Fri Aug 17 17:35:52 2018
  write: IOPS=199, BW=200MiB/s (209MB/s)(1024MiB/5129msec)
    slat (usec): min=61, max=50898, avg=4838.70, stdev=12755.10
    clat (msec): min=134, max=475, avg=313.73, stdev=34.26
     lat (msec): min=134, max=475, avg=318.57, stdev=32.93
    clat percentiles (msec):
     |  1.00th=[  174],  5.00th=[  264], 10.00th=[  279], 20.00th=[  305],
     | 30.00th=[  309], 40.00th=[  313], 50.00th=[  317], 60.00th=[  321],
     | 70.00th=[  330], 80.00th=[  334], 90.00th=[  338], 95.00th=[  342],
     | 99.00th=[  401], 99.50th=[  439], 99.90th=[  477], 99.95th=[  477],
     | 99.99th=[  477]
   bw (  KiB/s): min=155648, max=212992, per=96.27%, avg=196812.80, stdev=16734.39, samples=10
   iops        : min=  152, max=  208, avg=192.20, stdev=16.34, samples=10
  lat (msec)   : 250=4.00%, 500=96.00%
  cpu          : usr=1.42%, sys=1.99%, ctx=147, majf=0, minf=28
  IO depths    : 1=0.1%, 2=0.2%, 4=0.4%, 8=0.8%, 16=1.6%, 32=3.1%, >=64=93.8%
     submit    : 0=0.0%, 4=100.0%, 8=0.0%, 16=0.0%, 32=0.0%, 64=0.0%, >=64=0.0%
     complete  : 0=0.0%, 4=99.9%, 8=0.0%, 16=0.0%, 32=0.0%, 64=0.1%, >=64=0.0%
     issued rwt: total=0,1024,0, short=0,0,0, dropped=0,0,0
     latency   : target=0, window=0, percentile=100.00%, depth=64

Run status group 0 (all jobs):
  WRITE: bw=200MiB/s (209MB/s), 200MiB/s-200MiB/s (209MB/s-209MB/s), io=1024MiB (1074MB), run=5129-5129msec

Disk stats (read/write):
  sdf: ios=19/4080, merge=0/0, ticks=1/719889, in_queue=722310, util=97.52%
