test: (g=0): rw=randwrite, bs=(R) 64.0KiB-64.0KiB, (W) 64.0KiB-64.0KiB, (T) 64.0KiB-64.0KiB, ioengine=libaio, iodepth=64
fio-3.1
Starting 1 process

test: (groupid=0, jobs=1): err= 0: pid=24074: Fri Aug 17 17:56:49 2018
  write: IOPS=563, BW=35.2MiB/s (36.9MB/s)(1024MiB/29084msec)
    slat (nsec): min=3962, max=69381, avg=14393.22, stdev=9601.73
    clat (usec): min=485, max=411006, avg=113582.08, stdev=54539.93
     lat (usec): min=492, max=411012, avg=113596.68, stdev=54542.24
    clat percentiles (usec):
     |  1.00th=[   840],  5.00th=[   865], 10.00th=[   996], 20.00th=[ 88605],
     | 30.00th=[100140], 40.00th=[109577], 50.00th=[117965], 60.00th=[127402],
     | 70.00th=[137364], 80.00th=[149947], 90.00th=[166724], 95.00th=[183501],
     | 99.00th=[274727], 99.50th=[316670], 99.90th=[371196], 99.95th=[387974],
     | 99.99th=[408945]
   bw (  KiB/s): min=17152, max=271104, per=99.91%, avg=36019.88, stdev=31982.69, samples=58
   iops        : min=  268, max= 4236, avg=562.81, stdev=499.73, samples=58
  lat (usec)   : 500=0.12%, 750=0.31%, 1000=9.79%
  lat (msec)   : 2=1.56%, 100=18.30%, 250=68.71%, 500=1.20%
  cpu          : usr=0.36%, sys=0.99%, ctx=7737, majf=0, minf=28
  IO depths    : 1=0.1%, 2=0.1%, 4=0.1%, 8=0.1%, 16=0.1%, 32=0.2%, >=64=99.6%
     submit    : 0=0.0%, 4=100.0%, 8=0.0%, 16=0.0%, 32=0.0%, 64=0.0%, >=64=0.0%
     complete  : 0=0.0%, 4=100.0%, 8=0.0%, 16=0.0%, 32=0.0%, 64=0.1%, >=64=0.0%
     issued rwt: total=0,16384,0, short=0,0,0, dropped=0,0,0
     latency   : target=0, window=0, percentile=100.00%, depth=64

Run status group 0 (all jobs):
  WRITE: bw=35.2MiB/s (36.9MB/s), 35.2MiB/s-35.2MiB/s (36.9MB/s-36.9MB/s), io=1024MiB (1074MB), run=29084-29084msec

Disk stats (read/write):
  sdf: ios=27/16269, merge=0/0, ticks=54/1843935, in_queue=1848155, util=99.83%
