test: (g=0): rw=read, bs=(R) 64.0KiB-64.0KiB, (W) 64.0KiB-64.0KiB, (T) 64.0KiB-64.0KiB, ioengine=libaio, iodepth=64
fio-3.1
Starting 1 process

test: (groupid=0, jobs=1): err= 0: pid=29865: Thu Jul 12 13:46:57 2018
   read: IOPS=8171, BW=511MiB/s (536MB/s)(1024MiB/2005msec)
    slat (usec): min=3, max=191, avg= 9.99, stdev= 5.73
    clat (usec): min=1224, max=15005, avg=7813.90, stdev=833.52
     lat (usec): min=1259, max=15010, avg=7824.01, stdev=833.03
    clat percentiles (usec):
     |  1.00th=[ 7111],  5.00th=[ 7308], 10.00th=[ 7373], 20.00th=[ 7439],
     | 30.00th=[ 7439], 40.00th=[ 7439], 50.00th=[ 7504], 60.00th=[ 7701],
     | 70.00th=[ 7898], 80.00th=[ 8094], 90.00th=[ 8586], 95.00th=[ 9372],
     | 99.00th=[11469], 99.50th=[12387], 99.90th=[13829], 99.95th=[14091],
     | 99.99th=[15008]
   bw (  KiB/s): min=514176, max=535424, per=99.86%, avg=522272.00, stdev=9164.52, samples=4
   iops        : min= 8034, max= 8366, avg=8160.50, stdev=143.20, samples=4
  lat (msec)   : 2=0.10%, 4=0.12%, 10=96.89%, 20=2.89%
  cpu          : usr=2.89%, sys=13.32%, ctx=8670, majf=0, minf=545
  IO depths    : 1=0.1%, 2=0.1%, 4=0.1%, 8=0.1%, 16=0.1%, 32=0.2%, >=64=99.6%
     submit    : 0=0.0%, 4=100.0%, 8=0.0%, 16=0.0%, 32=0.0%, 64=0.0%, >=64=0.0%
     complete  : 0=0.0%, 4=100.0%, 8=0.0%, 16=0.0%, 32=0.0%, 64=0.1%, >=64=0.0%
     issued rwt: total=16384,0,0, short=0,0,0, dropped=0,0,0
     latency   : target=0, window=0, percentile=100.00%, depth=64

Run status group 0 (all jobs):
   READ: bw=511MiB/s (536MB/s), 511MiB/s-511MiB/s (536MB/s-536MB/s), io=1024MiB (1074MB), run=2005-2005msec

Disk stats (read/write):
  sdb: ios=8248/0, merge=7288/0, ticks=64153/0, in_queue=64318, util=95.05%
