test: (g=0): rw=write, bs=(R) 512KiB-512KiB, (W) 512KiB-512KiB, (T) 512KiB-512KiB, ioengine=libaio, iodepth=64
fio-3.1
Starting 1 process

test: (groupid=0, jobs=1): err= 0: pid=29909: Thu Jul 12 13:47:00 2018
  write: IOPS=878, BW=439MiB/s (461MB/s)(1024MiB/2330msec)
    slat (usec): min=26, max=184, avg=114.90, stdev=36.33
    clat (msec): min=4, max=142, avg=72.60, stdev=11.00
     lat (msec): min=4, max=142, avg=72.71, stdev=11.01
    clat percentiles (msec):
     |  1.00th=[   24],  5.00th=[   67], 10.00th=[   67], 20.00th=[   69],
     | 30.00th=[   71], 40.00th=[   72], 50.00th=[   73], 60.00th=[   74],
     | 70.00th=[   75], 80.00th=[   77], 90.00th=[   79], 95.00th=[   80],
     | 99.00th=[  121], 99.50th=[  132], 99.90th=[  140], 99.95th=[  142],
     | 99.99th=[  142]
   bw (  KiB/s): min=446464, max=452608, per=99.89%, avg=449536.00, stdev=2643.96, samples=4
   iops        : min=  872, max=  884, avg=878.00, stdev= 5.16, samples=4
  lat (msec)   : 10=0.44%, 20=0.44%, 50=1.37%, 100=95.85%, 250=1.90%
  cpu          : usr=3.43%, sys=8.93%, ctx=2045, majf=0, minf=28
  IO depths    : 1=0.1%, 2=0.1%, 4=0.2%, 8=0.4%, 16=0.8%, 32=1.6%, >=64=96.9%
     submit    : 0=0.0%, 4=100.0%, 8=0.0%, 16=0.0%, 32=0.0%, 64=0.0%, >=64=0.0%
     complete  : 0=0.0%, 4=99.9%, 8=0.0%, 16=0.0%, 32=0.0%, 64=0.1%, >=64=0.0%
     issued rwt: total=0,2048,0, short=0,0,0, dropped=0,0,0
     latency   : target=0, window=0, percentile=100.00%, depth=64

Run status group 0 (all jobs):
  WRITE: bw=439MiB/s (461MB/s), 439MiB/s-439MiB/s (461MB/s-461MB/s), io=1024MiB (1074MB), run=2330-2330msec

Disk stats (read/write):
  sdb: ios=40/3737, merge=0/0, ticks=13/266567, in_queue=271292, util=95.20%
