test: (g=0): rw=read, bs=(R) 64.0KiB-64.0KiB, (W) 64.0KiB-64.0KiB, (T) 64.0KiB-64.0KiB, ioengine=libaio, iodepth=64
fio-3.1
Starting 1 process

test: (groupid=0, jobs=1): err= 0: pid=38981: Wed Jul 11 15:52:42 2018
   read: IOPS=3299, BW=206MiB/s (216MB/s)(1024MiB/4966msec)
    slat (usec): min=3, max=188, avg=11.70, stdev= 6.36
    clat (usec): min=7806, max=35271, avg=19380.58, stdev=1460.38
     lat (usec): min=7844, max=35292, avg=19392.42, stdev=1461.01
    clat percentiles (usec):
     |  1.00th=[18220],  5.00th=[18220], 10.00th=[18220], 20.00th=[18220],
     | 30.00th=[18220], 40.00th=[18482], 50.00th=[18482], 60.00th=[19006],
     | 70.00th=[20579], 80.00th=[20841], 90.00th=[21103], 95.00th=[21103],
     | 99.00th=[22938], 99.50th=[24249], 99.90th=[31851], 99.95th=[33817],
     | 99.99th=[35390]
   bw (  KiB/s): min=195975, max=222720, per=99.44%, avg=209977.67, stdev=12197.52, samples=9
   iops        : min= 3062, max= 3480, avg=3280.89, stdev=190.60, samples=9
  lat (msec)   : 10=0.06%, 20=61.18%, 50=38.76%
  cpu          : usr=1.45%, sys=5.98%, ctx=8711, majf=0, minf=544
  IO depths    : 1=0.1%, 2=0.1%, 4=0.1%, 8=0.1%, 16=0.1%, 32=0.2%, >=64=99.6%
     submit    : 0=0.0%, 4=100.0%, 8=0.0%, 16=0.0%, 32=0.0%, 64=0.0%, >=64=0.0%
     complete  : 0=0.0%, 4=100.0%, 8=0.0%, 16=0.0%, 32=0.0%, 64=0.1%, >=64=0.0%
     issued rwt: total=16384,0,0, short=0,0,0, dropped=0,0,0
     latency   : target=0, window=0, percentile=100.00%, depth=64

Run status group 0 (all jobs):
   READ: bw=206MiB/s (216MB/s), 206MiB/s-206MiB/s (216MB/s-216MB/s), io=1024MiB (1074MB), run=4966-4966msec

Disk stats (read/write):
  sdd: ios=8579/0, merge=7590/0, ticks=165791/0, in_queue=166177, util=98.06%
