test: (g=0): rw=write, bs=(R) 512KiB-512KiB, (W) 512KiB-512KiB, (T) 512KiB-512KiB, ioengine=libaio, iodepth=64
fio-3.1
Starting 1 process

test: (groupid=0, jobs=1): err= 0: pid=39024: Wed Jul 11 15:52:47 2018
  write: IOPS=404, BW=202MiB/s (212MB/s)(1024MiB/5057msec)
    slat (usec): min=33, max=187, avg=117.20, stdev=36.62
    clat (msec): min=11, max=289, avg=157.76, stdev=24.77
     lat (msec): min=11, max=289, avg=157.88, stdev=24.78
    clat percentiles (msec):
     |  1.00th=[   54],  5.00th=[  146], 10.00th=[  146], 20.00th=[  146],
     | 30.00th=[  148], 40.00th=[  148], 50.00th=[  148], 60.00th=[  167],
     | 70.00th=[  167], 80.00th=[  167], 90.00th=[  176], 95.00th=[  192],
     | 99.00th=[  245], 99.50th=[  268], 99.90th=[  288], 99.95th=[  288],
     | 99.99th=[  292]
   bw (  KiB/s): min=183296, max=223232, per=98.03%, avg=203264.00, stdev=15167.26, samples=10
   iops        : min=  358, max=  436, avg=397.00, stdev=29.62, samples=10
  lat (msec)   : 20=0.34%, 50=0.59%, 100=1.07%, 250=97.12%, 500=0.88%
  cpu          : usr=1.86%, sys=3.72%, ctx=2050, majf=0, minf=27
  IO depths    : 1=0.1%, 2=0.1%, 4=0.2%, 8=0.4%, 16=0.8%, 32=1.6%, >=64=96.9%
     submit    : 0=0.0%, 4=100.0%, 8=0.0%, 16=0.0%, 32=0.0%, 64=0.0%, >=64=0.0%
     complete  : 0=0.0%, 4=99.9%, 8=0.0%, 16=0.0%, 32=0.0%, 64=0.1%, >=64=0.0%
     issued rwt: total=0,2048,0, short=0,0,0, dropped=0,0,0
     latency   : target=0, window=0, percentile=100.00%, depth=64

Run status group 0 (all jobs):
  WRITE: bw=202MiB/s (212MB/s), 202MiB/s-202MiB/s (212MB/s-212MB/s), io=1024MiB (1074MB), run=5057-5057msec

Disk stats (read/write):
  sdd: ios=6/3940, merge=0/0, ticks=4327/611845, in_queue=625801, util=97.84%
