test: (g=0): rw=randread, bs=(R) 4096B-4096B, (W) 4096B-4096B, (T) 4096B-4096B, ioengine=libaio, iodepth=64
fio-3.1
Starting 1 process

test: (groupid=0, jobs=1): err= 0: pid=34379: Thu Jul 12 17:12:00 2018
   read: IOPS=511, BW=2048KiB/s (2097kB/s)(1024MiB/512057msec)
    slat (nsec): min=1539, max=54206, avg=14461.28, stdev=5025.92
    clat (usec): min=604, max=1256.9k, avg=124993.20, stdev=92968.54
     lat (usec): min=614, max=1256.9k, avg=125008.17, stdev=92968.74
    clat percentiles (msec):
     |  1.00th=[   13],  5.00th=[   26], 10.00th=[   37], 20.00th=[   56],
     | 30.00th=[   72], 40.00th=[   88], 50.00th=[  104], 60.00th=[  121],
     | 70.00th=[  142], 80.00th=[  176], 90.00th=[  239], 95.00th=[  309],
     | 99.00th=[  468], 99.50th=[  542], 99.90th=[  701], 99.95th=[  768],
     | 99.99th=[  919]
   bw (  KiB/s): min=  648, max= 8120, per=100.00%, avg=2047.11, stdev=435.84, samples=1024
   iops        : min=  162, max= 2030, avg=511.76, stdev=108.96, samples=1024
  lat (usec)   : 750=0.01%, 1000=0.01%
  lat (msec)   : 2=0.01%, 4=0.07%, 10=0.53%, 20=2.35%, 50=13.96%
  lat (msec)   : 100=31.18%, 250=43.01%, 500=8.14%, 750=0.68%, 1000=0.06%
  lat (msec)   : 2000=0.01%
  cpu          : usr=0.72%, sys=1.59%, ctx=258114, majf=0, minf=95
  IO depths    : 1=0.1%, 2=0.1%, 4=0.1%, 8=0.1%, 16=0.1%, 32=0.1%, >=64=100.0%
     submit    : 0=0.0%, 4=100.0%, 8=0.0%, 16=0.0%, 32=0.0%, 64=0.0%, >=64=0.0%
     complete  : 0=0.0%, 4=100.0%, 8=0.0%, 16=0.0%, 32=0.0%, 64=0.1%, >=64=0.0%
     issued rwt: total=262144,0,0, short=0,0,0, dropped=0,0,0
     latency   : target=0, window=0, percentile=100.00%, depth=64

Run status group 0 (all jobs):
   READ: bw=2048KiB/s (2097kB/s), 2048KiB/s-2048KiB/s (2097kB/s-2097kB/s), io=1024MiB (1074MB), run=512057-512057msec

Disk stats (read/write):
  sdj: ios=259060/0, merge=2523/0, ticks=32576326/0, in_queue=32577147, util=100.00%
