test: (g=0): rw=randread, bs=(R) 8192B-8192B, (W) 8192B-8192B, (T) 8192B-8192B, ioengine=libaio, iodepth=64
fio-3.1
Starting 1 process

test: (groupid=0, jobs=1): err= 0: pid=34478: Thu Jul 12 17:22:20 2018
   read: IOPS=511, BW=4095KiB/s (4193kB/s)(1024MiB/256063msec)
    slat (nsec): min=1665, max=63280, avg=15080.55, stdev=5248.67
    clat (usec): min=978, max=1343.4k, avg=125009.19, stdev=93131.84
     lat (usec): min=988, max=1343.4k, avg=125024.79, stdev=93132.07
    clat percentiles (msec):
     |  1.00th=[   13],  5.00th=[   26], 10.00th=[   37], 20.00th=[   56],
     | 30.00th=[   72], 40.00th=[   88], 50.00th=[  104], 60.00th=[  121],
     | 70.00th=[  142], 80.00th=[  176], 90.00th=[  241], 95.00th=[  309],
     | 99.00th=[  472], 99.50th=[  542], 99.90th=[  693], 99.95th=[  785],
     | 99.99th=[  953]
   bw (  KiB/s): min= 1360, max=11312, per=99.99%, avg=4093.71, stdev=763.07, samples=512
   iops        : min=  170, max= 1414, avg=511.70, stdev=95.39, samples=512
  lat (usec)   : 1000=0.01%
  lat (msec)   : 2=0.01%, 4=0.03%, 10=0.48%, 20=2.40%, 50=14.23%
  lat (msec)   : 100=30.94%, 250=42.96%, 500=8.24%, 750=0.64%, 1000=0.06%
  lat (msec)   : 2000=0.01%
  cpu          : usr=0.74%, sys=1.62%, ctx=128365, majf=0, minf=159
  IO depths    : 1=0.1%, 2=0.1%, 4=0.1%, 8=0.1%, 16=0.1%, 32=0.1%, >=64=100.0%
     submit    : 0=0.0%, 4=100.0%, 8=0.0%, 16=0.0%, 32=0.0%, 64=0.0%, >=64=0.0%
     complete  : 0=0.0%, 4=100.0%, 8=0.0%, 16=0.0%, 32=0.0%, 64=0.1%, >=64=0.0%
     issued rwt: total=131072,0,0, short=0,0,0, dropped=0,0,0
     latency   : target=0, window=0, percentile=100.00%, depth=64

Run status group 0 (all jobs):
   READ: bw=4095KiB/s (4193kB/s), 4095KiB/s-4095KiB/s (4193kB/s-4193kB/s), io=1024MiB (1074MB), run=256063-256063msec

Disk stats (read/write):
  sdj: ios=128865/0, merge=1954/0, ticks=16218175/0, in_queue=16221297, util=100.00%
