test: (g=0): rw=write, bs=(R) 512KiB-512KiB, (W) 512KiB-512KiB, (T) 512KiB-512KiB, ioengine=libaio, iodepth=64
fio-3.1
Starting 1 process

test: (groupid=0, jobs=1): err= 0: pid=34133: Thu Jul 12 16:51:00 2018
  write: IOPS=382, BW=191MiB/s (201MB/s)(1024MiB/5353msec)
    slat (usec): min=38, max=1691, avg=129.85, stdev=53.97
    clat (msec): min=4, max=314, avg=166.99, stdev=24.24
     lat (msec): min=4, max=314, avg=167.12, stdev=24.24
    clat percentiles (msec):
     |  1.00th=[   73],  5.00th=[  157], 10.00th=[  157], 20.00th=[  157],
     | 30.00th=[  157], 40.00th=[  161], 50.00th=[  161], 60.00th=[  171],
     | 70.00th=[  171], 80.00th=[  171], 90.00th=[  188], 95.00th=[  203],
     | 99.00th=[  266], 99.50th=[  292], 99.90th=[  309], 99.95th=[  313],
     | 99.99th=[  317]
   bw (  KiB/s): min=184320, max=208896, per=99.69%, avg=195276.80, stdev=8554.47, samples=10
   iops        : min=  360, max=  408, avg=381.40, stdev=16.71, samples=10
  lat (msec)   : 10=0.24%, 20=0.10%, 50=0.20%, 100=1.03%, 250=97.17%
  lat (msec)   : 500=1.27%
  cpu          : usr=1.83%, sys=4.09%, ctx=2053, majf=0, minf=28
  IO depths    : 1=0.1%, 2=0.1%, 4=0.2%, 8=0.4%, 16=0.8%, 32=1.6%, >=64=96.9%
     submit    : 0=0.0%, 4=100.0%, 8=0.0%, 16=0.0%, 32=0.0%, 64=0.0%, >=64=0.0%
     complete  : 0=0.0%, 4=99.9%, 8=0.0%, 16=0.0%, 32=0.0%, 64=0.1%, >=64=0.0%
     issued rwt: total=0,2048,0, short=0,0,0, dropped=0,0,0
     latency   : target=0, window=0, percentile=100.00%, depth=64

Run status group 0 (all jobs):
  WRITE: bw=191MiB/s (201MB/s), 191MiB/s-191MiB/s (201MB/s-201MB/s), io=1024MiB (1074MB), run=5353-5353msec

Disk stats (read/write):
  sdj: ios=7/3913, merge=0/0, ticks=4372/642398, in_queue=657605, util=98.00%
