test: (g=0): rw=randread, bs=(R) 64.0KiB-64.0KiB, (W) 64.0KiB-64.0KiB, (T) 64.0KiB-64.0KiB, ioengine=libaio, iodepth=64
fio-3.1
Starting 1 process

test: (groupid=0, jobs=1): err= 0: pid=19941: Sun Jul 15 06:17:23 2018
   read: IOPS=457, BW=28.6MiB/s (29.0MB/s)(1024MiB/35804msec)
    slat (usec): min=3, max=471, avg=23.27, stdev= 9.37
    clat (msec): min=7, max=1047, avg=139.82, stdev=105.62
     lat (msec): min=7, max=1047, avg=139.84, stdev=105.62
    clat percentiles (msec):
     |  1.00th=[   18],  5.00th=[   31], 10.00th=[   43], 20.00th=[   62],
     | 30.00th=[   80], 40.00th=[   96], 50.00th=[  113], 60.00th=[  133],
     | 70.00th=[  157], 80.00th=[  199], 90.00th=[  271], 95.00th=[  347],
     | 99.00th=[  518], 99.50th=[  617], 99.90th=[  818], 99.95th=[  869],
     | 99.99th=[ 1028]
   bw (  KiB/s): min=20992, max=48256, per=99.34%, avg=29092.58, stdev=3944.60, samples=71
   iops        : min=  328, max=  754, avg=454.54, stdev=61.65, samples=71
  lat (msec)   : 10=0.12%, 20=1.65%, 50=12.07%, 100=28.55%, 250=45.48%
  lat (msec)   : 500=10.90%, 750=1.05%, 1000=0.17%, 2000=0.01%
  cpu          : usr=0.62%, sys=1.85%, ctx=15712, majf=0, minf=544
  IO depths    : 1=0.1%, 2=0.1%, 4=0.1%, 8=0.1%, 16=0.1%, 32=0.2%, >=64=99.6%
     submit    : 0=0.0%, 4=100.0%, 8=0.0%, 16=0.0%, 32=0.0%, 64=0.0%, >=64=0.0%
     complete  : 0=0.0%, 4=100.0%, 8=0.0%, 16=0.0%, 32=0.0%, 64=0.1%, >=64=0.0%
     issued rwt: total=16384,0,0, short=0,0,0, dropped=0,0,0
     latency   : target=0, window=0, percentile=100.00%, depth=64

Run status group 0 (all jobs):
   READ: bw=28.6MiB/s (29.0MB/s), 28.6MiB/s-28.6MiB/s (29.0MB/s-29.0MB/s), io=1024MiB (1074MB), run=35804-35804msec

Disk stats (read/write):
  sdi: ios=15599/1, merge=638/0, ticks=2203849/1247, in_queue=2209278, util=99.80%
