test: (g=0): rw=write, bs=(R) 64.0KiB-64.0KiB, (W) 64.0KiB-64.0KiB, (T) 64.0KiB-64.0KiB, ioengine=libaio, iodepth=64
fio-3.1
Starting 1 process

test: (groupid=0, jobs=1): err= 0: pid=38734: Thu Jul 12 14:23:10 2018
  write: IOPS=3232, BW=202MiB/s (212MB/s)(1024MiB/5069msec)
    slat (nsec): min=3188, max=57900, avg=16233.84, stdev=7775.50
    clat (usec): min=566, max=36841, avg=19529.81, stdev=1611.10
     lat (usec): min=599, max=36853, avg=19546.19, stdev=1611.24
    clat percentiles (usec):
     |  1.00th=[18482],  5.00th=[18482], 10.00th=[18482], 20.00th=[18482],
     | 30.00th=[19530], 40.00th=[19530], 50.00th=[19530], 60.00th=[19530],
     | 70.00th=[19530], 80.00th=[19530], 90.00th=[20055], 95.00th=[20055],
     | 99.00th=[27395], 99.50th=[30016], 99.90th=[35390], 99.95th=[36439],
     | 99.99th=[36963]
   bw (  KiB/s): min=177408, max=219392, per=99.93%, avg=206707.20, stdev=11307.14, samples=10
   iops        : min= 2772, max= 3428, avg=3229.80, stdev=176.67, samples=10
  lat (usec)   : 750=0.01%, 1000=0.01%
  lat (msec)   : 2=0.02%, 4=0.06%, 10=0.21%, 20=81.57%, 50=18.12%
  cpu          : usr=1.72%, sys=6.71%, ctx=8459, majf=0, minf=29
  IO depths    : 1=0.1%, 2=0.1%, 4=0.1%, 8=0.1%, 16=0.1%, 32=0.2%, >=64=99.6%
     submit    : 0=0.0%, 4=100.0%, 8=0.0%, 16=0.0%, 32=0.0%, 64=0.0%, >=64=0.0%
     complete  : 0=0.0%, 4=100.0%, 8=0.0%, 16=0.0%, 32=0.0%, 64=0.1%, >=64=0.0%
     issued rwt: total=0,16384,0, short=0,0,0, dropped=0,0,0
     latency   : target=0, window=0, percentile=100.00%, depth=64

Run status group 0 (all jobs):
  WRITE: bw=202MiB/s (212MB/s), 202MiB/s-202MiB/s (212MB/s-212MB/s), io=1024MiB (1074MB), run=5069-5069msec

Disk stats (read/write):
  sdl: ios=14/8135, merge=0/7657, ticks=4117/158515, in_queue=163677, util=97.55%
