test: (g=0): rw=read, bs=(R) 64.0KiB-64.0KiB, (W) 64.0KiB-64.0KiB, (T) 64.0KiB-64.0KiB, ioengine=libaio, iodepth=64
fio-3.1
Starting 1 process

test: (groupid=0, jobs=1): err= 0: pid=27360: Fri Jul 13 13:02:51 2018
   read: IOPS=3302, BW=206MiB/s (216MB/s)(1024MiB/4961msec)
    slat (usec): min=3, max=190, avg=11.86, stdev= 6.50
    clat (usec): min=2592, max=35415, avg=19358.87, stdev=1546.98
     lat (usec): min=2655, max=35422, avg=19370.87, stdev=1546.89
    clat percentiles (usec):
     |  1.00th=[18220],  5.00th=[18220], 10.00th=[18220], 20.00th=[18220],
     | 30.00th=[18220], 40.00th=[18482], 50.00th=[18482], 60.00th=[19006],
     | 70.00th=[20579], 80.00th=[20841], 90.00th=[21103], 95.00th=[21103],
     | 99.00th=[22938], 99.50th=[24249], 99.90th=[31851], 99.95th=[33817],
     | 99.99th=[35390]
   bw (  KiB/s): min=195840, max=223104, per=99.46%, avg=210218.67, stdev=12529.13, samples=9
   iops        : min= 3060, max= 3486, avg=3284.67, stdev=195.77, samples=9
  lat (msec)   : 4=0.04%, 10=0.14%, 20=61.17%, 50=38.65%
  cpu          : usr=0.99%, sys=6.71%, ctx=8711, majf=0, minf=544
  IO depths    : 1=0.1%, 2=0.1%, 4=0.1%, 8=0.1%, 16=0.1%, 32=0.2%, >=64=99.6%
     submit    : 0=0.0%, 4=100.0%, 8=0.0%, 16=0.0%, 32=0.0%, 64=0.0%, >=64=0.0%
     complete  : 0=0.0%, 4=100.0%, 8=0.0%, 16=0.0%, 32=0.0%, 64=0.1%, >=64=0.0%
     issued rwt: total=16384,0,0, short=0,0,0, dropped=0,0,0
     latency   : target=0, window=0, percentile=100.00%, depth=64

Run status group 0 (all jobs):
   READ: bw=206MiB/s (216MB/s), 206MiB/s-206MiB/s (216MB/s-216MB/s), io=1024MiB (1074MB), run=4961-4961msec

Disk stats (read/write):
  sdd: ios=8599/0, merge=7590/0, ticks=165922/0, in_queue=166130, util=98.10%
