test: (g=0): rw=randread, bs=(R) 8192B-8192B, (W) 8192B-8192B, (T) 8192B-8192B, ioengine=libaio, iodepth=64
fio-3.1
Starting 1 process

test: (groupid=0, jobs=1): err= 0: pid=18819: Sun Jul 15 02:35:10 2018
   read: IOPS=505, BW=4043KiB/s (4140kB/s)(1024MiB/259343msec)
    slat (nsec): min=1648, max=424017, avg=15060.79, stdev=6586.83
    clat (usec): min=1485, max=1335.4k, avg=126611.31, stdev=93911.35
     lat (usec): min=1490, max=1335.4k, avg=126626.78, stdev=93911.56
    clat percentiles (msec):
     |  1.00th=[   14],  5.00th=[   27], 10.00th=[   38], 20.00th=[   56],
     | 30.00th=[   73], 40.00th=[   89], 50.00th=[  105], 60.00th=[  123],
     | 70.00th=[  144], 80.00th=[  180], 90.00th=[  243], 95.00th=[  313],
     | 99.00th=[  468], 99.50th=[  535], 99.90th=[  709], 99.95th=[  793],
     | 99.99th=[  986]
   bw (  KiB/s): min= 1488, max=10160, per=99.74%, avg=4032.29, stdev=723.80, samples=518
   iops        : min=  186, max= 1270, avg=504.03, stdev=90.47, samples=518
  lat (msec)   : 2=0.01%, 4=0.04%, 10=0.44%, 20=2.26%, 50=14.00%
  lat (msec)   : 100=30.50%, 250=43.48%, 500=8.55%, 750=0.66%, 1000=0.06%
  lat (msec)   : 2000=0.01%
  cpu          : usr=0.62%, sys=1.60%, ctx=128338, majf=0, minf=159
  IO depths    : 1=0.1%, 2=0.1%, 4=0.1%, 8=0.1%, 16=0.1%, 32=0.1%, >=64=100.0%
     submit    : 0=0.0%, 4=100.0%, 8=0.0%, 16=0.0%, 32=0.0%, 64=0.0%, >=64=0.0%
     complete  : 0=0.0%, 4=100.0%, 8=0.0%, 16=0.0%, 32=0.0%, 64=0.1%, >=64=0.0%
     issued rwt: total=131072,0,0, short=0,0,0, dropped=0,0,0
     latency   : target=0, window=0, percentile=100.00%, depth=64

Run status group 0 (all jobs):
   READ: bw=4043KiB/s (4140kB/s), 4043KiB/s-4043KiB/s (4140kB/s-4140kB/s), io=1024MiB (1074MB), run=259343-259343msec

Disk stats (read/write):
  sdd: ios=128786/6, merge=1949/0, ticks=16434531/3902, in_queue=16440169, util=100.00%
