test: (g=0): rw=randread, bs=(R) 64.0KiB-64.0KiB, (W) 64.0KiB-64.0KiB, (T) 64.0KiB-64.0KiB, ioengine=libaio, iodepth=64
fio-3.1
Starting 1 process

test: (groupid=0, jobs=1): err= 0: pid=4211: Tue Jul 24 15:50:34 2018
   read: IOPS=8208, BW=513MiB/s (538MB/s)(1024MiB/1996msec)
    slat (usec): min=6, max=208, avg=12.16, stdev= 5.87
    clat (usec): min=1448, max=16178, avg=7778.31, stdev=480.95
     lat (usec): min=1488, max=16194, avg=7790.57, stdev=480.30
    clat percentiles (usec):
     |  1.00th=[ 7308],  5.00th=[ 7439], 10.00th=[ 7504], 20.00th=[ 7504],
     | 30.00th=[ 7635], 40.00th=[ 7767], 50.00th=[ 7832], 60.00th=[ 7832],
     | 70.00th=[ 7898], 80.00th=[ 7898], 90.00th=[ 8029], 95.00th=[ 8160],
     | 99.00th=[ 8586], 99.50th=[ 8848], 99.90th=[14222], 99.95th=[15139],
     | 99.99th=[15926]
   bw (  KiB/s): min=524032, max=528128, per=100.00%, avg=526208.00, stdev=2059.97, samples=3
   iops        : min= 8188, max= 8252, avg=8222.00, stdev=32.19, samples=3
  lat (msec)   : 2=0.12%, 4=0.10%, 10=99.46%, 20=0.32%
  cpu          : usr=2.11%, sys=14.64%, ctx=16359, majf=0, minf=544
  IO depths    : 1=0.1%, 2=0.1%, 4=0.1%, 8=0.1%, 16=0.1%, 32=0.2%, >=64=99.6%
     submit    : 0=0.0%, 4=100.0%, 8=0.0%, 16=0.0%, 32=0.0%, 64=0.0%, >=64=0.0%
     complete  : 0=0.0%, 4=100.0%, 8=0.0%, 16=0.0%, 32=0.0%, 64=0.1%, >=64=0.0%
     issued rwt: total=16384,0,0, short=0,0,0, dropped=0,0,0
     latency   : target=0, window=0, percentile=100.00%, depth=64

Run status group 0 (all jobs):
   READ: bw=513MiB/s (538MB/s), 513MiB/s-513MiB/s (538MB/s-538MB/s), io=1024MiB (1074MB), run=1996-1996msec

Disk stats (read/write):
  sdb: ios=15606/0, merge=0/0, ticks=120904/0, in_queue=121162, util=95.10%
