test: (g=0): rw=randwrite, bs=(R) 64.0KiB-64.0KiB, (W) 64.0KiB-64.0KiB, (T) 64.0KiB-64.0KiB, ioengine=libaio, iodepth=64
fio-3.1
Starting 1 process

test: (groupid=0, jobs=1): err= 0: pid=6966: Tue Jul 24 18:25:09 2018
  write: IOPS=203, BW=12.7MiB/s (13.3MB/s)(1024MiB/80652msec)
    slat (nsec): min=6521, max=76553, avg=29120.80, stdev=12026.26
    clat (usec): min=654, max=1557.7k, avg=314988.13, stdev=239584.92
     lat (usec): min=717, max=1557.8k, avg=315017.58, stdev=239586.39
    clat percentiles (msec):
     |  1.00th=[   14],  5.00th=[   20], 10.00th=[   25], 20.00th=[   57],
     | 30.00th=[  165], 40.00th=[  228], 50.00th=[  288], 60.00th=[  347],
     | 70.00th=[  414], 80.00th=[  510], 90.00th=[  651], 95.00th=[  743],
     | 99.00th=[ 1020], 99.50th=[ 1083], 99.90th=[ 1267], 99.95th=[ 1368],
     | 99.99th=[ 1469]
   bw (  KiB/s): min=  384, max=30848, per=100.00%, avg=13476.97, stdev=6085.81, samples=155
   iops        : min=    6, max=  482, avg=210.56, stdev=95.09, samples=155
  lat (usec)   : 750=0.01%, 1000=0.01%
  lat (msec)   : 2=0.02%, 4=0.05%, 10=0.15%, 20=5.47%, 50=13.82%
  lat (msec)   : 100=3.72%, 250=20.96%, 500=34.53%, 750=16.52%, 1000=3.36%
  lat (msec)   : 2000=1.40%
  cpu          : usr=0.18%, sys=0.78%, ctx=16284, majf=0, minf=27
  IO depths    : 1=0.1%, 2=0.1%, 4=0.1%, 8=0.1%, 16=0.1%, 32=0.2%, >=64=99.6%
     submit    : 0=0.0%, 4=100.0%, 8=0.0%, 16=0.0%, 32=0.0%, 64=0.0%, >=64=0.0%
     complete  : 0=0.0%, 4=100.0%, 8=0.0%, 16=0.0%, 32=0.0%, 64=0.1%, >=64=0.0%
     issued rwt: total=0,16384,0, short=0,0,0, dropped=0,0,0
     latency   : target=0, window=0, percentile=100.00%, depth=64

Run status group 0 (all jobs):
  WRITE: bw=12.7MiB/s (13.3MB/s), 12.7MiB/s-12.7MiB/s (13.3MB/s-13.3MB/s), io=1024MiB (1074MB), run=80652-80652msec

Disk stats (read/write):
  sdh: ios=0/16381, merge=0/0, ticks=0/5146787, in_queue=5149507, util=99.94%
