test: (g=0): rw=read, bs=(R) 1024KiB-1024KiB, (W) 1024KiB-1024KiB, (T) 1024KiB-1024KiB, ioengine=libaio, iodepth=64
fio-3.1
Starting 1 process

test: (groupid=0, jobs=1): err= 0: pid=19522: Sun Jul 15 02:37:40 2018
   read: IOPS=205, BW=205MiB/s (215MB/s)(1024MiB/4994msec)
    slat (usec): min=32, max=45736, avg=4711.88, stdev=12499.95
    clat (msec): min=125, max=455, avg=305.28, stdev=35.02
     lat (msec): min=125, max=455, avg=309.99, stdev=33.54
    clat percentiles (msec):
     |  1.00th=[  161],  5.00th=[  253], 10.00th=[  268], 20.00th=[  288],
     | 30.00th=[  292], 40.00th=[  305], 50.00th=[  305], 60.00th=[  313],
     | 70.00th=[  334], 80.00th=[  334], 90.00th=[  334], 95.00th=[  334],
     | 99.00th=[  384], 99.50th=[  422], 99.90th=[  422], 99.95th=[  456],
     | 99.99th=[  456]
   bw (  KiB/s): min=153600, max=229376, per=95.70%, avg=200931.56, stdev=21096.50, samples=9
   iops        : min=  150, max=  224, avg=196.22, stdev=20.60, samples=9
  lat (msec)   : 250=4.79%, 500=95.21%
  cpu          : usr=0.04%, sys=2.20%, ctx=162, majf=0, minf=575
  IO depths    : 1=0.1%, 2=0.2%, 4=0.4%, 8=0.8%, 16=1.6%, 32=3.1%, >=64=93.8%
     submit    : 0=0.0%, 4=100.0%, 8=0.0%, 16=0.0%, 32=0.0%, 64=0.0%, >=64=0.0%
     complete  : 0=0.0%, 4=99.9%, 8=0.0%, 16=0.0%, 32=0.0%, 64=0.1%, >=64=0.0%
     issued rwt: total=1024,0,0, short=0,0,0, dropped=0,0,0
     latency   : target=0, window=0, percentile=100.00%, depth=64

Run status group 0 (all jobs):
   READ: bw=205MiB/s (215MB/s), 205MiB/s-205MiB/s (215MB/s-215MB/s), io=1024MiB (1074MB), run=4994-4994msec

Disk stats (read/write):
  sde: ios=4006/0, merge=0/0, ticks=688110/0, in_queue=698002, util=98.02%
