test: (g=0): rw=randread, bs=(R) 8192B-8192B, (W) 8192B-8192B, (T) 8192B-8192B, ioengine=libaio, iodepth=64
fio-3.1
Starting 1 process

test: (groupid=0, jobs=1): err= 0: pid=28378: Fri Aug 17 20:26:59 2018
   read: IOPS=769, BW=6160KiB/s (6307kB/s)(1024MiB/170235msec)
    slat (nsec): min=2503, max=57489, avg=13058.97, stdev=8040.09
    clat (usec): min=9, max=2463.3k, avg=83105.09, stdev=129213.95
     lat (usec): min=27, max=2463.3k, avg=83118.45, stdev=129214.65
    clat percentiles (usec):
     |  1.00th=[     27],  5.00th=[     30], 10.00th=[     31],
     | 20.00th=[     36], 30.00th=[     40], 40.00th=[     61],
     | 50.00th=[  72877], 60.00th=[  84411], 70.00th=[ 101188],
     | 80.00th=[ 128451], 90.00th=[ 185598], 95.00th=[ 254804],
     | 99.00th=[ 541066], 99.50th=[ 851444], 99.90th=[1602225],
     | 99.95th=[1686111], 99.99th=[1769997]
   bw (  KiB/s): min=  160, max=46448, per=97.39%, avg=5997.95, stdev=3371.09, samples=340
   iops        : min=   20, max= 5806, avg=749.74, stdev=421.39, samples=340
  lat (usec)   : 10=0.01%, 20=0.02%, 50=36.10%, 100=5.21%, 250=0.08%
  lat (usec)   : 500=0.02%, 1000=0.01%
  lat (msec)   : 50=0.69%, 100=27.51%, 250=25.16%, 500=4.08%, 750=0.50%
  lat (msec)   : 1000=0.23%, 2000=0.39%, >=2000=0.01%
  cpu          : usr=0.53%, sys=1.61%, ctx=128870, majf=0, minf=159
  IO depths    : 1=0.1%, 2=0.1%, 4=0.1%, 8=0.1%, 16=0.1%, 32=0.1%, >=64=100.0%
     submit    : 0=0.0%, 4=100.0%, 8=0.0%, 16=0.0%, 32=0.0%, 64=0.0%, >=64=0.0%
     complete  : 0=0.0%, 4=100.0%, 8=0.0%, 16=0.0%, 32=0.0%, 64=0.1%, >=64=0.0%
     issued rwt: total=131072,0,0, short=0,0,0, dropped=0,0,0
     latency   : target=0, window=0, percentile=100.00%, depth=64

Run status group 0 (all jobs):
   READ: bw=6160KiB/s (6307kB/s), 6160KiB/s-6160KiB/s (6307kB/s-6307kB/s), io=1024MiB (1074MB), run=170235-170235msec

Disk stats (read/write):
  sdm: ios=129667/0, merge=0/0, ticks=10892174/0, in_queue=10896623, util=100.00%
