test: (g=0): rw=randread, bs=(R) 8192B-8192B, (W) 8192B-8192B, (T) 8192B-8192B, ioengine=libaio, iodepth=64
fio-3.1
Starting 1 process

test: (groupid=0, jobs=1): err= 0: pid=7663: Tue Jul 24 20:09:30 2018
   read: IOPS=519, BW=4158KiB/s (4257kB/s)(1024MiB/252206msec)
    slat (usec): min=3, max=186, avg=23.01, stdev= 7.58
    clat (msec): min=5, max=1093, avg=123.12, stdev=77.64
     lat (msec): min=5, max=1093, avg=123.14, stdev=77.64
    clat percentiles (msec):
     |  1.00th=[   35],  5.00th=[   57], 10.00th=[   66], 20.00th=[   73],
     | 30.00th=[   80], 40.00th=[   87], 50.00th=[   97], 60.00th=[  111],
     | 70.00th=[  131], 80.00th=[  161], 90.00th=[  218], 95.00th=[  279],
     | 99.00th=[  426], 99.50th=[  493], 99.90th=[  642], 99.95th=[  701],
     | 99.99th=[  844]
   bw (  KiB/s): min= 2208, max= 9568, per=99.86%, avg=4150.98, stdev=679.27, samples=504
   iops        : min=  276, max= 1196, avg=518.87, stdev=84.91, samples=504
  lat (msec)   : 10=0.01%, 20=0.12%, 50=3.33%, 100=49.23%, 250=40.49%
  lat (msec)   : 500=6.36%, 750=0.43%, 1000=0.03%, 2000=0.01%
  cpu          : usr=0.62%, sys=1.90%, ctx=130309, majf=0, minf=605
  IO depths    : 1=0.1%, 2=0.1%, 4=0.1%, 8=0.1%, 16=0.1%, 32=0.1%, >=64=100.0%
     submit    : 0=0.0%, 4=100.0%, 8=0.0%, 16=0.0%, 32=0.0%, 64=0.0%, >=64=0.0%
     complete  : 0=0.0%, 4=100.0%, 8=0.0%, 16=0.0%, 32=0.0%, 64=0.1%, >=64=0.0%
     issued rwt: total=131072,0,0, short=0,0,0, dropped=0,0,0
     latency   : target=0, window=0, percentile=100.00%, depth=64

Run status group 0 (all jobs):
   READ: bw=4158KiB/s (4257kB/s), 4158KiB/s-4158KiB/s (4257kB/s-4257kB/s), io=1024MiB (1074MB), run=252206-252206msec

Disk stats (read/write):
  sdi: ios=130951/6, merge=0/0, ticks=16130120/408, in_queue=16131721, util=100.00%
