test: (g=0): rw=read, bs=(R) 512KiB-512KiB, (W) 512KiB-512KiB, (T) 512KiB-512KiB, ioengine=libaio, iodepth=64
fio-3.1
Starting 1 process

test: (groupid=0, jobs=1): err= 0: pid=25662: Sun Jul 15 04:06:13 2018
   read: IOPS=417, BW=209MiB/s (219MB/s)(1024MiB/4904msec)
    slat (usec): min=23, max=736, avg=92.72, stdev=50.41
    clat (msec): min=10, max=297, avg=152.88, stdev=21.53
     lat (msec): min=10, max=297, avg=152.98, stdev=21.53
    clat percentiles (msec):
     |  1.00th=[   49],  5.00th=[  150], 10.00th=[  150], 20.00th=[  150],
     | 30.00th=[  150], 40.00th=[  150], 50.00th=[  153], 60.00th=[  155],
     | 70.00th=[  157], 80.00th=[  157], 90.00th=[  157], 95.00th=[  157],
     | 99.00th=[  251], 99.50th=[  275], 99.90th=[  292], 99.95th=[  296],
     | 99.99th=[  296]
   bw (  KiB/s): min=208896, max=217088, per=99.88%, avg=213560.89, stdev=3551.34, samples=9
   iops        : min=  408, max=  424, avg=417.11, stdev= 6.94, samples=9
  lat (msec)   : 20=0.39%, 50=0.63%, 100=1.07%, 250=96.88%, 500=1.03%
  cpu          : usr=0.35%, sys=4.57%, ctx=2044, majf=0, minf=559
  IO depths    : 1=0.1%, 2=0.1%, 4=0.2%, 8=0.4%, 16=0.8%, 32=1.6%, >=64=96.9%
     submit    : 0=0.0%, 4=100.0%, 8=0.0%, 16=0.0%, 32=0.0%, 64=0.0%, >=64=0.0%
     complete  : 0=0.0%, 4=99.9%, 8=0.0%, 16=0.0%, 32=0.0%, 64=0.1%, >=64=0.0%
     issued rwt: total=2048,0,0, short=0,0,0, dropped=0,0,0
     latency   : target=0, window=0, percentile=100.00%, depth=64

Run status group 0 (all jobs):
   READ: bw=209MiB/s (219MB/s), 209MiB/s-209MiB/s (219MB/s-219MB/s), io=1024MiB (1074MB), run=4904-4904msec

Disk stats (read/write):
  sdg: ios=4085/0, merge=0/0, ticks=612837/0, in_queue=614415, util=98.04%
