test: (g=0): rw=read, bs=(R) 1024KiB-1024KiB, (W) 1024KiB-1024KiB, (T) 1024KiB-1024KiB, ioengine=libaio, iodepth=64
fio-3.1
Starting 1 process

test: (groupid=0, jobs=1): err= 0: pid=25750: Sun Jul 15 04:06:24 2018
   read: IOPS=208, BW=209MiB/s (219MB/s)(1024MiB/4900msec)
    slat (usec): min=34, max=41352, avg=4614.81, stdev=12205.46
    clat (msec): min=130, max=473, avg=299.37, stdev=31.65
     lat (msec): min=130, max=473, avg=303.99, stdev=29.90
    clat percentiles (msec):
     |  1.00th=[  167],  5.00th=[  266], 10.00th=[  266], 20.00th=[  300],
     | 30.00th=[  300], 40.00th=[  305], 50.00th=[  305], 60.00th=[  305],
     | 70.00th=[  313], 80.00th=[  313], 90.00th=[  313], 95.00th=[  313],
     | 99.00th=[  401], 99.50th=[  435], 99.90th=[  472], 99.95th=[  472],
     | 99.99th=[  472]
   bw (  KiB/s): min=155648, max=229376, per=96.58%, avg=206667.78, stdev=20812.93, samples=9
   iops        : min=  152, max=  224, avg=201.78, stdev=20.31, samples=9
  lat (msec)   : 250=4.79%, 500=95.21%
  cpu          : usr=0.02%, sys=2.43%, ctx=161, majf=0, minf=575
  IO depths    : 1=0.1%, 2=0.2%, 4=0.4%, 8=0.8%, 16=1.6%, 32=3.1%, >=64=93.8%
     submit    : 0=0.0%, 4=100.0%, 8=0.0%, 16=0.0%, 32=0.0%, 64=0.0%, >=64=0.0%
     complete  : 0=0.0%, 4=99.9%, 8=0.0%, 16=0.0%, 32=0.0%, 64=0.1%, >=64=0.0%
     issued rwt: total=1024,0,0, short=0,0,0, dropped=0,0,0
     latency   : target=0, window=0, percentile=100.00%, depth=64

Run status group 0 (all jobs):
   READ: bw=209MiB/s (219MB/s), 209MiB/s-209MiB/s (219MB/s-219MB/s), io=1024MiB (1074MB), run=4900-4900msec

Disk stats (read/write):
  sdg: ios=4089/0, merge=0/0, ticks=686720/0, in_queue=687855, util=98.06%
