test: (g=0): rw=write, bs=(R) 512KiB-512KiB, (W) 512KiB-512KiB, (T) 512KiB-512KiB, ioengine=libaio, iodepth=64
fio-3.1
Starting 1 process

test: (groupid=0, jobs=1): err= 0: pid=26806: Fri Jul 13 13:02:12 2018
  write: IOPS=923, BW=462MiB/s (484MB/s)(1024MiB/2217msec)
    slat (usec): min=31, max=190, avg=118.84, stdev=35.05
    clat (msec): min=4, max=132, avg=69.04, stdev=10.02
     lat (msec): min=4, max=132, avg=69.16, stdev=10.03
    clat percentiles (msec):
     |  1.00th=[   22],  5.00th=[   67], 10.00th=[   67], 20.00th=[   67],
     | 30.00th=[   68], 40.00th=[   68], 50.00th=[   69], 60.00th=[   69],
     | 70.00th=[   70], 80.00th=[   71], 90.00th=[   74], 95.00th=[   80],
     | 99.00th=[  112], 99.50th=[  123], 99.90th=[  131], 99.95th=[  132],
     | 99.99th=[  133]
   bw (  KiB/s): min=468992, max=476160, per=99.81%, avg=472064.00, stdev=3014.57, samples=4
   iops        : min=  916, max=  930, avg=922.00, stdev= 5.89, samples=4
  lat (msec)   : 10=0.44%, 20=0.49%, 50=1.46%, 100=96.04%, 250=1.56%
  cpu          : usr=3.75%, sys=9.48%, ctx=2044, majf=0, minf=28
  IO depths    : 1=0.1%, 2=0.1%, 4=0.2%, 8=0.4%, 16=0.8%, 32=1.6%, >=64=96.9%
     submit    : 0=0.0%, 4=100.0%, 8=0.0%, 16=0.0%, 32=0.0%, 64=0.0%, >=64=0.0%
     complete  : 0=0.0%, 4=99.9%, 8=0.0%, 16=0.0%, 32=0.0%, 64=0.1%, >=64=0.0%
     issued rwt: total=0,2048,0, short=0,0,0, dropped=0,0,0
     latency   : target=0, window=0, percentile=100.00%, depth=64

Run status group 0 (all jobs):
  WRITE: bw=462MiB/s (484MB/s), 462MiB/s-462MiB/s (484MB/s-484MB/s), io=1024MiB (1074MB), run=2217-2217msec

Disk stats (read/write):
  sdb: ios=40/3934, merge=0/0, ticks=4/266629, in_queue=270906, util=95.02%
