test: (g=0): rw=read, bs=(R) 512KiB-512KiB, (W) 512KiB-512KiB, (T) 512KiB-512KiB, ioengine=libaio, iodepth=64
fio-3.1
Starting 1 process

test: (groupid=0, jobs=1): err= 0: pid=26854: Fri Jul 13 13:02:14 2018
   read: IOPS=1059, BW=530MiB/s (555MB/s)(1024MiB/1933msec)
    slat (usec): min=22, max=746, avg=87.17, stdev=58.39
    clat (msec): min=10, max=120, avg=60.08, stdev= 8.79
     lat (msec): min=10, max=120, avg=60.17, stdev= 8.77
    clat percentiles (msec):
     |  1.00th=[   18],  5.00th=[   61], 10.00th=[   61], 20.00th=[   61],
     | 30.00th=[   61], 40.00th=[   61], 50.00th=[   61], 60.00th=[   61],
     | 70.00th=[   61], 80.00th=[   61], 90.00th=[   62], 95.00th=[   62],
     | 99.00th=[  102], 99.50th=[  111], 99.90th=[  118], 99.95th=[  120],
     | 99.99th=[  121]
   bw (  KiB/s): min=542720, max=543744, per=100.00%, avg=543061.33, stdev=591.21, samples=3
   iops        : min= 1060, max= 1062, avg=1060.67, stdev= 1.15, samples=3
  lat (msec)   : 20=1.12%, 50=2.00%, 100=95.80%, 250=1.07%
  cpu          : usr=1.45%, sys=10.35%, ctx=2037, majf=0, minf=559
  IO depths    : 1=0.1%, 2=0.1%, 4=0.2%, 8=0.4%, 16=0.8%, 32=1.6%, >=64=96.9%
     submit    : 0=0.0%, 4=100.0%, 8=0.0%, 16=0.0%, 32=0.0%, 64=0.0%, >=64=0.0%
     complete  : 0=0.0%, 4=99.9%, 8=0.0%, 16=0.0%, 32=0.0%, 64=0.1%, >=64=0.0%
     issued rwt: total=2048,0,0, short=0,0,0, dropped=0,0,0
     latency   : target=0, window=0, percentile=100.00%, depth=64

Run status group 0 (all jobs):
   READ: bw=530MiB/s (555MB/s), 530MiB/s-530MiB/s (555MB/s-555MB/s), io=1024MiB (1074MB), run=1933-1933msec

Disk stats (read/write):
  sdb: ios=4022/0, merge=0/0, ticks=236747/0, in_queue=239989, util=94.99%
