test: (g=0): rw=write, bs=(R) 64.0KiB-64.0KiB, (W) 64.0KiB-64.0KiB, (T) 64.0KiB-64.0KiB, ioengine=libaio, iodepth=64
fio-3.1
Starting 1 process

test: (groupid=0, jobs=1): err= 0: pid=26712: Fri Jul 13 13:02:07 2018
  write: IOPS=7307, BW=457MiB/s (479MB/s)(1024MiB/2242msec)
    slat (nsec): min=2796, max=52336, avg=10000.65, stdev=5739.72
    clat (usec): min=487, max=16918, avg=8741.10, stdev=968.09
     lat (usec): min=497, max=16925, avg=8751.20, stdev=967.96
    clat percentiles (usec):
     |  1.00th=[ 8029],  5.00th=[ 8160], 10.00th=[ 8225], 20.00th=[ 8455],
     | 30.00th=[ 8455], 40.00th=[ 8586], 50.00th=[ 8586], 60.00th=[ 8717],
     | 70.00th=[ 8717], 80.00th=[ 8848], 90.00th=[ 8979], 95.00th=[ 9372],
     | 99.00th=[15270], 99.50th=[15270], 99.90th=[15533], 99.95th=[15926],
     | 99.99th=[16909]
   bw (  KiB/s): min=462336, max=470400, per=99.75%, avg=466528.00, stdev=3303.91, samples=4
   iops        : min= 7224, max= 7350, avg=7289.50, stdev=51.62, samples=4
  lat (usec)   : 500=0.02%, 750=0.01%, 1000=0.01%
  lat (msec)   : 2=0.05%, 4=0.10%, 10=96.54%, 20=3.27%
  cpu          : usr=2.63%, sys=11.24%, ctx=8690, majf=0, minf=29
  IO depths    : 1=0.1%, 2=0.1%, 4=0.1%, 8=0.1%, 16=0.1%, 32=0.2%, >=64=99.6%
     submit    : 0=0.0%, 4=100.0%, 8=0.0%, 16=0.0%, 32=0.0%, 64=0.0%, >=64=0.0%
     complete  : 0=0.0%, 4=100.0%, 8=0.0%, 16=0.0%, 32=0.0%, 64=0.1%, >=64=0.0%
     issued rwt: total=0,16384,0, short=0,0,0, dropped=0,0,0
     latency   : target=0, window=0, percentile=100.00%, depth=64

Run status group 0 (all jobs):
  WRITE: bw=457MiB/s (479MB/s), 457MiB/s-457MiB/s (479MB/s-479MB/s), io=1024MiB (1074MB), run=2242-2242msec

Disk stats (read/write):
  sdb: ios=40/8333, merge=0/7356, ticks=14/72556, in_queue=72686, util=95.77%
