test: (g=0): rw=randread, bs=(R) 4096B-4096B, (W) 4096B-4096B, (T) 4096B-4096B, ioengine=libaio, iodepth=64
fio-3.1
Starting 1 process

test: (groupid=0, jobs=1): err= 0: pid=23426: Fri Aug 17 17:29:08 2018
   read: IOPS=536, BW=2147KiB/s (2198kB/s)(1024MiB/488431msec)
    slat (usec): min=2, max=129, avg=19.29, stdev= 8.31
    clat (nsec): min=1297, max=2156.1M, avg=119221080.02, stdev=127740661.10
     lat (usec): min=30, max=2156.2k, avg=119240.82, stdev=127741.78
    clat percentiles (usec):
     |  1.00th=[     30],  5.00th=[     39], 10.00th=[  33817],
     | 20.00th=[  66847], 30.00th=[  73925], 40.00th=[  81265],
     | 50.00th=[  90702], 60.00th=[ 104334], 70.00th=[ 124257],
     | 80.00th=[ 154141], 90.00th=[ 212861], 95.00th=[ 278922],
     | 99.00th=[ 522191], 99.50th=[ 935330], 99.90th=[1736442],
     | 99.95th=[1803551], 99.99th=[1904215]
   bw (  KiB/s): min=   72, max=29192, per=98.47%, avg=2113.13, stdev=1424.60, samples=975
   iops        : min=   18, max= 7298, avg=528.28, stdev=356.15, samples=975
  lat (usec)   : 2=0.01%, 10=0.01%, 20=0.01%, 50=7.53%, 100=1.57%
  lat (usec)   : 250=0.36%, 500=0.02%, 750=0.01%, 1000=0.01%
  lat (msec)   : 2=0.01%, 4=0.02%, 10=0.04%, 20=0.08%, 50=1.07%
  lat (msec)   : 100=46.27%, 250=36.30%, 500=5.65%, 750=0.39%, 1000=0.25%
  lat (msec)   : 2000=0.45%, >=2000=0.01%
  cpu          : usr=0.57%, sys=1.70%, ctx=257630, majf=0, minf=95
  IO depths    : 1=0.1%, 2=0.1%, 4=0.1%, 8=0.1%, 16=0.1%, 32=0.1%, >=64=100.0%
     submit    : 0=0.0%, 4=100.0%, 8=0.0%, 16=0.0%, 32=0.0%, 64=0.0%, >=64=0.0%
     complete  : 0=0.0%, 4=100.0%, 8=0.0%, 16=0.0%, 32=0.0%, 64=0.1%, >=64=0.0%
     issued rwt: total=262144,0,0, short=0,0,0, dropped=0,0,0
     latency   : target=0, window=0, percentile=100.00%, depth=64

Run status group 0 (all jobs):
   READ: bw=2147KiB/s (2198kB/s), 2147KiB/s-2147KiB/s (2198kB/s-2198kB/s), io=1024MiB (1074MB), run=488431-488431msec

Disk stats (read/write):
  sde: ios=260435/0, merge=0/0, ticks=31257629/0, in_queue=31259341, util=100.00%
