test: (g=0): rw=read, bs=(R) 1024KiB-1024KiB, (W) 1024KiB-1024KiB, (T) 1024KiB-1024KiB, ioengine=libaio, iodepth=64
fio-3.1
Starting 1 process

test: (groupid=0, jobs=1): err= 0: pid=12346: Mon Jul 23 18:01:03 2018
   read: IOPS=204, BW=205MiB/s (215MB/s)(1024MiB/4997msec)
    slat (usec): min=40, max=49334, avg=4713.23, stdev=12496.16
    clat (msec): min=127, max=456, avg=305.37, stdev=35.08
     lat (msec): min=127, max=456, avg=310.08, stdev=33.60
    clat percentiles (msec):
     |  1.00th=[  163],  5.00th=[  253], 10.00th=[  268], 20.00th=[  288],
     | 30.00th=[  296], 40.00th=[  305], 50.00th=[  305], 60.00th=[  313],
     | 70.00th=[  334], 80.00th=[  334], 90.00th=[  334], 95.00th=[  338],
     | 99.00th=[  384], 99.50th=[  422], 99.90th=[  422], 99.95th=[  456],
     | 99.99th=[  456]
   bw (  KiB/s): min=153600, max=229376, per=95.75%, avg=200931.56, stdev=22280.99, samples=9
   iops        : min=  150, max=  224, avg=196.22, stdev=21.76, samples=9
  lat (msec)   : 250=4.79%, 500=95.21%
  cpu          : usr=0.02%, sys=2.38%, ctx=161, majf=0, minf=575
  IO depths    : 1=0.1%, 2=0.2%, 4=0.4%, 8=0.8%, 16=1.6%, 32=3.1%, >=64=93.8%
     submit    : 0=0.0%, 4=100.0%, 8=0.0%, 16=0.0%, 32=0.0%, 64=0.0%, >=64=0.0%
     complete  : 0=0.0%, 4=99.9%, 8=0.0%, 16=0.0%, 32=0.0%, 64=0.1%, >=64=0.0%
     issued rwt: total=1024,0,0, short=0,0,0, dropped=0,0,0
     latency   : target=0, window=0, percentile=100.00%, depth=64

Run status group 0 (all jobs):
   READ: bw=205MiB/s (215MB/s), 205MiB/s-205MiB/s (215MB/s-215MB/s), io=1024MiB (1074MB), run=4997-4997msec

Disk stats (read/write):
  sde: ios=4005/0, merge=0/0, ticks=688153/0, in_queue=698130, util=98.04%
