test: (g=0): rw=randwrite, bs=(R) 4096B-4096B, (W) 4096B-4096B, (T) 4096B-4096B, ioengine=libaio, iodepth=64
fio-3.1
Starting 1 process

test: (groupid=0, jobs=1): err= 0: pid=12403: Mon Jul 23 18:12:10 2018
  write: IOPS=393, BW=1572KiB/s (1610kB/s)(1024MiB/666894msec)
    slat (nsec): min=3553, max=69790, avg=17157.61, stdev=7749.65
    clat (usec): min=312, max=984563, avg=162793.53, stdev=114275.27
     lat (usec): min=335, max=984589, avg=162811.15, stdev=114276.61
    clat percentiles (msec):
     |  1.00th=[   14],  5.00th=[   19], 10.00th=[   26], 20.00th=[   73],
     | 30.00th=[  103], 40.00th=[  125], 50.00th=[  146], 60.00th=[  169],
     | 70.00th=[  194], 80.00th=[  228], 90.00th=[  313], 95.00th=[  397],
     | 99.00th=[  531], 99.50th=[  592], 99.90th=[  768], 99.95th=[  810],
     | 99.99th=[  860]
   bw (  KiB/s): min=   24, max= 6400, per=99.92%, avg=1570.76, stdev=465.88, samples=1331
   iops        : min=    6, max= 1600, avg=392.68, stdev=116.47, samples=1331
  lat (usec)   : 500=0.01%, 750=0.01%, 1000=0.01%
  lat (msec)   : 2=0.01%, 4=0.01%, 10=0.08%, 20=5.97%, 50=10.44%
  lat (msec)   : 100=12.35%, 250=55.19%, 500=14.46%, 750=1.37%, 1000=0.12%
  cpu          : usr=0.43%, sys=1.12%, ctx=261498, majf=0, minf=28
  IO depths    : 1=0.1%, 2=0.1%, 4=0.1%, 8=0.1%, 16=0.1%, 32=0.1%, >=64=100.0%
     submit    : 0=0.0%, 4=100.0%, 8=0.0%, 16=0.0%, 32=0.0%, 64=0.0%, >=64=0.0%
     complete  : 0=0.0%, 4=100.0%, 8=0.0%, 16=0.0%, 32=0.0%, 64=0.1%, >=64=0.0%
     issued rwt: total=0,262144,0, short=0,0,0, dropped=0,0,0
     latency   : target=0, window=0, percentile=100.00%, depth=64

Run status group 0 (all jobs):
  WRITE: bw=1572KiB/s (1610kB/s), 1572KiB/s-1572KiB/s (1610kB/s-1610kB/s), io=1024MiB (1074MB), run=666894-666894msec

Disk stats (read/write):
  sde: ios=40/261859, merge=0/0, ticks=6/42671071, in_queue=42672111, util=100.00%
