test: (g=0): rw=read, bs=(R) 64.0KiB-64.0KiB, (W) 64.0KiB-64.0KiB, (T) 64.0KiB-64.0KiB, ioengine=libaio, iodepth=64
fio-3.1
Starting 1 process

test: (groupid=0, jobs=1): err= 0: pid=15195: Mon Jul 23 20:34:44 2018
   read: IOPS=3368, BW=211MiB/s (221MB/s)(1024MiB/4864msec)
    slat (usec): min=6, max=682, avg=16.11, stdev= 8.84
    clat (usec): min=1249, max=36728, avg=18975.51, stdev=1188.92
     lat (usec): min=1258, max=36749, avg=18991.85, stdev=1189.42
    clat percentiles (usec):
     |  1.00th=[18220],  5.00th=[18220], 10.00th=[18220], 20.00th=[18220],
     | 30.00th=[18482], 40.00th=[18482], 50.00th=[18482], 60.00th=[19006],
     | 70.00th=[19530], 80.00th=[19530], 90.00th=[19792], 95.00th=[20055],
     | 99.00th=[22938], 99.50th=[23725], 99.90th=[31851], 99.95th=[34341],
     | 99.99th=[36439]
   bw (  KiB/s): min=207744, max=222848, per=99.87%, avg=215296.00, stdev=6445.60, samples=9
   iops        : min= 3246, max= 3482, avg=3364.00, stdev=100.71, samples=9
  lat (msec)   : 2=0.07%, 4=0.07%, 20=90.39%, 50=9.47%
  cpu          : usr=1.27%, sys=8.08%, ctx=16359, majf=0, minf=545
  IO depths    : 1=0.1%, 2=0.1%, 4=0.1%, 8=0.1%, 16=0.1%, 32=0.2%, >=64=99.6%
     submit    : 0=0.0%, 4=100.0%, 8=0.0%, 16=0.0%, 32=0.0%, 64=0.0%, >=64=0.0%
     complete  : 0=0.0%, 4=100.0%, 8=0.0%, 16=0.0%, 32=0.0%, 64=0.1%, >=64=0.0%
     issued rwt: total=16384,0,0, short=0,0,0, dropped=0,0,0
     latency   : target=0, window=0, percentile=100.00%, depth=64

Run status group 0 (all jobs):
   READ: bw=211MiB/s (221MB/s), 211MiB/s-211MiB/s (221MB/s-221MB/s), io=1024MiB (1074MB), run=4864-4864msec

Disk stats (read/write):
  sdj: ios=15631/0, merge=0/0, ticks=296152/0, in_queue=296754, util=97.95%
