test: (g=0): rw=write, bs=(R) 1024KiB-1024KiB, (W) 1024KiB-1024KiB, (T) 1024KiB-1024KiB, ioengine=libaio, iodepth=64
fio-3.1
Starting 1 process

test: (groupid=0, jobs=1): err= 0: pid=13432: Mon Jul 23 17:28:18 2018
  write: IOPS=463, BW=463MiB/s (486MB/s)(1024MiB/2211msec)
    slat (usec): min=73, max=23377, avg=2068.24, stdev=5167.59
    clat (msec): min=55, max=214, avg=135.08, stdev=15.14
     lat (msec): min=55, max=230, avg=137.15, stdev=14.56
    clat percentiles (msec):
     |  1.00th=[   87],  5.00th=[  118], 10.00th=[  121], 20.00th=[  134],
     | 30.00th=[  134], 40.00th=[  136], 50.00th=[  136], 60.00th=[  138],
     | 70.00th=[  140], 80.00th=[  140], 90.00th=[  142], 95.00th=[  150],
     | 99.00th=[  197], 99.50th=[  213], 99.90th=[  215], 99.95th=[  215],
     | 99.99th=[  215]
   bw (  KiB/s): min=423936, max=491520, per=97.81%, avg=463872.00, stdev=28793.65, samples=4
   iops        : min=  414, max=  480, avg=453.00, stdev=28.12, samples=4
  lat (msec)   : 100=2.44%, 250=97.56%
  cpu          : usr=3.39%, sys=4.34%, ctx=161, majf=0, minf=28
  IO depths    : 1=0.1%, 2=0.2%, 4=0.4%, 8=0.8%, 16=1.6%, 32=3.1%, >=64=93.8%
     submit    : 0=0.0%, 4=100.0%, 8=0.0%, 16=0.0%, 32=0.0%, 64=0.0%, >=64=0.0%
     complete  : 0=0.0%, 4=99.9%, 8=0.0%, 16=0.0%, 32=0.0%, 64=0.1%, >=64=0.0%
     issued rwt: total=0,1024,0, short=0,0,0, dropped=0,0,0
     latency   : target=0, window=0, percentile=100.00%, depth=64

Run status group 0 (all jobs):
  WRITE: bw=463MiB/s (486MB/s), 463MiB/s-463MiB/s (486MB/s-486MB/s), io=1024MiB (1074MB), run=2211-2211msec

Disk stats (read/write):
  sdb: ios=42/3939, merge=0/0, ticks=10/294503, in_queue=300323, util=94.43%
