test: (g=0): rw=read, bs=(R) 64.0KiB-64.0KiB, (W) 64.0KiB-64.0KiB, (T) 64.0KiB-64.0KiB, ioengine=libaio, iodepth=64
fio-3.1
Starting 1 process

test: (groupid=0, jobs=1): err= 0: pid=32962: Tue Jul 24 17:48:29 2018
   read: IOPS=3190, BW=199MiB/s (209MB/s)(1024MiB/5135msec)
    slat (usec): min=7, max=696, avg=20.49, stdev= 8.81
    clat (usec): min=1869, max=38805, avg=20027.18, stdev=1085.95
     lat (usec): min=1933, max=38828, avg=20047.91, stdev=1085.37
    clat percentiles (usec):
     |  1.00th=[19268],  5.00th=[19268], 10.00th=[19530], 20.00th=[19530],
     | 30.00th=[19530], 40.00th=[19530], 50.00th=[19792], 60.00th=[20055],
     | 70.00th=[20317], 80.00th=[20317], 90.00th=[20841], 95.00th=[20841],
     | 99.00th=[23987], 99.50th=[24773], 99.90th=[33817], 99.95th=[35914],
     | 99.99th=[38536]
   bw (  KiB/s): min=198400, max=209920, per=99.96%, avg=204124.70, stdev=4624.93, samples=10
   iops        : min= 3100, max= 3280, avg=3189.40, stdev=72.22, samples=10
  lat (msec)   : 2=0.02%, 4=0.04%, 20=53.65%, 50=46.28%
  cpu          : usr=1.58%, sys=9.02%, ctx=16372, majf=0, minf=545
  IO depths    : 1=0.1%, 2=0.1%, 4=0.1%, 8=0.1%, 16=0.1%, 32=0.2%, >=64=99.6%
     submit    : 0=0.0%, 4=100.0%, 8=0.0%, 16=0.0%, 32=0.0%, 64=0.0%, >=64=0.0%
     complete  : 0=0.0%, 4=100.0%, 8=0.0%, 16=0.0%, 32=0.0%, 64=0.1%, >=64=0.0%
     issued rwt: total=16384,0,0, short=0,0,0, dropped=0,0,0
     latency   : target=0, window=0, percentile=100.00%, depth=64

Run status group 0 (all jobs):
   READ: bw=199MiB/s (209MB/s), 199MiB/s-199MiB/s (209MB/s-209MB/s), io=1024MiB (1074MB), run=5135-5135msec

Disk stats (read/write):
  sdh: ios=15597/0, merge=0/0, ticks=312025/0, in_queue=312649, util=98.06%
