test: (g=0): rw=read, bs=(R) 64.0KiB-64.0KiB, (W) 64.0KiB-64.0KiB, (T) 64.0KiB-64.0KiB, ioengine=libaio, iodepth=64
fio-3.1
Starting 1 process

test: (groupid=0, jobs=1): err= 0: pid=3453: Fri Jul 13 17:09:33 2018
   read: IOPS=3286, BW=205MiB/s (215MB/s)(1024MiB/4986msec)
    slat (usec): min=2, max=592, avg=11.35, stdev= 7.69
    clat (usec): min=8647, max=35812, avg=19457.61, stdev=947.77
     lat (usec): min=8901, max=35825, avg=19469.09, stdev=947.42
    clat percentiles (usec):
     |  1.00th=[18482],  5.00th=[18482], 10.00th=[18482], 20.00th=[18482],
     | 30.00th=[19530], 40.00th=[19530], 50.00th=[19530], 60.00th=[19530],
     | 70.00th=[19530], 80.00th=[19530], 90.00th=[20055], 95.00th=[20055],
     | 99.00th=[23200], 99.50th=[24249], 99.90th=[32375], 99.95th=[34341],
     | 99.99th=[35914]
   bw (  KiB/s): min=203904, max=219136, per=99.53%, avg=209308.44, stdev=4741.09, samples=9
   iops        : min= 3186, max= 3424, avg=3270.44, stdev=74.08, samples=9
  lat (msec)   : 10=0.03%, 20=82.73%, 50=17.24%
  cpu          : usr=1.18%, sys=5.70%, ctx=8711, majf=0, minf=545
  IO depths    : 1=0.1%, 2=0.1%, 4=0.1%, 8=0.1%, 16=0.1%, 32=0.2%, >=64=99.6%
     submit    : 0=0.0%, 4=100.0%, 8=0.0%, 16=0.0%, 32=0.0%, 64=0.0%, >=64=0.0%
     complete  : 0=0.0%, 4=100.0%, 8=0.0%, 16=0.0%, 32=0.0%, 64=0.1%, >=64=0.0%
     issued rwt: total=16384,0,0, short=0,0,0, dropped=0,0,0
     latency   : target=0, window=0, percentile=100.00%, depth=64

Run status group 0 (all jobs):
   READ: bw=205MiB/s (215MB/s), 205MiB/s-205MiB/s (215MB/s-215MB/s), io=1024MiB (1074MB), run=4986-4986msec

Disk stats (read/write):
  sdl: ios=8538/0, merge=7545/0, ticks=165668/0, in_queue=166012, util=98.04%
