test: (g=0): rw=randread, bs=(R) 64.0KiB-64.0KiB, (W) 64.0KiB-64.0KiB, (T) 64.0KiB-64.0KiB, ioengine=libaio, iodepth=64
fio-3.1
Starting 1 process

test: (groupid=0, jobs=1): err= 0: pid=5313: Fri Jul 13 17:39:13 2018
   read: IOPS=462, BW=28.9MiB/s (30.3MB/s)(1024MiB/35454msec)
    slat (usec): min=3, max=748, avg=20.40, stdev= 9.60
    clat (usec): min=1665, max=1100.4k, avg=138451.27, stdev=105711.72
     lat (usec): min=1677, max=1100.4k, avg=138472.12, stdev=105711.84
    clat percentiles (msec):
     |  1.00th=[   16],  5.00th=[   30], 10.00th=[   42], 20.00th=[   62],
     | 30.00th=[   79], 40.00th=[   95], 50.00th=[  112], 60.00th=[  131],
     | 70.00th=[  155], 80.00th=[  194], 90.00th=[  268], 95.00th=[  351],
     | 99.00th=[  542], 99.50th=[  600], 99.90th=[  785], 99.95th=[  869],
     | 99.99th=[ 1028]
   bw (  KiB/s): min=10152, max=42278, per=99.72%, avg=29492.24, stdev=4312.45, samples=70
   iops        : min=  158, max=  660, avg=460.21, stdev=67.37, samples=70
  lat (msec)   : 2=0.01%, 10=0.14%, 20=1.88%, 50=12.15%, 100=28.89%
  lat (msec)   : 250=45.10%, 500=10.47%, 750=1.21%, 1000=0.14%, 2000=0.01%
  cpu          : usr=0.58%, sys=1.73%, ctx=15683, majf=0, minf=544
  IO depths    : 1=0.1%, 2=0.1%, 4=0.1%, 8=0.1%, 16=0.1%, 32=0.2%, >=64=99.6%
     submit    : 0=0.0%, 4=100.0%, 8=0.0%, 16=0.0%, 32=0.0%, 64=0.0%, >=64=0.0%
     complete  : 0=0.0%, 4=100.0%, 8=0.0%, 16=0.0%, 32=0.0%, 64=0.1%, >=64=0.0%
     issued rwt: total=16384,0,0, short=0,0,0, dropped=0,0,0
     latency   : target=0, window=0, percentile=100.00%, depth=64

Run status group 0 (all jobs):
   READ: bw=28.9MiB/s (30.3MB/s), 28.9MiB/s-28.9MiB/s (30.3MB/s-30.3MB/s), io=1024MiB (1074MB), run=35454-35454msec

Disk stats (read/write):
  sdl: ios=15597/0, merge=654/0, ticks=2183408/0, in_queue=2186495, util=100.00%
