test: (g=0): rw=randread, bs=(R) 4096B-4096B, (W) 4096B-4096B, (T) 4096B-4096B, ioengine=libaio, iodepth=64
fio-3.1
Starting 1 process

test: (groupid=0, jobs=1): err= 0: pid=2739: Fri Jul 13 16:27:18 2018
   read: IOPS=518, BW=2072KiB/s (2122kB/s)(1024MiB/505996msec)
    slat (nsec): min=1513, max=834219, avg=14560.12, stdev=5266.92
    clat (usec): min=598, max=1268.6k, avg=123513.23, stdev=91764.45
     lat (usec): min=605, max=1268.7k, avg=123528.29, stdev=91764.67
    clat percentiles (msec):
     |  1.00th=[   13],  5.00th=[   26], 10.00th=[   37], 20.00th=[   55],
     | 30.00th=[   71], 40.00th=[   87], 50.00th=[  103], 60.00th=[  120],
     | 70.00th=[  140], 80.00th=[  174], 90.00th=[  236], 95.00th=[  305],
     | 99.00th=[  460], 99.50th=[  527], 99.90th=[  693], 99.95th=[  768],
     | 99.99th=[  927]
   bw (  KiB/s): min=  952, max= 7704, per=99.73%, avg=2066.49, stdev=410.07, samples=1011
   iops        : min=  238, max= 1926, avg=516.61, stdev=102.52, samples=1011
  lat (usec)   : 750=0.01%, 1000=0.01%
  lat (msec)   : 2=0.01%, 4=0.05%, 10=0.55%, 20=2.45%, 50=14.22%
  lat (msec)   : 100=31.55%, 250=42.44%, 500=8.06%, 750=0.60%, 1000=0.05%
  lat (msec)   : 2000=0.01%
  cpu          : usr=0.76%, sys=1.62%, ctx=258082, majf=0, minf=95
  IO depths    : 1=0.1%, 2=0.1%, 4=0.1%, 8=0.1%, 16=0.1%, 32=0.1%, >=64=100.0%
     submit    : 0=0.0%, 4=100.0%, 8=0.0%, 16=0.0%, 32=0.0%, 64=0.0%, >=64=0.0%
     complete  : 0=0.0%, 4=100.0%, 8=0.0%, 16=0.0%, 32=0.0%, 64=0.1%, >=64=0.0%
     issued rwt: total=262144,0,0, short=0,0,0, dropped=0,0,0
     latency   : target=0, window=0, percentile=100.00%, depth=64

Run status group 0 (all jobs):
   READ: bw=2072KiB/s (2122kB/s), 2072KiB/s-2072KiB/s (2122kB/s-2122kB/s), io=1024MiB (1074MB), run=505996-505996msec

Disk stats (read/write):
  sdj: ios=259209/0, merge=2585/0, ticks=32192682/0, in_queue=32194048, util=100.00%
