test: (g=0): rw=randwrite, bs=(R) 8192B-8192B, (W) 8192B-8192B, (T) 8192B-8192B, ioengine=libaio, iodepth=64
fio-3.1
Starting 1 process

test: (groupid=0, jobs=1): err= 0: pid=2786: Fri Jul 13 16:32:22 2018
  write: IOPS=431, BW=3454KiB/s (3537kB/s)(1024MiB/303565msec)
    slat (nsec): min=2028, max=62629, avg=19040.76, stdev=8147.61
    clat (usec): min=345, max=1154.5k, avg=148193.63, stdev=109579.90
     lat (usec): min=385, max=1154.6k, avg=148213.06, stdev=109581.66
    clat percentiles (msec):
     |  1.00th=[   12],  5.00th=[   18], 10.00th=[   25], 20.00th=[   59],
     | 30.00th=[   90], 40.00th=[  110], 50.00th=[  130], 60.00th=[  153],
     | 70.00th=[  176], 80.00th=[  207], 90.00th=[  292], 95.00th=[  380],
     | 99.00th=[  506], 99.50th=[  567], 99.90th=[  726], 99.95th=[  793],
     | 99.99th=[  894]
   bw (  KiB/s): min=  512, max=13760, per=99.79%, avg=3446.62, stdev=1110.97, samples=607
   iops        : min=   64, max= 1720, avg=430.82, stdev=138.87, samples=607
  lat (usec)   : 500=0.01%, 1000=0.01%
  lat (msec)   : 2=0.01%, 4=0.07%, 10=0.67%, 20=5.80%, 50=12.05%
  lat (msec)   : 100=16.42%, 250=51.64%, 500=12.27%, 750=0.99%, 1000=0.08%
  lat (msec)   : 2000=0.01%
  cpu          : usr=0.55%, sys=1.45%, ctx=128978, majf=0, minf=29
  IO depths    : 1=0.1%, 2=0.1%, 4=0.1%, 8=0.1%, 16=0.1%, 32=0.1%, >=64=100.0%
     submit    : 0=0.0%, 4=100.0%, 8=0.0%, 16=0.0%, 32=0.0%, 64=0.0%, >=64=0.0%
     complete  : 0=0.0%, 4=100.0%, 8=0.0%, 16=0.0%, 32=0.0%, 64=0.1%, >=64=0.0%
     issued rwt: total=0,131072,0, short=0,0,0, dropped=0,0,0
     latency   : target=0, window=0, percentile=100.00%, depth=64

Run status group 0 (all jobs):
  WRITE: bw=3454KiB/s (3537kB/s), 3454KiB/s-3454KiB/s (3537kB/s-3537kB/s), io=1024MiB (1074MB), run=303565-303565msec

Disk stats (read/write):
  sdj: ios=43/128791, merge=0/1942, ticks=20759/19240983, in_queue=19263283, util=100.00%
