test: (g=0): rw=randread, bs=(R) 64.0KiB-64.0KiB, (W) 64.0KiB-64.0KiB, (T) 64.0KiB-64.0KiB, ioengine=libaio, iodepth=64
fio-3.1
Starting 1 process

test: (groupid=0, jobs=1): err= 0: pid=2929: Fri Jul 13 16:37:51 2018
   read: IOPS=467, BW=29.2MiB/s (30.6MB/s)(1024MiB/35077msec)
    slat (usec): min=3, max=207, avg=22.18, stdev= 7.74
    clat (msec): min=3, max=1134, avg=136.98, stdev=105.62
     lat (msec): min=3, max=1134, avg=137.01, stdev=105.62
    clat percentiles (msec):
     |  1.00th=[   17],  5.00th=[   30], 10.00th=[   41], 20.00th=[   61],
     | 30.00th=[   78], 40.00th=[   94], 50.00th=[  111], 60.00th=[  129],
     | 70.00th=[  155], 80.00th=[  192], 90.00th=[  266], 95.00th=[  342],
     | 99.00th=[  542], 99.50th=[  634], 99.90th=[  835], 99.95th=[  936],
     | 99.99th=[ 1116]
   bw (  KiB/s): min=24704, max=49664, per=99.70%, avg=29804.80, stdev=4226.87, samples=70
   iops        : min=  386, max=  776, avg=465.67, stdev=66.05, samples=70
  lat (msec)   : 4=0.01%, 10=0.15%, 20=1.72%, 50=12.79%, 100=29.33%
  lat (msec)   : 250=44.42%, 500=10.30%, 750=1.09%, 1000=0.16%, 2000=0.04%
  cpu          : usr=0.65%, sys=1.86%, ctx=15712, majf=0, minf=544
  IO depths    : 1=0.1%, 2=0.1%, 4=0.1%, 8=0.1%, 16=0.1%, 32=0.2%, >=64=99.6%
     submit    : 0=0.0%, 4=100.0%, 8=0.0%, 16=0.0%, 32=0.0%, 64=0.0%, >=64=0.0%
     complete  : 0=0.0%, 4=100.0%, 8=0.0%, 16=0.0%, 32=0.0%, 64=0.1%, >=64=0.0%
     issued rwt: total=16384,0,0, short=0,0,0, dropped=0,0,0
     latency   : target=0, window=0, percentile=100.00%, depth=64

Run status group 0 (all jobs):
   READ: bw=29.2MiB/s (30.6MB/s), 29.2MiB/s-29.2MiB/s (30.6MB/s-30.6MB/s), io=1024MiB (1074MB), run=35077-35077msec

Disk stats (read/write):
  sdj: ios=15718/0, merge=672/0, ticks=2170958/0, in_queue=2172969, util=100.00%
