test: (g=0): rw=randread, bs=(R) 4096B-4096B, (W) 4096B-4096B, (T) 4096B-4096B, ioengine=libaio, iodepth=64
fio-3.1
Starting 1 process

test: (groupid=0, jobs=1): err= 0: pid=28200: Fri Jul 13 13:22:57 2018
   read: IOPS=514, BW=2058KiB/s (2107kB/s)(1024MiB/509570msec)
    slat (nsec): min=1389, max=54622, avg=14089.86, stdev=5107.52
    clat (usec): min=443, max=1293.0k, avg=124386.43, stdev=92595.48
     lat (usec): min=448, max=1294.0k, avg=124401.03, stdev=92595.68
    clat percentiles (msec):
     |  1.00th=[   13],  5.00th=[   26], 10.00th=[   37], 20.00th=[   55],
     | 30.00th=[   72], 40.00th=[   87], 50.00th=[  103], 60.00th=[  120],
     | 70.00th=[  142], 80.00th=[  176], 90.00th=[  239], 95.00th=[  309],
     | 99.00th=[  464], 99.50th=[  531], 99.90th=[  701], 99.95th=[  768],
     | 99.99th=[  919]
   bw (  KiB/s): min=  520, max= 8784, per=100.00%, avg=2057.09, stdev=449.14, samples=1019
   iops        : min=  130, max= 2196, avg=514.26, stdev=112.28, samples=1019
  lat (usec)   : 500=0.01%, 750=0.01%
  lat (msec)   : 2=0.01%, 4=0.05%, 10=0.51%, 20=2.55%, 50=14.17%
  lat (msec)   : 100=31.09%, 250=42.79%, 500=8.15%, 750=0.63%, 1000=0.06%
  lat (msec)   : 2000=0.01%
  cpu          : usr=0.72%, sys=1.56%, ctx=258216, majf=0, minf=94
  IO depths    : 1=0.1%, 2=0.1%, 4=0.1%, 8=0.1%, 16=0.1%, 32=0.1%, >=64=100.0%
     submit    : 0=0.0%, 4=100.0%, 8=0.0%, 16=0.0%, 32=0.0%, 64=0.0%, >=64=0.0%
     complete  : 0=0.0%, 4=100.0%, 8=0.0%, 16=0.0%, 32=0.0%, 64=0.1%, >=64=0.0%
     issued rwt: total=262144,0,0, short=0,0,0, dropped=0,0,0
     latency   : target=0, window=0, percentile=100.00%, depth=64

Run status group 0 (all jobs):
   READ: bw=2058KiB/s (2107kB/s), 2058KiB/s-2058KiB/s (2107kB/s-2107kB/s), io=1024MiB (1074MB), run=509570-509570msec

Disk stats (read/write):
  sdd: ios=259102/0, merge=2559/0, ticks=32418879/0, in_queue=32421192, util=100.00%
