test: (g=0): rw=write, bs=(R) 1024KiB-1024KiB, (W) 1024KiB-1024KiB, (T) 1024KiB-1024KiB, ioengine=libaio, iodepth=64
fio-3.1
Starting 1 process

test: (groupid=0, jobs=1): err= 0: pid=27509: Fri Jul 13 13:03:08 2018
  write: IOPS=199, BW=199MiB/s (209MB/s)(1024MiB/5145msec)
    slat (usec): min=66, max=76205, avg=4849.47, stdev=12860.82
    clat (msec): min=136, max=434, avg=314.31, stdev=38.55
     lat (msec): min=136, max=471, avg=319.16, stdev=37.24
    clat percentiles (msec):
     |  1.00th=[  176],  5.00th=[  259], 10.00th=[  279], 20.00th=[  296],
     | 30.00th=[  296], 40.00th=[  305], 50.00th=[  313], 60.00th=[  334],
     | 70.00th=[  338], 80.00th=[  342], 90.00th=[  342], 95.00th=[  376],
     | 99.00th=[  397], 99.50th=[  435], 99.90th=[  435], 99.95th=[  435],
     | 99.99th=[  435]
   bw (  KiB/s): min=151552, max=229376, per=96.57%, avg=196812.80, stdev=22235.45, samples=10
   iops        : min=  148, max=  224, avg=192.20, stdev=21.71, samples=10
  lat (msec)   : 250=4.30%, 500=95.70%
  cpu          : usr=1.42%, sys=2.04%, ctx=164, majf=0, minf=27
  IO depths    : 1=0.1%, 2=0.2%, 4=0.4%, 8=0.8%, 16=1.6%, 32=3.1%, >=64=93.8%
     submit    : 0=0.0%, 4=100.0%, 8=0.0%, 16=0.0%, 32=0.0%, 64=0.0%, >=64=0.0%
     complete  : 0=0.0%, 4=99.9%, 8=0.0%, 16=0.0%, 32=0.0%, 64=0.1%, >=64=0.0%
     issued rwt: total=0,1024,0, short=0,0,0, dropped=0,0,0
     latency   : target=0, window=0, percentile=100.00%, depth=64

Run status group 0 (all jobs):
  WRITE: bw=199MiB/s (209MB/s), 199MiB/s-199MiB/s (209MB/s-209MB/s), io=1024MiB (1074MB), run=5145-5145msec

Disk stats (read/write):
  sdd: ios=7/4070, merge=0/0, ticks=4366/715733, in_queue=724318, util=97.83%
