test: (g=0): rw=read, bs=(R) 512KiB-512KiB, (W) 512KiB-512KiB, (T) 512KiB-512KiB, ioengine=libaio, iodepth=64
fio-3.1
Starting 1 process

test: (groupid=0, jobs=1): err= 0: pid=27460: Fri Jul 13 13:03:02 2018
   read: IOPS=412, BW=206MiB/s (216MB/s)(1024MiB/4965msec)
    slat (usec): min=22, max=747, avg=88.31, stdev=54.80
    clat (msec): min=11, max=289, avg=154.81, stdev=22.64
     lat (msec): min=11, max=289, avg=154.90, stdev=22.63
    clat percentiles (msec):
     |  1.00th=[   52],  5.00th=[  146], 10.00th=[  146], 20.00th=[  146],
     | 30.00th=[  148], 40.00th=[  148], 50.00th=[  148], 60.00th=[  163],
     | 70.00th=[  167], 80.00th=[  167], 90.00th=[  167], 95.00th=[  167],
     | 99.00th=[  245], 99.50th=[  268], 99.90th=[  288], 99.95th=[  288],
     | 99.99th=[  292]
   bw (  KiB/s): min=195584, max=223232, per=99.40%, avg=209920.00, stdev=12298.66, samples=9
   iops        : min=  382, max=  436, avg=410.00, stdev=24.02, samples=9
  lat (msec)   : 20=0.29%, 50=0.68%, 100=1.17%, 250=96.97%, 500=0.88%
  cpu          : usr=0.36%, sys=4.27%, ctx=2046, majf=0, minf=558
  IO depths    : 1=0.1%, 2=0.1%, 4=0.2%, 8=0.4%, 16=0.8%, 32=1.6%, >=64=96.9%
     submit    : 0=0.0%, 4=100.0%, 8=0.0%, 16=0.0%, 32=0.0%, 64=0.0%, >=64=0.0%
     complete  : 0=0.0%, 4=99.9%, 8=0.0%, 16=0.0%, 32=0.0%, 64=0.1%, >=64=0.0%
     issued rwt: total=2048,0,0, short=0,0,0, dropped=0,0,0
     latency   : target=0, window=0, percentile=100.00%, depth=64

Run status group 0 (all jobs):
   READ: bw=206MiB/s (216MB/s), 206MiB/s-206MiB/s (216MB/s-216MB/s), io=1024MiB (1074MB), run=4965-4965msec

Disk stats (read/write):
  sdd: ios=4035/0, merge=0/0, ticks=613659/0, in_queue=620492, util=98.04%
