test: (g=0): rw=write, bs=(R) 512KiB-512KiB, (W) 512KiB-512KiB, (T) 512KiB-512KiB, ioengine=libaio, iodepth=64
fio-3.1
Starting 1 process

test: (groupid=0, jobs=1): err= 0: pid=27409: Fri Jul 13 13:02:57 2018
  write: IOPS=405, BW=203MiB/s (212MB/s)(1024MiB/5054msec)
    slat (usec): min=34, max=197, avg=126.25, stdev=35.41
    clat (msec): min=9, max=289, avg=157.65, stdev=24.94
     lat (msec): min=9, max=289, avg=157.78, stdev=24.94
    clat percentiles (msec):
     |  1.00th=[   51],  5.00th=[  146], 10.00th=[  146], 20.00th=[  146],
     | 30.00th=[  148], 40.00th=[  148], 50.00th=[  148], 60.00th=[  167],
     | 70.00th=[  167], 80.00th=[  167], 90.00th=[  176], 95.00th=[  194],
     | 99.00th=[  245], 99.50th=[  268], 99.90th=[  288], 99.95th=[  288],
     | 99.99th=[  292]
   bw (  KiB/s): min=177152, max=223232, per=97.99%, avg=203308.30, stdev=16218.94, samples=10
   iops        : min=  346, max=  436, avg=397.00, stdev=31.57, samples=10
  lat (msec)   : 10=0.05%, 20=0.34%, 50=0.59%, 100=1.12%, 250=97.02%
  lat (msec)   : 500=0.88%
  cpu          : usr=2.00%, sys=4.14%, ctx=2048, majf=0, minf=27
  IO depths    : 1=0.1%, 2=0.1%, 4=0.2%, 8=0.4%, 16=0.8%, 32=1.6%, >=64=96.9%
     submit    : 0=0.0%, 4=100.0%, 8=0.0%, 16=0.0%, 32=0.0%, 64=0.0%, >=64=0.0%
     complete  : 0=0.0%, 4=99.9%, 8=0.0%, 16=0.0%, 32=0.0%, 64=0.1%, >=64=0.0%
     issued rwt: total=0,2048,0, short=0,0,0, dropped=0,0,0
     latency   : target=0, window=0, percentile=100.00%, depth=64

Run status group 0 (all jobs):
  WRITE: bw=203MiB/s (212MB/s), 203MiB/s-203MiB/s (212MB/s-212MB/s), io=1024MiB (1074MB), run=5054-5054msec

Disk stats (read/write):
  sdd: ios=6/3943, merge=0/0, ticks=4277/611830, in_queue=625999, util=97.80%
