test: (g=0): rw=randwrite, bs=(R) 8192B-8192B, (W) 8192B-8192B, (T) 8192B-8192B, ioengine=libaio, iodepth=64
fio-3.1
Starting 1 process

test: (groupid=0, jobs=1): err= 0: pid=27560: Fri Aug 17 20:02:48 2018
  write: IOPS=619, BW=4957KiB/s (5076kB/s)(1024MiB/211516msec)
    slat (usec): min=2, max=649, avg= 8.17, stdev= 8.04
    clat (usec): min=307, max=777926, avg=103268.85, stdev=70051.02
     lat (usec): min=319, max=777931, avg=103277.15, stdev=70051.61
    clat percentiles (usec):
     |  1.00th=[   660],  5.00th=[   742], 10.00th=[ 25560], 20.00th=[ 50594],
     | 30.00th=[ 66323], 40.00th=[ 81265], 50.00th=[ 94897], 60.00th=[109577],
     | 70.00th=[126354], 80.00th=[147850], 90.00th=[183501], 95.00th=[219153],
     | 99.00th=[325059], 99.50th=[379585], 99.90th=[650118], 99.95th=[725615],
     | 99.99th=[767558]
   bw (  KiB/s): min=  384, max=135024, per=100.00%, avg=4964.64, stdev=6551.11, samples=422
   iops        : min=   48, max=16878, avg=620.57, stdev=818.89, samples=422
  lat (usec)   : 500=0.06%, 750=5.11%, 1000=0.76%
  lat (msec)   : 2=0.15%, 4=0.22%, 10=0.70%, 20=1.72%, 50=10.96%
  lat (msec)   : 100=33.81%, 250=43.56%, 500=2.71%, 750=0.22%, 1000=0.03%
  cpu          : usr=0.19%, sys=0.66%, ctx=48911, majf=0, minf=28
  IO depths    : 1=0.1%, 2=0.1%, 4=0.1%, 8=0.1%, 16=0.1%, 32=0.1%, >=64=100.0%
     submit    : 0=0.0%, 4=100.0%, 8=0.0%, 16=0.0%, 32=0.0%, 64=0.0%, >=64=0.0%
     complete  : 0=0.0%, 4=100.0%, 8=0.0%, 16=0.0%, 32=0.0%, 64=0.1%, >=64=0.0%
     issued rwt: total=0,131072,0, short=0,0,0, dropped=0,0,0
     latency   : target=0, window=0, percentile=100.00%, depth=64

Run status group 0 (all jobs):
  WRITE: bw=4957KiB/s (5076kB/s), 4957KiB/s-4957KiB/s (5076kB/s-5076kB/s), io=1024MiB (1074MB), run=211516-211516msec

Disk stats (read/write):
  sdl: ios=24/130549, merge=0/0, ticks=30/13520983, in_queue=13521722, util=100.00%
