test: (g=0): rw=randwrite, bs=(R) 4096B-4096B, (W) 4096B-4096B, (T) 4096B-4096B, ioengine=libaio, iodepth=64
fio-3.1
Starting 1 process

test: (groupid=0, jobs=1): err= 0: pid=30793: Tue Jul 24 15:06:09 2018
  write: IOPS=212, BW=851KiB/s (871kB/s)(1024MiB/1232132msec)
    slat (nsec): min=4402, max=93197, avg=21847.89, stdev=10266.80
    clat (usec): min=412, max=1848.0k, avg=300785.17, stdev=198034.11
     lat (usec): min=448, max=1848.1k, avg=300807.47, stdev=198035.28
    clat percentiles (msec):
     |  1.00th=[   15],  5.00th=[   22], 10.00th=[   34], 20.00th=[  155],
     | 30.00th=[  199], 40.00th=[  239], 50.00th=[  279], 60.00th=[  317],
     | 70.00th=[  363], 80.00th=[  422], 90.00th=[  558], 95.00th=[  684],
     | 99.00th=[  927], 99.50th=[ 1036], 99.90th=[ 1217], 99.95th=[ 1284],
     | 99.99th=[ 1502]
   bw (  KiB/s): min=    8, max= 2160, per=100.00%, avg=863.49, stdev=304.20, samples=2428
   iops        : min=    2, max=  540, avg=215.86, stdev=76.05, samples=2428
  lat (usec)   : 500=0.01%, 750=0.01%, 1000=0.01%
  lat (msec)   : 2=0.01%, 4=0.01%, 10=0.12%, 20=3.82%, 50=8.17%
  lat (msec)   : 100=2.88%, 250=28.00%, 500=43.82%, 750=9.87%, 1000=2.67%
  lat (msec)   : 2000=0.64%
  cpu          : usr=0.20%, sys=0.69%, ctx=261475, majf=0, minf=29
  IO depths    : 1=0.1%, 2=0.1%, 4=0.1%, 8=0.1%, 16=0.1%, 32=0.1%, >=64=100.0%
     submit    : 0=0.0%, 4=100.0%, 8=0.0%, 16=0.0%, 32=0.0%, 64=0.0%, >=64=0.0%
     complete  : 0=0.0%, 4=100.0%, 8=0.0%, 16=0.0%, 32=0.0%, 64=0.1%, >=64=0.0%
     issued rwt: total=0,262144,0, short=0,0,0, dropped=0,0,0
     latency   : target=0, window=0, percentile=100.00%, depth=64

Run status group 0 (all jobs):
  WRITE: bw=851KiB/s (871kB/s), 851KiB/s-851KiB/s (871kB/s-871kB/s), io=1024MiB (1074MB), run=1232132-1232132msec

Disk stats (read/write):
  sdd: ios=0/262194, merge=0/3, ticks=0/78855753, in_queue=78865528, util=100.00%
