test: (g=0): rw=randwrite, bs=(R) 8192B-8192B, (W) 8192B-8192B, (T) 8192B-8192B, ioengine=libaio, iodepth=64
fio-3.1
Starting 1 process

test: (groupid=0, jobs=1): err= 0: pid=27123: Fri Aug 17 19:41:28 2018
  write: IOPS=719, BW=5756KiB/s (5894kB/s)(1024MiB/182168msec)
    slat (usec): min=2, max=350, avg= 6.76, stdev= 6.40
    clat (usec): min=244, max=749181, avg=88940.15, stdev=61387.78
     lat (usec): min=251, max=749184, avg=88947.02, stdev=61388.03
    clat percentiles (usec):
     |  1.00th=[   652],  5.00th=[   750], 10.00th=[ 20317], 20.00th=[ 41157],
     | 30.00th=[ 55837], 40.00th=[ 68682], 50.00th=[ 81265], 60.00th=[ 94897],
     | 70.00th=[109577], 80.00th=[129500], 90.00th=[160433], 95.00th=[196084],
     | 99.00th=[270533], 99.50th=[308282], 99.90th=[624952], 99.95th=[666895],
     | 99.99th=[742392]
   bw (  KiB/s): min=   80, max=128736, per=100.00%, avg=5771.59, stdev=6798.16, samples=363
   iops        : min=   10, max=16092, avg=721.45, stdev=849.77, samples=363
  lat (usec)   : 250=0.01%, 500=0.10%, 750=4.79%, 1000=0.97%
  lat (msec)   : 2=0.21%, 4=0.12%, 10=0.95%, 20=2.81%, 50=15.88%
  lat (msec)   : 100=38.07%, 250=34.49%, 500=1.47%, 750=0.15%
  cpu          : usr=0.19%, sys=0.65%, ctx=71366, majf=0, minf=28
  IO depths    : 1=0.1%, 2=0.1%, 4=0.1%, 8=0.1%, 16=0.1%, 32=0.1%, >=64=100.0%
     submit    : 0=0.0%, 4=100.0%, 8=0.0%, 16=0.0%, 32=0.0%, 64=0.0%, >=64=0.0%
     complete  : 0=0.0%, 4=100.0%, 8=0.0%, 16=0.0%, 32=0.0%, 64=0.1%, >=64=0.0%
     issued rwt: total=0,131072,0, short=0,0,0, dropped=0,0,0
     latency   : target=0, window=0, percentile=100.00%, depth=64

Run status group 0 (all jobs):
  WRITE: bw=5756KiB/s (5894kB/s), 5756KiB/s-5756KiB/s (5894kB/s-5894kB/s), io=1024MiB (1074MB), run=182168-182168msec

Disk stats (read/write):
  sdk: ios=24/131016, merge=0/0, ticks=22/11649528, in_queue=11652352, util=100.00%
