test: (g=0): rw=randwrite, bs=(R) 4096B-4096B, (W) 4096B-4096B, (T) 4096B-4096B, ioengine=libaio, iodepth=64
fio-3.1
Starting 1 process

test: (groupid=0, jobs=1): err= 0: pid=12962: Mon Jul 23 18:41:16 2018
  write: IOPS=389, BW=1556KiB/s (1593kB/s)(1024MiB/673885msec)
    slat (nsec): min=2718, max=72831, avg=17115.52, stdev=7958.12
    clat (usec): min=269, max=1225.5k, avg=164500.90, stdev=117343.22
     lat (usec): min=292, max=1225.6k, avg=164518.37, stdev=117344.78
    clat percentiles (msec):
     |  1.00th=[   14],  5.00th=[   19], 10.00th=[   26], 20.00th=[   71],
     | 30.00th=[  103], 40.00th=[  125], 50.00th=[  148], 60.00th=[  171],
     | 70.00th=[  197], 80.00th=[  230], 90.00th=[  321], 95.00th=[  409],
     | 99.00th=[  542], 99.50th=[  609], 99.90th=[  760], 99.95th=[  793],
     | 99.99th=[  911]
   bw (  KiB/s): min=   88, max= 6432, per=99.99%, avg=1555.89, stdev=476.06, samples=1344
   iops        : min=   22, max= 1608, avg=388.97, stdev=119.02, samples=1344
  lat (usec)   : 500=0.01%, 1000=0.01%
  lat (msec)   : 2=0.01%, 4=0.01%, 10=0.08%, 20=6.06%, 50=10.92%
  lat (msec)   : 100=11.93%, 250=54.76%, 500=14.56%, 750=1.57%, 1000=0.12%
  lat (msec)   : 2000=0.01%
  cpu          : usr=0.38%, sys=1.10%, ctx=261418, majf=0, minf=28
  IO depths    : 1=0.1%, 2=0.1%, 4=0.1%, 8=0.1%, 16=0.1%, 32=0.1%, >=64=100.0%
     submit    : 0=0.0%, 4=100.0%, 8=0.0%, 16=0.0%, 32=0.0%, 64=0.0%, >=64=0.0%
     complete  : 0=0.0%, 4=100.0%, 8=0.0%, 16=0.0%, 32=0.0%, 64=0.1%, >=64=0.0%
     issued rwt: total=0,262144,0, short=0,0,0, dropped=0,0,0
     latency   : target=0, window=0, percentile=100.00%, depth=64

Run status group 0 (all jobs):
  WRITE: bw=1556KiB/s (1593kB/s), 1556KiB/s-1556KiB/s (1593kB/s-1593kB/s), io=1024MiB (1074MB), run=673885-673885msec

Disk stats (read/write):
  sdf: ios=40/261893, merge=0/0, ticks=5/43118234, in_queue=43120219, util=100.00%
