test: (g=0): rw=randread, bs=(R) 4096B-4096B, (W) 4096B-4096B, (T) 4096B-4096B, ioengine=libaio, iodepth=64
fio-3.1
Starting 1 process

test: (groupid=0, jobs=1): err= 0: pid=40265: Fri Jul 13 13:53:15 2018
   read: IOPS=508, BW=2036KiB/s (2085kB/s)(1024MiB/515033msec)
    slat (nsec): min=1489, max=53631, avg=14390.37, stdev=4991.32
    clat (usec): min=661, max=1241.9k, avg=125719.69, stdev=93495.30
     lat (usec): min=668, max=1241.9k, avg=125734.60, stdev=93495.51
    clat percentiles (msec):
     |  1.00th=[   13],  5.00th=[   26], 10.00th=[   37], 20.00th=[   56],
     | 30.00th=[   72], 40.00th=[   88], 50.00th=[  104], 60.00th=[  122],
     | 70.00th=[  142], 80.00th=[  178], 90.00th=[  243], 95.00th=[  313],
     | 99.00th=[  468], 99.50th=[  535], 99.90th=[  693], 99.95th=[  768],
     | 99.99th=[  919]
   bw (  KiB/s): min=  640, max= 7816, per=100.00%, avg=2035.60, stdev=432.32, samples=1030
   iops        : min=  160, max= 1954, avg=508.89, stdev=108.08, samples=1030
  lat (usec)   : 750=0.01%, 1000=0.01%
  lat (msec)   : 2=0.01%, 4=0.06%, 10=0.53%, 20=2.34%, 50=13.96%
  lat (msec)   : 100=30.93%, 250=43.05%, 500=8.39%, 750=0.66%, 1000=0.05%
  lat (msec)   : 2000=0.01%
  cpu          : usr=0.72%, sys=1.59%, ctx=258033, majf=0, minf=95
  IO depths    : 1=0.1%, 2=0.1%, 4=0.1%, 8=0.1%, 16=0.1%, 32=0.1%, >=64=100.0%
     submit    : 0=0.0%, 4=100.0%, 8=0.0%, 16=0.0%, 32=0.0%, 64=0.0%, >=64=0.0%
     complete  : 0=0.0%, 4=100.0%, 8=0.0%, 16=0.0%, 32=0.0%, 64=0.1%, >=64=0.0%
     issued rwt: total=262144,0,0, short=0,0,0, dropped=0,0,0
     latency   : target=0, window=0, percentile=100.00%, depth=64

Run status group 0 (all jobs):
   READ: bw=2036KiB/s (2085kB/s), 2036KiB/s-2036KiB/s (2085kB/s-2085kB/s), io=1024MiB (1074MB), run=515033-515033msec

Disk stats (read/write):
  sde: ios=259141/0, merge=2551/0, ticks=32768727/0, in_queue=32769733, util=100.00%
