test: (g=0): rw=randread, bs=(R) 4096B-4096B, (W) 4096B-4096B, (T) 4096B-4096B, ioengine=libaio, iodepth=64
fio-3.1
Starting 1 process

test: (groupid=0, jobs=1): err= 0: pid=27572: Sun Jul 15 06:48:29 2018
   read: IOPS=512, BW=2051KiB/s (2100kB/s)(1024MiB/511277msec)
    slat (nsec): min=1598, max=60466, avg=16469.83, stdev=5568.74
    clat (usec): min=544, max=1274.7k, avg=124800.58, stdev=92047.93
     lat (usec): min=547, max=1274.7k, avg=124817.53, stdev=92048.16
    clat percentiles (msec):
     |  1.00th=[   13],  5.00th=[   26], 10.00th=[   37], 20.00th=[   56],
     | 30.00th=[   72], 40.00th=[   88], 50.00th=[  104], 60.00th=[  121],
     | 70.00th=[  142], 80.00th=[  176], 90.00th=[  241], 95.00th=[  305],
     | 99.00th=[  464], 99.50th=[  527], 99.90th=[  676], 99.95th=[  743],
     | 99.99th=[  927]
   bw (  KiB/s): min=  664, max= 7128, per=99.87%, avg=2047.24, stdev=406.44, samples=1022
   iops        : min=  166, max= 1782, avg=511.80, stdev=101.60, samples=1022
  lat (usec)   : 750=0.01%, 1000=0.01%
  lat (msec)   : 2=0.01%, 4=0.06%, 10=0.48%, 20=2.37%, 50=13.97%
  lat (msec)   : 100=31.08%, 250=43.09%, 500=8.26%, 750=0.63%, 1000=0.04%
  lat (msec)   : 2000=0.01%
  cpu          : usr=0.73%, sys=1.70%, ctx=258148, majf=0, minf=95
  IO depths    : 1=0.1%, 2=0.1%, 4=0.1%, 8=0.1%, 16=0.1%, 32=0.1%, >=64=100.0%
     submit    : 0=0.0%, 4=100.0%, 8=0.0%, 16=0.0%, 32=0.0%, 64=0.0%, >=64=0.0%
     complete  : 0=0.0%, 4=100.0%, 8=0.0%, 16=0.0%, 32=0.0%, 64=0.1%, >=64=0.0%
     issued rwt: total=262144,0,0, short=0,0,0, dropped=0,0,0
     latency   : target=0, window=0, percentile=100.00%, depth=64

Run status group 0 (all jobs):
   READ: bw=2051KiB/s (2100kB/s), 2051KiB/s-2051KiB/s (2100kB/s-2100kB/s), io=1024MiB (1074MB), run=511277-511277msec

Disk stats (read/write):
  sdj: ios=259180/6, merge=2582/0, ticks=32517807/3744, in_queue=32522843, util=100.00%
