test: (g=0): rw=randwrite, bs=(R) 8192B-8192B, (W) 8192B-8192B, (T) 8192B-8192B, ioengine=libaio, iodepth=64
fio-3.1
Starting 1 process

test: (groupid=0, jobs=1): err= 0: pid=9794: Tue Jul 24 22:07:33 2018
  write: IOPS=220, BW=1762KiB/s (1805kB/s)(1024MiB/594989msec)
    slat (usec): min=4, max=180, avg=24.98, stdev=10.43
    clat (usec): min=382, max=1595.5k, avg=290488.36, stdev=196477.47
     lat (usec): min=444, max=1595.6k, avg=290513.74, stdev=196479.57
    clat percentiles (msec):
     |  1.00th=[   15],  5.00th=[   22], 10.00th=[   33], 20.00th=[  138],
     | 30.00th=[  188], 40.00th=[  226], 50.00th=[  266], 60.00th=[  309],
     | 70.00th=[  355], 80.00th=[  414], 90.00th=[  558], 95.00th=[  676],
     | 99.00th=[  894], 99.50th=[  995], 99.90th=[ 1183], 99.95th=[ 1250],
     | 99.99th=[ 1385]
   bw (  KiB/s): min=   48, max= 3680, per=100.00%, avg=1794.41, stdev=617.53, samples=1168
   iops        : min=    6, max=  460, avg=224.29, stdev=77.20, samples=1168
  lat (usec)   : 500=0.01%, 750=0.01%, 1000=0.01%
  lat (msec)   : 2=0.01%, 4=0.01%, 10=0.15%, 20=3.82%, 50=8.86%
  lat (msec)   : 100=3.31%, 250=29.76%, 500=40.94%, 750=10.00%, 1000=2.67%
  lat (msec)   : 2000=0.48%
  cpu          : usr=0.23%, sys=0.81%, ctx=130623, majf=0, minf=28
  IO depths    : 1=0.1%, 2=0.1%, 4=0.1%, 8=0.1%, 16=0.1%, 32=0.1%, >=64=100.0%
     submit    : 0=0.0%, 4=100.0%, 8=0.0%, 16=0.0%, 32=0.0%, 64=0.0%, >=64=0.0%
     complete  : 0=0.0%, 4=100.0%, 8=0.0%, 16=0.0%, 32=0.0%, 64=0.1%, >=64=0.0%
     issued rwt: total=0,131072,0, short=0,0,0, dropped=0,0,0
     latency   : target=0, window=0, percentile=100.00%, depth=64

Run status group 0 (all jobs):
  WRITE: bw=1762KiB/s (1805kB/s), 1762KiB/s-1762KiB/s (1805kB/s-1805kB/s), io=1024MiB (1074MB), run=594989-594989msec

Disk stats (read/write):
  sdm: ios=0/131086, merge=0/0, ticks=0/38070554, in_queue=38076718, util=100.00%
