test: (g=0): rw=write, bs=(R) 1024KiB-1024KiB, (W) 1024KiB-1024KiB, (T) 1024KiB-1024KiB, ioengine=libaio, iodepth=64
fio-3.1
Starting 1 process

test: (groupid=0, jobs=1): err= 0: pid=9612: Tue Jul 24 21:29:37 2018
  write: IOPS=183, BW=183MiB/s (192MB/s)(1024MiB/5581msec)
    slat (usec): min=81, max=215589, avg=5258.84, stdev=15878.27
    clat (msec): min=193, max=566, avg=337.41, stdev=52.42
     lat (msec): min=193, max=566, avg=342.67, stdev=51.18
    clat percentiles (msec):
     |  1.00th=[  232],  5.00th=[  271], 10.00th=[  296], 20.00th=[  309],
     | 30.00th=[  309], 40.00th=[  313], 50.00th=[  330], 60.00th=[  334],
     | 70.00th=[  351], 80.00th=[  359], 90.00th=[  401], 95.00th=[  460],
     | 99.00th=[  489], 99.50th=[  567], 99.90th=[  567], 99.95th=[  567],
     | 99.99th=[  567]
   bw (  KiB/s): min=83968, max=213418, per=95.27%, avg=178992.27, stdev=37917.06, samples=11
   iops        : min=   82, max=  208, avg=174.73, stdev=36.99, samples=11
  lat (msec)   : 250=1.56%, 500=97.75%, 750=0.68%
  cpu          : usr=1.25%, sys=2.10%, ctx=165, majf=0, minf=28
  IO depths    : 1=0.1%, 2=0.2%, 4=0.4%, 8=0.8%, 16=1.6%, 32=3.1%, >=64=93.8%
     submit    : 0=0.0%, 4=100.0%, 8=0.0%, 16=0.0%, 32=0.0%, 64=0.0%, >=64=0.0%
     complete  : 0=0.0%, 4=99.9%, 8=0.0%, 16=0.0%, 32=0.0%, 64=0.1%, >=64=0.0%
     issued rwt: total=0,1024,0, short=0,0,0, dropped=0,0,0
     latency   : target=0, window=0, percentile=100.00%, depth=64

Run status group 0 (all jobs):
  WRITE: bw=183MiB/s (192MB/s), 183MiB/s-183MiB/s (192MB/s-192MB/s), io=1024MiB (1074MB), run=5581-5581msec

Disk stats (read/write):
  sdm: ios=0/3915, merge=0/0, ticks=0/755976, in_queue=768387, util=97.60%
