test: (g=0): rw=write, bs=(R) 512KiB-512KiB, (W) 512KiB-512KiB, (T) 512KiB-512KiB, ioengine=libaio, iodepth=64
fio-3.1
Starting 1 process

test: (groupid=0, jobs=1): err= 0: pid=27927: Sun Jul 15 07:04:16 2018
  write: IOPS=405, BW=203MiB/s (213MB/s)(1024MiB/5048msec)
    slat (usec): min=32, max=200, avg=123.89, stdev=37.41
    clat (msec): min=18, max=326, avg=157.47, stdev=24.99
     lat (msec): min=18, max=326, avg=157.60, stdev=24.98
    clat percentiles (msec):
     |  1.00th=[  148],  5.00th=[  150], 10.00th=[  150], 20.00th=[  150],
     | 30.00th=[  150], 40.00th=[  150], 50.00th=[  153], 60.00th=[  153],
     | 70.00th=[  155], 80.00th=[  155], 90.00th=[  159], 95.00th=[  201],
     | 99.00th=[  292], 99.50th=[  309], 99.90th=[  321], 99.95th=[  326],
     | 99.99th=[  326]
   bw (  KiB/s): min=139543, max=220160, per=97.87%, avg=203291.90, stdev=26174.97, samples=10
   iops        : min=  272, max=  430, avg=397.00, stdev=51.27, samples=10
  lat (msec)   : 20=0.05%, 100=0.10%, 250=97.12%, 500=2.73%
  cpu          : usr=1.68%, sys=4.66%, ctx=2049, majf=0, minf=28
  IO depths    : 1=0.1%, 2=0.1%, 4=0.2%, 8=0.4%, 16=0.8%, 32=1.6%, >=64=96.9%
     submit    : 0=0.0%, 4=100.0%, 8=0.0%, 16=0.0%, 32=0.0%, 64=0.0%, >=64=0.0%
     complete  : 0=0.0%, 4=99.9%, 8=0.0%, 16=0.0%, 32=0.0%, 64=0.1%, >=64=0.0%
     issued rwt: total=0,2048,0, short=0,0,0, dropped=0,0,0
     latency   : target=0, window=0, percentile=100.00%, depth=64

Run status group 0 (all jobs):
  WRITE: bw=203MiB/s (213MB/s), 203MiB/s-203MiB/s (213MB/s-213MB/s), io=1024MiB (1074MB), run=5048-5048msec

Disk stats (read/write):
  sdk: ios=0/3947, merge=0/0, ticks=0/610816, in_queue=620330, util=97.75%
