test: (g=0): rw=randwrite, bs=(R) 4096B-4096B, (W) 4096B-4096B, (T) 4096B-4096B, ioengine=libaio, iodepth=64
fio-3.1
Starting 1 process

test: (groupid=0, jobs=1): err= 0: pid=39200: Wed Jul 11 16:04:11 2018
  write: IOPS=393, BW=1573KiB/s (1611kB/s)(1024MiB/666543msec)
    slat (nsec): min=1705, max=65824, avg=16847.66, stdev=7838.96
    clat (usec): min=209, max=1140.5k, avg=162705.44, stdev=116298.89
     lat (usec): min=232, max=1140.5k, avg=162722.68, stdev=116300.62
    clat percentiles (msec):
     |  1.00th=[   12],  5.00th=[   18], 10.00th=[   25], 20.00th=[   71],
     | 30.00th=[  102], 40.00th=[  124], 50.00th=[  146], 60.00th=[  167],
     | 70.00th=[  194], 80.00th=[  228], 90.00th=[  317], 95.00th=[  405],
     | 99.00th=[  535], 99.50th=[  592], 99.90th=[  760], 99.95th=[  827],
     | 99.99th=[  961]
   bw (  KiB/s): min=  256, max= 7504, per=99.94%, avg=1572.00, stdev=478.29, samples=1333
   iops        : min=   64, max= 1876, avg=392.99, stdev=119.57, samples=1333
  lat (usec)   : 250=0.01%, 500=0.01%, 1000=0.01%
  lat (msec)   : 2=0.01%, 4=0.04%, 10=0.42%, 20=6.10%, 50=10.40%
  lat (msec)   : 100=12.38%, 250=54.64%, 500=14.40%, 750=1.50%, 1000=0.11%
  lat (msec)   : 2000=0.01%
  cpu          : usr=0.45%, sys=1.24%, ctx=259363, majf=0, minf=27
  IO depths    : 1=0.1%, 2=0.1%, 4=0.1%, 8=0.1%, 16=0.1%, 32=0.1%, >=64=100.0%
     submit    : 0=0.0%, 4=100.0%, 8=0.0%, 16=0.0%, 32=0.0%, 64=0.0%, >=64=0.0%
     complete  : 0=0.0%, 4=100.0%, 8=0.0%, 16=0.0%, 32=0.0%, 64=0.1%, >=64=0.0%
     issued rwt: total=0,262144,0, short=0,0,0, dropped=0,0,0
     latency   : target=0, window=0, percentile=100.00%, depth=64

Run status group 0 (all jobs):
  WRITE: bw=1573KiB/s (1611kB/s), 1573KiB/s-1573KiB/s (1611kB/s-1611kB/s), io=1024MiB (1074MB), run=666543-666543msec

Disk stats (read/write):
  sdd: ios=40/259005, merge=0/2492, ticks=23485/42392472, in_queue=42416833, util=100.00%
