test: (g=0): rw=randread, bs=(R) 64.0KiB-64.0KiB, (W) 64.0KiB-64.0KiB, (T) 64.0KiB-64.0KiB, ioengine=libaio, iodepth=64
fio-3.1
Starting 1 process

test: (groupid=0, jobs=1): err= 0: pid=39448: Wed Jul 11 16:23:47 2018
   read: IOPS=463, BW=28.0MiB/s (30.4MB/s)(1024MiB/35336msec)
    slat (usec): min=3, max=669, avg=21.76, stdev= 9.19
    clat (msec): min=5, max=1047, avg=137.99, stdev=103.63
     lat (msec): min=5, max=1047, avg=138.01, stdev=103.63
    clat percentiles (msec):
     |  1.00th=[   17],  5.00th=[   31], 10.00th=[   42], 20.00th=[   62],
     | 30.00th=[   80], 40.00th=[   96], 50.00th=[  112], 60.00th=[  131],
     | 70.00th=[  157], 80.00th=[  194], 90.00th=[  264], 95.00th=[  342],
     | 99.00th=[  523], 99.50th=[  600], 99.90th=[  810], 99.95th=[  927],
     | 99.99th=[ 1020]
   bw (  KiB/s): min=11904, max=47232, per=99.25%, avg=29452.59, stdev=4324.13, samples=70
   iops        : min=  186, max=  738, avg=460.17, stdev=67.57, samples=70
  lat (msec)   : 10=0.20%, 20=1.53%, 50=12.15%, 100=28.62%, 250=46.04%
  lat (msec)   : 500=10.21%, 750=1.15%, 1000=0.09%, 2000=0.02%
  cpu          : usr=0.63%, sys=1.82%, ctx=15705, majf=0, minf=543
  IO depths    : 1=0.1%, 2=0.1%, 4=0.1%, 8=0.1%, 16=0.1%, 32=0.2%, >=64=99.6%
     submit    : 0=0.0%, 4=100.0%, 8=0.0%, 16=0.0%, 32=0.0%, 64=0.0%, >=64=0.0%
     complete  : 0=0.0%, 4=100.0%, 8=0.0%, 16=0.0%, 32=0.0%, 64=0.1%, >=64=0.0%
     issued rwt: total=16384,0,0, short=0,0,0, dropped=0,0,0
     latency   : target=0, window=0, percentile=100.00%, depth=64

Run status group 0 (all jobs):
   READ: bw=28.0MiB/s (30.4MB/s), 28.0MiB/s-28.0MiB/s (30.4MB/s-30.4MB/s), io=1024MiB (1074MB), run=35336-35336msec

Disk stats (read/write):
  sdd: ios=15587/0, merge=639/0, ticks=2181068/0, in_queue=2184341, util=99.78%
