test: (g=0): rw=randwrite, bs=(R) 4096B-4096B, (W) 4096B-4096B, (T) 4096B-4096B, ioengine=libaio, iodepth=64
fio-3.1
Starting 1 process

test: (groupid=0, jobs=1): err= 0: pid=5788: Tue Jul 24 17:36:11 2018
  write: IOPS=231, BW=925KiB/s (947kB/s)(1024MiB/1133367msec)
    slat (usec): min=4, max=201, avg=27.87, stdev= 9.52
    clat (usec): min=384, max=1647.9k, avg=276666.85, stdev=143742.00
     lat (usec): min=420, max=1647.0k, avg=276695.27, stdev=143743.30
    clat percentiles (msec):
     |  1.00th=[   18],  5.00th=[   49], 10.00th=[  140], 20.00th=[  176],
     | 30.00th=[  205], 40.00th=[  234], 50.00th=[  262], 60.00th=[  292],
     | 70.00th=[  321], 80.00th=[  355], 90.00th=[  418], 95.00th=[  542],
     | 99.00th=[  802], 99.50th=[  902], 99.90th=[ 1083], 99.95th=[ 1150],
     | 99.99th=[ 1318]
   bw (  KiB/s): min=   24, max= 1984, per=100.00%, avg=930.03, stdev=217.03, samples=2254
   iops        : min=    6, max=  496, avg=232.50, stdev=54.26, samples=2254
  lat (usec)   : 500=0.01%, 1000=0.01%
  lat (msec)   : 2=0.01%, 4=0.01%, 10=0.06%, 20=1.55%, 50=3.44%
  lat (msec)   : 100=1.73%, 250=39.07%, 500=48.16%, 750=4.56%, 1000=1.19%
  lat (msec)   : 2000=0.25%
  cpu          : usr=0.28%, sys=0.96%, ctx=262139, majf=0, minf=386
  IO depths    : 1=0.1%, 2=0.1%, 4=0.1%, 8=0.1%, 16=0.1%, 32=0.1%, >=64=100.0%
     submit    : 0=0.0%, 4=100.0%, 8=0.0%, 16=0.0%, 32=0.0%, 64=0.0%, >=64=0.0%
     complete  : 0=0.0%, 4=100.0%, 8=0.0%, 16=0.0%, 32=0.0%, 64=0.1%, >=64=0.0%
     issued rwt: total=0,262144,0, short=0,0,0, dropped=0,0,0
     latency   : target=0, window=0, percentile=100.00%, depth=64

Run status group 0 (all jobs):
  WRITE: bw=925KiB/s (947kB/s), 925KiB/s-925KiB/s (947kB/s-947kB/s), io=1024MiB (1074MB), run=1133367-1133367msec

Disk stats (read/write):
  sdf: ios=0/262117, merge=0/3, ticks=0/72516099, in_queue=72546886, util=100.00%
