test: (g=0): rw=randread, bs=(R) 8192B-8192B, (W) 8192B-8192B, (T) 8192B-8192B, ioengine=libaio, iodepth=64
fio-3.1
Starting 1 process

test: (groupid=0, jobs=1): err= 0: pid=5928: Tue Jul 24 17:58:19 2018
   read: IOPS=520, BW=4162KiB/s (4262kB/s)(1024MiB/251925msec)
    slat (usec): min=3, max=227, avg=22.34, stdev= 7.83
    clat (msec): min=2, max=1081, avg=122.98, stdev=77.59
     lat (msec): min=2, max=1081, avg=123.00, stdev=77.59
    clat percentiles (msec):
     |  1.00th=[   35],  5.00th=[   58], 10.00th=[   65], 20.00th=[   72],
     | 30.00th=[   80], 40.00th=[   87], 50.00th=[   97], 60.00th=[  111],
     | 70.00th=[  131], 80.00th=[  161], 90.00th=[  218], 95.00th=[  275],
     | 99.00th=[  426], 99.50th=[  493], 99.90th=[  659], 99.95th=[  726],
     | 99.99th=[  936]
   bw (  KiB/s): min= 1536, max= 9120, per=99.77%, avg=4152.63, stdev=650.63, samples=503
   iops        : min=  192, max= 1140, avg=519.08, stdev=81.33, samples=503
  lat (msec)   : 4=0.01%, 10=0.01%, 20=0.10%, 50=3.24%, 100=49.28%
  lat (msec)   : 250=40.54%, 500=6.37%, 750=0.41%, 1000=0.03%, 2000=0.01%
  cpu          : usr=0.60%, sys=1.84%, ctx=130244, majf=0, minf=459
  IO depths    : 1=0.1%, 2=0.1%, 4=0.1%, 8=0.1%, 16=0.1%, 32=0.1%, >=64=100.0%
     submit    : 0=0.0%, 4=100.0%, 8=0.0%, 16=0.0%, 32=0.0%, 64=0.0%, >=64=0.0%
     complete  : 0=0.0%, 4=100.0%, 8=0.0%, 16=0.0%, 32=0.0%, 64=0.1%, >=64=0.0%
     issued rwt: total=131072,0,0, short=0,0,0, dropped=0,0,0
     latency   : target=0, window=0, percentile=100.00%, depth=64

Run status group 0 (all jobs):
   READ: bw=4162KiB/s (4262kB/s), 4162KiB/s-4162KiB/s (4262kB/s-4262kB/s), io=1024MiB (1074MB), run=251925-251925msec

Disk stats (read/write):
  sdf: ios=131068/6, merge=0/0, ticks=16113564/367, in_queue=16114115, util=100.00%
