test: (g=0): rw=randread, bs=(R) 8192B-8192B, (W) 8192B-8192B, (T) 8192B-8192B, ioengine=libaio, iodepth=64
fio-3.1
Starting 1 process

test: (groupid=0, jobs=1): err= 0: pid=28971: Fri Aug 17 20:47:41 2018
   read: IOPS=797, BW=6383KiB/s (6537kB/s)(1024MiB/164265msec)
    slat (nsec): min=3221, max=57291, avg=9404.79, stdev=6860.26
    clat (usec): min=11, max=2590.9k, avg=80195.03, stdev=120955.00
     lat (usec): min=32, max=2590.9k, avg=80204.60, stdev=120955.35
    clat percentiles (usec):
     |  1.00th=[     31],  5.00th=[     33], 10.00th=[     34],
     | 20.00th=[     36], 30.00th=[     40], 40.00th=[     75],
     | 50.00th=[  69731], 60.00th=[  81265], 70.00th=[  96994],
     | 80.00th=[ 124257], 90.00th=[ 179307], 95.00th=[ 244319],
     | 99.00th=[ 501220], 99.50th=[ 801113], 99.90th=[1535116],
     | 99.95th=[1602225], 99.99th=[1786774]
   bw (  KiB/s): min=  480, max=45584, per=97.46%, avg=6221.05, stdev=3340.33, samples=328
   iops        : min=   60, max= 5698, avg=777.62, stdev=417.55, samples=328
  lat (usec)   : 20=0.01%, 50=37.11%, 100=3.22%, 250=0.18%, 500=0.01%
  lat (usec)   : 750=0.01%
  lat (msec)   : 20=0.01%, 50=0.88%, 100=29.72%, 250=24.15%, 500=3.70%
  lat (msec)   : 750=0.45%, 1000=0.25%, 2000=0.30%, >=2000=0.01%
  cpu          : usr=0.36%, sys=1.19%, ctx=128752, majf=0, minf=158
  IO depths    : 1=0.1%, 2=0.1%, 4=0.1%, 8=0.1%, 16=0.1%, 32=0.1%, >=64=100.0%
     submit    : 0=0.0%, 4=100.0%, 8=0.0%, 16=0.0%, 32=0.0%, 64=0.0%, >=64=0.0%
     complete  : 0=0.0%, 4=100.0%, 8=0.0%, 16=0.0%, 32=0.0%, 64=0.1%, >=64=0.0%
     issued rwt: total=131072,0,0, short=0,0,0, dropped=0,0,0
     latency   : target=0, window=0, percentile=100.00%, depth=64

Run status group 0 (all jobs):
   READ: bw=6383KiB/s (6537kB/s), 6383KiB/s-6383KiB/s (6537kB/s-6537kB/s), io=1024MiB (1074MB), run=164265-164265msec

Disk stats (read/write):
  sdn: ios=128747/0, merge=0/0, ticks=10510244/0, in_queue=10513156, util=100.00%
