test: (g=0): rw=randread, bs=(R) 8192B-8192B, (W) 8192B-8192B, (T) 8192B-8192B, ioengine=libaio, iodepth=64
fio-3.1
Starting 1 process

test: (groupid=0, jobs=1): err= 0: pid=19034: Mon Jul 23 21:47:16 2018
   read: IOPS=508, BW=4066KiB/s (4164kB/s)(1024MiB/257874msec)
    slat (nsec): min=3639, max=77874, avg=18273.95, stdev=7598.91
    clat (msec): min=3, max=1082, avg=125.89, stdev=77.40
     lat (msec): min=3, max=1082, avg=125.91, stdev=77.40
    clat percentiles (msec):
     |  1.00th=[   34],  5.00th=[   58], 10.00th=[   67], 20.00th=[   74],
     | 30.00th=[   82], 40.00th=[   90], 50.00th=[  101], 60.00th=[  115],
     | 70.00th=[  136], 80.00th=[  165], 90.00th=[  222], 95.00th=[  279],
     | 99.00th=[  422], 99.50th=[  489], 99.90th=[  634], 99.95th=[  709],
     | 99.99th=[  919]
   bw (  KiB/s): min= 1744, max=10112, per=99.74%, avg=4055.52, stdev=672.00, samples=515
   iops        : min=  218, max= 1264, avg=506.94, stdev=84.00, samples=515
  lat (msec)   : 4=0.01%, 10=0.01%, 20=0.13%, 50=3.19%, 100=46.48%
  lat (msec)   : 250=43.10%, 500=6.66%, 750=0.40%, 1000=0.03%, 2000=0.01%
  cpu          : usr=0.54%, sys=1.49%, ctx=130405, majf=0, minf=459
  IO depths    : 1=0.1%, 2=0.1%, 4=0.1%, 8=0.1%, 16=0.1%, 32=0.1%, >=64=100.0%
     submit    : 0=0.0%, 4=100.0%, 8=0.0%, 16=0.0%, 32=0.0%, 64=0.0%, >=64=0.0%
     complete  : 0=0.0%, 4=100.0%, 8=0.0%, 16=0.0%, 32=0.0%, 64=0.1%, >=64=0.0%
     issued rwt: total=131072,0,0, short=0,0,0, dropped=0,0,0
     latency   : target=0, window=0, percentile=100.00%, depth=64

Run status group 0 (all jobs):
   READ: bw=4066KiB/s (4164kB/s), 4066KiB/s-4066KiB/s (4164kB/s-4164kB/s), io=1024MiB (1074MB), run=257874-257874msec

Disk stats (read/write):
  sdl: ios=131070/0, merge=0/0, ticks=16499261/0, in_queue=16499373, util=100.00%
