test: (g=0): rw=randwrite, bs=(R) 8192B-8192B, (W) 8192B-8192B, (T) 8192B-8192B, ioengine=libaio, iodepth=64
fio-3.1
Starting 1 process

test: (groupid=0, jobs=1): err= 0: pid=30543: Fri Jul 13 18:07:33 2018
  write: IOPS=425, BW=3401KiB/s (3483kB/s)(1024MiB/308283msec)
    slat (nsec): min=1807, max=652658, avg=17193.68, stdev=8852.10
    clat (usec): min=414, max=1121.2k, avg=150500.37, stdev=109127.48
     lat (usec): min=451, max=1121.2k, avg=150517.95, stdev=109129.10
    clat percentiles (msec):
     |  1.00th=[   12],  5.00th=[   18], 10.00th=[   25], 20.00th=[   61],
     | 30.00th=[   92], 40.00th=[  113], 50.00th=[  133], 60.00th=[  155],
     | 70.00th=[  180], 80.00th=[  213], 90.00th=[  296], 95.00th=[  376],
     | 99.00th=[  502], 99.50th=[  550], 99.90th=[  709], 99.95th=[  760],
     | 99.99th=[  944]
   bw (  KiB/s): min=  720, max=14224, per=99.72%, avg=3391.62, stdev=1019.28, samples=616
   iops        : min=   90, max= 1778, avg=423.94, stdev=127.41, samples=616
  lat (usec)   : 500=0.01%, 1000=0.01%
  lat (msec)   : 2=0.01%, 4=0.07%, 10=0.59%, 20=6.11%, 50=11.47%
  lat (msec)   : 100=15.42%, 250=52.31%, 500=12.98%, 750=0.98%, 1000=0.05%
  lat (msec)   : 2000=0.01%
  cpu          : usr=0.51%, sys=1.36%, ctx=128877, majf=0, minf=327
  IO depths    : 1=0.1%, 2=0.1%, 4=0.1%, 8=0.1%, 16=0.1%, 32=0.1%, >=64=100.0%
     submit    : 0=0.0%, 4=100.0%, 8=0.0%, 16=0.0%, 32=0.0%, 64=0.0%, >=64=0.0%
     complete  : 0=0.0%, 4=100.0%, 8=0.0%, 16=0.0%, 32=0.0%, 64=0.1%, >=64=0.0%
     issued rwt: total=0,131072,0, short=0,0,0, dropped=0,0,0
     latency   : target=0, window=0, percentile=100.00%, depth=64

Run status group 0 (all jobs):
  WRITE: bw=3401KiB/s (3483kB/s), 3401KiB/s-3401KiB/s (3483kB/s-3483kB/s), io=1024MiB (1074MB), run=308283-308283msec

Disk stats (read/write):
  sdm: ios=40/128935, merge=0/2011, ticks=26099/19545488, in_queue=19571914, util=100.00%
