test: (g=0): rw=read, bs=(R) 64.0KiB-64.0KiB, (W) 64.0KiB-64.0KiB, (T) 64.0KiB-64.0KiB, ioengine=libaio, iodepth=64
fio-3.1
Starting 1 process

test: (groupid=0, jobs=1): err= 0: pid=27883: Sun Jul 15 07:04:11 2018
   read: IOPS=3373, BW=211MiB/s (221MB/s)(1024MiB/4856msec)
    slat (usec): min=3, max=209, avg=12.85, stdev= 6.85
    clat (usec): min=1301, max=36681, avg=18945.80, stdev=969.87
     lat (usec): min=1333, max=36690, avg=18958.82, stdev=969.20
    clat percentiles (usec):
     |  1.00th=[18482],  5.00th=[18482], 10.00th=[18482], 20.00th=[18482],
     | 30.00th=[18744], 40.00th=[18744], 50.00th=[18744], 60.00th=[19006],
     | 70.00th=[19006], 80.00th=[19006], 90.00th=[19268], 95.00th=[19530],
     | 99.00th=[22938], 99.50th=[23200], 99.90th=[32113], 99.95th=[34341],
     | 99.99th=[36439]
   bw (  KiB/s): min=213632, max=219648, per=100.00%, avg=215926.56, stdev=2467.80, samples=9
   iops        : min= 3338, max= 3432, avg=3373.78, stdev=38.63, samples=9
  lat (msec)   : 2=0.07%, 10=0.03%, 20=98.62%, 50=1.28%
  cpu          : usr=1.28%, sys=6.78%, ctx=8709, majf=0, minf=545
  IO depths    : 1=0.1%, 2=0.1%, 4=0.1%, 8=0.1%, 16=0.1%, 32=0.2%, >=64=99.6%
     submit    : 0=0.0%, 4=100.0%, 8=0.0%, 16=0.0%, 32=0.0%, 64=0.0%, >=64=0.0%
     complete  : 0=0.0%, 4=100.0%, 8=0.0%, 16=0.0%, 32=0.0%, 64=0.1%, >=64=0.0%
     issued rwt: total=16384,0,0, short=0,0,0, dropped=0,0,0
     latency   : target=0, window=0, percentile=100.00%, depth=64

Run status group 0 (all jobs):
   READ: bw=211MiB/s (221MB/s), 211MiB/s-211MiB/s (221MB/s-221MB/s), io=1024MiB (1074MB), run=4856-4856msec

Disk stats (read/write):
  sdk: ios=8329/0, merge=7350/0, ticks=157092/0, in_queue=157362, util=97.91%
