test: (g=0): rw=write, bs=(R) 64.0KiB-64.0KiB, (W) 64.0KiB-64.0KiB, (T) 64.0KiB-64.0KiB, ioengine=libaio, iodepth=64
fio-3.1
Starting 1 process

test: (groupid=0, jobs=1): err= 0: pid=13358: Mon Jul 23 19:00:47 2018
  write: IOPS=3208, BW=201MiB/s (210MB/s)(1024MiB/5107msec)
    slat (nsec): min=6912, max=73321, avg=23058.20, stdev=8978.22
    clat (usec): min=691, max=44916, avg=19919.37, stdev=2507.90
     lat (usec): min=719, max=44931, avg=19942.61, stdev=2508.60
    clat percentiles (usec):
     |  1.00th=[18220],  5.00th=[18220], 10.00th=[18220], 20.00th=[18482],
     | 30.00th=[18744], 40.00th=[19792], 50.00th=[19792], 60.00th=[19792],
     | 70.00th=[20317], 80.00th=[20317], 90.00th=[20579], 95.00th=[20841],
     | 99.00th=[32113], 99.50th=[40633], 99.90th=[43779], 99.95th=[43779],
     | 99.99th=[44827]
   bw (  KiB/s): min=198912, max=211840, per=100.00%, avg=205440.00, stdev=4015.20, samples=10
   iops        : min= 3108, max= 3310, avg=3210.00, stdev=62.74, samples=10
  lat (usec)   : 750=0.01%, 1000=0.01%
  lat (msec)   : 2=0.02%, 4=0.03%, 10=0.16%, 20=60.17%, 50=39.61%
  cpu          : usr=1.74%, sys=9.56%, ctx=16382, majf=0, minf=28
  IO depths    : 1=0.1%, 2=0.1%, 4=0.1%, 8=0.1%, 16=0.1%, 32=0.2%, >=64=99.6%
     submit    : 0=0.0%, 4=100.0%, 8=0.0%, 16=0.0%, 32=0.0%, 64=0.0%, >=64=0.0%
     complete  : 0=0.0%, 4=100.0%, 8=0.0%, 16=0.0%, 32=0.0%, 64=0.1%, >=64=0.0%
     issued rwt: total=0,16384,0, short=0,0,0, dropped=0,0,0
     latency   : target=0, window=0, percentile=100.00%, depth=64

Run status group 0 (all jobs):
  WRITE: bw=201MiB/s (210MB/s), 201MiB/s-201MiB/s (210MB/s-210MB/s), io=1024MiB (1074MB), run=5107-5107msec

Disk stats (read/write):
  sdg: ios=68/15712, merge=0/0, ticks=4264/312039, in_queue=317677, util=99.94%
