test: (g=0): rw=randwrite, bs=(R) 8192B-8192B, (W) 8192B-8192B, (T) 8192B-8192B, ioengine=libaio, iodepth=64
fio-3.1
Starting 1 process

test: (groupid=0, jobs=1): err= 0: pid=13740: Mon Jul 23 19:24:47 2018
  write: IOPS=437, BW=3497KiB/s (3581kB/s)(1024MiB/299834msec)
    slat (usec): min=3, max=119, avg=18.26, stdev= 8.33
    clat (usec): min=329, max=1019.0k, avg=146379.67, stdev=104238.01
     lat (usec): min=350, max=1020.0k, avg=146398.33, stdev=104239.39
    clat percentiles (msec):
     |  1.00th=[   14],  5.00th=[   20], 10.00th=[   27], 20.00th=[   61],
     | 30.00th=[   90], 40.00th=[  111], 50.00th=[  131], 60.00th=[  153],
     | 70.00th=[  176], 80.00th=[  207], 90.00th=[  279], 95.00th=[  363],
     | 99.00th=[  481], 99.50th=[  550], 99.90th=[  709], 99.95th=[  735],
     | 99.99th=[  810]
   bw (  KiB/s): min=  512, max=12656, per=99.63%, avg=3484.18, stdev=1056.56, samples=599
   iops        : min=   64, max= 1582, avg=435.51, stdev=132.08, samples=599
  lat (usec)   : 500=0.01%, 750=0.01%, 1000=0.01%
  lat (msec)   : 2=0.01%, 4=0.01%, 10=0.08%, 20=5.17%, 50=13.07%
  lat (msec)   : 100=16.46%, 250=52.77%, 500=11.67%, 750=0.75%, 1000=0.03%
  lat (msec)   : 2000=0.01%
  cpu          : usr=0.46%, sys=1.28%, ctx=130711, majf=0, minf=28
  IO depths    : 1=0.1%, 2=0.1%, 4=0.1%, 8=0.1%, 16=0.1%, 32=0.1%, >=64=100.0%
     submit    : 0=0.0%, 4=100.0%, 8=0.0%, 16=0.0%, 32=0.0%, 64=0.0%, >=64=0.0%
     complete  : 0=0.0%, 4=100.0%, 8=0.0%, 16=0.0%, 32=0.0%, 64=0.1%, >=64=0.0%
     issued rwt: total=0,131072,0, short=0,0,0, dropped=0,0,0
     latency   : target=0, window=0, percentile=100.00%, depth=64

Run status group 0 (all jobs):
  WRITE: bw=3497KiB/s (3581kB/s), 3497KiB/s-3497KiB/s (3581kB/s-3581kB/s), io=1024MiB (1074MB), run=299834-299834msec

Disk stats (read/write):
  sdg: ios=42/130532, merge=0/0, ticks=113/19167007, in_queue=19172496, util=100.00%
