test: (g=0): rw=randread, bs=(R) 4096B-4096B, (W) 4096B-4096B, (T) 4096B-4096B, ioengine=libaio, iodepth=64
fio-3.1
Starting 1 process

test: (groupid=0, jobs=1): err= 0: pid=28715: Fri Aug 17 20:42:40 2018
   read: IOPS=536, BW=2147KiB/s (2199kB/s)(1024MiB/488280msec)
    slat (usec): min=2, max=246, avg=21.67, stdev= 7.82
    clat (usec): min=9, max=2311.5k, avg=119181.34, stdev=113093.38
     lat (usec): min=30, max=2311.5k, avg=119203.53, stdev=113094.39
    clat percentiles (usec):
     |  1.00th=[     31],  5.00th=[     45], 10.00th=[  56886],
     | 20.00th=[  67634], 30.00th=[  74974], 40.00th=[  82314],
     | 50.00th=[  92799], 60.00th=[ 106431], 70.00th=[ 125305],
     | 80.00th=[ 156238], 90.00th=[ 212861], 95.00th=[ 278922],
     | 99.00th=[ 484443], 99.50th=[ 750781], 99.90th=[1602225],
     | 99.95th=[1686111], 99.99th=[1786774]
   bw (  KiB/s): min=  112, max=35264, per=98.65%, avg=2118.11, stdev=1440.93, samples=975
   iops        : min=   28, max= 8816, avg=529.52, stdev=360.24, samples=975
  lat (usec)   : 10=0.01%, 20=0.01%, 50=5.47%, 100=1.59%, 250=0.48%
  lat (usec)   : 500=0.01%, 1000=0.01%
  lat (msec)   : 2=0.01%, 4=0.01%, 10=0.02%, 20=0.11%, 50=1.35%
  lat (msec)   : 100=46.94%, 250=37.44%, 500=5.64%, 750=0.43%, 1000=0.21%
  lat (msec)   : 2000=0.30%, >=2000=0.01%
  cpu          : usr=0.64%, sys=1.89%, ctx=257021, majf=0, minf=94
  IO depths    : 1=0.1%, 2=0.1%, 4=0.1%, 8=0.1%, 16=0.1%, 32=0.1%, >=64=100.0%
     submit    : 0=0.0%, 4=100.0%, 8=0.0%, 16=0.0%, 32=0.0%, 64=0.0%, >=64=0.0%
     complete  : 0=0.0%, 4=100.0%, 8=0.0%, 16=0.0%, 32=0.0%, 64=0.1%, >=64=0.0%
     issued rwt: total=262144,0,0, short=0,0,0, dropped=0,0,0
     latency   : target=0, window=0, percentile=100.00%, depth=64

Run status group 0 (all jobs):
   READ: bw=2147KiB/s (2199kB/s), 2147KiB/s-2147KiB/s (2199kB/s-2199kB/s), io=1024MiB (1074MB), run=488280-488280msec

Disk stats (read/write):
  sdn: ios=258408/0, merge=0/0, ticks=31237989/0, in_queue=31240833, util=100.00%
