test: (g=0): rw=randwrite, bs=(R) 4096B-4096B, (W) 4096B-4096B, (T) 4096B-4096B, ioengine=libaio, iodepth=64
fio-3.1
Starting 1 process

test: (groupid=0, jobs=1): err= 0: pid=35491: Thu Jul 12 18:05:32 2018
  write: IOPS=392, BW=1568KiB/s (1606kB/s)(1024MiB/668574msec)
    slat (nsec): min=1956, max=61728, avg=17982.40, stdev=7676.51
    clat (usec): min=283, max=1178.0k, avg=163199.50, stdev=115392.05
     lat (usec): min=324, max=1178.0k, avg=163217.88, stdev=115393.72
    clat percentiles (msec):
     |  1.00th=[   13],  5.00th=[   19], 10.00th=[   26], 20.00th=[   72],
     | 30.00th=[  104], 40.00th=[  126], 50.00th=[  146], 60.00th=[  169],
     | 70.00th=[  194], 80.00th=[  228], 90.00th=[  317], 95.00th=[  401],
     | 99.00th=[  535], 99.50th=[  592], 99.90th=[  776], 99.95th=[  844],
     | 99.99th=[  953]
   bw (  KiB/s): min=  216, max= 6968, per=99.97%, avg=1567.56, stdev=489.37, samples=1336
   iops        : min=   54, max= 1742, avg=391.88, stdev=122.34, samples=1336
  lat (usec)   : 500=0.01%, 1000=0.01%
  lat (msec)   : 2=0.01%, 4=0.04%, 10=0.47%, 20=5.85%, 50=10.42%
  lat (msec)   : 100=11.92%, 250=55.42%, 500=14.31%, 750=1.45%, 1000=0.11%
  lat (msec)   : 2000=0.01%
  cpu          : usr=0.52%, sys=1.28%, ctx=259386, majf=0, minf=28
  IO depths    : 1=0.1%, 2=0.1%, 4=0.1%, 8=0.1%, 16=0.1%, 32=0.1%, >=64=100.0%
     submit    : 0=0.0%, 4=100.0%, 8=0.0%, 16=0.0%, 32=0.0%, 64=0.0%, >=64=0.0%
     complete  : 0=0.0%, 4=100.0%, 8=0.0%, 16=0.0%, 32=0.0%, 64=0.1%, >=64=0.0%
     issued rwt: total=0,262144,0, short=0,0,0, dropped=0,0,0
     latency   : target=0, window=0, percentile=100.00%, depth=64

Run status group 0 (all jobs):
  WRITE: bw=1568KiB/s (1606kB/s), 1568KiB/s-1568KiB/s (1606kB/s-1606kB/s), io=1024MiB (1074MB), run=668574-668574msec

Disk stats (read/write):
  sdl: ios=40/259404, merge=0/2698, ticks=18791/42536175, in_queue=42555081, util=100.00%
