test: (g=0): rw=randwrite, bs=(R) 64.0KiB-64.0KiB, (W) 64.0KiB-64.0KiB, (T) 64.0KiB-64.0KiB, ioengine=libaio, iodepth=64
fio-3.1
Starting 1 process

test: (groupid=0, jobs=1): err= 0: pid=19671: Mon Jul 23 22:17:31 2018
  write: IOPS=306, BW=19.2MiB/s (20.1MB/s)(1024MiB/53400msec)
    slat (nsec): min=6892, max=80813, avg=30458.17, stdev=13539.41
    clat (usec): min=750, max=1239.8k, avg=208541.73, stdev=171595.46
     lat (usec): min=759, max=1239.8k, avg=208572.63, stdev=171595.65
    clat percentiles (msec):
     |  1.00th=[   52],  5.00th=[   77], 10.00th=[   95], 20.00th=[  120],
     | 30.00th=[  138], 40.00th=[  155], 50.00th=[  171], 60.00th=[  188],
     | 70.00th=[  207], 80.00th=[  234], 90.00th=[  300], 95.00th=[  514],
     | 99.00th=[ 1116], 99.50th=[ 1133], 99.90th=[ 1150], 99.95th=[ 1167],
     | 99.99th=[ 1234]
   bw (  KiB/s): min=13696, max=32896, per=99.66%, avg=19568.79, stdev=2891.95, samples=106
   iops        : min=  214, max=  514, avg=305.75, stdev=45.19, samples=106
  lat (usec)   : 1000=0.01%
  lat (msec)   : 2=0.01%, 4=0.01%, 10=0.08%, 20=0.02%, 50=0.76%
  lat (msec)   : 100=10.78%, 250=72.74%, 500=10.39%, 750=2.26%, 1000=1.10%
  lat (msec)   : 2000=1.84%
  cpu          : usr=0.36%, sys=1.23%, ctx=16282, majf=0, minf=27
  IO depths    : 1=0.1%, 2=0.1%, 4=0.1%, 8=0.1%, 16=0.1%, 32=0.2%, >=64=99.6%
     submit    : 0=0.0%, 4=100.0%, 8=0.0%, 16=0.0%, 32=0.0%, 64=0.0%, >=64=0.0%
     complete  : 0=0.0%, 4=100.0%, 8=0.0%, 16=0.0%, 32=0.0%, 64=0.1%, >=64=0.0%
     issued rwt: total=0,16384,0, short=0,0,0, dropped=0,0,0
     latency   : target=0, window=0, percentile=100.00%, depth=64

Run status group 0 (all jobs):
  WRITE: bw=19.2MiB/s (20.1MB/s), 19.2MiB/s-19.2MiB/s (20.1MB/s-20.1MB/s), io=1024MiB (1074MB), run=53400-53400msec

Disk stats (read/write):
  sdm: ios=33/16378, merge=0/0, ticks=12938/3408208, in_queue=3422859, util=100.00%
