test: (g=0): rw=write, bs=(R) 512KiB-512KiB, (W) 512KiB-512KiB, (T) 512KiB-512KiB, ioengine=libaio, iodepth=64
fio-3.1
Starting 1 process

test: (groupid=0, jobs=1): err= 0: pid=3680: Fri Jul 13 17:08:55 2018
  write: IOPS=402, BW=201MiB/s (211MB/s)(1024MiB/5088msec)
    slat (usec): min=36, max=1070, avg=125.81, stdev=41.87
    clat (msec): min=3, max=301, avg=158.71, stdev=23.15
     lat (msec): min=4, max=301, avg=158.84, stdev=23.15
    clat percentiles (msec):
     |  1.00th=[   72],  5.00th=[  150], 10.00th=[  150], 20.00th=[  150],
     | 30.00th=[  153], 40.00th=[  153], 50.00th=[  155], 60.00th=[  157],
     | 70.00th=[  157], 80.00th=[  165], 90.00th=[  190], 95.00th=[  194],
     | 99.00th=[  253], 99.50th=[  279], 99.90th=[  296], 99.95th=[  300],
     | 99.99th=[  300]
   bw (  KiB/s): min=187392, max=216064, per=98.63%, avg=203264.00, stdev=10185.81, samples=10
   iops        : min=  366, max=  422, avg=397.00, stdev=19.89, samples=10
  lat (msec)   : 4=0.10%, 10=0.24%, 50=0.20%, 100=1.07%, 250=97.31%
  lat (msec)   : 500=1.07%
  cpu          : usr=2.06%, sys=4.03%, ctx=2048, majf=0, minf=28
  IO depths    : 1=0.1%, 2=0.1%, 4=0.2%, 8=0.4%, 16=0.8%, 32=1.6%, >=64=96.9%
     submit    : 0=0.0%, 4=100.0%, 8=0.0%, 16=0.0%, 32=0.0%, 64=0.0%, >=64=0.0%
     complete  : 0=0.0%, 4=99.9%, 8=0.0%, 16=0.0%, 32=0.0%, 64=0.1%, >=64=0.0%
     issued rwt: total=0,2048,0, short=0,0,0, dropped=0,0,0
     latency   : target=0, window=0, percentile=100.00%, depth=64

Run status group 0 (all jobs):
  WRITE: bw=201MiB/s (211MB/s), 201MiB/s-201MiB/s (211MB/s-211MB/s), io=1024MiB (1074MB), run=5088-5088msec

Disk stats (read/write):
  sdl: ios=7/3919, merge=0/0, ticks=4375/611148, in_queue=625590, util=97.89%
