test: (g=0): rw=read, bs=(R) 64.0KiB-64.0KiB, (W) 64.0KiB-64.0KiB, (T) 64.0KiB-64.0KiB, ioengine=libaio, iodepth=64
fio-3.1
Starting 1 process

test: (groupid=0, jobs=1): err= 0: pid=28986: Fri Jul 13 16:40:37 2018
   read: IOPS=3090, BW=193MiB/s (203MB/s)(1024MiB/5301msec)
    slat (usec): min=2, max=677, avg=11.69, stdev= 8.68
    clat (msec): min=19, max=133, avg=20.69, stdev= 6.54
     lat (msec): min=19, max=133, avg=20.70, stdev= 6.54
    clat percentiles (msec):
     |  1.00th=[   20],  5.00th=[   20], 10.00th=[   20], 20.00th=[   20],
     | 30.00th=[   21], 40.00th=[   21], 50.00th=[   21], 60.00th=[   21],
     | 70.00th=[   21], 80.00th=[   21], 90.00th=[   21], 95.00th=[   21],
     | 99.00th=[   25], 99.50th=[   36], 99.90th=[  129], 99.95th=[  132],
     | 99.99th=[  134]
   bw (  KiB/s): min=153216, max=209792, per=99.98%, avg=197772.80, stdev=16312.56, samples=10
   iops        : min= 2394, max= 3278, avg=3090.20, stdev=254.88, samples=10
  lat (msec)   : 20=34.58%, 50=65.03%, 250=0.39%
  cpu          : usr=1.15%, sys=6.11%, ctx=8711, majf=0, minf=545
  IO depths    : 1=0.1%, 2=0.1%, 4=0.1%, 8=0.1%, 16=0.1%, 32=0.2%, >=64=99.6%
     submit    : 0=0.0%, 4=100.0%, 8=0.0%, 16=0.0%, 32=0.0%, 64=0.0%, >=64=0.0%
     complete  : 0=0.0%, 4=100.0%, 8=0.0%, 16=0.0%, 32=0.0%, 64=0.1%, >=64=0.0%
     issued rwt: total=16384,0,0, short=0,0,0, dropped=0,0,0
     latency   : target=0, window=0, percentile=100.00%, depth=64

Run status group 0 (all jobs):
   READ: bw=193MiB/s (203MB/s), 193MiB/s-193MiB/s (203MB/s-203MB/s), io=1024MiB (1074MB), run=5301-5301msec

Disk stats (read/write):
  sdk: ios=8446/0, merge=7470/0, ticks=174811/0, in_queue=175198, util=98.20%
