test: (g=0): rw=randread, bs=(R) 64.0KiB-64.0KiB, (W) 64.0KiB-64.0KiB, (T) 64.0KiB-64.0KiB, ioengine=libaio, iodepth=64
fio-3.1
Starting 1 process

test: (groupid=0, jobs=1): err= 0: pid=28975: Sun Jul 15 08:33:44 2018
   read: IOPS=466, BW=29.1MiB/s (30.6MB/s)(1024MiB/35140msec)
    slat (usec): min=3, max=660, avg=23.03, stdev= 9.82
    clat (msec): min=3, max=1120, avg=137.23, stdev=101.79
     lat (msec): min=3, max=1120, avg=137.25, stdev=101.79
    clat percentiles (msec):
     |  1.00th=[   17],  5.00th=[   31], 10.00th=[   42], 20.00th=[   62],
     | 30.00th=[   80], 40.00th=[   96], 50.00th=[  112], 60.00th=[  132],
     | 70.00th=[  157], 80.00th=[  194], 90.00th=[  262], 95.00th=[  338],
     | 99.00th=[  514], 99.50th=[  584], 99.90th=[  810], 99.95th=[  869],
     | 99.99th=[ 1053]
   bw (  KiB/s): min=22784, max=49280, per=99.64%, avg=29732.36, stdev=4176.09, samples=70
   iops        : min=  356, max=  770, avg=464.53, stdev=65.27, samples=70
  lat (msec)   : 4=0.01%, 10=0.16%, 20=1.68%, 50=12.51%, 100=28.16%
  lat (msec)   : 250=46.25%, 500=10.16%, 750=0.91%, 1000=0.13%, 2000=0.02%
  cpu          : usr=0.57%, sys=1.98%, ctx=15696, majf=0, minf=544
  IO depths    : 1=0.1%, 2=0.1%, 4=0.1%, 8=0.1%, 16=0.1%, 32=0.2%, >=64=99.6%
     submit    : 0=0.0%, 4=100.0%, 8=0.0%, 16=0.0%, 32=0.0%, 64=0.0%, >=64=0.0%
     complete  : 0=0.0%, 4=100.0%, 8=0.0%, 16=0.0%, 32=0.0%, 64=0.1%, >=64=0.0%
     issued rwt: total=16384,0,0, short=0,0,0, dropped=0,0,0
     latency   : target=0, window=0, percentile=100.00%, depth=64

Run status group 0 (all jobs):
   READ: bw=29.1MiB/s (30.6MB/s), 29.1MiB/s-29.1MiB/s (30.6MB/s-30.6MB/s), io=1024MiB (1074MB), run=35140-35140msec

Disk stats (read/write):
  sdl: ios=15696/1, merge=686/0, ticks=2179813/1158, in_queue=2181037, util=99.80%
