test: (g=0): rw=randwrite, bs=(R) 4096B-4096B, (W) 4096B-4096B, (T) 4096B-4096B, ioengine=libaio, iodepth=64
fio-3.1
Starting 1 process

test: (groupid=0, jobs=1): err= 0: pid=28726: Sun Jul 15 08:08:54 2018
  write: IOPS=220, BW=883KiB/s (904kB/s)(1024MiB/1187999msec)
    slat (usec): min=2, max=642, avg=19.59, stdev= 8.72
    clat (usec): min=295, max=2079.8k, avg=290013.02, stdev=205510.34
     lat (usec): min=328, max=2079.8k, avg=290033.02, stdev=205512.11
    clat percentiles (msec):
     |  1.00th=[   13],  5.00th=[   21], 10.00th=[   30], 20.00th=[  133],
     | 30.00th=[  186], 40.00th=[  224], 50.00th=[  264], 60.00th=[  305],
     | 70.00th=[  347], 80.00th=[  409], 90.00th=[  567], 95.00th=[  709],
     | 99.00th=[  944], 99.50th=[ 1036], 99.90th=[ 1267], 99.95th=[ 1368],
     | 99.99th=[ 1636]
   bw (  KiB/s): min=    8, max= 3512, per=100.00%, avg=901.26, stdev=343.64, samples=2328
   iops        : min=    2, max=  878, avg=225.28, stdev=85.89, samples=2328
  lat (usec)   : 500=0.01%, 750=0.01%, 1000=0.01%
  lat (msec)   : 2=0.01%, 4=0.08%, 10=0.52%, 20=4.16%, 50=9.13%
  lat (msec)   : 100=3.22%, 250=29.67%, 500=40.26%, 750=9.02%, 1000=3.28%
  lat (msec)   : 2000=0.64%, >=2000=0.01%
  cpu          : usr=0.28%, sys=0.79%, ctx=258658, majf=0, minf=28
  IO depths    : 1=0.1%, 2=0.1%, 4=0.1%, 8=0.1%, 16=0.1%, 32=0.1%, >=64=100.0%
     submit    : 0=0.0%, 4=100.0%, 8=0.0%, 16=0.0%, 32=0.0%, 64=0.0%, >=64=0.0%
     complete  : 0=0.0%, 4=100.0%, 8=0.0%, 16=0.0%, 32=0.0%, 64=0.1%, >=64=0.0%
     issued rwt: total=0,262144,0, short=0,0,0, dropped=0,0,0
     latency   : target=0, window=0, percentile=100.00%, depth=64

Run status group 0 (all jobs):
  WRITE: bw=883KiB/s (904kB/s), 883KiB/s-883KiB/s (904kB/s-904kB/s), io=1024MiB (1074MB), run=1187999-1187999msec

Disk stats (read/write):
  sdl: ios=0/259478, merge=0/2728, ticks=0/75666800, in_queue=75668736, util=100.00%
