test: (g=0): rw=write, bs=(R) 512KiB-512KiB, (W) 512KiB-512KiB, (T) 512KiB-512KiB, ioengine=libaio, iodepth=64
fio-3.1
Starting 1 process

test: (groupid=0, jobs=1): err= 0: pid=31597: Fri Jul 13 14:05:33 2018
  write: IOPS=391, BW=196MiB/s (205MB/s)(1024MiB/5232msec)
    slat (usec): min=36, max=1153, avg=125.04, stdev=41.59
    clat (msec): min=11, max=307, avg=163.22, stdev=24.57
     lat (msec): min=11, max=307, avg=163.34, stdev=24.57
    clat percentiles (msec):
     |  1.00th=[   55],  5.00th=[  157], 10.00th=[  157], 20.00th=[  157],
     | 30.00th=[  159], 40.00th=[  159], 50.00th=[  159], 60.00th=[  165],
     | 70.00th=[  165], 80.00th=[  165], 90.00th=[  174], 95.00th=[  201],
     | 99.00th=[  259], 99.50th=[  284], 99.90th=[  305], 99.95th=[  305],
     | 99.99th=[  309]
   bw (  KiB/s): min=182272, max=209920, per=99.81%, avg=200026.30, stdev=9062.69, samples=10
   iops        : min=  356, max=  410, avg=390.60, stdev=17.74, samples=10
  lat (msec)   : 20=0.34%, 50=0.59%, 100=1.03%, 250=96.88%, 500=1.17%
  cpu          : usr=2.03%, sys=3.77%, ctx=2049, majf=0, minf=28
  IO depths    : 1=0.1%, 2=0.1%, 4=0.2%, 8=0.4%, 16=0.8%, 32=1.6%, >=64=96.9%
     submit    : 0=0.0%, 4=100.0%, 8=0.0%, 16=0.0%, 32=0.0%, 64=0.0%, >=64=0.0%
     complete  : 0=0.0%, 4=99.9%, 8=0.0%, 16=0.0%, 32=0.0%, 64=0.1%, >=64=0.0%
     issued rwt: total=0,2048,0, short=0,0,0, dropped=0,0,0
     latency   : target=0, window=0, percentile=100.00%, depth=64

Run status group 0 (all jobs):
  WRITE: bw=196MiB/s (205MB/s), 196MiB/s-196MiB/s (205MB/s-205MB/s), io=1024MiB (1074MB), run=5232-5232msec

Disk stats (read/write):
  sdf: ios=6/4010, merge=0/0, ticks=4290/642984, in_queue=656682, util=97.96%
