test: (g=0): rw=read, bs=(R) 512KiB-512KiB, (W) 512KiB-512KiB, (T) 512KiB-512KiB, ioengine=libaio, iodepth=64
fio-3.1
Starting 1 process

test: (groupid=0, jobs=1): err= 0: pid=32963: Thu Jul 12 15:49:19 2018
   read: IOPS=422, BW=211MiB/s (221MB/s)(1024MiB/4853msec)
    slat (usec): min=19, max=581, avg=91.36, stdev=47.17
    clat (msec): min=9, max=297, avg=151.31, stdev=21.50
     lat (msec): min=9, max=297, avg=151.40, stdev=21.49
    clat percentiles (msec):
     |  1.00th=[   49],  5.00th=[  148], 10.00th=[  150], 20.00th=[  150],
     | 30.00th=[  150], 40.00th=[  150], 50.00th=[  153], 60.00th=[  153],
     | 70.00th=[  153], 80.00th=[  155], 90.00th=[  155], 95.00th=[  157],
     | 99.00th=[  251], 99.50th=[  275], 99.90th=[  292], 99.95th=[  296],
     | 99.99th=[  296]
   bw (  KiB/s): min=212992, max=220160, per=99.95%, avg=215950.22, stdev=2682.24, samples=9
   iops        : min=  416, max=  430, avg=421.78, stdev= 5.24, samples=9
  lat (msec)   : 10=0.10%, 20=0.24%, 50=0.68%, 100=1.12%, 250=96.83%
  lat (msec)   : 500=1.03%
  cpu          : usr=0.19%, sys=4.76%, ctx=2045, majf=0, minf=559
  IO depths    : 1=0.1%, 2=0.1%, 4=0.2%, 8=0.4%, 16=0.8%, 32=1.6%, >=64=96.9%
     submit    : 0=0.0%, 4=100.0%, 8=0.0%, 16=0.0%, 32=0.0%, 64=0.0%, >=64=0.0%
     complete  : 0=0.0%, 4=99.9%, 8=0.0%, 16=0.0%, 32=0.0%, 64=0.1%, >=64=0.0%
     issued rwt: total=2048,0,0, short=0,0,0, dropped=0,0,0
     latency   : target=0, window=0, percentile=100.00%, depth=64

Run status group 0 (all jobs):
   READ: bw=211MiB/s (221MB/s), 211MiB/s-211MiB/s (221MB/s-221MB/s), io=1024MiB (1074MB), run=4853-4853msec

Disk stats (read/write):
  sdh: ios=3917/0, merge=0/0, ticks=581161/0, in_queue=590781, util=97.93%
