test: (g=0): rw=randwrite, bs=(R) 4096B-4096B, (W) 4096B-4096B, (T) 4096B-4096B, ioengine=libaio, iodepth=64
fio-3.1
Starting 1 process

test: (groupid=0, jobs=1): err= 0: pid=33097: Thu Jul 12 16:00:32 2018
  write: IOPS=396, BW=1587KiB/s (1625kB/s)(1024MiB/660927msec)
    slat (nsec): min=2125, max=63227, avg=17967.73, stdev=7645.46
    clat (usec): min=364, max=1224.2k, avg=161331.80, stdev=115280.42
     lat (usec): min=406, max=1224.2k, avg=161350.17, stdev=115282.14
    clat percentiles (msec):
     |  1.00th=[   13],  5.00th=[   18], 10.00th=[   25], 20.00th=[   70],
     | 30.00th=[  101], 40.00th=[  124], 50.00th=[  144], 60.00th=[  167],
     | 70.00th=[  192], 80.00th=[  226], 90.00th=[  317], 95.00th=[  401],
     | 99.00th=[  531], 99.50th=[  584], 99.90th=[  760], 99.95th=[  818],
     | 99.99th=[  969]
   bw (  KiB/s): min=  152, max= 7080, per=99.86%, avg=1583.76, stdev=485.42, samples=1319
   iops        : min=   38, max= 1770, avg=395.93, stdev=121.35, samples=1319
  lat (usec)   : 500=0.01%, 1000=0.01%
  lat (msec)   : 2=0.01%, 4=0.04%, 10=0.45%, 20=6.09%, 50=10.46%
  lat (msec)   : 100=12.64%, 250=54.56%, 500=14.25%, 750=1.38%, 1000=0.11%
  lat (msec)   : 2000=0.01%
  cpu          : usr=0.50%, sys=1.31%, ctx=259373, majf=0, minf=28
  IO depths    : 1=0.1%, 2=0.1%, 4=0.1%, 8=0.1%, 16=0.1%, 32=0.1%, >=64=100.0%
     submit    : 0=0.0%, 4=100.0%, 8=0.0%, 16=0.0%, 32=0.0%, 64=0.0%, >=64=0.0%
     complete  : 0=0.0%, 4=100.0%, 8=0.0%, 16=0.0%, 32=0.0%, 64=0.1%, >=64=0.0%
     issued rwt: total=0,262144,0, short=0,0,0, dropped=0,0,0
     latency   : target=0, window=0, percentile=100.00%, depth=64

Run status group 0 (all jobs):
  WRITE: bw=1587KiB/s (1625kB/s), 1587KiB/s-1587KiB/s (1625kB/s-1625kB/s), io=1024MiB (1074MB), run=660927-660927msec

Disk stats (read/write):
  sdh: ios=40/259120, merge=0/2554, ticks=14057/42039908, in_queue=42054381, util=100.00%
