test: (g=0): rw=randread, bs=(R) 4096B-4096B, (W) 4096B-4096B, (T) 4096B-4096B, ioengine=libaio, iodepth=64
fio-3.1
Starting 1 process

test: (groupid=0, jobs=1): err= 0: pid=2516: Thu Jul 12 09:28:32 2018
   read: IOPS=517, BW=2069KiB/s (2119kB/s)(1024MiB/506776msec)
    slat (nsec): min=1279, max=58836, avg=14005.97, stdev=5066.43
    clat (usec): min=683, max=1278.8k, avg=123704.27, stdev=91720.68
     lat (usec): min=689, max=1278.9k, avg=123718.77, stdev=91720.83
    clat percentiles (msec):
     |  1.00th=[   13],  5.00th=[   26], 10.00th=[   37], 20.00th=[   55],
     | 30.00th=[   71], 40.00th=[   87], 50.00th=[  103], 60.00th=[  120],
     | 70.00th=[  140], 80.00th=[  174], 90.00th=[  236], 95.00th=[  305],
     | 99.00th=[  460], 99.50th=[  527], 99.90th=[  684], 99.95th=[  760],
     | 99.99th=[  919]
   bw (  KiB/s): min=  784, max= 7496, per=99.86%, avg=2066.17, stdev=428.30, samples=1013
   iops        : min=  196, max= 1874, avg=516.54, stdev=107.08, samples=1013
  lat (usec)   : 750=0.01%, 1000=0.01%
  lat (msec)   : 2=0.01%, 4=0.06%, 10=0.53%, 20=2.46%, 50=14.10%
  lat (msec)   : 100=31.48%, 250=42.62%, 500=8.06%, 750=0.61%, 1000=0.05%
  lat (msec)   : 2000=0.01%
  cpu          : usr=0.71%, sys=1.58%, ctx=258045, majf=0, minf=95
  IO depths    : 1=0.1%, 2=0.1%, 4=0.1%, 8=0.1%, 16=0.1%, 32=0.1%, >=64=100.0%
     submit    : 0=0.0%, 4=100.0%, 8=0.0%, 16=0.0%, 32=0.0%, 64=0.0%, >=64=0.0%
     complete  : 0=0.0%, 4=100.0%, 8=0.0%, 16=0.0%, 32=0.0%, 64=0.1%, >=64=0.0%
     issued rwt: total=262144,0,0, short=0,0,0, dropped=0,0,0
     latency   : target=0, window=0, percentile=100.00%, depth=64

Run status group 0 (all jobs):
   READ: bw=2069KiB/s (2119kB/s), 2069KiB/s-2069KiB/s (2119kB/s-2119kB/s), io=1024MiB (1074MB), run=506776-506776msec

Disk stats (read/write):
  sdi: ios=259205/0, merge=2602/0, ticks=32243329/0, in_queue=32244403, util=100.00%
