test: (g=0): rw=read, bs=(R) 1024KiB-1024KiB, (W) 1024KiB-1024KiB, (T) 1024KiB-1024KiB, ioengine=libaio, iodepth=64
fio-3.1
Starting 1 process

test: (groupid=0, jobs=1): err= 0: pid=31206: Thu Jul 12 14:19:27 2018
   read: IOPS=202, BW=203MiB/s (212MB/s)(1024MiB/5055msec)
    slat (usec): min=31, max=44036, avg=4746.37, stdev=12575.99
    clat (msec): min=124, max=476, avg=308.80, stdev=35.77
     lat (msec): min=125, max=520, avg=313.55, stdev=34.35
    clat percentiles (msec):
     |  1.00th=[  190],  5.00th=[  259], 10.00th=[  279], 20.00th=[  296],
     | 30.00th=[  300], 40.00th=[  309], 50.00th=[  321], 60.00th=[  321],
     | 70.00th=[  321], 80.00th=[  326], 90.00th=[  330], 95.00th=[  330],
     | 99.00th=[  439], 99.50th=[  477], 99.90th=[  477], 99.95th=[  477],
     | 99.99th=[  477]
   bw (  KiB/s): min=145408, max=229376, per=94.90%, avg=196855.40, stdev=24349.54, samples=10
   iops        : min=  142, max=  224, avg=192.20, stdev=23.75, samples=10
  lat (msec)   : 250=4.00%, 500=96.00%
  cpu          : usr=0.02%, sys=2.24%, ctx=161, majf=0, minf=575
  IO depths    : 1=0.1%, 2=0.2%, 4=0.4%, 8=0.8%, 16=1.6%, 32=3.1%, >=64=93.8%
     submit    : 0=0.0%, 4=100.0%, 8=0.0%, 16=0.0%, 32=0.0%, 64=0.0%, >=64=0.0%
     complete  : 0=0.0%, 4=99.9%, 8=0.0%, 16=0.0%, 32=0.0%, 64=0.1%, >=64=0.0%
     issued rwt: total=1024,0,0, short=0,0,0, dropped=0,0,0
     latency   : target=0, window=0, percentile=100.00%, depth=64

Run status group 0 (all jobs):
   READ: bw=203MiB/s (212MB/s), 203MiB/s-203MiB/s (212MB/s-212MB/s), io=1024MiB (1074MB), run=5055-5055msec

Disk stats (read/write):
  sde: ios=3969/0, merge=0/0, ticks=686454/0, in_queue=699252, util=98.04%
