test: (g=0): rw=write, bs=(R) 512KiB-512KiB, (W) 512KiB-512KiB, (T) 512KiB-512KiB, ioengine=libaio, iodepth=64
fio-3.1
Starting 1 process

test: (groupid=0, jobs=1): err= 0: pid=15667: Mon Jul 23 18:55:10 2018
  write: IOPS=401, BW=201MiB/s (211MB/s)(1024MiB/5100msec)
    slat (usec): min=34, max=197, avg=101.19, stdev=36.25
    clat (msec): min=17, max=298, avg=159.11, stdev=21.40
     lat (msec): min=17, max=298, avg=159.21, stdev=21.41
    clat percentiles (msec):
     |  1.00th=[   66],  5.00th=[  144], 10.00th=[  148], 20.00th=[  150],
     | 30.00th=[  153], 40.00th=[  155], 50.00th=[  157], 60.00th=[  161],
     | 70.00th=[  165], 80.00th=[  169], 90.00th=[  176], 95.00th=[  180],
     | 99.00th=[  243], 99.50th=[  268], 99.90th=[  292], 99.95th=[  296],
     | 99.99th=[  300]
   bw (  KiB/s): min=189440, max=217088, per=98.86%, avg=203264.00, stdev=9989.47, samples=10
   iops        : min=  370, max=  424, avg=397.00, stdev=19.51, samples=10
  lat (msec)   : 20=0.10%, 50=0.59%, 100=1.03%, 250=97.31%, 500=0.98%
  cpu          : usr=1.78%, sys=3.26%, ctx=926, majf=0, minf=29
  IO depths    : 1=0.1%, 2=0.1%, 4=0.2%, 8=0.4%, 16=0.8%, 32=1.6%, >=64=96.9%
     submit    : 0=0.0%, 4=100.0%, 8=0.0%, 16=0.0%, 32=0.0%, 64=0.0%, >=64=0.0%
     complete  : 0=0.0%, 4=99.9%, 8=0.0%, 16=0.0%, 32=0.0%, 64=0.1%, >=64=0.0%
     issued rwt: total=0,2048,0, short=0,0,0, dropped=0,0,0
     latency   : target=0, window=0, percentile=100.00%, depth=64

Run status group 0 (all jobs):
  WRITE: bw=201MiB/s (211MB/s), 201MiB/s-201MiB/s (211MB/s-211MB/s), io=1024MiB (1074MB), run=5100-5100msec

Disk stats (read/write):
  sdg: ios=40/3908, merge=0/0, ticks=15/611521, in_queue=621075, util=97.84%
