test: (g=0): rw=read, bs=(R) 512KiB-512KiB, (W) 512KiB-512KiB, (T) 512KiB-512KiB, ioengine=libaio, iodepth=64
fio-3.1
Starting 1 process

test: (groupid=0, jobs=1): err= 0: pid=21446: Fri Aug 17 16:51:04 2018
   read: IOPS=1056, BW=528MiB/s (554MB/s)(1024MiB/1939msec)
    slat (usec): min=22, max=691, avg=89.95, stdev=58.20
    clat (msec): min=10, max=118, avg=60.25, stdev= 8.66
     lat (msec): min=10, max=118, avg=60.34, stdev= 8.65
    clat percentiles (msec):
     |  1.00th=[   19],  5.00th=[   61], 10.00th=[   61], 20.00th=[   61],
     | 30.00th=[   61], 40.00th=[   61], 50.00th=[   61], 60.00th=[   61],
     | 70.00th=[   61], 80.00th=[   61], 90.00th=[   62], 95.00th=[   63],
     | 99.00th=[  101], 99.50th=[  110], 99.90th=[  117], 99.95th=[  118],
     | 99.99th=[  120]
   bw (  KiB/s): min=540672, max=543744, per=100.00%, avg=541696.00, stdev=1773.62, samples=3
   iops        : min= 1056, max= 1062, avg=1058.00, stdev= 3.46, samples=3
  lat (msec)   : 20=1.12%, 50=1.95%, 100=95.90%, 250=1.03%
  cpu          : usr=0.72%, sys=10.27%, ctx=2038, majf=0, minf=559
  IO depths    : 1=0.1%, 2=0.1%, 4=0.2%, 8=0.4%, 16=0.8%, 32=1.6%, >=64=96.9%
     submit    : 0=0.0%, 4=100.0%, 8=0.0%, 16=0.0%, 32=0.0%, 64=0.0%, >=64=0.0%
     complete  : 0=0.0%, 4=99.9%, 8=0.0%, 16=0.0%, 32=0.0%, 64=0.1%, >=64=0.0%
     issued rwt: total=2048,0,0, short=0,0,0, dropped=0,0,0
     latency   : target=0, window=0, percentile=100.00%, depth=64

Run status group 0 (all jobs):
   READ: bw=528MiB/s (554MB/s), 528MiB/s-528MiB/s (554MB/s-554MB/s), io=1024MiB (1074MB), run=1939-1939msec

Disk stats (read/write):
  sda: ios=4012/0, merge=0/0, ticks=237038/0, in_queue=240395, util=95.05%
