test: (g=0): rw=randwrite, bs=(R) 64.0KiB-64.0KiB, (W) 64.0KiB-64.0KiB, (T) 64.0KiB-64.0KiB, ioengine=libaio, iodepth=64
fio-3.1
Starting 1 process

test: (groupid=0, jobs=1): err= 0: pid=21763: Fri Aug 17 16:51:27 2018
  write: IOPS=7223, BW=451MiB/s (473MB/s)(1024MiB/2268msec)
    slat (nsec): min=4444, max=34427, avg=10530.51, stdev=2959.16
    clat (usec): min=493, max=16914, avg=8843.65, stdev=914.73
     lat (usec): min=502, max=16922, avg=8854.26, stdev=914.81
    clat percentiles (usec):
     |  1.00th=[ 8225],  5.00th=[ 8356], 10.00th=[ 8455], 20.00th=[ 8586],
     | 30.00th=[ 8586], 40.00th=[ 8717], 50.00th=[ 8717], 60.00th=[ 8717],
     | 70.00th=[ 8848], 80.00th=[ 8848], 90.00th=[ 9110], 95.00th=[ 9372],
     | 99.00th=[14353], 99.50th=[14615], 99.90th=[14877], 99.95th=[15795],
     | 99.99th=[16712]
   bw (  KiB/s): min=459008, max=467968, per=99.98%, avg=462240.00, stdev=4008.91, samples=4
   iops        : min= 7172, max= 7312, avg=7222.50, stdev=62.64, samples=4
  lat (usec)   : 500=0.02%, 750=0.01%, 1000=0.01%
  lat (msec)   : 2=0.05%, 4=0.10%, 10=96.61%, 20=3.20%
  cpu          : usr=1.99%, sys=10.41%, ctx=16369, majf=0, minf=28
  IO depths    : 1=0.1%, 2=0.1%, 4=0.1%, 8=0.1%, 16=0.1%, 32=0.2%, >=64=99.6%
     submit    : 0=0.0%, 4=100.0%, 8=0.0%, 16=0.0%, 32=0.0%, 64=0.0%, >=64=0.0%
     complete  : 0=0.0%, 4=100.0%, 8=0.0%, 16=0.0%, 32=0.0%, 64=0.1%, >=64=0.0%
     issued rwt: total=0,16384,0, short=0,0,0, dropped=0,0,0
     latency   : target=0, window=0, percentile=100.00%, depth=64

Run status group 0 (all jobs):
  WRITE: bw=451MiB/s (473MB/s), 451MiB/s-451MiB/s (473MB/s-473MB/s), io=1024MiB (1074MB), run=2268-2268msec

Disk stats (read/write):
  sda: ios=42/15518, merge=0/0, ticks=5/136873, in_queue=137149, util=95.73%
