test: (g=0): rw=randwrite, bs=(R) 4096B-4096B, (W) 4096B-4096B, (T) 4096B-4096B, ioengine=libaio, iodepth=64
fio-3.1
Starting 1 process

test: (groupid=0, jobs=1): err= 0: pid=28632: Fri Jul 13 16:21:16 2018
  write: IOPS=412, BW=1650KiB/s (1689kB/s)(1024MiB/635618msec)
    slat (nsec): min=1738, max=71224, avg=16818.65, stdev=7797.60
    clat (usec): min=409, max=1322.5k, avg=155154.81, stdev=108694.62
     lat (usec): min=451, max=1322.5k, avg=155172.02, stdev=108695.76
    clat percentiles (msec):
     |  1.00th=[   12],  5.00th=[   19], 10.00th=[   26], 20.00th=[   72],
     | 30.00th=[  100], 40.00th=[  120], 50.00th=[  140], 60.00th=[  161],
     | 70.00th=[  184], 80.00th=[  215], 90.00th=[  296], 95.00th=[  384],
     | 99.00th=[  506], 99.50th=[  558], 99.90th=[  693], 99.95th=[  785],
     | 99.99th=[  944]
   bw (  KiB/s): min=  320, max= 6864, per=99.89%, avg=1647.17, stdev=496.44, samples=1271
   iops        : min=   80, max= 1716, avg=411.78, stdev=124.11, samples=1271
  lat (usec)   : 500=0.01%, 1000=0.01%
  lat (msec)   : 2=0.01%, 4=0.03%, 10=0.45%, 20=5.76%, 50=10.29%
  lat (msec)   : 100=14.07%, 250=55.49%, 500=12.79%, 750=1.04%, 1000=0.06%
  lat (msec)   : 2000=0.01%
  cpu          : usr=0.52%, sys=1.33%, ctx=259259, majf=0, minf=390
  IO depths    : 1=0.1%, 2=0.1%, 4=0.1%, 8=0.1%, 16=0.1%, 32=0.1%, >=64=100.0%
     submit    : 0=0.0%, 4=100.0%, 8=0.0%, 16=0.0%, 32=0.0%, 64=0.0%, >=64=0.0%
     complete  : 0=0.0%, 4=100.0%, 8=0.0%, 16=0.0%, 32=0.0%, 64=0.1%, >=64=0.0%
     issued rwt: total=0,262144,0, short=0,0,0, dropped=0,0,0
     latency   : target=0, window=0, percentile=100.00%, depth=64

Run status group 0 (all jobs):
  WRITE: bw=1650KiB/s (1689kB/s), 1650KiB/s-1650KiB/s (1689kB/s-1689kB/s), io=1024MiB (1074MB), run=635618-635618msec

Disk stats (read/write):
  sdj: ios=40/259185, merge=0/2584, ticks=19669/40433740, in_queue=40454049, util=100.00%
