test: (g=0): rw=read, bs=(R) 1024KiB-1024KiB, (W) 1024KiB-1024KiB, (T) 1024KiB-1024KiB, ioengine=libaio, iodepth=64
fio-3.1
Starting 1 process

test: (groupid=0, jobs=1): err= 0: pid=5744: Tue Jul 24 17:17:17 2018
   read: IOPS=200, BW=201MiB/s (211MB/s)(1024MiB/5096msec)
    slat (usec): min=49, max=43716, avg=4792.52, stdev=12661.49
    clat (msec): min=138, max=505, avg=311.20, stdev=32.58
     lat (msec): min=138, max=505, avg=315.99, stdev=30.79
    clat percentiles (msec):
     |  1.00th=[  176],  5.00th=[  275], 10.00th=[  279], 20.00th=[  313],
     | 30.00th=[  313], 40.00th=[  313], 50.00th=[  321], 60.00th=[  321],
     | 70.00th=[  321], 80.00th=[  321], 90.00th=[  326], 95.00th=[  326],
     | 99.00th=[  426], 99.50th=[  468], 99.90th=[  468], 99.95th=[  506],
     | 99.99th=[  506]
   bw (  KiB/s): min=153600, max=212992, per=95.65%, avg=196812.80, stdev=19271.28, samples=10
   iops        : min=  150, max=  208, avg=192.20, stdev=18.82, samples=10
  lat (msec)   : 250=4.00%, 500=95.90%, 750=0.10%
  cpu          : usr=0.02%, sys=2.43%, ctx=162, majf=0, minf=576
  IO depths    : 1=0.1%, 2=0.2%, 4=0.4%, 8=0.8%, 16=1.6%, 32=3.1%, >=64=93.8%
     submit    : 0=0.0%, 4=100.0%, 8=0.0%, 16=0.0%, 32=0.0%, 64=0.0%, >=64=0.0%
     complete  : 0=0.0%, 4=99.9%, 8=0.0%, 16=0.0%, 32=0.0%, 64=0.1%, >=64=0.0%
     issued rwt: total=1024,0,0, short=0,0,0, dropped=0,0,0
     latency   : target=0, window=0, percentile=100.00%, depth=64

Run status group 0 (all jobs):
   READ: bw=201MiB/s (211MB/s), 201MiB/s-201MiB/s (211MB/s-211MB/s), io=1024MiB (1074MB), run=5096-5096msec

Disk stats (read/write):
  sdf: ios=3936/0, merge=0/0, ticks=686931/0, in_queue=699839, util=98.04%
