test: (g=0): rw=randread, bs=(R) 8192B-8192B, (W) 8192B-8192B, (T) 8192B-8192B, ioengine=libaio, iodepth=64
fio-3.1
Starting 1 process

test: (groupid=0, jobs=1): err= 0: pid=9251: Fri Jul 13 18:42:30 2018
   read: IOPS=494, BW=3959KiB/s (4054kB/s)(1024MiB/264849msec)
    slat (nsec): min=1526, max=70719, avg=13421.67, stdev=5754.39
    clat (usec): min=1619, max=1168.4k, avg=129301.09, stdev=97440.63
     lat (usec): min=1624, max=1168.4k, avg=129314.95, stdev=97440.74
    clat percentiles (msec):
     |  1.00th=[   14],  5.00th=[   27], 10.00th=[   39], 20.00th=[   57],
     | 30.00th=[   73], 40.00th=[   90], 50.00th=[  107], 60.00th=[  125],
     | 70.00th=[  146], 80.00th=[  182], 90.00th=[  249], 95.00th=[  317],
     | 99.00th=[  489], 99.50th=[  567], 99.90th=[  751], 99.95th=[  852],
     | 99.99th=[ 1020]
   bw (  KiB/s): min=  896, max= 9680, per=99.75%, avg=3948.98, stdev=690.74, samples=529
   iops        : min=  112, max= 1210, avg=493.61, stdev=86.34, samples=529
  lat (msec)   : 2=0.01%, 4=0.04%, 10=0.42%, 20=2.24%, 50=13.72%
  lat (msec)   : 100=29.83%, 250=43.87%, 500=8.96%, 750=0.81%, 1000=0.08%
  lat (msec)   : 2000=0.01%
  cpu          : usr=0.65%, sys=1.45%, ctx=128362, majf=0, minf=158
  IO depths    : 1=0.1%, 2=0.1%, 4=0.1%, 8=0.1%, 16=0.1%, 32=0.1%, >=64=100.0%
     submit    : 0=0.0%, 4=100.0%, 8=0.0%, 16=0.0%, 32=0.0%, 64=0.0%, >=64=0.0%
     complete  : 0=0.0%, 4=100.0%, 8=0.0%, 16=0.0%, 32=0.0%, 64=0.1%, >=64=0.0%
     issued rwt: total=131072,0,0, short=0,0,0, dropped=0,0,0
     latency   : target=0, window=0, percentile=100.00%, depth=64

Run status group 0 (all jobs):
   READ: bw=3959KiB/s (4054kB/s), 3959KiB/s-3959KiB/s (4054kB/s-4054kB/s), io=1024MiB (1074MB), run=264849-264849msec

Disk stats (read/write):
  sdn: ios=128826/0, merge=1984/0, ticks=16782424/0, in_queue=16784351, util=100.00%
