test: (g=0): rw=read, bs=(R) 512KiB-512KiB, (W) 512KiB-512KiB, (T) 512KiB-512KiB, ioengine=libaio, iodepth=64
fio-3.1
Starting 1 process

test: (groupid=0, jobs=1): err= 0: pid=27677: Sun Jul 15 04:51:26 2018
   read: IOPS=411, BW=206MiB/s (216MB/s)(1024MiB/4974msec)
    slat (usec): min=21, max=686, avg=88.90, stdev=49.85
    clat (msec): min=9, max=297, avg=155.10, stdev=23.43
     lat (msec): min=9, max=297, avg=155.19, stdev=23.42
    clat percentiles (msec):
     |  1.00th=[   41],  5.00th=[  148], 10.00th=[  150], 20.00th=[  150],
     | 30.00th=[  150], 40.00th=[  150], 50.00th=[  150], 60.00th=[  159],
     | 70.00th=[  165], 80.00th=[  165], 90.00th=[  165], 95.00th=[  165],
     | 99.00th=[  251], 99.50th=[  275], 99.90th=[  292], 99.95th=[  296],
     | 99.99th=[  296]
   bw (  KiB/s): min=198656, max=221184, per=99.69%, avg=210147.56, stdev=9575.60, samples=9
   iops        : min=  388, max=  432, avg=410.44, stdev=18.70, samples=9
  lat (msec)   : 10=0.29%, 20=0.24%, 50=0.68%, 100=1.12%, 250=96.68%
  lat (msec)   : 500=0.98%
  cpu          : usr=0.24%, sys=4.38%, ctx=2043, majf=0, minf=559
  IO depths    : 1=0.1%, 2=0.1%, 4=0.2%, 8=0.4%, 16=0.8%, 32=1.6%, >=64=96.9%
     submit    : 0=0.0%, 4=100.0%, 8=0.0%, 16=0.0%, 32=0.0%, 64=0.0%, >=64=0.0%
     complete  : 0=0.0%, 4=99.9%, 8=0.0%, 16=0.0%, 32=0.0%, 64=0.1%, >=64=0.0%
     issued rwt: total=2048,0,0, short=0,0,0, dropped=0,0,0
     latency   : target=0, window=0, percentile=100.00%, depth=64

Run status group 0 (all jobs):
   READ: bw=206MiB/s (216MB/s), 206MiB/s-206MiB/s (216MB/s-216MB/s), io=1024MiB (1074MB), run=4974-4974msec

Disk stats (read/write):
  sdh: ios=4025/0, merge=0/0, ticks=612831/0, in_queue=620534, util=98.09%
