test: (g=0): rw=write, bs=(R) 512KiB-512KiB, (W) 512KiB-512KiB, (T) 512KiB-512KiB, ioengine=libaio, iodepth=64
fio-3.1
Starting 1 process

test: (groupid=0, jobs=1): err= 0: pid=7666: Fri Jul 13 18:12:04 2018
  write: IOPS=396, BW=198MiB/s (208MB/s)(1024MiB/5168msec)
    slat (usec): min=39, max=1141, avg=129.57, stdev=64.29
    clat (msec): min=4, max=310, avg=161.19, stdev=24.76
     lat (msec): min=4, max=310, avg=161.32, stdev=24.77
    clat percentiles (msec):
     |  1.00th=[   64],  5.00th=[  153], 10.00th=[  153], 20.00th=[  153],
     | 30.00th=[  155], 40.00th=[  155], 50.00th=[  157], 60.00th=[  159],
     | 70.00th=[  161], 80.00th=[  169], 90.00th=[  182], 95.00th=[  201],
     | 99.00th=[  262], 99.50th=[  288], 99.90th=[  305], 99.95th=[  309],
     | 99.99th=[  309]
   bw (  KiB/s): min=189440, max=214016, per=99.93%, avg=202752.00, stdev=10498.43, samples=10
   iops        : min=  370, max=  418, avg=396.00, stdev=20.50, samples=10
  lat (msec)   : 10=0.29%, 20=0.05%, 50=0.39%, 100=1.03%, 250=97.02%
  lat (msec)   : 500=1.22%
  cpu          : usr=1.90%, sys=4.16%, ctx=2054, majf=0, minf=27
  IO depths    : 1=0.1%, 2=0.1%, 4=0.2%, 8=0.4%, 16=0.8%, 32=1.6%, >=64=96.9%
     submit    : 0=0.0%, 4=100.0%, 8=0.0%, 16=0.0%, 32=0.0%, 64=0.0%, >=64=0.0%
     complete  : 0=0.0%, 4=99.9%, 8=0.0%, 16=0.0%, 32=0.0%, 64=0.1%, >=64=0.0%
     issued rwt: total=0,2048,0, short=0,0,0, dropped=0,0,0
     latency   : target=0, window=0, percentile=100.00%, depth=64

Run status group 0 (all jobs):
  WRITE: bw=198MiB/s (208MB/s), 198MiB/s-198MiB/s (208MB/s-208MB/s), io=1024MiB (1074MB), run=5168-5168msec

Disk stats (read/write):
  sdn: ios=7/4058, merge=0/0, ticks=4390/642002, in_queue=652211, util=98.03%
