test: (g=0): rw=randwrite, bs=(R) 8192B-8192B, (W) 8192B-8192B, (T) 8192B-8192B, ioengine=libaio, iodepth=64
fio-3.1
Starting 1 process

test: (groupid=0, jobs=1): err= 0: pid=1582: Thu Jul 12 15:19:34 2018
  write: IOPS=381, BW=3056KiB/s (3129kB/s)(1024MiB/343130msec)
    slat (nsec): min=2009, max=70184, avg=18184.69, stdev=8260.88
    clat (usec): min=411, max=1200.4k, avg=167514.47, stdev=121683.60
     lat (usec): min=450, max=1200.4k, avg=167533.04, stdev=121685.40
    clat percentiles (msec):
     |  1.00th=[   12],  5.00th=[   18], 10.00th=[   24], 20.00th=[   68],
     | 30.00th=[  104], 40.00th=[  127], 50.00th=[  150], 60.00th=[  174],
     | 70.00th=[  201], 80.00th=[  236], 90.00th=[  330], 95.00th=[  418],
     | 99.00th=[  558], 99.50th=[  617], 99.90th=[  810], 99.95th=[  852],
     | 99.99th=[  961]
   bw (  KiB/s): min=  240, max=16736, per=99.80%, avg=3048.82, stdev=1053.26, samples=686
   iops        : min=   30, max= 2092, avg=381.09, stdev=131.66, samples=686
  lat (usec)   : 500=0.01%
  lat (msec)   : 2=0.01%, 4=0.07%, 10=0.58%, 20=6.60%, 50=10.52%
  lat (msec)   : 100=10.89%, 250=53.88%, 500=15.49%, 750=1.78%, 1000=0.17%
  lat (msec)   : 2000=0.01%
  cpu          : usr=0.45%, sys=1.26%, ctx=128983, majf=0, minf=28
  IO depths    : 1=0.1%, 2=0.1%, 4=0.1%, 8=0.1%, 16=0.1%, 32=0.1%, >=64=100.0%
     submit    : 0=0.0%, 4=100.0%, 8=0.0%, 16=0.0%, 32=0.0%, 64=0.0%, >=64=0.0%
     complete  : 0=0.0%, 4=100.0%, 8=0.0%, 16=0.0%, 32=0.0%, 64=0.1%, >=64=0.0%
     issued rwt: total=0,131072,0, short=0,0,0, dropped=0,0,0
     latency   : target=0, window=0, percentile=100.00%, depth=64

Run status group 0 (all jobs):
  WRITE: bw=3056KiB/s (3129kB/s), 3056KiB/s-3056KiB/s (3129kB/s-3129kB/s), io=1024MiB (1074MB), run=343130-343130msec

Disk stats (read/write):
  sdm: ios=40/128951, merge=0/2029, ticks=24089/21756513, in_queue=21780983, util=100.00%
