test: (g=0): rw=randread, bs=(R) 8192B-8192B, (W) 8192B-8192B, (T) 8192B-8192B, ioengine=libaio, iodepth=64
fio-3.1
Starting 1 process

test: (groupid=0, jobs=1): err= 0: pid=10679: Thu Jul 12 14:09:24 2018
   read: IOPS=585, BW=4684KiB/s (4796kB/s)(1024MiB/223886msec)
    slat (nsec): min=1506, max=68094, avg=14363.32, stdev=6001.58
    clat (usec): min=1190, max=1596.4k, avg=109299.20, stdev=91646.53
     lat (usec): min=1192, max=1596.4k, avg=109314.00, stdev=91646.88
    clat percentiles (msec):
     |  1.00th=[    8],  5.00th=[   17], 10.00th=[   28], 20.00th=[   44],
     | 30.00th=[   58], 40.00th=[   72], 50.00th=[   86], 60.00th=[  102],
     | 70.00th=[  123], 80.00th=[  155], 90.00th=[  220], 95.00th=[  288],
     | 99.00th=[  460], 99.50th=[  542], 99.90th=[  718], 99.95th=[  802],
     | 99.99th=[  995]
   bw (  KiB/s): min= 1008, max=50992, per=99.65%, avg=4666.50, stdev=2369.39, samples=447
   iops        : min=  126, max= 6374, avg=583.30, stdev=296.17, samples=447
  lat (msec)   : 2=0.01%, 4=0.04%, 10=2.09%, 20=4.07%, 50=17.97%
  lat (msec)   : 100=35.05%, 250=33.42%, 500=6.66%, 750=0.62%, 1000=0.07%
  lat (msec)   : 2000=0.01%
  cpu          : usr=0.78%, sys=1.78%, ctx=127444, majf=0, minf=456
  IO depths    : 1=0.1%, 2=0.1%, 4=0.1%, 8=0.1%, 16=0.1%, 32=0.1%, >=64=100.0%
     submit    : 0=0.0%, 4=100.0%, 8=0.0%, 16=0.0%, 32=0.0%, 64=0.0%, >=64=0.0%
     complete  : 0=0.0%, 4=100.0%, 8=0.0%, 16=0.0%, 32=0.0%, 64=0.1%, >=64=0.0%
     issued rwt: total=131072,0,0, short=0,0,0, dropped=0,0,0
     latency   : target=0, window=0, percentile=100.00%, depth=64

Run status group 0 (all jobs):
   READ: bw=4684KiB/s (4796kB/s), 4684KiB/s-4684KiB/s (4796kB/s-4796kB/s), io=1024MiB (1074MB), run=223886-223886msec

Disk stats (read/write):
  sdd: ios=129019/0, merge=2061/0, ticks=14224964/0, in_queue=14227335, util=100.00%
