test: (g=0): rw=randread, bs=(R) 4096B-4096B, (W) 4096B-4096B, (T) 4096B-4096B, ioengine=libaio, iodepth=64
fio-3.1
Starting 1 process

test: (groupid=0, jobs=1): err= 0: pid=10569: Thu Jul 12 14:03:39 2018
   read: IOPS=536, BW=2146KiB/s (2198kB/s)(1024MiB/488593msec)
    slat (nsec): min=1454, max=207187, avg=14425.72, stdev=5706.30
    clat (usec): min=852, max=1901.0k, avg=119265.00, stdev=107602.35
     lat (usec): min=863, max=1901.0k, avg=119279.90, stdev=107602.52
    clat percentiles (msec):
     |  1.00th=[   10],  5.00th=[   21], 10.00th=[   31], 20.00th=[   46],
     | 30.00th=[   61], 40.00th=[   74], 50.00th=[   89], 60.00th=[  106],
     | 70.00th=[  130], 80.00th=[  167], 90.00th=[  245], 95.00th=[  330],
     | 99.00th=[  542], 99.50th=[  642], 99.90th=[  869], 99.95th=[  995],
     | 99.99th=[ 1200]
   bw (  KiB/s): min=  232, max=11304, per=99.96%, avg=2145.14, stdev=721.51, samples=977
   iops        : min=   58, max= 2826, avg=536.28, stdev=180.38, samples=977
  lat (usec)   : 1000=0.01%
  lat (msec)   : 2=0.01%, 4=0.08%, 10=1.05%, 20=3.55%, 50=18.00%
  lat (msec)   : 100=34.27%, 250=33.48%, 500=8.21%, 750=1.13%, 1000=0.19%
  lat (msec)   : 2000=0.05%
  cpu          : usr=0.77%, sys=1.63%, ctx=257112, majf=0, minf=452
  IO depths    : 1=0.1%, 2=0.1%, 4=0.1%, 8=0.1%, 16=0.1%, 32=0.1%, >=64=100.0%
     submit    : 0=0.0%, 4=100.0%, 8=0.0%, 16=0.0%, 32=0.0%, 64=0.0%, >=64=0.0%
     complete  : 0=0.0%, 4=100.0%, 8=0.0%, 16=0.0%, 32=0.0%, 64=0.1%, >=64=0.0%
     issued rwt: total=262144,0,0, short=0,0,0, dropped=0,0,0
     latency   : target=0, window=0, percentile=100.00%, depth=64

Run status group 0 (all jobs):
   READ: bw=2146KiB/s (2198kB/s), 2146KiB/s-2146KiB/s (2198kB/s-2198kB/s), io=1024MiB (1074MB), run=488593-488593msec

Disk stats (read/write):
  sdd: ios=259399/0, merge=2744/0, ticks=31114408/0, in_queue=31117624, util=100.00%
