test: (g=0): rw=randread, bs=(R) 64.0KiB-64.0KiB, (W) 64.0KiB-64.0KiB, (T) 64.0KiB-64.0KiB, ioengine=libaio, iodepth=64
fio-3.1
Starting 1 process

test: (groupid=0, jobs=1): err= 0: pid=27878: Fri Aug 17 20:06:25 2018
   read: IOPS=637, BW=39.8MiB/s (41.8MB/s)(1024MiB/25708msec)
    slat (usec): min=5, max=561, avg=22.35, stdev=11.47
    clat (usec): min=23, max=1221.8k, avg=100384.36, stdev=117571.43
     lat (usec): min=44, max=1221.9k, avg=100407.03, stdev=117572.31
    clat percentiles (usec):
     |  1.00th=[     41],  5.00th=[     44], 10.00th=[     47],
     | 20.00th=[     52], 30.00th=[     58], 40.00th=[  67634],
     | 50.00th=[  83362], 60.00th=[ 100140], 70.00th=[ 122160],
     | 80.00th=[ 164627], 90.00th=[ 250610], 95.00th=[ 320865],
     | 99.00th=[ 526386], 99.50th=[ 616563], 99.90th=[ 876610],
     | 99.95th=[ 977273], 99.99th=[1199571]
   bw (  KiB/s): min=13056, max=129280, per=98.61%, avg=40219.61, stdev=19217.25, samples=51
   iops        : min=  204, max= 2020, avg=628.43, stdev=300.27, samples=51
  lat (usec)   : 50=17.08%, 100=19.98%, 250=0.07%, 500=0.02%, 750=0.03%
  lat (usec)   : 1000=0.04%
  lat (msec)   : 2=0.03%, 50=0.18%, 100=22.49%, 250=30.10%, 500=8.81%
  lat (msec)   : 750=0.93%, 1000=0.18%, 2000=0.05%
  cpu          : usr=0.45%, sys=2.07%, ctx=16270, majf=0, minf=544
  IO depths    : 1=0.1%, 2=0.1%, 4=0.1%, 8=0.1%, 16=0.1%, 32=0.2%, >=64=99.6%
     submit    : 0=0.0%, 4=100.0%, 8=0.0%, 16=0.0%, 32=0.0%, 64=0.0%, >=64=0.0%
     complete  : 0=0.0%, 4=100.0%, 8=0.0%, 16=0.0%, 32=0.0%, 64=0.1%, >=64=0.0%
     issued rwt: total=16384,0,0, short=0,0,0, dropped=0,0,0
     latency   : target=0, window=0, percentile=100.00%, depth=64

Run status group 0 (all jobs):
   READ: bw=39.8MiB/s (41.8MB/s), 39.8MiB/s-39.8MiB/s (41.8MB/s-41.8MB/s), io=1024MiB (1074MB), run=25708-25708msec

Disk stats (read/write):
  sdl: ios=16377/0, merge=0/0, ticks=1660750/0, in_queue=1664384, util=100.00%
