test: (g=0): rw=randwrite, bs=(R) 64.0KiB-64.0KiB, (W) 64.0KiB-64.0KiB, (T) 64.0KiB-64.0KiB, ioengine=libaio, iodepth=64
fio-3.1
Starting 1 process

test: (groupid=0, jobs=1): err= 0: pid=31319: Fri Jul 13 14:04:40 2018
  write: IOPS=383, BW=23.0MiB/s (25.2MB/s)(1024MiB/42681msec)
    slat (usec): min=4, max=236098, avg=40.71, stdev=1844.35
    clat (usec): min=512, max=1174.1k, avg=166572.03, stdev=150631.19
     lat (usec): min=537, max=1174.1k, avg=166613.11, stdev=150628.25
    clat percentiles (msec):
     |  1.00th=[   10],  5.00th=[   17], 10.00th=[   21], 20.00th=[   30],
     | 30.00th=[   59], 40.00th=[  104], 50.00th=[  136], 60.00th=[  167],
     | 70.00th=[  207], 80.00th=[  259], 90.00th=[  372], 95.00th=[  489],
     | 99.00th=[  659], 99.50th=[  768], 99.90th=[  902], 99.95th=[  986],
     | 99.99th=[ 1028]
   bw (  KiB/s): min= 8320, max=71040, per=100.00%, avg=24871.04, stdev=10308.81, samples=84
   iops        : min=  130, max= 1110, avg=388.60, stdev=161.08, samples=84
  lat (usec)   : 750=0.01%, 1000=0.01%
  lat (msec)   : 2=0.04%, 4=0.11%, 10=0.94%, 20=8.14%, 50=19.20%
  lat (msec)   : 100=10.69%, 250=39.59%, 500=16.69%, 750=4.05%, 1000=0.49%
  lat (msec)   : 2000=0.04%
  cpu          : usr=0.48%, sys=1.51%, ctx=15647, majf=0, minf=28
  IO depths    : 1=0.1%, 2=0.1%, 4=0.1%, 8=0.1%, 16=0.1%, 32=0.2%, >=64=99.6%
     submit    : 0=0.0%, 4=100.0%, 8=0.0%, 16=0.0%, 32=0.0%, 64=0.0%, >=64=0.0%
     complete  : 0=0.0%, 4=100.0%, 8=0.0%, 16=0.0%, 32=0.0%, 64=0.1%, >=64=0.0%
     issued rwt: total=0,16384,0, short=0,0,0, dropped=0,0,0
     latency   : target=0, window=0, percentile=100.00%, depth=64

Run status group 0 (all jobs):
  WRITE: bw=23.0MiB/s (25.2MB/s), 23.0MiB/s-23.0MiB/s (25.2MB/s-25.2MB/s), io=1024MiB (1074MB), run=42681-42681msec

Disk stats (read/write):
  sde: ios=37/15698, merge=0/677, ticks=23863/2626775, in_queue=2653284, util=99.80%
