test: (g=0): rw=randwrite, bs=(R) 4096B-4096B, (W) 4096B-4096B, (T) 4096B-4096B, ioengine=libaio, iodepth=64
fio-3.1
Starting 1 process

test: (groupid=0, jobs=1): err= 0: pid=155062: Mon Aug  6 10:22:24 2018
  write: IOPS=410, BW=1641KiB/s (1680kB/s)(10.0GiB/6390211msec)
    slat (usec): min=3, max=205, avg=18.17, stdev= 9.53
    clat (usec): min=698, max=16021k, avg=155989.04, stdev=517769.23
     lat (usec): min=708, max=16021k, avg=156007.52, stdev=517769.26
    clat percentiles (usec):
     |  1.00th=[     963],  5.00th=[    1090], 10.00th=[    1156],
     | 20.00th=[    1254], 30.00th=[    1319], 40.00th=[    1385],
     | 50.00th=[    1467], 60.00th=[    1598], 70.00th=[   42730],
     | 80.00th=[  139461], 90.00th=[  400557], 95.00th=[  826278],
     | 99.00th=[ 2231370], 99.50th=[ 3305112], 99.90th=[ 6341788],
     | 99.95th=[ 7885292], 99.99th=[11072963]
   bw (  KiB/s): min=    8, max= 9712, per=100.00%, avg=1660.14, stdev=662.26, samples=12635
   iops        : min=    2, max= 2428, avg=415.01, stdev=165.57, samples=12635
  lat (usec)   : 750=0.01%, 1000=1.71%
  lat (msec)   : 2=62.75%, 4=0.79%, 10=0.47%, 20=1.03%, 50=4.32%
  lat (msec)   : 100=5.63%, 250=9.12%, 500=5.95%, 750=2.69%, 1000=1.50%
  lat (msec)   : 2000=2.82%, >=2000=1.23%
  cpu          : usr=0.34%, sys=1.14%, ctx=2464426, majf=0, minf=27
  IO depths    : 1=0.1%, 2=0.1%, 4=0.1%, 8=0.1%, 16=0.1%, 32=0.1%, >=64=100.0%
     submit    : 0=0.0%, 4=100.0%, 8=0.0%, 16=0.0%, 32=0.0%, 64=0.0%, >=64=0.0%
     complete  : 0=0.0%, 4=100.0%, 8=0.0%, 16=0.0%, 32=0.0%, 64=0.1%, >=64=0.0%
     issued rwt: total=0,2621440,0, short=0,0,0, dropped=0,0,0
     latency   : target=0, window=0, percentile=100.00%, depth=64

Run status group 0 (all jobs):
  WRITE: bw=1641KiB/s (1680kB/s), 1641KiB/s-1641KiB/s (1680kB/s-1680kB/s), io=10.0GiB (10.7GB), run=6390211-6390211msec

Disk stats (read/write):
  rbd0: ios=0/2621558, merge=0/8, ticks=0/408974406, in_queue=409267750, util=100.00%
