test: (g=0): rw=write, bs=(R) 512KiB-512KiB, (W) 512KiB-512KiB, (T) 512KiB-512KiB, ioengine=libaio, iodepth=64
fio-3.1
Starting 1 process

test: (groupid=0, jobs=1): err= 0: pid=17563: Mon Jul 23 22:36:04 2018
  write: IOPS=388, BW=194MiB/s (204MB/s)(1024MiB/5267msec)
    slat (usec): min=29, max=202, avg=129.34, stdev=36.73
    clat (msec): min=4, max=391, avg=164.30, stdev=45.49
     lat (msec): min=4, max=391, avg=164.43, stdev=45.50
    clat percentiles (msec):
     |  1.00th=[   48],  5.00th=[  157], 10.00th=[  157], 20.00th=[  157],
     | 30.00th=[  157], 40.00th=[  157], 50.00th=[  157], 60.00th=[  157],
     | 70.00th=[  159], 80.00th=[  159], 90.00th=[  163], 95.00th=[  215],
     | 99.00th=[  384], 99.50th=[  384], 99.90th=[  388], 99.95th=[  393],
     | 99.99th=[  393]
   bw (  KiB/s): min=112640, max=209920, per=99.73%, avg=198553.60, stdev=30313.21, samples=10
   iops        : min=  220, max=  410, avg=387.80, stdev=59.21, samples=10
  lat (msec)   : 10=0.34%, 20=0.10%, 50=0.59%, 100=1.03%, 250=93.65%
  lat (msec)   : 500=4.30%
  cpu          : usr=1.71%, sys=4.12%, ctx=2044, majf=0, minf=27
  IO depths    : 1=0.1%, 2=0.1%, 4=0.2%, 8=0.4%, 16=0.8%, 32=1.6%, >=64=96.9%
     submit    : 0=0.0%, 4=100.0%, 8=0.0%, 16=0.0%, 32=0.0%, 64=0.0%, >=64=0.0%
     complete  : 0=0.0%, 4=99.9%, 8=0.0%, 16=0.0%, 32=0.0%, 64=0.1%, >=64=0.0%
     issued rwt: total=0,2048,0, short=0,0,0, dropped=0,0,0
     latency   : target=0, window=0, percentile=100.00%, depth=64

Run status group 0 (all jobs):
  WRITE: bw=194MiB/s (204MB/s), 194MiB/s-194MiB/s (204MB/s-204MB/s), io=1024MiB (1074MB), run=5267-5267msec

Disk stats (read/write):
  sdn: ios=26/3983, merge=0/0, ticks=7/643475, in_queue=653158, util=97.92%
