test: (g=0): rw=randwrite, bs=(R) 64.0KiB-64.0KiB, (W) 64.0KiB-64.0KiB, (T) 64.0KiB-64.0KiB, ioengine=libaio, iodepth=64
fio-3.1
Starting 1 process

test: (groupid=0, jobs=1): err= 0: pid=17999: Mon Jul 23 23:04:49 2018
  write: IOPS=431, BW=26.0MiB/s (28.3MB/s)(1024MiB/37965msec)
    slat (nsec): min=6195, max=70987, avg=25829.82, stdev=10249.72
    clat (usec): min=595, max=789791, avg=148265.17, stdev=126233.08
     lat (usec): min=620, max=789832, avg=148291.38, stdev=126234.57
    clat percentiles (msec):
     |  1.00th=[   15],  5.00th=[   18], 10.00th=[   23], 20.00th=[   32],
     | 30.00th=[   56], 40.00th=[   89], 50.00th=[  115], 60.00th=[  144],
     | 70.00th=[  186], 80.00th=[  247], 90.00th=[  351], 95.00th=[  405],
     | 99.00th=[  518], 99.50th=[  550], 99.90th=[  642], 99.95th=[  667],
     | 99.99th=[  776]
   bw (  KiB/s): min= 7296, max=59776, per=98.70%, avg=27260.53, stdev=9277.21, samples=75
   iops        : min=  114, max=  934, avg=425.93, stdev=144.96, samples=75
  lat (usec)   : 750=0.01%
  lat (msec)   : 2=0.01%, 4=0.02%, 10=0.08%, 20=7.31%, 50=21.45%
  lat (msec)   : 100=15.56%, 250=35.99%, 500=18.24%, 750=1.29%, 1000=0.03%
  cpu          : usr=0.42%, sys=1.61%, ctx=16383, majf=0, minf=28
  IO depths    : 1=0.1%, 2=0.1%, 4=0.1%, 8=0.1%, 16=0.1%, 32=0.2%, >=64=99.6%
     submit    : 0=0.0%, 4=100.0%, 8=0.0%, 16=0.0%, 32=0.0%, 64=0.0%, >=64=0.0%
     complete  : 0=0.0%, 4=100.0%, 8=0.0%, 16=0.0%, 32=0.0%, 64=0.1%, >=64=0.0%
     issued rwt: total=0,16384,0, short=0,0,0, dropped=0,0,0
     latency   : target=0, window=0, percentile=100.00%, depth=64

Run status group 0 (all jobs):
  WRITE: bw=26.0MiB/s (28.3MB/s), 26.0MiB/s-26.0MiB/s (28.3MB/s-28.3MB/s), io=1024MiB (1074MB), run=37965-37965msec

Disk stats (read/write):
  sdn: ios=40/16230, merge=0/0, ticks=117/2421262, in_queue=2424438, util=100.00%
