test: (g=0): rw=randwrite, bs=(R) 8192B-8192B, (W) 8192B-8192B, (T) 8192B-8192B, ioengine=libaio, iodepth=64
fio-3.1
Starting 1 process

test: (groupid=0, jobs=1): err= 0: pid=6294: Tue Jul 24 17:35:59 2018
  write: IOPS=232, BW=1861KiB/s (1906kB/s)(1024MiB/563352msec)
    slat (usec): min=4, max=125, avg=24.86, stdev=10.57
    clat (usec): min=385, max=1668.1k, avg=275040.92, stdev=185499.88
     lat (usec): min=442, max=1668.1k, avg=275066.17, stdev=185501.84
    clat percentiles (msec):
     |  1.00th=[   15],  5.00th=[   23], 10.00th=[   34], 20.00th=[  132],
     | 30.00th=[  178], 40.00th=[  215], 50.00th=[  251], 60.00th=[  292],
     | 70.00th=[  334], 80.00th=[  393], 90.00th=[  523], 95.00th=[  634],
     | 99.00th=[  869], 99.50th=[  961], 99.90th=[ 1133], 99.95th=[ 1183],
     | 99.99th=[ 1368]
   bw (  KiB/s): min=   32, max= 3840, per=100.00%, avg=1876.53, stdev=625.64, samples=1117
   iops        : min=    4, max=  480, avg=234.56, stdev=78.20, samples=1117
  lat (usec)   : 500=0.01%, 750=0.01%, 1000=0.01%
  lat (msec)   : 2=0.01%, 4=0.01%, 10=0.13%, 20=3.37%, 50=9.38%
  lat (msec)   : 100=3.48%, 250=33.43%, 500=38.82%, 750=9.27%, 1000=1.72%
  lat (msec)   : 2000=0.39%
  cpu          : usr=0.23%, sys=0.86%, ctx=130786, majf=0, minf=28
  IO depths    : 1=0.1%, 2=0.1%, 4=0.1%, 8=0.1%, 16=0.1%, 32=0.1%, >=64=100.0%
     submit    : 0=0.0%, 4=100.0%, 8=0.0%, 16=0.0%, 32=0.0%, 64=0.0%, >=64=0.0%
     complete  : 0=0.0%, 4=100.0%, 8=0.0%, 16=0.0%, 32=0.0%, 64=0.1%, >=64=0.0%
     issued rwt: total=0,131072,0, short=0,0,0, dropped=0,0,0
     latency   : target=0, window=0, percentile=100.00%, depth=64

Run status group 0 (all jobs):
  WRITE: bw=1861KiB/s (1906kB/s), 1861KiB/s-1861KiB/s (1906kB/s-1906kB/s), io=1024MiB (1074MB), run=563352-563352msec

Disk stats (read/write):
  sdg: ios=0/131105, merge=0/0, ticks=0/36051792, in_queue=36052479, util=100.00%
