test: (g=0): rw=randread, bs=(R) 8192B-8192B, (W) 8192B-8192B, (T) 8192B-8192B, ioengine=libaio, iodepth=64
fio-3.1
Starting 1 process

test: (groupid=0, jobs=1): err= 0: pid=6343: Tue Jul 24 17:40:15 2018
   read: IOPS=512, BW=4102KiB/s (4200kB/s)(1024MiB/255650msec)
    slat (usec): min=3, max=225, avg=21.94, stdev= 7.88
    clat (usec): min=1911, max=1415.9k, avg=124800.93, stdev=78921.00
     lat (usec): min=1956, max=1415.0k, avg=124823.32, stdev=78921.24
    clat percentiles (msec):
     |  1.00th=[   35],  5.00th=[   57], 10.00th=[   66], 20.00th=[   73],
     | 30.00th=[   81], 40.00th=[   88], 50.00th=[   99], 60.00th=[  113],
     | 70.00th=[  133], 80.00th=[  163], 90.00th=[  220], 95.00th=[  284],
     | 99.00th=[  430], 99.50th=[  493], 99.90th=[  651], 99.95th=[  709],
     | 99.99th=[  852]
   bw (  KiB/s): min= 1344, max=11424, per=99.93%, avg=4098.27, stdev=719.82, samples=511
   iops        : min=  168, max= 1428, avg=512.28, stdev=89.97, samples=511
  lat (msec)   : 2=0.01%, 10=0.01%, 20=0.09%, 50=3.40%, 100=47.82%
  lat (msec)   : 250=41.51%, 500=6.69%, 750=0.43%, 1000=0.04%, 2000=0.01%
  cpu          : usr=0.56%, sys=1.80%, ctx=130048, majf=0, minf=159
  IO depths    : 1=0.1%, 2=0.1%, 4=0.1%, 8=0.1%, 16=0.1%, 32=0.1%, >=64=100.0%
     submit    : 0=0.0%, 4=100.0%, 8=0.0%, 16=0.0%, 32=0.0%, 64=0.0%, >=64=0.0%
     complete  : 0=0.0%, 4=100.0%, 8=0.0%, 16=0.0%, 32=0.0%, 64=0.1%, >=64=0.0%
     issued rwt: total=131072,0,0, short=0,0,0, dropped=0,0,0
     latency   : target=0, window=0, percentile=100.00%, depth=64

Run status group 0 (all jobs):
   READ: bw=4102KiB/s (4200kB/s), 4102KiB/s-4102KiB/s (4200kB/s-4200kB/s), io=1024MiB (1074MB), run=255650-255650msec

Disk stats (read/write):
  sdg: ios=131051/6, merge=0/0, ticks=16354491/446, in_queue=16355643, util=100.00%
