test: (g=0): rw=randwrite, bs=(R) 8192B-8192B, (W) 8192B-8192B, (T) 8192B-8192B, ioengine=libaio, iodepth=64
fio-3.1
Starting 1 process

test: (groupid=0, jobs=1): err= 0: pid=4079: Tue Jul 24 15:50:25 2018
  write: IOPS=20.7k, BW=162MiB/s (170MB/s)(1024MiB/6324msec)
    slat (usec): min=3, max=110, avg= 6.17, stdev= 2.45
    clat (usec): min=368, max=41123, avg=3080.42, stdev=2417.95
     lat (usec): min=377, max=41134, avg=3086.65, stdev=2418.15
    clat percentiles (usec):
     |  1.00th=[ 1598],  5.00th=[ 1729], 10.00th=[ 1811], 20.00th=[ 1926],
     | 30.00th=[ 2024], 40.00th=[ 2245], 50.00th=[ 2573], 60.00th=[ 2900],
     | 70.00th=[ 3097], 80.00th=[ 3326], 90.00th=[ 4146], 95.00th=[ 6390],
     | 99.00th=[13829], 99.50th=[18220], 99.90th=[31589], 99.95th=[34341],
     | 99.99th=[38536]
   bw (  KiB/s): min=64896, max=204368, per=100.00%, avg=173141.33, stdev=47645.12, samples=12
   iops        : min= 8112, max=25546, avg=21642.67, stdev=5955.64, samples=12
  lat (usec)   : 500=0.01%, 750=0.01%, 1000=0.01%
  lat (msec)   : 2=27.83%, 4=61.15%, 10=8.91%, 20=1.70%, 50=0.39%
  cpu          : usr=3.61%, sys=17.79%, ctx=118219, majf=0, minf=178
  IO depths    : 1=0.1%, 2=0.1%, 4=0.1%, 8=0.1%, 16=0.1%, 32=0.1%, >=64=100.0%
     submit    : 0=0.0%, 4=100.0%, 8=0.0%, 16=0.0%, 32=0.0%, 64=0.0%, >=64=0.0%
     complete  : 0=0.0%, 4=100.0%, 8=0.0%, 16=0.0%, 32=0.0%, 64=0.1%, >=64=0.0%
     issued rwt: total=0,131072,0, short=0,0,0, dropped=0,0,0
     latency   : target=0, window=0, percentile=100.00%, depth=64

Run status group 0 (all jobs):
  WRITE: bw=162MiB/s (170MB/s), 162MiB/s-162MiB/s (170MB/s-170MB/s), io=1024MiB (1074MB), run=6324-6324msec

Disk stats (read/write):
  sdb: ios=0/130448, merge=0/0, ticks=0/391401, in_queue=392283, util=98.45%
