test: (g=0): rw=write, bs=(R) 1024KiB-1024KiB, (W) 1024KiB-1024KiB, (T) 1024KiB-1024KiB, ioengine=libaio, iodepth=64
fio-3.1
Starting 1 process

test: (groupid=0, jobs=1): err= 0: pid=26775: Fri Aug 17 19:22:32 2018
  write: IOPS=191, BW=191MiB/s (201MB/s)(1024MiB/5355msec)
    slat (usec): min=67, max=88566, avg=5058.07, stdev=13502.73
    clat (msec): min=137, max=495, avg=327.49, stdev=39.55
     lat (msec): min=137, max=495, avg=332.55, stdev=38.26
    clat percentiles (msec):
     |  1.00th=[  178],  5.00th=[  268], 10.00th=[  296], 20.00th=[  309],
     | 30.00th=[  313], 40.00th=[  317], 50.00th=[  338], 60.00th=[  342],
     | 70.00th=[  347], 80.00th=[  351], 90.00th=[  359], 95.00th=[  388],
     | 99.00th=[  422], 99.50th=[  451], 99.90th=[  498], 99.95th=[  498],
     | 99.99th=[  498]
   bw (  KiB/s): min=155648, max=210944, per=96.66%, avg=189274.60, stdev=15474.39, samples=10
   iops        : min=  152, max=  206, avg=184.80, stdev=15.09, samples=10
  lat (msec)   : 250=3.22%, 500=96.78%
  cpu          : usr=1.21%, sys=2.11%, ctx=148, majf=0, minf=28
  IO depths    : 1=0.1%, 2=0.2%, 4=0.4%, 8=0.8%, 16=1.6%, 32=3.1%, >=64=93.8%
     submit    : 0=0.0%, 4=100.0%, 8=0.0%, 16=0.0%, 32=0.0%, 64=0.0%, >=64=0.0%
     complete  : 0=0.0%, 4=99.9%, 8=0.0%, 16=0.0%, 32=0.0%, 64=0.1%, >=64=0.0%
     issued rwt: total=0,1024,0, short=0,0,0, dropped=0,0,0
     latency   : target=0, window=0, percentile=100.00%, depth=64

Run status group 0 (all jobs):
  WRITE: bw=191MiB/s (201MB/s), 191MiB/s-191MiB/s (201MB/s-201MB/s), io=1024MiB (1074MB), run=5355-5355msec

Disk stats (read/write):
  sdk: ios=0/3900, merge=0/0, ticks=0/716844, in_queue=729641, util=97.61%
