test: (g=0): rw=randread, bs=(R) 4096B-4096B, (W) 4096B-4096B, (T) 4096B-4096B, ioengine=libaio, iodepth=64
fio-3.1
Starting 1 process

test: (groupid=0, jobs=1): err= 0: pid=15490: Thu Jul 12 16:37:41 2018
   read: IOPS=531, BW=2126KiB/s (2177kB/s)(1024MiB/493126msec)
    slat (nsec): min=1318, max=197784, avg=13606.19, stdev=5199.33
    clat (usec): min=73, max=1937.3k, avg=120372.26, stdev=108177.54
     lat (usec): min=87, max=1937.3k, avg=120386.34, stdev=108177.71
    clat percentiles (msec):
     |  1.00th=[   10],  5.00th=[   21], 10.00th=[   31], 20.00th=[   46],
     | 30.00th=[   61], 40.00th=[   74], 50.00th=[   89], 60.00th=[  106],
     | 70.00th=[  131], 80.00th=[  171], 90.00th=[  253], 95.00th=[  338],
     | 99.00th=[  535], 99.50th=[  625], 99.90th=[  852], 99.95th=[  944],
     | 99.99th=[ 1183]
   bw (  KiB/s): min=  528, max= 9968, per=99.92%, avg=2124.24, stdev=715.61, samples=986
   iops        : min=  132, max= 2492, avg=531.05, stdev=178.90, samples=986
  lat (usec)   : 100=0.01%, 250=0.01%, 500=0.01%, 750=0.01%, 1000=0.01%
  lat (msec)   : 2=0.02%, 4=0.09%, 10=0.91%, 20=3.62%, 50=18.19%
  lat (msec)   : 100=34.11%, 250=32.88%, 500=8.82%, 750=1.14%, 1000=0.17%
  lat (msec)   : 2000=0.03%
  cpu          : usr=0.77%, sys=1.63%, ctx=257050, majf=0, minf=453
  IO depths    : 1=0.1%, 2=0.1%, 4=0.1%, 8=0.1%, 16=0.1%, 32=0.1%, >=64=100.0%
     submit    : 0=0.0%, 4=100.0%, 8=0.0%, 16=0.0%, 32=0.0%, 64=0.0%, >=64=0.0%
     complete  : 0=0.0%, 4=100.0%, 8=0.0%, 16=0.0%, 32=0.0%, 64=0.1%, >=64=0.0%
     issued rwt: total=262144,0,0, short=0,0,0, dropped=0,0,0
     latency   : target=0, window=0, percentile=100.00%, depth=64

Run status group 0 (all jobs):
   READ: bw=2126KiB/s (2177kB/s), 2126KiB/s-2126KiB/s (2177kB/s-2177kB/s), io=1024MiB (1074MB), run=493126-493126msec

Disk stats (read/write):
  sdl: ios=259465/0, merge=2671/0, ticks=31405583/0, in_queue=31406422, util=100.00%
