rbd_image0: (g=0): rw=randwrite, bs=(R) 8192KiB-8192KiB, (W) 8192KiB-8192KiB, (T) 8192KiB-8192KiB, ioengine=rbd, iodepth=64
fio-3.1
Starting 1 process

rbd_image0: (groupid=0, jobs=1): err= 0: pid=125507: Fri Aug  3 17:46:28 2018
  write: IOPS=55, BW=440MiB/s (461MB/s)(10.0GiB/23268msec)
    slat (usec): min=1547, max=12328, avg=2942.87, stdev=2048.25
    clat (msec): min=95, max=2146, avg=1072.25, stdev=294.96
     lat (msec): min=98, max=2156, avg=1075.19, stdev=294.76
    clat percentiles (msec):
     |  1.00th=[  142],  5.00th=[  342], 10.00th=[  969], 20.00th=[ 1020],
     | 30.00th=[ 1045], 40.00th=[ 1062], 50.00th=[ 1083], 60.00th=[ 1099],
     | 70.00th=[ 1133], 80.00th=[ 1150], 90.00th=[ 1250], 95.00th=[ 1485],
     | 99.00th=[ 2089], 99.50th=[ 2123], 99.90th=[ 2140], 99.95th=[ 2140],
     | 99.99th=[ 2140]
   bw (  KiB/s): min=16384, max=1116344, per=100.00%, avg=829277.24, stdev=411390.56, samples=25
   iops        : min=    2, max=  136, avg=101.20, stdev=50.20, samples=25
  lat (msec)   : 100=0.08%, 250=3.67%, 500=3.28%, 750=0.39%, 1000=5.78%
  lat (msec)   : 2000=84.38%, >=2000=2.42%
  cpu          : usr=12.24%, sys=3.82%, ctx=110, majf=0, minf=274453
  IO depths    : 1=0.6%, 2=2.2%, 4=5.4%, 8=11.5%, 16=23.7%, 32=52.7%, >=64=4.0%
     submit    : 0=0.0%, 4=100.0%, 8=0.0%, 16=0.0%, 32=0.0%, 64=0.0%, >=64=0.0%
     complete  : 0=0.0%, 4=98.1%, 8=0.3%, 16=0.1%, 32=0.1%, 64=1.4%, >=64=0.0%
     issued rwt: total=0,1280,0, short=0,0,0, dropped=0,0,0
     latency   : target=0, window=0, percentile=100.00%, depth=64

Run status group 0 (all jobs):
  WRITE: bw=440MiB/s (461MB/s), 440MiB/s-440MiB/s (461MB/s-461MB/s), io=10.0GiB (10.7GB), run=23268-23268msec

Disk stats (read/write):
    dm-0: ios=0/91, merge=0/0, ticks=0/145, in_queue=145, util=0.30%, aggrios=0/88, aggrmerge=0/3, aggrticks=0/139, aggrin_queue=139, aggrutil=0.30%
  sdc: ios=0/88, merge=0/3, ticks=0/139, in_queue=139, util=0.30%
