rbd_image0: (g=0): rw=randwrite, bs=(R) 1024KiB-1024KiB, (W) 1024KiB-1024KiB, (T) 1024KiB-1024KiB, ioengine=rbd, iodepth=64
fio-3.1
Starting 1 process

rbd_image0: (groupid=0, jobs=1): err= 0: pid=125251: Fri Aug  3 17:44:39 2018
  write: IOPS=309, BW=309MiB/s (324MB/s)(10.0GiB/33114msec)
    slat (usec): min=261, max=8993, avg=417.35, stdev=244.85
    clat (msec): min=14, max=4309, avg=197.61, stdev=466.10
     lat (msec): min=15, max=4309, avg=198.03, stdev=466.10
    clat percentiles (msec):
     |  1.00th=[   22],  5.00th=[   53], 10.00th=[   79], 20.00th=[   97],
     | 30.00th=[  108], 40.00th=[  120], 50.00th=[  130], 60.00th=[  138],
     | 70.00th=[  146], 80.00th=[  157], 90.00th=[  209], 95.00th=[  245],
     | 99.00th=[ 3507], 99.50th=[ 4010], 99.90th=[ 4111], 99.95th=[ 4111],
     | 99.99th=[ 4178]
   bw (  KiB/s): min=98304, max=556120, per=100.00%, avg=424307.90, stdev=106524.85, samples=49
   iops        : min=   96, max=  543, avg=414.31, stdev=104.01, samples=49
  lat (msec)   : 20=0.55%, 50=4.30%, 100=17.92%, 250=72.68%, 500=1.54%
  lat (msec)   : 750=0.95%, 1000=0.18%, 2000=0.02%, >=2000=1.88%
  cpu          : usr=10.51%, sys=2.25%, ctx=430, majf=0, minf=195956
  IO depths    : 1=0.1%, 2=0.5%, 4=1.7%, 8=5.8%, 16=19.7%, 32=66.7%, >=64=5.4%
     submit    : 0=0.0%, 4=100.0%, 8=0.0%, 16=0.0%, 32=0.0%, 64=0.0%, >=64=0.0%
     complete  : 0=0.0%, 4=96.9%, 8=1.1%, 16=0.4%, 32=0.3%, 64=1.4%, >=64=0.0%
     issued rwt: total=0,10240,0, short=0,0,0, dropped=0,0,0
     latency   : target=0, window=0, percentile=100.00%, depth=64

Run status group 0 (all jobs):
  WRITE: bw=309MiB/s (324MB/s), 309MiB/s-309MiB/s (324MB/s-324MB/s), io=10.0GiB (10.7GB), run=33114-33114msec

Disk stats (read/write):
    dm-0: ios=0/116, merge=0/0, ticks=0/133, in_queue=133, util=0.15%, aggrios=0/112, aggrmerge=0/4, aggrticks=0/123, aggrin_queue=123, aggrutil=0.15%
  sdc: ios=0/112, merge=0/4, ticks=0/123, in_queue=123, util=0.15%
