rbd_image0: (g=0): rw=write, bs=(R) 1024KiB-1024KiB, (W) 1024KiB-1024KiB, (T) 1024KiB-1024KiB, ioengine=rbd, iodepth=64
fio-3.1
Starting 1 process

rbd_image0: (groupid=0, jobs=1): err= 0: pid=123516: Fri Aug  3 16:48:41 2018
  write: IOPS=254, BW=254MiB/s (267MB/s)(10.0GiB/40280msec)
    slat (usec): min=253, max=5920, avg=418.41, stdev=255.65
    clat (msec): min=12, max=587, avg=241.49, stdev=81.27
     lat (msec): min=12, max=587, avg=241.91, stdev=81.26
    clat percentiles (msec):
     |  1.00th=[   32],  5.00th=[  124], 10.00th=[  153], 20.00th=[  186],
     | 30.00th=[  205], 40.00th=[  222], 50.00th=[  236], 60.00th=[  247],
     | 70.00th=[  255], 80.00th=[  279], 90.00th=[  368], 95.00th=[  401],
     | 99.00th=[  464], 99.50th=[  477], 99.90th=[  498], 99.95th=[  506],
     | 99.99th=[  584]
   bw (  KiB/s): min=143360, max=374784, per=99.80%, avg=259794.29, stdev=51289.66, samples=80
   iops        : min=  140, max=  366, avg=253.67, stdev=50.09, samples=80
  lat (msec)   : 20=0.14%, 50=1.56%, 100=1.17%, 250=61.96%, 500=35.10%
  lat (msec)   : 750=0.07%
  cpu          : usr=8.72%, sys=1.78%, ctx=428, majf=0, minf=209236
  IO depths    : 1=0.1%, 2=0.4%, 4=1.9%, 8=6.5%, 16=22.6%, 32=63.9%, >=64=4.5%
     submit    : 0=0.0%, 4=100.0%, 8=0.0%, 16=0.0%, 32=0.0%, 64=0.0%, >=64=0.0%
     complete  : 0=0.0%, 4=97.6%, 8=0.6%, 16=0.1%, 32=0.2%, 64=1.6%, >=64=0.0%
     issued rwt: total=0,10240,0, short=0,0,0, dropped=0,0,0
     latency   : target=0, window=0, percentile=100.00%, depth=64

Run status group 0 (all jobs):
  WRITE: bw=254MiB/s (267MB/s), 254MiB/s-254MiB/s (267MB/s-267MB/s), io=10.0GiB (10.7GB), run=40280-40280msec

Disk stats (read/write):
    dm-0: ios=0/139, merge=0/0, ticks=0/240, in_queue=240, util=0.22%, aggrios=0/135, aggrmerge=0/4, aggrticks=0/231, aggrin_queue=231, aggrutil=0.22%
  sdc: ios=0/135, merge=0/4, ticks=0/231, in_queue=231, util=0.22%
