rbd_image0: (g=0): rw=randwrite, bs=(R) 64.0KiB-64.0KiB, (W) 64.0KiB-64.0KiB, (T) 64.0KiB-64.0KiB, ioengine=rbd, iodepth=64
fio-3.1
Starting 1 process

rbd_image0: (groupid=0, jobs=1): err= 0: pid=125054: Fri Aug  3 17:42:32 2018
  write: IOPS=1670, BW=104MiB/s (109MB/s)(10.0GiB/98106msec)
    slat (usec): min=10, max=447, avg=27.05, stdev=15.07
    clat (usec): min=1505, max=14735k, avg=37534.33, stdev=391289.22
     lat (usec): min=1519, max=14735k, avg=37561.38, stdev=391289.01
    clat percentiles (msec):
     |  1.00th=[    5],  5.00th=[    7], 10.00th=[    8], 20.00th=[    9],
     | 30.00th=[   10], 40.00th=[   10], 50.00th=[   10], 60.00th=[   11],
     | 70.00th=[   11], 80.00th=[   11], 90.00th=[   12], 95.00th=[   16],
     | 99.00th=[  393], 99.50th=[ 1972], 99.90th=[ 5201], 99.95th=[ 6141],
     | 99.99th=[14697]
   bw (  KiB/s): min= 4224, max=390541, per=100.00%, avg=237373.94, stdev=119001.59, samples=88
   iops        : min=   66, max= 6102, avg=3708.92, stdev=1859.37, samples=88
  lat (msec)   : 2=0.03%, 4=0.79%, 10=56.84%, 20=39.71%, 50=0.62%
  lat (msec)   : 100=0.47%, 250=0.33%, 500=0.31%, 750=0.12%, 1000=0.04%
  lat (msec)   : 2000=0.25%, >=2000=0.47%
  cpu          : usr=4.41%, sys=0.46%, ctx=16729, majf=0, minf=9448
  IO depths    : 1=0.2%, 2=0.8%, 4=2.9%, 8=9.3%, 16=23.9%, 32=59.2%, >=64=3.6%
     submit    : 0=0.0%, 4=100.0%, 8=0.0%, 16=0.0%, 32=0.0%, 64=0.0%, >=64=0.0%
     complete  : 0=0.0%, 4=97.6%, 8=0.6%, 16=0.2%, 32=0.1%, 64=1.5%, >=64=0.0%
     issued rwt: total=0,163840,0, short=0,0,0, dropped=0,0,0
     latency   : target=0, window=0, percentile=100.00%, depth=64

Run status group 0 (all jobs):
  WRITE: bw=104MiB/s (109MB/s), 104MiB/s-104MiB/s (109MB/s-109MB/s), io=10.0GiB (10.7GB), run=98106-98106msec

Disk stats (read/write):
    dm-0: ios=0/325, merge=0/0, ticks=0/653, in_queue=653, util=0.39%, aggrios=0/320, aggrmerge=0/5, aggrticks=0/645, aggrin_queue=645, aggrutil=0.38%
  sdc: ios=0/320, merge=0/5, ticks=0/645, in_queue=645, util=0.38%
