test: (g=0): rw=randwrite, bs=(R) 64.0KiB-64.0KiB, (W) 64.0KiB-64.0KiB, (T) 64.0KiB-64.0KiB, ioengine=libaio, iodepth=64
fio-3.1
Starting 1 process

test: (groupid=0, jobs=1): err= 0: pid=25865: Fri Aug 17 18:59:55 2018
  write: IOPS=552, BW=34.5MiB/s (36.2MB/s)(1024MiB/29669msec)
    slat (usec): min=3, max=136, avg=14.61, stdev= 9.99
    clat (usec): min=457, max=449230, avg=115870.63, stdev=58017.98
     lat (usec): min=466, max=449246, avg=115885.44, stdev=58020.16
    clat percentiles (usec):
     |  1.00th=[   676],  5.00th=[   881], 10.00th=[  1074], 20.00th=[ 85459],
     | 30.00th=[ 98042], 40.00th=[108528], 50.00th=[119014], 60.00th=[130548],
     | 70.00th=[141558], 80.00th=[154141], 90.00th=[173016], 95.00th=[193987],
     | 99.00th=[291505], 99.50th=[320865], 99.90th=[383779], 99.95th=[392168],
     | 99.99th=[446694]
   bw (  KiB/s): min=12288, max=272256, per=99.78%, avg=35262.54, stdev=32165.11, samples=59
   iops        : min=  192, max= 4254, avg=550.95, stdev=502.59, samples=59
  lat (usec)   : 500=0.17%, 750=1.28%, 1000=7.19%
  lat (msec)   : 2=3.08%, 50=0.16%, 100=19.36%, 250=66.77%, 500=2.00%
  cpu          : usr=0.32%, sys=1.02%, ctx=7742, majf=0, minf=28
  IO depths    : 1=0.1%, 2=0.1%, 4=0.1%, 8=0.1%, 16=0.1%, 32=0.2%, >=64=99.6%
     submit    : 0=0.0%, 4=100.0%, 8=0.0%, 16=0.0%, 32=0.0%, 64=0.0%, >=64=0.0%
     complete  : 0=0.0%, 4=100.0%, 8=0.0%, 16=0.0%, 32=0.0%, 64=0.1%, >=64=0.0%
     issued rwt: total=0,16384,0, short=0,0,0, dropped=0,0,0
     latency   : target=0, window=0, percentile=100.00%, depth=64

Run status group 0 (all jobs):
  WRITE: bw=34.5MiB/s (36.2MB/s), 34.5MiB/s-34.5MiB/s (36.2MB/s-36.2MB/s), io=1024MiB (1074MB), run=29669-29669msec

Disk stats (read/write):
  sdi: ios=27/16357, merge=0/0, ticks=40/1893185, in_queue=1895126, util=99.85%
