test: (g=0): rw=randread, bs=(R) 8192B-8192B, (W) 8192B-8192B, (T) 8192B-8192B, ioengine=libaio, iodepth=64
fio-3.1
Starting 1 process

test: (groupid=0, jobs=1): err= 0: pid=31607: Tue Jul 24 16:14:40 2018
   read: IOPS=520, BW=4167KiB/s (4267kB/s)(1024MiB/251650msec)
    slat (nsec): min=4159, max=81614, avg=17773.29, stdev=8273.42
    clat (msec): min=5, max=1194, avg=122.85, stdev=77.38
     lat (msec): min=5, max=1194, avg=122.87, stdev=77.38
    clat percentiles (msec):
     |  1.00th=[   34],  5.00th=[   57], 10.00th=[   65], 20.00th=[   72],
     | 30.00th=[   79], 40.00th=[   87], 50.00th=[   97], 60.00th=[  111],
     | 70.00th=[  131], 80.00th=[  161], 90.00th=[  218], 95.00th=[  279],
     | 99.00th=[  426], 99.50th=[  485], 99.90th=[  625], 99.95th=[  684],
     | 99.99th=[  869]
   bw (  KiB/s): min= 1584, max=11200, per=99.98%, avg=4165.05, stdev=728.97, samples=503
   iops        : min=  198, max= 1400, avg=520.62, stdev=91.12, samples=503
  lat (msec)   : 10=0.01%, 20=0.10%, 50=3.43%, 100=49.28%, 250=40.33%
  lat (msec)   : 500=6.44%, 750=0.39%, 1000=0.03%, 2000=0.01%
  cpu          : usr=0.50%, sys=1.46%, ctx=130216, majf=0, minf=159
  IO depths    : 1=0.1%, 2=0.1%, 4=0.1%, 8=0.1%, 16=0.1%, 32=0.1%, >=64=100.0%
     submit    : 0=0.0%, 4=100.0%, 8=0.0%, 16=0.0%, 32=0.0%, 64=0.0%, >=64=0.0%
     complete  : 0=0.0%, 4=100.0%, 8=0.0%, 16=0.0%, 32=0.0%, 64=0.1%, >=64=0.0%
     issued rwt: total=131072,0,0, short=0,0,0, dropped=0,0,0
     latency   : target=0, window=0, percentile=100.00%, depth=64

Run status group 0 (all jobs):
   READ: bw=4167KiB/s (4267kB/s), 4167KiB/s-4167KiB/s (4267kB/s-4267kB/s), io=1024MiB (1074MB), run=251650-251650msec

Disk stats (read/write):
  sde: ios=131070/6, merge=0/0, ticks=16098324/396, in_queue=16098820, util=100.00%
