test: (g=0): rw=randread, bs=(R) 8192B-8192B, (W) 8192B-8192B, (T) 8192B-8192B, ioengine=libaio, iodepth=64
fio-3.1
Starting 1 process

test: (groupid=0, jobs=1): err= 0: pid=31055: Fri Jul 13 14:03:57 2018
   read: IOPS=513, BW=4111KiB/s (4209kB/s)(1024MiB/255076msec)
    slat (nsec): min=1503, max=55445, avg=14699.09, stdev=5357.48
    clat (usec): min=1636, max=1110.3k, avg=124527.38, stdev=92394.64
     lat (usec): min=1658, max=1110.3k, avg=124542.59, stdev=92394.80
    clat percentiles (msec):
     |  1.00th=[   14],  5.00th=[   27], 10.00th=[   37], 20.00th=[   56],
     | 30.00th=[   72], 40.00th=[   87], 50.00th=[  103], 60.00th=[  121],
     | 70.00th=[  142], 80.00th=[  176], 90.00th=[  239], 95.00th=[  309],
     | 99.00th=[  464], 99.50th=[  531], 99.90th=[  693], 99.95th=[  768],
     | 99.99th=[  911]
   bw (  KiB/s): min= 1232, max=11904, per=99.99%, avg=4109.69, stdev=783.30, samples=510
   iops        : min=  154, max= 1488, avg=513.71, stdev=97.91, samples=510
  lat (msec)   : 2=0.01%, 4=0.05%, 10=0.44%, 20=2.23%, 50=14.31%
  lat (msec)   : 100=31.38%, 250=42.68%, 500=8.21%, 750=0.64%, 1000=0.05%
  lat (msec)   : 2000=0.01%
  cpu          : usr=0.71%, sys=1.61%, ctx=128447, majf=0, minf=159
  IO depths    : 1=0.1%, 2=0.1%, 4=0.1%, 8=0.1%, 16=0.1%, 32=0.1%, >=64=100.0%
     submit    : 0=0.0%, 4=100.0%, 8=0.0%, 16=0.0%, 32=0.0%, 64=0.0%, >=64=0.0%
     complete  : 0=0.0%, 4=100.0%, 8=0.0%, 16=0.0%, 32=0.0%, 64=0.1%, >=64=0.0%
     issued rwt: total=131072,0,0, short=0,0,0, dropped=0,0,0
     latency   : target=0, window=0, percentile=100.00%, depth=64

Run status group 0 (all jobs):
   READ: bw=4111KiB/s (4209kB/s), 4111KiB/s-4111KiB/s (4209kB/s-4209kB/s), io=1024MiB (1074MB), run=255076-255076msec

Disk stats (read/write):
  sde: ios=128886/0, merge=1965/0, ticks=16162394/0, in_queue=16163891, util=100.00%
