test: (g=0): rw=randread, bs=(R) 8192B-8192B, (W) 8192B-8192B, (T) 8192B-8192B, ioengine=libaio, iodepth=64
fio-3.1
Starting 1 process

test: (groupid=0, jobs=1): err= 0: pid=26422: Fri Aug 17 19:21:09 2018
   read: IOPS=782, BW=6260KiB/s (6410kB/s)(1024MiB/167516msec)
    slat (nsec): min=2973, max=83277, avg=11441.84, stdev=7051.01
    clat (usec): min=15, max=2665.3k, avg=81779.87, stdev=129828.31
     lat (usec): min=31, max=2665.4k, avg=81791.54, stdev=129828.53
    clat percentiles (usec):
     |  1.00th=[     31],  5.00th=[     33], 10.00th=[     34],
     | 20.00th=[     36], 30.00th=[     42], 40.00th=[    106],
     | 50.00th=[  69731], 60.00th=[  81265], 70.00th=[  98042],
     | 80.00th=[ 125305], 90.00th=[ 181404], 95.00th=[ 244319],
     | 99.00th=[ 501220], 99.50th=[ 876610], 99.90th=[1686111],
     | 99.95th=[1753220], 99.99th=[1820328]
   bw (  KiB/s): min=  336, max=91856, per=99.97%, avg=6257.26, stdev=5530.25, samples=335
   iops        : min=   42, max=11482, avg=782.15, stdev=691.28, samples=335
  lat (usec)   : 20=0.02%, 50=35.92%, 100=3.97%, 250=0.35%, 500=0.01%
  lat (usec)   : 750=0.01%
  lat (msec)   : 20=0.01%, 50=0.78%, 100=29.99%, 250=24.17%, 500=3.76%
  lat (msec)   : 750=0.36%, 1000=0.24%, 2000=0.40%, >=2000=0.01%
  cpu          : usr=0.45%, sys=1.43%, ctx=128263, majf=0, minf=159
  IO depths    : 1=0.1%, 2=0.1%, 4=0.1%, 8=0.1%, 16=0.1%, 32=0.1%, >=64=100.0%
     submit    : 0=0.0%, 4=100.0%, 8=0.0%, 16=0.0%, 32=0.0%, 64=0.0%, >=64=0.0%
     complete  : 0=0.0%, 4=100.0%, 8=0.0%, 16=0.0%, 32=0.0%, 64=0.1%, >=64=0.0%
     issued rwt: total=131072,0,0, short=0,0,0, dropped=0,0,0
     latency   : target=0, window=0, percentile=100.00%, depth=64

Run status group 0 (all jobs):
   READ: bw=6260KiB/s (6410kB/s), 6260KiB/s-6260KiB/s (6410kB/s-6410kB/s), io=1024MiB (1074MB), run=167516-167516msec

Disk stats (read/write):
  sdj: ios=128636/0, merge=0/0, ticks=10720312/0, in_queue=10722009, util=100.00%
