test: (g=0): rw=randread, bs=(R) 64.0KiB-64.0KiB, (W) 64.0KiB-64.0KiB, (T) 64.0KiB-64.0KiB, ioengine=libaio, iodepth=64
fio-3.1
Starting 1 process

test: (groupid=0, jobs=1): err= 0: pid=2347: Fri Jul 13 16:08:00 2018
   read: IOPS=464, BW=29.0MiB/s (30.4MB/s)(1024MiB/35293msec)
    slat (usec): min=3, max=238, avg=21.83, stdev= 7.82
    clat (msec): min=5, max=1131, avg=137.83, stdev=104.34
     lat (msec): min=5, max=1132, avg=137.85, stdev=104.34
    clat percentiles (msec):
     |  1.00th=[   16],  5.00th=[   30], 10.00th=[   42], 20.00th=[   62],
     | 30.00th=[   79], 40.00th=[   95], 50.00th=[  112], 60.00th=[  131],
     | 70.00th=[  155], 80.00th=[  192], 90.00th=[  271], 95.00th=[  347],
     | 99.00th=[  527], 99.50th=[  592], 99.90th=[  776], 99.95th=[  827],
     | 99.99th=[ 1070]
   bw (  KiB/s): min=15744, max=46208, per=99.27%, avg=29493.03, stdev=4048.27, samples=70
   iops        : min=  246, max=  722, avg=460.83, stdev=63.25, samples=70
  lat (msec)   : 10=0.15%, 20=1.82%, 50=12.12%, 100=29.00%, 250=45.18%
  lat (msec)   : 500=10.44%, 750=1.17%, 1000=0.10%, 2000=0.02%
  cpu          : usr=0.64%, sys=1.82%, ctx=15692, majf=0, minf=544
  IO depths    : 1=0.1%, 2=0.1%, 4=0.1%, 8=0.1%, 16=0.1%, 32=0.2%, >=64=99.6%
     submit    : 0=0.0%, 4=100.0%, 8=0.0%, 16=0.0%, 32=0.0%, 64=0.0%, >=64=0.0%
     complete  : 0=0.0%, 4=100.0%, 8=0.0%, 16=0.0%, 32=0.0%, 64=0.1%, >=64=0.0%
     issued rwt: total=16384,0,0, short=0,0,0, dropped=0,0,0
     latency   : target=0, window=0, percentile=100.00%, depth=64

Run status group 0 (all jobs):
   READ: bw=29.0MiB/s (30.4MB/s), 29.0MiB/s-29.0MiB/s (30.4MB/s-30.4MB/s), io=1024MiB (1074MB), run=35293-35293msec

Disk stats (read/write):
  sdi: ios=15637/0, merge=658/0, ticks=2175233/0, in_queue=2178483, util=100.00%
