test: (g=0): rw=randwrite, bs=(R) 8192B-8192B, (W) 8192B-8192B, (T) 8192B-8192B, ioengine=libaio, iodepth=64
fio-3.1
Starting 1 process

test: (groupid=0, jobs=1): err= 0: pid=39733: Fri Jul 13 13:28:32 2018
  write: IOPS=395, BW=3168KiB/s (3244kB/s)(1024MiB/330990msec)
    slat (nsec): min=2005, max=63013, avg=19341.25, stdev=8136.13
    clat (usec): min=226, max=1099.7k, avg=161583.34, stdev=115786.16
     lat (usec): min=249, max=1099.7k, avg=161603.08, stdev=115787.97
    clat percentiles (msec):
     |  1.00th=[   12],  5.00th=[   18], 10.00th=[   26], 20.00th=[   70],
     | 30.00th=[  101], 40.00th=[  123], 50.00th=[  144], 60.00th=[  167],
     | 70.00th=[  192], 80.00th=[  226], 90.00th=[  313], 95.00th=[  401],
     | 99.00th=[  550], 99.50th=[  600], 99.90th=[  735], 99.95th=[  802],
     | 99.99th=[  927]
   bw (  KiB/s): min=   48, max=12288, per=99.42%, avg=3148.53, stdev=940.56, samples=661
   iops        : min=    6, max= 1536, avg=393.55, stdev=117.57, samples=661
  lat (usec)   : 250=0.01%, 500=0.01%, 1000=0.01%
  lat (msec)   : 2=0.01%, 4=0.06%, 10=0.66%, 20=5.78%, 50=10.44%
  lat (msec)   : 100=12.83%, 250=54.40%, 500=14.05%, 750=1.69%, 1000=0.08%
  lat (msec)   : 2000=0.01%
  cpu          : usr=0.52%, sys=1.35%, ctx=128993, majf=0, minf=27
  IO depths    : 1=0.1%, 2=0.1%, 4=0.1%, 8=0.1%, 16=0.1%, 32=0.1%, >=64=100.0%
     submit    : 0=0.0%, 4=100.0%, 8=0.0%, 16=0.0%, 32=0.0%, 64=0.0%, >=64=0.0%
     complete  : 0=0.0%, 4=100.0%, 8=0.0%, 16=0.0%, 32=0.0%, 64=0.1%, >=64=0.0%
     issued rwt: total=0,131072,0, short=0,0,0, dropped=0,0,0
     latency   : target=0, window=0, percentile=100.00%, depth=64

Run status group 0 (all jobs):
  WRITE: bw=3168KiB/s (3244kB/s), 3168KiB/s-3168KiB/s (3244kB/s-3244kB/s), io=1024MiB (1074MB), run=330990-330990msec

Disk stats (read/write):
  sdd: ios=40/128907, merge=0/2002, ticks=23925/20980061, in_queue=21009374, util=100.00%
