test: (g=0): rw=read, bs=(R) 64.0KiB-64.0KiB, (W) 64.0KiB-64.0KiB, (T) 64.0KiB-64.0KiB, ioengine=libaio, iodepth=64
fio-3.1
Starting 1 process

test: (groupid=0, jobs=1): err= 0: pid=39413: Fri Jul 13 13:03:06 2018
   read: IOPS=3265, BW=204MiB/s (214MB/s)(1024MiB/5017msec)
    slat (usec): min=3, max=110, avg=12.70, stdev= 6.53
    clat (usec): min=1762, max=36738, avg=19576.05, stdev=1119.08
     lat (usec): min=1792, max=36753, avg=19588.93, stdev=1119.26
    clat percentiles (usec):
     |  1.00th=[19006],  5.00th=[19006], 10.00th=[19006], 20.00th=[19006],
     | 30.00th=[19006], 40.00th=[19006], 50.00th=[19006], 60.00th=[19530],
     | 70.00th=[20055], 80.00th=[20055], 90.00th=[20579], 95.00th=[20579],
     | 99.00th=[23200], 99.50th=[23725], 99.90th=[33162], 99.95th=[35390],
     | 99.99th=[36963]
   bw (  KiB/s): min=201344, max=214016, per=99.97%, avg=208951.50, stdev=5727.26, samples=10
   iops        : min= 3146, max= 3344, avg=3264.80, stdev=89.42, samples=10
  lat (msec)   : 2=0.01%, 4=0.05%, 10=0.11%, 20=64.15%, 50=35.68%
  cpu          : usr=1.16%, sys=6.62%, ctx=8710, majf=0, minf=544
  IO depths    : 1=0.1%, 2=0.1%, 4=0.1%, 8=0.1%, 16=0.1%, 32=0.2%, >=64=99.6%
     submit    : 0=0.0%, 4=100.0%, 8=0.0%, 16=0.0%, 32=0.0%, 64=0.0%, >=64=0.0%
     complete  : 0=0.0%, 4=100.0%, 8=0.0%, 16=0.0%, 32=0.0%, 64=0.1%, >=64=0.0%
     issued rwt: total=16384,0,0, short=0,0,0, dropped=0,0,0
     latency   : target=0, window=0, percentile=100.00%, depth=64

Run status group 0 (all jobs):
   READ: bw=204MiB/s (214MB/s), 204MiB/s-204MiB/s (214MB/s-214MB/s), io=1024MiB (1074MB), run=5017-5017msec

Disk stats (read/write):
  sdd: ios=8502/0, merge=7509/0, ticks=165848/0, in_queue=166130, util=98.12%
