test: (g=0): rw=randread, bs=(R) 64.0KiB-64.0KiB, (W) 64.0KiB-64.0KiB, (T) 64.0KiB-64.0KiB, ioengine=libaio, iodepth=64
fio-3.1
Starting 1 process

test: (groupid=0, jobs=1): err= 0: pid=16192: Mon Jul 23 19:23:57 2018
   read: IOPS=471, BW=29.5MiB/s (30.9MB/s)(1024MiB/34768msec)
    slat (usec): min=7, max=171, avg=28.17, stdev= 9.08
    clat (msec): min=9, max=917, avg=135.77, stdev=85.19
     lat (msec): min=9, max=917, avg=135.80, stdev=85.19
    clat percentiles (msec):
     |  1.00th=[   53],  5.00th=[   68], 10.00th=[   73], 20.00th=[   81],
     | 30.00th=[   87], 40.00th=[   96], 50.00th=[  107], 60.00th=[  122],
     | 70.00th=[  142], 80.00th=[  176], 90.00th=[  236], 95.00th=[  309],
     | 99.00th=[  485], 99.50th=[  567], 99.90th=[  693], 99.95th=[  785],
     | 99.99th=[  902]
   bw (  KiB/s): min=24960, max=43776, per=99.45%, avg=29992.81, stdev=2987.91, samples=69
   iops        : min=  390, max=  684, avg=468.64, stdev=46.69, samples=69
  lat (msec)   : 10=0.01%, 20=0.03%, 50=0.71%, 100=43.85%, 250=46.71%
  lat (msec)   : 500=7.87%, 750=0.76%, 1000=0.05%
  cpu          : usr=0.59%, sys=1.93%, ctx=16379, majf=0, minf=544
  IO depths    : 1=0.1%, 2=0.1%, 4=0.1%, 8=0.1%, 16=0.1%, 32=0.2%, >=64=99.6%
     submit    : 0=0.0%, 4=100.0%, 8=0.0%, 16=0.0%, 32=0.0%, 64=0.0%, >=64=0.0%
     complete  : 0=0.0%, 4=100.0%, 8=0.0%, 16=0.0%, 32=0.0%, 64=0.1%, >=64=0.0%
     issued rwt: total=16384,0,0, short=0,0,0, dropped=0,0,0
     latency   : target=0, window=0, percentile=100.00%, depth=64

Run status group 0 (all jobs):
   READ: bw=29.5MiB/s (30.9MB/s), 29.5MiB/s-29.5MiB/s (30.9MB/s-30.9MB/s), io=1024MiB (1074MB), run=34768-34768msec

Disk stats (read/write):
  sdg: ios=16289/0, merge=0/0, ticks=2213759/0, in_queue=2216429, util=99.78%
