test: (g=0): rw=randread, bs=(R) 8192B-8192B, (W) 8192B-8192B, (T) 8192B-8192B, ioengine=libaio, iodepth=64
fio-3.1
Starting 1 process

test: (groupid=0, jobs=1): err= 0: pid=16099: Mon Jul 23 19:22:28 2018
   read: IOPS=529, BW=4237KiB/s (4338kB/s)(1024MiB/247492msec)
    slat (usec): min=3, max=188, avg=19.67, stdev= 7.87
    clat (msec): min=8, max=1070, avg=120.82, stdev=75.88
     lat (msec): min=9, max=1070, avg=120.84, stdev=75.88
    clat percentiles (msec):
     |  1.00th=[   33],  5.00th=[   56], 10.00th=[   64], 20.00th=[   71],
     | 30.00th=[   78], 40.00th=[   86], 50.00th=[   95], 60.00th=[  109],
     | 70.00th=[  129], 80.00th=[  159], 90.00th=[  213], 95.00th=[  271],
     | 99.00th=[  414], 99.50th=[  477], 99.90th=[  634], 99.95th=[  684],
     | 99.99th=[  818]
   bw (  KiB/s): min= 2704, max=10336, per=99.71%, avg=4223.88, stdev=681.30, samples=494
   iops        : min=  338, max= 1292, avg=527.98, stdev=85.16, samples=494
  lat (msec)   : 10=0.01%, 20=0.12%, 50=3.70%, 100=49.99%, 250=39.72%
  lat (msec)   : 500=6.06%, 750=0.38%, 1000=0.02%, 2000=0.01%
  cpu          : usr=0.55%, sys=1.70%, ctx=130250, majf=0, minf=457
  IO depths    : 1=0.1%, 2=0.1%, 4=0.1%, 8=0.1%, 16=0.1%, 32=0.1%, >=64=100.0%
     submit    : 0=0.0%, 4=100.0%, 8=0.0%, 16=0.0%, 32=0.0%, 64=0.0%, >=64=0.0%
     complete  : 0=0.0%, 4=100.0%, 8=0.0%, 16=0.0%, 32=0.0%, 64=0.1%, >=64=0.0%
     issued rwt: total=131072,0,0, short=0,0,0, dropped=0,0,0
     latency   : target=0, window=0, percentile=100.00%, depth=64

Run status group 0 (all jobs):
   READ: bw=4237KiB/s (4338kB/s), 4237KiB/s-4237KiB/s (4338kB/s-4338kB/s), io=1024MiB (1074MB), run=247492-247492msec

Disk stats (read/write):
  sdg: ios=130926/0, merge=0/0, ticks=15836512/0, in_queue=15837746, util=100.00%
