test: (g=0): rw=write, bs=(R) 64.0KiB-64.0KiB, (W) 64.0KiB-64.0KiB, (T) 64.0KiB-64.0KiB, ioengine=libaio, iodepth=64
fio-3.1
Starting 1 process

test: (groupid=0, jobs=1): err= 0: pid=15573: Mon Jul 23 18:54:58 2018
  write: IOPS=3127, BW=195MiB/s (205MB/s)(1024MiB/5239msec)
    slat (usec): min=5, max=8086, avg=18.67, stdev=63.62
    clat (usec): min=8670, max=87782, avg=20417.23, stdev=5468.17
     lat (usec): min=8682, max=87803, avg=20436.04, stdev=5470.18
    clat percentiles (usec):
     |  1.00th=[18744],  5.00th=[18744], 10.00th=[18744], 20.00th=[18744],
     | 30.00th=[19006], 40.00th=[19006], 50.00th=[19006], 60.00th=[20055],
     | 70.00th=[20317], 80.00th=[20317], 90.00th=[20841], 95.00th=[21103],
     | 99.00th=[52167], 99.50th=[55313], 99.90th=[87557], 99.95th=[87557],
     | 99.99th=[87557]
   bw (  KiB/s): min=169088, max=216832, per=99.63%, avg=199411.20, stdev=14910.09, samples=10
   iops        : min= 2642, max= 3388, avg=3115.80, stdev=232.97, samples=10
  lat (msec)   : 10=0.10%, 20=59.86%, 50=38.80%, 100=1.24%
  cpu          : usr=1.41%, sys=7.33%, ctx=16267, majf=0, minf=28
  IO depths    : 1=0.1%, 2=0.1%, 4=0.1%, 8=0.1%, 16=0.1%, 32=0.2%, >=64=99.6%
     submit    : 0=0.0%, 4=100.0%, 8=0.0%, 16=0.0%, 32=0.0%, 64=0.0%, >=64=0.0%
     complete  : 0=0.0%, 4=100.0%, 8=0.0%, 16=0.0%, 32=0.0%, 64=0.1%, >=64=0.0%
     issued rwt: total=0,16384,0, short=0,0,0, dropped=0,0,0
     latency   : target=0, window=0, percentile=100.00%, depth=64

Run status group 0 (all jobs):
  WRITE: bw=195MiB/s (205MB/s), 195MiB/s-195MiB/s (205MB/s-205MB/s), io=1024MiB (1074MB), run=5239-5239msec

Disk stats (read/write):
  sdg: ios=43/16062, merge=0/0, ticks=3464/327621, in_queue=331704, util=99.94%
