test: (g=0): rw=read, bs=(R) 512KiB-512KiB, (W) 512KiB-512KiB, (T) 512KiB-512KiB, ioengine=libaio, iodepth=64
fio-3.1
Starting 1 process

test: (groupid=0, jobs=1): err= 0: pid=15714: Mon Jul 23 18:55:15 2018
   read: IOPS=406, BW=203MiB/s (213MB/s)(1024MiB/5040msec)
    slat (usec): min=23, max=536, avg=92.77, stdev=49.63
    clat (msec): min=9, max=297, avg=157.14, stdev=21.99
     lat (msec): min=9, max=297, avg=157.24, stdev=21.98
    clat percentiles (msec):
     |  1.00th=[   52],  5.00th=[  150], 10.00th=[  150], 20.00th=[  153],
     | 30.00th=[  153], 40.00th=[  155], 50.00th=[  155], 60.00th=[  165],
     | 70.00th=[  165], 80.00th=[  165], 90.00th=[  165], 95.00th=[  165],
     | 99.00th=[  251], 99.50th=[  275], 99.90th=[  292], 99.95th=[  296],
     | 99.99th=[  296]
   bw (  KiB/s): min=169984, max=217088, per=97.70%, avg=203264.00, stdev=13587.04, samples=10
   iops        : min=  332, max=  424, avg=397.00, stdev=26.54, samples=10
  lat (msec)   : 10=0.10%, 20=0.24%, 50=0.63%, 100=1.07%, 250=96.97%
  lat (msec)   : 500=0.98%
  cpu          : usr=0.42%, sys=4.13%, ctx=2045, majf=0, minf=559
  IO depths    : 1=0.1%, 2=0.1%, 4=0.2%, 8=0.4%, 16=0.8%, 32=1.6%, >=64=96.9%
     submit    : 0=0.0%, 4=100.0%, 8=0.0%, 16=0.0%, 32=0.0%, 64=0.0%, >=64=0.0%
     complete  : 0=0.0%, 4=99.9%, 8=0.0%, 16=0.0%, 32=0.0%, 64=0.1%, >=64=0.0%
     issued rwt: total=2048,0,0, short=0,0,0, dropped=0,0,0
     latency   : target=0, window=0, percentile=100.00%, depth=64

Run status group 0 (all jobs):
   READ: bw=203MiB/s (213MB/s), 203MiB/s-203MiB/s (213MB/s-213MB/s), io=1024MiB (1074MB), run=5040-5040msec

Disk stats (read/write):
  sdg: ios=3974/0, merge=0/0, ticks=613598/0, in_queue=623238, util=98.08%
