test: (g=0): rw=write, bs=(R) 64.0KiB-64.0KiB, (W) 64.0KiB-64.0KiB, (T) 64.0KiB-64.0KiB, ioengine=libaio, iodepth=64
fio-3.1
Starting 1 process

test: (groupid=0, jobs=1): err= 0: pid=13950: Mon Jul 23 19:30:20 2018
  write: IOPS=3330, BW=208MiB/s (218MB/s)(1024MiB/4920msec)
    slat (nsec): min=6804, max=61593, avg=21496.73, stdev=7891.64
    clat (usec): min=758, max=37045, avg=19190.86, stdev=1496.28
     lat (usec): min=790, max=37056, avg=19212.53, stdev=1496.42
    clat percentiles (usec):
     |  1.00th=[16909],  5.00th=[18744], 10.00th=[18744], 20.00th=[18744],
     | 30.00th=[18744], 40.00th=[18744], 50.00th=[18744], 60.00th=[19268],
     | 70.00th=[19268], 80.00th=[19530], 90.00th=[19792], 95.00th=[20055],
     | 99.00th=[27132], 99.50th=[27132], 99.90th=[32113], 99.95th=[34866],
     | 99.99th=[36963]
   bw (  KiB/s): min=209664, max=216960, per=99.85%, avg=212807.11, stdev=2386.19, samples=9
   iops        : min= 3276, max= 3390, avg=3325.11, stdev=37.28, samples=9
  lat (usec)   : 1000=0.01%
  lat (msec)   : 2=0.01%, 4=0.03%, 10=0.23%, 20=95.29%, 50=4.43%
  cpu          : usr=1.81%, sys=9.21%, ctx=16056, majf=0, minf=29
  IO depths    : 1=0.1%, 2=0.1%, 4=0.1%, 8=0.1%, 16=0.1%, 32=0.2%, >=64=99.6%
     submit    : 0=0.0%, 4=100.0%, 8=0.0%, 16=0.0%, 32=0.0%, 64=0.0%, >=64=0.0%
     complete  : 0=0.0%, 4=100.0%, 8=0.0%, 16=0.0%, 32=0.0%, 64=0.1%, >=64=0.0%
     issued rwt: total=0,16384,0, short=0,0,0, dropped=0,0,0
     latency   : target=0, window=0, percentile=100.00%, depth=64

Run status group 0 (all jobs):
  WRITE: bw=208MiB/s (218MB/s), 208MiB/s-208MiB/s (218MB/s-218MB/s), io=1024MiB (1074MB), run=4920-4920msec

Disk stats (read/write):
  sdh: ios=60/16293, merge=0/0, ticks=4186/312040, in_queue=317607, util=99.90%
