test: (g=0): rw=randwrite, bs=(R) 8192B-8192B, (W) 8192B-8192B, (T) 8192B-8192B, ioengine=libaio, iodepth=64
fio-3.1
Starting 1 process

test: (groupid=0, jobs=1): err= 0: pid=30328: Tue Jul 24 14:44:54 2018
  write: IOPS=20.6k, BW=161MiB/s (168MB/s)(1024MiB/6377msec)
    slat (nsec): min=4090, max=55079, avg=7358.59, stdev=2644.70
    clat (usec): min=460, max=53979, avg=3104.92, stdev=2640.07
     lat (usec): min=474, max=53985, avg=3112.38, stdev=2640.38
    clat percentiles (usec):
     |  1.00th=[ 1582],  5.00th=[ 1729], 10.00th=[ 1811], 20.00th=[ 1909],
     | 30.00th=[ 2024], 40.00th=[ 2278], 50.00th=[ 2606], 60.00th=[ 2900],
     | 70.00th=[ 3097], 80.00th=[ 3294], 90.00th=[ 4293], 95.00th=[ 6325],
     | 99.00th=[14353], 99.50th=[20055], 99.90th=[34341], 99.95th=[40109],
     | 99.99th=[47973]
   bw (  KiB/s): min=60784, max=205568, per=100.00%, avg=172945.33, stdev=48894.04, samples=12
   iops        : min= 7598, max=25696, avg=21618.17, stdev=6111.76, samples=12
  lat (usec)   : 500=0.01%, 750=0.01%, 1000=0.01%
  lat (msec)   : 2=28.12%, 4=60.64%, 10=9.22%, 20=1.50%, 50=0.48%
  lat (msec)   : 100=0.01%
  cpu          : usr=4.53%, sys=19.98%, ctx=117346, majf=0, minf=28
  IO depths    : 1=0.1%, 2=0.1%, 4=0.1%, 8=0.1%, 16=0.1%, 32=0.1%, >=64=100.0%
     submit    : 0=0.0%, 4=100.0%, 8=0.0%, 16=0.0%, 32=0.0%, 64=0.0%, >=64=0.0%
     complete  : 0=0.0%, 4=100.0%, 8=0.0%, 16=0.0%, 32=0.0%, 64=0.1%, >=64=0.0%
     issued rwt: total=0,131072,0, short=0,0,0, dropped=0,0,0
     latency   : target=0, window=0, percentile=100.00%, depth=64

Run status group 0 (all jobs):
  WRITE: bw=161MiB/s (168MB/s), 161MiB/s-161MiB/s (168MB/s-168MB/s), io=1024MiB (1074MB), run=6377-6377msec

Disk stats (read/write):
  sdb: ios=0/130407, merge=0/0, ticks=0/391841, in_queue=392079, util=98.45%
