test: (g=0): rw=write, bs=(R) 64.0KiB-64.0KiB, (W) 64.0KiB-64.0KiB, (T) 64.0KiB-64.0KiB, ioengine=libaio, iodepth=64
fio-3.1
Starting 1 process

test: (groupid=0, jobs=1): err= 0: pid=28362: Fri Jul 13 16:10:12 2018
  write: IOPS=3215, BW=201MiB/s (211MB/s)(1024MiB/5096msec)
    slat (nsec): min=3844, max=67188, avg=16686.86, stdev=8357.30
    clat (usec): min=10348, max=69896, avg=19767.13, stdev=3188.72
     lat (usec): min=10400, max=69910, avg=19783.97, stdev=3188.81
    clat percentiles (usec):
     |  1.00th=[18220],  5.00th=[18220], 10.00th=[18220], 20.00th=[18220],
     | 30.00th=[18482], 40.00th=[19530], 50.00th=[19530], 60.00th=[19792],
     | 70.00th=[19792], 80.00th=[19792], 90.00th=[20317], 95.00th=[20317],
     | 99.00th=[39060], 99.50th=[43779], 99.90th=[53216], 99.95th=[54264],
     | 99.99th=[60031]
   bw (  KiB/s): min=180480, max=222976, per=100.00%, avg=205772.80, stdev=10580.85, samples=10
   iops        : min= 2820, max= 3484, avg=3215.20, stdev=165.33, samples=10
  lat (msec)   : 20=81.75%, 50=18.02%, 100=0.23%
  cpu          : usr=1.94%, sys=7.56%, ctx=8458, majf=0, minf=28
  IO depths    : 1=0.1%, 2=0.1%, 4=0.1%, 8=0.1%, 16=0.1%, 32=0.2%, >=64=99.6%
     submit    : 0=0.0%, 4=100.0%, 8=0.0%, 16=0.0%, 32=0.0%, 64=0.0%, >=64=0.0%
     complete  : 0=0.0%, 4=100.0%, 8=0.0%, 16=0.0%, 32=0.0%, 64=0.1%, >=64=0.0%
     issued rwt: total=0,16384,0, short=0,0,0, dropped=0,0,0
     latency   : target=0, window=0, percentile=100.00%, depth=64

Run status group 0 (all jobs):
  WRITE: bw=201MiB/s (211MB/s), 201MiB/s-201MiB/s (211MB/s-211MB/s), io=1024MiB (1074MB), run=5096-5096msec

Disk stats (read/write):
  sdj: ios=6/8118, merge=0/7626, ticks=4211/159871, in_queue=164909, util=97.53%
