test: (g=0): rw=randwrite, bs=(R) 8192B-8192B, (W) 8192B-8192B, (T) 8192B-8192B, ioengine=libaio, iodepth=64
fio-3.1
Starting 1 process

test: (groupid=0, jobs=1): err= 0: pid=19577: Mon Jul 23 22:12:27 2018
  write: IOPS=438, BW=3508KiB/s (3592kB/s)(1024MiB/298931msec)
    slat (usec): min=2, max=128, avg=16.59, stdev= 7.69
    clat (usec): min=238, max=1061.6k, avg=145940.33, stdev=56703.66
     lat (usec): min=255, max=1061.6k, avg=145957.31, stdev=56703.71
    clat percentiles (msec):
     |  1.00th=[   63],  5.00th=[   78], 10.00th=[   87], 20.00th=[  101],
     | 30.00th=[  113], 40.00th=[  127], 50.00th=[  140], 60.00th=[  153],
     | 70.00th=[  167], 80.00th=[  184], 90.00th=[  207], 95.00th=[  228],
     | 99.00th=[  351], 99.50th=[  418], 99.90th=[  592], 99.95th=[  642],
     | 99.99th=[  735]
   bw (  KiB/s): min=  624, max= 4880, per=99.94%, avg=3504.93, stdev=331.25, samples=597
   iops        : min=   78, max=  610, avg=438.11, stdev=41.41, samples=597
  lat (usec)   : 250=0.01%
  lat (msec)   : 10=0.01%, 20=0.04%, 50=0.20%, 100=19.75%, 250=77.04%
  lat (msec)   : 500=2.75%, 750=0.22%, 1000=0.01%, 2000=0.01%
  cpu          : usr=0.42%, sys=1.17%, ctx=131073, majf=0, minf=329
  IO depths    : 1=0.1%, 2=0.1%, 4=0.1%, 8=0.1%, 16=0.1%, 32=0.1%, >=64=100.0%
     submit    : 0=0.0%, 4=100.0%, 8=0.0%, 16=0.0%, 32=0.0%, 64=0.0%, >=64=0.0%
     complete  : 0=0.0%, 4=100.0%, 8=0.0%, 16=0.0%, 32=0.0%, 64=0.1%, >=64=0.0%
     issued rwt: total=0,131072,0, short=0,0,0, dropped=0,0,0
     latency   : target=0, window=0, percentile=100.00%, depth=64

Run status group 0 (all jobs):
  WRITE: bw=3508KiB/s (3592kB/s), 3508KiB/s-3508KiB/s (3592kB/s-3592kB/s), io=1024MiB (1074MB), run=298931-298931msec

Disk stats (read/write):
  sdm: ios=42/131014, merge=0/0, ticks=95/19121827, in_queue=19125063, util=100.00%
