test: (g=0): rw=randwrite, bs=(R) 4096B-4096B, (W) 4096B-4096B, (T) 4096B-4096B, ioengine=libaio, iodepth=64
fio-3.1
Starting 1 process

test: (groupid=0, jobs=1): err= 0: pid=19474: Mon Jul 23 21:59:12 2018
  write: IOPS=440, BW=1762KiB/s (1804kB/s)(1024MiB/595045msec)
    slat (usec): min=2, max=195, avg=19.32, stdev= 7.27
    clat (usec): min=269, max=816597, avg=145249.33, stdev=56333.76
     lat (usec): min=290, max=816611, avg=145269.14, stdev=56333.80
    clat percentiles (msec):
     |  1.00th=[   64],  5.00th=[   78], 10.00th=[   86], 20.00th=[  101],
     | 30.00th=[  113], 40.00th=[  126], 50.00th=[  140], 60.00th=[  153],
     | 70.00th=[  167], 80.00th=[  182], 90.00th=[  205], 95.00th=[  226],
     | 99.00th=[  351], 99.50th=[  426], 99.90th=[  584], 99.95th=[  634],
     | 99.99th=[  751]
   bw (  KiB/s): min=  224, max= 2696, per=99.99%, avg=1761.86, stdev=158.67, samples=1190
   iops        : min=   56, max=  674, avg=440.46, stdev=39.67, samples=1190
  lat (usec)   : 500=0.01%, 1000=0.01%
  lat (msec)   : 2=0.01%, 4=0.01%, 10=0.01%, 20=0.04%, 50=0.12%
  lat (msec)   : 100=19.74%, 250=77.26%, 500=2.59%, 750=0.22%, 1000=0.01%
  cpu          : usr=0.53%, sys=1.38%, ctx=262147, majf=0, minf=300
  IO depths    : 1=0.1%, 2=0.1%, 4=0.1%, 8=0.1%, 16=0.1%, 32=0.1%, >=64=100.0%
     submit    : 0=0.0%, 4=100.0%, 8=0.0%, 16=0.0%, 32=0.0%, 64=0.0%, >=64=0.0%
     complete  : 0=0.0%, 4=100.0%, 8=0.0%, 16=0.0%, 32=0.0%, 64=0.1%, >=64=0.0%
     issued rwt: total=0,262144,0, short=0,0,0, dropped=0,0,0
     latency   : target=0, window=0, percentile=100.00%, depth=64

Run status group 0 (all jobs):
  WRITE: bw=1762KiB/s (1804kB/s), 1762KiB/s-1762KiB/s (1804kB/s-1804kB/s), io=1024MiB (1074MB), run=595045-595045msec

Disk stats (read/write):
  sdm: ios=40/261974, merge=0/0, ticks=10/38059300, in_queue=38062774, util=100.00%
