test: (g=0): rw=randwrite, bs=(R) 8192B-8192B, (W) 8192B-8192B, (T) 8192B-8192B, ioengine=libaio, iodepth=64
fio-3.1
Starting 1 process

test: (groupid=0, jobs=1): err= 0: pid=26374: Fri Aug 17 19:18:21 2018
  write: IOPS=620, BW=4968KiB/s (5087kB/s)(1024MiB/211072msec)
    slat (usec): min=2, max=322, avg= 6.40, stdev= 6.03
    clat (usec): min=242, max=814652, avg=103053.75, stdev=66586.98
     lat (usec): min=264, max=814661, avg=103060.25, stdev=66587.43
    clat percentiles (usec):
     |  1.00th=[   652],  5.00th=[   742], 10.00th=[ 25822], 20.00th=[ 51643],
     | 30.00th=[ 68682], 40.00th=[ 82314], 50.00th=[ 96994], 60.00th=[110625],
     | 70.00th=[126354], 80.00th=[147850], 90.00th=[181404], 95.00th=[212861],
     | 99.00th=[312476], 99.50th=[371196], 99.90th=[534774], 99.95th=[700449],
     | 99.99th=[792724]
   bw (  KiB/s): min=  800, max=130624, per=99.97%, avg=4965.46, stdev=6368.14, samples=422
   iops        : min=  100, max=16328, avg=620.67, stdev=796.02, samples=422
  lat (usec)   : 250=0.01%, 500=0.04%, 750=5.28%, 1000=0.73%
  lat (msec)   : 2=0.23%, 4=0.09%, 10=0.52%, 20=1.64%, 50=10.58%
  lat (msec)   : 100=33.05%, 250=45.26%, 500=2.45%, 750=0.11%, 1000=0.02%
  cpu          : usr=0.15%, sys=0.53%, ctx=66474, majf=0, minf=29
  IO depths    : 1=0.1%, 2=0.1%, 4=0.1%, 8=0.1%, 16=0.1%, 32=0.1%, >=64=100.0%
     submit    : 0=0.0%, 4=100.0%, 8=0.0%, 16=0.0%, 32=0.0%, 64=0.0%, >=64=0.0%
     complete  : 0=0.0%, 4=100.0%, 8=0.0%, 16=0.0%, 32=0.0%, 64=0.1%, >=64=0.0%
     issued rwt: total=0,131072,0, short=0,0,0, dropped=0,0,0
     latency   : target=0, window=0, percentile=100.00%, depth=64

Run status group 0 (all jobs):
  WRITE: bw=4968KiB/s (5087kB/s), 4968KiB/s-4968KiB/s (5087kB/s-5087kB/s), io=1024MiB (1074MB), run=211072-211072msec

Disk stats (read/write):
  sdj: ios=27/130820, merge=0/0, ticks=36/13489646, in_queue=13492596, util=100.00%
