test: (g=0): rw=randwrite, bs=(R) 8192B-8192B, (W) 8192B-8192B, (T) 8192B-8192B, ioengine=libaio, iodepth=64
fio-3.1
Starting 1 process

test: (groupid=0, jobs=1): err= 0: pid=24070: Sun Jul 15 02:31:40 2018
  write: IOPS=220, BW=1767KiB/s (1809kB/s)(1024MiB/593549msec)
    slat (nsec): min=2468, max=67513, avg=20162.24, stdev=8455.98
    clat (usec): min=288, max=2057.0k, avg=289791.79, stdev=208865.53
     lat (usec): min=316, max=2057.1k, avg=289812.39, stdev=208867.38
    clat percentiles (msec):
     |  1.00th=[   12],  5.00th=[   21], 10.00th=[   29], 20.00th=[  121],
     | 30.00th=[  182], 40.00th=[  222], 50.00th=[  262], 60.00th=[  305],
     | 70.00th=[  351], 80.00th=[  414], 90.00th=[  575], 95.00th=[  701],
     | 99.00th=[  953], 99.50th=[ 1053], 99.90th=[ 1301], 99.95th=[ 1418],
     | 99.99th=[ 1687]
   bw (  KiB/s): min=   16, max= 7296, per=100.00%, avg=1785.44, stdev=733.03, samples=1174
   iops        : min=    2, max=  912, avg=223.17, stdev=91.63, samples=1174
  lat (usec)   : 500=0.01%, 750=0.01%, 1000=0.01%
  lat (msec)   : 2=0.01%, 4=0.08%, 10=0.67%, 20=4.23%, 50=9.63%
  lat (msec)   : 100=3.53%, 250=29.09%, 500=39.09%, 750=9.82%, 1000=3.14%
  lat (msec)   : 2000=0.70%, >=2000=0.01%
  cpu          : usr=0.27%, sys=0.79%, ctx=128867, majf=0, minf=29
  IO depths    : 1=0.1%, 2=0.1%, 4=0.1%, 8=0.1%, 16=0.1%, 32=0.1%, >=64=100.0%
     submit    : 0=0.0%, 4=100.0%, 8=0.0%, 16=0.0%, 32=0.0%, 64=0.0%, >=64=0.0%
     complete  : 0=0.0%, 4=100.0%, 8=0.0%, 16=0.0%, 32=0.0%, 64=0.1%, >=64=0.0%
     issued rwt: total=0,131072,0, short=0,0,0, dropped=0,0,0
     latency   : target=0, window=0, percentile=100.00%, depth=64

Run status group 0 (all jobs):
  WRITE: bw=1767KiB/s (1809kB/s), 1767KiB/s-1767KiB/s (1809kB/s-1809kB/s), io=1024MiB (1074MB), run=593549-593549msec

Disk stats (read/write):
  sdd: ios=0/128967, merge=0/1990, ticks=0/37648819, in_queue=37655017, util=100.00%
