rbd_image0: (g=0): rw=write, bs=(R) 64.0KiB-64.0KiB, (W) 64.0KiB-64.0KiB, (T) 64.0KiB-64.0KiB, ioengine=rbd, iodepth=64
fio-3.1
Starting 1 process

rbd_image0: (groupid=0, jobs=1): err= 0: pid=123321: Fri Aug  3 16:46:29 2018
  write: IOPS=2073, BW=130MiB/s (136MB/s)(10.0GiB/79011msec)
    slat (usec): min=11, max=835, avg=22.67, stdev=11.61
    clat (msec): min=13, max=1310, avg=30.07, stdev=36.87
     lat (msec): min=13, max=1310, avg=30.09, stdev=36.87
    clat percentiles (msec):
     |  1.00th=[   20],  5.00th=[   22], 10.00th=[   22], 20.00th=[   23],
     | 30.00th=[   24], 40.00th=[   25], 50.00th=[   26], 60.00th=[   27],
     | 70.00th=[   29], 80.00th=[   34], 90.00th=[   42], 95.00th=[   44],
     | 99.00th=[   62], 99.50th=[   89], 99.90th=[  701], 99.95th=[  911],
     | 99.99th=[ 1318]
   bw (  KiB/s): min=24625, max=172032, per=100.00%, avg=135278.25, stdev=22306.49, samples=155
   iops        : min=  384, max= 2688, avg=2113.66, stdev=348.56, samples=155
  lat (msec)   : 20=1.64%, 50=96.69%, 100=1.20%, 250=0.14%, 500=0.21%
  lat (msec)   : 750=0.04%, 1000=0.04%, 2000=0.04%
  cpu          : usr=4.72%, sys=0.24%, ctx=20518, majf=0, minf=9721
  IO depths    : 1=1.6%, 2=3.1%, 4=6.2%, 8=12.5%, 16=25.0%, 32=50.0%, >=64=1.6%
     submit    : 0=0.0%, 4=100.0%, 8=0.0%, 16=0.0%, 32=0.0%, 64=0.0%, >=64=0.0%
     complete  : 0=0.0%, 4=98.5%, 8=0.0%, 16=0.0%, 32=0.0%, 64=1.5%, >=64=0.0%
     issued rwt: total=0,163840,0, short=0,0,0, dropped=0,0,0
     latency   : target=0, window=0, percentile=100.00%, depth=64

Run status group 0 (all jobs):
  WRITE: bw=130MiB/s (136MB/s), 130MiB/s-130MiB/s (136MB/s-136MB/s), io=10.0GiB (10.7GB), run=79011-79011msec

Disk stats (read/write):
    dm-0: ios=0/1346, merge=0/0, ticks=0/9025, in_queue=9025, util=1.33%, aggrios=0/1338, aggrmerge=0/10, aggrticks=0/9007, aggrin_queue=9007, aggrutil=1.32%
  sdc: ios=0/1338, merge=0/10, ticks=0/9007, in_queue=9007, util=1.32%
