rbd_image0: (g=0): rw=randwrite, bs=(R) 2048KiB-2048KiB, (W) 2048KiB-2048KiB, (T) 2048KiB-2048KiB, ioengine=rbd, iodepth=64
fio-3.1
Starting 1 process

rbd_image0: (groupid=0, jobs=1): err= 0: pid=125313: Fri Aug  3 17:45:10 2018
  write: IOPS=169, BW=339MiB/s (355MB/s)(10.0GiB/30230msec)
    slat (usec): min=458, max=6334, avg=811.73, stdev=478.33
    clat (msec): min=19, max=3506, avg=351.15, stdev=423.65
     lat (msec): min=19, max=3507, avg=351.96, stdev=423.65
    clat percentiles (msec):
     |  1.00th=[   43],  5.00th=[  142], 10.00th=[  171], 20.00th=[  205],
     | 30.00th=[  226], 40.00th=[  245], 50.00th=[  257], 60.00th=[  271],
     | 70.00th=[  284], 80.00th=[  300], 90.00th=[  443], 95.00th=[ 1099],
     | 99.00th=[ 2534], 99.50th=[ 2970], 99.90th=[ 3272], 99.95th=[ 3339],
     | 99.99th=[ 3507]
   bw (  KiB/s): min= 4129, max=567967, per=100.00%, avg=437571.77, stdev=126892.09, samples=48
   iops        : min=    2, max=  277, avg=213.15, stdev=61.89, samples=48
  lat (msec)   : 20=0.02%, 50=1.50%, 100=1.13%, 250=41.88%, 500=48.22%
  lat (msec)   : 750=1.37%, 1000=0.10%, 2000=3.16%, >=2000=2.62%
  cpu          : usr=10.68%, sys=2.88%, ctx=215, majf=0, minf=226456
  IO depths    : 1=0.1%, 2=0.3%, 4=1.4%, 8=6.1%, 16=21.1%, 32=65.7%, >=64=5.3%
     submit    : 0=0.0%, 4=100.0%, 8=0.0%, 16=0.0%, 32=0.0%, 64=0.0%, >=64=0.0%
     complete  : 0=0.0%, 4=97.1%, 8=1.0%, 16=0.3%, 32=0.1%, 64=1.6%, >=64=0.0%
     issued rwt: total=0,5120,0, short=0,0,0, dropped=0,0,0
     latency   : target=0, window=0, percentile=100.00%, depth=64

Run status group 0 (all jobs):
  WRITE: bw=339MiB/s (355MB/s), 339MiB/s-339MiB/s (355MB/s-355MB/s), io=10.0GiB (10.7GB), run=30230-30230msec

Disk stats (read/write):
    dm-0: ios=0/105, merge=0/0, ticks=0/62, in_queue=62, util=0.09%, aggrios=0/101, aggrmerge=0/4, aggrticks=0/52, aggrin_queue=52, aggrutil=0.09%
  sdc: ios=0/101, merge=0/4, ticks=0/52, in_queue=52, util=0.09%
