test: (g=0): rw=write, bs=(R) 64.0KiB-64.0KiB, (W) 64.0KiB-64.0KiB, (T) 64.0KiB-64.0KiB, ioengine=libaio, iodepth=64
fio-3.1
Starting 1 process

test: (groupid=0, jobs=1): err= 0: pid=27337: Fri Aug 17 19:45:13 2018
  write: IOPS=3113, BW=195MiB/s (204MB/s)(1024MiB/5263msec)
    slat (usec): min=4, max=33667, avg=13.60, stdev=262.99
    clat (msec): min=18, max=229, avg=20.48, stdev=12.73
     lat (msec): min=18, max=229, avg=20.49, stdev=12.76
    clat percentiles (msec):
     |  1.00th=[   20],  5.00th=[   20], 10.00th=[   20], 20.00th=[   20],
     | 30.00th=[   20], 40.00th=[   20], 50.00th=[   20], 60.00th=[   20],
     | 70.00th=[   20], 80.00th=[   20], 90.00th=[   21], 95.00th=[   21],
     | 99.00th=[   36], 99.50th=[   45], 99.90th=[  226], 99.95th=[  228],
     | 99.99th=[  230]
   bw (  KiB/s): min=107776, max=213888, per=99.81%, avg=198848.00, stdev=32152.96, samples=10
   iops        : min= 1684, max= 3342, avg=3107.00, stdev=502.39, samples=10
  lat (msec)   : 20=88.62%, 50=10.99%, 250=0.39%
  cpu          : usr=1.10%, sys=4.75%, ctx=16325, majf=0, minf=28
  IO depths    : 1=0.1%, 2=0.1%, 4=0.1%, 8=0.1%, 16=0.1%, 32=0.2%, >=64=99.6%
     submit    : 0=0.0%, 4=100.0%, 8=0.0%, 16=0.0%, 32=0.0%, 64=0.0%, >=64=0.0%
     complete  : 0=0.0%, 4=100.0%, 8=0.0%, 16=0.0%, 32=0.0%, 64=0.1%, >=64=0.0%
     issued rwt: total=0,16384,0, short=0,0,0, dropped=0,0,0
     latency   : target=0, window=0, percentile=100.00%, depth=64

Run status group 0 (all jobs):
  WRITE: bw=195MiB/s (204MB/s), 195MiB/s-195MiB/s (204MB/s-204MB/s), io=1024MiB (1074MB), run=5263-5263msec

Disk stats (read/write):
  sdl: ios=42/15962, merge=0/0, ticks=177/326468, in_queue=327235, util=99.90%
