test: (g=0): rw=randwrite, bs=(R) 8192B-8192B, (W) 8192B-8192B, (T) 8192B-8192B, ioengine=libaio, iodepth=64
fio-3.1
Starting 1 process

test: (groupid=0, jobs=1): err= 0: pid=27719: Fri Aug 17 20:02:42 2018
  write: IOPS=671, BW=5369KiB/s (5498kB/s)(1024MiB/195314msec)
    slat (usec): min=2, max=566, avg= 6.43, stdev= 6.02
    clat (usec): min=213, max=658106, avg=95360.02, stdev=64191.61
     lat (usec): min=219, max=658113, avg=95366.56, stdev=64191.86
    clat percentiles (usec):
     |  1.00th=[   660],  5.00th=[   783], 10.00th=[ 21890], 20.00th=[ 45351],
     | 30.00th=[ 61604], 40.00th=[ 74974], 50.00th=[ 87557], 60.00th=[101188],
     | 70.00th=[117965], 80.00th=[137364], 90.00th=[170918], 95.00th=[204473],
     | 99.00th=[304088], 99.50th=[350225], 99.90th=[566232], 99.95th=[624952],
     | 99.99th=[641729]
   bw (  KiB/s): min= 1058, max=127792, per=100.00%, avg=5391.18, stdev=6497.50, samples=388
   iops        : min=  132, max=15974, avg=673.89, stdev=812.19, samples=388
  lat (usec)   : 250=0.01%, 500=0.08%, 750=4.07%, 1000=1.72%
  lat (msec)   : 2=0.20%, 4=0.16%, 10=0.95%, 20=2.27%, 50=13.19%
  lat (msec)   : 100=36.24%, 250=38.78%, 500=2.21%, 750=0.14%
  cpu          : usr=0.15%, sys=0.60%, ctx=77172, majf=0, minf=29
  IO depths    : 1=0.1%, 2=0.1%, 4=0.1%, 8=0.1%, 16=0.1%, 32=0.1%, >=64=100.0%
     submit    : 0=0.0%, 4=100.0%, 8=0.0%, 16=0.0%, 32=0.0%, 64=0.0%, >=64=0.0%
     complete  : 0=0.0%, 4=100.0%, 8=0.0%, 16=0.0%, 32=0.0%, 64=0.1%, >=64=0.0%
     issued rwt: total=0,131072,0, short=0,0,0, dropped=0,0,0
     latency   : target=0, window=0, percentile=100.00%, depth=64

Run status group 0 (all jobs):
  WRITE: bw=5369KiB/s (5498kB/s), 5369KiB/s-5369KiB/s (5498kB/s-5498kB/s), io=1024MiB (1074MB), run=195314-195314msec

Disk stats (read/write):
  sdl: ios=27/130885, merge=0/0, ticks=34/12484384, in_queue=12485195, util=100.00%
