test: (g=0): rw=randread, bs=(R) 8192B-8192B, (W) 8192B-8192B, (T) 8192B-8192B, ioengine=libaio, iodepth=64
fio-3.1
Starting 1 process

test: (groupid=0, jobs=1): err= 0: pid=26436: Fri Jul 13 14:36:48 2018
   read: IOPS=518, BW=4148KiB/s (4247kB/s)(1024MiB/252807msec)
    slat (nsec): min=1395, max=206452, avg=13660.75, stdev=5761.43
    clat (usec): min=946, max=1134.8k, avg=123421.16, stdev=91722.38
     lat (usec): min=949, max=1134.9k, avg=123435.30, stdev=91722.54
    clat percentiles (msec):
     |  1.00th=[   14],  5.00th=[   26], 10.00th=[   37], 20.00th=[   55],
     | 30.00th=[   71], 40.00th=[   87], 50.00th=[  103], 60.00th=[  120],
     | 70.00th=[  140], 80.00th=[  174], 90.00th=[  236], 95.00th=[  305],
     | 99.00th=[  460], 99.50th=[  527], 99.90th=[  701], 99.95th=[  776],
     | 99.99th=[  969]
   bw (  KiB/s): min= 1264, max= 9488, per=99.74%, avg=4136.27, stdev=666.37, samples=505
   iops        : min=  158, max= 1186, avg=517.02, stdev=83.29, samples=505
  lat (usec)   : 1000=0.01%
  lat (msec)   : 2=0.01%, 4=0.04%, 10=0.44%, 20=2.29%, 50=14.38%
  lat (msec)   : 100=31.69%, 250=42.51%, 500=7.98%, 750=0.60%, 1000=0.06%
  lat (msec)   : 2000=0.01%
  cpu          : usr=0.72%, sys=1.53%, ctx=128286, majf=0, minf=457
  IO depths    : 1=0.1%, 2=0.1%, 4=0.1%, 8=0.1%, 16=0.1%, 32=0.1%, >=64=100.0%
     submit    : 0=0.0%, 4=100.0%, 8=0.0%, 16=0.0%, 32=0.0%, 64=0.0%, >=64=0.0%
     complete  : 0=0.0%, 4=100.0%, 8=0.0%, 16=0.0%, 32=0.0%, 64=0.1%, >=64=0.0%
     issued rwt: total=131072,0,0, short=0,0,0, dropped=0,0,0
     latency   : target=0, window=0, percentile=100.00%, depth=64

Run status group 0 (all jobs):
   READ: bw=4148KiB/s (4247kB/s), 4148KiB/s-4148KiB/s (4247kB/s-4247kB/s), io=1024MiB (1074MB), run=252807-252807msec

Disk stats (read/write):
  sdf: ios=128839/0, merge=1945/0, ticks=16006539/0, in_queue=16007534, util=100.00%
