test: (g=0): rw=randread, bs=(R) 64.0KiB-64.0KiB, (W) 64.0KiB-64.0KiB, (T) 64.0KiB-64.0KiB, ioengine=libaio, iodepth=64
fio-3.1
Starting 1 process

test: (groupid=0, jobs=1): err= 0: pid=26529: Fri Jul 13 14:38:03 2018
   read: IOPS=470, BW=29.4MiB/s (30.8MB/s)(1024MiB/34859msec)
    slat (usec): min=3, max=472, avg=20.81, stdev= 8.81
    clat (msec): min=5, max=1198, avg=136.13, stdev=103.10
     lat (msec): min=5, max=1198, avg=136.15, stdev=103.11
    clat percentiles (msec):
     |  1.00th=[   17],  5.00th=[   31], 10.00th=[   42], 20.00th=[   60],
     | 30.00th=[   78], 40.00th=[   94], 50.00th=[  111], 60.00th=[  130],
     | 70.00th=[  155], 80.00th=[  192], 90.00th=[  264], 95.00th=[  338],
     | 99.00th=[  518], 99.50th=[  609], 99.90th=[  810], 99.95th=[  869],
     | 99.99th=[  961]
   bw (  KiB/s): min=25856, max=44288, per=99.17%, avg=29830.54, stdev=3702.71, samples=69
   iops        : min=  404, max=  692, avg=466.10, stdev=57.85, samples=69
  lat (msec)   : 10=0.17%, 20=1.68%, 50=12.92%, 100=29.21%, 250=44.85%
  lat (msec)   : 500=9.93%, 750=1.08%, 1000=0.15%, 2000=0.01%
  cpu          : usr=0.60%, sys=1.87%, ctx=15712, majf=0, minf=544
  IO depths    : 1=0.1%, 2=0.1%, 4=0.1%, 8=0.1%, 16=0.1%, 32=0.2%, >=64=99.6%
     submit    : 0=0.0%, 4=100.0%, 8=0.0%, 16=0.0%, 32=0.0%, 64=0.0%, >=64=0.0%
     complete  : 0=0.0%, 4=100.0%, 8=0.0%, 16=0.0%, 32=0.0%, 64=0.1%, >=64=0.0%
     issued rwt: total=16384,0,0, short=0,0,0, dropped=0,0,0
     latency   : target=0, window=0, percentile=100.00%, depth=64

Run status group 0 (all jobs):
   READ: bw=29.4MiB/s (30.8MB/s), 29.4MiB/s-29.4MiB/s (30.8MB/s-30.8MB/s), io=1024MiB (1074MB), run=34859-34859msec

Disk stats (read/write):
  sdf: ios=15588/0, merge=626/0, ticks=2148813/0, in_queue=2151303, util=99.78%
