test: (g=0): rw=randread, bs=(R) 8192B-8192B, (W) 8192B-8192B, (T) 8192B-8192B, ioengine=libaio, iodepth=64
fio-3.1
Starting 1 process

test: (groupid=0, jobs=1): err= 0: pid=33914: Tue Jul 24 19:14:50 2018
   read: IOPS=527, BW=4219KiB/s (4320kB/s)(1024MiB/248527msec)
    slat (usec): min=4, max=229, avg=17.85, stdev= 8.45
    clat (msec): min=4, max=1130, avg=121.33, stdev=76.22
     lat (msec): min=4, max=1130, avg=121.35, stdev=76.22
    clat percentiles (msec):
     |  1.00th=[   35],  5.00th=[   57], 10.00th=[   65], 20.00th=[   71],
     | 30.00th=[   79], 40.00th=[   86], 50.00th=[   95], 60.00th=[  110],
     | 70.00th=[  129], 80.00th=[  159], 90.00th=[  215], 95.00th=[  275],
     | 99.00th=[  422], 99.50th=[  485], 99.90th=[  617], 99.95th=[  667],
     | 99.99th=[  827]
   bw (  KiB/s): min= 2016, max=10048, per=99.96%, avg=4217.41, stdev=686.39, samples=497
   iops        : min=  252, max= 1256, avg=527.16, stdev=85.80, samples=497
  lat (msec)   : 10=0.01%, 20=0.10%, 50=3.41%, 100=50.16%, 250=39.75%
  lat (msec)   : 500=6.16%, 750=0.39%, 1000=0.02%, 2000=0.01%
  cpu          : usr=0.47%, sys=1.52%, ctx=130307, majf=0, minf=159
  IO depths    : 1=0.1%, 2=0.1%, 4=0.1%, 8=0.1%, 16=0.1%, 32=0.1%, >=64=100.0%
     submit    : 0=0.0%, 4=100.0%, 8=0.0%, 16=0.0%, 32=0.0%, 64=0.0%, >=64=0.0%
     complete  : 0=0.0%, 4=100.0%, 8=0.0%, 16=0.0%, 32=0.0%, 64=0.1%, >=64=0.0%
     issued rwt: total=131072,0,0, short=0,0,0, dropped=0,0,0
     latency   : target=0, window=0, percentile=100.00%, depth=64

Run status group 0 (all jobs):
   READ: bw=4219KiB/s (4320kB/s), 4219KiB/s-4219KiB/s (4320kB/s-4320kB/s), io=1024MiB (1074MB), run=248527-248527msec

Disk stats (read/write):
  sdi: ios=130892/6, merge=0/0, ticks=15889984/388, in_queue=15893185, util=100.00%
