test: (g=0): rw=randwrite, bs=(R) 8192B-8192B, (W) 8192B-8192B, (T) 8192B-8192B, ioengine=libaio, iodepth=64
fio-3.1
Starting 1 process

test: (groupid=0, jobs=1): err= 0: pid=29236: Sun Jul 15 05:28:06 2018
  write: IOPS=232, BW=1863KiB/s (1907kB/s)(1024MiB/562957msec)
    slat (usec): min=2, max=115, avg=19.56, stdev= 8.69
    clat (usec): min=327, max=1891.8k, avg=274856.00, stdev=203442.18
     lat (usec): min=383, max=1891.8k, avg=274876.00, stdev=203443.97
    clat percentiles (msec):
     |  1.00th=[   11],  5.00th=[   20], 10.00th=[   28], 20.00th=[  102],
     | 30.00th=[  167], 40.00th=[  207], 50.00th=[  247], 60.00th=[  288],
     | 70.00th=[  334], 80.00th=[  401], 90.00th=[  550], 95.00th=[  676],
     | 99.00th=[  911], 99.50th=[ 1011], 99.90th=[ 1284], 99.95th=[ 1368],
     | 99.99th=[ 1636]
   bw (  KiB/s): min=   32, max= 5184, per=100.00%, avg=1885.36, stdev=730.94, samples=1107
   iops        : min=    4, max=  648, avg=235.66, stdev=91.36, samples=1107
  lat (usec)   : 500=0.01%, 750=0.01%, 1000=0.01%
  lat (msec)   : 2=0.02%, 4=0.10%, 10=0.75%, 20=4.64%, 50=10.22%
  lat (msec)   : 100=4.15%, 250=31.15%, 500=36.36%, 750=9.44%, 1000=2.64%
  lat (msec)   : 2000=0.54%
  cpu          : usr=0.28%, sys=0.79%, ctx=128884, majf=0, minf=28
  IO depths    : 1=0.1%, 2=0.1%, 4=0.1%, 8=0.1%, 16=0.1%, 32=0.1%, >=64=100.0%
     submit    : 0=0.0%, 4=100.0%, 8=0.0%, 16=0.0%, 32=0.0%, 64=0.0%, >=64=0.0%
     complete  : 0=0.0%, 4=100.0%, 8=0.0%, 16=0.0%, 32=0.0%, 64=0.1%, >=64=0.0%
     issued rwt: total=0,131072,0, short=0,0,0, dropped=0,0,0
     latency   : target=0, window=0, percentile=100.00%, depth=64

Run status group 0 (all jobs):
  WRITE: bw=1863KiB/s (1907kB/s), 1863KiB/s-1863KiB/s (1907kB/s-1907kB/s), io=1024MiB (1074MB), run=562957-562957msec

Disk stats (read/write):
  sdh: ios=0/128803, merge=0/1901, ticks=0/35726609, in_queue=35727659, util=100.00%
