test: (g=0): rw=write, bs=(R) 64.0KiB-64.0KiB, (W) 64.0KiB-64.0KiB, (T) 64.0KiB-64.0KiB, ioengine=libaio, iodepth=64
fio-3.1
Starting 1 process
test: Laying out IO file (1 file / 1024MiB)

test: (groupid=0, jobs=1): err= 0: pid=27528: Sun Jul 15 04:51:09 2018
  write: IOPS=3082, BW=193MiB/s (202MB/s)(1024MiB/5315msec)
    slat (usec): min=4, max=181, avg=19.79, stdev=10.88
    clat (usec): min=849, max=291228, avg=20733.17, stdev=16232.00
     lat (usec): min=1037, max=291236, avg=20753.14, stdev=16231.62
    clat percentiles (msec):
     |  1.00th=[   19],  5.00th=[   19], 10.00th=[   19], 20.00th=[   19],
     | 30.00th=[   19], 40.00th=[   19], 50.00th=[   19], 60.00th=[   20],
     | 70.00th=[   21], 80.00th=[   21], 90.00th=[   21], 95.00th=[   22],
     | 99.00th=[   30], 99.50th=[   35], 99.90th=[  288], 99.95th=[  292],
     | 99.99th=[  292]
   bw (  KiB/s): min=97536, max=220032, per=99.40%, avg=196096.00, stdev=36543.65, samples=10
   iops        : min= 1524, max= 3438, avg=3064.00, stdev=570.99, samples=10
  lat (usec)   : 1000=0.01%
  lat (msec)   : 20=62.51%, 50=37.04%, 100=0.02%, 250=0.09%, 500=0.34%
  cpu          : usr=1.96%, sys=7.96%, ctx=8713, majf=0, minf=27
  IO depths    : 1=0.1%, 2=0.1%, 4=0.1%, 8=0.1%, 16=0.1%, 32=0.2%, >=64=99.6%
     submit    : 0=0.0%, 4=100.0%, 8=0.0%, 16=0.0%, 32=0.0%, 64=0.0%, >=64=0.0%
     complete  : 0=0.0%, 4=100.0%, 8=0.0%, 16=0.0%, 32=0.0%, 64=0.1%, >=64=0.0%
     issued rwt: total=0,16384,0, short=0,0,0, dropped=0,0,0
     latency   : target=0, window=0, percentile=100.00%, depth=64

Run status group 0 (all jobs):
  WRITE: bw=193MiB/s (202MB/s), 193MiB/s-193MiB/s (202MB/s-202MB/s), io=1024MiB (1074MB), run=5315-5315msec

Disk stats (read/write):
  sdh: ios=0/8384, merge=0/7410, ticks=0/174836, in_queue=175174, util=98.09%
