test: (g=0): rw=randread, bs=(R) 8192B-8192B, (W) 8192B-8192B, (T) 8192B-8192B, ioengine=libaio, iodepth=64
fio-3.1
Starting 1 process

test: (groupid=0, jobs=1): err= 0: pid=29735: Sun Jul 15 05:32:22 2018
   read: IOPS=511, BW=4093KiB/s (4192kB/s)(1024MiB/256170msec)
    slat (nsec): min=1758, max=58437, avg=16943.19, stdev=6241.66
    clat (usec): min=1430, max=1092.0k, avg=125059.78, stdev=93497.88
     lat (usec): min=1441, max=1093.0k, avg=125077.21, stdev=93498.08
    clat percentiles (msec):
     |  1.00th=[   14],  5.00th=[   26], 10.00th=[   37], 20.00th=[   55],
     | 30.00th=[   71], 40.00th=[   87], 50.00th=[  103], 60.00th=[  121],
     | 70.00th=[  142], 80.00th=[  176], 90.00th=[  243], 95.00th=[  309],
     | 99.00th=[  464], 99.50th=[  535], 99.90th=[  693], 99.95th=[  776],
     | 99.99th=[  944]
   bw (  KiB/s): min= 1984, max=10000, per=99.87%, avg=4087.87, stdev=768.19, samples=512
   iops        : min=  248, max= 1250, avg=510.96, stdev=96.02, samples=512
  lat (msec)   : 2=0.01%, 4=0.04%, 10=0.43%, 20=2.34%, 50=14.37%
  lat (msec)   : 100=31.22%, 250=42.48%, 500=8.41%, 750=0.65%, 1000=0.05%
  lat (msec)   : 2000=0.01%
  cpu          : usr=0.68%, sys=1.73%, ctx=128296, majf=0, minf=159
  IO depths    : 1=0.1%, 2=0.1%, 4=0.1%, 8=0.1%, 16=0.1%, 32=0.1%, >=64=100.0%
     submit    : 0=0.0%, 4=100.0%, 8=0.0%, 16=0.0%, 32=0.0%, 64=0.0%, >=64=0.0%
     complete  : 0=0.0%, 4=100.0%, 8=0.0%, 16=0.0%, 32=0.0%, 64=0.1%, >=64=0.0%
     issued rwt: total=131072,0,0, short=0,0,0, dropped=0,0,0
     latency   : target=0, window=0, percentile=100.00%, depth=64

Run status group 0 (all jobs):
   READ: bw=4093KiB/s (4192kB/s), 4093KiB/s-4093KiB/s (4192kB/s-4192kB/s), io=1024MiB (1074MB), run=256170-256170msec

Disk stats (read/write):
  sdh: ios=128931/6, merge=2047/0, ticks=16238024/3902, in_queue=16243736, util=100.00%
