test: (g=0): rw=write, bs=(R) 512KiB-512KiB, (W) 512KiB-512KiB, (T) 512KiB-512KiB, ioengine=libaio, iodepth=64
fio-3.1
Starting 1 process

test: (groupid=0, jobs=1): err= 0: pid=38834: Thu Jul 12 14:23:21 2018
  write: IOPS=400, BW=200MiB/s (210MB/s)(1024MiB/5110msec)
    slat (usec): min=34, max=1702, avg=127.80, stdev=51.09
    clat (msec): min=4, max=294, avg=159.40, stdev=21.71
     lat (msec): min=4, max=294, avg=159.53, stdev=21.72
    clat percentiles (msec):
     |  1.00th=[   74],  5.00th=[  148], 10.00th=[  150], 20.00th=[  150],
     | 30.00th=[  157], 40.00th=[  159], 50.00th=[  159], 60.00th=[  159],
     | 70.00th=[  159], 80.00th=[  161], 90.00th=[  176], 95.00th=[  192],
     | 99.00th=[  247], 99.50th=[  271], 99.90th=[  288], 99.95th=[  292],
     | 99.99th=[  296]
   bw (  KiB/s): min=190464, max=212992, per=99.06%, avg=203264.00, stdev=6316.97, samples=10
   iops        : min=  372, max=  416, avg=397.00, stdev=12.34, samples=10
  lat (msec)   : 10=0.24%, 20=0.10%, 50=0.20%, 100=1.03%, 250=97.51%
  lat (msec)   : 500=0.93%
  cpu          : usr=2.11%, sys=4.17%, ctx=2051, majf=0, minf=28
  IO depths    : 1=0.1%, 2=0.1%, 4=0.2%, 8=0.4%, 16=0.8%, 32=1.6%, >=64=96.9%
     submit    : 0=0.0%, 4=100.0%, 8=0.0%, 16=0.0%, 32=0.0%, 64=0.0%, >=64=0.0%
     complete  : 0=0.0%, 4=99.9%, 8=0.0%, 16=0.0%, 32=0.0%, 64=0.1%, >=64=0.0%
     issued rwt: total=0,2048,0, short=0,0,0, dropped=0,0,0
     latency   : target=0, window=0, percentile=100.00%, depth=64

Run status group 0 (all jobs):
  WRITE: bw=200MiB/s (210MB/s), 200MiB/s-200MiB/s (210MB/s-210MB/s), io=1024MiB (1074MB), run=5110-5110msec

Disk stats (read/write):
  sdl: ios=7/3894, merge=0/0, ticks=4371/611208, in_queue=625545, util=97.91%
