test: (g=0): rw=read, bs=(R) 1024KiB-1024KiB, (W) 1024KiB-1024KiB, (T) 1024KiB-1024KiB, ioengine=libaio, iodepth=64
fio-3.1
Starting 1 process

test: (groupid=0, jobs=1): err= 0: pid=21972: Sun Jul 15 08:31:28 2018
   read: IOPS=203, BW=203MiB/s (213MB/s)(1024MiB/5039msec)
    slat (usec): min=34, max=43056, avg=4745.18, stdev=12557.27
    clat (msec): min=131, max=490, avg=307.93, stdev=32.81
     lat (msec): min=132, max=490, avg=312.68, stdev=31.05
    clat percentiles (msec):
     |  1.00th=[  169],  5.00th=[  275], 10.00th=[  275], 20.00th=[  313],
     | 30.00th=[  313], 40.00th=[  317], 50.00th=[  317], 60.00th=[  317],
     | 70.00th=[  317], 80.00th=[  317], 90.00th=[  317], 95.00th=[  321],
     | 99.00th=[  414], 99.50th=[  451], 99.90th=[  489], 99.95th=[  489],
     | 99.99th=[  489]
   bw (  KiB/s): min=155648, max=212992, per=94.58%, avg=196812.80, stdev=22444.06, samples=10
   iops        : min=  152, max=  208, avg=192.20, stdev=21.92, samples=10
  lat (msec)   : 250=4.00%, 500=96.00%
  cpu          : usr=0.02%, sys=2.32%, ctx=161, majf=0, minf=575
  IO depths    : 1=0.1%, 2=0.2%, 4=0.4%, 8=0.8%, 16=1.6%, 32=3.1%, >=64=93.8%
     submit    : 0=0.0%, 4=100.0%, 8=0.0%, 16=0.0%, 32=0.0%, 64=0.0%, >=64=0.0%
     complete  : 0=0.0%, 4=99.9%, 8=0.0%, 16=0.0%, 32=0.0%, 64=0.1%, >=64=0.0%
     issued rwt: total=1024,0,0, short=0,0,0, dropped=0,0,0
     latency   : target=0, window=0, percentile=100.00%, depth=64

Run status group 0 (all jobs):
   READ: bw=203MiB/s (213MB/s), 203MiB/s-203MiB/s (213MB/s-213MB/s), io=1024MiB (1074MB), run=5039-5039msec

Disk stats (read/write):
  sdm: ios=3970/0, merge=0/0, ticks=685442/0, in_queue=697807, util=98.05%
