test: (g=0): rw=randread, bs=(R) 64.0KiB-64.0KiB, (W) 64.0KiB-64.0KiB, (T) 64.0KiB-64.0KiB, ioengine=libaio, iodepth=64
fio-3.1
Starting 1 process

test: (groupid=0, jobs=1): err= 0: pid=27701: Fri Jul 13 15:39:43 2018
   read: IOPS=470, BW=29.4MiB/s (30.8MB/s)(1024MiB/34843msec)
    slat (usec): min=3, max=178, avg=19.16, stdev= 8.40
    clat (msec): min=6, max=1128, avg=136.07, stdev=97.32
     lat (msec): min=6, max=1128, avg=136.09, stdev=97.32
    clat percentiles (msec):
     |  1.00th=[   17],  5.00th=[   32], 10.00th=[   44], 20.00th=[   63],
     | 30.00th=[   80], 40.00th=[   96], 50.00th=[  113], 60.00th=[  132],
     | 70.00th=[  157], 80.00th=[  192], 90.00th=[  257], 95.00th=[  326],
     | 99.00th=[  481], 99.50th=[  567], 99.90th=[  776], 99.95th=[  810],
     | 99.99th=[ 1036]
   bw (  KiB/s): min=24832, max=46208, per=99.36%, avg=29902.51, stdev=3939.12, samples=69
   iops        : min=  388, max=  722, avg=467.19, stdev=61.56, samples=69
  lat (msec)   : 10=0.08%, 20=1.52%, 50=11.71%, 100=29.23%, 250=46.53%
  lat (msec)   : 500=10.08%, 750=0.74%, 1000=0.10%, 2000=0.01%
  cpu          : usr=0.58%, sys=1.72%, ctx=15708, majf=0, minf=544
  IO depths    : 1=0.1%, 2=0.1%, 4=0.1%, 8=0.1%, 16=0.1%, 32=0.2%, >=64=99.6%
     submit    : 0=0.0%, 4=100.0%, 8=0.0%, 16=0.0%, 32=0.0%, 64=0.0%, >=64=0.0%
     complete  : 0=0.0%, 4=100.0%, 8=0.0%, 16=0.0%, 32=0.0%, 64=0.1%, >=64=0.0%
     issued rwt: total=16384,0,0, short=0,0,0, dropped=0,0,0
     latency   : target=0, window=0, percentile=100.00%, depth=64

Run status group 0 (all jobs):
   READ: bw=29.4MiB/s (30.8MB/s), 29.4MiB/s-29.4MiB/s (30.8MB/s-30.8MB/s), io=1024MiB (1074MB), run=34843-34843msec

Disk stats (read/write):
  sdh: ios=15730/0, merge=670/0, ticks=2154815/0, in_queue=2157377, util=100.00%
