test: (g=0): rw=randread, bs=(R) 4096B-4096B, (W) 4096B-4096B, (T) 4096B-4096B, ioengine=libaio, iodepth=64
fio-3.1
Starting 1 process

test: (groupid=0, jobs=1): err= 0: pid=37567: Thu Jul 12 14:12:29 2018
   read: IOPS=521, BW=2086KiB/s (2136kB/s)(1024MiB/502644msec)
    slat (nsec): min=1328, max=65889, avg=13777.90, stdev=5236.44
    clat (usec): min=489, max=1140.3k, avg=122696.07, stdev=91164.41
     lat (usec): min=492, max=1140.3k, avg=122710.34, stdev=91164.62
    clat percentiles (msec):
     |  1.00th=[   13],  5.00th=[   26], 10.00th=[   36], 20.00th=[   55],
     | 30.00th=[   71], 40.00th=[   86], 50.00th=[  102], 60.00th=[  118],
     | 70.00th=[  140], 80.00th=[  171], 90.00th=[  236], 95.00th=[  305],
     | 99.00th=[  460], 99.50th=[  523], 99.90th=[  676], 99.95th=[  751],
     | 99.99th=[  902]
   bw (  KiB/s): min=  864, max= 7896, per=99.94%, avg=2084.83, stdev=440.66, samples=1005
   iops        : min=  216, max= 1974, avg=521.20, stdev=110.16, samples=1005
  lat (usec)   : 500=0.01%, 750=0.01%, 1000=0.01%
  lat (msec)   : 2=0.01%, 4=0.06%, 10=0.50%, 20=2.47%, 50=14.43%
  lat (msec)   : 100=31.67%, 250=42.29%, 500=7.91%, 750=0.60%, 1000=0.04%
  lat (msec)   : 2000=0.01%
  cpu          : usr=0.75%, sys=1.59%, ctx=257952, majf=0, minf=95
  IO depths    : 1=0.1%, 2=0.1%, 4=0.1%, 8=0.1%, 16=0.1%, 32=0.1%, >=64=100.0%
     submit    : 0=0.0%, 4=100.0%, 8=0.0%, 16=0.0%, 32=0.0%, 64=0.0%, >=64=0.0%
     complete  : 0=0.0%, 4=100.0%, 8=0.0%, 16=0.0%, 32=0.0%, 64=0.1%, >=64=0.0%
     issued rwt: total=262144,0,0, short=0,0,0, dropped=0,0,0
     latency   : target=0, window=0, percentile=100.00%, depth=64

Run status group 0 (all jobs):
   READ: bw=2086KiB/s (2136kB/s), 2086KiB/s-2086KiB/s (2136kB/s-2136kB/s), io=1024MiB (1074MB), run=502644-502644msec

Disk stats (read/write):
  sdk: ios=259320/0, merge=2698/0, ticks=31986137/0, in_queue=31986967, util=100.00%
