test: (g=0): rw=write, bs=(R) 1024KiB-1024KiB, (W) 1024KiB-1024KiB, (T) 1024KiB-1024KiB, ioengine=libaio, iodepth=64
fio-3.1
Starting 1 process

test: (groupid=0, jobs=1): err= 0: pid=15309: Mon Jul 23 20:30:52 2018
  write: IOPS=209, BW=209MiB/s (219MB/s)(1024MiB/4898msec)
    slat (usec): min=84, max=52405, avg=4602.86, stdev=12018.48
    clat (msec): min=116, max=447, avg=299.56, stdev=31.79
     lat (msec): min=117, max=484, avg=304.16, stdev=30.26
    clat percentiles (msec):
     |  1.00th=[  182],  5.00th=[  262], 10.00th=[  271], 20.00th=[  300],
     | 30.00th=[  300], 40.00th=[  305], 50.00th=[  309], 60.00th=[  309],
     | 70.00th=[  309], 80.00th=[  309], 90.00th=[  317], 95.00th=[  317],
     | 99.00th=[  409], 99.50th=[  447], 99.90th=[  447], 99.95th=[  447],
     | 99.99th=[  447]
   bw (  KiB/s): min=167936, max=213418, per=97.17%, avg=208033.11, stdev=15037.08, samples=9
   iops        : min=  164, max=  208, avg=203.11, stdev=14.67, samples=9
  lat (msec)   : 250=4.00%, 500=96.00%
  cpu          : usr=1.88%, sys=1.96%, ctx=162, majf=0, minf=28
  IO depths    : 1=0.1%, 2=0.2%, 4=0.4%, 8=0.8%, 16=1.6%, 32=3.1%, >=64=93.8%
     submit    : 0=0.0%, 4=100.0%, 8=0.0%, 16=0.0%, 32=0.0%, 64=0.0%, >=64=0.0%
     complete  : 0=0.0%, 4=99.9%, 8=0.0%, 16=0.0%, 32=0.0%, 64=0.1%, >=64=0.0%
     issued rwt: total=0,1024,0, short=0,0,0, dropped=0,0,0
     latency   : target=0, window=0, percentile=100.00%, depth=64

Run status group 0 (all jobs):
  WRITE: bw=209MiB/s (219MB/s), 209MiB/s-209MiB/s (219MB/s-219MB/s), io=1024MiB (1074MB), run=4898-4898msec

Disk stats (read/write):
  sdj: ios=40/4066, merge=0/0, ticks=12/682824, in_queue=687297, util=97.48%
