test: (g=0): rw=write, bs=(R) 512KiB-512KiB, (W) 512KiB-512KiB, (T) 512KiB-512KiB, ioengine=libaio, iodepth=64
fio-3.1
Starting 1 process

test: (groupid=0, jobs=1): err= 0: pid=22426: Sun Jul 15 09:14:29 2018
  write: IOPS=383, BW=192MiB/s (201MB/s)(1024MiB/5338msec)
    slat (usec): min=39, max=188, avg=123.24, stdev=36.96
    clat (msec): min=19, max=330, avg=166.53, stdev=24.71
     lat (msec): min=19, max=330, avg=166.65, stdev=24.70
    clat percentiles (msec):
     |  1.00th=[  150],  5.00th=[  153], 10.00th=[  153], 20.00th=[  153],
     | 30.00th=[  157], 40.00th=[  159], 50.00th=[  161], 60.00th=[  165],
     | 70.00th=[  167], 80.00th=[  171], 90.00th=[  178], 95.00th=[  201],
     | 99.00th=[  292], 99.50th=[  309], 99.90th=[  326], 99.95th=[  330],
     | 99.99th=[  330]
   bw (  KiB/s): min=136464, max=212992, per=99.37%, avg=195201.60, stdev=21866.29, samples=10
   iops        : min=  266, max=  416, avg=381.20, stdev=42.87, samples=10
  lat (msec)   : 20=0.05%, 100=0.10%, 250=96.97%, 500=2.88%
  cpu          : usr=1.65%, sys=4.37%, ctx=2049, majf=0, minf=28
  IO depths    : 1=0.1%, 2=0.1%, 4=0.2%, 8=0.4%, 16=0.8%, 32=1.6%, >=64=96.9%
     submit    : 0=0.0%, 4=100.0%, 8=0.0%, 16=0.0%, 32=0.0%, 64=0.0%, >=64=0.0%
     complete  : 0=0.0%, 4=99.9%, 8=0.0%, 16=0.0%, 32=0.0%, 64=0.1%, >=64=0.0%
     issued rwt: total=0,2048,0, short=0,0,0, dropped=0,0,0
     latency   : target=0, window=0, percentile=100.00%, depth=64

Run status group 0 (all jobs):
  WRITE: bw=192MiB/s (201MB/s), 192MiB/s-192MiB/s (201MB/s-201MB/s), io=1024MiB (1074MB), run=5338-5338msec

Disk stats (read/write):
  sdn: ios=0/3912, merge=0/0, ticks=0/642198, in_queue=651782, util=97.86%
