test: (g=0): rw=write, bs=(R) 1024KiB-1024KiB, (W) 1024KiB-1024KiB, (T) 1024KiB-1024KiB, ioengine=libaio, iodepth=64
fio-3.1
Starting 1 process

test: (groupid=0, jobs=1): err= 0: pid=24378: Fri Jul 13 13:06:42 2018
  write: IOPS=411, BW=412MiB/s (432MB/s)(1024MiB/2486msec)
    slat (usec): min=70, max=22217, avg=2337.08, stdev=5959.83
    clat (msec): min=61, max=230, avg=152.00, stdev=16.39
     lat (msec): min=62, max=248, avg=154.34, stdev=15.64
    clat percentiles (msec):
     |  1.00th=[   91],  5.00th=[  131], 10.00th=[  136], 20.00th=[  148],
     | 30.00th=[  150], 40.00th=[  153], 50.00th=[  153], 60.00th=[  155],
     | 70.00th=[  159], 80.00th=[  161], 90.00th=[  163], 95.00th=[  167],
     | 99.00th=[  211], 99.50th=[  230], 99.90th=[  230], 99.95th=[  232],
     | 99.99th=[  232]
   bw (  KiB/s): min=380928, max=425984, per=96.38%, avg=406528.00, stdev=18732.95, samples=4
   iops        : min=  372, max=  416, avg=397.00, stdev=18.29, samples=4
  lat (msec)   : 100=1.66%, 250=98.34%
  cpu          : usr=2.17%, sys=4.02%, ctx=162, majf=0, minf=28
  IO depths    : 1=0.1%, 2=0.2%, 4=0.4%, 8=0.8%, 16=1.6%, 32=3.1%, >=64=93.8%
     submit    : 0=0.0%, 4=100.0%, 8=0.0%, 16=0.0%, 32=0.0%, 64=0.0%, >=64=0.0%
     complete  : 0=0.0%, 4=99.9%, 8=0.0%, 16=0.0%, 32=0.0%, 64=0.1%, >=64=0.0%
     issued rwt: total=0,1024,0, short=0,0,0, dropped=0,0,0
     latency   : target=0, window=0, percentile=100.00%, depth=64

Run status group 0 (all jobs):
  WRITE: bw=412MiB/s (432MB/s), 412MiB/s-412MiB/s (432MB/s-432MB/s), io=1024MiB (1074MB), run=2486-2486msec

Disk stats (read/write):
  sdb: ios=40/3912, merge=0/0, ticks=5/331229, in_queue=337628, util=95.20%
