test: (g=0): rw=randwrite, bs=(R) 4096B-4096B, (W) 4096B-4096B, (T) 4096B-4096B, ioengine=libaio, iodepth=64
fio-3.1
Starting 1 process

test: (groupid=0, jobs=1): err= 0: pid=24468: Fri Jul 13 13:06:50 2018
  write: IOPS=59.6k, BW=233MiB/s (244MB/s)(1024MiB/4401msec)
    slat (nsec): min=1258, max=42447, avg=2668.33, stdev=1645.95
    clat (usec): min=249, max=9969, avg=1071.09, stdev=400.18
     lat (usec): min=254, max=9971, avg=1073.79, stdev=400.17
    clat percentiles (usec):
     |  1.00th=[  545],  5.00th=[  611], 10.00th=[  668], 20.00th=[  758],
     | 30.00th=[  857], 40.00th=[  938], 50.00th=[ 1029], 60.00th=[ 1123],
     | 70.00th=[ 1221], 80.00th=[ 1319], 90.00th=[ 1450], 95.00th=[ 1565],
     | 99.00th=[ 2540], 99.50th=[ 3064], 99.90th=[ 4686], 99.95th=[ 5211],
     | 99.99th=[ 8094]
   bw (  KiB/s): min=234640, max=240320, per=99.81%, avg=237796.38, stdev=2352.84, samples=8
   iops        : min=58660, max=60080, avg=59449.00, stdev=588.18, samples=8
  lat (usec)   : 250=0.01%, 500=0.19%, 750=18.66%, 1000=27.71%
  lat (msec)   : 2=51.45%, 4=1.81%, 10=0.18%
  cpu          : usr=13.55%, sys=35.91%, ctx=240264, majf=0, minf=120
  IO depths    : 1=0.1%, 2=0.1%, 4=0.1%, 8=0.1%, 16=0.1%, 32=0.1%, >=64=100.0%
     submit    : 0=0.0%, 4=100.0%, 8=0.0%, 16=0.0%, 32=0.0%, 64=0.0%, >=64=0.0%
     complete  : 0=0.0%, 4=100.0%, 8=0.0%, 16=0.0%, 32=0.0%, 64=0.1%, >=64=0.0%
     issued rwt: total=0,262144,0, short=0,0,0, dropped=0,0,0
     latency   : target=0, window=0, percentile=100.00%, depth=64

Run status group 0 (all jobs):
  WRITE: bw=233MiB/s (244MB/s), 233MiB/s-233MiB/s (244MB/s-244MB/s), io=1024MiB (1074MB), run=4401-4401msec

Disk stats (read/write):
  sdb: ios=40/259273, merge=0/2616, ticks=7/277253, in_queue=277616, util=98.00%
