test: (g=0): rw=read, bs=(R) 512KiB-512KiB, (W) 512KiB-512KiB, (T) 512KiB-512KiB, ioengine=libaio, iodepth=64
fio-3.1
Starting 1 process

test: (groupid=0, jobs=1): err= 0: pid=996: Wed Jul 11 18:10:46 2018
   read: IOPS=421, BW=211MiB/s (221MB/s)(1024MiB/4863msec)
    slat (usec): min=19, max=710, avg=88.18, stdev=47.09
    clat (msec): min=9, max=293, avg=151.63, stdev=21.60
     lat (msec): min=9, max=293, avg=151.72, stdev=21.59
    clat percentiles (msec):
     |  1.00th=[   50],  5.00th=[  146], 10.00th=[  146], 20.00th=[  148],
     | 30.00th=[  148], 40.00th=[  148], 50.00th=[  150], 60.00th=[  157],
     | 70.00th=[  159], 80.00th=[  159], 90.00th=[  159], 95.00th=[  159],
     | 99.00th=[  247], 99.50th=[  271], 99.90th=[  288], 99.95th=[  292],
     | 99.99th=[  296]
   bw (  KiB/s): min=206848, max=223232, per=99.84%, avg=215267.56, stdev=6451.56, samples=9
   iops        : min=  404, max=  436, avg=420.44, stdev=12.60, samples=9
  lat (msec)   : 10=0.15%, 20=0.20%, 50=0.68%, 100=1.12%, 250=96.92%
  lat (msec)   : 500=0.93%
  cpu          : usr=0.27%, sys=4.42%, ctx=2046, majf=0, minf=559
  IO depths    : 1=0.1%, 2=0.1%, 4=0.2%, 8=0.4%, 16=0.8%, 32=1.6%, >=64=96.9%
     submit    : 0=0.0%, 4=100.0%, 8=0.0%, 16=0.0%, 32=0.0%, 64=0.0%, >=64=0.0%
     complete  : 0=0.0%, 4=99.9%, 8=0.0%, 16=0.0%, 32=0.0%, 64=0.1%, >=64=0.0%
     issued rwt: total=2048,0,0, short=0,0,0, dropped=0,0,0
     latency   : target=0, window=0, percentile=100.00%, depth=64

Run status group 0 (all jobs):
   READ: bw=211MiB/s (221MB/s), 211MiB/s-211MiB/s (221MB/s-221MB/s), io=1024MiB (1074MB), run=4863-4863msec

Disk stats (read/write):
  sdg: ios=3907/0, merge=0/0, ticks=581461/0, in_queue=590914, util=97.97%
