test: (g=0): rw=write, bs=(R) 512KiB-512KiB, (W) 512KiB-512KiB, (T) 512KiB-512KiB, ioengine=libaio, iodepth=64
fio-3.1
Starting 1 process

test: (groupid=0, jobs=1): err= 0: pid=35354: Tue Jul 24 20:45:29 2018
  write: IOPS=398, BW=199MiB/s (209MB/s)(1024MiB/5141msec)
    slat (usec): min=37, max=1096, avg=140.36, stdev=52.93
    clat (msec): min=14, max=328, avg=160.34, stdev=24.63
     lat (msec): min=14, max=328, avg=160.48, stdev=24.62
    clat percentiles (msec):
     |  1.00th=[  153],  5.00th=[  153], 10.00th=[  153], 20.00th=[  153],
     | 30.00th=[  153], 40.00th=[  155], 50.00th=[  155], 60.00th=[  157],
     | 70.00th=[  159], 80.00th=[  159], 90.00th=[  159], 95.00th=[  199],
     | 99.00th=[  292], 99.50th=[  309], 99.90th=[  326], 99.95th=[  326],
     | 99.99th=[  330]
   bw (  KiB/s): min=134144, max=214016, per=99.66%, avg=203264.00, stdev=24434.56, samples=10
   iops        : min=  262, max=  418, avg=397.00, stdev=47.72, samples=10
  lat (msec)   : 20=0.05%, 50=0.05%, 100=0.05%, 250=96.97%, 500=2.88%
  cpu          : usr=2.00%, sys=4.42%, ctx=2052, majf=0, minf=29
  IO depths    : 1=0.1%, 2=0.1%, 4=0.2%, 8=0.4%, 16=0.8%, 32=1.6%, >=64=96.9%
     submit    : 0=0.0%, 4=100.0%, 8=0.0%, 16=0.0%, 32=0.0%, 64=0.0%, >=64=0.0%
     complete  : 0=0.0%, 4=99.9%, 8=0.0%, 16=0.0%, 32=0.0%, 64=0.1%, >=64=0.0%
     issued rwt: total=0,2048,0, short=0,0,0, dropped=0,0,0
     latency   : target=0, window=0, percentile=100.00%, depth=64

Run status group 0 (all jobs):
  WRITE: bw=199MiB/s (209MB/s), 199MiB/s-199MiB/s (209MB/s-209MB/s), io=1024MiB (1074MB), run=5141-5141msec

Disk stats (read/write):
  sdl: ios=0/4085, merge=0/0, ticks=0/644167, in_queue=645878, util=97.82%
