test: (g=0): rw=read, bs=(R) 1024KiB-1024KiB, (W) 1024KiB-1024KiB, (T) 1024KiB-1024KiB, ioengine=libaio, iodepth=64
fio-3.1
Starting 1 process

test: (groupid=0, jobs=1): err= 0: pid=35487: Tue Jul 24 20:45:46 2018
   read: IOPS=206, BW=206MiB/s (216MB/s)(1024MiB/4967msec)
    slat (usec): min=45, max=42505, avg=4673.80, stdev=12330.02
    clat (msec): min=134, max=484, avg=303.29, stdev=31.26
     lat (msec): min=135, max=484, avg=307.96, stdev=29.47
    clat percentiles (msec):
     |  1.00th=[  171],  5.00th=[  271], 10.00th=[  271], 20.00th=[  305],
     | 30.00th=[  309], 40.00th=[  309], 50.00th=[  309], 60.00th=[  309],
     | 70.00th=[  317], 80.00th=[  317], 90.00th=[  317], 95.00th=[  317],
     | 99.00th=[  409], 99.50th=[  447], 99.90th=[  447], 99.95th=[  485],
     | 99.99th=[  485]
   bw (  KiB/s): min=153600, max=212992, per=96.90%, avg=204572.44, stdev=19867.83, samples=9
   iops        : min=  150, max=  208, avg=199.78, stdev=19.40, samples=9
  lat (msec)   : 250=4.00%, 500=96.00%
  cpu          : usr=0.06%, sys=2.58%, ctx=162, majf=0, minf=575
  IO depths    : 1=0.1%, 2=0.2%, 4=0.4%, 8=0.8%, 16=1.6%, 32=3.1%, >=64=93.8%
     submit    : 0=0.0%, 4=100.0%, 8=0.0%, 16=0.0%, 32=0.0%, 64=0.0%, >=64=0.0%
     complete  : 0=0.0%, 4=99.9%, 8=0.0%, 16=0.0%, 32=0.0%, 64=0.1%, >=64=0.0%
     issued rwt: total=1024,0,0, short=0,0,0, dropped=0,0,0
     latency   : target=0, window=0, percentile=100.00%, depth=64

Run status group 0 (all jobs):
   READ: bw=206MiB/s (216MB/s), 206MiB/s-206MiB/s (216MB/s-216MB/s), io=1024MiB (1074MB), run=4967-4967msec

Disk stats (read/write):
  sdl: ios=4034/0, merge=0/0, ticks=686397/0, in_queue=694686, util=98.04%
