test: (g=0): rw=randwrite, bs=(R) 8192B-8192B, (W) 8192B-8192B, (T) 8192B-8192B, ioengine=libaio, iodepth=64
fio-3.1
Starting 1 process

test: (groupid=0, jobs=1): err= 0: pid=35639: Tue Jul 24 21:23:17 2018
  write: IOPS=222, BW=1781KiB/s (1824kB/s)(1024MiB/588622msec)
    slat (nsec): min=4936, max=83298, avg=26094.99, stdev=10030.04
    clat (usec): min=396, max=1563.2k, avg=287377.92, stdev=196918.83
     lat (usec): min=459, max=1563.2k, avg=287404.56, stdev=196920.51
    clat percentiles (msec):
     |  1.00th=[   14],  5.00th=[   22], 10.00th=[   32], 20.00th=[  134],
     | 30.00th=[  184], 40.00th=[  222], 50.00th=[  262], 60.00th=[  305],
     | 70.00th=[  351], 80.00th=[  414], 90.00th=[  550], 95.00th=[  667],
     | 99.00th=[  911], 99.50th=[ 1028], 99.90th=[ 1234], 99.95th=[ 1334],
     | 99.99th=[ 1452]
   bw (  KiB/s): min=   16, max= 3600, per=100.00%, avg=1799.17, stdev=646.96, samples=1165
   iops        : min=    2, max=  450, avg=224.88, stdev=80.87, samples=1165
  lat (usec)   : 500=0.01%, 750=0.01%, 1000=0.01%
  lat (msec)   : 2=0.01%, 4=0.01%, 10=0.18%, 20=4.01%, 50=8.69%
  lat (msec)   : 100=3.52%, 250=30.89%, 500=39.97%, 750=9.81%, 1000=2.31%
  lat (msec)   : 2000=0.59%
  cpu          : usr=0.26%, sys=0.85%, ctx=130485, majf=0, minf=28
  IO depths    : 1=0.1%, 2=0.1%, 4=0.1%, 8=0.1%, 16=0.1%, 32=0.1%, >=64=100.0%
     submit    : 0=0.0%, 4=100.0%, 8=0.0%, 16=0.0%, 32=0.0%, 64=0.0%, >=64=0.0%
     complete  : 0=0.0%, 4=100.0%, 8=0.0%, 16=0.0%, 32=0.0%, 64=0.1%, >=64=0.0%
     issued rwt: total=0,131072,0, short=0,0,0, dropped=0,0,0
     latency   : target=0, window=0, percentile=100.00%, depth=64

Run status group 0 (all jobs):
  WRITE: bw=1781KiB/s (1824kB/s), 1781KiB/s-1781KiB/s (1824kB/s-1824kB/s), io=1024MiB (1074MB), run=588622-588622msec

Disk stats (read/write):
  sdl: ios=0/131104, merge=0/0, ticks=0/37663584, in_queue=37664295, util=100.00%
