test: (g=0): rw=randread, bs=(R) 64.0KiB-64.0KiB, (W) 64.0KiB-64.0KiB, (T) 64.0KiB-64.0KiB, ioengine=libaio, iodepth=64
fio-3.1
Starting 1 process

test: (groupid=0, jobs=1): err= 0: pid=4030: Tue Jul 24 14:45:07 2018
   read: IOPS=8059, BW=504MiB/s (528MB/s)(1024MiB/2033msec)
    slat (usec): min=5, max=670, avg=11.34, stdev= 7.62
    clat (usec): min=1804, max=15977, avg=7921.42, stdev=495.39
     lat (usec): min=1838, max=16001, avg=7932.82, stdev=494.49
    clat percentiles (usec):
     |  1.00th=[ 7373],  5.00th=[ 7504], 10.00th=[ 7504], 20.00th=[ 7635],
     | 30.00th=[ 7832], 40.00th=[ 7898], 50.00th=[ 7963], 60.00th=[ 7963],
     | 70.00th=[ 8029], 80.00th=[ 8094], 90.00th=[ 8225], 95.00th=[ 8455],
     | 99.00th=[ 8979], 99.50th=[ 9110], 99.90th=[13435], 99.95th=[14877],
     | 99.99th=[15795]
   bw (  KiB/s): min=510336, max=519552, per=100.00%, avg=515772.25, stdev=4406.13, samples=4
   iops        : min= 7974, max= 8118, avg=8058.75, stdev=68.65, samples=4
  lat (msec)   : 2=0.05%, 4=0.20%, 10=99.48%, 20=0.28%
  cpu          : usr=1.62%, sys=12.94%, ctx=16334, majf=0, minf=544
  IO depths    : 1=0.1%, 2=0.1%, 4=0.1%, 8=0.1%, 16=0.1%, 32=0.2%, >=64=99.6%
     submit    : 0=0.0%, 4=100.0%, 8=0.0%, 16=0.0%, 32=0.0%, 64=0.0%, >=64=0.0%
     complete  : 0=0.0%, 4=100.0%, 8=0.0%, 16=0.0%, 32=0.0%, 64=0.1%, >=64=0.0%
     issued rwt: total=16384,0,0, short=0,0,0, dropped=0,0,0
     latency   : target=0, window=0, percentile=100.00%, depth=64

Run status group 0 (all jobs):
   READ: bw=504MiB/s (528MB/s), 504MiB/s-504MiB/s (528MB/s-528MB/s), io=1024MiB (1074MB), run=2033-2033msec

Disk stats (read/write):
  sdb: ios=15312/0, merge=0/0, ticks=120971/0, in_queue=121235, util=95.00%
