test: (g=0): rw=randwrite, bs=(R) 4096B-4096B, (W) 4096B-4096B, (T) 4096B-4096B, ioengine=libaio, iodepth=64
fio-3.1
Starting 1 process

test: (groupid=0, jobs=1): err= 0: pid=16018: Mon Jul 23 21:16:11 2018
  write: IOPS=418, BW=1673KiB/s (1713kB/s)(1024MiB/626907msec)
    slat (usec): min=3, max=124, avg=18.51, stdev= 7.46
    clat (usec): min=339, max=1234.4k, avg=153029.41, stdev=108931.14
     lat (usec): min=379, max=1234.4k, avg=153048.43, stdev=108932.39
    clat percentiles (msec):
     |  1.00th=[   14],  5.00th=[   20], 10.00th=[   27], 20.00th=[   66],
     | 30.00th=[   95], 40.00th=[  116], 50.00th=[  136], 60.00th=[  159],
     | 70.00th=[  182], 80.00th=[  213], 90.00th=[  296], 95.00th=[  376],
     | 99.00th=[  506], 99.50th=[  567], 99.90th=[  726], 99.95th=[  760],
     | 99.99th=[  835]
   bw (  KiB/s): min=   16, max= 6552, per=99.83%, avg=1669.22, stdev=490.38, samples=1252
   iops        : min=    4, max= 1638, avg=417.30, stdev=122.59, samples=1252
  lat (usec)   : 500=0.01%
  lat (msec)   : 10=0.05%, 20=5.39%, 50=12.05%, 100=15.07%, 250=53.45%
  lat (msec)   : 500=12.91%, 750=1.02%, 1000=0.06%, 2000=0.01%
  cpu          : usr=0.48%, sys=1.28%, ctx=261715, majf=0, minf=28
  IO depths    : 1=0.1%, 2=0.1%, 4=0.1%, 8=0.1%, 16=0.1%, 32=0.1%, >=64=100.0%
     submit    : 0=0.0%, 4=100.0%, 8=0.0%, 16=0.0%, 32=0.0%, 64=0.0%, >=64=0.0%
     complete  : 0=0.0%, 4=100.0%, 8=0.0%, 16=0.0%, 32=0.0%, 64=0.1%, >=64=0.0%
     issued rwt: total=0,262144,0, short=0,0,0, dropped=0,0,0
     latency   : target=0, window=0, percentile=100.00%, depth=64

Run status group 0 (all jobs):
  WRITE: bw=1673KiB/s (1713kB/s), 1673KiB/s-1673KiB/s (1713kB/s-1713kB/s), io=1024MiB (1074MB), run=626907-626907msec

Disk stats (read/write):
  sdk: ios=40/261860, merge=0/0, ticks=39/40110447, in_queue=40111496, util=100.00%
