test: (g=0): rw=randwrite, bs=(R) 64.0KiB-64.0KiB, (W) 64.0KiB-64.0KiB, (T) 64.0KiB-64.0KiB, ioengine=libaio, iodepth=64
fio-3.1
Starting 1 process

test: (groupid=0, jobs=1): err= 0: pid=32748: Sun Jul 15 06:19:08 2018
  write: IOPS=200, BW=12.5MiB/s (13.1MB/s)(1024MiB/81868msec)
    slat (nsec): min=4764, max=71671, avg=24816.16, stdev=10686.79
    clat (usec): min=634, max=1981.9k, avg=319758.09, stdev=268765.25
     lat (usec): min=664, max=1981.9k, avg=319783.28, stdev=268766.63
    clat percentiles (msec):
     |  1.00th=[   10],  5.00th=[   18], 10.00th=[   22], 20.00th=[   34],
     | 30.00th=[  116], 40.00th=[  218], 50.00th=[  279], 60.00th=[  351],
     | 70.00th=[  439], 80.00th=[  542], 90.00th=[  684], 95.00th=[  835],
     | 99.00th=[ 1083], 99.50th=[ 1183], 99.90th=[ 1452], 99.95th=[ 1586],
     | 99.99th=[ 1804]
   bw (  KiB/s): min=  128, max=29312, per=100.00%, avg=13413.82, stdev=6240.01, samples=155
   iops        : min=    2, max=  458, avg=209.58, stdev=97.50, samples=155
  lat (usec)   : 750=0.01%, 1000=0.01%
  lat (msec)   : 2=0.04%, 4=0.09%, 10=0.87%, 20=7.34%, 50=15.24%
  lat (msec)   : 100=4.66%, 250=17.13%, 500=31.49%, 750=15.52%, 1000=5.79%
  lat (msec)   : 2000=1.82%
  cpu          : usr=0.23%, sys=0.74%, ctx=15720, majf=0, minf=28
  IO depths    : 1=0.1%, 2=0.1%, 4=0.1%, 8=0.1%, 16=0.1%, 32=0.2%, >=64=99.6%
     submit    : 0=0.0%, 4=100.0%, 8=0.0%, 16=0.0%, 32=0.0%, 64=0.0%, >=64=0.0%
     complete  : 0=0.0%, 4=100.0%, 8=0.0%, 16=0.0%, 32=0.0%, 64=0.1%, >=64=0.0%
     issued rwt: total=0,16384,0, short=0,0,0, dropped=0,0,0
     latency   : target=0, window=0, percentile=100.00%, depth=64

Run status group 0 (all jobs):
  WRITE: bw=12.5MiB/s (13.1MB/s), 12.5MiB/s-12.5MiB/s (13.1MB/s-13.1MB/s), io=1024MiB (1074MB), run=81868-81868msec

Disk stats (read/write):
  sdi: ios=0/15627, merge=0/636, ticks=0/5061937, in_queue=5076333, util=99.96%
