test: (g=0): rw=randwrite, bs=(R) 4096B-4096B, (W) 4096B-4096B, (T) 4096B-4096B, ioengine=libaio, iodepth=64
fio-3.1
Starting 1 process

test: (groupid=0, jobs=1): err= 0: pid=30486: Sun Jul 15 05:54:43 2018
  write: IOPS=219, BW=879KiB/s (900kB/s)(1024MiB/1193228msec)
    slat (nsec): min=2484, max=98658, avg=19841.94, stdev=8492.52
    clat (usec): min=294, max=2047.9k, avg=291289.36, stdev=208111.11
     lat (usec): min=324, max=2047.0k, avg=291309.64, stdev=208112.83
    clat percentiles (msec):
     |  1.00th=[   13],  5.00th=[   21], 10.00th=[   30], 20.00th=[  127],
     | 30.00th=[  184], 40.00th=[  224], 50.00th=[  266], 60.00th=[  305],
     | 70.00th=[  351], 80.00th=[  414], 90.00th=[  575], 95.00th=[  709],
     | 99.00th=[  953], 99.50th=[ 1053], 99.90th=[ 1301], 99.95th=[ 1418],
     | 99.99th=[ 1703]
   bw (  KiB/s): min=    8, max= 3960, per=100.00%, avg=893.46, stdev=344.43, samples=2347
   iops        : min=    2, max=  990, avg=223.33, stdev=86.10, samples=2347
  lat (usec)   : 500=0.01%, 750=0.01%, 1000=0.01%
  lat (msec)   : 2=0.01%, 4=0.06%, 10=0.52%, 20=4.21%, 50=9.64%
  lat (msec)   : 100=3.44%, 250=28.60%, 500=40.27%, 750=9.41%, 1000=3.15%
  lat (msec)   : 2000=0.70%, >=2000=0.01%
  cpu          : usr=0.26%, sys=0.76%, ctx=259181, majf=0, minf=28
  IO depths    : 1=0.1%, 2=0.1%, 4=0.1%, 8=0.1%, 16=0.1%, 32=0.1%, >=64=100.0%
     submit    : 0=0.0%, 4=100.0%, 8=0.0%, 16=0.0%, 32=0.0%, 64=0.0%, >=64=0.0%
     complete  : 0=0.0%, 4=100.0%, 8=0.0%, 16=0.0%, 32=0.0%, 64=0.1%, >=64=0.0%
     issued rwt: total=0,262144,0, short=0,0,0, dropped=0,0,0
     latency   : target=0, window=0, percentile=100.00%, depth=64

Run status group 0 (all jobs):
  WRITE: bw=879KiB/s (900kB/s), 879KiB/s-879KiB/s (900kB/s-900kB/s), io=1024MiB (1074MB), run=1193228-1193228msec

Disk stats (read/write):
  sdi: ios=0/259321, merge=0/2645, ticks=0/75988846, in_queue=75990215, util=100.00%
