test: (g=0): rw=read, bs=(R) 64.0KiB-64.0KiB, (W) 64.0KiB-64.0KiB, (T) 64.0KiB-64.0KiB, ioengine=libaio, iodepth=64
fio-3.1
Starting 1 process

test: (groupid=0, jobs=1): err= 0: pid=30241: Sun Jul 15 05:34:27 2018
   read: IOPS=3287, BW=205MiB/s (215MB/s)(1024MiB/4983msec)
    slat (usec): min=3, max=170, avg=12.88, stdev= 7.03
    clat (usec): min=1293, max=38547, avg=19444.77, stdev=1147.82
     lat (usec): min=1332, max=38570, avg=19457.80, stdev=1147.36
    clat percentiles (usec):
     |  1.00th=[18744],  5.00th=[19006], 10.00th=[19006], 20.00th=[19006],
     | 30.00th=[19006], 40.00th=[19268], 50.00th=[19530], 60.00th=[19530],
     | 70.00th=[19530], 80.00th=[19530], 90.00th=[20055], 95.00th=[20055],
     | 99.00th=[23462], 99.50th=[25035], 99.90th=[33424], 99.95th=[36439],
     | 99.99th=[37487]
   bw (  KiB/s): min=207872, max=214016, per=100.00%, avg=210744.89, stdev=2484.58, samples=9
   iops        : min= 3248, max= 3344, avg=3292.89, stdev=38.82, samples=9
  lat (msec)   : 2=0.08%, 4=0.05%, 10=0.01%, 20=93.36%, 50=6.49%
  cpu          : usr=1.28%, sys=6.40%, ctx=8708, majf=0, minf=545
  IO depths    : 1=0.1%, 2=0.1%, 4=0.1%, 8=0.1%, 16=0.1%, 32=0.2%, >=64=99.6%
     submit    : 0=0.0%, 4=100.0%, 8=0.0%, 16=0.0%, 32=0.0%, 64=0.0%, >=64=0.0%
     complete  : 0=0.0%, 4=100.0%, 8=0.0%, 16=0.0%, 32=0.0%, 64=0.1%, >=64=0.0%
     issued rwt: total=16384,0,0, short=0,0,0, dropped=0,0,0
     latency   : target=0, window=0, percentile=100.00%, depth=64

Run status group 0 (all jobs):
   READ: bw=205MiB/s (215MB/s), 205MiB/s-205MiB/s (215MB/s-215MB/s), io=1024MiB (1074MB), run=4983-4983msec

Disk stats (read/write):
  sdi: ios=8551/0, merge=7560/0, ticks=165508/0, in_queue=165937, util=98.07%
