test: (g=0): rw=randread, bs=(R) 64.0KiB-64.0KiB, (W) 64.0KiB-64.0KiB, (T) 64.0KiB-64.0KiB, ioengine=libaio, iodepth=64
fio-3.1
Starting 1 process

test: (groupid=0, jobs=1): err= 0: pid=16354: Sun Jul 15 01:53:18 2018
   read: IOPS=8106, BW=507MiB/s (531MB/s)(1024MiB/2021msec)
    slat (usec): min=3, max=558, avg= 8.70, stdev= 6.64
    clat (usec): min=1487, max=33511, avg=7876.70, stdev=2642.21
     lat (usec): min=1515, max=33519, avg=7885.46, stdev=2642.06
    clat percentiles (usec):
     |  1.00th=[ 4228],  5.00th=[ 4686], 10.00th=[ 5014], 20.00th=[ 5669],
     | 30.00th=[ 6325], 40.00th=[ 6980], 50.00th=[ 7635], 60.00th=[ 8225],
     | 70.00th=[ 8979], 80.00th=[ 9634], 90.00th=[10552], 95.00th=[11469],
     | 99.00th=[18220], 99.50th=[21365], 99.90th=[27919], 99.95th=[29492],
     | 99.99th=[32375]
   bw (  KiB/s): min=514944, max=521728, per=100.00%, avg=518944.00, stdev=2976.97, samples=4
   iops        : min= 8046, max= 8152, avg=8108.50, stdev=46.52, samples=4
  lat (msec)   : 2=0.10%, 4=0.21%, 10=84.36%, 20=14.69%, 50=0.63%
  cpu          : usr=2.13%, sys=14.36%, ctx=15685, majf=0, minf=544
  IO depths    : 1=0.1%, 2=0.1%, 4=0.1%, 8=0.1%, 16=0.1%, 32=0.2%, >=64=99.6%
     submit    : 0=0.0%, 4=100.0%, 8=0.0%, 16=0.0%, 32=0.0%, 64=0.0%, >=64=0.0%
     complete  : 0=0.0%, 4=100.0%, 8=0.0%, 16=0.0%, 32=0.0%, 64=0.1%, >=64=0.0%
     issued rwt: total=16384,0,0, short=0,0,0, dropped=0,0,0
     latency   : target=0, window=0, percentile=100.00%, depth=64

Run status group 0 (all jobs):
   READ: bw=507MiB/s (531MB/s), 507MiB/s-507MiB/s (531MB/s-531MB/s), io=1024MiB (1074MB), run=2021-2021msec

Disk stats (read/write):
  sdb: ios=14936/0, merge=447/0, ticks=117681/0, in_queue=117908, util=95.14%
