test: (g=0): rw=randwrite, bs=(R) 4096B-4096B, (W) 4096B-4096B, (T) 4096B-4096B, ioengine=libaio, iodepth=64
fio-3.1
Starting 1 process

test: (groupid=0, jobs=1): err= 0: pid=25174: Sun Jul 15 03:41:12 2018
  write: IOPS=224, BW=899KiB/s (921kB/s)(1024MiB/1166093msec)
    slat (nsec): min=2399, max=71567, avg=20230.10, stdev=8202.80
    clat (usec): min=272, max=2097.1k, avg=284664.24, stdev=202708.59
     lat (usec): min=303, max=2097.2k, avg=284684.89, stdev=202710.25
    clat percentiles (msec):
     |  1.00th=[   13],  5.00th=[   21], 10.00th=[   31], 20.00th=[  128],
     | 30.00th=[  180], 40.00th=[  220], 50.00th=[  257], 60.00th=[  296],
     | 70.00th=[  342], 80.00th=[  405], 90.00th=[  558], 95.00th=[  693],
     | 99.00th=[  936], 99.50th=[ 1028], 99.90th=[ 1267], 99.95th=[ 1351],
     | 99.99th=[ 1620]
   bw (  KiB/s): min=    8, max= 3952, per=100.00%, avg=916.37, stdev=351.71, samples=2288
   iops        : min=    2, max=  988, avg=229.08, stdev=87.93, samples=2288
  lat (usec)   : 500=0.01%, 750=0.01%, 1000=0.01%
  lat (msec)   : 2=0.01%, 4=0.06%, 10=0.49%, 20=4.06%, 50=9.35%
  lat (msec)   : 100=3.52%, 250=30.73%, 500=39.01%, 750=9.27%, 1000=2.89%
  lat (msec)   : 2000=0.60%, >=2000=0.01%
  cpu          : usr=0.29%, sys=0.79%, ctx=259185, majf=0, minf=28
  IO depths    : 1=0.1%, 2=0.1%, 4=0.1%, 8=0.1%, 16=0.1%, 32=0.1%, >=64=100.0%
     submit    : 0=0.0%, 4=100.0%, 8=0.0%, 16=0.0%, 32=0.0%, 64=0.0%, >=64=0.0%
     complete  : 0=0.0%, 4=100.0%, 8=0.0%, 16=0.0%, 32=0.0%, 64=0.1%, >=64=0.0%
     issued rwt: total=0,262144,0, short=0,0,0, dropped=0,0,0
     latency   : target=0, window=0, percentile=100.00%, depth=64

Run status group 0 (all jobs):
  WRITE: bw=899KiB/s (921kB/s), 899KiB/s-899KiB/s (921kB/s-921kB/s), io=1024MiB (1074MB), run=1166093-1166093msec

Disk stats (read/write):
  sdf: ios=0/259482, merge=0/2710, ticks=0/74275647, in_queue=74276455, util=100.00%
