test: (g=0): rw=read, bs=(R) 1024KiB-1024KiB, (W) 1024KiB-1024KiB, (T) 1024KiB-1024KiB, ioengine=libaio, iodepth=64
fio-3.1
Starting 1 process

test: (groupid=0, jobs=1): err= 0: pid=25130: Sun Jul 15 03:21:45 2018
   read: IOPS=198, BW=199MiB/s (208MB/s)(1024MiB/5158msec)
    slat (usec): min=33, max=73540, avg=4864.11, stdev=12937.17
    clat (msec): min=132, max=481, avg=315.21, stdev=36.26
     lat (msec): min=133, max=481, avg=320.07, stdev=34.67
    clat percentiles (msec):
     |  1.00th=[  169],  5.00th=[  271], 10.00th=[  275], 20.00th=[  305],
     | 30.00th=[  309], 40.00th=[  317], 50.00th=[  317], 60.00th=[  321],
     | 70.00th=[  334], 80.00th=[  334], 90.00th=[  338], 95.00th=[  368],
     | 99.00th=[  405], 99.50th=[  443], 99.90th=[  481], 99.95th=[  481],
     | 99.99th=[  481]
   bw (  KiB/s): min=155648, max=212992, per=96.83%, avg=196852.20, stdev=17813.48, samples=10
   iops        : min=  152, max=  208, avg=192.20, stdev=17.40, samples=10
  lat (msec)   : 250=4.00%, 500=96.00%
  cpu          : usr=0.02%, sys=2.29%, ctx=161, majf=0, minf=576
  IO depths    : 1=0.1%, 2=0.2%, 4=0.4%, 8=0.8%, 16=1.6%, 32=3.1%, >=64=93.8%
     submit    : 0=0.0%, 4=100.0%, 8=0.0%, 16=0.0%, 32=0.0%, 64=0.0%, >=64=0.0%
     complete  : 0=0.0%, 4=99.9%, 8=0.0%, 16=0.0%, 32=0.0%, 64=0.1%, >=64=0.0%
     issued rwt: total=1024,0,0, short=0,0,0, dropped=0,0,0
     latency   : target=0, window=0, percentile=100.00%, depth=64

Run status group 0 (all jobs):
   READ: bw=199MiB/s (208MB/s), 199MiB/s-199MiB/s (208MB/s-208MB/s), io=1024MiB (1074MB), run=5158-5158msec

Disk stats (read/write):
  sdf: ios=4083/4, merge=0/4, ticks=721207/4354, in_queue=727640, util=98.15%
