test: (g=0): rw=randwrite, bs=(R) 64.0KiB-64.0KiB, (W) 64.0KiB-64.0KiB, (T) 64.0KiB-64.0KiB, ioengine=libaio, iodepth=64
fio-3.1
Starting 1 process

test: (groupid=0, jobs=1): err= 0: pid=25415: Sun Jul 15 04:05:15 2018
  write: IOPS=205, BW=12.8MiB/s (13.5MB/s)(1024MiB/79818msec)
    slat (nsec): min=5218, max=71878, avg=24859.12, stdev=10524.56
    clat (usec): min=599, max=1765.9k, avg=311753.28, stdev=254254.46
     lat (usec): min=629, max=1765.0k, avg=311778.51, stdev=254255.97
    clat percentiles (msec):
     |  1.00th=[   10],  5.00th=[   17], 10.00th=[   22], 20.00th=[   36],
     | 30.00th=[  120], 40.00th=[  209], 50.00th=[  284], 60.00th=[  355],
     | 70.00th=[  418], 80.00th=[  527], 90.00th=[  684], 95.00th=[  785],
     | 99.00th=[  969], 99.50th=[ 1062], 99.90th=[ 1301], 99.95th=[ 1368],
     | 99.99th=[ 1737]
   bw (  KiB/s): min=  384, max=31360, per=100.00%, avg=13339.38, stdev=6291.82, samples=156
   iops        : min=    6, max=  490, avg=208.42, stdev=98.32, samples=156
  lat (usec)   : 750=0.01%, 1000=0.01%
  lat (msec)   : 2=0.03%, 4=0.20%, 10=0.78%, 20=7.53%, 50=13.85%
  lat (msec)   : 100=5.82%, 250=18.29%, 500=31.48%, 750=15.49%, 1000=5.68%
  lat (msec)   : 2000=0.84%
  cpu          : usr=0.27%, sys=0.73%, ctx=15707, majf=0, minf=28
  IO depths    : 1=0.1%, 2=0.1%, 4=0.1%, 8=0.1%, 16=0.1%, 32=0.2%, >=64=99.6%
     submit    : 0=0.0%, 4=100.0%, 8=0.0%, 16=0.0%, 32=0.0%, 64=0.0%, >=64=0.0%
     complete  : 0=0.0%, 4=100.0%, 8=0.0%, 16=0.0%, 32=0.0%, 64=0.1%, >=64=0.0%
     issued rwt: total=0,16384,0, short=0,0,0, dropped=0,0,0
     latency   : target=0, window=0, percentile=100.00%, depth=64

Run status group 0 (all jobs):
  WRITE: bw=12.8MiB/s (13.5MB/s), 12.8MiB/s-12.8MiB/s (13.5MB/s-13.5MB/s), io=1024MiB (1074MB), run=79818-79818msec

Disk stats (read/write):
  sdf: ios=0/15637, merge=0/660, ticks=0/4940269, in_queue=4951145, util=99.93%
