test: (g=0): rw=randwrite, bs=(R) 8192B-8192B, (W) 8192B-8192B, (T) 8192B-8192B, ioengine=libaio, iodepth=64
fio-3.1
Starting 1 process

test: (groupid=0, jobs=1): err= 0: pid=25307: Sun Jul 15 03:59:35 2018
  write: IOPS=223, BW=1785KiB/s (1828kB/s)(1024MiB/587286msec)
    slat (nsec): min=2543, max=65506, avg=19941.46, stdev=8449.29
    clat (usec): min=337, max=1831.8k, avg=286734.84, stdev=212456.57
     lat (usec): min=396, max=1831.8k, avg=286755.19, stdev=212458.36
    clat percentiles (msec):
     |  1.00th=[   11],  5.00th=[   19], 10.00th=[   27], 20.00th=[  106],
     | 30.00th=[  176], 40.00th=[  218], 50.00th=[  257], 60.00th=[  300],
     | 70.00th=[  351], 80.00th=[  414], 90.00th=[  584], 95.00th=[  709],
     | 99.00th=[  953], 99.50th=[ 1045], 99.90th=[ 1284], 99.95th=[ 1401],
     | 99.99th=[ 1569]
   bw (  KiB/s): min=   32, max= 5088, per=100.00%, avg=1820.01, stdev=736.75, samples=1147
   iops        : min=    4, max=  636, avg=227.49, stdev=92.09, samples=1147
  lat (usec)   : 500=0.01%, 750=0.01%, 1000=0.01%
  lat (msec)   : 2=0.01%, 4=0.14%, 10=0.72%, 20=5.01%, 50=10.20%
  lat (msec)   : 100=3.52%, 250=28.62%, 500=38.03%, 750=9.76%, 1000=3.28%
  lat (msec)   : 2000=0.68%
  cpu          : usr=0.27%, sys=0.77%, ctx=128851, majf=0, minf=28
  IO depths    : 1=0.1%, 2=0.1%, 4=0.1%, 8=0.1%, 16=0.1%, 32=0.1%, >=64=100.0%
     submit    : 0=0.0%, 4=100.0%, 8=0.0%, 16=0.0%, 32=0.0%, 64=0.0%, >=64=0.0%
     complete  : 0=0.0%, 4=100.0%, 8=0.0%, 16=0.0%, 32=0.0%, 64=0.1%, >=64=0.0%
     issued rwt: total=0,131072,0, short=0,0,0, dropped=0,0,0
     latency   : target=0, window=0, percentile=100.00%, depth=64

Run status group 0 (all jobs):
  WRITE: bw=1785KiB/s (1828kB/s), 1785KiB/s-1785KiB/s (1828kB/s-1828kB/s), io=1024MiB (1074MB), run=587286-587286msec

Disk stats (read/write):
  sdf: ios=0/128758, merge=0/1887, ticks=0/37272755, in_queue=37275778, util=100.00%
