test: (g=0): rw=read, bs=(R) 64.0KiB-64.0KiB, (W) 64.0KiB-64.0KiB, (T) 64.0KiB-64.0KiB, ioengine=libaio, iodepth=64
fio-3.1
Starting 1 process

test: (groupid=0, jobs=1): err= 0: pid=21795: Sun Jul 15 08:31:06 2018
   read: IOPS=3240, BW=203MiB/s (212MB/s)(1024MiB/5056msec)
    slat (usec): min=3, max=696, avg=13.22, stdev= 9.03
    clat (usec): min=1832, max=38257, avg=19726.69, stdev=1115.28
     lat (usec): min=1873, max=38260, avg=19740.07, stdev=1114.33
    clat percentiles (usec):
     |  1.00th=[19268],  5.00th=[19268], 10.00th=[19530], 20.00th=[19530],
     | 30.00th=[19530], 40.00th=[19530], 50.00th=[19530], 60.00th=[19530],
     | 70.00th=[19530], 80.00th=[20055], 90.00th=[20055], 95.00th=[20055],
     | 99.00th=[23725], 99.50th=[27657], 99.90th=[33817], 99.95th=[35914],
     | 99.99th=[36963]
   bw (  KiB/s): min=205568, max=208896, per=99.97%, avg=207334.40, stdev=1036.02, samples=10
   iops        : min= 3212, max= 3264, avg=3239.60, stdev=16.19, samples=10
  lat (msec)   : 2=0.04%, 4=0.03%, 10=0.07%, 20=81.37%, 50=18.49%
  cpu          : usr=0.99%, sys=7.18%, ctx=8708, majf=0, minf=545
  IO depths    : 1=0.1%, 2=0.1%, 4=0.1%, 8=0.1%, 16=0.1%, 32=0.2%, >=64=99.6%
     submit    : 0=0.0%, 4=100.0%, 8=0.0%, 16=0.0%, 32=0.0%, 64=0.0%, >=64=0.0%
     complete  : 0=0.0%, 4=100.0%, 8=0.0%, 16=0.0%, 32=0.0%, 64=0.1%, >=64=0.0%
     issued rwt: total=16384,0,0, short=0,0,0, dropped=0,0,0
     latency   : target=0, window=0, percentile=100.00%, depth=64

Run status group 0 (all jobs):
   READ: bw=203MiB/s (212MB/s), 203MiB/s-203MiB/s (212MB/s-212MB/s), io=1024MiB (1074MB), run=5056-5056msec

Disk stats (read/write):
  sdm: ios=8418/0, merge=7440/0, ticks=165359/0, in_queue=165777, util=98.03%
