test: (g=0): rw=randread, bs=(R) 4096B-4096B, (W) 4096B-4096B, (T) 4096B-4096B, ioengine=libaio, iodepth=64
fio-3.1
Starting 1 process

test: (groupid=0, jobs=1): err= 0: pid=39578: Sun Jul 15 08:14:20 2018
   read: IOPS=512, BW=2052KiB/s (2101kB/s)(1024MiB/511046msec)
    slat (nsec): min=1393, max=647388, avg=15159.56, stdev=6489.97
    clat (usec): min=612, max=1179.2k, avg=124746.32, stdev=92664.32
     lat (usec): min=619, max=1179.2k, avg=124761.94, stdev=92664.55
    clat percentiles (msec):
     |  1.00th=[   13],  5.00th=[   26], 10.00th=[   37], 20.00th=[   56],
     | 30.00th=[   72], 40.00th=[   88], 50.00th=[  104], 60.00th=[  121],
     | 70.00th=[  142], 80.00th=[  176], 90.00th=[  241], 95.00th=[  309],
     | 99.00th=[  468], 99.50th=[  535], 99.90th=[  701], 99.95th=[  776],
     | 99.99th=[  919]
   bw (  KiB/s): min=  512, max= 8784, per=100.00%, avg=2051.18, stdev=438.52, samples=1022
   iops        : min=  128, max= 2196, avg=512.79, stdev=109.63, samples=1022
  lat (usec)   : 750=0.01%, 1000=0.01%
  lat (msec)   : 2=0.02%, 4=0.06%, 10=0.50%, 20=2.35%, 50=14.08%
  lat (msec)   : 100=31.18%, 250=42.84%, 500=8.26%, 750=0.65%, 1000=0.06%
  lat (msec)   : 2000=0.01%
  cpu          : usr=0.71%, sys=1.61%, ctx=257846, majf=0, minf=95
  IO depths    : 1=0.1%, 2=0.1%, 4=0.1%, 8=0.1%, 16=0.1%, 32=0.1%, >=64=100.0%
     submit    : 0=0.0%, 4=100.0%, 8=0.0%, 16=0.0%, 32=0.0%, 64=0.0%, >=64=0.0%
     complete  : 0=0.0%, 4=100.0%, 8=0.0%, 16=0.0%, 32=0.0%, 64=0.1%, >=64=0.0%
     issued rwt: total=262144,0,0, short=0,0,0, dropped=0,0,0
     latency   : target=0, window=0, percentile=100.00%, depth=64

Run status group 0 (all jobs):
   READ: bw=2052KiB/s (2101kB/s), 2052KiB/s-2052KiB/s (2101kB/s-2101kB/s), io=1024MiB (1074MB), run=511046-511046msec

Disk stats (read/write):
  sdl: ios=259114/6, merge=2553/0, ticks=32509704/3622, in_queue=32515872, util=100.00%
