test: (g=0): rw=write, bs=(R) 1024KiB-1024KiB, (W) 1024KiB-1024KiB, (T) 1024KiB-1024KiB, ioengine=libaio, iodepth=64
fio-3.1
Starting 1 process

test: (groupid=0, jobs=1): err= 0: pid=24374: Fri Aug 17 17:57:45 2018
  write: IOPS=199, BW=199MiB/s (209MB/s)(1024MiB/5143msec)
    slat (usec): min=67, max=52610, avg=4800.90, stdev=12684.56
    clat (msec): min=129, max=568, avg=314.50, stdev=42.05
     lat (msec): min=129, max=568, avg=319.30, stdev=41.08
    clat percentiles (msec):
     |  1.00th=[  167],  5.00th=[  262], 10.00th=[  284], 20.00th=[  292],
     | 30.00th=[  300], 40.00th=[  309], 50.00th=[  321], 60.00th=[  326],
     | 70.00th=[  330], 80.00th=[  330], 90.00th=[  338], 95.00th=[  347],
     | 99.00th=[  485], 99.50th=[  523], 99.90th=[  567], 99.95th=[  567],
     | 99.99th=[  567]
   bw (  KiB/s): min=157696, max=212992, per=96.53%, avg=196812.80, stdev=18830.96, samples=10
   iops        : min=  154, max=  208, avg=192.20, stdev=18.39, samples=10
  lat (msec)   : 250=3.32%, 500=95.70%, 750=0.98%
  cpu          : usr=1.34%, sys=2.20%, ctx=153, majf=0, minf=28
  IO depths    : 1=0.1%, 2=0.2%, 4=0.4%, 8=0.8%, 16=1.6%, 32=3.1%, >=64=93.8%
     submit    : 0=0.0%, 4=100.0%, 8=0.0%, 16=0.0%, 32=0.0%, 64=0.0%, >=64=0.0%
     complete  : 0=0.0%, 4=99.9%, 8=0.0%, 16=0.0%, 32=0.0%, 64=0.1%, >=64=0.0%
     issued rwt: total=0,1024,0, short=0,0,0, dropped=0,0,0
     latency   : target=0, window=0, percentile=100.00%, depth=64

Run status group 0 (all jobs):
  WRITE: bw=199MiB/s (209MB/s), 199MiB/s-199MiB/s (209MB/s-209MB/s), io=1024MiB (1074MB), run=5143-5143msec

Disk stats (read/write):
  sdg: ios=15/4069, merge=0/0, ticks=0/716388, in_queue=721999, util=97.54%
