test: (g=0): rw=write, bs=(R) 512KiB-512KiB, (W) 512KiB-512KiB, (T) 512KiB-512KiB, ioengine=libaio, iodepth=64
fio-3.1
Starting 1 process

test: (groupid=0, jobs=1): err= 0: pid=33055: Sun Jul 15 06:20:01 2018
  write: IOPS=396, BW=198MiB/s (208MB/s)(1024MiB/5161msec)
    slat (usec): min=38, max=206, avg=126.13, stdev=35.70
    clat (msec): min=26, max=341, avg=161.00, stdev=26.03
     lat (msec): min=26, max=341, avg=161.13, stdev=26.02
    clat percentiles (msec):
     |  1.00th=[  153],  5.00th=[  153], 10.00th=[  153], 20.00th=[  153],
     | 30.00th=[  153], 40.00th=[  155], 50.00th=[  155], 60.00th=[  157],
     | 70.00th=[  159], 80.00th=[  159], 90.00th=[  161], 95.00th=[  207],
     | 99.00th=[  300], 99.50th=[  321], 99.90th=[  338], 99.95th=[  338],
     | 99.99th=[  342]
   bw (  KiB/s): min=129024, max=214444, per=99.86%, avg=202897.20, stdev=26209.80, samples=10
   iops        : min=  252, max=  418, avg=396.20, stdev=51.15, samples=10
  lat (msec)   : 50=0.05%, 100=0.10%, 250=96.73%, 500=3.12%
  cpu          : usr=1.98%, sys=3.99%, ctx=2049, majf=0, minf=28
  IO depths    : 1=0.1%, 2=0.1%, 4=0.2%, 8=0.4%, 16=0.8%, 32=1.6%, >=64=96.9%
     submit    : 0=0.0%, 4=100.0%, 8=0.0%, 16=0.0%, 32=0.0%, 64=0.0%, >=64=0.0%
     complete  : 0=0.0%, 4=99.9%, 8=0.0%, 16=0.0%, 32=0.0%, 64=0.1%, >=64=0.0%
     issued rwt: total=0,2048,0, short=0,0,0, dropped=0,0,0
     latency   : target=0, window=0, percentile=100.00%, depth=64

Run status group 0 (all jobs):
  WRITE: bw=198MiB/s (208MB/s), 198MiB/s-198MiB/s (208MB/s-208MB/s), io=1024MiB (1074MB), run=5161-5161msec

Disk stats (read/write):
  sdj: ios=0/4062, merge=0/0, ticks=0/642321, in_queue=646847, util=97.80%
