test: (g=0): rw=randwrite, bs=(R) 8192B-8192B, (W) 8192B-8192B, (T) 8192B-8192B, ioengine=libaio, iodepth=64
fio-3.1
Starting 1 process

test: (groupid=0, jobs=1): err= 0: pid=25129: Fri Jul 13 13:32:13 2018
  write: IOPS=409, BW=3279KiB/s (3358kB/s)(1024MiB/319765msec)
    slat (nsec): min=1859, max=350377, avg=16034.58, stdev=8568.24
    clat (usec): min=222, max=1075.2k, avg=156107.10, stdev=114466.32
     lat (usec): min=245, max=1075.2k, avg=156123.49, stdev=114468.05
    clat percentiles (msec):
     |  1.00th=[   11],  5.00th=[   18], 10.00th=[   24], 20.00th=[   59],
     | 30.00th=[   95], 40.00th=[  117], 50.00th=[  138], 60.00th=[  161],
     | 70.00th=[  186], 80.00th=[  222], 90.00th=[  313], 95.00th=[  397],
     | 99.00th=[  518], 99.50th=[  567], 99.90th=[  693], 99.95th=[  760],
     | 99.99th=[  911]
   bw (  KiB/s): min=  800, max=14336, per=99.91%, avg=3276.10, stdev=1104.02, samples=639
   iops        : min=  100, max= 1792, avg=409.50, stdev=138.00, samples=639
  lat (usec)   : 250=0.01%, 500=0.01%, 1000=0.01%
  lat (msec)   : 2=0.01%, 4=0.09%, 10=0.69%, 20=6.52%, 50=11.49%
  lat (msec)   : 100=13.46%, 250=52.51%, 500=13.93%, 750=1.25%, 1000=0.06%
  lat (msec)   : 2000=0.01%
  cpu          : usr=0.46%, sys=1.23%, ctx=128831, majf=0, minf=326
  IO depths    : 1=0.1%, 2=0.1%, 4=0.1%, 8=0.1%, 16=0.1%, 32=0.1%, >=64=100.0%
     submit    : 0=0.0%, 4=100.0%, 8=0.0%, 16=0.0%, 32=0.0%, 64=0.0%, >=64=0.0%
     complete  : 0=0.0%, 4=100.0%, 8=0.0%, 16=0.0%, 32=0.0%, 64=0.1%, >=64=0.0%
     issued rwt: total=0,131072,0, short=0,0,0, dropped=0,0,0
     latency   : target=0, window=0, percentile=100.00%, depth=64

Run status group 0 (all jobs):
  WRITE: bw=3279KiB/s (3358kB/s), 3279KiB/s-3279KiB/s (3358kB/s-3358kB/s), io=1024MiB (1074MB), run=319765-319765msec

Disk stats (read/write):
  sdd: ios=40/129011, merge=0/2051, ticks=21430/20276933, in_queue=20298864, util=100.00%
