test: (g=0): rw=randread, bs=(R) 8192B-8192B, (W) 8192B-8192B, (T) 8192B-8192B, ioengine=libaio, iodepth=64
fio-3.1
Starting 1 process

test: (groupid=0, jobs=1): err= 0: pid=25180: Fri Jul 13 13:36:29 2018
   read: IOPS=514, BW=4119KiB/s (4217kB/s)(1024MiB/254600msec)
    slat (nsec): min=1396, max=117345, avg=13181.82, stdev=5687.93
    clat (usec): min=848, max=1120.9k, avg=124296.97, stdev=92952.51
     lat (usec): min=851, max=1120.0k, avg=124310.63, stdev=92952.79
    clat percentiles (msec):
     |  1.00th=[   13],  5.00th=[   26], 10.00th=[   37], 20.00th=[   55],
     | 30.00th=[   71], 40.00th=[   87], 50.00th=[  103], 60.00th=[  120],
     | 70.00th=[  142], 80.00th=[  176], 90.00th=[  239], 95.00th=[  309],
     | 99.00th=[  464], 99.50th=[  531], 99.90th=[  693], 99.95th=[  776],
     | 99.99th=[  969]
   bw (  KiB/s): min= 2048, max=10960, per=100.00%, avg=4117.86, stdev=749.50, samples=509
   iops        : min=  256, max= 1370, avg=514.72, stdev=93.69, samples=509
  lat (usec)   : 1000=0.01%
  lat (msec)   : 2=0.01%, 4=0.04%, 10=0.45%, 20=2.39%, 50=14.46%
  lat (msec)   : 100=31.32%, 250=42.38%, 500=8.26%, 750=0.62%, 1000=0.06%
  lat (msec)   : 2000=0.01%
  cpu          : usr=0.68%, sys=1.51%, ctx=128344, majf=0, minf=456
  IO depths    : 1=0.1%, 2=0.1%, 4=0.1%, 8=0.1%, 16=0.1%, 32=0.1%, >=64=100.0%
     submit    : 0=0.0%, 4=100.0%, 8=0.0%, 16=0.0%, 32=0.0%, 64=0.0%, >=64=0.0%
     complete  : 0=0.0%, 4=100.0%, 8=0.0%, 16=0.0%, 32=0.0%, 64=0.1%, >=64=0.0%
     issued rwt: total=131072,0,0, short=0,0,0, dropped=0,0,0
     latency   : target=0, window=0, percentile=100.00%, depth=64

Run status group 0 (all jobs):
   READ: bw=4119KiB/s (4217kB/s), 4119KiB/s-4119KiB/s (4217kB/s-4217kB/s), io=1024MiB (1074MB), run=254600-254600msec

Disk stats (read/write):
  sdd: ios=128850/0, merge=1976/0, ticks=16123438/0, in_queue=16127978, util=100.00%
