test: (g=0): rw=write, bs=(R) 512KiB-512KiB, (W) 512KiB-512KiB, (T) 512KiB-512KiB, ioengine=libaio, iodepth=64
fio-3.1
Starting 1 process

test: (groupid=0, jobs=1): err= 0: pid=38320: Fri Jul 13 13:01:51 2018
  write: IOPS=967, BW=484MiB/s (507MB/s)(1024MiB/2117msec)
    slat (usec): min=29, max=183, avg=105.11, stdev=36.92
    clat (msec): min=3, max=127, avg=65.94, stdev= 9.56
     lat (msec): min=3, max=127, avg=66.05, stdev= 9.57
    clat percentiles (msec):
     |  1.00th=[   20],  5.00th=[   64], 10.00th=[   64], 20.00th=[   64],
     | 30.00th=[   65], 40.00th=[   65], 50.00th=[   66], 60.00th=[   67],
     | 70.00th=[   68], 80.00th=[   69], 90.00th=[   70], 95.00th=[   72],
     | 99.00th=[  106], 99.50th=[  116], 99.90th=[  125], 99.95th=[  126],
     | 99.99th=[  128]
   bw (  KiB/s): min=481218, max=500736, per=99.85%, avg=494576.50, stdev=9074.15, samples=4
   iops        : min=  939, max=  978, avg=965.75, stdev=18.15, samples=4
  lat (msec)   : 4=0.20%, 10=0.29%, 20=0.54%, 50=1.51%, 100=96.19%
  lat (msec)   : 250=1.27%
  cpu          : usr=2.79%, sys=9.55%, ctx=2044, majf=0, minf=28
  IO depths    : 1=0.1%, 2=0.1%, 4=0.2%, 8=0.4%, 16=0.8%, 32=1.6%, >=64=96.9%
     submit    : 0=0.0%, 4=100.0%, 8=0.0%, 16=0.0%, 32=0.0%, 64=0.0%, >=64=0.0%
     complete  : 0=0.0%, 4=99.9%, 8=0.0%, 16=0.0%, 32=0.0%, 64=0.1%, >=64=0.0%
     issued rwt: total=0,2048,0, short=0,0,0, dropped=0,0,0
     latency   : target=0, window=0, percentile=100.00%, depth=64

Run status group 0 (all jobs):
  WRITE: bw=484MiB/s (507MB/s), 484MiB/s-484MiB/s (507MB/s-507MB/s), io=1024MiB (1074MB), run=2117-2117msec

Disk stats (read/write):
  sda: ios=40/3642, merge=0/0, ticks=16/235244, in_queue=239607, util=94.60%
