test: (g=0): rw=randwrite, bs=(R) 4096B-4096B, (W) 4096B-4096B, (T) 4096B-4096B, ioengine=libaio, iodepth=64
fio-3.1
Starting 1 process

test: (groupid=0, jobs=1): err= 0: pid=11114: Thu Jul 12 14:13:40 2018
  write: IOPS=1534, BW=6138KiB/s (6285kB/s)(1024MiB/170844msec)
    slat (nsec): min=1880, max=533301, avg=11551.81, stdev=8449.25
    clat (msec): min=3, max=415, avg=41.69, stdev=32.74
     lat (msec): min=3, max=415, avg=41.71, stdev=32.74
    clat percentiles (msec):
     |  1.00th=[    6],  5.00th=[    8], 10.00th=[   10], 20.00th=[   13],
     | 30.00th=[   16], 40.00th=[   24], 50.00th=[   35], 60.00th=[   44],
     | 70.00th=[   53], 80.00th=[   68], 90.00th=[   89], 95.00th=[  107],
     | 99.00th=[  140], 99.50th=[  157], 99.90th=[  190], 99.95th=[  201],
     | 99.99th=[  253]
   bw (  KiB/s): min= 2664, max=14800, per=100.00%, avg=6141.07, stdev=1312.21, samples=341
   iops        : min=  666, max= 3700, avg=1535.26, stdev=328.05, samples=341
  lat (msec)   : 4=0.01%, 10=12.68%, 20=23.88%, 50=30.98%, 100=26.04%
  lat (msec)   : 250=6.40%, 500=0.01%
  cpu          : usr=1.09%, sys=3.14%, ctx=171107, majf=0, minf=300
  IO depths    : 1=0.1%, 2=0.1%, 4=0.1%, 8=0.1%, 16=0.1%, 32=0.1%, >=64=100.0%
     submit    : 0=0.0%, 4=100.0%, 8=0.0%, 16=0.0%, 32=0.0%, 64=0.0%, >=64=0.0%
     complete  : 0=0.0%, 4=100.0%, 8=0.0%, 16=0.0%, 32=0.0%, 64=0.1%, >=64=0.0%
     issued rwt: total=0,262144,0, short=0,0,0, dropped=0,0,0
     latency   : target=0, window=0, percentile=100.00%, depth=64

Run status group 0 (all jobs):
  WRITE: bw=6138KiB/s (6285kB/s), 6138KiB/s-6138KiB/s (6285kB/s-6285kB/s), io=1024MiB (1074MB), run=170844-170844msec

Disk stats (read/write):
  sde: ios=35/259365, merge=0/2651, ticks=2764/10831154, in_queue=10834510, util=100.00%
