test: (g=0): rw=randread, bs=(R) 8192B-8192B, (W) 8192B-8192B, (T) 8192B-8192B, ioengine=libaio, iodepth=64
fio-3.1
Starting 1 process

test: (groupid=0, jobs=1): err= 0: pid=16755: Thu Jul 12 17:31:04 2018
   read: IOPS=498, BW=3985KiB/s (4081kB/s)(1024MiB/263110msec)
    slat (nsec): min=1538, max=271593, avg=13599.31, stdev=5561.39
    clat (usec): min=379, max=1098.2k, avg=128452.11, stdev=95394.00
     lat (usec): min=384, max=1098.3k, avg=128466.14, stdev=95394.16
    clat percentiles (msec):
     |  1.00th=[   14],  5.00th=[   27], 10.00th=[   39], 20.00th=[   57],
     | 30.00th=[   73], 40.00th=[   89], 50.00th=[  106], 60.00th=[  124],
     | 70.00th=[  146], 80.00th=[  182], 90.00th=[  249], 95.00th=[  317],
     | 99.00th=[  477], 99.50th=[  542], 99.90th=[  709], 99.95th=[  785],
     | 99.99th=[  927]
   bw (  KiB/s): min= 3104, max=10816, per=99.91%, avg=3981.29, stdev=729.72, samples=526
   iops        : min=  388, max= 1352, avg=497.65, stdev=91.22, samples=526
  lat (usec)   : 500=0.01%, 1000=0.01%
  lat (msec)   : 2=0.01%, 4=0.05%, 10=0.41%, 20=2.13%, 50=13.89%
  lat (msec)   : 100=30.11%, 250=43.58%, 500=9.04%, 750=0.70%, 1000=0.06%
  lat (msec)   : 2000=0.01%
  cpu          : usr=0.67%, sys=1.50%, ctx=128227, majf=0, minf=456
  IO depths    : 1=0.1%, 2=0.1%, 4=0.1%, 8=0.1%, 16=0.1%, 32=0.1%, >=64=100.0%
     submit    : 0=0.0%, 4=100.0%, 8=0.0%, 16=0.0%, 32=0.0%, 64=0.0%, >=64=0.0%
     complete  : 0=0.0%, 4=100.0%, 8=0.0%, 16=0.0%, 32=0.0%, 64=0.1%, >=64=0.0%
     issued rwt: total=131072,0,0, short=0,0,0, dropped=0,0,0
     latency   : target=0, window=0, percentile=100.00%, depth=64

Run status group 0 (all jobs):
   READ: bw=3985KiB/s (4081kB/s), 3985KiB/s-3985KiB/s (4081kB/s-4081kB/s), io=1024MiB (1074MB), run=263110-263110msec

Disk stats (read/write):
  sdn: ios=129056/0, merge=2009/0, ticks=16686579/0, in_queue=16687488, util=100.00%
