test: (g=0): rw=randread, bs=(R) 4096B-4096B, (W) 4096B-4096B, (T) 4096B-4096B, ioengine=libaio, iodepth=64
fio-3.1
Starting 1 process

test: (groupid=0, jobs=1): err= 0: pid=14738: Mon Jul 23 18:15:36 2018
   read: IOPS=525, BW=2102KiB/s (2152kB/s)(1024MiB/498863msec)
    slat (usec): min=2, max=639, avg=18.61, stdev= 7.39
    clat (msec): min=4, max=1166, avg=121.77, stdev=78.82
     lat (msec): min=4, max=1166, avg=121.79, stdev=78.82
    clat percentiles (msec):
     |  1.00th=[   28],  5.00th=[   57], 10.00th=[   65], 20.00th=[   72],
     | 30.00th=[   79], 40.00th=[   86], 50.00th=[   96], 60.00th=[  110],
     | 70.00th=[  129], 80.00th=[  159], 90.00th=[  215], 95.00th=[  275],
     | 99.00th=[  430], 99.50th=[  506], 99.90th=[  693], 99.95th=[  768],
     | 99.99th=[  953]
   bw (  KiB/s): min=  928, max= 7408, per=99.81%, avg=2097.09, stdev=394.01, samples=997
   iops        : min=  232, max= 1852, avg=524.27, stdev=98.50, samples=997
  lat (msec)   : 10=0.05%, 20=0.37%, 50=3.23%, 100=50.01%, 250=39.75%
  lat (msec)   : 500=6.07%, 750=0.47%, 1000=0.06%, 2000=0.01%
  cpu          : usr=0.60%, sys=1.59%, ctx=261395, majf=0, minf=367
  IO depths    : 1=0.1%, 2=0.1%, 4=0.1%, 8=0.1%, 16=0.1%, 32=0.1%, >=64=100.0%
     submit    : 0=0.0%, 4=100.0%, 8=0.0%, 16=0.0%, 32=0.0%, 64=0.0%, >=64=0.0%
     complete  : 0=0.0%, 4=100.0%, 8=0.0%, 16=0.0%, 32=0.0%, 64=0.1%, >=64=0.0%
     issued rwt: total=262144,0,0, short=0,0,0, dropped=0,0,0
     latency   : target=0, window=0, percentile=100.00%, depth=64

Run status group 0 (all jobs):
   READ: bw=2102KiB/s (2152kB/s), 2102KiB/s-2102KiB/s (2152kB/s-2152kB/s), io=1024MiB (1074MB), run=498863-498863msec

Disk stats (read/write):
  sde: ios=262097/0, merge=0/0, ticks=31925482/0, in_queue=31926819, util=100.00%
