test: (g=0): rw=read, bs=(R) 512KiB-512KiB, (W) 512KiB-512KiB, (T) 512KiB-512KiB, ioengine=libaio, iodepth=64
fio-3.1
Starting 1 process

test: (groupid=0, jobs=1): err= 0: pid=11648: Mon Jul 23 17:30:02 2018
   read: IOPS=400, BW=200MiB/s (210MB/s)(1024MiB/5115msec)
    slat (usec): min=27, max=747, avg=95.53, stdev=56.09
    clat (msec): min=11, max=315, avg=159.48, stdev=22.88
     lat (msec): min=11, max=315, avg=159.58, stdev=22.87
    clat percentiles (msec):
     |  1.00th=[   55],  5.00th=[  153], 10.00th=[  153], 20.00th=[  155],
     | 30.00th=[  155], 40.00th=[  161], 50.00th=[  161], 60.00th=[  161],
     | 70.00th=[  165], 80.00th=[  165], 90.00th=[  165], 95.00th=[  165],
     | 99.00th=[  266], 99.50th=[  292], 99.90th=[  309], 99.95th=[  313],
     | 99.99th=[  317]
   bw (  KiB/s): min=187392, max=214016, per=99.15%, avg=203264.00, stdev=8732.40, samples=10
   iops        : min=  366, max=  418, avg=397.00, stdev=17.06, samples=10
  lat (msec)   : 20=0.29%, 50=0.63%, 100=1.03%, 250=96.78%, 500=1.27%
  cpu          : usr=0.20%, sys=4.36%, ctx=2045, majf=0, minf=558
  IO depths    : 1=0.1%, 2=0.1%, 4=0.2%, 8=0.4%, 16=0.8%, 32=1.6%, >=64=96.9%
     submit    : 0=0.0%, 4=100.0%, 8=0.0%, 16=0.0%, 32=0.0%, 64=0.0%, >=64=0.0%
     complete  : 0=0.0%, 4=99.9%, 8=0.0%, 16=0.0%, 32=0.0%, 64=0.1%, >=64=0.0%
     issued rwt: total=2048,0,0, short=0,0,0, dropped=0,0,0
     latency   : target=0, window=0, percentile=100.00%, depth=64

Run status group 0 (all jobs):
   READ: bw=200MiB/s (210MB/s), 200MiB/s-200MiB/s (210MB/s-210MB/s), io=1024MiB (1074MB), run=5115-5115msec

Disk stats (read/write):
  sdd: ios=3922/0, merge=0/0, ticks=613222/0, in_queue=623241, util=98.02%
