test: (g=0): rw=write, bs=(R) 1024KiB-1024KiB, (W) 1024KiB-1024KiB, (T) 1024KiB-1024KiB, ioengine=libaio, iodepth=64
fio-3.1
Starting 1 process

test: (groupid=0, jobs=1): err= 0: pid=26337: Fri Aug 17 19:03:00 2018
  write: IOPS=204, BW=205MiB/s (215MB/s)(1024MiB/5002msec)
    slat (usec): min=68, max=69338, avg=4715.46, stdev=12485.21
    clat (msec): min=132, max=514, avg=305.87, stdev=38.12
     lat (msec): min=132, max=514, avg=310.59, stdev=37.22
    clat percentiles (msec):
     |  1.00th=[  171],  5.00th=[  249], 10.00th=[  275], 20.00th=[  288],
     | 30.00th=[  296], 40.00th=[  300], 50.00th=[  313], 60.00th=[  317],
     | 70.00th=[  321], 80.00th=[  326], 90.00th=[  334], 95.00th=[  342],
     | 99.00th=[  477], 99.50th=[  477], 99.90th=[  514], 99.95th=[  514],
     | 99.99th=[  514]
   bw (  KiB/s): min=122880, max=229376, per=93.89%, avg=196812.80, stdev=33170.15, samples=10
   iops        : min=  120, max=  224, avg=192.20, stdev=32.39, samples=10
  lat (msec)   : 250=5.18%, 500=94.53%, 750=0.29%
  cpu          : usr=1.34%, sys=2.36%, ctx=155, majf=0, minf=28
  IO depths    : 1=0.1%, 2=0.2%, 4=0.4%, 8=0.8%, 16=1.6%, 32=3.1%, >=64=93.8%
     submit    : 0=0.0%, 4=100.0%, 8=0.0%, 16=0.0%, 32=0.0%, 64=0.0%, >=64=0.0%
     complete  : 0=0.0%, 4=99.9%, 8=0.0%, 16=0.0%, 32=0.0%, 64=0.1%, >=64=0.0%
     issued rwt: total=0,1024,0, short=0,0,0, dropped=0,0,0
     latency   : target=0, window=0, percentile=100.00%, depth=64

Run status group 0 (all jobs):
  WRITE: bw=205MiB/s (215MB/s), 205MiB/s-205MiB/s (215MB/s-215MB/s), io=1024MiB (1074MB), run=5002-5002msec

Disk stats (read/write):
  sdj: ios=0/3980, merge=0/0, ticks=0/681856, in_queue=692998, util=97.43%
