test: (g=0): rw=write, bs=(R) 64.0KiB-64.0KiB, (W) 64.0KiB-64.0KiB, (T) 64.0KiB-64.0KiB, ioengine=libaio, iodepth=64
fio-3.1
Starting 1 process

test: (groupid=0, jobs=1): err= 0: pid=34042: Thu Jul 12 16:50:49 2018
  write: IOPS=3049, BW=191MiB/s (200MB/s)(1024MiB/5373msec)
    slat (nsec): min=3414, max=54200, avg=16997.10, stdev=7391.03
    clat (usec): min=586, max=71139, avg=20769.45, stdev=3445.58
     lat (usec): min=625, max=71160, avg=20786.62, stdev=3445.47
    clat percentiles (usec):
     |  1.00th=[19268],  5.00th=[19268], 10.00th=[19268], 20.00th=[19530],
     | 30.00th=[19792], 40.00th=[19792], 50.00th=[20055], 60.00th=[20317],
     | 70.00th=[21103], 80.00th=[21103], 90.00th=[21627], 95.00th=[21627],
     | 99.00th=[40109], 99.50th=[44827], 99.90th=[54264], 99.95th=[55837],
     | 99.99th=[70779]
   bw (  KiB/s): min=169344, max=209408, per=99.67%, avg=194511.40, stdev=12013.70, samples=10
   iops        : min= 2646, max= 3272, avg=3039.20, stdev=187.67, samples=10
  lat (usec)   : 750=0.01%, 1000=0.01%
  lat (msec)   : 2=0.02%, 4=0.06%, 10=0.21%, 20=54.37%, 50=45.03%
  lat (msec)   : 100=0.30%
  cpu          : usr=1.75%, sys=6.81%, ctx=8457, majf=0, minf=29
  IO depths    : 1=0.1%, 2=0.1%, 4=0.1%, 8=0.1%, 16=0.1%, 32=0.2%, >=64=99.6%
     submit    : 0=0.0%, 4=100.0%, 8=0.0%, 16=0.0%, 32=0.0%, 64=0.0%, >=64=0.0%
     complete  : 0=0.0%, 4=100.0%, 8=0.0%, 16=0.0%, 32=0.0%, 64=0.1%, >=64=0.0%
     issued rwt: total=0,16384,0, short=0,0,0, dropped=0,0,0
     latency   : target=0, window=0, percentile=100.00%, depth=64

Run status group 0 (all jobs):
  WRITE: bw=191MiB/s (200MB/s), 191MiB/s-191MiB/s (200MB/s-200MB/s), io=1024MiB (1074MB), run=5373-5373msec

Disk stats (read/write):
  sdj: ios=10/8070, merge=0/7595, ticks=4240/167249, in_queue=172659, util=97.59%
