test: (g=0): rw=randwrite, bs=(R) 8192B-8192B, (W) 8192B-8192B, (T) 8192B-8192B, ioengine=libaio, iodepth=64
fio-3.1
Starting 1 process

test: (groupid=0, jobs=1): err= 0: pid=15535: Thu Jul 12 16:39:42 2018
  write: IOPS=1081, BW=8650KiB/s (8857kB/s)(1024MiB/121227msec)
    slat (usec): min=2, max=154, avg=14.19, stdev= 9.39
    clat (msec): min=3, max=351, avg=59.17, stdev=30.64
     lat (msec): min=3, max=351, avg=59.19, stdev=30.64
    clat percentiles (msec):
     |  1.00th=[    9],  5.00th=[   14], 10.00th=[   22], 20.00th=[   35],
     | 30.00th=[   44], 40.00th=[   51], 50.00th=[   57], 60.00th=[   64],
     | 70.00th=[   71], 80.00th=[   82], 90.00th=[   94], 95.00th=[  108],
     | 99.00th=[  163], 99.50th=[  190], 99.90th=[  243], 99.95th=[  262],
     | 99.99th=[  300]
   bw (  KiB/s): min= 5776, max=34752, per=99.91%, avg=8641.64, stdev=2816.65, samples=242
   iops        : min=  722, max= 4344, avg=1080.20, stdev=352.08, samples=242
  lat (msec)   : 4=0.01%, 10=2.32%, 20=6.86%, 50=30.66%, 100=52.81%
  lat (msec)   : 250=7.28%, 500=0.07%
  cpu          : usr=0.84%, sys=2.60%, ctx=86172, majf=0, minf=327
  IO depths    : 1=0.1%, 2=0.1%, 4=0.1%, 8=0.1%, 16=0.1%, 32=0.1%, >=64=100.0%
     submit    : 0=0.0%, 4=100.0%, 8=0.0%, 16=0.0%, 32=0.0%, 64=0.0%, >=64=0.0%
     complete  : 0=0.0%, 4=100.0%, 8=0.0%, 16=0.0%, 32=0.0%, 64=0.1%, >=64=0.0%
     issued rwt: total=0,131072,0, short=0,0,0, dropped=0,0,0
     latency   : target=0, window=0, percentile=100.00%, depth=64

Run status group 0 (all jobs):
  WRITE: bw=8650KiB/s (8857kB/s), 8650KiB/s-8650KiB/s (8857kB/s-8857kB/s), io=1024MiB (1074MB), run=121227-121227msec

Disk stats (read/write):
  sdl: ios=35/128933, merge=0/2005, ticks=1049/7659497, in_queue=7661616, util=100.00%
