test: (g=0): rw=randwrite, bs=(R) 8192B-8192B, (W) 8192B-8192B, (T) 8192B-8192B, ioengine=libaio, iodepth=64
fio-3.1
Starting 1 process

test: (groupid=0, jobs=1): err= 0: pid=39917: Wed Jul 11 16:50:27 2018
  write: IOPS=401, BW=3209KiB/s (3286kB/s)(1024MiB/326752msec)
    slat (usec): min=2, max=272, avg=17.42, stdev= 8.59
    clat (usec): min=449, max=1092.7k, avg=159516.30, stdev=116393.97
     lat (usec): min=495, max=1092.7k, avg=159534.10, stdev=116395.77
    clat percentiles (msec):
     |  1.00th=[   12],  5.00th=[   18], 10.00th=[   24], 20.00th=[   65],
     | 30.00th=[   99], 40.00th=[  121], 50.00th=[  142], 60.00th=[  165],
     | 70.00th=[  190], 80.00th=[  224], 90.00th=[  317], 95.00th=[  405],
     | 99.00th=[  531], 99.50th=[  584], 99.90th=[  751], 99.95th=[  818],
     | 99.99th=[  919]
   bw (  KiB/s): min=  432, max=13040, per=99.81%, avg=3202.94, stdev=1085.65, samples=653
   iops        : min=   54, max= 1630, avg=400.36, stdev=135.71, samples=653
  lat (usec)   : 500=0.01%
  lat (msec)   : 2=0.01%, 4=0.07%, 10=0.60%, 20=6.80%, 50=10.39%
  lat (msec)   : 100=12.82%, 250=53.87%, 500=13.93%, 750=1.41%, 1000=0.10%
  lat (msec)   : 2000=0.01%
  cpu          : usr=0.45%, sys=1.31%, ctx=128850, majf=0, minf=28
  IO depths    : 1=0.1%, 2=0.1%, 4=0.1%, 8=0.1%, 16=0.1%, 32=0.1%, >=64=100.0%
     submit    : 0=0.0%, 4=100.0%, 8=0.0%, 16=0.0%, 32=0.0%, 64=0.0%, >=64=0.0%
     complete  : 0=0.0%, 4=100.0%, 8=0.0%, 16=0.0%, 32=0.0%, 64=0.1%, >=64=0.0%
     issued rwt: total=0,131072,0, short=0,0,0, dropped=0,0,0
     latency   : target=0, window=0, percentile=100.00%, depth=64

Run status group 0 (all jobs):
  WRITE: bw=3209KiB/s (3286kB/s), 3209KiB/s-3209KiB/s (3286kB/s-3286kB/s), io=1024MiB (1074MB), run=326752-326752msec

Disk stats (read/write):
  sde: ios=40/128796, merge=0/1941, ticks=19719/20705100, in_queue=20732859, util=100.00%
