test: (g=0): rw=write, bs=(R) 512KiB-512KiB, (W) 512KiB-512KiB, (T) 512KiB-512KiB, ioengine=libaio, iodepth=64
fio-3.1
Starting 1 process

test: (groupid=0, jobs=1): err= 0: pid=33554: Thu Jul 12 16:20:20 2018
  write: IOPS=389, BW=195MiB/s (204MB/s)(1024MiB/5263msec)
    slat (usec): min=37, max=1699, avg=129.45, stdev=69.40
    clat (msec): min=4, max=307, avg=164.18, stdev=23.71
     lat (msec): min=4, max=307, avg=164.31, stdev=23.71
    clat percentiles (msec):
     |  1.00th=[   71],  5.00th=[  153], 10.00th=[  153], 20.00th=[  153],
     | 30.00th=[  155], 40.00th=[  157], 50.00th=[  165], 60.00th=[  167],
     | 70.00th=[  167], 80.00th=[  176], 90.00th=[  192], 95.00th=[  199],
     | 99.00th=[  259], 99.50th=[  284], 99.90th=[  305], 99.95th=[  305],
     | 99.99th=[  309]
   bw (  KiB/s): min=186368, max=214016, per=99.75%, avg=198733.40, stdev=9389.47, samples=10
   iops        : min=  364, max=  418, avg=388.00, stdev=18.43, samples=10
  lat (msec)   : 10=0.24%, 20=0.10%, 50=0.20%, 100=1.07%, 250=97.22%
  lat (msec)   : 500=1.17%
  cpu          : usr=1.77%, sys=4.10%, ctx=2055, majf=0, minf=28
  IO depths    : 1=0.1%, 2=0.1%, 4=0.2%, 8=0.4%, 16=0.8%, 32=1.6%, >=64=96.9%
     submit    : 0=0.0%, 4=100.0%, 8=0.0%, 16=0.0%, 32=0.0%, 64=0.0%, >=64=0.0%
     complete  : 0=0.0%, 4=99.9%, 8=0.0%, 16=0.0%, 32=0.0%, 64=0.1%, >=64=0.0%
     issued rwt: total=0,2048,0, short=0,0,0, dropped=0,0,0
     latency   : target=0, window=0, percentile=100.00%, depth=64

Run status group 0 (all jobs):
  WRITE: bw=195MiB/s (204MB/s), 195MiB/s-195MiB/s (204MB/s-204MB/s), io=1024MiB (1074MB), run=5263-5263msec

Disk stats (read/write):
  sdi: ios=7/3982, merge=0/0, ticks=4376/642659, in_queue=657493, util=97.98%
