test: (g=0): rw=read, bs=(R) 512KiB-512KiB, (W) 512KiB-512KiB, (T) 512KiB-512KiB, ioengine=libaio, iodepth=64
fio-3.1
Starting 1 process

test: (groupid=0, jobs=1): err= 0: pid=23826: Sun Jul 15 01:53:24 2018
   read: IOPS=408, BW=204MiB/s (214MB/s)(1024MiB/5015msec)
    slat (usec): min=22, max=732, avg=93.18, stdev=51.38
    clat (msec): min=10, max=301, avg=156.35, stdev=22.11
     lat (msec): min=10, max=301, avg=156.44, stdev=22.10
    clat percentiles (msec):
     |  1.00th=[   50],  5.00th=[  153], 10.00th=[  153], 20.00th=[  153],
     | 30.00th=[  155], 40.00th=[  155], 50.00th=[  155], 60.00th=[  157],
     | 70.00th=[  163], 80.00th=[  163], 90.00th=[  163], 95.00th=[  163],
     | 99.00th=[  255], 99.50th=[  279], 99.90th=[  296], 99.95th=[  300],
     | 99.99th=[  300]
   bw (  KiB/s): min=155648, max=214016, per=97.22%, avg=203264.00, stdev=17619.22, samples=10
   iops        : min=  304, max=  418, avg=397.00, stdev=34.41, samples=10
  lat (msec)   : 20=0.39%, 50=0.63%, 100=1.03%, 250=96.88%, 500=1.07%
  cpu          : usr=0.32%, sys=4.49%, ctx=2045, majf=0, minf=559
  IO depths    : 1=0.1%, 2=0.1%, 4=0.2%, 8=0.4%, 16=0.8%, 32=1.6%, >=64=96.9%
     submit    : 0=0.0%, 4=100.0%, 8=0.0%, 16=0.0%, 32=0.0%, 64=0.0%, >=64=0.0%
     complete  : 0=0.0%, 4=99.9%, 8=0.0%, 16=0.0%, 32=0.0%, 64=0.1%, >=64=0.0%
     issued rwt: total=2048,0,0, short=0,0,0, dropped=0,0,0
     latency   : target=0, window=0, percentile=100.00%, depth=64

Run status group 0 (all jobs):
   READ: bw=204MiB/s (214MB/s), 204MiB/s-204MiB/s (214MB/s-214MB/s), io=1024MiB (1074MB), run=5015-5015msec

Disk stats (read/write):
  sdd: ios=3996/0, merge=0/0, ticks=613183/0, in_queue=622399, util=98.06%
