test: (g=0): rw=randwrite, bs=(R) 4096B-4096B, (W) 4096B-4096B, (T) 4096B-4096B, ioengine=libaio, iodepth=64
fio-3.1
Starting 1 process

test: (groupid=0, jobs=1): err= 0: pid=25035: Fri Jul 13 13:18:27 2018
  write: IOPS=405, BW=1622KiB/s (1660kB/s)(1024MiB/646654msec)
    slat (nsec): min=1791, max=103324, avg=15999.04, stdev=7739.69
    clat (usec): min=375, max=1180.8k, avg=157850.32, stdev=111883.67
     lat (usec): min=415, max=1180.8k, avg=157866.70, stdev=111884.76
    clat percentiles (msec):
     |  1.00th=[   12],  5.00th=[   19], 10.00th=[   26], 20.00th=[   70],
     | 30.00th=[  100], 40.00th=[  121], 50.00th=[  142], 60.00th=[  163],
     | 70.00th=[  188], 80.00th=[  220], 90.00th=[  305], 95.00th=[  393],
     | 99.00th=[  514], 99.50th=[  567], 99.90th=[  735], 99.95th=[  793],
     | 99.99th=[  936]
   bw (  KiB/s): min=  304, max= 6968, per=99.87%, avg=1618.86, stdev=499.94, samples=1293
   iops        : min=   76, max= 1742, avg=404.71, stdev=124.98, samples=1293
  lat (usec)   : 500=0.01%, 1000=0.01%
  lat (msec)   : 2=0.01%, 4=0.04%, 10=0.47%, 20=5.86%, 50=10.57%
  lat (msec)   : 100=13.28%, 250=55.11%, 500=13.38%, 750=1.19%, 1000=0.07%
  lat (msec)   : 2000=0.01%
  cpu          : usr=0.49%, sys=1.26%, ctx=259193, majf=0, minf=299
  IO depths    : 1=0.1%, 2=0.1%, 4=0.1%, 8=0.1%, 16=0.1%, 32=0.1%, >=64=100.0%
     submit    : 0=0.0%, 4=100.0%, 8=0.0%, 16=0.0%, 32=0.0%, 64=0.0%, >=64=0.0%
     complete  : 0=0.0%, 4=100.0%, 8=0.0%, 16=0.0%, 32=0.0%, 64=0.1%, >=64=0.0%
     issued rwt: total=0,262144,0, short=0,0,0, dropped=0,0,0
     latency   : target=0, window=0, percentile=100.00%, depth=64

Run status group 0 (all jobs):
  WRITE: bw=1622KiB/s (1660kB/s), 1622KiB/s-1622KiB/s (1660kB/s-1660kB/s), io=1024MiB (1074MB), run=646654-646654msec

Disk stats (read/write):
  sdd: ios=40/259259, merge=0/2621, ticks=25091/41125823, in_queue=41151332, util=100.00%
