test: (g=0): rw=write, bs=(R) 1024KiB-1024KiB, (W) 1024KiB-1024KiB, (T) 1024KiB-1024KiB, ioengine=libaio, iodepth=64
fio-3.1
Starting 1 process

test: (groupid=0, jobs=1): err= 0: pid=1569: Fri Jul 13 16:40:09 2018
  write: IOPS=206, BW=207MiB/s (217MB/s)(1024MiB/4957msec)
    slat (usec): min=88, max=67400, avg=4663.34, stdev=12269.26
    clat (msec): min=125, max=459, avg=302.91, stdev=33.86
     lat (msec): min=125, max=460, avg=307.58, stdev=32.29
    clat percentiles (msec):
     |  1.00th=[  180],  5.00th=[  262], 10.00th=[  268], 20.00th=[  296],
     | 30.00th=[  300], 40.00th=[  300], 50.00th=[  305], 60.00th=[  305],
     | 70.00th=[  305], 80.00th=[  317], 90.00th=[  338], 95.00th=[  351],
     | 99.00th=[  405], 99.50th=[  460], 99.90th=[  460], 99.95th=[  460],
     | 99.99th=[  460]
   bw (  KiB/s): min=149504, max=229376, per=97.35%, avg=205937.78, stdev=24126.26, samples=9
   iops        : min=  146, max=  224, avg=201.11, stdev=23.56, samples=9
  lat (msec)   : 250=4.00%, 500=96.00%
  cpu          : usr=1.61%, sys=2.00%, ctx=163, majf=0, minf=28
  IO depths    : 1=0.1%, 2=0.2%, 4=0.4%, 8=0.8%, 16=1.6%, 32=3.1%, >=64=93.8%
     submit    : 0=0.0%, 4=100.0%, 8=0.0%, 16=0.0%, 32=0.0%, 64=0.0%, >=64=0.0%
     complete  : 0=0.0%, 4=99.9%, 8=0.0%, 16=0.0%, 32=0.0%, 64=0.1%, >=64=0.0%
     issued rwt: total=0,1024,0, short=0,0,0, dropped=0,0,0
     latency   : target=0, window=0, percentile=100.00%, depth=64

Run status group 0 (all jobs):
  WRITE: bw=207MiB/s (217MB/s), 207MiB/s-207MiB/s (217MB/s-217MB/s), io=1024MiB (1074MB), run=4957-4957msec

Disk stats (read/write):
  sdk: ios=7/4009, merge=0/0, ticks=4366/676458, in_queue=691008, util=97.81%
