test: (g=0): rw=randwrite, bs=(R) 4096B-4096B, (W) 4096B-4096B, (T) 4096B-4096B, ioengine=libaio, iodepth=64
fio-3.1
Starting 1 process

test: (groupid=0, jobs=1): err= 0: pid=14096: Mon Jul 23 17:38:44 2018
  write: IOPS=459, BW=1839KiB/s (1883kB/s)(1024MiB/570132msec)
    slat (usec): min=3, max=129, avg=21.16, stdev= 6.48
    clat (usec): min=326, max=877003, avg=139164.37, stdev=53792.31
     lat (usec): min=348, max=877017, avg=139186.07, stdev=53792.37
    clat percentiles (msec):
     |  1.00th=[   62],  5.00th=[   74], 10.00th=[   83], 20.00th=[   96],
     | 30.00th=[  109], 40.00th=[  122], 50.00th=[  133], 60.00th=[  146],
     | 70.00th=[  159], 80.00th=[  176], 90.00th=[  197], 95.00th=[  215],
     | 99.00th=[  338], 99.50th=[  409], 99.90th=[  550], 99.95th=[  625],
     | 99.99th=[  718]
   bw (  KiB/s): min=  792, max= 2608, per=100.00%, avg=1838.94, stdev=144.82, samples=1140
   iops        : min=  198, max=  652, avg=459.73, stdev=36.20, samples=1140
  lat (usec)   : 500=0.01%, 750=0.01%, 1000=0.01%
  lat (msec)   : 2=0.01%, 4=0.01%, 10=0.01%, 20=0.04%, 50=0.13%
  lat (msec)   : 100=22.97%, 250=74.44%, 500=2.24%, 750=0.18%, 1000=0.01%
  cpu          : usr=0.60%, sys=1.61%, ctx=262143, majf=0, minf=389
  IO depths    : 1=0.1%, 2=0.1%, 4=0.1%, 8=0.1%, 16=0.1%, 32=0.1%, >=64=100.0%
     submit    : 0=0.0%, 4=100.0%, 8=0.0%, 16=0.0%, 32=0.0%, 64=0.0%, >=64=0.0%
     complete  : 0=0.0%, 4=100.0%, 8=0.0%, 16=0.0%, 32=0.0%, 64=0.1%, >=64=0.0%
     issued rwt: total=0,262144,0, short=0,0,0, dropped=0,0,0
     latency   : target=0, window=0, percentile=100.00%, depth=64

Run status group 0 (all jobs):
  WRITE: bw=1839KiB/s (1883kB/s), 1839KiB/s-1839KiB/s (1883kB/s-1883kB/s), io=1024MiB (1074MB), run=570132-570132msec

Disk stats (read/write):
  sdd: ios=40/262128, merge=0/0, ticks=7/36474816, in_queue=36476490, util=100.00%
