test: (g=0): rw=read, bs=(R) 64.0KiB-64.0KiB, (W) 64.0KiB-64.0KiB, (T) 64.0KiB-64.0KiB, ioengine=libaio, iodepth=64
fio-3.1
Starting 1 process

test: (groupid=0, jobs=1): err= 0: pid=30432: Thu Jul 12 13:47:39 2018
   read: IOPS=3263, BW=204MiB/s (214MB/s)(1024MiB/5021msec)
    slat (usec): min=3, max=680, avg=13.11, stdev= 8.52
    clat (usec): min=6200, max=36702, avg=19589.46, stdev=1026.73
     lat (usec): min=6307, max=36724, avg=19602.76, stdev=1026.10
    clat percentiles (usec):
     |  1.00th=[19006],  5.00th=[19006], 10.00th=[19006], 20.00th=[19006],
     | 30.00th=[19006], 40.00th=[19006], 50.00th=[19006], 60.00th=[19530],
     | 70.00th=[20055], 80.00th=[20055], 90.00th=[20579], 95.00th=[20579],
     | 99.00th=[23200], 99.50th=[23725], 99.90th=[33162], 99.95th=[35390],
     | 99.99th=[36439]
   bw (  KiB/s): min=199808, max=214016, per=99.99%, avg=208814.90, stdev=5971.80, samples=10
   iops        : min= 3122, max= 3344, avg=3262.70, stdev=93.28, samples=10
  lat (msec)   : 10=0.09%, 20=64.14%, 50=35.77%
  cpu          : usr=1.67%, sys=7.13%, ctx=8711, majf=0, minf=544
  IO depths    : 1=0.1%, 2=0.1%, 4=0.1%, 8=0.1%, 16=0.1%, 32=0.2%, >=64=99.6%
     submit    : 0=0.0%, 4=100.0%, 8=0.0%, 16=0.0%, 32=0.0%, 64=0.0%, >=64=0.0%
     complete  : 0=0.0%, 4=100.0%, 8=0.0%, 16=0.0%, 32=0.0%, 64=0.1%, >=64=0.0%
     issued rwt: total=16384,0,0, short=0,0,0, dropped=0,0,0
     latency   : target=0, window=0, percentile=100.00%, depth=64

Run status group 0 (all jobs):
   READ: bw=204MiB/s (214MB/s), 204MiB/s-204MiB/s (214MB/s-214MB/s), io=1024MiB (1074MB), run=5021-5021msec

Disk stats (read/write):
  sdd: ios=8494/0, merge=7500/0, ticks=165865/0, in_queue=166115, util=98.10%
