rbd_image0: (g=0): rw=read, bs=(R) 512KiB-512KiB, (W) 512KiB-512KiB, (T) 512KiB-512KiB, ioengine=rbd, iodepth=64
...
rbd_image1: (g=0): rw=read, bs=(R) 512KiB-512KiB, (W) 512KiB-512KiB, (T) 512KiB-512KiB, ioengine=rbd, iodepth=64
...
fio-3.1
Starting 10 processes

rbd_image0: (groupid=0, jobs=10): err= 0: pid=104859: Wed Jul  4 16:53:26 2018
   read: IOPS=1851, BW=926MiB/s (971MB/s)(100MiB/108msec)
    slat (nsec): min=637, max=54092, avg=4503.02, stdev=8903.60
    clat (msec): min=83, max=107, avg=93.76, stdev= 7.65
     lat (msec): min=83, max=107, avg=93.77, stdev= 7.65
    clat percentiles (msec):
     |  1.00th=[   84],  5.00th=[   84], 10.00th=[   84], 20.00th=[   87],
     | 30.00th=[   88], 40.00th=[   89], 50.00th=[   92], 60.00th=[   94],
     | 70.00th=[   96], 80.00th=[  101], 90.00th=[  106], 95.00th=[  108],
     | 99.00th=[  108], 99.50th=[  108], 99.90th=[  108], 99.95th=[  108],
     | 99.99th=[  108]
  lat (msec)   : 100=80.00%, 250=20.00%
  cpu          : usr=0.00%, sys=0.00%, ctx=26, majf=0, minf=85
  IO depths    : 1=5.0%, 2=10.0%, 4=20.0%, 8=40.0%, 16=25.0%, 32=0.0%, >=64=0.0%
     submit    : 0=0.0%, 4=100.0%, 8=0.0%, 16=0.0%, 32=0.0%, 64=0.0%, >=64=0.0%
     complete  : 0=0.0%, 4=95.2%, 8=0.0%, 16=0.0%, 32=4.8%, 64=0.0%, >=64=0.0%
     issued rwt: total=200,0,0, short=0,0,0, dropped=0,0,0
     latency   : target=0, window=0, percentile=100.00%, depth=64

Run status group 0 (all jobs):
   READ: bw=926MiB/s (971MB/s), 926MiB/s-926MiB/s (971MB/s-971MB/s), io=100MiB (105MB), run=108-108msec

Disk stats (read/write):
    dm-0: ios=0/0, merge=0/0, ticks=0/0, in_queue=0, util=0.00%, aggrios=0/0, aggrmerge=0/0, aggrticks=0/0, aggrin_queue=0, aggrutil=0.00%
  sdc: ios=0/0, merge=0/0, ticks=0/0, in_queue=0, util=0.00%
