rbd_image0: (g=0): rw=write, bs=(R) 64.0KiB-64.0KiB, (W) 64.0KiB-64.0KiB, (T) 64.0KiB-64.0KiB, ioengine=rbd, iodepth=64
...
rbd_image1: (g=0): rw=write, bs=(R) 64.0KiB-64.0KiB, (W) 64.0KiB-64.0KiB, (T) 64.0KiB-64.0KiB, ioengine=rbd, iodepth=64
...
fio-3.1
Starting 10 processes

rbd_image0: (groupid=0, jobs=10): err= 0: pid=103931: Wed Jul  4 16:53:22 2018
  write: IOPS=2572, BW=161MiB/s (169MB/s)(100MiB/622msec)
    slat (usec): min=16, max=425, avg=101.39, stdev=92.43
    clat (msec): min=2, max=534, avg=169.15, stdev=133.44
     lat (msec): min=2, max=535, avg=169.25, stdev=133.49
    clat percentiles (msec):
     |  1.00th=[   11],  5.00th=[   17], 10.00th=[   22], 20.00th=[   78],
     | 30.00th=[   90], 40.00th=[  120], 50.00th=[  128], 60.00th=[  161],
     | 70.00th=[  188], 80.00th=[  205], 90.00th=[  430], 95.00th=[  510],
     | 99.00th=[  518], 99.50th=[  523], 99.90th=[  535], 99.95th=[  535],
     | 99.99th=[  535]
   bw (  KiB/s): min=13320, max=13320, per=8.09%, avg=13320.00, stdev= 0.00, samples=1
   iops        : min=  208, max=  208, avg=208.00, stdev= 0.00, samples=1
  lat (msec)   : 4=0.50%, 20=7.94%, 50=3.75%, 100=21.81%, 250=50.00%
  lat (msec)   : 500=8.00%, 750=8.00%
  cpu          : usr=0.79%, sys=1.29%, ctx=3887, majf=0, minf=14513
  IO depths    : 1=1.8%, 2=3.6%, 4=7.2%, 8=14.1%, 16=28.6%, 32=43.1%, >=64=1.6%
     submit    : 0=0.0%, 4=100.0%, 8=0.0%, 16=0.0%, 32=0.0%, 64=0.0%, >=64=0.0%
     complete  : 0=0.0%, 4=97.9%, 8=0.2%, 16=0.1%, 32=0.6%, 64=1.2%, >=64=0.0%
     issued rwt: total=0,1600,0, short=0,0,0, dropped=0,0,0
     latency   : target=0, window=0, percentile=100.00%, depth=64

Run status group 0 (all jobs):
  WRITE: bw=161MiB/s (169MB/s), 161MiB/s-161MiB/s (169MB/s-169MB/s), io=100MiB (105MB), run=622-622msec

Disk stats (read/write):
    dm-0: ios=0/0, merge=0/0, ticks=0/0, in_queue=0, util=0.00%, aggrios=0/0, aggrmerge=0/0, aggrticks=0/0, aggrin_queue=0, aggrutil=0.00%
  sdc: ios=0/0, merge=0/0, ticks=0/0, in_queue=0, util=0.00%
