rbd_image0: (g=0): rw=randread, bs=(R) 8192B-8192B, (W) 8192B-8192B, (T) 8192B-8192B, ioengine=rbd, iodepth=64
...
rbd_image1: (g=0): rw=randread, bs=(R) 8192B-8192B, (W) 8192B-8192B, (T) 8192B-8192B, ioengine=rbd, iodepth=64
...
fio-3.1
Starting 10 processes

rbd_image0: (groupid=0, jobs=10): err= 0: pid=106252: Wed Jul  4 16:53:47 2018
   read: IOPS=68.8k, BW=538MiB/s (564MB/s)(100MiB/186msec)
    slat (nsec): min=643, max=177760, avg=1864.19, stdev=7539.47
    clat (usec): min=2105, max=22978, avg=7809.47, stdev=2963.71
     lat (usec): min=2108, max=22979, avg=7811.33, stdev=2964.52
    clat percentiles (usec):
     |  1.00th=[ 3032],  5.00th=[ 4113], 10.00th=[ 4621], 20.00th=[ 5342],
     | 30.00th=[ 5997], 40.00th=[ 6521], 50.00th=[ 7242], 60.00th=[ 7898],
     | 70.00th=[ 8979], 80.00th=[10159], 90.00th=[11469], 95.00th=[13435],
     | 99.00th=[17171], 99.50th=[17957], 99.90th=[20579], 99.95th=[20579],
     | 99.99th=[22938]
  lat (msec)   : 4=4.84%, 10=74.48%, 20=20.45%, 50=0.23%
  cpu          : usr=1.51%, sys=0.25%, ctx=682, majf=0, minf=156
  IO depths    : 1=1.0%, 2=2.1%, 4=4.7%, 8=10.7%, 16=24.9%, 32=54.6%, >=64=1.9%
     submit    : 0=0.0%, 4=100.0%, 8=0.0%, 16=0.0%, 32=0.0%, 64=0.0%, >=64=0.0%
     complete  : 0=0.0%, 4=98.3%, 8=0.0%, 16=0.1%, 32=0.1%, 64=1.6%, >=64=0.0%
     issued rwt: total=12800,0,0, short=0,0,0, dropped=0,0,0
     latency   : target=0, window=0, percentile=100.00%, depth=64

Run status group 0 (all jobs):
   READ: bw=538MiB/s (564MB/s), 538MiB/s-538MiB/s (564MB/s-564MB/s), io=100MiB (105MB), run=186-186msec

Disk stats (read/write):
    dm-0: ios=0/0, merge=0/0, ticks=0/0, in_queue=0, util=0.00%, aggrios=0/0, aggrmerge=0/0, aggrticks=0/0, aggrin_queue=0, aggrutil=0.00%
  sdc: ios=0/0, merge=0/0, ticks=0/0, in_queue=0, util=0.00%
