rbd_image0: (g=0): rw=randwrite, bs=(R) 8192B-8192B, (W) 8192B-8192B, (T) 8192B-8192B, ioengine=rbd, iodepth=64
...
rbd_image1: (g=0): rw=randwrite, bs=(R) 8192B-8192B, (W) 8192B-8192B, (T) 8192B-8192B, ioengine=rbd, iodepth=64
...
fio-3.1
Starting 10 processes

rbd_image0: (groupid=0, jobs=10): err= 0: pid=105555: Wed Jul  4 16:53:44 2018
  write: IOPS=2496, BW=19.5MiB/s (20.4MB/s)(100MiB/5128msec)
    slat (nsec): min=1645, max=390876, avg=12179.94, stdev=29969.71
    clat (msec): min=2, max=2900, avg=207.23, stdev=225.81
     lat (msec): min=2, max=2900, avg=207.24, stdev=225.81
    clat percentiles (msec):
     |  1.00th=[    7],  5.00th=[   12], 10.00th=[   51], 20.00th=[   79],
     | 30.00th=[  101], 40.00th=[  130], 50.00th=[  159], 60.00th=[  186],
     | 70.00th=[  222], 80.00th=[  259], 90.00th=[  405], 95.00th=[  510],
     | 99.00th=[ 1284], 99.50th=[ 1804], 99.90th=[ 1804], 99.95th=[ 1804],
     | 99.99th=[ 1804]
   bw (  KiB/s): min=  835, max= 6890, per=11.45%, avg=2285.68, stdev=1117.45, samples=68
   iops        : min=  104, max=  861, avg=285.50, stdev=139.66, samples=68
  lat (msec)   : 4=0.05%, 10=3.55%, 20=1.70%, 50=4.62%, 100=19.55%
  lat (msec)   : 250=48.59%, 500=16.70%, 750=3.25%, 2000=1.98%, >=2000=0.01%
  cpu          : usr=0.18%, sys=0.08%, ctx=2232, majf=0, minf=3123
  IO depths    : 1=1.0%, 2=2.3%, 4=5.7%, 8=12.4%, 16=25.4%, 32=51.1%, >=64=2.1%
     submit    : 0=0.0%, 4=100.0%, 8=0.0%, 16=0.0%, 32=0.0%, 64=0.0%, >=64=0.0%
     complete  : 0=0.0%, 4=98.3%, 8=0.1%, 16=0.1%, 32=0.1%, 64=1.5%, >=64=0.0%
     issued rwt: total=0,12800,0, short=0,0,0, dropped=0,0,0
     latency   : target=0, window=0, percentile=100.00%, depth=64

Run status group 0 (all jobs):
  WRITE: bw=19.5MiB/s (20.4MB/s), 19.5MiB/s-19.5MiB/s (20.4MB/s-20.4MB/s), io=100MiB (105MB), run=5128-5128msec

Disk stats (read/write):
    dm-0: ios=0/16, merge=0/0, ticks=0/74, in_queue=74, util=1.40%, aggrios=0/21, aggrmerge=0/0, aggrticks=0/74, aggrin_queue=74, aggrutil=1.39%
  sdc: ios=0/21, merge=0/0, ticks=0/74, in_queue=74, util=1.39%
