rbd_image0: (g=0): rw=randwrite, bs=(R) 4096B-4096B, (W) 4096B-4096B, (T) 4096B-4096B, ioengine=rbd, iodepth=64
...
rbd_image1: (g=0): rw=randwrite, bs=(R) 4096B-4096B, (W) 4096B-4096B, (T) 4096B-4096B, ioengine=rbd, iodepth=64
...
fio-3.1
Starting 10 processes

rbd_image0: (groupid=0, jobs=10): err= 0: pid=105323: Wed Jul  4 16:53:38 2018
  write: IOPS=2459, BW=9839KiB/s (10.1MB/s)(100MiB/10408msec)
    slat (nsec): min=1312, max=308640, avg=6403.08, stdev=12854.71
    clat (msec): min=2, max=3262, avg=211.11, stdev=279.48
     lat (msec): min=2, max=3262, avg=211.11, stdev=279.48
    clat percentiles (msec):
     |  1.00th=[    4],  5.00th=[    8], 10.00th=[   33], 20.00th=[   71],
     | 30.00th=[   94], 40.00th=[  118], 50.00th=[  142], 60.00th=[  174],
     | 70.00th=[  218], 80.00th=[  271], 90.00th=[  405], 95.00th=[  617],
     | 99.00th=[ 1569], 99.50th=[ 1804], 99.90th=[ 3272], 99.95th=[ 3272],
     | 99.99th=[ 3272]
   bw (  KiB/s): min=  417, max= 7888, per=12.42%, avg=1221.82, stdev=811.55, samples=138
   iops        : min=  104, max= 1972, avg=305.28, stdev=202.89, samples=138
  lat (msec)   : 4=1.06%, 10=6.57%, 20=1.17%, 50=4.12%, 100=20.25%
  lat (msec)   : 250=43.59%, 500=15.82%, 750=4.15%, 1000=1.03%, 2000=1.95%
  lat (msec)   : >=2000=0.29%
  cpu          : usr=0.14%, sys=0.05%, ctx=2210, majf=0, minf=3796
  IO depths    : 1=1.0%, 2=2.3%, 4=5.5%, 8=12.0%, 16=25.3%, 32=51.9%, >=64=2.1%
     submit    : 0=0.0%, 4=100.0%, 8=0.0%, 16=0.0%, 32=0.0%, 64=0.0%, >=64=0.0%
     complete  : 0=0.0%, 4=98.4%, 8=0.1%, 16=0.1%, 32=0.1%, 64=1.6%, >=64=0.0%
     issued rwt: total=0,25600,0, short=0,0,0, dropped=0,0,0
     latency   : target=0, window=0, percentile=100.00%, depth=64

Run status group 0 (all jobs):
  WRITE: bw=9839KiB/s (10.1MB/s), 9839KiB/s-9839KiB/s (10.1MB/s-10.1MB/s), io=100MiB (105MB), run=10408-10408msec

Disk stats (read/write):
    dm-0: ios=0/33, merge=0/0, ticks=0/162, in_queue=162, util=1.53%, aggrios=0/43, aggrmerge=0/0, aggrticks=0/162, aggrin_queue=162, aggrutil=1.52%
  sdc: ios=0/43, merge=0/0, ticks=0/162, in_queue=162, util=1.52%
