rbd_image0: (g=0): rw=write, bs=(R) 512KiB-512KiB, (W) 512KiB-512KiB, (T) 512KiB-512KiB, ioengine=rbd, iodepth=64
...
rbd_image1: (g=0): rw=write, bs=(R) 512KiB-512KiB, (W) 512KiB-512KiB, (T) 512KiB-512KiB, ioengine=rbd, iodepth=64
...
fio-3.1
Starting 10 processes

rbd_image0: (groupid=0, jobs=10): err= 0: pid=104163: Wed Jul  4 16:53:23 2018
  write: IOPS=514, BW=257MiB/s (270MB/s)(100MiB/389msec)
    slat (usec): min=501, max=1805, avg=788.39, stdev=152.64
    clat (msec): min=68, max=388, avg=241.39, stdev=87.42
     lat (msec): min=69, max=388, avg=242.18, stdev=87.43
    clat percentiles (msec):
     |  1.00th=[   69],  5.00th=[   75], 10.00th=[   84], 20.00th=[  163],
     | 30.00th=[  192], 40.00th=[  203], 50.00th=[  234], 60.00th=[  271],
     | 70.00th=[  296], 80.00th=[  313], 90.00th=[  347], 95.00th=[  380],
     | 99.00th=[  388], 99.50th=[  388], 99.90th=[  388], 99.95th=[  388],
     | 99.99th=[  388]
  lat (msec)   : 100=10.00%, 250=40.00%, 500=50.00%
  cpu          : usr=1.04%, sys=3.73%, ctx=1736, majf=0, minf=25664
  IO depths    : 1=5.0%, 2=10.0%, 4=20.0%, 8=40.0%, 16=25.0%, 32=0.0%, >=64=0.0%
     submit    : 0=0.0%, 4=100.0%, 8=0.0%, 16=0.0%, 32=0.0%, 64=0.0%, >=64=0.0%
     complete  : 0=0.0%, 4=95.2%, 8=0.0%, 16=0.0%, 32=4.8%, 64=0.0%, >=64=0.0%
     issued rwt: total=0,200,0, short=0,0,0, dropped=0,0,0
     latency   : target=0, window=0, percentile=100.00%, depth=64

Run status group 0 (all jobs):
  WRITE: bw=257MiB/s (270MB/s), 257MiB/s-257MiB/s (270MB/s-270MB/s), io=100MiB (105MB), run=389-389msec

Disk stats (read/write):
    dm-0: ios=0/5, merge=0/0, ticks=0/31, in_queue=31, util=6.86%, aggrios=0/7, aggrmerge=0/0, aggrticks=0/31, aggrin_queue=31, aggrutil=5.61%
  sdc: ios=0/7, merge=0/0, ticks=0/31, in_queue=31, util=5.61%
