rbd_image0: (g=0): rw=randread, bs=(R) 4096B-4096B, (W) 4096B-4096B, (T) 4096B-4096B, ioengine=rbd, iodepth=64
...
rbd_image1: (g=0): rw=randread, bs=(R) 4096B-4096B, (W) 4096B-4096B, (T) 4096B-4096B, ioengine=rbd, iodepth=64
...
fio-3.1
Starting 10 processes

rbd_image0: (groupid=0, jobs=10): err= 0: pid=106020: Wed Jul  4 16:53:46 2018
   read: IOPS=86.2k, BW=337MiB/s (353MB/s)(100MiB/297msec)
    slat (nsec): min=505, max=147089, avg=1556.37, stdev=4977.80
    clat (usec): min=1461, max=19871, avg=6426.83, stdev=2287.19
     lat (usec): min=1462, max=19872, avg=6428.39, stdev=2287.53
    clat percentiles (usec):
     |  1.00th=[ 2704],  5.00th=[ 3392], 10.00th=[ 3982], 20.00th=[ 4555],
     | 30.00th=[ 4948], 40.00th=[ 5342], 50.00th=[ 5932], 60.00th=[ 6783],
     | 70.00th=[ 7504], 80.00th=[ 8094], 90.00th=[ 9503], 95.00th=[10552],
     | 99.00th=[13173], 99.50th=[13960], 99.90th=[17171], 99.95th=[17695],
     | 99.99th=[19792]
  lat (msec)   : 2=0.25%, 4=10.02%, 10=82.72%, 20=7.02%
  cpu          : usr=2.22%, sys=0.15%, ctx=1147, majf=0, minf=183
  IO depths    : 1=0.9%, 2=2.0%, 4=4.3%, 8=10.1%, 16=24.8%, 32=55.8%, >=64=2.1%
     submit    : 0=0.0%, 4=100.0%, 8=0.0%, 16=0.0%, 32=0.0%, 64=0.0%, >=64=0.0%
     complete  : 0=0.0%, 4=98.3%, 8=0.0%, 16=0.1%, 32=0.1%, 64=1.7%, >=64=0.0%
     issued rwt: total=25600,0,0, short=0,0,0, dropped=0,0,0
     latency   : target=0, window=0, percentile=100.00%, depth=64

Run status group 0 (all jobs):
   READ: bw=337MiB/s (353MB/s), 337MiB/s-337MiB/s (353MB/s-353MB/s), io=100MiB (105MB), run=297-297msec

Disk stats (read/write):
    dm-0: ios=0/0, merge=0/0, ticks=0/0, in_queue=0, util=0.00%, aggrios=0/0, aggrmerge=0/0, aggrticks=0/0, aggrin_queue=0, aggrutil=0.00%
  sdc: ios=0/0, merge=0/0, ticks=0/0, in_queue=0, util=0.00%
