test: (g=0): rw=randwrite, bs=(R) 64.0KiB-64.0KiB, (W) 64.0KiB-64.0KiB, (T) 64.0KiB-64.0KiB, ioengine=libaio, iodepth=64
fio-3.1
Starting 1 process

test: (groupid=0, jobs=1): err= 0: pid=25980: Sun Jul 15 04:48:26 2018
  write: IOPS=215, BW=13.5MiB/s (14.2MB/s)(1024MiB/75872msec)
    slat (nsec): min=4680, max=74817, avg=24962.68, stdev=10489.31
    clat (usec): min=608, max=1825.5k, avg=296340.34, stdev=243654.35
     lat (usec): min=671, max=1825.5k, avg=296365.67, stdev=243655.79
    clat percentiles (msec):
     |  1.00th=[   11],  5.00th=[   17], 10.00th=[   22], 20.00th=[   36],
     | 30.00th=[  122], 40.00th=[  192], 50.00th=[  259], 60.00th=[  321],
     | 70.00th=[  414], 80.00th=[  506], 90.00th=[  634], 95.00th=[  743],
     | 99.00th=[  969], 99.50th=[ 1099], 99.90th=[ 1318], 99.95th=[ 1452],
     | 99.99th=[ 1670]
   bw (  KiB/s): min=  768, max=32128, per=100.00%, avg=14330.55, stdev=6341.03, samples=145
   iops        : min=   12, max=  502, avg=223.88, stdev=99.06, samples=145
  lat (usec)   : 750=0.01%, 1000=0.01%
  lat (msec)   : 2=0.03%, 4=0.18%, 10=0.74%, 20=7.60%, 50=14.38%
  lat (msec)   : 100=4.73%, 250=20.98%, 500=30.85%, 750=15.61%, 1000=3.98%
  lat (msec)   : 2000=0.90%
  cpu          : usr=0.27%, sys=0.79%, ctx=15696, majf=0, minf=28
  IO depths    : 1=0.1%, 2=0.1%, 4=0.1%, 8=0.1%, 16=0.1%, 32=0.2%, >=64=99.6%
     submit    : 0=0.0%, 4=100.0%, 8=0.0%, 16=0.0%, 32=0.0%, 64=0.0%, >=64=0.0%
     complete  : 0=0.0%, 4=100.0%, 8=0.0%, 16=0.0%, 32=0.0%, 64=0.1%, >=64=0.0%
     issued rwt: total=0,16384,0, short=0,0,0, dropped=0,0,0
     latency   : target=0, window=0, percentile=100.00%, depth=64

Run status group 0 (all jobs):
  WRITE: bw=13.5MiB/s (14.2MB/s), 13.5MiB/s-13.5MiB/s (14.2MB/s-14.2MB/s), io=1024MiB (1074MB), run=75872-75872msec

Disk stats (read/write):
  sdg: ios=0/15625, merge=0/670, ticks=0/4684592, in_queue=4689829, util=99.93%
