test: (g=0): rw=randwrite, bs=(R) 8192B-8192B, (W) 8192B-8192B, (T) 8192B-8192B, ioengine=libaio, iodepth=64
fio-3.1
Starting 1 process

test: (groupid=0, jobs=1): err= 0: pid=29413: Sun Jul 15 09:12:59 2018
  write: IOPS=216, BW=1729KiB/s (1771kB/s)(1024MiB/606456msec)
    slat (usec): min=2, max=820, avg=20.09, stdev= 8.86
    clat (usec): min=341, max=2074.2k, avg=296094.73, stdev=214549.90
     lat (usec): min=369, max=2074.2k, avg=296115.23, stdev=214551.74
    clat percentiles (msec):
     |  1.00th=[   11],  5.00th=[   20], 10.00th=[   28], 20.00th=[  114],
     | 30.00th=[  184], 40.00th=[  226], 50.00th=[  271], 60.00th=[  313],
     | 70.00th=[  363], 80.00th=[  430], 90.00th=[  584], 95.00th=[  726],
     | 99.00th=[  961], 99.50th=[ 1062], 99.90th=[ 1267], 99.95th=[ 1401],
     | 99.99th=[ 1670]
   bw (  KiB/s): min=   16, max= 5088, per=100.00%, avg=1756.31, stdev=712.52, samples=1190
   iops        : min=    2, max=  636, avg=219.53, stdev=89.06, samples=1190
  lat (usec)   : 500=0.01%, 750=0.01%, 1000=0.01%
  lat (msec)   : 2=0.01%, 4=0.13%, 10=0.84%, 20=4.74%, 50=9.59%
  lat (msec)   : 100=3.55%, 250=26.61%, 500=40.08%, 750=10.15%, 1000=3.55%
  lat (msec)   : 2000=0.75%, >=2000=0.01%
  cpu          : usr=0.27%, sys=0.75%, ctx=128879, majf=0, minf=28
  IO depths    : 1=0.1%, 2=0.1%, 4=0.1%, 8=0.1%, 16=0.1%, 32=0.1%, >=64=100.0%
     submit    : 0=0.0%, 4=100.0%, 8=0.0%, 16=0.0%, 32=0.0%, 64=0.0%, >=64=0.0%
     complete  : 0=0.0%, 4=100.0%, 8=0.0%, 16=0.0%, 32=0.0%, 64=0.1%, >=64=0.0%
     issued rwt: total=0,131072,0, short=0,0,0, dropped=0,0,0
     latency   : target=0, window=0, percentile=100.00%, depth=64

Run status group 0 (all jobs):
  WRITE: bw=1729KiB/s (1771kB/s), 1729KiB/s-1729KiB/s (1771kB/s-1771kB/s), io=1024MiB (1074MB), run=606456-606456msec

Disk stats (read/write):
  sdm: ios=0/128978, merge=0/1995, ticks=0/38486928, in_queue=38492387, util=100.00%
