test: (g=0): rw=randread, bs=(R) 8192B-8192B, (W) 8192B-8192B, (T) 8192B-8192B, ioengine=libaio, iodepth=64
fio-3.1
Starting 1 process

test: (groupid=0, jobs=1): err= 0: pid=16159: Mon Jul 23 21:33:44 2018
   read: IOPS=528, BW=4229KiB/s (4331kB/s)(1024MiB/247938msec)
    slat (usec): min=4, max=107, avg=20.40, stdev= 7.06
    clat (msec): min=3, max=1076, avg=121.04, stdev=76.30
     lat (msec): min=3, max=1076, avg=121.06, stdev=76.30
    clat percentiles (msec):
     |  1.00th=[   32],  5.00th=[   55], 10.00th=[   64], 20.00th=[   71],
     | 30.00th=[   78], 40.00th=[   86], 50.00th=[   95], 60.00th=[  110],
     | 70.00th=[  129], 80.00th=[  159], 90.00th=[  215], 95.00th=[  275],
     | 99.00th=[  414], 99.50th=[  472], 99.90th=[  625], 99.95th=[  684],
     | 99.99th=[  835]
   bw (  KiB/s): min= 1760, max=10208, per=99.69%, avg=4215.84, stdev=718.69, samples=495
   iops        : min=  220, max= 1276, avg=526.96, stdev=89.84, samples=495
  lat (msec)   : 4=0.01%, 10=0.01%, 20=0.17%, 50=3.90%, 100=49.59%
  lat (msec)   : 250=39.67%, 500=6.27%, 750=0.35%, 1000=0.03%, 2000=0.01%
  cpu          : usr=0.62%, sys=1.80%, ctx=130097, majf=0, minf=159
  IO depths    : 1=0.1%, 2=0.1%, 4=0.1%, 8=0.1%, 16=0.1%, 32=0.1%, >=64=100.0%
     submit    : 0=0.0%, 4=100.0%, 8=0.0%, 16=0.0%, 32=0.0%, 64=0.0%, >=64=0.0%
     complete  : 0=0.0%, 4=100.0%, 8=0.0%, 16=0.0%, 32=0.0%, 64=0.1%, >=64=0.0%
     issued rwt: total=131072,0,0, short=0,0,0, dropped=0,0,0
     latency   : target=0, window=0, percentile=100.00%, depth=64

Run status group 0 (all jobs):
   READ: bw=4229KiB/s (4331kB/s), 4229KiB/s-4229KiB/s (4331kB/s-4331kB/s), io=1024MiB (1074MB), run=247938-247938msec

Disk stats (read/write):
  sdk: ios=130972/0, merge=0/0, ticks=15856518/0, in_queue=15859602, util=100.00%
