test: (g=0): rw=randwrite, bs=(R) 64.0KiB-64.0KiB, (W) 64.0KiB-64.0KiB, (T) 64.0KiB-64.0KiB, ioengine=libaio, iodepth=64
fio-3.1
Starting 1 process

test: (groupid=0, jobs=1): err= 0: pid=11999: Mon Jul 23 17:59:52 2018
  write: IOPS=383, BW=23.0MiB/s (25.1MB/s)(1024MiB/42706msec)
    slat (nsec): min=7623, max=87526, avg=29816.06, stdev=12083.99
    clat (usec): min=1712, max=1204.0k, avg=166776.73, stdev=145909.47
     lat (usec): min=1740, max=1204.1k, avg=166807.01, stdev=145910.88
    clat percentiles (msec):
     |  1.00th=[   14],  5.00th=[   18], 10.00th=[   23], 20.00th=[   34],
     | 30.00th=[   70], 40.00th=[  107], 50.00th=[  136], 60.00th=[  167],
     | 70.00th=[  205], 80.00th=[  251], 90.00th=[  372], 95.00th=[  489],
     | 99.00th=[  642], 99.50th=[  693], 99.90th=[  793], 99.95th=[  810],
     | 99.99th=[ 1116]
   bw (  KiB/s): min= 2432, max=55424, per=100.00%, avg=24633.42, stdev=8972.81, samples=84
   iops        : min=   38, max=  866, avg=384.88, stdev=140.19, samples=84
  lat (msec)   : 2=0.01%, 4=0.02%, 10=0.08%, 20=6.85%, 50=19.18%
  lat (msec)   : 100=11.68%, 250=42.19%, 500=15.41%, 750=4.14%, 1000=0.42%
  lat (msec)   : 2000=0.02%
  cpu          : usr=0.35%, sys=1.58%, ctx=16359, majf=0, minf=26
  IO depths    : 1=0.1%, 2=0.1%, 4=0.1%, 8=0.1%, 16=0.1%, 32=0.2%, >=64=99.6%
     submit    : 0=0.0%, 4=100.0%, 8=0.0%, 16=0.0%, 32=0.0%, 64=0.0%, >=64=0.0%
     complete  : 0=0.0%, 4=100.0%, 8=0.0%, 16=0.0%, 32=0.0%, 64=0.1%, >=64=0.0%
     issued rwt: total=0,16384,0, short=0,0,0, dropped=0,0,0
     latency   : target=0, window=0, percentile=100.00%, depth=64

Run status group 0 (all jobs):
  WRITE: bw=23.0MiB/s (25.1MB/s), 23.0MiB/s-23.0MiB/s (25.1MB/s-25.1MB/s), io=1024MiB (1074MB), run=42706-42706msec

Disk stats (read/write):
  sdd: ios=46/16334, merge=0/0, ticks=2652/2725421, in_queue=2730941, util=100.00%
