test: (g=0): rw=randwrite, bs=(R) 8192B-8192B, (W) 8192B-8192B, (T) 8192B-8192B, ioengine=libaio, iodepth=64
fio-3.1
Starting 1 process

test: (groupid=0, jobs=1): err= 0: pid=11903: Mon Jul 23 17:54:48 2018
  write: IOPS=387, BW=3101KiB/s (3176kB/s)(1024MiB/338128msec)
    slat (nsec): min=3916, max=65945, avg=20828.11, stdev=9452.31
    clat (usec): min=1148, max=1076.0k, avg=165075.57, stdev=118555.39
     lat (usec): min=1171, max=1076.0k, avg=165096.84, stdev=118556.92
    clat percentiles (msec):
     |  1.00th=[   14],  5.00th=[   19], 10.00th=[   25], 20.00th=[   70],
     | 30.00th=[  103], 40.00th=[  125], 50.00th=[  148], 60.00th=[  171],
     | 70.00th=[  199], 80.00th=[  232], 90.00th=[  321], 95.00th=[  405],
     | 99.00th=[  550], 99.50th=[  625], 99.90th=[  802], 99.95th=[  827],
     | 99.99th=[  936]
   bw (  KiB/s): min=  512, max=12784, per=100.00%, avg=3106.98, stdev=1008.31, samples=673
   iops        : min=   64, max= 1598, avg=388.37, stdev=126.04, samples=673
  lat (msec)   : 2=0.01%, 10=0.09%, 20=6.19%, 50=10.76%, 100=12.03%
  lat (msec)   : 250=54.32%, 500=14.90%, 750=1.48%, 1000=0.23%, 2000=0.01%
  cpu          : usr=0.39%, sys=1.22%, ctx=130823, majf=0, minf=26
  IO depths    : 1=0.1%, 2=0.1%, 4=0.1%, 8=0.1%, 16=0.1%, 32=0.1%, >=64=100.0%
     submit    : 0=0.0%, 4=100.0%, 8=0.0%, 16=0.0%, 32=0.0%, 64=0.0%, >=64=0.0%
     complete  : 0=0.0%, 4=100.0%, 8=0.0%, 16=0.0%, 32=0.0%, 64=0.1%, >=64=0.0%
     issued rwt: total=0,131072,0, short=0,0,0, dropped=0,0,0
     latency   : target=0, window=0, percentile=100.00%, depth=64

Run status group 0 (all jobs):
  WRITE: bw=3101KiB/s (3176kB/s), 3101KiB/s-3101KiB/s (3176kB/s-3176kB/s), io=1024MiB (1074MB), run=338128-338128msec

Disk stats (read/write):
  sdd: ios=45/130979, merge=0/0, ticks=1851/21635671, in_queue=21638337, util=100.00%
