rbd_image0: (g=0): rw=write, bs=(R) 1024KiB-1024KiB, (W) 1024KiB-1024KiB, (T) 1024KiB-1024KiB, ioengine=rbd, iodepth=64
fio-3.1
Starting 1 process

rbd_image0: (groupid=0, jobs=1): err= 0: pid=76242: Mon Jul 30 12:46:37 2018
  write: IOPS=586, BW=587MiB/s (615MB/s)(10.0GiB/17450msec)
    slat (usec): min=262, max=8437, avg=407.21, stdev=244.87
    clat (msec): min=10, max=386, avg=100.51, stdev=43.64
     lat (msec): min=11, max=386, avg=100.92, stdev=43.63
    clat percentiles (msec):
     |  1.00th=[   18],  5.00th=[   36], 10.00th=[   52], 20.00th=[   67],
     | 30.00th=[   79], 40.00th=[   87], 50.00th=[   95], 60.00th=[  106],
     | 70.00th=[  118], 80.00th=[  132], 90.00th=[  150], 95.00th=[  178],
     | 99.00th=[  236], 99.50th=[  253], 99.90th=[  317], 99.95th=[  376],
     | 99.99th=[  384]
   bw (  KiB/s): min=436224, max=761330, per=99.97%, avg=600742.71, stdev=69522.96, samples=34
   iops        : min=  426, max=  743, avg=586.62, stdev=67.84, samples=34
  lat (msec)   : 20=2.10%, 50=7.07%, 100=45.91%, 250=44.38%, 500=0.55%
  cpu          : usr=19.94%, sys=3.70%, ctx=423, majf=0, minf=195862
  IO depths    : 1=0.2%, 2=0.5%, 4=1.6%, 8=5.4%, 16=17.6%, 32=69.0%, >=64=5.6%
     submit    : 0=0.0%, 4=100.0%, 8=0.0%, 16=0.0%, 32=0.0%, 64=0.0%, >=64=0.0%
     complete  : 0=0.0%, 4=96.7%, 8=0.9%, 16=0.6%, 32=0.5%, 64=1.3%, >=64=0.0%
     issued rwt: total=0,10240,0, short=0,0,0, dropped=0,0,0
     latency   : target=0, window=0, percentile=100.00%, depth=64

Run status group 0 (all jobs):
  WRITE: bw=587MiB/s (615MB/s), 587MiB/s-587MiB/s (615MB/s-615MB/s), io=10.0GiB (10.7GB), run=17450-17450msec

Disk stats (read/write):
    dm-0: ios=0/74, merge=0/0, ticks=0/169, in_queue=169, util=0.52%, aggrios=0/70, aggrmerge=0/4, aggrticks=0/162, aggrin_queue=162, aggrutil=0.52%
  sdc: ios=0/70, merge=0/4, ticks=0/162, in_queue=162, util=0.52%
