test: (g=0): rw=randwrite, bs=(R) 8192B-8192B, (W) 8192B-8192B, (T) 8192B-8192B, ioengine=libaio, iodepth=64
fio-3.1
Starting 1 process

test: (groupid=0, jobs=1): err= 0: pid=34427: Thu Jul 12 17:18:04 2018
  write: IOPS=361, BW=2889KiB/s (2959kB/s)(1024MiB/362919msec)
    slat (nsec): min=1993, max=241577, avg=19202.71, stdev=8209.50
    clat (usec): min=246, max=1449.8k, avg=177174.80, stdev=129415.06
     lat (usec): min=268, max=1449.8k, avg=177194.41, stdev=129416.94
    clat percentiles (msec):
     |  1.00th=[   12],  5.00th=[   17], 10.00th=[   24], 20.00th=[   69],
     | 30.00th=[  110], 40.00th=[  134], 50.00th=[  159], 60.00th=[  184],
     | 70.00th=[  213], 80.00th=[  253], 90.00th=[  355], 95.00th=[  439],
     | 99.00th=[  575], 99.50th=[  659], 99.90th=[  852], 99.95th=[  911],
     | 99.99th=[ 1036]
   bw (  KiB/s): min=  192, max=14912, per=99.75%, avg=2881.87, stdev=1069.77, samples=725
   iops        : min=   24, max= 1864, avg=360.22, stdev=133.72, samples=725
  lat (usec)   : 250=0.01%, 500=0.01%, 1000=0.01%
  lat (msec)   : 2=0.01%, 4=0.07%, 10=0.70%, 20=6.80%, 50=10.02%
  lat (msec)   : 100=9.20%, 250=52.60%, 500=18.01%, 750=2.35%, 1000=0.23%
  lat (msec)   : 2000=0.02%
  cpu          : usr=0.46%, sys=1.24%, ctx=128985, majf=0, minf=28
  IO depths    : 1=0.1%, 2=0.1%, 4=0.1%, 8=0.1%, 16=0.1%, 32=0.1%, >=64=100.0%
     submit    : 0=0.0%, 4=100.0%, 8=0.0%, 16=0.0%, 32=0.0%, 64=0.0%, >=64=0.0%
     complete  : 0=0.0%, 4=100.0%, 8=0.0%, 16=0.0%, 32=0.0%, 64=0.1%, >=64=0.0%
     issued rwt: total=0,131072,0, short=0,0,0, dropped=0,0,0
     latency   : target=0, window=0, percentile=100.00%, depth=64

Run status group 0 (all jobs):
  WRITE: bw=2889KiB/s (2959kB/s), 2889KiB/s-2889KiB/s (2959kB/s-2959kB/s), io=1024MiB (1074MB), run=362919-362919msec

Disk stats (read/write):
  sdj: ios=40/129010, merge=0/2052, ticks=21244/23008068, in_queue=23030386, util=100.00%
