test: (g=0): rw=read, bs=(R) 512KiB-512KiB, (W) 512KiB-512KiB, (T) 512KiB-512KiB, ioengine=libaio, iodepth=64
fio-3.1
Starting 1 process

test: (groupid=0, jobs=1): err= 0: pid=13498: Mon Jul 23 19:01:04 2018
   read: IOPS=405, BW=203MiB/s (212MB/s)(1024MiB/5053msec)
    slat (usec): min=31, max=598, avg=104.35, stdev=52.36
    clat (msec): min=10, max=319, avg=157.53, stdev=24.47
     lat (msec): min=10, max=319, avg=157.64, stdev=24.47
    clat percentiles (msec):
     |  1.00th=[   47],  5.00th=[  146], 10.00th=[  148], 20.00th=[  150],
     | 30.00th=[  150], 40.00th=[  161], 50.00th=[  161], 60.00th=[  161],
     | 70.00th=[  163], 80.00th=[  165], 90.00th=[  165], 95.00th=[  167],
     | 99.00th=[  271], 99.50th=[  296], 99.90th=[  313], 99.95th=[  317],
     | 99.99th=[  321]
   bw (  KiB/s): min=157696, max=221184, per=97.95%, avg=203264.00, stdev=17539.68, samples=10
   iops        : min=  308, max=  432, avg=397.00, stdev=34.26, samples=10
  lat (msec)   : 20=0.39%, 50=0.68%, 100=1.17%, 250=96.39%, 500=1.37%
  cpu          : usr=0.51%, sys=4.71%, ctx=2045, majf=0, minf=559
  IO depths    : 1=0.1%, 2=0.1%, 4=0.2%, 8=0.4%, 16=0.8%, 32=1.6%, >=64=96.9%
     submit    : 0=0.0%, 4=100.0%, 8=0.0%, 16=0.0%, 32=0.0%, 64=0.0%, >=64=0.0%
     complete  : 0=0.0%, 4=99.9%, 8=0.0%, 16=0.0%, 32=0.0%, 64=0.1%, >=64=0.0%
     issued rwt: total=2048,0,0, short=0,0,0, dropped=0,0,0
     latency   : target=0, window=0, percentile=100.00%, depth=64

Run status group 0 (all jobs):
   READ: bw=203MiB/s (212MB/s), 203MiB/s-203MiB/s (212MB/s-212MB/s), io=1024MiB (1074MB), run=5053-5053msec

Disk stats (read/write):
  sdg: ios=3972/0, merge=0/0, ticks=612785/0, in_queue=623099, util=98.06%
