test: (g=0): rw=write, bs=(R) 64.0KiB-64.0KiB, (W) 64.0KiB-64.0KiB, (T) 64.0KiB-64.0KiB, ioengine=libaio, iodepth=64
fio-3.1
Starting 1 process

test: (groupid=0, jobs=1): err= 0: pid=15148: Mon Jul 23 20:34:39 2018
  write: IOPS=3334, BW=208MiB/s (219MB/s)(1024MiB/4913msec)
    slat (nsec): min=5839, max=73765, avg=22083.54, stdev=8449.89
    clat (usec): min=763, max=44641, avg=19160.31, stdev=2236.24
     lat (usec): min=794, max=44656, avg=19182.64, stdev=2236.87
    clat percentiles (usec):
     |  1.00th=[13304],  5.00th=[18220], 10.00th=[18220], 20.00th=[18220],
     | 30.00th=[18482], 40.00th=[18482], 50.00th=[18482], 60.00th=[19268],
     | 70.00th=[19530], 80.00th=[19530], 90.00th=[20055], 95.00th=[20055],
     | 99.00th=[27919], 99.50th=[31327], 99.90th=[42206], 99.95th=[42730],
     | 99.99th=[42730]
   bw (  KiB/s): min=197632, max=225024, per=99.75%, avg=212892.44, stdev=9149.26, samples=9
   iops        : min= 3088, max= 3516, avg=3326.44, stdev=142.96, samples=9
  lat (usec)   : 1000=0.01%
  lat (msec)   : 2=0.01%, 4=0.03%, 10=0.20%, 20=88.08%, 50=11.67%
  cpu          : usr=2.24%, sys=9.36%, ctx=16368, majf=0, minf=28
  IO depths    : 1=0.1%, 2=0.1%, 4=0.1%, 8=0.1%, 16=0.1%, 32=0.2%, >=64=99.6%
     submit    : 0=0.0%, 4=100.0%, 8=0.0%, 16=0.0%, 32=0.0%, 64=0.0%, >=64=0.0%
     complete  : 0=0.0%, 4=100.0%, 8=0.0%, 16=0.0%, 32=0.0%, 64=0.1%, >=64=0.0%
     issued rwt: total=0,16384,0, short=0,0,0, dropped=0,0,0
     latency   : target=0, window=0, percentile=100.00%, depth=64

Run status group 0 (all jobs):
  WRITE: bw=208MiB/s (219MB/s), 208MiB/s-208MiB/s (219MB/s-219MB/s), io=1024MiB (1074MB), run=4913-4913msec

Disk stats (read/write):
  sdj: ios=54/16315, merge=0/0, ticks=4222/311968, in_queue=317547, util=100.00%
