test: (g=0): rw=write, bs=(R) 1024KiB-1024KiB, (W) 1024KiB-1024KiB, (T) 1024KiB-1024KiB, ioengine=libaio, iodepth=64
fio-3.1
Starting 1 process

test: (groupid=0, jobs=1): err= 0: pid=25613: Fri Jul 13 13:38:14 2018
  write: IOPS=197, BW=198MiB/s (207MB/s)(1024MiB/5181msec)
    slat (usec): min=56, max=78429, avg=4874.03, stdev=12932.30
    clat (msec): min=137, max=461, avg=316.57, stdev=35.88
     lat (msec): min=137, max=499, avg=321.44, stdev=34.34
    clat percentiles (msec):
     |  1.00th=[  188],  5.00th=[  266], 10.00th=[  275], 20.00th=[  300],
     | 30.00th=[  309], 40.00th=[  313], 50.00th=[  313], 60.00th=[  326],
     | 70.00th=[  334], 80.00th=[  342], 90.00th=[  355], 95.00th=[  355],
     | 99.00th=[  422], 99.50th=[  460], 99.90th=[  464], 99.95th=[  464],
     | 99.99th=[  464]
   bw (  KiB/s): min=151552, max=212992, per=97.25%, avg=196812.80, stdev=17761.14, samples=10
   iops        : min=  148, max=  208, avg=192.20, stdev=17.34, samples=10
  lat (msec)   : 250=4.00%, 500=96.00%
  cpu          : usr=1.14%, sys=2.01%, ctx=163, majf=0, minf=29
  IO depths    : 1=0.1%, 2=0.2%, 4=0.4%, 8=0.8%, 16=1.6%, 32=3.1%, >=64=93.8%
     submit    : 0=0.0%, 4=100.0%, 8=0.0%, 16=0.0%, 32=0.0%, 64=0.0%, >=64=0.0%
     complete  : 0=0.0%, 4=99.9%, 8=0.0%, 16=0.0%, 32=0.0%, 64=0.1%, >=64=0.0%
     issued rwt: total=0,1024,0, short=0,0,0, dropped=0,0,0
     latency   : target=0, window=0, percentile=100.00%, depth=64

Run status group 0 (all jobs):
  WRITE: bw=198MiB/s (207MB/s), 198MiB/s-198MiB/s (207MB/s-207MB/s), io=1024MiB (1074MB), run=5181-5181msec

Disk stats (read/write):
  sde: ios=7/4039, merge=0/0, ticks=4347/713187, in_queue=725932, util=97.82%
