test: (g=0): rw=read, bs=(R) 512KiB-512KiB, (W) 512KiB-512KiB, (T) 512KiB-512KiB, ioengine=libaio, iodepth=64
fio-3.1
Starting 1 process

test: (groupid=0, jobs=1): err= 0: pid=25569: Fri Jul 13 13:38:09 2018
   read: IOPS=403, BW=202MiB/s (212MB/s)(1024MiB/5073msec)
    slat (usec): min=22, max=480, avg=90.05, stdev=41.67
    clat (msec): min=9, max=307, avg=158.22, stdev=22.81
     lat (msec): min=10, max=307, avg=158.31, stdev=22.80
    clat percentiles (msec):
     |  1.00th=[   55],  5.00th=[  150], 10.00th=[  150], 20.00th=[  153],
     | 30.00th=[  155], 40.00th=[  157], 50.00th=[  157], 60.00th=[  157],
     | 70.00th=[  159], 80.00th=[  171], 90.00th=[  171], 95.00th=[  171],
     | 99.00th=[  259], 99.50th=[  284], 99.90th=[  305], 99.95th=[  305],
     | 99.99th=[  309]
   bw (  KiB/s): min=175104, max=214016, per=98.34%, avg=203264.00, stdev=13008.79, samples=10
   iops        : min=  342, max=  418, avg=397.00, stdev=25.41, samples=10
  lat (msec)   : 10=0.05%, 20=0.20%, 50=0.63%, 100=1.12%, 250=96.83%
  lat (msec)   : 500=1.17%
  cpu          : usr=0.34%, sys=4.59%, ctx=2048, majf=0, minf=559
  IO depths    : 1=0.1%, 2=0.1%, 4=0.2%, 8=0.4%, 16=0.8%, 32=1.6%, >=64=96.9%
     submit    : 0=0.0%, 4=100.0%, 8=0.0%, 16=0.0%, 32=0.0%, 64=0.0%, >=64=0.0%
     complete  : 0=0.0%, 4=99.9%, 8=0.0%, 16=0.0%, 32=0.0%, 64=0.1%, >=64=0.0%
     issued rwt: total=2048,0,0, short=0,0,0, dropped=0,0,0
     latency   : target=0, window=0, percentile=100.00%, depth=64

Run status group 0 (all jobs):
   READ: bw=202MiB/s (212MB/s), 202MiB/s-202MiB/s (212MB/s-212MB/s), io=1024MiB (1074MB), run=5073-5073msec

Disk stats (read/write):
  sde: ios=3950/0, merge=0/0, ticks=613208/0, in_queue=623176, util=98.04%
