test: (g=0): rw=randwrite, bs=(R) 4096B-4096B, (W) 4096B-4096B, (T) 4096B-4096B, ioengine=libaio, iodepth=64
fio-3.1
Starting 1 process

test: (groupid=0, jobs=1): err= 0: pid=25703: Fri Jul 13 13:48:39 2018
  write: IOPS=423, BW=1695KiB/s (1736kB/s)(1024MiB/618665msec)
    slat (nsec): min=1866, max=441246, avg=17530.93, stdev=7892.10
    clat (usec): min=337, max=1197.6k, avg=151014.74, stdev=105297.93
     lat (usec): min=377, max=1197.6k, avg=151032.70, stdev=105299.43
    clat percentiles (msec):
     |  1.00th=[   13],  5.00th=[   19], 10.00th=[   27], 20.00th=[   66],
     | 30.00th=[   95], 40.00th=[  115], 50.00th=[  136], 60.00th=[  157],
     | 70.00th=[  180], 80.00th=[  213], 90.00th=[  288], 95.00th=[  368],
     | 99.00th=[  489], 99.50th=[  542], 99.90th=[  684], 99.95th=[  760],
     | 99.99th=[  885]
   bw (  KiB/s): min=  240, max= 7064, per=99.85%, avg=1691.52, stdev=477.97, samples=1237
   iops        : min=   60, max= 1766, avg=422.87, stdev=119.49, samples=1237
  lat (usec)   : 500=0.01%, 1000=0.01%
  lat (msec)   : 2=0.01%, 4=0.04%, 10=0.46%, 20=5.40%, 50=11.36%
  lat (msec)   : 100=15.15%, 250=53.97%, 500=12.76%, 750=0.81%, 1000=0.05%
  lat (msec)   : 2000=0.01%
  cpu          : usr=0.55%, sys=1.46%, ctx=259086, majf=0, minf=391
  IO depths    : 1=0.1%, 2=0.1%, 4=0.1%, 8=0.1%, 16=0.1%, 32=0.1%, >=64=100.0%
     submit    : 0=0.0%, 4=100.0%, 8=0.0%, 16=0.0%, 32=0.0%, 64=0.0%, >=64=0.0%
     complete  : 0=0.0%, 4=100.0%, 8=0.0%, 16=0.0%, 32=0.0%, 64=0.1%, >=64=0.0%
     issued rwt: total=0,262144,0, short=0,0,0, dropped=0,0,0
     latency   : target=0, window=0, percentile=100.00%, depth=64

Run status group 0 (all jobs):
  WRITE: bw=1695KiB/s (1736kB/s), 1695KiB/s-1695KiB/s (1736kB/s-1736kB/s), io=1024MiB (1074MB), run=618665-618665msec

Disk stats (read/write):
  sde: ios=40/259131, merge=0/2561, ticks=18217/39354697, in_queue=39373553, util=100.00%
