test: (g=0): rw=randwrite, bs=(R) 8192B-8192B, (W) 8192B-8192B, (T) 8192B-8192B, ioengine=libaio, iodepth=64
fio-3.1
Starting 1 process

test: (groupid=0, jobs=1): err= 0: pid=10371: Tue Jul 24 22:51:10 2018
  write: IOPS=229, BW=1833KiB/s (1877kB/s)(1024MiB/572042msec)
    slat (nsec): min=4129, max=88359, avg=25935.05, stdev=10300.40
    clat (usec): min=338, max=1576.8k, avg=279282.49, stdev=195483.12
     lat (usec): min=365, max=1576.9k, avg=279308.88, stdev=195484.96
    clat percentiles (msec):
     |  1.00th=[   15],  5.00th=[   22], 10.00th=[   32], 20.00th=[  123],
     | 30.00th=[  176], 40.00th=[  213], 50.00th=[  253], 60.00th=[  292],
     | 70.00th=[  338], 80.00th=[  401], 90.00th=[  558], 95.00th=[  667],
     | 99.00th=[  869], 99.50th=[  961], 99.90th=[ 1183], 99.95th=[ 1234],
     | 99.99th=[ 1401]
   bw (  KiB/s): min=   16, max= 3680, per=100.00%, avg=1850.05, stdev=689.14, samples=1133
   iops        : min=    2, max=  460, avg=231.25, stdev=86.15, samples=1133
  lat (usec)   : 500=0.01%, 750=0.01%, 1000=0.01%
  lat (msec)   : 2=0.01%, 4=0.01%, 10=0.14%, 20=3.72%, 50=10.07%
  lat (msec)   : 100=3.81%, 250=31.63%, 500=37.71%, 750=10.19%, 1000=2.31%
  lat (msec)   : 2000=0.41%
  cpu          : usr=0.27%, sys=0.86%, ctx=130673, majf=0, minf=28
  IO depths    : 1=0.1%, 2=0.1%, 4=0.1%, 8=0.1%, 16=0.1%, 32=0.1%, >=64=100.0%
     submit    : 0=0.0%, 4=100.0%, 8=0.0%, 16=0.0%, 32=0.0%, 64=0.0%, >=64=0.0%
     complete  : 0=0.0%, 4=100.0%, 8=0.0%, 16=0.0%, 32=0.0%, 64=0.1%, >=64=0.0%
     issued rwt: total=0,131072,0, short=0,0,0, dropped=0,0,0
     latency   : target=0, window=0, percentile=100.00%, depth=64

Run status group 0 (all jobs):
  WRITE: bw=1833KiB/s (1877kB/s), 1833KiB/s-1833KiB/s (1877kB/s-1877kB/s), io=1024MiB (1074MB), run=572042-572042msec

Disk stats (read/write):
  sdn: ios=0/131075, merge=0/0, ticks=0/36596279, in_queue=36603032, util=100.00%
