test: (g=0): rw=randwrite, bs=(R) 8192B-8192B, (W) 8192B-8192B, (T) 8192B-8192B, ioengine=libaio, iodepth=64
fio-3.1
Starting 1 process

test: (groupid=0, jobs=1): err= 0: pid=12365: Thu Jul 12 14:57:13 2018
  write: IOPS=1053, BW=8424KiB/s (8626kB/s)(1024MiB/124472msec)
    slat (usec): min=2, max=220, avg=14.33, stdev= 9.31
    clat (msec): min=3, max=343, avg=60.76, stdev=29.39
     lat (msec): min=3, max=343, avg=60.77, stdev=29.39
    clat percentiles (msec):
     |  1.00th=[    9],  5.00th=[   19], 10.00th=[   29], 20.00th=[   39],
     | 30.00th=[   46], 40.00th=[   52], 50.00th=[   58], 60.00th=[   65],
     | 70.00th=[   72], 80.00th=[   81], 90.00th=[   94], 95.00th=[  108],
     | 99.00th=[  163], 99.50th=[  190], 99.90th=[  241], 99.95th=[  262],
     | 99.99th=[  300]
   bw (  KiB/s): min= 5712, max=16544, per=99.88%, avg=8413.62, stdev=1168.49, samples=248
   iops        : min=  714, max= 2068, avg=1051.70, stdev=146.06, samples=248
  lat (msec)   : 4=0.01%, 10=1.51%, 20=4.12%, 50=31.74%, 100=55.40%
  lat (msec)   : 250=7.15%, 500=0.08%
  cpu          : usr=0.89%, sys=2.54%, ctx=88991, majf=0, minf=327
  IO depths    : 1=0.1%, 2=0.1%, 4=0.1%, 8=0.1%, 16=0.1%, 32=0.1%, >=64=100.0%
     submit    : 0=0.0%, 4=100.0%, 8=0.0%, 16=0.0%, 32=0.0%, 64=0.0%, >=64=0.0%
     complete  : 0=0.0%, 4=100.0%, 8=0.0%, 16=0.0%, 32=0.0%, 64=0.1%, >=64=0.0%
     issued rwt: total=0,131072,0, short=0,0,0, dropped=0,0,0
     latency   : target=0, window=0, percentile=100.00%, depth=64

Run status group 0 (all jobs):
  WRITE: bw=8424KiB/s (8626kB/s), 8424KiB/s-8424KiB/s (8626kB/s-8626kB/s), io=1024MiB (1074MB), run=124472-124472msec

Disk stats (read/write):
  sdg: ios=37/128997, merge=0/2042, ticks=385/7863605, in_queue=7865257, util=100.00%
