test: (g=0): rw=write, bs=(R) 1024KiB-1024KiB, (W) 1024KiB-1024KiB, (T) 1024KiB-1024KiB, ioengine=libaio, iodepth=64
fio-3.1
Starting 1 process

test: (groupid=0, jobs=1): err= 0: pid=30567: Thu Jul 12 13:47:56 2018
  write: IOPS=196, BW=197MiB/s (206MB/s)(1024MiB/5201msec)
    slat (usec): min=77, max=79683, avg=4895.54, stdev=12977.78
    clat (msec): min=138, max=453, avg=317.72, stdev=35.90
     lat (msec): min=138, max=453, avg=322.61, stdev=34.17
    clat percentiles (msec):
     |  1.00th=[  186],  5.00th=[  271], 10.00th=[  279], 20.00th=[  305],
     | 30.00th=[  309], 40.00th=[  309], 50.00th=[  313], 60.00th=[  326],
     | 70.00th=[  334], 80.00th=[  342], 90.00th=[  351], 95.00th=[  384],
     | 99.00th=[  418], 99.50th=[  451], 99.90th=[  456], 99.95th=[  456],
     | 99.99th=[  456]
   bw (  KiB/s): min=133120, max=212992, per=96.81%, avg=195174.40, stdev=24386.59, samples=10
   iops        : min=  130, max=  208, avg=190.60, stdev=23.82, samples=10
  lat (msec)   : 250=3.22%, 500=96.78%
  cpu          : usr=1.40%, sys=1.90%, ctx=164, majf=0, minf=27
  IO depths    : 1=0.1%, 2=0.2%, 4=0.4%, 8=0.8%, 16=1.6%, 32=3.1%, >=64=93.8%
     submit    : 0=0.0%, 4=100.0%, 8=0.0%, 16=0.0%, 32=0.0%, 64=0.0%, >=64=0.0%
     complete  : 0=0.0%, 4=99.9%, 8=0.0%, 16=0.0%, 32=0.0%, 64=0.1%, >=64=0.0%
     issued rwt: total=0,1024,0, short=0,0,0, dropped=0,0,0
     latency   : target=0, window=0, percentile=100.00%, depth=64

Run status group 0 (all jobs):
  WRITE: bw=197MiB/s (206MB/s), 197MiB/s-197MiB/s (206MB/s-206MB/s), io=1024MiB (1074MB), run=5201-5201msec

Disk stats (read/write):
  sdd: ios=7/4023, merge=0/0, ticks=4356/713233, in_queue=727363, util=98.02%
