test: (g=0): rw=read, bs=(R) 512KiB-512KiB, (W) 512KiB-512KiB, (T) 512KiB-512KiB, ioengine=libaio, iodepth=64
fio-3.1
Starting 1 process

test: (groupid=0, jobs=1): err= 0: pid=13388: Mon Jul 23 17:28:15 2018
   read: IOPS=1062, BW=531MiB/s (557MB/s)(1024MiB/1928msec)
    slat (usec): min=27, max=701, avg=92.48, stdev=55.97
    clat (msec): min=10, max=118, avg=59.92, stdev= 8.65
     lat (msec): min=10, max=118, avg=60.02, stdev= 8.64
    clat percentiles (msec):
     |  1.00th=[   18],  5.00th=[   61], 10.00th=[   61], 20.00th=[   61],
     | 30.00th=[   61], 40.00th=[   61], 50.00th=[   61], 60.00th=[   61],
     | 70.00th=[   61], 80.00th=[   61], 90.00th=[   61], 95.00th=[   61],
     | 99.00th=[  100], 99.50th=[  109], 99.90th=[  116], 99.95th=[  117],
     | 99.99th=[  118]
   bw (  KiB/s): min=542720, max=544768, per=99.98%, avg=543744.00, stdev=1024.00, samples=3
   iops        : min= 1060, max= 1064, avg=1062.00, stdev= 2.00, samples=3
  lat (msec)   : 20=1.17%, 50=1.95%, 100=95.90%, 250=0.98%
  cpu          : usr=1.45%, sys=10.07%, ctx=2038, majf=0, minf=559
  IO depths    : 1=0.1%, 2=0.1%, 4=0.2%, 8=0.4%, 16=0.8%, 32=1.6%, >=64=96.9%
     submit    : 0=0.0%, 4=100.0%, 8=0.0%, 16=0.0%, 32=0.0%, 64=0.0%, >=64=0.0%
     complete  : 0=0.0%, 4=99.9%, 8=0.0%, 16=0.0%, 32=0.0%, 64=0.1%, >=64=0.0%
     issued rwt: total=2048,0,0, short=0,0,0, dropped=0,0,0
     latency   : target=0, window=0, percentile=100.00%, depth=64

Run status group 0 (all jobs):
   READ: bw=531MiB/s (557MB/s), 531MiB/s-531MiB/s (557MB/s-557MB/s), io=1024MiB (1074MB), run=1928-1928msec

Disk stats (read/write):
  sdb: ios=4034/0, merge=0/0, ticks=237102/0, in_queue=239927, util=95.00%
