test: (g=0): rw=read, bs=(R) 512KiB-512KiB, (W) 512KiB-512KiB, (T) 512KiB-512KiB, ioengine=libaio, iodepth=64
fio-3.1
Starting 1 process

test: (groupid=0, jobs=1): err= 0: pid=7212: Tue Jul 24 18:26:07 2018
   read: IOPS=415, BW=208MiB/s (218MB/s)(1024MiB/4931msec)
    slat (usec): min=30, max=816, avg=105.71, stdev=59.58
    clat (msec): min=11, max=301, avg=153.67, stdev=21.60
     lat (msec): min=11, max=301, avg=153.78, stdev=21.59
    clat percentiles (msec):
     |  1.00th=[   53],  5.00th=[  150], 10.00th=[  150], 20.00th=[  150],
     | 30.00th=[  153], 40.00th=[  153], 50.00th=[  155], 60.00th=[  157],
     | 70.00th=[  157], 80.00th=[  157], 90.00th=[  157], 95.00th=[  159],
     | 99.00th=[  255], 99.50th=[  279], 99.90th=[  296], 99.95th=[  300],
     | 99.99th=[  300]
   bw (  KiB/s): min=208896, max=217088, per=99.95%, avg=212536.89, stdev=3160.79, samples=9
   iops        : min=  408, max=  424, avg=415.11, stdev= 6.17, samples=9
  lat (msec)   : 20=0.24%, 50=0.68%, 100=1.17%, 250=96.83%, 500=1.07%
  cpu          : usr=0.37%, sys=4.89%, ctx=2044, majf=0, minf=559
  IO depths    : 1=0.1%, 2=0.1%, 4=0.2%, 8=0.4%, 16=0.8%, 32=1.6%, >=64=96.9%
     submit    : 0=0.0%, 4=100.0%, 8=0.0%, 16=0.0%, 32=0.0%, 64=0.0%, >=64=0.0%
     complete  : 0=0.0%, 4=99.9%, 8=0.0%, 16=0.0%, 32=0.0%, 64=0.1%, >=64=0.0%
     issued rwt: total=2048,0,0, short=0,0,0, dropped=0,0,0
     latency   : target=0, window=0, percentile=100.00%, depth=64

Run status group 0 (all jobs):
   READ: bw=208MiB/s (218MB/s), 208MiB/s-208MiB/s (218MB/s-218MB/s), io=1024MiB (1074MB), run=4931-4931msec

Disk stats (read/write):
  sdi: ios=4066/0, merge=0/0, ticks=612982/0, in_queue=617007, util=98.06%
