test: (g=0): rw=randwrite, bs=(R) 64.0KiB-64.0KiB, (W) 64.0KiB-64.0KiB, (T) 64.0KiB-64.0KiB, ioengine=libaio, iodepth=64
fio-3.1
Starting 1 process

test: (groupid=0, jobs=1): err= 0: pid=7595: Tue Jul 24 19:10:13 2018
  write: IOPS=191, BW=11.0MiB/s (12.6MB/s)(1024MiB/85540msec)
    slat (nsec): min=6916, max=95875, avg=30510.15, stdev=12200.99
    clat (usec): min=669, max=1826.0k, avg=334081.38, stdev=249079.80
     lat (usec): min=699, max=1826.1k, avg=334112.27, stdev=249081.30
    clat percentiles (msec):
     |  1.00th=[   15],  5.00th=[   20], 10.00th=[   26], 20.00th=[   64],
     | 30.00th=[  169], 40.00th=[  251], 50.00th=[  313], 60.00th=[  372],
     | 70.00th=[  447], 80.00th=[  542], 90.00th=[  676], 95.00th=[  785],
     | 99.00th=[  978], 99.50th=[ 1133], 99.90th=[ 1469], 99.95th=[ 1569],
     | 99.99th=[ 1804]
   bw (  KiB/s): min=  384, max=29440, per=100.00%, avg=12434.79, stdev=5877.17, samples=168
   iops        : min=    6, max=  460, avg=194.29, stdev=91.83, samples=168
  lat (usec)   : 750=0.01%, 1000=0.01%
  lat (msec)   : 2=0.02%, 4=0.04%, 10=0.14%, 20=5.41%, 50=13.21%
  lat (msec)   : 100=4.13%, 250=16.80%, 500=36.21%, 750=17.60%, 1000=5.55%
  lat (msec)   : 2000=0.87%
  cpu          : usr=0.19%, sys=0.78%, ctx=16384, majf=0, minf=27
  IO depths    : 1=0.1%, 2=0.1%, 4=0.1%, 8=0.1%, 16=0.1%, 32=0.2%, >=64=99.6%
     submit    : 0=0.0%, 4=100.0%, 8=0.0%, 16=0.0%, 32=0.0%, 64=0.0%, >=64=0.0%
     complete  : 0=0.0%, 4=100.0%, 8=0.0%, 16=0.0%, 32=0.0%, 64=0.1%, >=64=0.0%
     issued rwt: total=0,16384,0, short=0,0,0, dropped=0,0,0
     latency   : target=0, window=0, percentile=100.00%, depth=64

Run status group 0 (all jobs):
  WRITE: bw=11.0MiB/s (12.6MB/s), 11.0MiB/s-11.0MiB/s (12.6MB/s-12.6MB/s), io=1024MiB (1074MB), run=85540-85540msec

Disk stats (read/write):
  sdi: ios=0/16367, merge=0/0, ticks=0/5455591, in_queue=5461220, util=99.95%
