test: (g=0): rw=randread, bs=(R) 4096B-4096B, (W) 4096B-4096B, (T) 4096B-4096B, ioengine=libaio, iodepth=64
fio-3.1
Starting 1 process

test: (groupid=0, jobs=1): err= 0: pid=7392: Tue Jul 24 18:54:28 2018
   read: IOPS=528, BW=2113KiB/s (2164kB/s)(1024MiB/496206msec)
    slat (nsec): min=3399, max=66826, avg=20984.23, stdev=7722.91
    clat (msec): min=3, max=1069, avg=121.12, stdev=75.88
     lat (msec): min=4, max=1069, avg=121.14, stdev=75.88
    clat percentiles (msec):
     |  1.00th=[   29],  5.00th=[   58], 10.00th=[   65], 20.00th=[   71],
     | 30.00th=[   79], 40.00th=[   86], 50.00th=[   96], 60.00th=[  110],
     | 70.00th=[  129], 80.00th=[  159], 90.00th=[  213], 95.00th=[  271],
     | 99.00th=[  414], 99.50th=[  477], 99.90th=[  634], 99.95th=[  693],
     | 99.99th=[  818]
   bw (  KiB/s): min=  800, max= 7512, per=99.86%, avg=2110.12, stdev=393.09, samples=992
   iops        : min=  200, max= 1878, avg=527.52, stdev=98.27, samples=992
  lat (msec)   : 4=0.01%, 10=0.05%, 20=0.41%, 50=2.91%, 100=50.22%
  lat (msec)   : 250=39.97%, 500=6.06%, 750=0.37%, 1000=0.02%, 2000=0.01%
  cpu          : usr=0.60%, sys=1.77%, ctx=260631, majf=0, minf=96
  IO depths    : 1=0.1%, 2=0.1%, 4=0.1%, 8=0.1%, 16=0.1%, 32=0.1%, >=64=100.0%
     submit    : 0=0.0%, 4=100.0%, 8=0.0%, 16=0.0%, 32=0.0%, 64=0.0%, >=64=0.0%
     complete  : 0=0.0%, 4=100.0%, 8=0.0%, 16=0.0%, 32=0.0%, 64=0.1%, >=64=0.0%
     issued rwt: total=262144,0,0, short=0,0,0, dropped=0,0,0
     latency   : target=0, window=0, percentile=100.00%, depth=64

Run status group 0 (all jobs):
   READ: bw=2113KiB/s (2164kB/s), 2113KiB/s-2113KiB/s (2164kB/s-2164kB/s), io=1024MiB (1074MB), run=496206-496206msec

Disk stats (read/write):
  sdi: ios=261904/6, merge=0/0, ticks=31742131/420, in_queue=31742765, util=100.00%
