test: (g=0): rw=randread, bs=(R) 8192B-8192B, (W) 8192B-8192B, (T) 8192B-8192B, ioengine=libaio, iodepth=64
fio-3.1
Starting 1 process

test: (groupid=0, jobs=1): err= 0: pid=27626: Fri Aug 17 20:05:34 2018
   read: IOPS=791, BW=6330KiB/s (6482kB/s)(1024MiB/165650msec)
    slat (nsec): min=2662, max=77179, avg=14484.84, stdev=8448.24
    clat (usec): min=10, max=2034.2k, avg=80865.16, stdev=128500.24
     lat (usec): min=32, max=2034.2k, avg=80879.93, stdev=128500.74
    clat percentiles (usec):
     |  1.00th=[     32],  5.00th=[     34], 10.00th=[     36],
     | 20.00th=[     40], 30.00th=[     44], 40.00th=[     78],
     | 50.00th=[  69731], 60.00th=[  81265], 70.00th=[  96994],
     | 80.00th=[ 124257], 90.00th=[ 179307], 95.00th=[ 244319],
     | 99.00th=[ 522191], 99.50th=[ 893387], 99.90th=[1635779],
     | 99.95th=[1686111], 99.99th=[1786774]
   bw (  KiB/s): min=  160, max=67511, per=98.69%, avg=6247.27, stdev=4445.19, samples=331
   iops        : min=   20, max= 8438, avg=780.89, stdev=555.62, samples=331
  lat (usec)   : 20=0.03%, 50=34.93%, 100=5.45%, 250=0.08%, 500=0.02%
  lat (msec)   : 20=0.02%, 50=1.10%, 100=29.81%, 250=23.87%, 500=3.66%
  lat (msec)   : 750=0.37%, 1000=0.25%, 2000=0.42%, >=2000=0.01%
  cpu          : usr=0.58%, sys=1.86%, ctx=128499, majf=0, minf=159
  IO depths    : 1=0.1%, 2=0.1%, 4=0.1%, 8=0.1%, 16=0.1%, 32=0.1%, >=64=100.0%
     submit    : 0=0.0%, 4=100.0%, 8=0.0%, 16=0.0%, 32=0.0%, 64=0.0%, >=64=0.0%
     complete  : 0=0.0%, 4=100.0%, 8=0.0%, 16=0.0%, 32=0.0%, 64=0.1%, >=64=0.0%
     issued rwt: total=131072,0,0, short=0,0,0, dropped=0,0,0
     latency   : target=0, window=0, percentile=100.00%, depth=64

Run status group 0 (all jobs):
   READ: bw=6330KiB/s (6482kB/s), 6330KiB/s-6330KiB/s (6482kB/s-6482kB/s), io=1024MiB (1074MB), run=165650-165650msec

Disk stats (read/write):
  sdl: ios=131060/0, merge=0/0, ticks=10596955/0, in_queue=10598015, util=100.00%
