test: (g=0): rw=randread, bs=(R) 4096B-4096B, (W) 4096B-4096B, (T) 4096B-4096B, ioengine=libaio, iodepth=64
fio-3.1
Starting 1 process

test: (groupid=0, jobs=1): err= 0: pid=6414: Tue Jul 24 18:28:20 2018
   read: IOPS=530, BW=2122KiB/s (2173kB/s)(1024MiB/494130msec)
    slat (nsec): min=3520, max=68849, avg=21355.08, stdev=7546.42
    clat (msec): min=3, max=1076, avg=120.61, stdev=75.28
     lat (msec): min=3, max=1076, avg=120.63, stdev=75.28
    clat percentiles (msec):
     |  1.00th=[   28],  5.00th=[   58], 10.00th=[   65], 20.00th=[   71],
     | 30.00th=[   79], 40.00th=[   86], 50.00th=[   95], 60.00th=[  109],
     | 70.00th=[  129], 80.00th=[  159], 90.00th=[  213], 95.00th=[  271],
     | 99.00th=[  414], 99.50th=[  477], 99.90th=[  625], 99.95th=[  684],
     | 99.99th=[  827]
   bw (  KiB/s): min= 1328, max= 8072, per=99.93%, avg=2120.51, stdev=402.45, samples=988
   iops        : min=  332, max= 2018, avg=530.12, stdev=100.61, samples=988
  lat (msec)   : 4=0.01%, 10=0.04%, 20=0.42%, 50=2.85%, 100=50.66%
  lat (msec)   : 250=39.66%, 500=5.99%, 750=0.36%, 1000=0.02%, 2000=0.01%
  cpu          : usr=0.61%, sys=1.83%, ctx=260917, majf=0, minf=453
  IO depths    : 1=0.1%, 2=0.1%, 4=0.1%, 8=0.1%, 16=0.1%, 32=0.1%, >=64=100.0%
     submit    : 0=0.0%, 4=100.0%, 8=0.0%, 16=0.0%, 32=0.0%, 64=0.0%, >=64=0.0%
     complete  : 0=0.0%, 4=100.0%, 8=0.0%, 16=0.0%, 32=0.0%, 64=0.1%, >=64=0.0%
     issued rwt: total=262144,0,0, short=0,0,0, dropped=0,0,0
     latency   : target=0, window=0, percentile=100.00%, depth=64

Run status group 0 (all jobs):
   READ: bw=2122KiB/s (2173kB/s), 2122KiB/s-2122KiB/s (2173kB/s-2173kB/s), io=1024MiB (1074MB), run=494130-494130msec

Disk stats (read/write):
  sdg: ios=262028/6, merge=0/0, ticks=31612325/390, in_queue=31614514, util=100.00%
