test: (g=0): rw=write, bs=(R) 512KiB-512KiB, (W) 512KiB-512KiB, (T) 512KiB-512KiB, ioengine=libaio, iodepth=64
fio-3.1
Starting 1 process

test: (groupid=0, jobs=1): err= 0: pid=23717: Fri Jul 13 13:06:00 2018
  write: IOPS=928, BW=464MiB/s (487MB/s)(1024MiB/2205msec)
    slat (usec): min=30, max=173, avg=113.08, stdev=34.09
    clat (msec): min=4, max=132, avg=68.67, stdev= 9.85
     lat (msec): min=4, max=132, avg=68.79, stdev= 9.86
    clat percentiles (msec):
     |  1.00th=[   21],  5.00th=[   67], 10.00th=[   67], 20.00th=[   67],
     | 30.00th=[   68], 40.00th=[   68], 50.00th=[   68], 60.00th=[   69],
     | 70.00th=[   70], 80.00th=[   71], 90.00th=[   73], 95.00th=[   77],
     | 99.00th=[  111], 99.50th=[  122], 99.90th=[  130], 99.95th=[  132],
     | 99.99th=[  132]
   bw (  KiB/s): min=468992, max=481280, per=100.00%, avg=475888.50, stdev=6315.60, samples=4
   iops        : min=  916, max=  940, avg=929.25, stdev=12.09, samples=4
  lat (msec)   : 10=0.44%, 20=0.54%, 50=1.46%, 100=96.04%, 250=1.51%
  cpu          : usr=2.50%, sys=10.12%, ctx=2044, majf=0, minf=28
  IO depths    : 1=0.1%, 2=0.1%, 4=0.2%, 8=0.4%, 16=0.8%, 32=1.6%, >=64=96.9%
     submit    : 0=0.0%, 4=100.0%, 8=0.0%, 16=0.0%, 32=0.0%, 64=0.0%, >=64=0.0%
     complete  : 0=0.0%, 4=99.9%, 8=0.0%, 16=0.0%, 32=0.0%, 64=0.1%, >=64=0.0%
     issued rwt: total=0,2048,0, short=0,0,0, dropped=0,0,0
     latency   : target=0, window=0, percentile=100.00%, depth=64

Run status group 0 (all jobs):
  WRITE: bw=464MiB/s (487MB/s), 464MiB/s-464MiB/s (487MB/s-487MB/s), io=1024MiB (1074MB), run=2205-2205msec

Disk stats (read/write):
  sda: ios=40/3958, merge=0/0, ticks=15/266854, in_queue=271143, util=95.15%
