test: (g=0): rw=randread, bs=(R) 8192B-8192B, (W) 8192B-8192B, (T) 8192B-8192B, ioengine=libaio, iodepth=64
fio-3.1
Starting 1 process

test: (groupid=0, jobs=1): err= 0: pid=15757: Sun Jul 15 01:51:23 2018
   read: IOPS=45.9k, BW=358MiB/s (376MB/s)(1024MiB/2857msec)
    slat (nsec): min=1414, max=91976, avg=2544.40, stdev=908.29
    clat (usec): min=418, max=8169, avg=1391.38, stdev=492.45
     lat (usec): min=421, max=8172, avg=1393.97, stdev=492.45
    clat percentiles (usec):
     |  1.00th=[  619],  5.00th=[  783], 10.00th=[  873], 20.00th=[  988],
     | 30.00th=[ 1090], 40.00th=[ 1205], 50.00th=[ 1336], 60.00th=[ 1467],
     | 70.00th=[ 1598], 80.00th=[ 1745], 90.00th=[ 1909], 95.00th=[ 2057],
     | 99.00th=[ 3228], 99.50th=[ 3818], 99.90th=[ 4883], 99.95th=[ 5276],
     | 99.99th=[ 6325]
   bw (  KiB/s): min=365248, max=367840, per=99.71%, avg=365965.60, stdev=1060.61, samples=5
   iops        : min=45656, max=45980, avg=45745.60, stdev=132.62, samples=5
  lat (usec)   : 500=0.04%, 750=3.75%, 1000=17.38%
  lat (msec)   : 2=72.54%, 4=5.92%, 10=0.38%
  cpu          : usr=9.59%, sys=28.68%, ctx=127503, majf=0, minf=159
  IO depths    : 1=0.1%, 2=0.1%, 4=0.1%, 8=0.1%, 16=0.1%, 32=0.1%, >=64=100.0%
     submit    : 0=0.0%, 4=100.0%, 8=0.0%, 16=0.0%, 32=0.0%, 64=0.0%, >=64=0.0%
     complete  : 0=0.0%, 4=100.0%, 8=0.0%, 16=0.0%, 32=0.0%, 64=0.1%, >=64=0.0%
     issued rwt: total=131072,0,0, short=0,0,0, dropped=0,0,0
     latency   : target=0, window=0, percentile=100.00%, depth=64

Run status group 0 (all jobs):
   READ: bw=358MiB/s (376MB/s), 358MiB/s-358MiB/s (376MB/s-376MB/s), io=1024MiB (1074MB), run=2857-2857msec

Disk stats (read/write):
  sda: ios=120570/0, merge=680/0, ticks=167331/0, in_queue=167386, util=96.36%
