test: (g=0): rw=randwrite, bs=(R) 64.0KiB-64.0KiB, (W) 64.0KiB-64.0KiB, (T) 64.0KiB-64.0KiB, ioengine=libaio, iodepth=64
fio-3.1
Starting 1 process

test: (groupid=0, jobs=1): err= 0: pid=29700: Thu Jul 12 13:46:49 2018
  write: IOPS=7474, BW=467MiB/s (490MB/s)(1024MiB/2192msec)
    slat (nsec): min=3409, max=44871, avg=9651.02, stdev=5372.82
    clat (usec): min=563, max=35830, avg=8547.32, stdev=2878.67
     lat (usec): min=570, max=35850, avg=8557.07, stdev=2878.68
    clat percentiles (usec):
     |  1.00th=[ 4621],  5.00th=[ 5014], 10.00th=[ 5407], 20.00th=[ 6194],
     | 30.00th=[ 6849], 40.00th=[ 7570], 50.00th=[ 8225], 60.00th=[ 8979],
     | 70.00th=[ 9634], 80.00th=[10421], 90.00th=[11469], 95.00th=[12780],
     | 99.00th=[19006], 99.50th=[22414], 99.90th=[29754], 99.95th=[31327],
     | 99.99th=[34341]
   bw (  KiB/s): min=471936, max=483328, per=99.83%, avg=477536.00, stdev=6396.05, samples=4
   iops        : min= 7374, max= 7552, avg=7461.50, stdev=99.94, samples=4
  lat (usec)   : 750=0.03%, 1000=0.01%
  lat (msec)   : 2=0.05%, 4=0.10%, 10=74.22%, 20=24.76%, 50=0.83%
  cpu          : usr=3.97%, sys=12.92%, ctx=15701, majf=0, minf=28
  IO depths    : 1=0.1%, 2=0.1%, 4=0.1%, 8=0.1%, 16=0.1%, 32=0.2%, >=64=99.6%
     submit    : 0=0.0%, 4=100.0%, 8=0.0%, 16=0.0%, 32=0.0%, 64=0.0%, >=64=0.0%
     complete  : 0=0.0%, 4=100.0%, 8=0.0%, 16=0.0%, 32=0.0%, 64=0.1%, >=64=0.0%
     issued rwt: total=0,16384,0, short=0,0,0, dropped=0,0,0
     latency   : target=0, window=0, percentile=100.00%, depth=64

Run status group 0 (all jobs):
  WRITE: bw=467MiB/s (490MB/s), 467MiB/s-467MiB/s (490MB/s-490MB/s), io=1024MiB (1074MB), run=2192-2192msec

Disk stats (read/write):
  sda: ios=40/15461, merge=0/582, ticks=13/132219, in_queue=132440, util=95.86%
