test: (g=0): rw=write, bs=(R) 512KiB-512KiB, (W) 512KiB-512KiB, (T) 512KiB-512KiB, ioengine=libaio, iodepth=64
fio-3.1
Starting 1 process

test: (groupid=0, jobs=1): err= 0: pid=18303: Sun Jul 15 04:04:56 2018
  write: IOPS=385, BW=193MiB/s (202MB/s)(1024MiB/5314msec)
    slat (usec): min=28, max=187, avg=100.61, stdev=39.89
    clat (msec): min=16, max=333, avg=165.79, stdev=26.31
     lat (msec): min=16, max=334, avg=165.89, stdev=26.30
    clat percentiles (msec):
     |  1.00th=[  157],  5.00th=[  159], 10.00th=[  159], 20.00th=[  159],
     | 30.00th=[  161], 40.00th=[  161], 50.00th=[  161], 60.00th=[  161],
     | 70.00th=[  161], 80.00th=[  161], 90.00th=[  165], 95.00th=[  211],
     | 99.00th=[  309], 99.50th=[  321], 99.90th=[  330], 99.95th=[  334],
     | 99.99th=[  334]
   bw (  KiB/s): min=131334, max=207872, per=100.00%, avg=197453.40, stdev=23342.06, samples=10
   iops        : min=  256, max=  406, avg=385.60, stdev=45.75, samples=10
  lat (msec)   : 20=0.05%, 100=0.10%, 250=96.44%, 500=3.42%
  cpu          : usr=1.54%, sys=3.35%, ctx=2049, majf=0, minf=28
  IO depths    : 1=0.1%, 2=0.1%, 4=0.2%, 8=0.4%, 16=0.8%, 32=1.6%, >=64=96.9%
     submit    : 0=0.0%, 4=100.0%, 8=0.0%, 16=0.0%, 32=0.0%, 64=0.0%, >=64=0.0%
     complete  : 0=0.0%, 4=99.9%, 8=0.0%, 16=0.0%, 32=0.0%, 64=0.1%, >=64=0.0%
     issued rwt: total=0,2048,0, short=0,0,0, dropped=0,0,0
     latency   : target=0, window=0, percentile=100.00%, depth=64

Run status group 0 (all jobs):
  WRITE: bw=193MiB/s (202MB/s), 193MiB/s-193MiB/s (202MB/s-202MB/s), io=1024MiB (1074MB), run=5314-5314msec

Disk stats (read/write):
  sdg: ios=0/3959, merge=0/0, ticks=0/643130, in_queue=653115, util=97.86%
