test: (g=0): rw=write, bs=(R) 1024KiB-1024KiB, (W) 1024KiB-1024KiB, (T) 1024KiB-1024KiB, ioengine=libaio, iodepth=64
fio-3.1
Starting 1 process

test: (groupid=0, jobs=1): err= 0: pid=18391: Sun Jul 15 04:05:08 2018
  write: IOPS=193, BW=193MiB/s (202MB/s)(1024MiB/5305msec)
    slat (usec): min=55, max=213919, avg=4987.20, stdev=14233.71
    clat (msec): min=195, max=495, avg=320.46, stdev=33.73
     lat (msec): min=195, max=495, avg=325.45, stdev=31.31
    clat percentiles (msec):
     |  1.00th=[  234],  5.00th=[  279], 10.00th=[  284], 20.00th=[  317],
     | 30.00th=[  317], 40.00th=[  321], 50.00th=[  321], 60.00th=[  321],
     | 70.00th=[  321], 80.00th=[  326], 90.00th=[  330], 95.00th=[  380],
     | 99.00th=[  472], 99.50th=[  498], 99.90th=[  498], 99.95th=[  498],
     | 99.99th=[  498]
   bw (  KiB/s): min=83968, max=212992, per=97.11%, avg=191937.40, stdev=38710.37, samples=10
   iops        : min=   82, max=  208, avg=187.40, stdev=37.80, samples=10
  lat (msec)   : 250=1.56%, 500=98.44%
  cpu          : usr=0.94%, sys=1.79%, ctx=165, majf=0, minf=28
  IO depths    : 1=0.1%, 2=0.2%, 4=0.4%, 8=0.8%, 16=1.6%, 32=3.1%, >=64=93.8%
     submit    : 0=0.0%, 4=100.0%, 8=0.0%, 16=0.0%, 32=0.0%, 64=0.0%, >=64=0.0%
     complete  : 0=0.0%, 4=99.9%, 8=0.0%, 16=0.0%, 32=0.0%, 64=0.1%, >=64=0.0%
     issued rwt: total=0,1024,0, short=0,0,0, dropped=0,0,0
     latency   : target=0, window=0, percentile=100.00%, depth=64

Run status group 0 (all jobs):
  WRITE: bw=193MiB/s (202MB/s), 193MiB/s-193MiB/s (202MB/s-202MB/s), io=1024MiB (1074MB), run=5305-5305msec

Disk stats (read/write):
  sdg: ios=0/3941, merge=0/0, ticks=0/720756, in_queue=733388, util=97.58%
