test: (g=0): rw=write, bs=(R) 512KiB-512KiB, (W) 512KiB-512KiB, (T) 512KiB-512KiB, ioengine=libaio, iodepth=64
fio-3.1
Starting 1 process

test: (groupid=0, jobs=1): err= 0: pid=8947: Tue Jul 24 20:43:25 2018
  write: IOPS=375, BW=188MiB/s (197MB/s)(1024MiB/5461msec)
    slat (usec): min=33, max=209, avg=134.32, stdev=38.77
    clat (msec): min=15, max=422, avg=170.36, stdev=51.49
     lat (msec): min=15, max=422, avg=170.49, stdev=51.49
    clat percentiles (msec):
     |  1.00th=[  148],  5.00th=[  150], 10.00th=[  150], 20.00th=[  150],
     | 30.00th=[  153], 40.00th=[  155], 50.00th=[  155], 60.00th=[  161],
     | 70.00th=[  161], 80.00th=[  161], 90.00th=[  211], 95.00th=[  271],
     | 99.00th=[  422], 99.50th=[  422], 99.90th=[  422], 99.95th=[  422],
     | 99.99th=[  422]
   bw (  KiB/s): min=98304, max=219136, per=98.66%, avg=189440.00, stdev=39981.19, samples=10
   iops        : min=  192, max=  428, avg=370.00, stdev=78.09, samples=10
  lat (msec)   : 20=0.05%, 100=0.10%, 250=93.99%, 500=5.86%
  cpu          : usr=1.92%, sys=3.88%, ctx=2047, majf=0, minf=28
  IO depths    : 1=0.1%, 2=0.1%, 4=0.2%, 8=0.4%, 16=0.8%, 32=1.6%, >=64=96.9%
     submit    : 0=0.0%, 4=100.0%, 8=0.0%, 16=0.0%, 32=0.0%, 64=0.0%, >=64=0.0%
     complete  : 0=0.0%, 4=99.9%, 8=0.0%, 16=0.0%, 32=0.0%, 64=0.1%, >=64=0.0%
     issued rwt: total=0,2048,0, short=0,0,0, dropped=0,0,0
     latency   : target=0, window=0, percentile=100.00%, depth=64

Run status group 0 (all jobs):
  WRITE: bw=188MiB/s (197MB/s), 188MiB/s-188MiB/s (197MB/s-197MB/s), io=1024MiB (1074MB), run=5461-5461msec

Disk stats (read/write):
  sdl: ios=0/4024, merge=0/0, ticks=0/675262, in_queue=682881, util=97.94%
