test: (g=0): rw=randread, bs=(R) 8192B-8192B, (W) 8192B-8192B, (T) 8192B-8192B, ioengine=libaio, iodepth=64
fio-3.1
Starting 1 process

test: (groupid=0, jobs=1): err= 0: pid=16716: Mon Jul 23 22:03:46 2018
   read: IOPS=530, BW=4243KiB/s (4344kB/s)(1024MiB/247155msec)
    slat (usec): min=3, max=211, avg=19.21, stdev= 8.32
    clat (msec): min=10, max=1023, avg=120.66, stdev=75.43
     lat (msec): min=10, max=1023, avg=120.68, stdev=75.43
    clat percentiles (msec):
     |  1.00th=[   33],  5.00th=[   56], 10.00th=[   64], 20.00th=[   71],
     | 30.00th=[   78], 40.00th=[   86], 50.00th=[   95], 60.00th=[  109],
     | 70.00th=[  129], 80.00th=[  159], 90.00th=[  213], 95.00th=[  271],
     | 99.00th=[  414], 99.50th=[  477], 99.90th=[  609], 99.95th=[  667],
     | 99.99th=[  802]
   bw (  KiB/s): min= 1536, max=12256, per=99.93%, avg=4239.15, stdev=754.52, samples=494
   iops        : min=  192, max= 1532, avg=529.87, stdev=94.31, samples=494
  lat (msec)   : 20=0.14%, 50=3.59%, 100=50.21%, 250=39.58%, 500=6.11%
  lat (msec)   : 750=0.34%, 1000=0.02%, 2000=0.01%
  cpu          : usr=0.54%, sys=1.64%, ctx=130145, majf=0, minf=159
  IO depths    : 1=0.1%, 2=0.1%, 4=0.1%, 8=0.1%, 16=0.1%, 32=0.1%, >=64=100.0%
     submit    : 0=0.0%, 4=100.0%, 8=0.0%, 16=0.0%, 32=0.0%, 64=0.0%, >=64=0.0%
     complete  : 0=0.0%, 4=100.0%, 8=0.0%, 16=0.0%, 32=0.0%, 64=0.1%, >=64=0.0%
     issued rwt: total=131072,0,0, short=0,0,0, dropped=0,0,0
     latency   : target=0, window=0, percentile=100.00%, depth=64

Run status group 0 (all jobs):
   READ: bw=4243KiB/s (4344kB/s), 4243KiB/s-4243KiB/s (4344kB/s-4344kB/s), io=1024MiB (1074MB), run=247155-247155msec

Disk stats (read/write):
  sdl: ios=131077/0, merge=0/0, ticks=15811200/0, in_queue=15812178, util=100.00%
