test: (g=0): rw=randread, bs=(R) 4096B-4096B, (W) 4096B-4096B, (T) 4096B-4096B, ioengine=libaio, iodepth=64
fio-3.1
Starting 1 process

test: (groupid=0, jobs=1): err= 0: pid=16620: Mon Jul 23 21:53:56 2018
   read: IOPS=533, BW=2135KiB/s (2186kB/s)(1024MiB/491123msec)
    slat (usec): min=3, max=212, avg=19.01, stdev= 6.95
    clat (msec): min=2, max=1138, avg=119.88, stdev=74.95
     lat (msec): min=2, max=1138, avg=119.90, stdev=74.95
    clat percentiles (msec):
     |  1.00th=[   29],  5.00th=[   56], 10.00th=[   64], 20.00th=[   71],
     | 30.00th=[   78], 40.00th=[   85], 50.00th=[   95], 60.00th=[  109],
     | 70.00th=[  128], 80.00th=[  159], 90.00th=[  213], 95.00th=[  271],
     | 99.00th=[  409], 99.50th=[  468], 99.90th=[  600], 99.95th=[  659],
     | 99.99th=[  810]
   bw (  KiB/s): min=  864, max= 7240, per=99.92%, avg=2133.27, stdev=416.21, samples=982
   iops        : min=  216, max= 1810, avg=533.31, stdev=104.05, samples=982
  lat (msec)   : 4=0.01%, 10=0.02%, 20=0.37%, 50=3.33%, 100=50.61%
  lat (msec)   : 250=39.27%, 500=6.04%, 750=0.33%, 1000=0.02%, 2000=0.01%
  cpu          : usr=0.59%, sys=1.69%, ctx=260409, majf=0, minf=95
  IO depths    : 1=0.1%, 2=0.1%, 4=0.1%, 8=0.1%, 16=0.1%, 32=0.1%, >=64=100.0%
     submit    : 0=0.0%, 4=100.0%, 8=0.0%, 16=0.0%, 32=0.0%, 64=0.0%, >=64=0.0%
     complete  : 0=0.0%, 4=100.0%, 8=0.0%, 16=0.0%, 32=0.0%, 64=0.1%, >=64=0.0%
     issued rwt: total=262144,0,0, short=0,0,0, dropped=0,0,0
     latency   : target=0, window=0, percentile=100.00%, depth=64

Run status group 0 (all jobs):
   READ: bw=2135KiB/s (2186kB/s), 2135KiB/s-2135KiB/s (2186kB/s-2186kB/s), io=1024MiB (1074MB), run=491123-491123msec

Disk stats (read/write):
  sdl: ios=262045/0, merge=0/0, ticks=31421063/0, in_queue=31422611, util=100.00%
