test: (g=0): rw=write, bs=(R) 512KiB-512KiB, (W) 512KiB-512KiB, (T) 512KiB-512KiB, ioengine=libaio, iodepth=64
fio-3.1
Starting 1 process

test: (groupid=0, jobs=1): err= 0: pid=20684: Sun Jul 15 07:01:27 2018
  write: IOPS=381, BW=191MiB/s (200MB/s)(1024MiB/5365msec)
    slat (usec): min=41, max=187, avg=125.68, stdev=36.17
    clat (msec): min=17, max=338, avg=167.37, stdev=25.99
     lat (msec): min=17, max=338, avg=167.50, stdev=25.99
    clat percentiles (msec):
     |  1.00th=[  157],  5.00th=[  157], 10.00th=[  157], 20.00th=[  157],
     | 30.00th=[  157], 40.00th=[  165], 50.00th=[  165], 60.00th=[  165],
     | 70.00th=[  165], 80.00th=[  165], 90.00th=[  165], 95.00th=[  205],
     | 99.00th=[  309], 99.50th=[  321], 99.90th=[  334], 99.95th=[  338],
     | 99.99th=[  338]
   bw (  KiB/s): min=128000, max=209920, per=99.88%, avg=195216.20, stdev=24081.52, samples=10
   iops        : min=  250, max=  410, avg=381.20, stdev=46.98, samples=10
  lat (msec)   : 20=0.05%, 100=0.10%, 250=96.53%, 500=3.32%
  cpu          : usr=1.86%, sys=4.21%, ctx=2049, majf=0, minf=28
  IO depths    : 1=0.1%, 2=0.1%, 4=0.2%, 8=0.4%, 16=0.8%, 32=1.6%, >=64=96.9%
     submit    : 0=0.0%, 4=100.0%, 8=0.0%, 16=0.0%, 32=0.0%, 64=0.0%, >=64=0.0%
     complete  : 0=0.0%, 4=99.9%, 8=0.0%, 16=0.0%, 32=0.0%, 64=0.1%, >=64=0.0%
     issued rwt: total=0,2048,0, short=0,0,0, dropped=0,0,0
     latency   : target=0, window=0, percentile=100.00%, depth=64

Run status group 0 (all jobs):
  WRITE: bw=191MiB/s (200MB/s), 191MiB/s-191MiB/s (200MB/s-200MB/s), io=1024MiB (1074MB), run=5365-5365msec

Disk stats (read/write):
  sdk: ios=0/3907, merge=0/0, ticks=0/641775, in_queue=652190, util=97.82%
