test: (g=0): rw=randread, bs=(R) 4096B-4096B, (W) 4096B-4096B, (T) 4096B-4096B, ioengine=libaio, iodepth=64
fio-3.1
Starting 1 process

test: (groupid=0, jobs=1): err= 0: pid=22652: Sun Jul 15 09:41:34 2018
   read: IOPS=495, BW=1983KiB/s (2031kB/s)(1024MiB/528762msec)
    slat (nsec): min=1379, max=171047, avg=11961.97, stdev=6136.53
    clat (usec): min=513, max=1235.0k, avg=129075.78, stdev=95688.35
     lat (usec): min=518, max=1235.0k, avg=129088.10, stdev=95688.49
    clat percentiles (msec):
     |  1.00th=[   13],  5.00th=[   27], 10.00th=[   39], 20.00th=[   57],
     | 30.00th=[   74], 40.00th=[   90], 50.00th=[  107], 60.00th=[  125],
     | 70.00th=[  148], 80.00th=[  184], 90.00th=[  249], 95.00th=[  317],
     | 99.00th=[  477], 99.50th=[  550], 99.90th=[  718], 99.95th=[  785],
     | 99.99th=[  944]
   bw (  KiB/s): min=  432, max= 7120, per=99.83%, avg=1979.59, stdev=392.59, samples=1057
   iops        : min=  108, max= 1780, avg=494.89, stdev=98.15, samples=1057
  lat (usec)   : 750=0.01%
  lat (msec)   : 2=0.01%, 4=0.07%, 10=0.49%, 20=2.18%, 50=13.51%
  lat (msec)   : 100=29.82%, 250=44.11%, 500=9.00%, 750=0.73%, 1000=0.07%
  lat (msec)   : 2000=0.01%
  cpu          : usr=0.53%, sys=1.27%, ctx=257857, majf=0, minf=364
  IO depths    : 1=0.1%, 2=0.1%, 4=0.1%, 8=0.1%, 16=0.1%, 32=0.1%, >=64=100.0%
     submit    : 0=0.0%, 4=100.0%, 8=0.0%, 16=0.0%, 32=0.0%, 64=0.0%, >=64=0.0%
     complete  : 0=0.0%, 4=100.0%, 8=0.0%, 16=0.0%, 32=0.0%, 64=0.1%, >=64=0.0%
     issued rwt: total=262144,0,0, short=0,0,0, dropped=0,0,0
     latency   : target=0, window=0, percentile=100.00%, depth=64

Run status group 0 (all jobs):
   READ: bw=1983KiB/s (2031kB/s), 1983KiB/s-1983KiB/s (2031kB/s-2031kB/s), io=1024MiB (1074MB), run=528762-528762msec

Disk stats (read/write):
  sdn: ios=259156/6, merge=2599/0, ticks=33643229/3640, in_queue=33649175, util=100.00%
