test: (g=0): rw=write, bs=(R) 512KiB-512KiB, (W) 512KiB-512KiB, (T) 512KiB-512KiB, ioengine=libaio, iodepth=64
fio-3.1
Starting 1 process

test: (groupid=0, jobs=1): err= 0: pid=22540: Fri Aug 17 16:52:22 2018
  write: IOPS=402, BW=201MiB/s (211MB/s)(1024MiB/5087msec)
    slat (usec): min=28, max=198, avg=104.61, stdev=36.79
    clat (msec): min=4, max=312, avg=158.71, stdev=24.54
     lat (msec): min=4, max=312, avg=158.82, stdev=24.55
    clat percentiles (msec):
     |  1.00th=[   50],  5.00th=[  144], 10.00th=[  148], 20.00th=[  153],
     | 30.00th=[  153], 40.00th=[  155], 50.00th=[  157], 60.00th=[  159],
     | 70.00th=[  163], 80.00th=[  167], 90.00th=[  174], 95.00th=[  184],
     | 99.00th=[  271], 99.50th=[  292], 99.90th=[  313], 99.95th=[  313],
     | 99.99th=[  313]
   bw (  KiB/s): min=183296, max=216064, per=98.61%, avg=203264.00, stdev=11816.74, samples=10
   iops        : min=  358, max=  422, avg=397.00, stdev=23.08, samples=10
  lat (msec)   : 10=0.39%, 20=0.15%, 50=0.49%, 100=0.93%, 250=96.73%
  lat (msec)   : 500=1.32%
  cpu          : usr=1.89%, sys=3.30%, ctx=971, majf=0, minf=27
  IO depths    : 1=0.1%, 2=0.1%, 4=0.2%, 8=0.4%, 16=0.8%, 32=1.6%, >=64=96.9%
     submit    : 0=0.0%, 4=100.0%, 8=0.0%, 16=0.0%, 32=0.0%, 64=0.0%, >=64=0.0%
     complete  : 0=0.0%, 4=99.9%, 8=0.0%, 16=0.0%, 32=0.0%, 64=0.1%, >=64=0.0%
     issued rwt: total=0,2048,0, short=0,0,0, dropped=0,0,0
     latency   : target=0, window=0, percentile=100.00%, depth=64

Run status group 0 (all jobs):
  WRITE: bw=201MiB/s (211MB/s), 201MiB/s-201MiB/s (211MB/s-211MB/s), io=1024MiB (1074MB), run=5087-5087msec

Disk stats (read/write):
  sdd: ios=40/3923, merge=0/0, ticks=2/609459, in_queue=620664, util=97.78%
