test: (g=0): rw=write, bs=(R) 512KiB-512KiB, (W) 512KiB-512KiB, (T) 512KiB-512KiB, ioengine=libaio, iodepth=64
fio-3.1
Starting 1 process

test: (groupid=0, jobs=1): err= 0: pid=38888: Fri Jul 13 13:02:27 2018
  write: IOPS=979, BW=490MiB/s (514MB/s)(1024MiB/2090msec)
    slat (usec): min=25, max=179, avg=88.73, stdev=31.98
    clat (msec): min=3, max=129, avg=65.11, stdev= 9.53
     lat (msec): min=3, max=129, avg=65.20, stdev= 9.54
    clat percentiles (msec):
     |  1.00th=[   24],  5.00th=[   63], 10.00th=[   63], 20.00th=[   64],
     | 30.00th=[   64], 40.00th=[   64], 50.00th=[   65], 60.00th=[   65],
     | 70.00th=[   66], 80.00th=[   68], 90.00th=[   69], 95.00th=[   74],
     | 99.00th=[  110], 99.50th=[  120], 99.90th=[  128], 99.95th=[  129],
     | 99.99th=[  130]
   bw (  KiB/s): min=496640, max=504832, per=100.00%, avg=502272.00, stdev=3785.57, samples=4
   iops        : min=  970, max=  986, avg=981.00, stdev= 7.39, samples=4
  lat (msec)   : 4=0.20%, 10=0.24%, 20=0.34%, 50=1.56%, 100=96.19%
  lat (msec)   : 250=1.46%
  cpu          : usr=2.54%, sys=7.95%, ctx=2045, majf=0, minf=28
  IO depths    : 1=0.1%, 2=0.1%, 4=0.2%, 8=0.4%, 16=0.8%, 32=1.6%, >=64=96.9%
     submit    : 0=0.0%, 4=100.0%, 8=0.0%, 16=0.0%, 32=0.0%, 64=0.0%, >=64=0.0%
     complete  : 0=0.0%, 4=99.9%, 8=0.0%, 16=0.0%, 32=0.0%, 64=0.1%, >=64=0.0%
     issued rwt: total=0,2048,0, short=0,0,0, dropped=0,0,0
     latency   : target=0, window=0, percentile=100.00%, depth=64

Run status group 0 (all jobs):
  WRITE: bw=490MiB/s (514MB/s), 490MiB/s-490MiB/s (514MB/s-514MB/s), io=1024MiB (1074MB), run=2090-2090msec

Disk stats (read/write):
  sdb: ios=40/3712, merge=0/0, ticks=8/235519, in_queue=239531, util=94.49%
