test: (g=0): rw=write, bs=(R) 64.0KiB-64.0KiB, (W) 64.0KiB-64.0KiB, (T) 64.0KiB-64.0KiB, ioengine=libaio, iodepth=64
fio-3.1
Starting 1 process
test: Laying out IO file (1 file / 1024MiB)

test: (groupid=0, jobs=1): err= 0: pid=9017: Tue Jul 24 21:40:10 2018
  write: IOPS=3026, BW=189MiB/s (198MB/s)(1024MiB/5413msec)
    slat (usec): min=9, max=207, avg=27.83, stdev=10.53
    clat (usec): min=948, max=216487, avg=21105.52, stdev=11773.41
     lat (usec): min=1161, max=216517, avg=21133.54, stdev=11772.70
    clat percentiles (msec):
     |  1.00th=[   19],  5.00th=[   19], 10.00th=[   20], 20.00th=[   20],
     | 30.00th=[   20], 40.00th=[   20], 50.00th=[   20], 60.00th=[   20],
     | 70.00th=[   20], 80.00th=[   21], 90.00th=[   26], 95.00th=[   28],
     | 99.00th=[   37], 99.50th=[   52], 99.90th=[  213], 99.95th=[  215],
     | 99.99th=[  218]
   bw (  KiB/s): min=126464, max=209408, per=99.67%, avg=193075.20, stdev=25135.57, samples=10
   iops        : min= 1976, max= 3272, avg=3016.80, stdev=392.74, samples=10
  lat (usec)   : 1000=0.01%
  lat (msec)   : 20=77.49%, 50=21.98%, 100=0.12%, 250=0.40%
  cpu          : usr=1.72%, sys=11.77%, ctx=16367, majf=0, minf=27
  IO depths    : 1=0.1%, 2=0.1%, 4=0.1%, 8=0.1%, 16=0.1%, 32=0.2%, >=64=99.6%
     submit    : 0=0.0%, 4=100.0%, 8=0.0%, 16=0.0%, 32=0.0%, 64=0.0%, >=64=0.0%
     complete  : 0=0.0%, 4=100.0%, 8=0.0%, 16=0.0%, 32=0.0%, 64=0.1%, >=64=0.0%
     issued rwt: total=0,16384,0, short=0,0,0, dropped=0,0,0
     latency   : target=0, window=0, percentile=100.00%, depth=64

Run status group 0 (all jobs):
  WRITE: bw=189MiB/s (198MB/s), 189MiB/s-189MiB/s (198MB/s-198MB/s), io=1024MiB (1074MB), run=5413-5413msec

Disk stats (read/write):
  sdl: ios=0/16280, merge=0/0, ticks=0/341794, in_queue=342422, util=98.21%
