test: (g=0): rw=randwrite, bs=(R) 8192B-8192B, (W) 8192B-8192B, (T) 8192B-8192B, ioengine=libaio, iodepth=64
fio-3.1
Starting 1 process

test: (groupid=0, jobs=1): err= 0: pid=9387: Tue Jul 24 22:15:42 2018
  write: IOPS=246, BW=1972KiB/s (2019kB/s)(1024MiB/531724msec)
    slat (usec): min=4, max=102, avg=27.50, stdev=10.11
    clat (usec): min=363, max=1616.5k, avg=259596.05, stdev=143642.72
     lat (usec): min=391, max=1616.5k, avg=259624.06, stdev=143644.20
    clat percentiles (msec):
     |  1.00th=[   18],  5.00th=[   36], 10.00th=[  118], 20.00th=[  159],
     | 30.00th=[  188], 40.00th=[  215], 50.00th=[  245], 60.00th=[  271],
     | 70.00th=[  305], 80.00th=[  338], 90.00th=[  405], 95.00th=[  531],
     | 99.00th=[  776], 99.50th=[  852], 99.90th=[ 1083], 99.95th=[ 1150],
     | 99.99th=[ 1284]
   bw (  KiB/s): min=   32, max= 4304, per=100.00%, avg=1973.51, stdev=512.61, samples=1062
   iops        : min=    4, max=  538, avg=246.68, stdev=64.08, samples=1062
  lat (usec)   : 500=0.01%, 750=0.01%, 1000=0.01%
  lat (msec)   : 2=0.01%, 4=0.01%, 10=0.06%, 20=1.46%, 50=4.92%
  lat (msec)   : 100=2.22%, 250=43.59%, 500=41.75%, 750=4.79%, 1000=1.02%
  lat (msec)   : 2000=0.17%
  cpu          : usr=0.29%, sys=1.00%, ctx=131058, majf=0, minf=474
  IO depths    : 1=0.1%, 2=0.1%, 4=0.1%, 8=0.1%, 16=0.1%, 32=0.1%, >=64=100.0%
     submit    : 0=0.0%, 4=100.0%, 8=0.0%, 16=0.0%, 32=0.0%, 64=0.0%, >=64=0.0%
     complete  : 0=0.0%, 4=100.0%, 8=0.0%, 16=0.0%, 32=0.0%, 64=0.1%, >=64=0.0%
     issued rwt: total=0,131072,0, short=0,0,0, dropped=0,0,0
     latency   : target=0, window=0, percentile=100.00%, depth=64

Run status group 0 (all jobs):
  WRITE: bw=1972KiB/s (2019kB/s), 1972KiB/s-1972KiB/s (2019kB/s-2019kB/s), io=1024MiB (1074MB), run=531724-531724msec

Disk stats (read/write):
  sdl: ios=0/131059, merge=0/0, ticks=0/34021315, in_queue=34027567, util=100.00%
