test: (g=0): rw=randwrite, bs=(R) 64.0KiB-64.0KiB, (W) 64.0KiB-64.0KiB, (T) 64.0KiB-64.0KiB, ioengine=libaio, iodepth=64
fio-3.1
Starting 1 process

test: (groupid=0, jobs=1): err= 0: pid=10723: Thu Jul 12 14:09:48 2018
  write: IOPS=716, BW=44.8MiB/s (46.9MB/s)(1024MiB/22874msec)
    slat (nsec): min=4305, max=79520, avg=24384.68, stdev=10751.86
    clat (msec): min=4, max=541, avg=89.32, stdev=38.08
     lat (msec): min=4, max=541, avg=89.34, stdev=38.08
    clat percentiles (msec):
     |  1.00th=[   20],  5.00th=[   46], 10.00th=[   52], 20.00th=[   61],
     | 30.00th=[   68], 40.00th=[   75], 50.00th=[   84], 60.00th=[   92],
     | 70.00th=[  102], 80.00th=[  114], 90.00th=[  132], 95.00th=[  153],
     | 99.00th=[  224], 99.50th=[  257], 99.90th=[  347], 99.95th=[  384],
     | 99.99th=[  506]
   bw (  KiB/s): min=34944, max=66432, per=99.00%, avg=45381.20, stdev=7421.86, samples=45
   iops        : min=  546, max= 1038, avg=709.07, stdev=115.97, samples=45
  lat (msec)   : 10=0.17%, 20=0.90%, 50=7.20%, 100=59.95%, 250=31.20%
  lat (msec)   : 500=0.56%, 750=0.02%
  cpu          : usr=0.80%, sys=2.82%, ctx=15719, majf=0, minf=26
  IO depths    : 1=0.1%, 2=0.1%, 4=0.1%, 8=0.1%, 16=0.1%, 32=0.2%, >=64=99.6%
     submit    : 0=0.0%, 4=100.0%, 8=0.0%, 16=0.0%, 32=0.0%, 64=0.0%, >=64=0.0%
     complete  : 0=0.0%, 4=100.0%, 8=0.0%, 16=0.0%, 32=0.0%, 64=0.1%, >=64=0.0%
     issued rwt: total=0,16384,0, short=0,0,0, dropped=0,0,0
     latency   : target=0, window=0, percentile=100.00%, depth=64

Run status group 0 (all jobs):
  WRITE: bw=44.8MiB/s (46.9MB/s), 44.8MiB/s-44.8MiB/s (46.9MB/s-46.9MB/s), io=1024MiB (1074MB), run=22874-22874msec

Disk stats (read/write):
  sdd: ios=33/15515, merge=0/596, ticks=1553/1405982, in_queue=1408917, util=99.84%
