test: (g=0): rw=write, bs=(R) 16.0MiB-16.0MiB, (W) 16.0MiB-16.0MiB, (T) 16.0MiB-16.0MiB, ioengine=libaio, iodepth=64
fio-3.1
Starting 1 process

test: (groupid=0, jobs=1): err= 0: pid=154739: Mon Aug  6 08:31:35 2018
  write: IOPS=22, BW=353MiB/s (370MB/s)(10.0GiB/29049msec)
    slat (usec): min=927, max=107993, avg=2264.35, stdev=5172.26
    clat (msec): min=97, max=10487, avg=2891.95, stdev=2089.63
     lat (msec): min=99, max=10490, avg=2894.22, stdev=2089.71
    clat percentiles (msec):
     |  1.00th=[  241],  5.00th=[  592], 10.00th=[  768], 20.00th=[ 1284],
     | 30.00th=[ 1620], 40.00th=[ 1905], 50.00th=[ 2265], 60.00th=[ 2702],
     | 70.00th=[ 3406], 80.00th=[ 4329], 90.00th=[ 5940], 95.00th=[ 7819],
     | 99.00th=[ 9597], 99.50th=[10000], 99.90th=[10537], 99.95th=[10537],
     | 99.99th=[10537]
   bw (  KiB/s): min=32768, max=819200, per=100.00%, avg=363620.23, stdev=181732.38, samples=52
   iops        : min=    2, max=   50, avg=22.19, stdev=11.09, samples=52
  lat (msec)   : 100=0.16%, 250=0.94%, 500=2.66%, 750=5.31%, 1000=4.69%
  lat (msec)   : 2000=29.69%, >=2000=56.56%
  cpu          : usr=2.71%, sys=1.69%, ctx=482, majf=0, minf=28
  IO depths    : 1=0.2%, 2=0.3%, 4=0.6%, 8=1.2%, 16=2.5%, 32=5.0%, >=64=90.2%
     submit    : 0=0.0%, 4=100.0%, 8=0.0%, 16=0.0%, 32=0.0%, 64=0.0%, >=64=0.0%
     complete  : 0=0.0%, 4=99.8%, 8=0.0%, 16=0.0%, 32=0.0%, 64=0.2%, >=64=0.0%
     issued rwt: total=0,640,0, short=0,0,0, dropped=0,0,0
     latency   : target=0, window=0, percentile=100.00%, depth=64

Run status group 0 (all jobs):
  WRITE: bw=353MiB/s (370MB/s), 353MiB/s-353MiB/s (370MB/s-370MB/s), io=10.0GiB (10.7GB), run=29049-29049msec

Disk stats (read/write):
  rbd0: ios=0/2652, merge=0/10768, ticks=0/4357987, in_queue=4423521, util=97.14%
