test: (g=0): rw=write, bs=(R) 8192B-8192B, (W) 8192B-8192B, (T) 8192B-8192B, ioengine=libaio, iodepth=64
fio-3.1
Starting 1 process

test: (groupid=0, jobs=1): err= 0: pid=154055: Mon Aug  6 08:16:07 2018
  write: IOPS=3412, BW=26.7MiB/s (27.0MB/s)(10.0GiB/384109msec)
    slat (usec): min=3, max=916, avg=10.00, stdev= 5.69
    clat (usec): min=672, max=642682, avg=18743.80, stdev=27348.68
     lat (usec): min=683, max=642692, avg=18753.97, stdev=27348.67
    clat percentiles (usec):
     |  1.00th=[  1680],  5.00th=[  3785], 10.00th=[  5407], 20.00th=[  8979],
     | 30.00th=[ 11731], 40.00th=[ 12518], 50.00th=[ 13173], 60.00th=[ 13829],
     | 70.00th=[ 14615], 80.00th=[ 17695], 90.00th=[ 29754], 95.00th=[ 55837],
     | 99.00th=[133694], 99.50th=[175113], 99.90th=[362808], 99.95th=[417334],
     | 99.99th=[599786]
   bw (  KiB/s): min= 1021, max=42112, per=100.00%, avg=27299.54, stdev=7834.50, samples=768
   iops        : min=  127, max= 5264, avg=3412.43, stdev=979.31, samples=768
  lat (usec)   : 750=0.01%, 1000=0.06%
  lat (msec)   : 2=1.45%, 4=4.04%, 10=16.97%, 20=60.31%, 50=11.44%
  lat (msec)   : 100=3.77%, 250=1.72%, 500=0.22%, 750=0.02%
  cpu          : usr=1.10%, sys=4.41%, ctx=763889, majf=0, minf=28
  IO depths    : 1=0.1%, 2=0.1%, 4=0.1%, 8=0.1%, 16=0.1%, 32=0.1%, >=64=100.0%
     submit    : 0=0.0%, 4=100.0%, 8=0.0%, 16=0.0%, 32=0.0%, 64=0.0%, >=64=0.0%
     complete  : 0=0.0%, 4=100.0%, 8=0.0%, 16=0.0%, 32=0.0%, 64=0.1%, >=64=0.0%
     issued rwt: total=0,1310720,0, short=0,0,0, dropped=0,0,0
     latency   : target=0, window=0, percentile=100.00%, depth=64

Run status group 0 (all jobs):
  WRITE: bw=26.7MiB/s (27.0MB/s), 26.7MiB/s-26.7MiB/s (27.0MB/s-27.0MB/s), io=10.0GiB (10.7GB), run=384109-384109msec

Disk stats (read/write):
  rbd0: ios=0/1310597, merge=0/2559, ticks=0/24551947, in_queue=24554296, util=100.00%
