test: (g=0): rw=randwrite, bs=(R) 128MiB-128MiB, (W) 128MiB-128MiB, (T) 128MiB-128MiB, ioengine=libaio, iodepth=64
fio-3.1
Starting 1 process

test: (groupid=0, jobs=1): err= 0: pid=157724: Mon Aug  6 12:23:02 2018
  write: IOPS=2, BW=257MiB/s (270MB/s)(10.0GiB/39827msec)
    slat (msec): min=12, max=646, avg=457.07, stdev=157.77
    clat (msec): min=3259, max=34701, avg=21353.28, stdev=9611.63
     lat (msec): min=3723, max=35330, avg=21810.35, stdev=9574.12
    clat percentiles (msec):
     |  1.00th=[ 3272],  5.00th=[ 4732], 10.00th=[ 6678], 20.00th=[10805],
     | 30.00th=[14832], 40.00th=[17113], 50.00th=[17113], 60.00th=[17113],
     | 70.00th=[17113], 80.00th=[17113], 90.00th=[17113], 95.00th=[17113],
     | 99.00th=[17113], 99.50th=[17113], 99.90th=[17113], 99.95th=[17113],
     | 99.99th=[17113]
   bw (  KiB/s): min=262144, max=524288, per=100.00%, avg=297096.53, stdev=92239.50, samples=15
   iops        : min=    2, max=    4, avg= 2.27, stdev= 0.70, samples=15
  lat (msec)   : >=2000=100.00%
  cpu          : usr=1.96%, sys=0.97%, ctx=304, majf=0, minf=27
  IO depths    : 1=1.2%, 2=2.5%, 4=5.0%, 8=10.0%, 16=20.0%, 32=40.0%, >=64=21.2%
     submit    : 0=0.0%, 4=100.0%, 8=0.0%, 16=0.0%, 32=0.0%, 64=0.0%, >=64=0.0%
     complete  : 0=0.0%, 4=94.4%, 8=0.0%, 16=0.0%, 32=0.0%, 64=5.6%, >=64=0.0%
     issued rwt: total=0,80,0, short=0,0,0, dropped=0,0,0
     latency   : target=0, window=0, percentile=100.00%, depth=64

Run status group 0 (all jobs):
  WRITE: bw=257MiB/s (270MB/s), 257MiB/s-257MiB/s (270MB/s-270MB/s), io=10.0GiB (10.7GB), run=39827-39827msec

Disk stats (read/write):
  rbd0: ios=0/2602, merge=0/10263, ticks=0/9576468, in_queue=9696557, util=87.23%
