test: (g=0): rw=randwrite, bs=(R) 64.0KiB-64.0KiB, (W) 64.0KiB-64.0KiB, (T) 64.0KiB-64.0KiB, ioengine=libaio, iodepth=64
fio-3.1
Starting 1 process

test: (groupid=0, jobs=1): err= 0: pid=36875: Tue Jul 24 22:58:30 2018
  write: IOPS=201, BW=12.6MiB/s (13.2MB/s)(1024MiB/81237msec)
    slat (nsec): min=7591, max=76987, avg=30290.88, stdev=11903.04
    clat (usec): min=697, max=1609.3k, avg=317270.19, stdev=246414.85
     lat (usec): min=728, max=1609.3k, avg=317300.90, stdev=246416.59
    clat percentiles (msec):
     |  1.00th=[   15],  5.00th=[   20], 10.00th=[   25], 20.00th=[   51],
     | 30.00th=[  159], 40.00th=[  220], 50.00th=[  279], 60.00th=[  347],
     | 70.00th=[  422], 80.00th=[  531], 90.00th=[  659], 95.00th=[  776],
     | 99.00th=[ 1003], 99.50th=[ 1116], 99.90th=[ 1351], 99.95th=[ 1368],
     | 99.99th=[ 1519]
   bw (  KiB/s): min=  128, max=30976, per=100.00%, avg=13056.26, stdev=6805.07, samples=160
   iops        : min=    2, max=  484, avg=203.98, stdev=106.35, samples=160
  lat (usec)   : 750=0.01%, 1000=0.01%
  lat (msec)   : 2=0.02%, 4=0.04%, 10=0.15%, 20=5.40%, 50=14.40%
  lat (msec)   : 100=3.58%, 250=21.68%, 500=32.75%, 750=16.36%, 1000=4.60%
  lat (msec)   : 2000=1.01%
  cpu          : usr=0.19%, sys=0.81%, ctx=16324, majf=0, minf=27
  IO depths    : 1=0.1%, 2=0.1%, 4=0.1%, 8=0.1%, 16=0.1%, 32=0.2%, >=64=99.6%
     submit    : 0=0.0%, 4=100.0%, 8=0.0%, 16=0.0%, 32=0.0%, 64=0.0%, >=64=0.0%
     complete  : 0=0.0%, 4=100.0%, 8=0.0%, 16=0.0%, 32=0.0%, 64=0.1%, >=64=0.0%
     issued rwt: total=0,16384,0, short=0,0,0, dropped=0,0,0
     latency   : target=0, window=0, percentile=100.00%, depth=64

Run status group 0 (all jobs):
  WRITE: bw=12.6MiB/s (13.2MB/s), 12.6MiB/s-12.6MiB/s (13.2MB/s-13.2MB/s), io=1024MiB (1074MB), run=81237-81237msec

Disk stats (read/write):
  sdn: ios=0/16376, merge=0/0, ticks=0/5182700, in_queue=5186437, util=99.93%
