test: (g=0): rw=randwrite, bs=(R) 8192B-8192B, (W) 8192B-8192B, (T) 8192B-8192B, ioengine=libaio, iodepth=64
fio-3.1
Starting 1 process

test: (groupid=0, jobs=1): err= 0: pid=33831: Thu Jul 12 16:45:09 2018
  write: IOPS=406, BW=3255KiB/s (3333kB/s)(1024MiB/322146msec)
    slat (nsec): min=2079, max=59782, avg=19437.29, stdev=8151.01
    clat (usec): min=261, max=1198.9k, avg=157267.49, stdev=112465.69
     lat (usec): min=284, max=1198.0k, avg=157287.35, stdev=112467.49
    clat percentiles (msec):
     |  1.00th=[   12],  5.00th=[   18], 10.00th=[   26], 20.00th=[   72],
     | 30.00th=[  101], 40.00th=[  121], 50.00th=[  142], 60.00th=[  163],
     | 70.00th=[  186], 80.00th=[  215], 90.00th=[  305], 95.00th=[  384],
     | 99.00th=[  527], 99.50th=[  600], 99.90th=[  827], 99.95th=[  877],
     | 99.99th=[ 1003]
   bw (  KiB/s): min=  256, max=15040, per=99.92%, avg=3251.28, stdev=1126.57, samples=644
   iops        : min=   32, max= 1880, avg=406.40, stdev=140.83, samples=644
  lat (usec)   : 500=0.01%, 1000=0.01%
  lat (msec)   : 2=0.01%, 4=0.05%, 10=0.58%, 20=5.96%, 50=9.97%
  lat (msec)   : 100=13.43%, 250=55.73%, 500=12.95%, 750=1.15%, 1000=0.17%
  lat (msec)   : 2000=0.01%
  cpu          : usr=0.50%, sys=1.43%, ctx=128987, majf=0, minf=28
  IO depths    : 1=0.1%, 2=0.1%, 4=0.1%, 8=0.1%, 16=0.1%, 32=0.1%, >=64=100.0%
     submit    : 0=0.0%, 4=100.0%, 8=0.0%, 16=0.0%, 32=0.0%, 64=0.0%, >=64=0.0%
     complete  : 0=0.0%, 4=100.0%, 8=0.0%, 16=0.0%, 32=0.0%, 64=0.1%, >=64=0.0%
     issued rwt: total=0,131072,0, short=0,0,0, dropped=0,0,0
     latency   : target=0, window=0, percentile=100.00%, depth=64

Run status group 0 (all jobs):
  WRITE: bw=3255KiB/s (3333kB/s), 3255KiB/s-3255KiB/s (3333kB/s-3333kB/s), io=1024MiB (1074MB), run=322146-322146msec

Disk stats (read/write):
  sdi: ios=40/128918, merge=0/1996, ticks=21128/20410978, in_queue=20436304, util=100.00%
