test: (g=0): rw=write, bs=(R) 64.0KiB-64.0KiB, (W) 64.0KiB-64.0KiB, (T) 64.0KiB-64.0KiB, ioengine=libaio, iodepth=64
fio-3.1
Starting 1 process

test: (groupid=0, jobs=1): err= 0: pid=33463: Thu Jul 12 16:20:09 2018
  write: IOPS=3110, BW=194MiB/s (204MB/s)(1024MiB/5268msec)
    slat (nsec): min=3269, max=58666, avg=18043.63, stdev=8839.81
    clat (usec): min=529, max=62913, avg=20352.44, stdev=3228.83
     lat (usec): min=566, max=62925, avg=20370.68, stdev=3229.10
    clat percentiles (usec):
     |  1.00th=[19006],  5.00th=[19006], 10.00th=[19006], 20.00th=[19006],
     | 30.00th=[19268], 40.00th=[19530], 50.00th=[19530], 60.00th=[20055],
     | 70.00th=[20579], 80.00th=[20579], 90.00th=[21103], 95.00th=[21365],
     | 99.00th=[39584], 99.50th=[42206], 99.90th=[44827], 99.95th=[46924],
     | 99.99th=[62653]
   bw (  KiB/s): min=176128, max=214016, per=99.72%, avg=198489.60, stdev=12053.17, samples=10
   iops        : min= 2752, max= 3344, avg=3101.40, stdev=188.33, samples=10
  lat (usec)   : 750=0.01%, 1000=0.01%
  lat (msec)   : 2=0.02%, 4=0.06%, 10=0.21%, 20=61.74%, 50=37.92%
  lat (msec)   : 100=0.03%
  cpu          : usr=1.86%, sys=7.42%, ctx=8458, majf=0, minf=29
  IO depths    : 1=0.1%, 2=0.1%, 4=0.1%, 8=0.1%, 16=0.1%, 32=0.2%, >=64=99.6%
     submit    : 0=0.0%, 4=100.0%, 8=0.0%, 16=0.0%, 32=0.0%, 64=0.0%, >=64=0.0%
     complete  : 0=0.0%, 4=100.0%, 8=0.0%, 16=0.0%, 32=0.0%, 64=0.1%, >=64=0.0%
     issued rwt: total=0,16384,0, short=0,0,0, dropped=0,0,0
     latency   : target=0, window=0, percentile=100.00%, depth=64

Run status group 0 (all jobs):
  WRITE: bw=194MiB/s (204MB/s), 194MiB/s-194MiB/s (204MB/s-204MB/s), io=1024MiB (1074MB), run=5268-5268msec

Disk stats (read/write):
  sdi: ios=10/8243, merge=0/7750, ticks=4228/167284, in_queue=172598, util=97.61%
