test: (g=0): rw=read, bs=(R) 64.0KiB-64.0KiB, (W) 64.0KiB-64.0KiB, (T) 64.0KiB-64.0KiB, ioengine=libaio, iodepth=64
fio-3.1
Starting 1 process

test: (groupid=0, jobs=1): err= 0: pid=7287: Tue Jul 24 19:27:24 2018
   read: IOPS=3266, BW=204MiB/s (214MB/s)(1024MiB/5016msec)
    slat (usec): min=7, max=716, avg=19.61, stdev= 9.10
    clat (usec): min=1325, max=37082, avg=19564.29, stdev=1051.33
     lat (usec): min=1335, max=37092, avg=19584.10, stdev=1050.90
    clat percentiles (usec):
     |  1.00th=[18744],  5.00th=[18744], 10.00th=[18744], 20.00th=[18744],
     | 30.00th=[19268], 40.00th=[19530], 50.00th=[19530], 60.00th=[19792],
     | 70.00th=[19792], 80.00th=[19792], 90.00th=[20317], 95.00th=[20317],
     | 99.00th=[23462], 99.50th=[24249], 99.90th=[32637], 99.95th=[34866],
     | 99.99th=[36963]
   bw (  KiB/s): min=200704, max=216832, per=99.91%, avg=208867.90, stdev=5211.56, samples=10
   iops        : min= 3136, max= 3388, avg=3263.50, stdev=81.49, samples=10
  lat (msec)   : 2=0.03%, 4=0.04%, 20=89.56%, 50=10.37%
  cpu          : usr=1.62%, sys=8.91%, ctx=16370, majf=0, minf=545
  IO depths    : 1=0.1%, 2=0.1%, 4=0.1%, 8=0.1%, 16=0.1%, 32=0.2%, >=64=99.6%
     submit    : 0=0.0%, 4=100.0%, 8=0.0%, 16=0.0%, 32=0.0%, 64=0.0%, >=64=0.0%
     complete  : 0=0.0%, 4=100.0%, 8=0.0%, 16=0.0%, 32=0.0%, 64=0.1%, >=64=0.0%
     issued rwt: total=16384,0,0, short=0,0,0, dropped=0,0,0
     latency   : target=0, window=0, percentile=100.00%, depth=64

Run status group 0 (all jobs):
   READ: bw=204MiB/s (214MB/s), 204MiB/s-204MiB/s (214MB/s-214MB/s), io=1024MiB (1074MB), run=5016-5016msec

Disk stats (read/write):
  sdi: ios=15973/0, merge=0/0, ticks=312077/0, in_queue=312658, util=98.08%
