test: (g=0): rw=randread, bs=(R) 64.0KiB-64.0KiB, (W) 64.0KiB-64.0KiB, (T) 64.0KiB-64.0KiB, ioengine=libaio, iodepth=64
fio-3.1
Starting 1 process

test: (groupid=0, jobs=1): err= 0: pid=31401: Fri Jul 13 14:05:16 2018
   read: IOPS=465, BW=29.1MiB/s (30.5MB/s)(1024MiB/35199msec)
    slat (usec): min=3, max=191, avg=21.30, stdev= 8.98
    clat (msec): min=4, max=1337, avg=137.46, stdev=104.39
     lat (msec): min=4, max=1337, avg=137.48, stdev=104.39
    clat percentiles (msec):
     |  1.00th=[   16],  5.00th=[   29], 10.00th=[   41], 20.00th=[   61],
     | 30.00th=[   79], 40.00th=[   94], 50.00th=[  112], 60.00th=[  132],
     | 70.00th=[  157], 80.00th=[  194], 90.00th=[  266], 95.00th=[  342],
     | 99.00th=[  523], 99.50th=[  617], 99.90th=[  844], 99.95th=[  919],
     | 99.99th=[ 1053]
   bw (  KiB/s): min=24320, max=48384, per=99.63%, avg=29679.54, stdev=3995.16, samples=70
   iops        : min=  380, max=  756, avg=463.74, stdev=62.42, samples=70
  lat (msec)   : 10=0.20%, 20=1.84%, 50=12.40%, 100=29.11%, 250=44.87%
  lat (msec)   : 500=10.38%, 750=1.04%, 1000=0.12%, 2000=0.03%
  cpu          : usr=0.57%, sys=1.77%, ctx=15712, majf=0, minf=544
  IO depths    : 1=0.1%, 2=0.1%, 4=0.1%, 8=0.1%, 16=0.1%, 32=0.2%, >=64=99.6%
     submit    : 0=0.0%, 4=100.0%, 8=0.0%, 16=0.0%, 32=0.0%, 64=0.0%, >=64=0.0%
     complete  : 0=0.0%, 4=100.0%, 8=0.0%, 16=0.0%, 32=0.0%, 64=0.1%, >=64=0.0%
     issued rwt: total=16384,0,0, short=0,0,0, dropped=0,0,0
     latency   : target=0, window=0, percentile=100.00%, depth=64

Run status group 0 (all jobs):
   READ: bw=29.1MiB/s (30.5MB/s), 29.1MiB/s-29.1MiB/s (30.5MB/s-30.5MB/s), io=1024MiB (1074MB), run=35199-35199msec

Disk stats (read/write):
  sde: ios=15690/0, merge=665/0, ticks=2169513/0, in_queue=2172990, util=100.00%
