test: (g=0): rw=write, bs=(R) 1024KiB-1024KiB, (W) 1024KiB-1024KiB, (T) 1024KiB-1024KiB, ioengine=libaio, iodepth=64
fio-3.1
Starting 1 process

test: (groupid=0, jobs=1): err= 0: pid=29602: Fri Jul 13 13:34:27 2018
  write: IOPS=197, BW=197MiB/s (207MB/s)(1024MiB/5193msec)
    slat (usec): min=67, max=75278, avg=4891.58, stdev=12945.36
    clat (msec): min=133, max=433, avg=317.35, stdev=35.85
     lat (msec): min=133, max=468, avg=322.24, stdev=34.33
    clat percentiles (msec):
     |  1.00th=[  182],  5.00th=[  262], 10.00th=[  284], 20.00th=[  305],
     | 30.00th=[  305], 40.00th=[  305], 50.00th=[  321], 60.00th=[  330],
     | 70.00th=[  338], 80.00th=[  347], 90.00th=[  351], 95.00th=[  359],
     | 99.00th=[  397], 99.50th=[  435], 99.90th=[  435], 99.95th=[  435],
     | 99.99th=[  435]
   bw (  KiB/s): min=151552, max=212992, per=96.76%, avg=195379.20, stdev=18525.31, samples=10
   iops        : min=  148, max=  208, avg=190.80, stdev=18.09, samples=10
  lat (msec)   : 250=4.00%, 500=96.00%
  cpu          : usr=1.44%, sys=2.02%, ctx=163, majf=0, minf=28
  IO depths    : 1=0.1%, 2=0.2%, 4=0.4%, 8=0.8%, 16=1.6%, 32=3.1%, >=64=93.8%
     submit    : 0=0.0%, 4=100.0%, 8=0.0%, 16=0.0%, 32=0.0%, 64=0.0%, >=64=0.0%
     complete  : 0=0.0%, 4=99.9%, 8=0.0%, 16=0.0%, 32=0.0%, 64=0.1%, >=64=0.0%
     issued rwt: total=0,1024,0, short=0,0,0, dropped=0,0,0
     latency   : target=0, window=0, percentile=100.00%, depth=64

Run status group 0 (all jobs):
  WRITE: bw=197MiB/s (207MB/s), 197MiB/s-197MiB/s (207MB/s-207MB/s), io=1024MiB (1074MB), run=5193-5193msec

Disk stats (read/write):
  sde: ios=7/4030, merge=0/0, ticks=4375/713747, in_queue=726736, util=97.94%
