test: (g=0): rw=randwrite, bs=(R) 4096B-4096B, (W) 4096B-4096B, (T) 4096B-4096B, ioengine=libaio, iodepth=64
fio-3.1
Starting 1 process

test: (groupid=0, jobs=1): err= 0: pid=14112: Thu Jul 12 15:40:45 2018
  write: IOPS=1499, BW=6000KiB/s (6144kB/s)(1024MiB/174770msec)
    slat (nsec): min=1951, max=140613, avg=11728.09, stdev=8542.03
    clat (msec): min=3, max=416, avg=42.65, stdev=35.29
     lat (msec): min=3, max=416, avg=42.67, stdev=35.29
    clat percentiles (msec):
     |  1.00th=[    6],  5.00th=[    8], 10.00th=[   10], 20.00th=[   12],
     | 30.00th=[   16], 40.00th=[   23], 50.00th=[   35], 60.00th=[   43],
     | 70.00th=[   54], 80.00th=[   71], 90.00th=[   94], 95.00th=[  114],
     | 99.00th=[  148], 99.50th=[  163], 99.90th=[  205], 99.95th=[  234],
     | 99.99th=[  334]
   bw (  KiB/s): min= 2496, max=15288, per=99.83%, avg=5988.75, stdev=1256.56, samples=349
   iops        : min=  624, max= 3822, avg=1497.19, stdev=314.14, samples=349
  lat (msec)   : 4=0.01%, 10=13.56%, 20=24.33%, 50=29.44%, 100=24.39%
  lat (msec)   : 250=8.24%, 500=0.03%
  cpu          : usr=1.04%, sys=3.16%, ctx=179082, majf=0, minf=299
  IO depths    : 1=0.1%, 2=0.1%, 4=0.1%, 8=0.1%, 16=0.1%, 32=0.1%, >=64=100.0%
     submit    : 0=0.0%, 4=100.0%, 8=0.0%, 16=0.0%, 32=0.0%, 64=0.0%, >=64=0.0%
     complete  : 0=0.0%, 4=100.0%, 8=0.0%, 16=0.0%, 32=0.0%, 64=0.1%, >=64=0.0%
     issued rwt: total=0,262144,0, short=0,0,0, dropped=0,0,0
     latency   : target=0, window=0, percentile=100.00%, depth=64

Run status group 0 (all jobs):
  WRITE: bw=6000KiB/s (6144kB/s), 6000KiB/s-6000KiB/s (6144kB/s-6144kB/s), io=1024MiB (1074MB), run=174770-174770msec

Disk stats (read/write):
  sdj: ios=35/259115, merge=0/2561, ticks=2782/11086026, in_queue=11089975, util=100.00%
