test: (g=0): rw=randwrite, bs=(R) 64.0KiB-64.0KiB, (W) 64.0KiB-64.0KiB, (T) 64.0KiB-64.0KiB, ioengine=libaio, iodepth=64
fio-3.1
Starting 1 process

test: (groupid=0, jobs=1): err= 0: pid=3035: Sun Jul 15 09:15:42 2018
  write: IOPS=203, BW=12.7MiB/s (13.3MB/s)(1024MiB/80558msec)
    slat (nsec): min=4863, max=66434, avg=24498.36, stdev=10605.06
    clat (usec): min=637, max=1891.4k, avg=314628.23, stdev=265269.03
     lat (usec): min=667, max=1891.4k, avg=314653.09, stdev=265270.41
    clat percentiles (msec):
     |  1.00th=[   11],  5.00th=[   18], 10.00th=[   22], 20.00th=[   33],
     | 30.00th=[  103], 40.00th=[  199], 50.00th=[  271], 60.00th=[  347],
     | 70.00th=[  443], 80.00th=[  550], 90.00th=[  701], 95.00th=[  802],
     | 99.00th=[  986], 99.50th=[ 1028], 99.90th=[ 1318], 99.95th=[ 1519],
     | 99.99th=[ 1821]
   bw (  KiB/s): min=  512, max=26752, per=100.00%, avg=13306.92, stdev=6306.23, samples=157
   iops        : min=    8, max=  418, avg=207.90, stdev=98.52, samples=157
  lat (usec)   : 750=0.01%, 1000=0.01%
  lat (msec)   : 2=0.02%, 4=0.10%, 10=0.82%, 20=7.20%, 50=16.58%
  lat (msec)   : 100=5.06%, 250=17.81%, 500=27.51%, 750=17.33%, 1000=6.76%
  lat (msec)   : 2000=0.79%
  cpu          : usr=0.21%, sys=0.76%, ctx=15711, majf=0, minf=28
  IO depths    : 1=0.1%, 2=0.1%, 4=0.1%, 8=0.1%, 16=0.1%, 32=0.2%, >=64=99.6%
     submit    : 0=0.0%, 4=100.0%, 8=0.0%, 16=0.0%, 32=0.0%, 64=0.0%, >=64=0.0%
     complete  : 0=0.0%, 4=100.0%, 8=0.0%, 16=0.0%, 32=0.0%, 64=0.1%, >=64=0.0%
     issued rwt: total=0,16384,0, short=0,0,0, dropped=0,0,0
     latency   : target=0, window=0, percentile=100.00%, depth=64

Run status group 0 (all jobs):
  WRITE: bw=12.7MiB/s (13.3MB/s), 12.7MiB/s-12.7MiB/s (13.3MB/s-13.3MB/s), io=1024MiB (1074MB), run=80558-80558msec

Disk stats (read/write):
  sdm: ios=0/15711, merge=0/673, ticks=0/4979890, in_queue=4980158, util=99.94%
