test: (g=0): rw=write, bs=(R) 512KiB-512KiB, (W) 512KiB-512KiB, (T) 512KiB-512KiB, ioengine=libaio, iodepth=64
fio-3.1
Starting 1 process

test: (groupid=0, jobs=1): err= 0: pid=35310: Thu Jul 12 17:54:06 2018
  write: IOPS=404, BW=202MiB/s (212MB/s)(1024MiB/5068msec)
    slat (usec): min=37, max=1109, avg=126.65, stdev=42.62
    clat (msec): min=4, max=301, avg=158.08, stdev=23.43
     lat (msec): min=4, max=301, avg=158.21, stdev=23.44
    clat percentiles (msec):
     |  1.00th=[   61],  5.00th=[  150], 10.00th=[  150], 20.00th=[  150],
     | 30.00th=[  153], 40.00th=[  153], 50.00th=[  155], 60.00th=[  157],
     | 70.00th=[  157], 80.00th=[  165], 90.00th=[  174], 95.00th=[  194],
     | 99.00th=[  253], 99.50th=[  279], 99.90th=[  296], 99.95th=[  300],
     | 99.99th=[  300]
   bw (  KiB/s): min=178176, max=217088, per=98.24%, avg=203264.00, stdev=11537.37, samples=10
   iops        : min=  348, max=  424, avg=397.00, stdev=22.53, samples=10
  lat (msec)   : 10=0.34%, 50=0.44%, 100=1.07%, 250=97.07%, 500=1.07%
  cpu          : usr=1.84%, sys=4.44%, ctx=2048, majf=0, minf=28
  IO depths    : 1=0.1%, 2=0.1%, 4=0.2%, 8=0.4%, 16=0.8%, 32=1.6%, >=64=96.9%
     submit    : 0=0.0%, 4=100.0%, 8=0.0%, 16=0.0%, 32=0.0%, 64=0.0%, >=64=0.0%
     complete  : 0=0.0%, 4=99.9%, 8=0.0%, 16=0.0%, 32=0.0%, 64=0.1%, >=64=0.0%
     issued rwt: total=0,2048,0, short=0,0,0, dropped=0,0,0
     latency   : target=0, window=0, percentile=100.00%, depth=64

Run status group 0 (all jobs):
  WRITE: bw=202MiB/s (212MB/s), 202MiB/s-202MiB/s (212MB/s-212MB/s), io=1024MiB (1074MB), run=5068-5068msec

Disk stats (read/write):
  sdl: ios=7/3933, merge=0/0, ticks=4343/610704, in_queue=625182, util=97.95%
