test: (g=0): rw=randwrite, bs=(R) 64.0KiB-64.0KiB, (W) 64.0KiB-64.0KiB, (T) 64.0KiB-64.0KiB, ioengine=libaio, iodepth=64
fio-3.1
Starting 1 process

test: (groupid=0, jobs=1): err= 0: pid=9508: Fri Jul 13 18:43:11 2018
  write: IOPS=398, BW=24.9MiB/s (26.1MB/s)(1024MiB/41130msec)
    slat (nsec): min=4352, max=69003, avg=24343.59, stdev=10939.58
    clat (usec): min=533, max=1013.5k, avg=160572.84, stdev=137437.68
     lat (usec): min=561, max=1013.5k, avg=160597.55, stdev=137438.89
    clat percentiles (msec):
     |  1.00th=[   11],  5.00th=[   17], 10.00th=[   22], 20.00th=[   32],
     | 30.00th=[   72], 40.00th=[  105], 50.00th=[  131], 60.00th=[  161],
     | 70.00th=[  194], 80.00th=[  245], 90.00th=[  368], 95.00th=[  460],
     | 99.00th=[  592], 99.50th=[  634], 99.90th=[  743], 99.95th=[  768],
     | 99.99th=[  919]
   bw (  KiB/s): min= 5376, max=68736, per=99.24%, avg=25299.51, stdev=9295.99, samples=82
   iops        : min=   84, max= 1074, avg=395.29, stdev=145.26, samples=82
  lat (usec)   : 750=0.01%
  lat (msec)   : 2=0.01%, 4=0.08%, 10=0.72%, 20=7.71%, 50=17.32%
  lat (msec)   : 100=12.57%, 250=42.14%, 500=15.94%, 750=3.42%, 1000=0.07%
  lat (msec)   : 2000=0.01%
  cpu          : usr=0.47%, sys=1.46%, ctx=15711, majf=0, minf=27
  IO depths    : 1=0.1%, 2=0.1%, 4=0.1%, 8=0.1%, 16=0.1%, 32=0.2%, >=64=99.6%
     submit    : 0=0.0%, 4=100.0%, 8=0.0%, 16=0.0%, 32=0.0%, 64=0.0%, >=64=0.0%
     complete  : 0=0.0%, 4=100.0%, 8=0.0%, 16=0.0%, 32=0.0%, 64=0.1%, >=64=0.0%
     issued rwt: total=0,16384,0, short=0,0,0, dropped=0,0,0
     latency   : target=0, window=0, percentile=100.00%, depth=64

Run status group 0 (all jobs):
  WRITE: bw=24.9MiB/s (26.1MB/s), 24.9MiB/s-24.9MiB/s (26.1MB/s-26.1MB/s), io=1024MiB (1074MB), run=41130-41130msec

Disk stats (read/write):
  sdn: ios=40/15445, merge=0/587, ticks=16327/2539810, in_queue=2561579, util=99.79%
