test: (g=0): rw=write, bs=(R) 512KiB-512KiB, (W) 512KiB-512KiB, (T) 512KiB-512KiB, ioengine=libaio, iodepth=64
fio-3.1
Starting 1 process

test: (groupid=0, jobs=1): err= 0: pid=31069: Thu Jul 12 14:19:10 2018
  write: IOPS=395, BW=198MiB/s (207MB/s)(1024MiB/5180msec)
    slat (usec): min=36, max=197, avg=125.10, stdev=37.31
    clat (msec): min=12, max=319, avg=161.59, stdev=26.63
     lat (msec): min=12, max=319, avg=161.71, stdev=26.64
    clat percentiles (msec):
     |  1.00th=[   54],  5.00th=[  146], 10.00th=[  148], 20.00th=[  150],
     | 30.00th=[  157], 40.00th=[  161], 50.00th=[  161], 60.00th=[  161],
     | 70.00th=[  165], 80.00th=[  165], 90.00th=[  182], 95.00th=[  203],
     | 99.00th=[  268], 99.50th=[  296], 99.90th=[  313], 99.95th=[  317],
     | 99.99th=[  321]
   bw (  KiB/s): min=172376, max=219136, per=100.00%, avg=202520.20, stdev=12020.59, samples=10
   iops        : min=  336, max=  428, avg=395.40, stdev=23.65, samples=10
  lat (msec)   : 20=0.29%, 50=0.63%, 100=1.07%, 250=96.63%, 500=1.37%
  cpu          : usr=2.09%, sys=4.07%, ctx=2049, majf=0, minf=28
  IO depths    : 1=0.1%, 2=0.1%, 4=0.2%, 8=0.4%, 16=0.8%, 32=1.6%, >=64=96.9%
     submit    : 0=0.0%, 4=100.0%, 8=0.0%, 16=0.0%, 32=0.0%, 64=0.0%, >=64=0.0%
     complete  : 0=0.0%, 4=99.9%, 8=0.0%, 16=0.0%, 32=0.0%, 64=0.1%, >=64=0.0%
     issued rwt: total=0,2048,0, short=0,0,0, dropped=0,0,0
     latency   : target=0, window=0, percentile=100.00%, depth=64

Run status group 0 (all jobs):
  WRITE: bw=198MiB/s (207MB/s), 198MiB/s-198MiB/s (207MB/s-207MB/s), io=1024MiB (1074MB), run=5180-5180msec

Disk stats (read/write):
  sde: ios=6/4055, merge=0/0, ticks=4305/642741, in_queue=653082, util=98.02%
