test: (g=0): rw=read, bs=(R) 1024KiB-1024KiB, (W) 1024KiB-1024KiB, (T) 1024KiB-1024KiB, ioengine=libaio, iodepth=64
fio-3.1
Starting 1 process

test: (groupid=0, jobs=1): err= 0: pid=21429: Fri Aug 17 16:51:22 2018
   read: IOPS=530, BW=531MiB/s (556MB/s)(1024MiB/1930msec)
    slat (usec): min=41, max=14525, avg=1811.73, stdev=4573.97
    clat (msec): min=49, max=178, avg=117.58, stdev=12.42
     lat (msec): min=51, max=178, avg=119.39, stdev=11.76
    clat percentiles (msec):
     |  1.00th=[   72],  5.00th=[  104], 10.00th=[  107], 20.00th=[  121],
     | 30.00th=[  121], 40.00th=[  121], 50.00th=[  121], 60.00th=[  121],
     | 70.00th=[  121], 80.00th=[  121], 90.00th=[  122], 95.00th=[  122],
     | 99.00th=[  163], 99.50th=[  178], 99.90th=[  180], 99.95th=[  180],
     | 99.99th=[  180]
   bw (  KiB/s): min=481280, max=552960, per=96.63%, avg=524970.67, stdev=38332.81, samples=3
   iops        : min=  470, max=  540, avg=512.67, stdev=37.43, samples=3
  lat (msec)   : 50=0.10%, 100=4.69%, 250=95.21%
  cpu          : usr=0.00%, sys=6.95%, ctx=161, majf=0, minf=575
  IO depths    : 1=0.1%, 2=0.2%, 4=0.4%, 8=0.8%, 16=1.6%, 32=3.1%, >=64=93.8%
     submit    : 0=0.0%, 4=100.0%, 8=0.0%, 16=0.0%, 32=0.0%, 64=0.0%, >=64=0.0%
     complete  : 0=0.0%, 4=99.9%, 8=0.0%, 16=0.0%, 32=0.0%, 64=0.1%, >=64=0.0%
     issued rwt: total=1024,0,0, short=0,0,0, dropped=0,0,0
     latency   : target=0, window=0, percentile=100.00%, depth=64

Run status group 0 (all jobs):
   READ: bw=531MiB/s (556MB/s), 531MiB/s-531MiB/s (556MB/s-556MB/s), io=1024MiB (1074MB), run=1930-1930msec

Disk stats (read/write):
  sda: ios=4031/0, merge=0/0, ticks=264730/0, in_queue=268118, util=95.09%
