test: (g=0): rw=randread, bs=(R) 4096B-4096B, (W) 4096B-4096B, (T) 4096B-4096B, ioengine=libaio, iodepth=64
fio-3.1
Starting 1 process

test: (groupid=0, jobs=1): err= 0: pid=21520: Fri Aug 17 16:51:31 2018
   read: IOPS=79.6k, BW=311MiB/s (326MB/s)(1024MiB/3294msec)
    slat (nsec): min=2378, max=83260, avg=4258.81, stdev=2979.62
    clat (usec): min=280, max=1666, avg=799.13, stdev=83.02
     lat (usec): min=286, max=1670, avg=803.43, stdev=82.89
    clat percentiles (usec):
     |  1.00th=[  594],  5.00th=[  660], 10.00th=[  693], 20.00th=[  734],
     | 30.00th=[  758], 40.00th=[  783], 50.00th=[  799], 60.00th=[  824],
     | 70.00th=[  840], 80.00th=[  865], 90.00th=[  898], 95.00th=[  930],
     | 99.00th=[  988], 99.50th=[ 1012], 99.90th=[ 1156], 99.95th=[ 1254],
     | 99.99th=[ 1385]
   bw (  KiB/s): min=317184, max=319288, per=100.00%, avg=318380.00, stdev=817.52, samples=6
   iops        : min=79296, max=79822, avg=79595.00, stdev=204.38, samples=6
  lat (usec)   : 500=0.03%, 750=25.56%, 1000=73.76%
  lat (msec)   : 2=0.64%
  cpu          : usr=6.13%, sys=39.72%, ctx=68547, majf=0, minf=95
  IO depths    : 1=0.1%, 2=0.1%, 4=0.1%, 8=0.1%, 16=0.1%, 32=0.1%, >=64=100.0%
     submit    : 0=0.0%, 4=100.0%, 8=0.0%, 16=0.0%, 32=0.0%, 64=0.0%, >=64=0.0%
     complete  : 0=0.0%, 4=100.0%, 8=0.0%, 16=0.0%, 32=0.0%, 64=0.1%, >=64=0.0%
     issued rwt: total=262144,0,0, short=0,0,0, dropped=0,0,0
     latency   : target=0, window=0, percentile=100.00%, depth=64

Run status group 0 (all jobs):
   READ: bw=311MiB/s (326MB/s), 311MiB/s-311MiB/s (326MB/s-326MB/s), io=1024MiB (1074MB), run=3294-3294msec

Disk stats (read/write):
  sda: ios=250605/0, merge=0/0, ticks=197149/0, in_queue=197141, util=97.01%
