test: (g=0): rw=read, bs=(R) 64.0KiB-64.0KiB, (W) 64.0KiB-64.0KiB, (T) 64.0KiB-64.0KiB, ioengine=libaio, iodepth=64
fio-3.1
Starting 1 process

test: (groupid=0, jobs=1): err= 0: pid=34696: Tue Jul 24 20:01:39 2018
   read: IOPS=3286, BW=205MiB/s (215MB/s)(1024MiB/4985msec)
    slat (usec): min=5, max=542, avg=19.16, stdev= 7.89
    clat (usec): min=1575, max=36629, avg=19443.91, stdev=1047.10
     lat (usec): min=1612, max=36648, avg=19463.30, stdev=1047.08
    clat percentiles (usec):
     |  1.00th=[18482],  5.00th=[18482], 10.00th=[18482], 20.00th=[18482],
     | 30.00th=[19530], 40.00th=[19530], 50.00th=[19530], 60.00th=[19530],
     | 70.00th=[19530], 80.00th=[19530], 90.00th=[20055], 95.00th=[20055],
     | 99.00th=[23200], 99.50th=[24249], 99.90th=[32113], 99.95th=[34341],
     | 99.99th=[36439]
   bw (  KiB/s): min=204672, max=219264, per=99.53%, avg=209365.33, stdev=4668.93, samples=9
   iops        : min= 3198, max= 3426, avg=3271.33, stdev=72.95, samples=9
  lat (msec)   : 2=0.07%, 20=82.69%, 50=17.24%
  cpu          : usr=1.57%, sys=8.75%, ctx=16372, majf=0, minf=545
  IO depths    : 1=0.1%, 2=0.1%, 4=0.1%, 8=0.1%, 16=0.1%, 32=0.2%, >=64=99.6%
     submit    : 0=0.0%, 4=100.0%, 8=0.0%, 16=0.0%, 32=0.0%, 64=0.0%, >=64=0.0%
     complete  : 0=0.0%, 4=100.0%, 8=0.0%, 16=0.0%, 32=0.0%, 64=0.1%, >=64=0.0%
     issued rwt: total=16384,0,0, short=0,0,0, dropped=0,0,0
     latency   : target=0, window=0, percentile=100.00%, depth=64

Run status group 0 (all jobs):
   READ: bw=205MiB/s (215MB/s), 205MiB/s-205MiB/s (215MB/s-215MB/s), io=1024MiB (1074MB), run=4985-4985msec

Disk stats (read/write):
  sdk: ios=16071/1, merge=0/0, ticks=312049/1019, in_queue=313631, util=98.06%
