test: (g=0): rw=randwrite, bs=(R) 4096B-4096B, (W) 4096B-4096B, (T) 4096B-4096B, ioengine=libaio, iodepth=64
fio-3.1
Starting 1 process

test: (groupid=0, jobs=1): err= 0: pid=19570: Sun Jul 15 02:57:15 2018
  write: IOPS=223, BW=893KiB/s (914kB/s)(1024MiB/1174425msec)
    slat (usec): min=2, max=130, avg=19.90, stdev= 8.42
    clat (usec): min=283, max=2039.1k, avg=286699.02, stdev=202324.02
     lat (usec): min=313, max=2039.1k, avg=286719.35, stdev=202325.77
    clat percentiles (msec):
     |  1.00th=[   13],  5.00th=[   21], 10.00th=[   29], 20.00th=[  130],
     | 30.00th=[  184], 40.00th=[  222], 50.00th=[  262], 60.00th=[  300],
     | 70.00th=[  347], 80.00th=[  405], 90.00th=[  558], 95.00th=[  693],
     | 99.00th=[  927], 99.50th=[ 1020], 99.90th=[ 1250], 99.95th=[ 1368],
     | 99.99th=[ 1586]
   bw (  KiB/s): min=   16, max= 3296, per=100.00%, avg=904.33, stdev=342.25, samples=2315
   iops        : min=    4, max=  824, avg=226.07, stdev=85.56, samples=2315
  lat (usec)   : 500=0.01%, 750=0.01%, 1000=0.01%
  lat (msec)   : 2=0.01%, 4=0.07%, 10=0.48%, 20=4.41%, 50=9.17%
  lat (msec)   : 100=3.26%, 250=29.86%, 500=40.06%, 750=9.12%, 1000=2.97%
  lat (msec)   : 2000=0.59%, >=2000=0.01%
  cpu          : usr=0.28%, sys=0.77%, ctx=259191, majf=0, minf=28
  IO depths    : 1=0.1%, 2=0.1%, 4=0.1%, 8=0.1%, 16=0.1%, 32=0.1%, >=64=100.0%
     submit    : 0=0.0%, 4=100.0%, 8=0.0%, 16=0.0%, 32=0.0%, 64=0.0%, >=64=0.0%
     complete  : 0=0.0%, 4=100.0%, 8=0.0%, 16=0.0%, 32=0.0%, 64=0.1%, >=64=0.0%
     issued rwt: total=0,262144,0, short=0,0,0, dropped=0,0,0
     latency   : target=0, window=0, percentile=100.00%, depth=64

Run status group 0 (all jobs):
  WRITE: bw=893KiB/s (914kB/s), 893KiB/s-893KiB/s (914kB/s-914kB/s), io=1024MiB (1074MB), run=1174425-1174425msec

Disk stats (read/write):
  sde: ios=0/259456, merge=0/2710, ticks=0/74801666, in_queue=74803988, util=100.00%
