test: (g=0): rw=randwrite, bs=(R) 8192B-8192B, (W) 8192B-8192B, (T) 8192B-8192B, ioengine=libaio, iodepth=64
fio-3.1
Starting 1 process

test: (groupid=0, jobs=1): err= 0: pid=31120: Fri Jul 13 18:37:24 2018
  write: IOPS=446, BW=3573KiB/s (3658kB/s)(1024MiB/293511msec)
    slat (nsec): min=1766, max=186329, avg=17361.12, stdev=8477.93
    clat (usec): min=212, max=1001.2k, avg=143289.64, stdev=101308.35
     lat (usec): min=255, max=1001.2k, avg=143307.40, stdev=101309.78
    clat percentiles (msec):
     |  1.00th=[   13],  5.00th=[   20], 10.00th=[   27], 20.00th=[   60],
     | 30.00th=[   90], 40.00th=[  109], 50.00th=[  128], 60.00th=[  148],
     | 70.00th=[  171], 80.00th=[  199], 90.00th=[  275], 95.00th=[  355],
     | 99.00th=[  477], 99.50th=[  527], 99.90th=[  676], 99.95th=[  726],
     | 99.99th=[  802]
   bw (  KiB/s): min=  704, max=12208, per=99.97%, avg=3570.87, stdev=1118.01, samples=587
   iops        : min=   88, max= 1526, avg=446.35, stdev=139.75, samples=587
  lat (usec)   : 250=0.01%
  lat (msec)   : 2=0.01%, 4=0.05%, 10=0.45%, 20=4.86%, 50=12.90%
  lat (msec)   : 100=17.22%, 250=52.64%, 500=11.17%, 750=0.68%, 1000=0.03%
  lat (msec)   : 2000=0.01%
  cpu          : usr=0.56%, sys=1.43%, ctx=128898, majf=0, minf=326
  IO depths    : 1=0.1%, 2=0.1%, 4=0.1%, 8=0.1%, 16=0.1%, 32=0.1%, >=64=100.0%
     submit    : 0=0.0%, 4=100.0%, 8=0.0%, 16=0.0%, 32=0.0%, 64=0.0%, >=64=0.0%
     complete  : 0=0.0%, 4=100.0%, 8=0.0%, 16=0.0%, 32=0.0%, 64=0.1%, >=64=0.0%
     issued rwt: total=0,131072,0, short=0,0,0, dropped=0,0,0
     latency   : target=0, window=0, percentile=100.00%, depth=64

Run status group 0 (all jobs):
  WRITE: bw=3573KiB/s (3658kB/s), 3573KiB/s-3573KiB/s (3658kB/s-3658kB/s), io=1024MiB (1074MB), run=293511-293511msec

Disk stats (read/write):
  sdn: ios=40/128806, merge=0/1935, ticks=17636/18605504, in_queue=18630614, util=100.00%
