test: (g=0): rw=read, bs=(R) 1024KiB-1024KiB, (W) 1024KiB-1024KiB, (T) 1024KiB-1024KiB, ioengine=libaio, iodepth=64
fio-3.1
Starting 1 process

test: (groupid=0, jobs=1): err= 0: pid=20018: Mon Jul 23 22:18:39 2018
   read: IOPS=213, BW=213MiB/s (224MB/s)(1024MiB/4804msec)
    slat (usec): min=48, max=40787, avg=4511.84, stdev=11904.72
    clat (msec): min=125, max=491, avg=293.42, stdev=32.18
     lat (msec): min=125, max=491, avg=297.93, stdev=30.63
    clat percentiles (msec):
     |  1.00th=[  161],  5.00th=[  259], 10.00th=[  262], 20.00th=[  296],
     | 30.00th=[  296], 40.00th=[  296], 50.00th=[  296], 60.00th=[  300],
     | 70.00th=[  300], 80.00th=[  300], 90.00th=[  305], 95.00th=[  309],
     | 99.00th=[  414], 99.50th=[  456], 99.90th=[  456], 99.95th=[  493],
     | 99.99th=[  493]
   bw (  KiB/s): min=169984, max=229376, per=97.04%, avg=211806.89, stdev=17226.80, samples=9
   iops        : min=  166, max=  224, avg=206.78, stdev=16.82, samples=9
  lat (msec)   : 250=4.00%, 500=96.00%
  cpu          : usr=0.02%, sys=2.58%, ctx=162, majf=0, minf=574
  IO depths    : 1=0.1%, 2=0.2%, 4=0.4%, 8=0.8%, 16=1.6%, 32=3.1%, >=64=93.8%
     submit    : 0=0.0%, 4=100.0%, 8=0.0%, 16=0.0%, 32=0.0%, 64=0.0%, >=64=0.0%
     complete  : 0=0.0%, 4=99.9%, 8=0.0%, 16=0.0%, 32=0.0%, 64=0.1%, >=64=0.0%
     issued rwt: total=1024,0,0, short=0,0,0, dropped=0,0,0
     latency   : target=0, window=0, percentile=100.00%, depth=64

Run status group 0 (all jobs):
   READ: bw=213MiB/s (224MB/s), 213MiB/s-213MiB/s (224MB/s-224MB/s), io=1024MiB (1074MB), run=4804-4804msec

Disk stats (read/write):
  sdn: ios=3964/0, merge=0/0, ticks=650873/0, in_queue=663244, util=97.95%
