test: (g=0): rw=read, bs=(R) 512KiB-512KiB, (W) 512KiB-512KiB, (T) 512KiB-512KiB, ioengine=libaio, iodepth=64
fio-3.1
Starting 1 process

test: (groupid=0, jobs=1): err= 0: pid=19926: Mon Jul 23 22:18:28 2018
   read: IOPS=426, BW=213MiB/s (223MB/s)(1024MiB/4806msec)
    slat (usec): min=26, max=699, avg=97.21, stdev=54.95
    clat (msec): min=11, max=305, avg=149.81, stdev=22.18
     lat (msec): min=11, max=305, avg=149.91, stdev=22.17
    clat percentiles (msec):
     |  1.00th=[   50],  5.00th=[  148], 10.00th=[  148], 20.00th=[  148],
     | 30.00th=[  148], 40.00th=[  148], 50.00th=[  150], 60.00th=[  150],
     | 70.00th=[  150], 80.00th=[  150], 90.00th=[  155], 95.00th=[  157],
     | 99.00th=[  257], 99.50th=[  284], 99.90th=[  300], 99.95th=[  305],
     | 99.99th=[  305]
   bw (  KiB/s): min=212992, max=222208, per=100.00%, avg=218680.89, stdev=2665.90, samples=9
   iops        : min=  416, max=  434, avg=427.11, stdev= 5.21, samples=9
  lat (msec)   : 20=0.34%, 50=0.68%, 100=1.12%, 250=96.73%, 500=1.12%
  cpu          : usr=0.19%, sys=4.77%, ctx=2045, majf=0, minf=558
  IO depths    : 1=0.1%, 2=0.1%, 4=0.2%, 8=0.4%, 16=0.8%, 32=1.6%, >=64=96.9%
     submit    : 0=0.0%, 4=100.0%, 8=0.0%, 16=0.0%, 32=0.0%, 64=0.0%, >=64=0.0%
     complete  : 0=0.0%, 4=99.9%, 8=0.0%, 16=0.0%, 32=0.0%, 64=0.1%, >=64=0.0%
     issued rwt: total=2048,0,0, short=0,0,0, dropped=0,0,0
     latency   : target=0, window=0, percentile=100.00%, depth=64

Run status group 0 (all jobs):
   READ: bw=213MiB/s (223MB/s), 213MiB/s-213MiB/s (223MB/s-223MB/s), io=1024MiB (1074MB), run=4806-4806msec

Disk stats (read/write):
  sdn: ios=3962/0, merge=0/0, ticks=581043/0, in_queue=590872, util=97.97%
