test: (g=0): rw=randwrite, bs=(R) 8192B-8192B, (W) 8192B-8192B, (T) 8192B-8192B, ioengine=libaio, iodepth=64
fio-3.1
Starting 1 process

test: (groupid=0, jobs=1): err= 0: pid=20157: Mon Jul 23 22:41:23 2018
  write: IOPS=446, BW=3574KiB/s (3660kB/s)(1024MiB/293385msec)
    slat (usec): min=4, max=184, avg=24.84, stdev= 8.91
    clat (msec): min=2, max=962, avg=143.22, stdev=54.97
     lat (msec): min=2, max=962, avg=143.25, stdev=54.97
    clat percentiles (msec):
     |  1.00th=[   64],  5.00th=[   77], 10.00th=[   85], 20.00th=[  100],
     | 30.00th=[  112], 40.00th=[  125], 50.00th=[  138], 60.00th=[  150],
     | 70.00th=[  165], 80.00th=[  180], 90.00th=[  203], 95.00th=[  224],
     | 99.00th=[  347], 99.50th=[  409], 99.90th=[  550], 99.95th=[  625],
     | 99.99th=[  718]
   bw (  KiB/s): min= 2480, max= 4912, per=99.97%, avg=3572.92, stdev=290.13, samples=586
   iops        : min=  310, max=  614, avg=446.61, stdev=36.26, samples=586
  lat (msec)   : 4=0.01%, 10=0.01%, 20=0.05%, 50=0.12%, 100=20.71%
  lat (msec)   : 250=76.48%, 500=2.44%, 750=0.19%, 1000=0.01%
  cpu          : usr=0.52%, sys=1.69%, ctx=131070, majf=0, minf=475
  IO depths    : 1=0.1%, 2=0.1%, 4=0.1%, 8=0.1%, 16=0.1%, 32=0.1%, >=64=100.0%
     submit    : 0=0.0%, 4=100.0%, 8=0.0%, 16=0.0%, 32=0.0%, 64=0.0%, >=64=0.0%
     complete  : 0=0.0%, 4=100.0%, 8=0.0%, 16=0.0%, 32=0.0%, 64=0.1%, >=64=0.0%
     issued rwt: total=0,131072,0, short=0,0,0, dropped=0,0,0
     latency   : target=0, window=0, percentile=100.00%, depth=64

Run status group 0 (all jobs):
  WRITE: bw=3574KiB/s (3660kB/s), 3574KiB/s-3574KiB/s (3660kB/s-3660kB/s), io=1024MiB (1074MB), run=293385-293385msec

Disk stats (read/write):
  sdn: ios=45/131042, merge=0/0, ticks=715/18767189, in_queue=18770471, util=100.00%
