test: (g=0): rw=read, bs=(R) 512KiB-512KiB, (W) 512KiB-512KiB, (T) 512KiB-512KiB, ioengine=libaio, iodepth=64
fio-3.1
Starting 1 process

test: (groupid=0, jobs=1): err= 0: pid=39503: Fri Jul 13 13:03:17 2018
   read: IOPS=407, BW=204MiB/s (214MB/s)(1024MiB/5021msec)
    slat (usec): min=20, max=800, avg=92.32, stdev=60.99
    clat (msec): min=12, max=301, avg=156.49, stdev=21.64
     lat (msec): min=12, max=301, avg=156.58, stdev=21.62
    clat percentiles (msec):
     |  1.00th=[   54],  5.00th=[  153], 10.00th=[  153], 20.00th=[  153],
     | 30.00th=[  155], 40.00th=[  155], 50.00th=[  155], 60.00th=[  157],
     | 70.00th=[  163], 80.00th=[  163], 90.00th=[  163], 95.00th=[  163],
     | 99.00th=[  255], 99.50th=[  279], 99.90th=[  296], 99.95th=[  300],
     | 99.99th=[  300]
   bw (  KiB/s): min=157696, max=214016, per=97.35%, avg=203306.60, stdev=17068.58, samples=10
   iops        : min=  308, max=  418, avg=397.00, stdev=33.28, samples=10
  lat (msec)   : 20=0.29%, 50=0.63%, 100=1.03%, 250=96.97%, 500=1.07%
  cpu          : usr=0.36%, sys=4.74%, ctx=2045, majf=0, minf=558
  IO depths    : 1=0.1%, 2=0.1%, 4=0.2%, 8=0.4%, 16=0.8%, 32=1.6%, >=64=96.9%
     submit    : 0=0.0%, 4=100.0%, 8=0.0%, 16=0.0%, 32=0.0%, 64=0.0%, >=64=0.0%
     complete  : 0=0.0%, 4=99.9%, 8=0.0%, 16=0.0%, 32=0.0%, 64=0.1%, >=64=0.0%
     issued rwt: total=2048,0,0, short=0,0,0, dropped=0,0,0
     latency   : target=0, window=0, percentile=100.00%, depth=64

Run status group 0 (all jobs):
   READ: bw=204MiB/s (214MB/s), 204MiB/s-204MiB/s (214MB/s-214MB/s), io=1024MiB (1074MB), run=5021-5021msec

Disk stats (read/write):
  sdd: ios=3991/0, merge=0/0, ticks=613006/0, in_queue=622433, util=98.04%
