test: (g=0): rw=randwrite, bs=(R) 64.0MiB-64.0MiB, (W) 64.0MiB-64.0MiB, (T) 64.0MiB-64.0MiB, ioengine=libaio, iodepth=64
fio-3.1
Starting 1 process

test: (groupid=0, jobs=1): err= 0: pid=151895: Mon Aug  6 04:42:58 2018
  write: IOPS=6, BW=412MiB/s (432MB/s)(10.0GiB/24857msec)
    slat (msec): min=6, max=194, avg=124.71, stdev=47.48
    clat (msec): min=4900, max=16776, avg=8774.74, stdev=2040.52
     lat (msec): min=5056, max=16928, avg=8899.45, stdev=2051.08
    clat percentiles (msec):
     |  1.00th=[ 5067],  5.00th=[ 5671], 10.00th=[ 6544], 20.00th=[ 7349],
     | 30.00th=[ 7819], 40.00th=[ 8221], 50.00th=[ 8490], 60.00th=[ 8926],
     | 70.00th=[ 9329], 80.00th=[ 9731], 90.00th=[11208], 95.00th=[13221],
     | 99.00th=[15234], 99.50th=[16711], 99.90th=[16711], 99.95th=[16711],
     | 99.99th=[16711]
   bw (  KiB/s): min=393216, max=525338, per=100.00%, avg=470927.19, stdev=65662.45, samples=27
   iops        : min=    6, max=    8, avg= 7.19, stdev= 1.00, samples=27
  lat (msec)   : >=2000=100.00%
  cpu          : usr=3.20%, sys=1.58%, ctx=330, majf=0, minf=28
  IO depths    : 1=0.6%, 2=1.2%, 4=2.5%, 8=5.0%, 16=10.0%, 32=20.0%, >=64=60.6%
     submit    : 0=0.0%, 4=100.0%, 8=0.0%, 16=0.0%, 32=0.0%, 64=0.0%, >=64=0.0%
     complete  : 0=0.0%, 4=99.0%, 8=0.0%, 16=0.0%, 32=0.0%, 64=1.0%, >=64=0.0%
     issued rwt: total=0,160,0, short=0,0,0, dropped=0,0,0
     latency   : target=0, window=0, percentile=100.00%, depth=64

Run status group 0 (all jobs):
  WRITE: bw=412MiB/s (432MB/s), 412MiB/s-412MiB/s (432MB/s-432MB/s), io=10.0GiB (10.7GB), run=24857-24857msec

Disk stats (read/write):
  rbd0: ios=41/2551, merge=0/7680, ticks=7/5290849, in_queue=5349940, util=89.41%
