test: (g=0): rw=randwrite, bs=(R) 8192B-8192B, (W) 8192B-8192B, (T) 8192B-8192B, ioengine=libaio, iodepth=64
fio-3.1
Starting 1 process

test: (groupid=0, jobs=1): err= 0: pid=78255: Mon Jul 30 14:37:19 2018
  write: IOPS=3279, BW=25.6MiB/s (26.9MB/s)(10.0GiB/399636msec)
    slat (usec): min=2, max=642, avg= 8.25, stdev= 6.40
    clat (usec): min=754, max=6679.4k, avg=19502.97, stdev=163413.34
     lat (usec): min=766, max=6679.4k, avg=19511.43, stdev=163413.42
    clat percentiles (usec):
     |  1.00th=[    947],  5.00th=[   1057], 10.00th=[   1221],
     | 20.00th=[   1483], 30.00th=[   1680], 40.00th=[   1844],
     | 50.00th=[   2008], 60.00th=[   2180], 70.00th=[   2376],
     | 80.00th=[   2638], 90.00th=[   3130], 95.00th=[   3851],
     | 99.00th=[ 497026], 99.50th=[1010828], 99.90th=[2667578],
     | 99.95th=[3003122], 99.99th=[4043310]
   bw (  KiB/s): min=   16, max=203776, per=100.00%, avg=41698.06, stdev=37665.21, samples=502
   iops        : min=    2, max=25472, avg=5212.24, stdev=4708.15, samples=502
  lat (usec)   : 1000=2.74%
  lat (msec)   : 2=47.21%, 4=45.39%, 10=1.48%, 20=0.13%, 50=0.26%
  lat (msec)   : 100=0.38%, 250=0.69%, 500=0.72%, 750=0.31%, 1000=0.17%
  lat (msec)   : 2000=0.30%, >=2000=0.21%
  cpu          : usr=1.17%, sys=3.22%, ctx=494049, majf=0, minf=27
  IO depths    : 1=0.1%, 2=0.1%, 4=0.1%, 8=0.1%, 16=0.1%, 32=0.1%, >=64=100.0%
     submit    : 0=0.0%, 4=100.0%, 8=0.0%, 16=0.0%, 32=0.0%, 64=0.0%, >=64=0.0%
     complete  : 0=0.0%, 4=100.0%, 8=0.0%, 16=0.0%, 32=0.0%, 64=0.1%, >=64=0.0%
     issued rwt: total=0,1310720,0, short=0,0,0, dropped=0,0,0
     latency   : target=0, window=0, percentile=100.00%, depth=64

Run status group 0 (all jobs):
  WRITE: bw=25.6MiB/s (26.9MB/s), 25.6MiB/s-25.6MiB/s (26.9MB/s-26.9MB/s), io=10.0GiB (10.7GB), run=399636-399636msec

Disk stats (read/write):
  rbd0: ios=10/1309769, merge=0/0, ticks=5/25483743, in_queue=25500908, util=100.00%
