test: (g=0): rw=read, bs=(R) 1024KiB-1024KiB, (W) 1024KiB-1024KiB, (T) 1024KiB-1024KiB, ioengine=libaio, iodepth=64
fio-3.1
Starting 1 process

test: (groupid=0, jobs=1): err= 0: pid=2053: Fri Jul 13 15:37:47 2018
   read: IOPS=200, BW=201MiB/s (210MB/s)(1024MiB/5107msec)
    slat (usec): min=33, max=44658, avg=4800.92, stdev=12718.29
    clat (msec): min=130, max=461, avg=311.88, stdev=34.34
     lat (msec): min=130, max=500, avg=316.68, stdev=32.75
    clat percentiles (msec):
     |  1.00th=[  188],  5.00th=[  271], 10.00th=[  275], 20.00th=[  305],
     | 30.00th=[  309], 40.00th=[  309], 50.00th=[  313], 60.00th=[  313],
     | 70.00th=[  334], 80.00th=[  334], 90.00th=[  334], 95.00th=[  334],
     | 99.00th=[  422], 99.50th=[  464], 99.90th=[  464], 99.95th=[  464],
     | 99.99th=[  464]
   bw (  KiB/s): min=151552, max=212992, per=95.86%, avg=196812.80, stdev=19559.32, samples=10
   iops        : min=  148, max=  208, avg=192.20, stdev=19.10, samples=10
  lat (msec)   : 250=4.00%, 500=96.00%
  cpu          : usr=0.00%, sys=2.33%, ctx=162, majf=0, minf=575
  IO depths    : 1=0.1%, 2=0.2%, 4=0.4%, 8=0.8%, 16=1.6%, 32=3.1%, >=64=93.8%
     submit    : 0=0.0%, 4=100.0%, 8=0.0%, 16=0.0%, 32=0.0%, 64=0.0%, >=64=0.0%
     complete  : 0=0.0%, 4=99.9%, 8=0.0%, 16=0.0%, 32=0.0%, 64=0.1%, >=64=0.0%
     issued rwt: total=1024,0,0, short=0,0,0, dropped=0,0,0
     latency   : target=0, window=0, percentile=100.00%, depth=64

Run status group 0 (all jobs):
   READ: bw=201MiB/s (210MB/s), 201MiB/s-201MiB/s (210MB/s-210MB/s), io=1024MiB (1074MB), run=5107-5107msec

Disk stats (read/write):
  sdi: ios=3920/0, merge=0/0, ticks=686226/0, in_queue=698862, util=98.10%
