test: (g=0): rw=read, bs=(R) 64.0KiB-64.0KiB, (W) 64.0KiB-64.0KiB, (T) 64.0KiB-64.0KiB, ioengine=libaio, iodepth=64
fio-3.1
Starting 1 process

test: (groupid=0, jobs=1): err= 0: pid=7123: Tue Jul 24 18:25:55 2018
   read: IOPS=3325, BW=208MiB/s (218MB/s)(1024MiB/4927msec)
    slat (usec): min=4, max=715, avg=17.87, stdev= 8.65
    clat (usec): min=1657, max=38076, avg=19216.47, stdev=1049.92
     lat (usec): min=1709, max=38098, avg=19234.48, stdev=1049.34
    clat percentiles (usec):
     |  1.00th=[18744],  5.00th=[18744], 10.00th=[18744], 20.00th=[18744],
     | 30.00th=[18744], 40.00th=[19006], 50.00th=[19006], 60.00th=[19268],
     | 70.00th=[19530], 80.00th=[19530], 90.00th=[19530], 95.00th=[20055],
     | 99.00th=[23200], 99.50th=[23462], 99.90th=[33162], 99.95th=[35390],
     | 99.99th=[38011]
   bw (  KiB/s): min=209664, max=217088, per=99.98%, avg=212778.67, stdev=3029.71, samples=9
   iops        : min= 3276, max= 3392, avg=3324.67, stdev=47.34, samples=9
  lat (msec)   : 2=0.07%, 10=0.10%, 20=98.52%, 50=1.31%
  cpu          : usr=1.34%, sys=8.32%, ctx=16368, majf=0, minf=545
  IO depths    : 1=0.1%, 2=0.1%, 4=0.1%, 8=0.1%, 16=0.1%, 32=0.2%, >=64=99.6%
     submit    : 0=0.0%, 4=100.0%, 8=0.0%, 16=0.0%, 32=0.0%, 64=0.0%, >=64=0.0%
     complete  : 0=0.0%, 4=100.0%, 8=0.0%, 16=0.0%, 32=0.0%, 64=0.1%, >=64=0.0%
     issued rwt: total=16384,0,0, short=0,0,0, dropped=0,0,0
     latency   : target=0, window=0, percentile=100.00%, depth=64

Run status group 0 (all jobs):
   READ: bw=208MiB/s (218MB/s), 208MiB/s-208MiB/s (218MB/s-218MB/s), io=1024MiB (1074MB), run=4927-4927msec

Disk stats (read/write):
  sdi: ios=16278/0, merge=0/0, ticks=312101/0, in_queue=312717, util=98.04%
