test: (g=0): rw=write, bs=(R) 1024KiB-1024KiB, (W) 1024KiB-1024KiB, (T) 1024KiB-1024KiB, ioengine=libaio, iodepth=64
fio-3.1
Starting 1 process

test: (groupid=0, jobs=1): err= 0: pid=12300: Mon Jul 23 18:00:57 2018
  write: IOPS=203, BW=203MiB/s (213MB/s)(1024MiB/5033msec)
    slat (usec): min=99, max=48801, avg=4742.75, stdev=12424.21
    clat (msec): min=115, max=426, avg=307.94, stdev=36.10
     lat (msec): min=115, max=461, avg=312.69, stdev=34.80
    clat percentiles (msec):
     |  1.00th=[  174],  5.00th=[  253], 10.00th=[  268], 20.00th=[  292],
     | 30.00th=[  305], 40.00th=[  305], 50.00th=[  305], 60.00th=[  313],
     | 70.00th=[  330], 80.00th=[  334], 90.00th=[  342], 95.00th=[  351],
     | 99.00th=[  388], 99.50th=[  426], 99.90th=[  426], 99.95th=[  426],
     | 99.99th=[  426]
   bw (  KiB/s): min=161792, max=229376, per=94.49%, avg=196855.40, stdev=21590.25, samples=10
   iops        : min=  158, max=  224, avg=192.20, stdev=21.05, samples=10
  lat (msec)   : 250=4.79%, 500=95.21%
  cpu          : usr=1.59%, sys=2.13%, ctx=162, majf=0, minf=28
  IO depths    : 1=0.1%, 2=0.2%, 4=0.4%, 8=0.8%, 16=1.6%, 32=3.1%, >=64=93.8%
     submit    : 0=0.0%, 4=100.0%, 8=0.0%, 16=0.0%, 32=0.0%, 64=0.0%, >=64=0.0%
     complete  : 0=0.0%, 4=99.9%, 8=0.0%, 16=0.0%, 32=0.0%, 64=0.1%, >=64=0.0%
     issued rwt: total=0,1024,0, short=0,0,0, dropped=0,0,0
     latency   : target=0, window=0, percentile=100.00%, depth=64

Run status group 0 (all jobs):
  WRITE: bw=203MiB/s (213MB/s), 203MiB/s-203MiB/s (213MB/s-213MB/s), io=1024MiB (1074MB), run=5033-5033msec

Disk stats (read/write):
  sde: ios=40/3945, merge=0/0, ticks=8/683139, in_queue=694506, util=97.50%
