test: (g=0): rw=randwrite, bs=(R) 8192B-8192B, (W) 8192B-8192B, (T) 8192B-8192B, ioengine=libaio, iodepth=64
fio-3.1
Starting 1 process

test: (groupid=0, jobs=1): err= 0: pid=12499: Mon Jul 23 18:25:53 2018
  write: IOPS=396, BW=3175KiB/s (3251kB/s)(1024MiB/330310msec)
    slat (usec): min=3, max=374, avg=18.60, stdev= 9.09
    clat (usec): min=308, max=1136.9k, avg=161260.64, stdev=112894.87
     lat (usec): min=326, max=1136.9k, avg=161279.64, stdev=112895.88
    clat percentiles (msec):
     |  1.00th=[   14],  5.00th=[   19], 10.00th=[   27], 20.00th=[   74],
     | 30.00th=[  103], 40.00th=[  124], 50.00th=[  146], 60.00th=[  167],
     | 70.00th=[  192], 80.00th=[  226], 90.00th=[  300], 95.00th=[  393],
     | 99.00th=[  531], 99.50th=[  600], 99.90th=[  793], 99.95th=[  835],
     | 99.99th=[  902]
   bw (  KiB/s): min=  320, max= 9984, per=99.70%, avg=3164.52, stdev=945.02, samples=659
   iops        : min=   40, max= 1248, avg=395.56, stdev=118.13, samples=659
  lat (usec)   : 500=0.01%, 750=0.01%
  lat (msec)   : 2=0.01%, 4=0.01%, 10=0.08%, 20=5.88%, 50=10.12%
  lat (msec)   : 100=12.96%, 250=55.70%, 500=13.87%, 750=1.23%, 1000=0.15%
  lat (msec)   : 2000=0.01%
  cpu          : usr=0.36%, sys=1.13%, ctx=130854, majf=0, minf=28
  IO depths    : 1=0.1%, 2=0.1%, 4=0.1%, 8=0.1%, 16=0.1%, 32=0.1%, >=64=100.0%
     submit    : 0=0.0%, 4=100.0%, 8=0.0%, 16=0.0%, 32=0.0%, 64=0.0%, >=64=0.0%
     complete  : 0=0.0%, 4=100.0%, 8=0.0%, 16=0.0%, 32=0.0%, 64=0.1%, >=64=0.0%
     issued rwt: total=0,131072,0, short=0,0,0, dropped=0,0,0
     latency   : target=0, window=0, percentile=100.00%, depth=64

Run status group 0 (all jobs):
  WRITE: bw=3175KiB/s (3251kB/s), 3175KiB/s-3175KiB/s (3251kB/s-3251kB/s), io=1024MiB (1074MB), run=330310-330310msec

Disk stats (read/write):
  sde: ios=43/130518, merge=0/0, ticks=977/21123932, in_queue=21126149, util=100.00%
