test: (g=0): rw=randwrite, bs=(R) 4096B-4096B, (W) 4096B-4096B, (T) 4096B-4096B, ioengine=libaio, iodepth=64
fio-3.1
Starting 1 process

test: (groupid=0, jobs=1): err= 0: pid=24544: Sun Jul 15 02:57:02 2018
  write: IOPS=235, BW=944KiB/s (966kB/s)(1024MiB/1111358msec)
    slat (nsec): min=2476, max=71044, avg=20218.06, stdev=8192.95
    clat (usec): min=283, max=2008.8k, avg=271300.80, stdev=193509.62
     lat (usec): min=312, max=2008.8k, avg=271321.44, stdev=193511.27
    clat percentiles (msec):
     |  1.00th=[   13],  5.00th=[   22], 10.00th=[   32], 20.00th=[  124],
     | 30.00th=[  171], 40.00th=[  209], 50.00th=[  245], 60.00th=[  284],
     | 70.00th=[  326], 80.00th=[  380], 90.00th=[  527], 95.00th=[  659],
     | 99.00th=[  902], 99.50th=[ 1003], 99.90th=[ 1217], 99.95th=[ 1334],
     | 99.99th=[ 1569]
   bw (  KiB/s): min=   16, max= 3056, per=100.00%, avg=960.00, stdev=351.91, samples=2182
   iops        : min=    4, max=  764, avg=239.97, stdev=87.97, samples=2182
  lat (usec)   : 500=0.01%, 750=0.01%, 1000=0.01%
  lat (msec)   : 2=0.01%, 4=0.07%, 10=0.49%, 20=3.61%, 50=10.04%
  lat (msec)   : 100=3.61%, 250=33.64%, 500=37.28%, 750=8.39%, 1000=2.38%
  lat (msec)   : 2000=0.50%, >=2000=0.01%
  cpu          : usr=0.30%, sys=0.84%, ctx=259222, majf=0, minf=28
  IO depths    : 1=0.1%, 2=0.1%, 4=0.1%, 8=0.1%, 16=0.1%, 32=0.1%, >=64=100.0%
     submit    : 0=0.0%, 4=100.0%, 8=0.0%, 16=0.0%, 32=0.0%, 64=0.0%, >=64=0.0%
     complete  : 0=0.0%, 4=100.0%, 8=0.0%, 16=0.0%, 32=0.0%, 64=0.1%, >=64=0.0%
     issued rwt: total=0,262144,0, short=0,0,0, dropped=0,0,0
     latency   : target=0, window=0, percentile=100.00%, depth=64

Run status group 0 (all jobs):
  WRITE: bw=944KiB/s (966kB/s), 944KiB/s-944KiB/s (966kB/s-966kB/s), io=1024MiB (1074MB), run=1111358-1111358msec

Disk stats (read/write):
  sde: ios=0/259492, merge=0/2707, ticks=0/70795310, in_queue=70798472, util=100.00%
