test: (g=0): rw=randwrite, bs=(R) 64.0KiB-64.0KiB, (W) 64.0KiB-64.0KiB, (T) 64.0KiB-64.0KiB, ioengine=libaio, iodepth=64
fio-3.1
Starting 1 process

test: (groupid=0, jobs=1): err= 0: pid=24745: Sun Jul 15 03:20:33 2018
  write: IOPS=215, BW=13.5MiB/s (14.1MB/s)(1024MiB/75906msec)
    slat (nsec): min=5029, max=69419, avg=24491.51, stdev=10482.83
    clat (usec): min=616, max=1777.5k, avg=296475.96, stdev=245226.90
     lat (usec): min=646, max=1777.5k, avg=296500.82, stdev=245228.23
    clat percentiles (msec):
     |  1.00th=[   11],  5.00th=[   18], 10.00th=[   23], 20.00th=[   37],
     | 30.00th=[  112], 40.00th=[  194], 50.00th=[  264], 60.00th=[  326],
     | 70.00th=[  397], 80.00th=[  498], 90.00th=[  659], 95.00th=[  760],
     | 99.00th=[  961], 99.50th=[ 1020], 99.90th=[ 1217], 99.95th=[ 1452],
     | 99.99th=[ 1770]
   bw (  KiB/s): min=  128, max=27008, per=100.00%, avg=13893.53, stdev=6828.35, samples=149
   iops        : min=    2, max=  422, avg=217.07, stdev=106.68, samples=149
  lat (usec)   : 750=0.01%, 1000=0.01%
  lat (msec)   : 2=0.02%, 4=0.15%, 10=0.78%, 20=6.62%, 50=15.29%
  lat (msec)   : 100=6.04%, 250=18.80%, 500=32.45%, 750=14.23%, 1000=5.03%
  lat (msec)   : 2000=0.59%
  cpu          : usr=0.28%, sys=0.76%, ctx=15712, majf=0, minf=28
  IO depths    : 1=0.1%, 2=0.1%, 4=0.1%, 8=0.1%, 16=0.1%, 32=0.2%, >=64=99.6%
     submit    : 0=0.0%, 4=100.0%, 8=0.0%, 16=0.0%, 32=0.0%, 64=0.0%, >=64=0.0%
     complete  : 0=0.0%, 4=100.0%, 8=0.0%, 16=0.0%, 32=0.0%, 64=0.1%, >=64=0.0%
     issued rwt: total=0,16384,0, short=0,0,0, dropped=0,0,0
     latency   : target=0, window=0, percentile=100.00%, depth=64

Run status group 0 (all jobs):
  WRITE: bw=13.5MiB/s (14.1MB/s), 13.5MiB/s-13.5MiB/s (14.1MB/s-14.1MB/s), io=1024MiB (1074MB), run=75906-75906msec

Disk stats (read/write):
  sde: ios=0/15657, merge=0/664, ticks=0/4693207, in_queue=4702978, util=99.94%
