test: (g=0): rw=randwrite, bs=(R) 4096B-4096B, (W) 4096B-4096B, (T) 4096B-4096B, ioengine=libaio, iodepth=64
fio-3.1
Starting 1 process

test: (groupid=0, jobs=1): err= 0: pid=37464: Wed Jul 11 15:17:48 2018
  write: IOPS=63.5k, BW=248MiB/s (260MB/s)(1024MiB/4130msec)
    slat (nsec): min=1328, max=53985, avg=2785.08, stdev=1919.60
    clat (usec): min=226, max=8810, avg=1004.67, stdev=373.54
     lat (usec): min=230, max=8813, avg=1007.50, stdev=373.54
    clat percentiles (usec):
     |  1.00th=[  490],  5.00th=[  570], 10.00th=[  627], 20.00th=[  717],
     | 30.00th=[  799], 40.00th=[  889], 50.00th=[  971], 60.00th=[ 1057],
     | 70.00th=[ 1139], 80.00th=[ 1237], 90.00th=[ 1352], 95.00th=[ 1467],
     | 99.00th=[ 2376], 99.50th=[ 2868], 99.90th=[ 4113], 99.95th=[ 5014],
     | 99.99th=[ 7504]
   bw (  KiB/s): min=250512, max=256032, per=99.87%, avg=253555.00, stdev=2333.81, samples=8
   iops        : min=62628, max=64008, avg=63388.75, stdev=583.45, samples=8
  lat (usec)   : 250=0.01%, 500=1.51%, 750=22.28%, 1000=30.09%
  lat (msec)   : 2=44.44%, 4=1.56%, 10=0.11%
  cpu          : usr=15.31%, sys=39.07%, ctx=230211, majf=0, minf=28
  IO depths    : 1=0.1%, 2=0.1%, 4=0.1%, 8=0.1%, 16=0.1%, 32=0.1%, >=64=100.0%
     submit    : 0=0.0%, 4=100.0%, 8=0.0%, 16=0.0%, 32=0.0%, 64=0.0%, >=64=0.0%
     complete  : 0=0.0%, 4=100.0%, 8=0.0%, 16=0.0%, 32=0.0%, 64=0.1%, >=64=0.0%
     issued rwt: total=0,262144,0, short=0,0,0, dropped=0,0,0
     latency   : target=0, window=0, percentile=100.00%, depth=64

Run status group 0 (all jobs):
  WRITE: bw=248MiB/s (260MB/s), 248MiB/s-248MiB/s (260MB/s-260MB/s), io=1024MiB (1074MB), run=4130-4130msec

Disk stats (read/write):
  sda: ios=40/246333, merge=0/851, ticks=16/246767, in_queue=246900, util=97.72%
