test: (g=0): rw=randread, bs=(R) 4096B-4096B, (W) 4096B-4096B, (T) 4096B-4096B, ioengine=libaio, iodepth=64
fio-3.1
Starting 1 process

test: (groupid=0, jobs=1): err= 0: pid=37510: Wed Jul 11 15:17:52 2018
   read: IOPS=79.0k, BW=312MiB/s (328MB/s)(1024MiB/3278msec)
    slat (nsec): min=1194, max=91717, avg=5113.48, stdev=2696.92
    clat (usec): min=192, max=4706, avg=794.46, stdev=277.43
     lat (usec): min=199, max=4713, avg=799.61, stdev=277.41
    clat percentiles (usec):
     |  1.00th=[  359],  5.00th=[  441], 10.00th=[  490], 20.00th=[  562],
     | 30.00th=[  635], 40.00th=[  701], 50.00th=[  775], 60.00th=[  848],
     | 70.00th=[  914], 80.00th=[  988], 90.00th=[ 1074], 95.00th=[ 1172],
     | 99.00th=[ 1827], 99.50th=[ 2147], 99.90th=[ 2835], 99.95th=[ 3097],
     | 99.99th=[ 3556]
   bw (  KiB/s): min=317640, max=320392, per=99.73%, avg=319026.67, stdev=911.91, samples=6
   iops        : min=79410, max=80098, avg=79756.67, stdev=227.98, samples=6
  lat (usec)   : 250=0.01%, 500=11.26%, 750=35.40%, 1000=35.30%
  lat (msec)   : 2=17.34%, 4=0.68%, 10=0.01%
  cpu          : usr=8.33%, sys=53.80%, ctx=94259, majf=0, minf=95
  IO depths    : 1=0.1%, 2=0.1%, 4=0.1%, 8=0.1%, 16=0.1%, 32=0.1%, >=64=100.0%
     submit    : 0=0.0%, 4=100.0%, 8=0.0%, 16=0.0%, 32=0.0%, 64=0.0%, >=64=0.0%
     complete  : 0=0.0%, 4=100.0%, 8=0.0%, 16=0.0%, 32=0.0%, 64=0.1%, >=64=0.0%
     issued rwt: total=262144,0,0, short=0,0,0, dropped=0,0,0
     latency   : target=0, window=0, percentile=100.00%, depth=64

Run status group 0 (all jobs):
   READ: bw=312MiB/s (328MB/s), 312MiB/s-312MiB/s (328MB/s-328MB/s), io=1024MiB (1074MB), run=3278-3278msec

Disk stats (read/write):
  sda: ios=250216/0, merge=1092/0, ticks=198529/0, in_queue=198501, util=96.98%
