test: (g=0): rw=write, bs=(R) 10.0MiB-10.0MiB, (W) 10.0MiB-10.0MiB, (T) 10.0MiB-10.0MiB, ioengine=libaio, iodepth=64
fio-3.1
Starting 1 process

test: (groupid=0, jobs=1): err= 0: pid=149517: Mon Aug  6 03:46:37 2018
  write: IOPS=38, BW=386MiB/s (404MB/s)(10.0GiB/26555msec)
    slat (usec): min=340, max=4699, avg=1204.21, stdev=303.80
    clat (msec): min=34, max=11798, avg=1653.79, stdev=1596.86
     lat (msec): min=35, max=11799, avg=1654.99, stdev=1596.87
    clat percentiles (msec):
     |  1.00th=[   77],  5.00th=[  257], 10.00th=[  359], 20.00th=[  531],
     | 30.00th=[  735], 40.00th=[  902], 50.00th=[ 1200], 60.00th=[ 1485],
     | 70.00th=[ 1787], 80.00th=[ 2366], 90.00th=[ 3406], 95.00th=[ 5134],
     | 99.00th=[ 7483], 99.50th=[ 8557], 99.90th=[10939], 99.95th=[11745],
     | 99.99th=[11745]
   bw (  KiB/s): min=40960, max=675840, per=100.00%, avg=437400.04, stdev=133236.48, samples=45
   iops        : min=    4, max=   66, avg=42.71, stdev=13.01, samples=45
  lat (msec)   : 50=0.20%, 100=1.37%, 250=3.22%, 500=13.67%, 750=12.70%
  lat (msec)   : 1000=12.40%, 2000=30.96%, >=2000=25.49%
  cpu          : usr=2.84%, sys=1.84%, ctx=766, majf=0, minf=28
  IO depths    : 1=0.1%, 2=0.2%, 4=0.4%, 8=0.8%, 16=1.6%, 32=3.1%, >=64=93.8%
     submit    : 0=0.0%, 4=100.0%, 8=0.0%, 16=0.0%, 32=0.0%, 64=0.0%, >=64=0.0%
     complete  : 0=0.0%, 4=99.9%, 8=0.0%, 16=0.0%, 32=0.0%, 64=0.1%, >=64=0.0%
     issued rwt: total=0,1024,0, short=0,0,0, dropped=0,0,0
     latency   : target=0, window=0, percentile=100.00%, depth=64

Run status group 0 (all jobs):
  WRITE: bw=386MiB/s (404MB/s), 386MiB/s-386MiB/s (404MB/s-404MB/s), io=10.0GiB (10.7GB), run=26555-26555msec

Disk stats (read/write):
  rbd0: ios=18/2980, merge=0/7257, ticks=1/2892905, in_queue=2900149, util=98.04%
