test: (g=0): rw=write, bs=(R) 4096B-4096B, (W) 4096B-4096B, (T) 4096B-4096B, ioengine=libaio, iodepth=64
fio-3.1
Starting 1 process

test: (groupid=0, jobs=1): err= 0: pid=148663: Mon Aug  6 03:34:03 2018
  write: IOPS=5053, BW=19.7MiB/s (20.7MB/s)(10.0GiB/518708msec)
    slat (usec): min=2, max=426, avg= 7.40, stdev= 3.98
    clat (usec): min=745, max=261811, avg=12654.68, stdev=3964.37
     lat (usec): min=753, max=261814, avg=12662.26, stdev=3964.48
    clat percentiles (msec):
     |  1.00th=[    3],  5.00th=[    7], 10.00th=[   11], 20.00th=[   12],
     | 30.00th=[   13], 40.00th=[   13], 50.00th=[   13], 60.00th=[   14],
     | 70.00th=[   14], 80.00th=[   14], 90.00th=[   15], 95.00th=[   16],
     | 99.00th=[   18], 99.50th=[   20], 99.90th=[   54], 99.95th=[   70],
     | 99.99th=[  140]
   bw (  KiB/s): min=10072, max=22792, per=100.00%, avg=20216.69, stdev=1153.33, samples=1037
   iops        : min= 2518, max= 5698, avg=5054.16, stdev=288.33, samples=1037
  lat (usec)   : 750=0.01%, 1000=0.02%
  lat (msec)   : 2=0.82%, 4=1.63%, 10=6.41%, 20=90.75%, 50=0.26%
  lat (msec)   : 100=0.10%, 250=0.02%, 500=0.01%
  cpu          : usr=1.88%, sys=5.77%, ctx=2139590, majf=0, minf=28
  IO depths    : 1=0.1%, 2=0.1%, 4=0.1%, 8=0.1%, 16=0.1%, 32=0.1%, >=64=100.0%
     submit    : 0=0.0%, 4=100.0%, 8=0.0%, 16=0.0%, 32=0.0%, 64=0.0%, >=64=0.0%
     complete  : 0=0.0%, 4=100.0%, 8=0.0%, 16=0.0%, 32=0.0%, 64=0.1%, >=64=0.0%
     issued rwt: total=0,2621440,0, short=0,0,0, dropped=0,0,0
     latency   : target=0, window=0, percentile=100.00%, depth=64

Run status group 0 (all jobs):
  WRITE: bw=19.7MiB/s (20.7MB/s), 19.7MiB/s-19.7MiB/s (20.7MB/s-20.7MB/s), io=10.0GiB (10.7GB), run=518708-518708msec

Disk stats (read/write):
  rbd0: ios=18/2620683, merge=0/0, ticks=5/33154554, in_queue=33159017, util=100.00%
