test: (g=0): rw=randwrite, bs=(R) 128KiB-128KiB, (W) 128KiB-128KiB, (T) 128KiB-128KiB, ioengine=libaio, iodepth=64
fio-3.1
Starting 1 process

test: (groupid=0, jobs=1): err= 0: pid=151005: Mon Aug  6 04:36:23 2018
  write: IOPS=1595, BW=199MiB/s (209MB/s)(10.0GiB/51341msec)
    slat (usec): min=7, max=631, avg=23.30, stdev= 9.26
    clat (usec): min=1687, max=5919.0k, avg=40082.64, stdev=259027.90
     lat (usec): min=1709, max=5919.0k, avg=40106.22, stdev=259027.77
    clat percentiles (msec):
     |  1.00th=[    3],  5.00th=[   13], 10.00th=[   17], 20.00th=[   18],
     | 30.00th=[   18], 40.00th=[   18], 50.00th=[   19], 60.00th=[   19],
     | 70.00th=[   19], 80.00th=[   20], 90.00th=[   21], 95.00th=[   23],
     | 99.00th=[  259], 99.50th=[ 2089], 99.90th=[ 3440], 99.95th=[ 4530],
     | 99.99th=[ 5873]
   bw (  KiB/s): min=15872, max=448512, per=100.00%, avg=333365.11, stdev=153735.82, samples=62
   iops        : min=  124, max= 3504, avg=2604.39, stdev=1201.04, samples=62
  lat (msec)   : 2=0.19%, 4=1.65%, 10=2.31%, 20=84.27%, 50=10.14%
  lat (msec)   : 100=0.32%, 250=0.10%, 500=0.22%, 750=0.04%, 1000=0.01%
  lat (msec)   : 2000=0.17%, >=2000=0.56%
  cpu          : usr=2.13%, sys=3.03%, ctx=73097, majf=0, minf=27
  IO depths    : 1=0.1%, 2=0.1%, 4=0.1%, 8=0.1%, 16=0.1%, 32=0.1%, >=64=99.9%
     submit    : 0=0.0%, 4=100.0%, 8=0.0%, 16=0.0%, 32=0.0%, 64=0.0%, >=64=0.0%
     complete  : 0=0.0%, 4=100.0%, 8=0.0%, 16=0.0%, 32=0.0%, 64=0.1%, >=64=0.0%
     issued rwt: total=0,81920,0, short=0,0,0, dropped=0,0,0
     latency   : target=0, window=0, percentile=100.00%, depth=64

Run status group 0 (all jobs):
  WRITE: bw=199MiB/s (209MB/s), 199MiB/s-199MiB/s (209MB/s-209MB/s), io=10.0GiB (10.7GB), run=51341-51341msec

Disk stats (read/write):
  rbd0: ios=16/81156, merge=0/0, ticks=6/3269095, in_queue=3271054, util=99.89%
