test: (g=0): rw=write, bs=(R) 64.0KiB-64.0KiB, (W) 64.0KiB-64.0KiB, (T) 64.0KiB-64.0KiB, ioengine=libaio, iodepth=64
fio-3.1
Starting 1 process

test: (groupid=0, jobs=1): err= 0: pid=149006: Mon Aug  6 03:41:53 2018
  write: IOPS=3424, BW=214MiB/s (224MB/s)(10.0GiB/47841msec)
    slat (usec): min=4, max=957, avg=12.60, stdev= 7.40
    clat (usec): min=1276, max=333919, avg=18673.41, stdev=15687.16
     lat (usec): min=1290, max=333935, avg=18686.18, stdev=15687.10
    clat percentiles (msec):
     |  1.00th=[    5],  5.00th=[    9], 10.00th=[   12], 20.00th=[   14],
     | 30.00th=[   16], 40.00th=[   17], 50.00th=[   18], 60.00th=[   19],
     | 70.00th=[   20], 80.00th=[   21], 90.00th=[   24], 95.00th=[   29],
     | 99.00th=[   44], 99.50th=[   72], 99.90th=[  296], 99.95th=[  317],
     | 99.99th=[  330]
   bw (  KiB/s): min=102144, max=234624, per=99.96%, avg=219093.92, stdev=27698.38, samples=95
   iops        : min= 1596, max= 3666, avg=3423.34, stdev=432.78, samples=95
  lat (msec)   : 2=0.09%, 4=0.54%, 10=6.27%, 20=68.84%, 50=23.56%
  lat (msec)   : 100=0.28%, 250=0.25%, 500=0.17%
  cpu          : usr=2.09%, sys=4.36%, ctx=69347, majf=0, minf=28
  IO depths    : 1=0.1%, 2=0.1%, 4=0.1%, 8=0.1%, 16=0.1%, 32=0.1%, >=64=100.0%
     submit    : 0=0.0%, 4=100.0%, 8=0.0%, 16=0.0%, 32=0.0%, 64=0.0%, >=64=0.0%
     complete  : 0=0.0%, 4=100.0%, 8=0.0%, 16=0.0%, 32=0.0%, 64=0.1%, >=64=0.0%
     issued rwt: total=0,163840,0, short=0,0,0, dropped=0,0,0
     latency   : target=0, window=0, percentile=100.00%, depth=64

Run status group 0 (all jobs):
  WRITE: bw=214MiB/s (224MB/s), 214MiB/s-214MiB/s (224MB/s-224MB/s), io=10.0GiB (10.7GB), run=47841-47841msec

Disk stats (read/write):
  rbd0: ios=18/163050, merge=0/0, ticks=6/3042856, in_queue=3044662, util=99.87%
