test: (g=0): rw=randread, bs=(R) 8192B-8192B, (W) 8192B-8192B, (T) 8192B-8192B, ioengine=libaio, iodepth=64
fio-3.1
Starting 1 process

test: (groupid=0, jobs=1): err= 0: pid=10574: Tue Jul 24 23:48:01 2018
   read: IOPS=518, BW=4147KiB/s (4246kB/s)(1024MiB/252864msec)
    slat (usec): min=3, max=223, avg=22.18, stdev= 7.92
    clat (msec): min=3, max=1080, avg=123.44, stdev=77.59
     lat (msec): min=3, max=1080, avg=123.46, stdev=77.59
    clat percentiles (msec):
     |  1.00th=[   35],  5.00th=[   58], 10.00th=[   66], 20.00th=[   73],
     | 30.00th=[   80], 40.00th=[   88], 50.00th=[   97], 60.00th=[  112],
     | 70.00th=[  132], 80.00th=[  161], 90.00th=[  218], 95.00th=[  275],
     | 99.00th=[  426], 99.50th=[  489], 99.90th=[  651], 99.95th=[  735],
     | 99.99th=[  885]
   bw (  KiB/s): min= 1696, max= 9632, per=99.79%, avg=4137.45, stdev=646.21, samples=505
   iops        : min=  212, max= 1204, avg=517.18, stdev=80.78, samples=505
  lat (msec)   : 4=0.01%, 10=0.01%, 20=0.11%, 50=3.26%, 100=48.90%
  lat (msec)   : 250=40.89%, 500=6.38%, 750=0.41%, 1000=0.04%, 2000=0.01%
  cpu          : usr=0.59%, sys=1.83%, ctx=130342, majf=0, minf=457
  IO depths    : 1=0.1%, 2=0.1%, 4=0.1%, 8=0.1%, 16=0.1%, 32=0.1%, >=64=100.0%
     submit    : 0=0.0%, 4=100.0%, 8=0.0%, 16=0.0%, 32=0.0%, 64=0.0%, >=64=0.0%
     complete  : 0=0.0%, 4=100.0%, 8=0.0%, 16=0.0%, 32=0.0%, 64=0.1%, >=64=0.0%
     issued rwt: total=131072,0,0, short=0,0,0, dropped=0,0,0
     latency   : target=0, window=0, percentile=100.00%, depth=64

Run status group 0 (all jobs):
   READ: bw=4147KiB/s (4246kB/s), 4147KiB/s-4147KiB/s (4246kB/s-4246kB/s), io=1024MiB (1074MB), run=252864-252864msec

Disk stats (read/write):
  sdn: ios=130719/6, merge=0/0, ticks=16161252/521, in_queue=16163906, util=100.00%
