test: (g=0): rw=write, bs=(R) 512KiB-512KiB, (W) 512KiB-512KiB, (T) 512KiB-512KiB, ioengine=libaio, iodepth=64
fio-3.1
Starting 1 process

test: (groupid=0, jobs=1): err= 0: pid=28452: Fri Jul 13 16:10:24 2018
  write: IOPS=396, BW=198MiB/s (208MB/s)(1024MiB/5163msec)
    slat (usec): min=33, max=189, avg=120.70, stdev=34.87
    clat (msec): min=95, max=318, avg=161.06, stdev=21.54
     lat (msec): min=95, max=318, avg=161.18, stdev=21.54
    clat percentiles (msec):
     |  1.00th=[  142],  5.00th=[  146], 10.00th=[  146], 20.00th=[  148],
     | 30.00th=[  148], 40.00th=[  159], 50.00th=[  161], 60.00th=[  161],
     | 70.00th=[  161], 80.00th=[  161], 90.00th=[  180], 95.00th=[  203],
     | 99.00th=[  271], 99.50th=[  296], 99.90th=[  313], 99.95th=[  317],
     | 99.99th=[  317]
   bw (  KiB/s): min=180224, max=222208, per=99.93%, avg=202956.80, stdev=12075.68, samples=10
   iops        : min=  352, max=  434, avg=396.40, stdev=23.59, samples=10
  lat (msec)   : 100=0.20%, 250=98.44%, 500=1.37%
  cpu          : usr=1.59%, sys=4.30%, ctx=2048, majf=0, minf=28
  IO depths    : 1=0.1%, 2=0.1%, 4=0.2%, 8=0.4%, 16=0.8%, 32=1.6%, >=64=96.9%
     submit    : 0=0.0%, 4=100.0%, 8=0.0%, 16=0.0%, 32=0.0%, 64=0.0%, >=64=0.0%
     complete  : 0=0.0%, 4=99.9%, 8=0.0%, 16=0.0%, 32=0.0%, 64=0.1%, >=64=0.0%
     issued rwt: total=0,2048,0, short=0,0,0, dropped=0,0,0
     latency   : target=0, window=0, percentile=100.00%, depth=64

Run status group 0 (all jobs):
  WRITE: bw=198MiB/s (208MB/s), 198MiB/s-198MiB/s (208MB/s-208MB/s), io=1024MiB (1074MB), run=5163-5163msec

Disk stats (read/write):
  sdj: ios=6/4066, merge=0/0, ticks=4292/642700, in_queue=651789, util=97.92%
