test: (g=0): rw=read, bs=(R) 64.0KiB-64.0KiB, (W) 64.0KiB-64.0KiB, (T) 64.0KiB-64.0KiB, ioengine=libaio, iodepth=64
fio-3.1
Starting 1 process

test: (groupid=0, jobs=1): err= 0: pid=32219: Thu Jul 12 15:19:32 2018
   read: IOPS=3335, BW=208MiB/s (219MB/s)(1024MiB/4912msec)
    slat (usec): min=3, max=183, avg=12.31, stdev= 6.34
    clat (usec): min=8906, max=36205, avg=19165.30, stdev=883.36
     lat (usec): min=9005, max=36227, avg=19177.79, stdev=883.42
    clat percentiles (usec):
     |  1.00th=[18744],  5.00th=[18744], 10.00th=[18744], 20.00th=[18744],
     | 30.00th=[18744], 40.00th=[18744], 50.00th=[18744], 60.00th=[19268],
     | 70.00th=[19268], 80.00th=[19530], 90.00th=[19530], 95.00th=[20055],
     | 99.00th=[22938], 99.50th=[23462], 99.90th=[32113], 99.95th=[34866],
     | 99.99th=[36439]
   bw (  KiB/s): min=206364, max=217088, per=99.90%, avg=213251.11, stdev=4106.59, samples=9
   iops        : min= 3224, max= 3392, avg=3332.00, stdev=64.26, samples=9
  lat (msec)   : 10=0.03%, 20=98.43%, 50=1.54%
  cpu          : usr=1.45%, sys=6.19%, ctx=8711, majf=0, minf=545
  IO depths    : 1=0.1%, 2=0.1%, 4=0.1%, 8=0.1%, 16=0.1%, 32=0.2%, >=64=99.6%
     submit    : 0=0.0%, 4=100.0%, 8=0.0%, 16=0.0%, 32=0.0%, 64=0.0%, >=64=0.0%
     complete  : 0=0.0%, 4=100.0%, 8=0.0%, 16=0.0%, 32=0.0%, 64=0.1%, >=64=0.0%
     issued rwt: total=16384,0,0, short=0,0,0, dropped=0,0,0
     latency   : target=0, window=0, percentile=100.00%, depth=64

Run status group 0 (all jobs):
   READ: bw=208MiB/s (219MB/s), 208MiB/s-208MiB/s (219MB/s-219MB/s), io=1024MiB (1074MB), run=4912-4912msec

Disk stats (read/write):
  sdg: ios=8677/0, merge=7673/0, ticks=165703/0, in_queue=166108, util=98.04%
