test: (g=0): rw=write, bs=(R) 1024KiB-1024KiB, (W) 1024KiB-1024KiB, (T) 1024KiB-1024KiB, ioengine=libaio, iodepth=64
fio-3.1
Starting 1 process

test: (groupid=0, jobs=1): err= 0: pid=16598: Sun Jul 15 01:53:47 2018
  write: IOPS=187, BW=188MiB/s (197MB/s)(1024MiB/5454msec)
    slat (usec): min=55, max=218257, avg=5130.63, stdev=14880.79
    clat (msec): min=197, max=527, avg=329.57, stdev=44.74
     lat (msec): min=197, max=527, avg=334.70, stdev=42.93
    clat percentiles (msec):
     |  1.00th=[  239],  5.00th=[  279], 10.00th=[  288], 20.00th=[  313],
     | 30.00th=[  313], 40.00th=[  321], 50.00th=[  321], 60.00th=[  321],
     | 70.00th=[  330], 80.00th=[  334], 90.00th=[  397], 95.00th=[  430],
     | 99.00th=[  489], 99.50th=[  527], 99.90th=[  527], 99.95th=[  527],
     | 99.99th=[  527]
   bw (  KiB/s): min=67584, max=212992, per=96.42%, avg=185383.40, stdev=43329.98, samples=10
   iops        : min=   66, max=  208, avg=181.00, stdev=42.30, samples=10
  lat (msec)   : 250=1.56%, 500=97.75%, 750=0.68%
  cpu          : usr=1.21%, sys=1.74%, ctx=164, majf=0, minf=28
  IO depths    : 1=0.1%, 2=0.2%, 4=0.4%, 8=0.8%, 16=1.6%, 32=3.1%, >=64=93.8%
     submit    : 0=0.0%, 4=100.0%, 8=0.0%, 16=0.0%, 32=0.0%, 64=0.0%, >=64=0.0%
     complete  : 0=0.0%, 4=99.9%, 8=0.0%, 16=0.0%, 32=0.0%, 64=0.1%, >=64=0.0%
     issued rwt: total=0,1024,0, short=0,0,0, dropped=0,0,0
     latency   : target=0, window=0, percentile=100.00%, depth=64

Run status group 0 (all jobs):
  WRITE: bw=188MiB/s (197MB/s), 188MiB/s-188MiB/s (197MB/s-197MB/s), io=1024MiB (1074MB), run=5454-5454msec

Disk stats (read/write):
  sdd: ios=0/4027, merge=0/0, ticks=0/757428, in_queue=766976, util=97.71%
