test: (g=0): rw=randwrite, bs=(R) 64.0KiB-64.0KiB, (W) 64.0KiB-64.0KiB, (T) 64.0KiB-64.0KiB, ioengine=libaio, iodepth=64
fio-3.1
Starting 1 process

test: (groupid=0, jobs=1): err= 0: pid=39252: Fri Jul 13 13:02:52 2018
  write: IOPS=6957, BW=435MiB/s (456MB/s)(1024MiB/2355msec)
    slat (nsec): min=3346, max=47660, avg=9098.46, stdev=4998.86
    clat (usec): min=567, max=41660, avg=9184.75, stdev=3149.30
     lat (usec): min=574, max=41681, avg=9193.95, stdev=3149.37
    clat percentiles (usec):
     |  1.00th=[ 4686],  5.00th=[ 5276], 10.00th=[ 5735], 20.00th=[ 6587],
     | 30.00th=[ 7373], 40.00th=[ 8094], 50.00th=[ 8848], 60.00th=[ 9634],
     | 70.00th=[10421], 80.00th=[11207], 90.00th=[12518], 95.00th=[13960],
     | 99.00th=[20579], 99.50th=[24511], 99.90th=[31589], 99.95th=[34341],
     | 99.99th=[37487]
   bw (  KiB/s): min=436864, max=451712, per=99.98%, avg=445153.25, stdev=6170.10, samples=4
   iops        : min= 6826, max= 7058, avg=6955.50, stdev=96.41, samples=4
  lat (usec)   : 750=0.03%, 1000=0.01%
  lat (msec)   : 2=0.05%, 4=0.10%, 10=64.56%, 20=34.14%, 50=1.10%
  cpu          : usr=3.14%, sys=10.92%, ctx=15706, majf=0, minf=28
  IO depths    : 1=0.1%, 2=0.1%, 4=0.1%, 8=0.1%, 16=0.1%, 32=0.2%, >=64=99.6%
     submit    : 0=0.0%, 4=100.0%, 8=0.0%, 16=0.0%, 32=0.0%, 64=0.0%, >=64=0.0%
     complete  : 0=0.0%, 4=100.0%, 8=0.0%, 16=0.0%, 32=0.0%, 64=0.1%, >=64=0.0%
     issued rwt: total=0,16384,0, short=0,0,0, dropped=0,0,0
     latency   : target=0, window=0, percentile=100.00%, depth=64

Run status group 0 (all jobs):
  WRITE: bw=435MiB/s (456MB/s), 435MiB/s-435MiB/s (456MB/s-456MB/s), io=1024MiB (1074MB), run=2355-2355msec

Disk stats (read/write):
  sdb: ios=40/14633, merge=0/373, ticks=9/133685, in_queue=133982, util=95.81%
