test: (g=0): rw=randwrite, bs=(R) 4096B-4096B, (W) 4096B-4096B, (T) 4096B-4096B, ioengine=libaio, iodepth=64
fio-3.1
Starting 1 process

test: (groupid=0, jobs=1): err= 0: pid=16538: Mon Jul 23 19:33:45 2018
  write: IOPS=473, BW=1893KiB/s (1939kB/s)(1024MiB/553824msec)
    slat (usec): min=3, max=186, avg=19.78, stdev= 7.02
    clat (usec): min=273, max=875376, avg=135185.09, stdev=52533.33
     lat (usec): min=294, max=875401, avg=135205.36, stdev=52533.38
    clat percentiles (msec):
     |  1.00th=[   61],  5.00th=[   72], 10.00th=[   81], 20.00th=[   93],
     | 30.00th=[  106], 40.00th=[  117], 50.00th=[  130], 60.00th=[  142],
     | 70.00th=[  155], 80.00th=[  169], 90.00th=[  190], 95.00th=[  209],
     | 99.00th=[  330], 99.50th=[  397], 99.90th=[  550], 99.95th=[  609],
     | 99.99th=[  751]
   bw (  KiB/s): min=  256, max= 2880, per=99.99%, avg=1892.78, stdev=161.15, samples=1107
   iops        : min=   64, max=  720, avg=473.19, stdev=40.29, samples=1107
  lat (usec)   : 500=0.01%, 1000=0.01%
  lat (msec)   : 2=0.01%, 4=0.01%, 10=0.01%, 20=0.04%, 50=0.16%
  lat (msec)   : 100=25.23%, 250=72.33%, 500=2.07%, 750=0.15%, 1000=0.01%
  cpu          : usr=0.58%, sys=1.53%, ctx=262144, majf=0, minf=390
  IO depths    : 1=0.1%, 2=0.1%, 4=0.1%, 8=0.1%, 16=0.1%, 32=0.1%, >=64=100.0%
     submit    : 0=0.0%, 4=100.0%, 8=0.0%, 16=0.0%, 32=0.0%, 64=0.0%, >=64=0.0%
     complete  : 0=0.0%, 4=100.0%, 8=0.0%, 16=0.0%, 32=0.0%, 64=0.1%, >=64=0.0%
     issued rwt: total=0,262144,0, short=0,0,0, dropped=0,0,0
     latency   : target=0, window=0, percentile=100.00%, depth=64

Run status group 0 (all jobs):
  WRITE: bw=1893KiB/s (1939kB/s), 1893KiB/s-1893KiB/s (1939kB/s-1939kB/s), io=1024MiB (1074MB), run=553824-553824msec

Disk stats (read/write):
  sdh: ios=40/262143, merge=0/0, ticks=7/35435297, in_queue=35435841, util=100.00%
