test: (g=0): rw=randread, bs=(R) 8192B-8192B, (W) 8192B-8192B, (T) 8192B-8192B, ioengine=libaio, iodepth=64
fio-3.1
Starting 1 process

test: (groupid=0, jobs=1): err= 0: pid=16680: Mon Jul 23 19:50:45 2018
   read: IOPS=529, BW=4233KiB/s (4334kB/s)(1024MiB/247728msec)
    slat (nsec): min=3866, max=94175, avg=20566.30, stdev=7505.62
    clat (msec): min=8, max=1472, avg=120.93, stdev=75.66
     lat (msec): min=8, max=1472, avg=120.96, stdev=75.66
    clat percentiles (msec):
     |  1.00th=[   35],  5.00th=[   56], 10.00th=[   64], 20.00th=[   71],
     | 30.00th=[   79], 40.00th=[   86], 50.00th=[   95], 60.00th=[  109],
     | 70.00th=[  129], 80.00th=[  159], 90.00th=[  213], 95.00th=[  275],
     | 99.00th=[  414], 99.50th=[  477], 99.90th=[  617], 99.95th=[  684],
     | 99.99th=[  785]
   bw (  KiB/s): min= 1632, max=10208, per=99.89%, avg=4227.16, stdev=694.85, samples=495
   iops        : min=  204, max= 1276, avg=528.39, stdev=86.86, samples=495
  lat (msec)   : 10=0.01%, 20=0.10%, 50=3.57%, 100=50.12%, 250=39.63%
  lat (msec)   : 500=6.21%, 750=0.36%, 1000=0.02%, 2000=0.01%
  cpu          : usr=0.59%, sys=1.77%, ctx=130195, majf=0, minf=457
  IO depths    : 1=0.1%, 2=0.1%, 4=0.1%, 8=0.1%, 16=0.1%, 32=0.1%, >=64=100.0%
     submit    : 0=0.0%, 4=100.0%, 8=0.0%, 16=0.0%, 32=0.0%, 64=0.0%, >=64=0.0%
     complete  : 0=0.0%, 4=100.0%, 8=0.0%, 16=0.0%, 32=0.0%, 64=0.1%, >=64=0.0%
     issued rwt: total=131072,0,0, short=0,0,0, dropped=0,0,0
     latency   : target=0, window=0, percentile=100.00%, depth=64

Run status group 0 (all jobs):
   READ: bw=4233KiB/s (4334kB/s), 4233KiB/s-4233KiB/s (4334kB/s-4334kB/s), io=1024MiB (1074MB), run=247728-247728msec

Disk stats (read/write):
  sdh: ios=130957/0, merge=0/0, ticks=15845817/0, in_queue=15847488, util=100.00%
