test: (g=0): rw=randwrite, bs=(R) 8192B-8192B, (W) 8192B-8192B, (T) 8192B-8192B, ioengine=libaio, iodepth=64
fio-3.1
Starting 1 process

test: (groupid=0, jobs=1): err= 0: pid=5134: Fri Jul 13 18:36:38 2018
  write: IOPS=409, BW=3276KiB/s (3355kB/s)(1024MiB/320036msec)
    slat (nsec): min=2006, max=82228, avg=19249.12, stdev=8196.85
    clat (usec): min=369, max=1223.3k, avg=156237.62, stdev=113981.89
     lat (usec): min=409, max=1223.4k, avg=156257.28, stdev=113983.73
    clat percentiles (msec):
     |  1.00th=[   12],  5.00th=[   18], 10.00th=[   24], 20.00th=[   64],
     | 30.00th=[   96], 40.00th=[  118], 50.00th=[  140], 60.00th=[  161],
     | 70.00th=[  186], 80.00th=[  220], 90.00th=[  305], 95.00th=[  388],
     | 99.00th=[  518], 99.50th=[  584], 99.90th=[  827], 99.95th=[  877],
     | 99.99th=[  961]
   bw (  KiB/s): min=  704, max=12192, per=100.00%, avg=3282.63, stdev=998.14, samples=638
   iops        : min=   88, max= 1524, avg=410.32, stdev=124.77, samples=638
  lat (usec)   : 500=0.01%, 1000=0.01%
  lat (msec)   : 2=0.01%, 4=0.07%, 10=0.58%, 20=6.30%, 50=11.19%
  lat (msec)   : 100=13.42%, 250=53.40%, 500=13.77%, 750=1.07%, 1000=0.18%
  lat (msec)   : 2000=0.01%
  cpu          : usr=0.54%, sys=1.38%, ctx=128964, majf=0, minf=27
  IO depths    : 1=0.1%, 2=0.1%, 4=0.1%, 8=0.1%, 16=0.1%, 32=0.1%, >=64=100.0%
     submit    : 0=0.0%, 4=100.0%, 8=0.0%, 16=0.0%, 32=0.0%, 64=0.0%, >=64=0.0%
     complete  : 0=0.0%, 4=100.0%, 8=0.0%, 16=0.0%, 32=0.0%, 64=0.1%, >=64=0.0%
     issued rwt: total=0,131072,0, short=0,0,0, dropped=0,0,0
     latency   : target=0, window=0, percentile=100.00%, depth=64

Run status group 0 (all jobs):
  WRITE: bw=3276KiB/s (3355kB/s), 3276KiB/s-3276KiB/s (3355kB/s-3355kB/s), io=1024MiB (1074MB), run=320036-320036msec

Disk stats (read/write):
  sdn: ios=40/128611, merge=0/1856, ticks=23929/20278949, in_queue=20304268, util=100.00%
