test: (g=0): rw=randwrite, bs=(R) 8192B-8192B, (W) 8192B-8192B, (T) 8192B-8192B, ioengine=libaio, iodepth=64
fio-3.1
Starting 1 process

test: (groupid=0, jobs=1): err= 0: pid=5717: Tue Jul 24 16:52:28 2018
  write: IOPS=212, BW=1697KiB/s (1738kB/s)(1024MiB/617782msec)
    slat (nsec): min=4246, max=83628, avg=24504.53, stdev=10607.66
    clat (usec): min=360, max=1716.0k, avg=301618.80, stdev=210605.20
     lat (usec): min=387, max=1716.0k, avg=301643.72, stdev=210607.58
    clat percentiles (msec):
     |  1.00th=[   14],  5.00th=[   21], 10.00th=[   31], 20.00th=[  130],
     | 30.00th=[  188], 40.00th=[  230], 50.00th=[  275], 60.00th=[  317],
     | 70.00th=[  372], 80.00th=[  443], 90.00th=[  592], 95.00th=[  718],
     | 99.00th=[  944], 99.50th=[ 1045], 99.90th=[ 1234], 99.95th=[ 1301],
     | 99.99th=[ 1469]
   bw (  KiB/s): min=   32, max= 3712, per=100.00%, avg=1723.78, stdev=659.05, samples=1216
   iops        : min=    4, max=  464, avg=215.47, stdev=82.38, samples=1216
  lat (usec)   : 500=0.01%, 750=0.01%, 1000=0.01%
  lat (msec)   : 2=0.01%, 4=0.01%, 10=0.15%, 20=4.23%, 50=9.47%
  lat (msec)   : 100=3.40%, 250=27.44%, 500=40.17%, 750=11.27%, 1000=3.15%
  lat (msec)   : 2000=0.70%
  cpu          : usr=0.22%, sys=0.77%, ctx=130725, majf=0, minf=28
  IO depths    : 1=0.1%, 2=0.1%, 4=0.1%, 8=0.1%, 16=0.1%, 32=0.1%, >=64=100.0%
     submit    : 0=0.0%, 4=100.0%, 8=0.0%, 16=0.0%, 32=0.0%, 64=0.0%, >=64=0.0%
     complete  : 0=0.0%, 4=100.0%, 8=0.0%, 16=0.0%, 32=0.0%, 64=0.1%, >=64=0.0%
     issued rwt: total=0,131072,0, short=0,0,0, dropped=0,0,0
     latency   : target=0, window=0, percentile=100.00%, depth=64

Run status group 0 (all jobs):
  WRITE: bw=1697KiB/s (1738kB/s), 1697KiB/s-1697KiB/s (1738kB/s-1738kB/s), io=1024MiB (1074MB), run=617782-617782msec

Disk stats (read/write):
  sdf: ios=0/131079, merge=0/0, ticks=0/39528504, in_queue=39534920, util=100.00%
