test: (g=0): rw=randread, bs=(R) 4096B-4096B, (W) 4096B-4096B, (T) 4096B-4096B, ioengine=libaio, iodepth=64
fio-3.1
Starting 1 process

test: (groupid=0, jobs=1): err= 0: pid=40511: Wed Jul 11 17:22:53 2018
   read: IOPS=515, BW=2061KiB/s (2111kB/s)(1024MiB/508661msec)
    slat (nsec): min=1382, max=63733, avg=13663.24, stdev=5160.36
    clat (usec): min=650, max=1168.5k, avg=124165.27, stdev=91842.02
     lat (usec): min=654, max=1168.5k, avg=124179.43, stdev=91842.19
    clat percentiles (msec):
     |  1.00th=[   13],  5.00th=[   26], 10.00th=[   37], 20.00th=[   56],
     | 30.00th=[   72], 40.00th=[   88], 50.00th=[  103], 60.00th=[  121],
     | 70.00th=[  142], 80.00th=[  176], 90.00th=[  239], 95.00th=[  305],
     | 99.00th=[  460], 99.50th=[  527], 99.90th=[  684], 99.95th=[  760],
     | 99.99th=[  919]
   bw (  KiB/s): min=  656, max= 8256, per=99.91%, avg=2059.24, stdev=427.58, samples=1017
   iops        : min=  164, max= 2064, avg=514.80, stdev=106.89, samples=1017
  lat (usec)   : 750=0.01%, 1000=0.01%
  lat (msec)   : 2=0.02%, 4=0.07%, 10=0.51%, 20=2.42%, 50=14.08%
  lat (msec)   : 100=31.25%, 250=42.91%, 500=8.09%, 750=0.60%, 1000=0.05%
  lat (msec)   : 2000=0.01%
  cpu          : usr=0.70%, sys=1.53%, ctx=258078, majf=0, minf=95
  IO depths    : 1=0.1%, 2=0.1%, 4=0.1%, 8=0.1%, 16=0.1%, 32=0.1%, >=64=100.0%
     submit    : 0=0.0%, 4=100.0%, 8=0.0%, 16=0.0%, 32=0.0%, 64=0.0%, >=64=0.0%
     complete  : 0=0.0%, 4=100.0%, 8=0.0%, 16=0.0%, 32=0.0%, 64=0.1%, >=64=0.0%
     issued rwt: total=262144,0,0, short=0,0,0, dropped=0,0,0
     latency   : target=0, window=0, percentile=100.00%, depth=64

Run status group 0 (all jobs):
   READ: bw=2061KiB/s (2111kB/s), 2061KiB/s-2061KiB/s (2111kB/s-2111kB/s), io=1024MiB (1074MB), run=508661-508661msec

Disk stats (read/write):
  sdf: ios=259348/0, merge=2657/0, ticks=32364218/0, in_queue=32365214, util=100.00%
