test: (g=0): rw=randwrite, bs=(R) 8192B-8192B, (W) 8192B-8192B, (T) 8192B-8192B, ioengine=libaio, iodepth=64
fio-3.1
Starting 1 process

test: (groupid=0, jobs=1): err= 0: pid=33866: Tue Jul 24 19:10:41 2018
  write: IOPS=227, BW=1822KiB/s (1866kB/s)(1024MiB/575530msec)
    slat (nsec): min=4279, max=81315, avg=20177.96, stdev=10027.55
    clat (usec): min=333, max=1743.5k, avg=280992.39, stdev=195464.03
     lat (usec): min=356, max=1743.6k, avg=281012.97, stdev=195465.13
    clat percentiles (msec):
     |  1.00th=[   14],  5.00th=[   21], 10.00th=[   31], 20.00th=[  128],
     | 30.00th=[  178], 40.00th=[  215], 50.00th=[  253], 60.00th=[  296],
     | 70.00th=[  342], 80.00th=[  405], 90.00th=[  550], 95.00th=[  659],
     | 99.00th=[  894], 99.50th=[  986], 99.90th=[ 1150], 99.95th=[ 1200],
     | 99.99th=[ 1401]
   bw (  KiB/s): min=   16, max= 3920, per=100.00%, avg=1848.39, stdev=659.28, samples=1134
   iops        : min=    2, max=  490, avg=231.04, stdev=82.41, samples=1134
  lat (usec)   : 500=0.01%, 750=0.01%, 1000=0.01%
  lat (msec)   : 2=0.01%, 4=0.01%, 10=0.16%, 20=4.24%, 50=9.31%
  lat (msec)   : 100=3.53%, 250=31.91%, 500=38.13%, 750=9.86%, 1000=2.40%
  lat (msec)   : 2000=0.44%
  cpu          : usr=0.20%, sys=0.68%, ctx=130595, majf=0, minf=28
  IO depths    : 1=0.1%, 2=0.1%, 4=0.1%, 8=0.1%, 16=0.1%, 32=0.1%, >=64=100.0%
     submit    : 0=0.0%, 4=100.0%, 8=0.0%, 16=0.0%, 32=0.0%, 64=0.0%, >=64=0.0%
     complete  : 0=0.0%, 4=100.0%, 8=0.0%, 16=0.0%, 32=0.0%, 64=0.1%, >=64=0.0%
     issued rwt: total=0,131072,0, short=0,0,0, dropped=0,0,0
     latency   : target=0, window=0, percentile=100.00%, depth=64

Run status group 0 (all jobs):
  WRITE: bw=1822KiB/s (1866kB/s), 1822KiB/s-1822KiB/s (1866kB/s-1866kB/s), io=1024MiB (1074MB), run=575530-575530msec

Disk stats (read/write):
  sdi: ios=0/131079, merge=0/0, ticks=0/36820047, in_queue=36827720, util=100.00%
