test: (g=0): rw=randread, bs=(R) 64.0KiB-64.0KiB, (W) 64.0KiB-64.0KiB, (T) 64.0KiB-64.0KiB, ioengine=libaio, iodepth=64
fio-3.1
Starting 1 process

test: (groupid=0, jobs=1): err= 0: pid=34005: Tue Jul 24 19:16:47 2018
   read: IOPS=464, BW=29.0MiB/s (30.4MB/s)(1024MiB/35266msec)
    slat (usec): min=6, max=177, avg=26.60, stdev=11.23
    clat (msec): min=9, max=934, avg=137.71, stdev=84.21
     lat (msec): min=9, max=934, avg=137.74, stdev=84.21
    clat percentiles (msec):
     |  1.00th=[   54],  5.00th=[   68], 10.00th=[   73], 20.00th=[   81],
     | 30.00th=[   88], 40.00th=[   96], 50.00th=[  108], 60.00th=[  124],
     | 70.00th=[  146], 80.00th=[  180], 90.00th=[  247], 95.00th=[  313],
     | 99.00th=[  456], 99.50th=[  518], 99.90th=[  693], 99.95th=[  768],
     | 99.99th=[  911]
   bw (  KiB/s): min=21248, max=40320, per=99.76%, avg=29662.14, stdev=2797.73, samples=70
   iops        : min=  332, max=  630, avg=463.46, stdev=43.71, samples=70
  lat (msec)   : 10=0.01%, 20=0.05%, 50=0.70%, 100=43.10%, 250=46.51%
  lat (msec)   : 500=9.00%, 750=0.56%, 1000=0.06%
  cpu          : usr=0.39%, sys=1.86%, ctx=16274, majf=0, minf=544
  IO depths    : 1=0.1%, 2=0.1%, 4=0.1%, 8=0.1%, 16=0.1%, 32=0.2%, >=64=99.6%
     submit    : 0=0.0%, 4=100.0%, 8=0.0%, 16=0.0%, 32=0.0%, 64=0.0%, >=64=0.0%
     complete  : 0=0.0%, 4=100.0%, 8=0.0%, 16=0.0%, 32=0.0%, 64=0.1%, >=64=0.0%
     issued rwt: total=16384,0,0, short=0,0,0, dropped=0,0,0
     latency   : target=0, window=0, percentile=100.00%, depth=64

Run status group 0 (all jobs):
   READ: bw=29.0MiB/s (30.4MB/s), 29.0MiB/s-29.0MiB/s (30.4MB/s-30.4MB/s), io=1024MiB (1074MB), run=35266-35266msec

Disk stats (read/write):
  sdi: ios=16273/1, merge=0/0, ticks=2241878/68, in_queue=2248510, util=99.78%
