test: (g=0): rw=read, bs=(R) 1024KiB-1024KiB, (W) 1024KiB-1024KiB, (T) 1024KiB-1024KiB, ioengine=libaio, iodepth=64
fio-3.1
Starting 1 process

test: (groupid=0, jobs=1): err= 0: pid=10388: Tue Jul 24 23:07:04 2018
   read: IOPS=213, BW=213MiB/s (224MB/s)(1024MiB/4800msec)
    slat (usec): min=46, max=41387, avg=4511.34, stdev=11911.93
    clat (msec): min=124, max=487, avg=293.31, stdev=32.79
     lat (msec): min=124, max=487, avg=297.82, stdev=31.23
    clat percentiles (msec):
     |  1.00th=[  159],  5.00th=[  259], 10.00th=[  262], 20.00th=[  296],
     | 30.00th=[  296], 40.00th=[  296], 50.00th=[  296], 60.00th=[  300],
     | 70.00th=[  300], 80.00th=[  300], 90.00th=[  305], 95.00th=[  309],
     | 99.00th=[  409], 99.50th=[  451], 99.90th=[  489], 99.95th=[  489],
     | 99.99th=[  489]
   bw (  KiB/s): min=172032, max=229376, per=97.11%, avg=212129.11, stdev=16613.52, samples=9
   iops        : min=  168, max=  224, avg=207.11, stdev=16.22, samples=9
  lat (msec)   : 250=4.00%, 500=96.00%
  cpu          : usr=0.02%, sys=2.58%, ctx=161, majf=0, minf=575
  IO depths    : 1=0.1%, 2=0.2%, 4=0.4%, 8=0.8%, 16=1.6%, 32=3.1%, >=64=93.8%
     submit    : 0=0.0%, 4=100.0%, 8=0.0%, 16=0.0%, 32=0.0%, 64=0.0%, >=64=0.0%
     complete  : 0=0.0%, 4=99.9%, 8=0.0%, 16=0.0%, 32=0.0%, 64=0.1%, >=64=0.0%
     issued rwt: total=1024,0,0, short=0,0,0, dropped=0,0,0
     latency   : target=0, window=0, percentile=100.00%, depth=64

Run status group 0 (all jobs):
   READ: bw=213MiB/s (224MB/s), 213MiB/s-213MiB/s (224MB/s-224MB/s), io=1024MiB (1074MB), run=4800-4800msec

Disk stats (read/write):
  sdn: ios=3966/0, merge=0/0, ticks=650702/0, in_queue=662893, util=97.95%
