test: (g=0): rw=randwrite, bs=(R) 4096B-4096B, (W) 4096B-4096B, (T) 4096B-4096B, ioengine=libaio, iodepth=64
fio-3.1
Starting 1 process

test: (groupid=0, jobs=1): err= 0: pid=22041: Fri Aug 17 16:52:03 2018
  write: IOPS=62.5k, BW=244MiB/s (256MB/s)(1024MiB/4197msec)
    slat (nsec): min=2390, max=58516, avg=4215.45, stdev=2452.01
    clat (usec): min=278, max=5229, avg=1019.58, stdev=97.81
     lat (usec): min=284, max=5232, avg=1023.85, stdev=97.74
    clat percentiles (usec):
     |  1.00th=[  898],  5.00th=[  922], 10.00th=[  947], 20.00th=[  979],
     | 30.00th=[  996], 40.00th=[ 1004], 50.00th=[ 1012], 60.00th=[ 1029],
     | 70.00th=[ 1037], 80.00th=[ 1057], 90.00th=[ 1090], 95.00th=[ 1123],
     | 99.00th=[ 1172], 99.50th=[ 1188], 99.90th=[ 1418], 99.95th=[ 1942],
     | 99.99th=[ 5145]
   bw (  KiB/s): min=246664, max=250912, per=100.00%, avg=250123.00, stdev=1415.07, samples=8
   iops        : min=61666, max=62728, avg=62530.75, stdev=353.77, samples=8
  lat (usec)   : 500=0.01%, 750=0.07%, 1000=35.03%
  lat (msec)   : 2=64.84%, 4=0.01%, 10=0.04%
  cpu          : usr=7.77%, sys=38.39%, ctx=140668, majf=0, minf=28
  IO depths    : 1=0.1%, 2=0.1%, 4=0.1%, 8=0.1%, 16=0.1%, 32=0.1%, >=64=100.0%
     submit    : 0=0.0%, 4=100.0%, 8=0.0%, 16=0.0%, 32=0.0%, 64=0.0%, >=64=0.0%
     complete  : 0=0.0%, 4=100.0%, 8=0.0%, 16=0.0%, 32=0.0%, 64=0.1%, >=64=0.0%
     issued rwt: total=0,262144,0, short=0,0,0, dropped=0,0,0
     latency   : target=0, window=0, percentile=100.00%, depth=64

Run status group 0 (all jobs):
  WRITE: bw=244MiB/s (256MB/s), 244MiB/s-244MiB/s (256MB/s-256MB/s), io=1024MiB (1074MB), run=4197-4197msec

Disk stats (read/write):
  sdb: ios=42/259231, merge=0/0, ticks=12/262520, in_queue=262484, util=97.81%
