test: (g=0): rw=randread, bs=(R) 4096B-4096B, (W) 4096B-4096B, (T) 4096B-4096B, ioengine=libaio, iodepth=64
fio-3.1
Starting 1 process

test: (groupid=0, jobs=1): err= 0: pid=24022: Sun Jul 15 02:21:46 2018
   read: IOPS=512, BW=2051KiB/s (2100kB/s)(1024MiB/511315msec)
    slat (nsec): min=1602, max=52939, avg=16525.06, stdev=5629.91
    clat (usec): min=423, max=1137.7k, avg=124809.82, stdev=92672.00
     lat (usec): min=427, max=1137.7k, avg=124826.82, stdev=92672.21
    clat percentiles (msec):
     |  1.00th=[   13],  5.00th=[   26], 10.00th=[   37], 20.00th=[   56],
     | 30.00th=[   72], 40.00th=[   88], 50.00th=[  104], 60.00th=[  121],
     | 70.00th=[  142], 80.00th=[  176], 90.00th=[  239], 95.00th=[  305],
     | 99.00th=[  468], 99.50th=[  535], 99.90th=[  693], 99.95th=[  760],
     | 99.99th=[  936]
   bw (  KiB/s): min=  352, max= 7048, per=99.84%, avg=2046.67, stdev=405.62, samples=1022
   iops        : min=   88, max= 1762, avg=511.66, stdev=101.42, samples=1022
  lat (usec)   : 500=0.01%, 750=0.01%, 1000=0.01%
  lat (msec)   : 2=0.01%, 4=0.07%, 10=0.50%, 20=2.40%, 50=14.02%
  lat (msec)   : 100=31.07%, 250=43.02%, 500=8.18%, 750=0.66%, 1000=0.05%
  lat (msec)   : 2000=0.01%
  cpu          : usr=0.73%, sys=1.71%, ctx=258220, majf=0, minf=95
  IO depths    : 1=0.1%, 2=0.1%, 4=0.1%, 8=0.1%, 16=0.1%, 32=0.1%, >=64=100.0%
     submit    : 0=0.0%, 4=100.0%, 8=0.0%, 16=0.0%, 32=0.0%, 64=0.0%, >=64=0.0%
     complete  : 0=0.0%, 4=100.0%, 8=0.0%, 16=0.0%, 32=0.0%, 64=0.1%, >=64=0.0%
     issued rwt: total=262144,0,0, short=0,0,0, dropped=0,0,0
     latency   : target=0, window=0, percentile=100.00%, depth=64

Run status group 0 (all jobs):
   READ: bw=2051KiB/s (2100kB/s), 2051KiB/s-2051KiB/s (2100kB/s-2100kB/s), io=1024MiB (1074MB), run=511315-511315msec

Disk stats (read/write):
  sdd: ios=259120/6, merge=2542/0, ticks=32524700/3646, in_queue=32528726, util=100.00%
