test: (g=0): rw=read, bs=(R) 1024KiB-1024KiB, (W) 1024KiB-1024KiB, (T) 1024KiB-1024KiB, ioengine=libaio, iodepth=64
fio-3.1
Starting 1 process

test: (groupid=0, jobs=1): err= 0: pid=15806: Mon Jul 23 18:55:26 2018
   read: IOPS=202, BW=203MiB/s (213MB/s)(1024MiB/5046msec)
    slat (usec): min=44, max=49146, avg=4753.78, stdev=12580.55
    clat (msec): min=130, max=478, avg=308.25, stdev=34.07
     lat (msec): min=130, max=478, avg=313.00, stdev=32.46
    clat percentiles (msec):
     |  1.00th=[  165],  5.00th=[  266], 10.00th=[  271], 20.00th=[  305],
     | 30.00th=[  305], 40.00th=[  309], 50.00th=[  309], 60.00th=[  313],
     | 70.00th=[  330], 80.00th=[  330], 90.00th=[  330], 95.00th=[  338],
     | 99.00th=[  405], 99.50th=[  443], 99.90th=[  443], 99.95th=[  481],
     | 99.99th=[  481]
   bw (  KiB/s): min=153600, max=212992, per=94.71%, avg=196812.80, stdev=22485.55, samples=10
   iops        : min=  150, max=  208, avg=192.20, stdev=21.96, samples=10
  lat (msec)   : 250=4.00%, 500=96.00%
  cpu          : usr=0.02%, sys=2.40%, ctx=161, majf=0, minf=575
  IO depths    : 1=0.1%, 2=0.2%, 4=0.4%, 8=0.8%, 16=1.6%, 32=3.1%, >=64=93.8%
     submit    : 0=0.0%, 4=100.0%, 8=0.0%, 16=0.0%, 32=0.0%, 64=0.0%, >=64=0.0%
     complete  : 0=0.0%, 4=99.9%, 8=0.0%, 16=0.0%, 32=0.0%, 64=0.1%, >=64=0.0%
     issued rwt: total=1024,0,0, short=0,0,0, dropped=0,0,0
     latency   : target=0, window=0, percentile=100.00%, depth=64

Run status group 0 (all jobs):
   READ: bw=203MiB/s (213MB/s), 203MiB/s-203MiB/s (213MB/s-213MB/s), io=1024MiB (1074MB), run=5046-5046msec

Disk stats (read/write):
  sdg: ios=3969/0, merge=0/0, ticks=687749/0, in_queue=699558, util=98.06%
