test: (g=0): rw=randwrite, bs=(R) 4096B-4096B, (W) 4096B-4096B, (T) 4096B-4096B, ioengine=libaio, iodepth=64
fio-3.1
Starting 1 process

test: (groupid=0, jobs=1): err= 0: pid=16611: Thu Jul 12 17:12:57 2018
  write: IOPS=432, BW=1730KiB/s (1772kB/s)(1024MiB/605987msec)
    slat (nsec): min=1878, max=114405, avg=17061.42, stdev=7861.39
    clat (usec): min=324, max=1044.4k, avg=147921.77, stdev=102968.44
     lat (usec): min=365, max=1044.4k, avg=147939.23, stdev=102969.89
    clat percentiles (msec):
     |  1.00th=[   13],  5.00th=[   21], 10.00th=[   28], 20.00th=[   64],
     | 30.00th=[   94], 40.00th=[  114], 50.00th=[  133], 60.00th=[  155],
     | 70.00th=[  176], 80.00th=[  207], 90.00th=[  279], 95.00th=[  359],
     | 99.00th=[  485], 99.50th=[  542], 99.90th=[  667], 99.95th=[  726],
     | 99.99th=[  844]
   bw (  KiB/s): min=  256, max= 7488, per=99.66%, avg=1724.15, stdev=506.23, samples=1211
   iops        : min=   64, max= 1872, avg=431.03, stdev=126.55, samples=1211
  lat (usec)   : 500=0.01%, 750=0.01%, 1000=0.01%
  lat (msec)   : 2=0.01%, 4=0.05%, 10=0.36%, 20=4.56%, 50=12.62%
  lat (msec)   : 100=15.53%, 250=54.47%, 500=11.57%, 750=0.80%, 1000=0.03%
  lat (msec)   : 2000=0.01%
  cpu          : usr=0.56%, sys=1.40%, ctx=258990, majf=0, minf=389
  IO depths    : 1=0.1%, 2=0.1%, 4=0.1%, 8=0.1%, 16=0.1%, 32=0.1%, >=64=100.0%
     submit    : 0=0.0%, 4=100.0%, 8=0.0%, 16=0.0%, 32=0.0%, 64=0.0%, >=64=0.0%
     complete  : 0=0.0%, 4=100.0%, 8=0.0%, 16=0.0%, 32=0.0%, 64=0.1%, >=64=0.0%
     issued rwt: total=0,262144,0, short=0,0,0, dropped=0,0,0
     latency   : target=0, window=0, percentile=100.00%, depth=64

Run status group 0 (all jobs):
  WRITE: bw=1730KiB/s (1772kB/s), 1730KiB/s-1730KiB/s (1772kB/s-1772kB/s), io=1024MiB (1074MB), run=605987-605987msec

Disk stats (read/write):
  sdn: ios=40/259056, merge=0/2511, ticks=24864/38541390, in_queue=38569464, util=100.00%
