test: (g=0): rw=write, bs=(R) 64.0KiB-64.0KiB, (W) 64.0KiB-64.0KiB, (T) 64.0KiB-64.0KiB, ioengine=libaio, iodepth=64
fio-3.1
Starting 1 process
test: Laying out IO file (1 file / 1024MiB)

test: (groupid=0, jobs=1): err= 0: pid=4945: Tue Jul 24 16:34:10 2018
  write: IOPS=3095, BW=193MiB/s (203MB/s)(1024MiB/5292msec)
    slat (usec): min=8, max=212, avg=27.30, stdev=10.39
    clat (usec): min=923, max=211621, avg=20635.94, stdev=11307.82
     lat (usec): min=1142, max=211644, avg=20663.43, stdev=11307.00
    clat percentiles (msec):
     |  1.00th=[   19],  5.00th=[   19], 10.00th=[   19], 20.00th=[   20],
     | 30.00th=[   20], 40.00th=[   20], 50.00th=[   20], 60.00th=[   20],
     | 70.00th=[   20], 80.00th=[   22], 90.00th=[   22], 95.00th=[   22],
     | 99.00th=[   28], 99.50th=[   53], 99.90th=[  207], 99.95th=[  209],
     | 99.99th=[  211]
   bw (  KiB/s): min=133120, max=213632, per=100.00%, avg=198515.30, stdev=24239.55, samples=10
   iops        : min= 2080, max= 3338, avg=3101.80, stdev=378.74, samples=10
  lat (usec)   : 1000=0.01%
  lat (msec)   : 20=75.95%, 50=23.50%, 100=0.15%, 250=0.40%
  cpu          : usr=2.21%, sys=11.51%, ctx=16377, majf=0, minf=27
  IO depths    : 1=0.1%, 2=0.1%, 4=0.1%, 8=0.1%, 16=0.1%, 32=0.2%, >=64=99.6%
     submit    : 0=0.0%, 4=100.0%, 8=0.0%, 16=0.0%, 32=0.0%, 64=0.0%, >=64=0.0%
     complete  : 0=0.0%, 4=100.0%, 8=0.0%, 16=0.0%, 32=0.0%, 64=0.1%, >=64=0.0%
     issued rwt: total=0,16384,0, short=0,0,0, dropped=0,0,0
     latency   : target=0, window=0, percentile=100.00%, depth=64

Run status group 0 (all jobs):
  WRITE: bw=193MiB/s (203MB/s), 193MiB/s-193MiB/s (203MB/s-203MB/s), io=1024MiB (1074MB), run=5292-5292msec

Disk stats (read/write):
  sde: ios=0/15884, merge=0/0, ticks=0/326076, in_queue=326991, util=98.09%
