test: (g=0): rw=randwrite, bs=(R) 8192B-8192B, (W) 8192B-8192B, (T) 8192B-8192B, ioengine=libaio, iodepth=64
fio-3.1
Starting 1 process

test: (groupid=0, jobs=1): err= 0: pid=5317: Tue Jul 24 17:10:19 2018
  write: IOPS=238, BW=1912KiB/s (1958kB/s)(1024MiB/548491msec)
    slat (usec): min=3, max=121, avg=27.60, stdev=10.32
    clat (usec): min=324, max=1789.8k, avg=267779.17, stdev=156981.24
     lat (usec): min=351, max=1789.8k, avg=267807.30, stdev=156982.95
    clat percentiles (msec):
     |  1.00th=[   16],  5.00th=[   29], 10.00th=[   94], 20.00th=[  159],
     | 30.00th=[  190], 40.00th=[  220], 50.00th=[  249], 60.00th=[  279],
     | 70.00th=[  313], 80.00th=[  355], 90.00th=[  439], 95.00th=[  575],
     | 99.00th=[  818], 99.50th=[  902], 99.90th=[ 1116], 99.95th=[ 1150],
     | 99.99th=[ 1301]
   bw (  KiB/s): min=   48, max= 4592, per=100.00%, avg=1922.99, stdev=505.07, samples=1090
   iops        : min=    6, max=  574, avg=240.36, stdev=63.13, samples=1090
  lat (usec)   : 500=0.01%, 750=0.01%, 1000=0.01%
  lat (msec)   : 2=0.01%, 4=0.01%, 10=0.10%, 20=2.13%, 50=5.70%
  lat (msec)   : 100=2.36%, 250=40.10%, 500=42.26%, 750=5.77%, 1000=1.32%
  lat (msec)   : 2000=0.25%
  cpu          : usr=0.29%, sys=0.96%, ctx=131064, majf=0, minf=474
  IO depths    : 1=0.1%, 2=0.1%, 4=0.1%, 8=0.1%, 16=0.1%, 32=0.1%, >=64=100.0%
     submit    : 0=0.0%, 4=100.0%, 8=0.0%, 16=0.0%, 32=0.0%, 64=0.0%, >=64=0.0%
     complete  : 0=0.0%, 4=100.0%, 8=0.0%, 16=0.0%, 32=0.0%, 64=0.1%, >=64=0.0%
     issued rwt: total=0,131072,0, short=0,0,0, dropped=0,0,0
     latency   : target=0, window=0, percentile=100.00%, depth=64

Run status group 0 (all jobs):
  WRITE: bw=1912KiB/s (1958kB/s), 1912KiB/s-1912KiB/s (1958kB/s-1958kB/s), io=1024MiB (1074MB), run=548491-548491msec

Disk stats (read/write):
  sde: ios=0/131101, merge=0/0, ticks=0/35076711, in_queue=35077567, util=100.00%
