test: (g=0): rw=randwrite, bs=(R) 4096B-4096B, (W) 4096B-4096B, (T) 4096B-4096B, ioengine=libaio, iodepth=64
fio-3.1
Starting 1 process

test: (groupid=0, jobs=1): err= 0: pid=29804: Fri Jul 13 17:23:16 2018
  write: IOPS=381, BW=1524KiB/s (1561kB/s)(1024MiB/687963msec)
    slat (nsec): min=1754, max=138503, avg=16150.52, stdev=7848.76
    clat (usec): min=198, max=1272.9k, avg=167936.45, stdev=118695.96
     lat (usec): min=222, max=1272.9k, avg=167952.98, stdev=118697.26
    clat percentiles (msec):
     |  1.00th=[   12],  5.00th=[   19], 10.00th=[   26], 20.00th=[   73],
     | 30.00th=[  106], 40.00th=[  129], 50.00th=[  150], 60.00th=[  176],
     | 70.00th=[  201], 80.00th=[  236], 90.00th=[  330], 95.00th=[  414],
     | 99.00th=[  550], 99.50th=[  600], 99.90th=[  751], 99.95th=[  810],
     | 99.99th=[  995]
   bw (  KiB/s): min=  240, max= 7064, per=99.70%, avg=1519.45, stdev=456.06, samples=1375
   iops        : min=   60, max= 1766, avg=379.85, stdev=114.01, samples=1375
  lat (usec)   : 250=0.01%, 500=0.01%, 1000=0.01%
  lat (msec)   : 2=0.01%, 4=0.03%, 10=0.45%, 20=5.90%, 50=10.29%
  lat (msec)   : 100=11.01%, 250=54.98%, 500=15.50%, 750=1.73%, 1000=0.09%
  lat (msec)   : 2000=0.01%
  cpu          : usr=0.46%, sys=1.19%, ctx=259247, majf=0, minf=300
  IO depths    : 1=0.1%, 2=0.1%, 4=0.1%, 8=0.1%, 16=0.1%, 32=0.1%, >=64=100.0%
     submit    : 0=0.0%, 4=100.0%, 8=0.0%, 16=0.0%, 32=0.0%, 64=0.0%, >=64=0.0%
     complete  : 0=0.0%, 4=100.0%, 8=0.0%, 16=0.0%, 32=0.0%, 64=0.1%, >=64=0.0%
     issued rwt: total=0,262144,0, short=0,0,0, dropped=0,0,0
     latency   : target=0, window=0, percentile=100.00%, depth=64

Run status group 0 (all jobs):
  WRITE: bw=1524KiB/s (1561kB/s), 1524KiB/s-1524KiB/s (1561kB/s-1561kB/s), io=1024MiB (1074MB), run=687963-687963msec

Disk stats (read/write):
  sdl: ios=40/259046, merge=0/2511, ticks=14644/43763766, in_queue=43779619, util=100.00%
