test: (g=0): rw=randwrite, bs=(R) 64.0KiB-64.0KiB, (W) 64.0KiB-64.0KiB, (T) 64.0KiB-64.0KiB, ioengine=libaio, iodepth=64
fio-3.1
Starting 1 process

test: (groupid=0, jobs=1): err= 0: pid=30045: Fri Jul 13 17:42:28 2018
  write: IOPS=376, BW=23.5MiB/s (24.7MB/s)(1024MiB/43482msec)
    slat (nsec): min=3567, max=73173, avg=24060.72, stdev=11280.91
    clat (usec): min=478, max=1369.1k, avg=169792.29, stdev=145135.82
     lat (usec): min=498, max=1369.2k, avg=169816.71, stdev=145137.72
    clat percentiles (msec):
     |  1.00th=[   10],  5.00th=[   17], 10.00th=[   21], 20.00th=[   31],
     | 30.00th=[   68], 40.00th=[  110], 50.00th=[  142], 60.00th=[  176],
     | 70.00th=[  215], 80.00th=[  271], 90.00th=[  384], 95.00th=[  460],
     | 99.00th=[  600], 99.50th=[  709], 99.90th=[  844], 99.95th=[  944],
     | 99.99th=[ 1183]
   bw (  KiB/s): min= 2304, max=48768, per=97.13%, avg=23422.65, stdev=9205.49, samples=86
   iops        : min=   36, max=  762, avg=365.97, stdev=143.83, samples=86
  lat (usec)   : 500=0.01%, 750=0.01%
  lat (msec)   : 2=0.01%, 4=0.12%, 10=0.95%, 20=8.16%, 50=17.96%
  lat (msec)   : 100=9.96%, 250=40.01%, 500=19.70%, 750=2.83%, 1000=0.27%
  lat (msec)   : 2000=0.02%
  cpu          : usr=0.45%, sys=1.42%, ctx=15702, majf=0, minf=29
  IO depths    : 1=0.1%, 2=0.1%, 4=0.1%, 8=0.1%, 16=0.1%, 32=0.2%, >=64=99.6%
     submit    : 0=0.0%, 4=100.0%, 8=0.0%, 16=0.0%, 32=0.0%, 64=0.0%, >=64=0.0%
     complete  : 0=0.0%, 4=100.0%, 8=0.0%, 16=0.0%, 32=0.0%, 64=0.1%, >=64=0.0%
     issued rwt: total=0,16384,0, short=0,0,0, dropped=0,0,0
     latency   : target=0, window=0, percentile=100.00%, depth=64

Run status group 0 (all jobs):
  WRITE: bw=23.5MiB/s (24.7MB/s), 23.5MiB/s-23.5MiB/s (24.7MB/s-24.7MB/s), io=1024MiB (1074MB), run=43482-43482msec

Disk stats (read/write):
  sdl: ios=40/15694, merge=0/681, ticks=18215/2691855, in_queue=2710863, util=99.84%
