test: (g=0): rw=randread, bs=(R) 64.0KiB-64.0KiB, (W) 64.0KiB-64.0KiB, (T) 64.0KiB-64.0KiB, ioengine=libaio, iodepth=64
fio-3.1
Starting 1 process

test: (groupid=0, jobs=1): err= 0: pid=31699: Tue Jul 24 16:16:39 2018
   read: IOPS=465, BW=29.1MiB/s (30.5MB/s)(1024MiB/35188msec)
    slat (usec): min=8, max=194, avg=26.22, stdev=10.87
    clat (msec): min=3, max=952, avg=137.41, stdev=85.32
     lat (msec): min=3, max=952, avg=137.44, stdev=85.32
    clat percentiles (msec):
     |  1.00th=[   54],  5.00th=[   68], 10.00th=[   73], 20.00th=[   82],
     | 30.00th=[   88], 40.00th=[   97], 50.00th=[  108], 60.00th=[  124],
     | 70.00th=[  144], 80.00th=[  178], 90.00th=[  241], 95.00th=[  313],
     | 99.00th=[  477], 99.50th=[  542], 99.90th=[  684], 99.95th=[  743],
     | 99.99th=[  936]
   bw (  KiB/s): min=25344, max=45824, per=99.64%, avg=29690.51, stdev=3259.84, samples=70
   iops        : min=  396, max=  716, avg=463.91, stdev=50.93, samples=70
  lat (msec)   : 4=0.01%, 10=0.02%, 20=0.03%, 50=0.65%, 100=42.62%
  lat (msec)   : 250=47.68%, 500=8.15%, 750=0.79%, 1000=0.04%
  cpu          : usr=0.48%, sys=1.75%, ctx=16385, majf=0, minf=544
  IO depths    : 1=0.1%, 2=0.1%, 4=0.1%, 8=0.1%, 16=0.1%, 32=0.2%, >=64=99.6%
     submit    : 0=0.0%, 4=100.0%, 8=0.0%, 16=0.0%, 32=0.0%, 64=0.0%, >=64=0.0%
     complete  : 0=0.0%, 4=100.0%, 8=0.0%, 16=0.0%, 32=0.0%, 64=0.1%, >=64=0.0%
     issued rwt: total=16384,0,0, short=0,0,0, dropped=0,0,0
     latency   : target=0, window=0, percentile=100.00%, depth=64

Run status group 0 (all jobs):
   READ: bw=29.1MiB/s (30.5MB/s), 29.1MiB/s-29.1MiB/s (30.5MB/s-30.5MB/s), io=1024MiB (1074MB), run=35188-35188msec

Disk stats (read/write):
  sde: ios=16360/1, merge=0/0, ticks=2244534/68, in_queue=2247707, util=99.78%
