test: (g=0): rw=write, bs=(R) 512KiB-512KiB, (W) 512KiB-512KiB, (T) 512KiB-512KiB, ioengine=libaio, iodepth=64
fio-3.1
Starting 1 process

test: (groupid=0, jobs=1): err= 0: pid=31224: Tue Jul 24 15:31:58 2018
  write: IOPS=388, BW=194MiB/s (204MB/s)(1024MiB/5275msec)
    slat (usec): min=45, max=211, avg=139.40, stdev=38.98
    clat (msec): min=15, max=325, avg=164.55, stdev=25.38
     lat (msec): min=15, max=325, avg=164.69, stdev=25.38
    clat percentiles (msec):
     |  1.00th=[  144],  5.00th=[  144], 10.00th=[  144], 20.00th=[  153],
     | 30.00th=[  153], 40.00th=[  153], 50.00th=[  159], 60.00th=[  167],
     | 70.00th=[  167], 80.00th=[  176], 90.00th=[  184], 95.00th=[  197],
     | 99.00th=[  288], 99.50th=[  305], 99.90th=[  321], 99.95th=[  321],
     | 99.99th=[  326]
   bw (  KiB/s): min=138240, max=220160, per=99.42%, avg=197632.00, stdev=24371.30, samples=10
   iops        : min=  270, max=  430, avg=386.00, stdev=47.60, samples=10
  lat (msec)   : 20=0.05%, 100=0.10%, 250=97.17%, 500=2.69%
  cpu          : usr=1.82%, sys=4.46%, ctx=2049, majf=0, minf=28
  IO depths    : 1=0.1%, 2=0.1%, 4=0.2%, 8=0.4%, 16=0.8%, 32=1.6%, >=64=96.9%
     submit    : 0=0.0%, 4=100.0%, 8=0.0%, 16=0.0%, 32=0.0%, 64=0.0%, >=64=0.0%
     complete  : 0=0.0%, 4=99.9%, 8=0.0%, 16=0.0%, 32=0.0%, 64=0.1%, >=64=0.0%
     issued rwt: total=0,2048,0, short=0,0,0, dropped=0,0,0
     latency   : target=0, window=0, percentile=100.00%, depth=64

Run status group 0 (all jobs):
  WRITE: bw=194MiB/s (204MB/s), 194MiB/s-194MiB/s (204MB/s-204MB/s), io=1024MiB (1074MB), run=5275-5275msec

Disk stats (read/write):
  sde: ios=0/3968, merge=0/0, ticks=0/643234, in_queue=653335, util=97.85%
