test: (g=0): rw=randwrite, bs=(R) 4096B-4096B, (W) 4096B-4096B, (T) 4096B-4096B, ioengine=libaio, iodepth=64
fio-3.1
Starting 1 process

test: (groupid=0, jobs=1): err= 0: pid=11807: Mon Jul 23 17:40:31 2018
  write: IOPS=382, BW=1531KiB/s (1567kB/s)(1024MiB/685066msec)
    slat (usec): min=3, max=442, avg=18.87, stdev= 7.49
    clat (usec): min=309, max=1098.3k, avg=167227.65, stdev=119416.61
     lat (usec): min=331, max=1098.3k, avg=167247.05, stdev=119417.87
    clat percentiles (msec):
     |  1.00th=[   14],  5.00th=[   19], 10.00th=[   26], 20.00th=[   74],
     | 30.00th=[  105], 40.00th=[  127], 50.00th=[  150], 60.00th=[  174],
     | 70.00th=[  199], 80.00th=[  234], 90.00th=[  326], 95.00th=[  414],
     | 99.00th=[  550], 99.50th=[  609], 99.90th=[  785], 99.95th=[  835],
     | 99.99th=[  927]
   bw (  KiB/s): min=   32, max= 7040, per=100.00%, avg=1531.67, stdev=484.06, samples=1368
   iops        : min=    8, max= 1760, avg=382.91, stdev=121.01, samples=1368
  lat (usec)   : 500=0.01%, 750=0.01%, 1000=0.01%
  lat (msec)   : 2=0.01%, 4=0.01%, 10=0.09%, 20=6.28%, 50=10.36%
  lat (msec)   : 100=11.46%, 250=54.92%, 500=15.02%, 750=1.69%, 1000=0.17%
  lat (msec)   : 2000=0.01%
  cpu          : usr=0.47%, sys=1.17%, ctx=261664, majf=0, minf=27
  IO depths    : 1=0.1%, 2=0.1%, 4=0.1%, 8=0.1%, 16=0.1%, 32=0.1%, >=64=100.0%
     submit    : 0=0.0%, 4=100.0%, 8=0.0%, 16=0.0%, 32=0.0%, 64=0.0%, >=64=0.0%
     complete  : 0=0.0%, 4=100.0%, 8=0.0%, 16=0.0%, 32=0.0%, 64=0.1%, >=64=0.0%
     issued rwt: total=0,262144,0, short=0,0,0, dropped=0,0,0
     latency   : target=0, window=0, percentile=100.00%, depth=64

Run status group 0 (all jobs):
  WRITE: bw=1531KiB/s (1567kB/s), 1531KiB/s-1531KiB/s (1567kB/s-1567kB/s), io=1024MiB (1074MB), run=685066-685066msec

Disk stats (read/write):
  sdd: ios=40/262089, merge=0/0, ticks=6/43838586, in_queue=43839292, util=100.00%
