test: (g=0): rw=randwrite, bs=(R) 8192B-8192B, (W) 8192B-8192B, (T) 8192B-8192B, ioengine=libaio, iodepth=64
fio-3.1
Starting 1 process

test: (groupid=0, jobs=1): err= 0: pid=34909: Fri Jul 13 15:01:50 2018
  write: IOPS=404, BW=3235KiB/s (3313kB/s)(1024MiB/324132msec)
    slat (nsec): min=2167, max=58827, avg=18237.80, stdev=8495.95
    clat (usec): min=386, max=1165.4k, avg=158237.94, stdev=114623.20
     lat (usec): min=435, max=1165.4k, avg=158256.57, stdev=114625.15
    clat percentiles (msec):
     |  1.00th=[   12],  5.00th=[   19], 10.00th=[   26], 20.00th=[   67],
     | 30.00th=[   97], 40.00th=[  120], 50.00th=[  140], 60.00th=[  163],
     | 70.00th=[  188], 80.00th=[  222], 90.00th=[  313], 95.00th=[  397],
     | 99.00th=[  531], 99.50th=[  592], 99.90th=[  760], 99.95th=[  810],
     | 99.99th=[  936]
   bw (  KiB/s): min=  384, max=13472, per=99.90%, avg=3231.83, stdev=1106.99, samples=648
   iops        : min=   48, max= 1684, avg=403.97, stdev=138.38, samples=648
  lat (usec)   : 500=0.01%, 1000=0.01%
  lat (msec)   : 2=0.01%, 4=0.05%, 10=0.61%, 20=5.73%, 50=10.80%
  lat (msec)   : 100=13.91%, 250=54.01%, 500=13.38%, 750=1.39%, 1000=0.11%
  lat (msec)   : 2000=0.01%
  cpu          : usr=0.47%, sys=1.32%, ctx=128989, majf=0, minf=29
  IO depths    : 1=0.1%, 2=0.1%, 4=0.1%, 8=0.1%, 16=0.1%, 32=0.1%, >=64=100.0%
     submit    : 0=0.0%, 4=100.0%, 8=0.0%, 16=0.0%, 32=0.0%, 64=0.0%, >=64=0.0%
     complete  : 0=0.0%, 4=100.0%, 8=0.0%, 16=0.0%, 32=0.0%, 64=0.1%, >=64=0.0%
     issued rwt: total=0,131072,0, short=0,0,0, dropped=0,0,0
     latency   : target=0, window=0, percentile=100.00%, depth=64

Run status group 0 (all jobs):
  WRITE: bw=3235KiB/s (3313kB/s), 3235KiB/s-3235KiB/s (3313kB/s-3313kB/s), io=1024MiB (1074MB), run=324132-324132msec

Disk stats (read/write):
  sdg: ios=40/128923, merge=0/2011, ticks=19550/20550325, in_queue=20575563, util=100.00%
