test: (g=0): rw=randwrite, bs=(R) 4096B-4096B, (W) 4096B-4096B, (T) 4096B-4096B, ioengine=libaio, iodepth=64
fio-3.1
Starting 1 process

test: (groupid=0, jobs=1): err= 0: pid=33878: Fri Jul 13 14:48:00 2018
  write: IOPS=395, BW=1580KiB/s (1618kB/s)(1024MiB/663626msec)
    slat (nsec): min=1871, max=63614, avg=17170.80, stdev=7833.05
    clat (usec): min=312, max=1140.5k, avg=161992.75, stdev=113648.79
     lat (usec): min=352, max=1140.5k, avg=162010.31, stdev=113650.49
    clat percentiles (msec):
     |  1.00th=[   12],  5.00th=[   19], 10.00th=[   26], 20.00th=[   73],
     | 30.00th=[  104], 40.00th=[  125], 50.00th=[  146], 60.00th=[  169],
     | 70.00th=[  192], 80.00th=[  226], 90.00th=[  309], 95.00th=[  397],
     | 99.00th=[  527], 99.50th=[  592], 99.90th=[  760], 99.95th=[  835],
     | 99.99th=[  986]
   bw (  KiB/s): min=  192, max= 8152, per=99.95%, avg=1579.28, stdev=487.53, samples=1326
   iops        : min=   48, max= 2038, avg=394.81, stdev=121.89, samples=1326
  lat (usec)   : 500=0.01%, 1000=0.01%
  lat (msec)   : 2=0.01%, 4=0.05%, 10=0.46%, 20=5.80%, 50=10.04%
  lat (msec)   : 100=12.33%, 250=55.93%, 500=13.97%, 750=1.31%, 1000=0.10%
  lat (msec)   : 2000=0.01%
  cpu          : usr=0.48%, sys=1.25%, ctx=259385, majf=0, minf=28
  IO depths    : 1=0.1%, 2=0.1%, 4=0.1%, 8=0.1%, 16=0.1%, 32=0.1%, >=64=100.0%
     submit    : 0=0.0%, 4=100.0%, 8=0.0%, 16=0.0%, 32=0.0%, 64=0.0%, >=64=0.0%
     complete  : 0=0.0%, 4=100.0%, 8=0.0%, 16=0.0%, 32=0.0%, 64=0.1%, >=64=0.0%
     issued rwt: total=0,262144,0, short=0,0,0, dropped=0,0,0
     latency   : target=0, window=0, percentile=100.00%, depth=64

Run status group 0 (all jobs):
  WRITE: bw=1580KiB/s (1618kB/s), 1580KiB/s-1580KiB/s (1618kB/s-1618kB/s), io=1024MiB (1074MB), run=663626-663626msec

Disk stats (read/write):
  sdg: ios=40/259214, merge=0/2598, ticks=15046/42215987, in_queue=42232584, util=100.00%
