test: (g=0): rw=randread, bs=(R) 4096B-4096B, (W) 4096B-4096B, (T) 4096B-4096B, ioengine=libaio, iodepth=64
fio-3.1
Starting 1 process

test: (groupid=0, jobs=1): err= 0: pid=16065: Mon Jul 23 21:24:24 2018
   read: IOPS=532, BW=2132KiB/s (2183kB/s)(1024MiB/491871msec)
    slat (nsec): min=3792, max=67605, avg=19903.98, stdev=6756.54
    clat (msec): min=5, max=1063, avg=120.06, stdev=75.70
     lat (msec): min=5, max=1063, avg=120.08, stdev=75.70
    clat percentiles (msec):
     |  1.00th=[   28],  5.00th=[   56], 10.00th=[   64], 20.00th=[   71],
     | 30.00th=[   78], 40.00th=[   85], 50.00th=[   95], 60.00th=[  109],
     | 70.00th=[  128], 80.00th=[  159], 90.00th=[  213], 95.00th=[  271],
     | 99.00th=[  409], 99.50th=[  472], 99.90th=[  634], 99.95th=[  701],
     | 99.99th=[  877]
   bw (  KiB/s): min=  808, max= 7048, per=99.80%, avg=2126.78, stdev=403.42, samples=983
   iops        : min=  202, max= 1762, avg=531.68, stdev=100.86, samples=983
  lat (msec)   : 10=0.04%, 20=0.42%, 50=3.22%, 100=50.59%, 250=39.37%
  lat (msec)   : 500=5.99%, 750=0.34%, 1000=0.03%, 2000=0.01%
  cpu          : usr=0.66%, sys=1.75%, ctx=260424, majf=0, minf=95
  IO depths    : 1=0.1%, 2=0.1%, 4=0.1%, 8=0.1%, 16=0.1%, 32=0.1%, >=64=100.0%
     submit    : 0=0.0%, 4=100.0%, 8=0.0%, 16=0.0%, 32=0.0%, 64=0.0%, >=64=0.0%
     complete  : 0=0.0%, 4=100.0%, 8=0.0%, 16=0.0%, 32=0.0%, 64=0.1%, >=64=0.0%
     issued rwt: total=262144,0,0, short=0,0,0, dropped=0,0,0
     latency   : target=0, window=0, percentile=100.00%, depth=64

Run status group 0 (all jobs):
   READ: bw=2132KiB/s (2183kB/s), 2132KiB/s-2132KiB/s (2183kB/s-2183kB/s), io=1024MiB (1074MB), run=491871-491871msec

Disk stats (read/write):
  sdk: ios=262070/0, merge=0/0, ticks=31469053/0, in_queue=31470070, util=100.00%
