test: (g=0): rw=randwrite, bs=(R) 8192B-8192B, (W) 8192B-8192B, (T) 8192B-8192B, ioengine=libaio, iodepth=64
fio-3.1
Starting 1 process

test: (groupid=0, jobs=1): err= 0: pid=16110: Mon Jul 23 21:29:36 2018
  write: IOPS=420, BW=3368KiB/s (3448kB/s)(1024MiB/311375msec)
    slat (nsec): min=3260, max=62892, avg=19499.19, stdev=7953.59
    clat (usec): min=307, max=1113.4k, avg=152012.97, stdev=108510.79
     lat (usec): min=331, max=1113.5k, avg=152032.97, stdev=108512.22
    clat percentiles (msec):
     |  1.00th=[   14],  5.00th=[   20], 10.00th=[   26], 20.00th=[   66],
     | 30.00th=[   94], 40.00th=[  115], 50.00th=[  136], 60.00th=[  157],
     | 70.00th=[  180], 80.00th=[  211], 90.00th=[  292], 95.00th=[  380],
     | 99.00th=[  506], 99.50th=[  567], 99.90th=[  735], 99.95th=[  768],
     | 99.99th=[  835]
   bw (  KiB/s): min=  512, max=10208, per=99.64%, avg=3354.90, stdev=1006.34, samples=621
   iops        : min=   64, max= 1276, avg=419.36, stdev=125.80, samples=621
  lat (usec)   : 500=0.01%, 750=0.01%, 1000=0.01%
  lat (msec)   : 2=0.01%, 4=0.01%, 10=0.07%, 20=5.51%, 50=11.66%
  lat (msec)   : 100=15.50%, 250=53.62%, 500=12.56%, 750=1.01%, 1000=0.07%
  lat (msec)   : 2000=0.01%
  cpu          : usr=0.47%, sys=1.33%, ctx=130817, majf=0, minf=28
  IO depths    : 1=0.1%, 2=0.1%, 4=0.1%, 8=0.1%, 16=0.1%, 32=0.1%, >=64=100.0%
     submit    : 0=0.0%, 4=100.0%, 8=0.0%, 16=0.0%, 32=0.0%, 64=0.0%, >=64=0.0%
     complete  : 0=0.0%, 4=100.0%, 8=0.0%, 16=0.0%, 32=0.0%, 64=0.1%, >=64=0.0%
     issued rwt: total=0,131072,0, short=0,0,0, dropped=0,0,0
     latency   : target=0, window=0, percentile=100.00%, depth=64

Run status group 0 (all jobs):
  WRITE: bw=3368KiB/s (3448kB/s), 3368KiB/s-3368KiB/s (3448kB/s-3448kB/s), io=1024MiB (1074MB), run=311375-311375msec

Disk stats (read/write):
  sdk: ios=42/130986, merge=0/0, ticks=126/19923523, in_queue=19924445, util=100.00%
