test: (g=0): rw=randread, bs=(R) 4096B-4096B, (W) 4096B-4096B, (T) 4096B-4096B, ioengine=libaio, iodepth=64
fio-3.1
Starting 1 process

test: (groupid=0, jobs=1): err= 0: pid=12452: Mon Jul 23 18:20:23 2018
   read: IOPS=533, BW=2132KiB/s (2183kB/s)(1024MiB/491798msec)
    slat (usec): min=3, max=226, avg=15.77, stdev= 7.27
    clat (msec): min=2, max=1090, avg=120.05, stdev=75.57
     lat (msec): min=2, max=1090, avg=120.06, stdev=75.57
    clat percentiles (msec):
     |  1.00th=[   28],  5.00th=[   57], 10.00th=[   64], 20.00th=[   71],
     | 30.00th=[   78], 40.00th=[   85], 50.00th=[   95], 60.00th=[  109],
     | 70.00th=[  128], 80.00th=[  159], 90.00th=[  213], 95.00th=[  271],
     | 99.00th=[  414], 99.50th=[  472], 99.90th=[  609], 99.95th=[  667],
     | 99.99th=[  818]
   bw (  KiB/s): min=  872, max= 7192, per=99.78%, avg=2127.39, stdev=402.27, samples=983
   iops        : min=  218, max= 1798, avg=531.83, stdev=100.57, samples=983
  lat (msec)   : 4=0.01%, 10=0.04%, 20=0.43%, 50=3.20%, 100=50.62%
  lat (msec)   : 250=39.34%, 500=6.01%, 750=0.34%, 1000=0.02%, 2000=0.01%
  cpu          : usr=0.51%, sys=1.39%, ctx=260801, majf=0, minf=96
  IO depths    : 1=0.1%, 2=0.1%, 4=0.1%, 8=0.1%, 16=0.1%, 32=0.1%, >=64=100.0%
     submit    : 0=0.0%, 4=100.0%, 8=0.0%, 16=0.0%, 32=0.0%, 64=0.0%, >=64=0.0%
     complete  : 0=0.0%, 4=100.0%, 8=0.0%, 16=0.0%, 32=0.0%, 64=0.1%, >=64=0.0%
     issued rwt: total=262144,0,0, short=0,0,0, dropped=0,0,0
     latency   : target=0, window=0, percentile=100.00%, depth=64

Run status group 0 (all jobs):
   READ: bw=2132KiB/s (2183kB/s), 2132KiB/s-2132KiB/s (2183kB/s-2183kB/s), io=1024MiB (1074MB), run=491798-491798msec

Disk stats (read/write):
  sde: ios=261618/0, merge=0/0, ticks=31456155/0, in_queue=31456798, util=100.00%
