test: (g=0): rw=randread, bs=(R) 4096B-4096B, (W) 4096B-4096B, (T) 4096B-4096B, ioengine=libaio, iodepth=64
fio-3.1
Starting 1 process

test: (groupid=0, jobs=1): err= 0: pid=8461: Fri Jul 13 18:32:28 2018
   read: IOPS=496, BW=1985KiB/s (2032kB/s)(1024MiB/528343msec)
    slat (nsec): min=1342, max=54494, avg=13983.67, stdev=5089.98
    clat (usec): min=530, max=1416.2k, avg=128969.90, stdev=98829.72
     lat (usec): min=546, max=1416.2k, avg=128984.37, stdev=98829.92
    clat percentiles (msec):
     |  1.00th=[   13],  5.00th=[   27], 10.00th=[   38], 20.00th=[   57],
     | 30.00th=[   73], 40.00th=[   90], 50.00th=[  106], 60.00th=[  124],
     | 70.00th=[  146], 80.00th=[  180], 90.00th=[  249], 95.00th=[  321],
     | 99.00th=[  498], 99.50th=[  575], 99.90th=[  785], 99.95th=[  860],
     | 99.99th=[ 1053]
   bw (  KiB/s): min=  384, max= 7344, per=99.81%, avg=1980.19, stdev=395.67, samples=1056
   iops        : min=   96, max= 1836, avg=495.04, stdev=98.92, samples=1056
  lat (usec)   : 750=0.01%, 1000=0.01%
  lat (msec)   : 2=0.01%, 4=0.06%, 10=0.50%, 20=2.26%, 50=13.61%
  lat (msec)   : 100=30.19%, 250=43.59%, 500=8.79%, 750=0.84%, 1000=0.11%
  lat (msec)   : 2000=0.01%
  cpu          : usr=0.69%, sys=1.50%, ctx=258385, majf=0, minf=94
  IO depths    : 1=0.1%, 2=0.1%, 4=0.1%, 8=0.1%, 16=0.1%, 32=0.1%, >=64=100.0%
     submit    : 0=0.0%, 4=100.0%, 8=0.0%, 16=0.0%, 32=0.0%, 64=0.0%, >=64=0.0%
     complete  : 0=0.0%, 4=100.0%, 8=0.0%, 16=0.0%, 32=0.0%, 64=0.1%, >=64=0.0%
     issued rwt: total=262144,0,0, short=0,0,0, dropped=0,0,0
     latency   : target=0, window=0, percentile=100.00%, depth=64

Run status group 0 (all jobs):
   READ: bw=1985KiB/s (2032kB/s), 1985KiB/s-1985KiB/s (2032kB/s-2032kB/s), io=1024MiB (1074MB), run=528343-528343msec

Disk stats (read/write):
  sdn: ios=259434/0, merge=2708/0, ticks=33612626/0, in_queue=33612508, util=100.00%
