test: (g=0): rw=randwrite, bs=(R) 4096B-4096B, (W) 4096B-4096B, (T) 4096B-4096B, ioengine=libaio, iodepth=64
fio-3.1
Starting 1 process

test: (groupid=0, jobs=1): err= 0: pid=7865: Fri Jul 13 18:23:39 2018
  write: IOPS=386, BW=1547KiB/s (1584kB/s)(1024MiB/677993msec)
    slat (nsec): min=1757, max=70716, avg=17150.08, stdev=7790.31
    clat (usec): min=228, max=1213.8k, avg=165499.73, stdev=118291.64
     lat (usec): min=250, max=1213.9k, avg=165517.26, stdev=118293.38
    clat percentiles (msec):
     |  1.00th=[   12],  5.00th=[   18], 10.00th=[   25], 20.00th=[   71],
     | 30.00th=[  104], 40.00th=[  126], 50.00th=[  148], 60.00th=[  171],
     | 70.00th=[  197], 80.00th=[  232], 90.00th=[  326], 95.00th=[  409],
     | 99.00th=[  542], 99.50th=[  592], 99.90th=[  776], 99.95th=[  844],
     | 99.99th=[  978]
   bw (  KiB/s): min=  256, max= 8200, per=99.77%, avg=1542.41, stdev=486.20, samples=1354
   iops        : min=   64, max= 2050, avg=385.59, stdev=121.55, samples=1354
  lat (usec)   : 250=0.01%, 500=0.01%, 1000=0.01%
  lat (msec)   : 2=0.01%, 4=0.04%, 10=0.49%, 20=6.37%, 50=10.14%
  lat (msec)   : 100=11.62%, 250=54.55%, 500=15.11%, 750=1.54%, 1000=0.13%
  lat (msec)   : 2000=0.01%
  cpu          : usr=0.46%, sys=1.23%, ctx=259376, majf=0, minf=27
  IO depths    : 1=0.1%, 2=0.1%, 4=0.1%, 8=0.1%, 16=0.1%, 32=0.1%, >=64=100.0%
     submit    : 0=0.0%, 4=100.0%, 8=0.0%, 16=0.0%, 32=0.0%, 64=0.0%, >=64=0.0%
     complete  : 0=0.0%, 4=100.0%, 8=0.0%, 16=0.0%, 32=0.0%, 64=0.1%, >=64=0.0%
     issued rwt: total=0,262144,0, short=0,0,0, dropped=0,0,0
     latency   : target=0, window=0, percentile=100.00%, depth=64

Run status group 0 (all jobs):
  WRITE: bw=1547KiB/s (1584kB/s), 1547KiB/s-1547KiB/s (1584kB/s-1584kB/s), io=1024MiB (1074MB), run=677993-677993msec

Disk stats (read/write):
  sdn: ios=40/258978, merge=0/2477, ticks=18387/43122294, in_queue=43145255, util=100.00%
