test: (g=0): rw=randread, bs=(R) 64.0KiB-64.0KiB, (W) 64.0KiB-64.0KiB, (T) 64.0KiB-64.0KiB, ioengine=libaio, iodepth=64
fio-3.1
Starting 1 process

test: (groupid=0, jobs=1): err= 0: pid=4878: Tue Jul 24 16:34:04 2018
   read: IOPS=464, BW=29.0MiB/s (30.4MB/s)(1024MiB/35297msec)
    slat (usec): min=7, max=173, avg=30.51, stdev= 9.68
    clat (msec): min=5, max=1039, avg=137.83, stdev=87.05
     lat (msec): min=5, max=1039, avg=137.86, stdev=87.06
    clat percentiles (msec):
     |  1.00th=[   56],  5.00th=[   68], 10.00th=[   74], 20.00th=[   82],
     | 30.00th=[   89], 40.00th=[   96], 50.00th=[  107], 60.00th=[  123],
     | 70.00th=[  146], 80.00th=[  178], 90.00th=[  243], 95.00th=[  309],
     | 99.00th=[  481], 99.50th=[  567], 99.90th=[  743], 99.95th=[  827],
     | 99.99th=[ 1028]
   bw (  KiB/s): min=25216, max=40064, per=99.42%, avg=29536.06, stdev=2817.97, samples=70
   iops        : min=  394, max=  626, avg=461.50, stdev=44.03, samples=70
  lat (msec)   : 10=0.02%, 20=0.02%, 50=0.52%, 100=43.15%, 250=47.10%
  lat (msec)   : 500=8.32%, 750=0.76%, 1000=0.08%, 2000=0.02%
  cpu          : usr=0.58%, sys=2.00%, ctx=16384, majf=0, minf=544
  IO depths    : 1=0.1%, 2=0.1%, 4=0.1%, 8=0.1%, 16=0.1%, 32=0.2%, >=64=99.6%
     submit    : 0=0.0%, 4=100.0%, 8=0.0%, 16=0.0%, 32=0.0%, 64=0.0%, >=64=0.0%
     complete  : 0=0.0%, 4=100.0%, 8=0.0%, 16=0.0%, 32=0.0%, 64=0.1%, >=64=0.0%
     issued rwt: total=16384,0,0, short=0,0,0, dropped=0,0,0
     latency   : target=0, window=0, percentile=100.00%, depth=64

Run status group 0 (all jobs):
   READ: bw=29.0MiB/s (30.4MB/s), 29.0MiB/s-29.0MiB/s (30.4MB/s-30.4MB/s), io=1024MiB (1074MB), run=35297-35297msec

Disk stats (read/write):
  sdd: ios=16257/2, merge=0/0, ticks=2245322/114, in_queue=2248591, util=99.78%
