test: (g=0): rw=read, bs=(R) 1024KiB-1024KiB, (W) 1024KiB-1024KiB, (T) 1024KiB-1024KiB, ioengine=libaio, iodepth=64
fio-3.1
Starting 1 process

test: (groupid=0, jobs=1): err= 0: pid=14051: Mon Jul 23 17:29:13 2018
   read: IOPS=206, BW=206MiB/s (216MB/s)(1024MiB/4963msec)
    slat (usec): min=39, max=42912, avg=4661.73, stdev=12334.54
    clat (msec): min=121, max=464, avg=303.30, stdev=34.65
     lat (msec): min=121, max=503, avg=307.96, stdev=33.22
    clat percentiles (msec):
     |  1.00th=[  188],  5.00th=[  259], 10.00th=[  275], 20.00th=[  296],
     | 30.00th=[  296], 40.00th=[  296], 50.00th=[  317], 60.00th=[  317],
     | 70.00th=[  321], 80.00th=[  321], 90.00th=[  321], 95.00th=[  321],
     | 99.00th=[  426], 99.50th=[  464], 99.90th=[  464], 99.95th=[  464],
     | 99.99th=[  464]
   bw (  KiB/s): min=167936, max=229376, per=97.58%, avg=206165.33, stdev=17377.86, samples=9
   iops        : min=  164, max=  224, avg=201.33, stdev=16.97, samples=9
  lat (msec)   : 250=4.00%, 500=96.00%
  cpu          : usr=0.06%, sys=2.34%, ctx=162, majf=0, minf=574
  IO depths    : 1=0.1%, 2=0.2%, 4=0.4%, 8=0.8%, 16=1.6%, 32=3.1%, >=64=93.8%
     submit    : 0=0.0%, 4=100.0%, 8=0.0%, 16=0.0%, 32=0.0%, 64=0.0%, >=64=0.0%
     complete  : 0=0.0%, 4=99.9%, 8=0.0%, 16=0.0%, 32=0.0%, 64=0.1%, >=64=0.0%
     issued rwt: total=1024,0,0, short=0,0,0, dropped=0,0,0
     latency   : target=0, window=0, percentile=100.00%, depth=64

Run status group 0 (all jobs):
   READ: bw=206MiB/s (216MB/s), 206MiB/s-206MiB/s (216MB/s-216MB/s), io=1024MiB (1074MB), run=4963-4963msec

Disk stats (read/write):
  sdd: ios=4042/0, merge=0/0, ticks=687274/0, in_queue=694960, util=98.02%
