test: (g=0): rw=write, bs=(R) 64.0KiB-64.0KiB, (W) 64.0KiB-64.0KiB, (T) 64.0KiB-64.0KiB, ioengine=libaio, iodepth=64
fio-3.1
Starting 1 process

test: (groupid=0, jobs=1): err= 0: pid=13820: Mon Jul 23 17:28:46 2018
  write: IOPS=3190, BW=199MiB/s (209MB/s)(1024MiB/5135msec)
    slat (nsec): min=6764, max=66222, avg=21376.54, stdev=8695.75
    clat (usec): min=659, max=70855, avg=20028.51, stdev=4958.91
     lat (usec): min=686, max=70884, avg=20050.04, stdev=4958.93
    clat percentiles (usec):
     |  1.00th=[18220],  5.00th=[18220], 10.00th=[18220], 20.00th=[18220],
     | 30.00th=[18482], 40.00th=[19530], 50.00th=[19530], 60.00th=[19792],
     | 70.00th=[19792], 80.00th=[19792], 90.00th=[20317], 95.00th=[20317],
     | 99.00th=[53216], 99.50th=[56361], 99.90th=[69731], 99.95th=[70779],
     | 99.99th=[70779]
   bw (  KiB/s): min=184064, max=222848, per=99.99%, avg=204185.60, stdev=11304.62, samples=10
   iops        : min= 2876, max= 3482, avg=3190.40, stdev=176.63, samples=10
  lat (usec)   : 750=0.01%, 1000=0.01%
  lat (msec)   : 2=0.01%, 4=0.02%, 10=0.09%, 20=81.21%, 50=17.19%
  lat (msec)   : 100=1.47%
  cpu          : usr=1.95%, sys=8.49%, ctx=16264, majf=0, minf=27
  IO depths    : 1=0.1%, 2=0.1%, 4=0.1%, 8=0.1%, 16=0.1%, 32=0.2%, >=64=99.6%
     submit    : 0=0.0%, 4=100.0%, 8=0.0%, 16=0.0%, 32=0.0%, 64=0.0%, >=64=0.0%
     complete  : 0=0.0%, 4=100.0%, 8=0.0%, 16=0.0%, 32=0.0%, 64=0.1%, >=64=0.0%
     issued rwt: total=0,16384,0, short=0,0,0, dropped=0,0,0
     latency   : target=0, window=0, percentile=100.00%, depth=64

Run status group 0 (all jobs):
  WRITE: bw=199MiB/s (209MB/s), 199MiB/s-199MiB/s (209MB/s-209MB/s), io=1024MiB (1074MB), run=5135-5135msec

Disk stats (read/write):
  sdd: ios=43/15607, merge=0/0, ticks=3427/312160, in_queue=316241, util=100.00%
