test: (g=0): rw=write, bs=(R) 1024KiB-1024KiB, (W) 1024KiB-1024KiB, (T) 1024KiB-1024KiB, ioengine=libaio, iodepth=64
fio-3.1
Starting 1 process

test: (groupid=0, jobs=1): err= 0: pid=22057: Fri Aug 17 16:51:42 2018
  write: IOPS=466, BW=466MiB/s (489MB/s)(1024MiB/2196msec)
    slat (usec): min=69, max=21324, avg=2065.83, stdev=5128.98
    clat (msec): min=55, max=196, avg=134.20, stdev=14.06
     lat (msec): min=55, max=211, avg=136.26, stdev=13.44
    clat percentiles (msec):
     |  1.00th=[   79],  5.00th=[  117], 10.00th=[  121], 20.00th=[  133],
     | 30.00th=[  134], 40.00th=[  134], 50.00th=[  138], 60.00th=[  138],
     | 70.00th=[  138], 80.00th=[  140], 90.00th=[  144], 95.00th=[  146],
     | 99.00th=[  180], 99.50th=[  197], 99.90th=[  197], 99.95th=[  197],
     | 99.99th=[  197]
   bw (  KiB/s): min=413696, max=491520, per=96.83%, avg=462336.00, stdev=33792.00, samples=4
   iops        : min=  404, max=  480, avg=451.50, stdev=33.00, samples=4
  lat (msec)   : 100=3.22%, 250=96.78%
  cpu          : usr=4.28%, sys=4.10%, ctx=161, majf=0, minf=28
  IO depths    : 1=0.1%, 2=0.2%, 4=0.4%, 8=0.8%, 16=1.6%, 32=3.1%, >=64=93.8%
     submit    : 0=0.0%, 4=100.0%, 8=0.0%, 16=0.0%, 32=0.0%, 64=0.0%, >=64=0.0%
     complete  : 0=0.0%, 4=99.9%, 8=0.0%, 16=0.0%, 32=0.0%, 64=0.1%, >=64=0.0%
     issued rwt: total=0,1024,0, short=0,0,0, dropped=0,0,0
     latency   : target=0, window=0, percentile=100.00%, depth=64

Run status group 0 (all jobs):
  WRITE: bw=466MiB/s (489MB/s), 466MiB/s-466MiB/s (489MB/s-489MB/s), io=1024MiB (1074MB), run=2196-2196msec

Disk stats (read/write):
  sdb: ios=42/3942, merge=0/0, ticks=21/294905, in_queue=300185, util=94.52%
