test: (g=0): rw=randwrite, bs=(R) 64.0KiB-64.0KiB, (W) 64.0KiB-64.0KiB, (T) 64.0KiB-64.0KiB, ioengine=libaio, iodepth=64
fio-3.1
Starting 1 process

test: (groupid=0, jobs=1): err= 0: pid=22330: Fri Aug 17 16:52:03 2018
  write: IOPS=7301, BW=456MiB/s (478MB/s)(1024MiB/2244msec)
    slat (nsec): min=4608, max=59602, avg=10428.78, stdev=3352.07
    clat (usec): min=547, max=16707, avg=8751.98, stdev=936.09
     lat (usec): min=557, max=16715, avg=8762.50, stdev=936.16
    clat percentiles (usec):
     |  1.00th=[ 8160],  5.00th=[ 8291], 10.00th=[ 8356], 20.00th=[ 8455],
     | 30.00th=[ 8455], 40.00th=[ 8586], 50.00th=[ 8586], 60.00th=[ 8717],
     | 70.00th=[ 8717], 80.00th=[ 8848], 90.00th=[ 8979], 95.00th=[ 9241],
     | 99.00th=[14091], 99.50th=[15139], 99.90th=[15270], 99.95th=[15664],
     | 99.99th=[16581]
   bw (  KiB/s): min=459520, max=471680, per=99.89%, avg=466752.00, stdev=5388.68, samples=4
   iops        : min= 7180, max= 7370, avg=7293.00, stdev=84.20, samples=4
  lat (usec)   : 750=0.03%, 1000=0.01%
  lat (msec)   : 2=0.05%, 4=0.10%, 10=96.75%, 20=3.06%
  cpu          : usr=2.41%, sys=10.03%, ctx=16372, majf=0, minf=28
  IO depths    : 1=0.1%, 2=0.1%, 4=0.1%, 8=0.1%, 16=0.1%, 32=0.2%, >=64=99.6%
     submit    : 0=0.0%, 4=100.0%, 8=0.0%, 16=0.0%, 32=0.0%, 64=0.0%, >=64=0.0%
     complete  : 0=0.0%, 4=100.0%, 8=0.0%, 16=0.0%, 32=0.0%, 64=0.1%, >=64=0.0%
     issued rwt: total=0,16384,0, short=0,0,0, dropped=0,0,0
     latency   : target=0, window=0, percentile=100.00%, depth=64

Run status group 0 (all jobs):
  WRITE: bw=456MiB/s (478MB/s), 456MiB/s-456MiB/s (478MB/s-478MB/s), io=1024MiB (1074MB), run=2244-2244msec

Disk stats (read/write):
  sdb: ios=42/15676, merge=0/0, ticks=21/136828, in_queue=137122, util=95.82%
