test: (g=0): rw=write, bs=(R) 512KiB-512KiB, (W) 512KiB-512KiB, (T) 512KiB-512KiB, ioengine=libaio, iodepth=64
fio-3.1
Starting 1 process

test: (groupid=0, jobs=1): err= 0: pid=35742: Sun Jul 15 07:03:54 2018
  write: IOPS=407, BW=204MiB/s (213MB/s)(1024MiB/5031msec)
    slat (usec): min=31, max=197, avg=124.54, stdev=35.95
    clat (msec): min=16, max=325, avg=156.94, stdev=24.56
     lat (msec): min=16, max=325, avg=157.06, stdev=24.55
    clat percentiles (msec):
     |  1.00th=[  148],  5.00th=[  148], 10.00th=[  148], 20.00th=[  150],
     | 30.00th=[  150], 40.00th=[  150], 50.00th=[  153], 60.00th=[  153],
     | 70.00th=[  153], 80.00th=[  153], 90.00th=[  159], 95.00th=[  199],
     | 99.00th=[  288], 99.50th=[  305], 99.90th=[  321], 99.95th=[  326],
     | 99.99th=[  326]
   bw (  KiB/s): min=139264, max=221184, per=97.53%, avg=203264.00, stdev=27579.44, samples=10
   iops        : min=  272, max=  432, avg=397.00, stdev=53.87, samples=10
  lat (msec)   : 20=0.05%, 100=0.10%, 250=97.17%, 500=2.69%
  cpu          : usr=1.89%, sys=4.17%, ctx=2049, majf=0, minf=28
  IO depths    : 1=0.1%, 2=0.1%, 4=0.2%, 8=0.4%, 16=0.8%, 32=1.6%, >=64=96.9%
     submit    : 0=0.0%, 4=100.0%, 8=0.0%, 16=0.0%, 32=0.0%, 64=0.0%, >=64=0.0%
     complete  : 0=0.0%, 4=99.9%, 8=0.0%, 16=0.0%, 32=0.0%, 64=0.1%, >=64=0.0%
     issued rwt: total=0,2048,0, short=0,0,0, dropped=0,0,0
     latency   : target=0, window=0, percentile=100.00%, depth=64

Run status group 0 (all jobs):
  WRITE: bw=204MiB/s (213MB/s), 204MiB/s-204MiB/s (213MB/s-213MB/s), io=1024MiB (1074MB), run=5031-5031msec

Disk stats (read/write):
  sdk: ios=0/3958, merge=0/0, ticks=0/610777, in_queue=620204, util=97.73%
