test: (g=0): rw=read, bs=(R) 512KiB-512KiB, (W) 512KiB-512KiB, (T) 512KiB-512KiB, ioengine=libaio, iodepth=64
fio-3.1
Starting 1 process

test: (groupid=0, jobs=1): err= 0: pid=30340: Sun Jul 15 05:34:38 2018
   read: IOPS=407, BW=204MiB/s (214MB/s)(1024MiB/5029msec)
    slat (usec): min=18, max=602, avg=93.73, stdev=45.07
    clat (msec): min=8, max=310, avg=156.81, stdev=23.80
     lat (msec): min=8, max=310, avg=156.91, stdev=23.80
    clat percentiles (msec):
     |  1.00th=[   48],  5.00th=[  150], 10.00th=[  153], 20.00th=[  155],
     | 30.00th=[  155], 40.00th=[  157], 50.00th=[  157], 60.00th=[  157],
     | 70.00th=[  157], 80.00th=[  159], 90.00th=[  163], 95.00th=[  194],
     | 99.00th=[  262], 99.50th=[  288], 99.90th=[  305], 99.95th=[  309],
     | 99.99th=[  309]
   bw (  KiB/s): min=155648, max=214016, per=97.49%, avg=203264.00, stdev=17572.87, samples=10
   iops        : min=  304, max=  418, avg=397.00, stdev=34.32, samples=10
  lat (msec)   : 10=0.24%, 20=0.20%, 50=0.59%, 100=1.07%, 250=96.68%
  lat (msec)   : 500=1.22%
  cpu          : usr=0.44%, sys=4.59%, ctx=2044, majf=0, minf=559
  IO depths    : 1=0.1%, 2=0.1%, 4=0.2%, 8=0.4%, 16=0.8%, 32=1.6%, >=64=96.9%
     submit    : 0=0.0%, 4=100.0%, 8=0.0%, 16=0.0%, 32=0.0%, 64=0.0%, >=64=0.0%
     complete  : 0=0.0%, 4=99.9%, 8=0.0%, 16=0.0%, 32=0.0%, 64=0.1%, >=64=0.0%
     issued rwt: total=2048,0,0, short=0,0,0, dropped=0,0,0
     latency   : target=0, window=0, percentile=100.00%, depth=64

Run status group 0 (all jobs):
   READ: bw=204MiB/s (214MB/s), 204MiB/s-204MiB/s (214MB/s-214MB/s), io=1024MiB (1074MB), run=5029-5029msec

Disk stats (read/write):
  sdi: ios=3983/1, merge=0/0, ticks=612413/1106, in_queue=623302, util=98.03%
