test: (g=0): rw=write, bs=(R) 64.0KiB-64.0KiB, (W) 64.0KiB-64.0KiB, (T) 64.0KiB-64.0KiB, ioengine=libaio, iodepth=64
fio-3.1
Starting 1 process
test: Laying out IO file (1 file / 1024MiB)

test: (groupid=0, jobs=1): err= 0: pid=30189: Sun Jul 15 05:34:21 2018
  write: IOPS=2901, BW=181MiB/s (190MB/s)(1024MiB/5647msec)
    slat (usec): min=5, max=197, avg=19.48, stdev= 9.81
    clat (usec): min=845, max=269778, avg=22029.78, stdev=18712.05
     lat (usec): min=1049, max=269789, avg=22049.43, stdev=18711.71
    clat percentiles (msec):
     |  1.00th=[   19],  5.00th=[   19], 10.00th=[   20], 20.00th=[   20],
     | 30.00th=[   20], 40.00th=[   20], 50.00th=[   20], 60.00th=[   20],
     | 70.00th=[   20], 80.00th=[   21], 90.00th=[   24], 95.00th=[   28],
     | 99.00th=[   57], 99.50th=[  188], 99.90th=[  268], 99.95th=[  271],
     | 99.99th=[  271]
   bw (  KiB/s): min=120448, max=209792, per=99.70%, avg=185134.55, stdev=30506.79, samples=11
   iops        : min= 1882, max= 3278, avg=2892.73, stdev=476.67, samples=11
  lat (usec)   : 1000=0.01%
  lat (msec)   : 20=83.73%, 50=14.67%, 100=0.82%, 250=0.38%, 500=0.39%
  cpu          : usr=1.52%, sys=7.35%, ctx=8714, majf=0, minf=27
  IO depths    : 1=0.1%, 2=0.1%, 4=0.1%, 8=0.1%, 16=0.1%, 32=0.2%, >=64=99.6%
     submit    : 0=0.0%, 4=100.0%, 8=0.0%, 16=0.0%, 32=0.0%, 64=0.0%, >=64=0.0%
     complete  : 0=0.0%, 4=100.0%, 8=0.0%, 16=0.0%, 32=0.0%, 64=0.1%, >=64=0.0%
     issued rwt: total=0,16384,0, short=0,0,0, dropped=0,0,0
     latency   : target=0, window=0, percentile=100.00%, depth=64

Run status group 0 (all jobs):
  WRITE: bw=181MiB/s (190MB/s), 181MiB/s-181MiB/s (190MB/s-190MB/s), io=1024MiB (1074MB), run=5647-5647msec

Disk stats (read/write):
  sdi: ios=0/8658, merge=0/7650, ticks=0/190481, in_queue=190835, util=98.25%
