test: (g=0): rw=write, bs=(R) 1024KiB-1024KiB, (W) 1024KiB-1024KiB, (T) 1024KiB-1024KiB, ioengine=libaio, iodepth=64
fio-3.1
Starting 1 process

test: (groupid=0, jobs=1): err= 0: pid=39734: Wed Jul 11 16:25:31 2018
  write: IOPS=198, BW=199MiB/s (208MB/s)(1024MiB/5151msec)
    slat (usec): min=64, max=75359, avg=4850.35, stdev=12811.58
    clat (msec): min=132, max=434, avg=314.72, stdev=35.02
     lat (msec): min=132, max=434, avg=319.57, stdev=33.32
    clat percentiles (msec):
     |  1.00th=[  182],  5.00th=[  255], 10.00th=[  284], 20.00th=[  296],
     | 30.00th=[  305], 40.00th=[  305], 50.00th=[  321], 60.00th=[  330],
     | 70.00th=[  334], 80.00th=[  342], 90.00th=[  351], 95.00th=[  351],
     | 99.00th=[  397], 99.50th=[  435], 99.90th=[  435], 99.95th=[  435],
     | 99.99th=[  435]
   bw (  KiB/s): min=149504, max=229376, per=96.70%, avg=196852.20, stdev=21336.96, samples=10
   iops        : min=  146, max=  224, avg=192.20, stdev=20.84, samples=10
  lat (msec)   : 250=4.00%, 500=96.00%
  cpu          : usr=1.79%, sys=1.63%, ctx=164, majf=0, minf=28
  IO depths    : 1=0.1%, 2=0.2%, 4=0.4%, 8=0.8%, 16=1.6%, 32=3.1%, >=64=93.8%
     submit    : 0=0.0%, 4=100.0%, 8=0.0%, 16=0.0%, 32=0.0%, 64=0.0%, >=64=0.0%
     complete  : 0=0.0%, 4=99.9%, 8=0.0%, 16=0.0%, 32=0.0%, 64=0.1%, >=64=0.0%
     issued rwt: total=0,1024,0, short=0,0,0, dropped=0,0,0
     latency   : target=0, window=0, percentile=100.00%, depth=64

Run status group 0 (all jobs):
  WRITE: bw=199MiB/s (208MB/s), 199MiB/s-199MiB/s (208MB/s-208MB/s), io=1024MiB (1074MB), run=5151-5151msec

Disk stats (read/write):
  sde: ios=7/4065, merge=0/0, ticks=4366/714395, in_queue=723849, util=97.92%
