test: (g=0): rw=randwrite, bs=(R) 4096B-4096B, (W) 4096B-4096B, (T) 4096B-4096B, ioengine=libaio, iodepth=64
fio-3.1
Starting 1 process

test: (groupid=0, jobs=1): err= 0: pid=9380: Thu Jul 12 13:51:13 2018
  write: IOPS=63.7k, BW=249MiB/s (261MB/s)(1024MiB/4114msec)
    slat (nsec): min=1264, max=102755, avg=2647.27, stdev=1734.89
    clat (usec): min=303, max=6192, avg=1000.95, stdev=363.84
     lat (usec): min=307, max=6194, avg=1003.64, stdev=363.83
    clat percentiles (usec):
     |  1.00th=[  490],  5.00th=[  570], 10.00th=[  627], 20.00th=[  717],
     | 30.00th=[  799], 40.00th=[  881], 50.00th=[  963], 60.00th=[ 1045],
     | 70.00th=[ 1139], 80.00th=[ 1221], 90.00th=[ 1352], 95.00th=[ 1467],
     | 99.00th=[ 2376], 99.50th=[ 2868], 99.90th=[ 4047], 99.95th=[ 4752],
     | 99.99th=[ 5342]
   bw (  KiB/s): min=251760, max=256128, per=99.87%, avg=254547.00, stdev=1854.49, samples=8
   iops        : min=62940, max=64032, avg=63636.75, stdev=463.62, samples=8
  lat (usec)   : 500=1.50%, 750=22.55%, 1000=30.31%
  lat (msec)   : 2=43.97%, 4=1.56%, 10=0.11%
  cpu          : usr=14.15%, sys=39.68%, ctx=237367, majf=0, minf=120
  IO depths    : 1=0.1%, 2=0.1%, 4=0.1%, 8=0.1%, 16=0.1%, 32=0.1%, >=64=100.0%
     submit    : 0=0.0%, 4=100.0%, 8=0.0%, 16=0.0%, 32=0.0%, 64=0.0%, >=64=0.0%
     complete  : 0=0.0%, 4=100.0%, 8=0.0%, 16=0.0%, 32=0.0%, 64=0.1%, >=64=0.0%
     issued rwt: total=0,262144,0, short=0,0,0, dropped=0,0,0
     latency   : target=0, window=0, percentile=100.00%, depth=64

Run status group 0 (all jobs):
  WRITE: bw=249MiB/s (261MB/s), 249MiB/s-249MiB/s (261MB/s-261MB/s), io=1024MiB (1074MB), run=4114-4114msec

Disk stats (read/write):
  sda: ios=40/247160, merge=0/907, ticks=14/246811, in_queue=247164, util=97.70%
