test: (g=0): rw=randread, bs=(R) 8192B-8192B, (W) 8192B-8192B, (T) 8192B-8192B, ioengine=libaio, iodepth=64
fio-3.1
Starting 1 process

test: (groupid=0, jobs=1): err= 0: pid=21010: Sun Jul 15 07:43:38 2018
   read: IOPS=506, BW=4049KiB/s (4146kB/s)(1024MiB/258989msec)
    slat (nsec): min=1512, max=68355, avg=13786.82, stdev=6474.55
    clat (usec): min=713, max=1212.9k, avg=126440.04, stdev=93576.27
     lat (usec): min=722, max=1212.9k, avg=126454.24, stdev=93576.46
    clat percentiles (msec):
     |  1.00th=[   14],  5.00th=[   27], 10.00th=[   38], 20.00th=[   56],
     | 30.00th=[   73], 40.00th=[   89], 50.00th=[  105], 60.00th=[  123],
     | 70.00th=[  144], 80.00th=[  178], 90.00th=[  243], 95.00th=[  309],
     | 99.00th=[  472], 99.50th=[  542], 99.90th=[  709], 99.95th=[  785],
     | 99.99th=[  944]
   bw (  KiB/s): min= 1552, max= 9168, per=99.70%, avg=4035.94, stdev=678.59, samples=517
   iops        : min=  194, max= 1146, avg=504.48, stdev=84.82, samples=517
  lat (usec)   : 750=0.01%, 1000=0.01%
  lat (msec)   : 2=0.01%, 4=0.04%, 10=0.41%, 20=2.25%, 50=13.94%
  lat (msec)   : 100=30.48%, 250=43.71%, 500=8.42%, 750=0.69%, 1000=0.06%
  lat (msec)   : 2000=0.01%
  cpu          : usr=0.59%, sys=1.47%, ctx=128280, majf=0, minf=457
  IO depths    : 1=0.1%, 2=0.1%, 4=0.1%, 8=0.1%, 16=0.1%, 32=0.1%, >=64=100.0%
     submit    : 0=0.0%, 4=100.0%, 8=0.0%, 16=0.0%, 32=0.0%, 64=0.0%, >=64=0.0%
     complete  : 0=0.0%, 4=100.0%, 8=0.0%, 16=0.0%, 32=0.0%, 64=0.1%, >=64=0.0%
     issued rwt: total=131072,0,0, short=0,0,0, dropped=0,0,0
     latency   : target=0, window=0, percentile=100.00%, depth=64

Run status group 0 (all jobs):
   READ: bw=4049KiB/s (4146kB/s), 4049KiB/s-4049KiB/s (4146kB/s-4146kB/s), io=1024MiB (1074MB), run=258989-258989msec

Disk stats (read/write):
  sdk: ios=128949/6, merge=2003/0, ticks=16413346/3781, in_queue=16418136, util=100.00%
