test: (g=0): rw=randread, bs=(R) 8192B-8192B, (W) 8192B-8192B, (T) 8192B-8192B, ioengine=libaio, iodepth=64
fio-3.1
Starting 1 process

test: (groupid=0, jobs=1): err= 0: pid=10802: Mon Jul 23 17:27:50 2018
   read: IOPS=48.8k, BW=381MiB/s (400MB/s)(1024MiB/2685msec)
    slat (nsec): min=3002, max=47163, avg=5057.82, stdev=1335.84
    clat (usec): min=425, max=3599, avg=1304.77, stdev=140.20
     lat (usec): min=432, max=3604, avg=1309.96, stdev=140.18
    clat percentiles (usec):
     |  1.00th=[ 1012],  5.00th=[ 1090], 10.00th=[ 1139], 20.00th=[ 1205],
     | 30.00th=[ 1221], 40.00th=[ 1237], 50.00th=[ 1287], 60.00th=[ 1336],
     | 70.00th=[ 1385], 80.00th=[ 1418], 90.00th=[ 1483], 95.00th=[ 1532],
     | 99.00th=[ 1598], 99.50th=[ 1631], 99.90th=[ 1909], 99.95th=[ 2671],
     | 99.99th=[ 3163]
   bw (  KiB/s): min=389616, max=391616, per=100.00%, avg=390556.80, stdev=717.90, samples=5
   iops        : min=48702, max=48952, avg=48819.60, stdev=89.74, samples=5
  lat (usec)   : 500=0.02%, 750=0.02%, 1000=0.71%
  lat (msec)   : 2=99.16%, 4=0.09%
  cpu          : usr=9.80%, sys=34.71%, ctx=104067, majf=0, minf=159
  IO depths    : 1=0.1%, 2=0.1%, 4=0.1%, 8=0.1%, 16=0.1%, 32=0.1%, >=64=100.0%
     submit    : 0=0.0%, 4=100.0%, 8=0.0%, 16=0.0%, 32=0.0%, 64=0.0%, >=64=0.0%
     complete  : 0=0.0%, 4=100.0%, 8=0.0%, 16=0.0%, 32=0.0%, 64=0.1%, >=64=0.0%
     issued rwt: total=131072,0,0, short=0,0,0, dropped=0,0,0
     latency   : target=0, window=0, percentile=100.00%, depth=64

Run status group 0 (all jobs):
   READ: bw=381MiB/s (400MB/s), 381MiB/s-381MiB/s (400MB/s-400MB/s), io=1024MiB (1074MB), run=2685-2685msec

Disk stats (read/write):
  sda: ios=129300/0, merge=0/0, ticks=168365/0, in_queue=168395, util=96.40%
