test: (g=0): rw=write, bs=(R) 64.0KiB-64.0KiB, (W) 64.0KiB-64.0KiB, (T) 64.0KiB-64.0KiB, ioengine=libaio, iodepth=64
fio-3.1
Starting 1 process

test: (groupid=0, jobs=1): err= 0: pid=10391: Mon Jul 23 17:27:22 2018
  write: IOPS=7304, BW=457MiB/s (479MB/s)(1024MiB/2243msec)
    slat (nsec): min=5577, max=46121, avg=9224.35, stdev=2170.68
    clat (usec): min=598, max=17236, avg=8746.78, stdev=800.74
     lat (usec): min=609, max=17244, avg=8756.11, stdev=800.72
    clat percentiles (usec):
     |  1.00th=[ 8225],  5.00th=[ 8356], 10.00th=[ 8455], 20.00th=[ 8455],
     | 30.00th=[ 8586], 40.00th=[ 8586], 50.00th=[ 8717], 60.00th=[ 8717],
     | 70.00th=[ 8717], 80.00th=[ 8848], 90.00th=[ 8848], 95.00th=[ 9241],
     | 99.00th=[12387], 99.50th=[14746], 99.90th=[15926], 99.95th=[16188],
     | 99.99th=[17171]
   bw (  KiB/s): min=460928, max=474240, per=99.88%, avg=466944.00, stdev=6075.17, samples=4
   iops        : min= 7202, max= 7410, avg=7296.00, stdev=94.92, samples=4
  lat (usec)   : 750=0.03%, 1000=0.01%
  lat (msec)   : 2=0.05%, 4=0.10%, 10=97.53%, 20=2.28%
  cpu          : usr=2.23%, sys=8.34%, ctx=16370, majf=0, minf=29
  IO depths    : 1=0.1%, 2=0.1%, 4=0.1%, 8=0.1%, 16=0.1%, 32=0.2%, >=64=99.6%
     submit    : 0=0.0%, 4=100.0%, 8=0.0%, 16=0.0%, 32=0.0%, 64=0.0%, >=64=0.0%
     complete  : 0=0.0%, 4=100.0%, 8=0.0%, 16=0.0%, 32=0.0%, 64=0.1%, >=64=0.0%
     issued rwt: total=0,16384,0, short=0,0,0, dropped=0,0,0
     latency   : target=0, window=0, percentile=100.00%, depth=64

Run status group 0 (all jobs):
  WRITE: bw=457MiB/s (479MB/s), 457MiB/s-457MiB/s (479MB/s-479MB/s), io=1024MiB (1074MB), run=2243-2243msec

Disk stats (read/write):
  sda: ios=90/15682, merge=0/0, ticks=28/136943, in_queue=137258, util=96.04%
