test: (g=0): rw=randread, bs=(R) 64.0KiB-64.0KiB, (W) 64.0KiB-64.0KiB, (T) 64.0KiB-64.0KiB, ioengine=libaio, iodepth=64
fio-3.1
Starting 1 process

test: (groupid=0, jobs=1): err= 0: pid=10893: Mon Jul 23 17:27:55 2018
   read: IOPS=8220, BW=514MiB/s (539MB/s)(1024MiB/1993msec)
    slat (usec): min=5, max=563, avg=12.15, stdev= 7.16
    clat (usec): min=1505, max=15087, avg=7764.07, stdev=437.54
     lat (usec): min=1537, max=15110, avg=7776.36, stdev=436.74
    clat percentiles (usec):
     |  1.00th=[ 7373],  5.00th=[ 7504], 10.00th=[ 7504], 20.00th=[ 7570],
     | 30.00th=[ 7767], 40.00th=[ 7767], 50.00th=[ 7767], 60.00th=[ 7767],
     | 70.00th=[ 7832], 80.00th=[ 7832], 90.00th=[ 7963], 95.00th=[ 8160],
     | 99.00th=[ 8455], 99.50th=[ 8717], 99.90th=[13173], 99.95th=[14222],
     | 99.99th=[15008]
   bw (  KiB/s): min=525312, max=526720, per=100.00%, avg=526208.00, stdev=778.59, samples=3
   iops        : min= 8208, max= 8230, avg=8222.00, stdev=12.17, samples=3
  lat (msec)   : 2=0.12%, 4=0.13%, 10=99.49%, 20=0.27%
  cpu          : usr=2.91%, sys=14.21%, ctx=16354, majf=0, minf=545
  IO depths    : 1=0.1%, 2=0.1%, 4=0.1%, 8=0.1%, 16=0.1%, 32=0.2%, >=64=99.6%
     submit    : 0=0.0%, 4=100.0%, 8=0.0%, 16=0.0%, 32=0.0%, 64=0.0%, >=64=0.0%
     complete  : 0=0.0%, 4=100.0%, 8=0.0%, 16=0.0%, 32=0.0%, 64=0.1%, >=64=0.0%
     issued rwt: total=16384,0,0, short=0,0,0, dropped=0,0,0
     latency   : target=0, window=0, percentile=100.00%, depth=64

Run status group 0 (all jobs):
   READ: bw=514MiB/s (539MB/s), 514MiB/s-514MiB/s (539MB/s-539MB/s), io=1024MiB (1074MB), run=1993-1993msec

Disk stats (read/write):
  sda: ios=15623/0, merge=0/0, ticks=120985/0, in_queue=121246, util=95.05%
