test: (g=0): rw=write, bs=(R) 64.0KiB-64.0KiB, (W) 64.0KiB-64.0KiB, (T) 64.0KiB-64.0KiB, ioengine=libaio, iodepth=64
fio-3.1
Starting 1 process

test: (groupid=0, jobs=1): err= 0: pid=32825: Thu Jul 12 15:49:03 2018
  write: IOPS=3265, BW=204MiB/s (214MB/s)(1024MiB/5018msec)
    slat (nsec): min=3386, max=74237, avg=17157.72, stdev=8548.23
    clat (usec): min=761, max=60771, avg=19392.21, stdev=3119.23
     lat (usec): min=792, max=60780, avg=19409.56, stdev=3119.13
    clat percentiles (usec):
     |  1.00th=[18482],  5.00th=[18482], 10.00th=[18482], 20.00th=[18482],
     | 30.00th=[18744], 40.00th=[18744], 50.00th=[18744], 60.00th=[19006],
     | 70.00th=[19006], 80.00th=[19006], 90.00th=[19530], 95.00th=[19530],
     | 99.00th=[38536], 99.50th=[41157], 99.90th=[44303], 99.95th=[44827],
     | 99.99th=[60556]
   bw (  KiB/s): min=189440, max=219648, per=99.97%, avg=208908.80, stdev=9993.38, samples=10
   iops        : min= 2960, max= 3432, avg=3264.20, stdev=156.15, samples=10
  lat (usec)   : 1000=0.01%
  lat (msec)   : 2=0.01%, 4=0.06%, 10=0.21%, 20=95.50%, 50=4.18%
  lat (msec)   : 100=0.03%
  cpu          : usr=1.83%, sys=7.65%, ctx=8457, majf=0, minf=28
  IO depths    : 1=0.1%, 2=0.1%, 4=0.1%, 8=0.1%, 16=0.1%, 32=0.2%, >=64=99.6%
     submit    : 0=0.0%, 4=100.0%, 8=0.0%, 16=0.0%, 32=0.0%, 64=0.0%, >=64=0.0%
     complete  : 0=0.0%, 4=100.0%, 8=0.0%, 16=0.0%, 32=0.0%, 64=0.1%, >=64=0.0%
     issued rwt: total=0,16384,0, short=0,0,0, dropped=0,0,0
     latency   : target=0, window=0, percentile=100.00%, depth=64

Run status group 0 (all jobs):
  WRITE: bw=204MiB/s (214MB/s), 204MiB/s-204MiB/s (214MB/s-214MB/s), io=1024MiB (1074MB), run=5018-5018msec

Disk stats (read/write):
  sdh: ios=10/8229, merge=0/7750, ticks=4215/159022, in_queue=164194, util=97.44%
