test: (g=0): rw=write, bs=(R) 1024KiB-1024KiB, (W) 1024KiB-1024KiB, (T) 1024KiB-1024KiB, ioengine=libaio, iodepth=64
fio-3.1
Starting 1 process

test: (groupid=0, jobs=1): err= 0: pid=32354: Thu Jul 12 15:19:49 2018
  write: IOPS=203, BW=204MiB/s (214MB/s)(1024MiB/5021msec)
    slat (usec): min=69, max=77000, avg=4723.13, stdev=12455.47
    clat (msec): min=141, max=446, avg=306.54, stdev=31.58
     lat (msec): min=142, max=447, avg=311.27, stdev=29.65
    clat percentiles (msec):
     |  1.00th=[  182],  5.00th=[  266], 10.00th=[  275], 20.00th=[  300],
     | 30.00th=[  300], 40.00th=[  305], 50.00th=[  309], 60.00th=[  313],
     | 70.00th=[  313], 80.00th=[  313], 90.00th=[  342], 95.00th=[  347],
     | 99.00th=[  409], 99.50th=[  447], 99.90th=[  447], 99.95th=[  447],
     | 99.99th=[  447]
   bw (  KiB/s): min=147456, max=212992, per=94.24%, avg=196812.80, stdev=26341.56, samples=10
   iops        : min=  144, max=  208, avg=192.20, stdev=25.72, samples=10
  lat (msec)   : 250=3.22%, 500=96.78%
  cpu          : usr=1.65%, sys=1.93%, ctx=163, majf=0, minf=28
  IO depths    : 1=0.1%, 2=0.2%, 4=0.4%, 8=0.8%, 16=1.6%, 32=3.1%, >=64=93.8%
     submit    : 0=0.0%, 4=100.0%, 8=0.0%, 16=0.0%, 32=0.0%, 64=0.0%, >=64=0.0%
     complete  : 0=0.0%, 4=99.9%, 8=0.0%, 16=0.0%, 32=0.0%, 64=0.1%, >=64=0.0%
     issued rwt: total=0,1024,0, short=0,0,0, dropped=0,0,0
     latency   : target=0, window=0, percentile=100.00%, depth=64

Run status group 0 (all jobs):
  WRITE: bw=204MiB/s (214MB/s), 204MiB/s-204MiB/s (214MB/s-214MB/s), io=1024MiB (1074MB), run=5021-5021msec

Disk stats (read/write):
  sdg: ios=7/3962, merge=0/0, ticks=4316/677773, in_queue=694296, util=97.90%
