test: (g=0): rw=read, bs=(R) 1024KiB-1024KiB, (W) 1024KiB-1024KiB, (T) 1024KiB-1024KiB, ioengine=libaio, iodepth=64
fio-3.1
Starting 1 process

test: (groupid=0, jobs=1): err= 0: pid=28771: Fri Aug 17 20:28:27 2018
   read: IOPS=206, BW=206MiB/s (216MB/s)(1024MiB/4969msec)
    slat (usec): min=37, max=43043, avg=4691.83, stdev=12414.62
    clat (msec): min=126, max=465, avg=303.83, stdev=36.20
     lat (msec): min=126, max=465, avg=308.52, stdev=34.71
    clat percentiles (msec):
     |  1.00th=[  161],  5.00th=[  262], 10.00th=[  266], 20.00th=[  296],
     | 30.00th=[  300], 40.00th=[  300], 50.00th=[  305], 60.00th=[  305],
     | 70.00th=[  330], 80.00th=[  330], 90.00th=[  330], 95.00th=[  330],
     | 99.00th=[  426], 99.50th=[  426], 99.90th=[  464], 99.95th=[  464],
     | 99.99th=[  464]
   bw (  KiB/s): min=163840, max=225280, per=96.40%, avg=203434.67, stdev=17854.05, samples=9
   iops        : min=  160, max=  220, avg=198.67, stdev=17.44, samples=9
  lat (msec)   : 250=4.79%, 500=95.21%
  cpu          : usr=0.00%, sys=2.44%, ctx=159, majf=0, minf=574
  IO depths    : 1=0.1%, 2=0.2%, 4=0.4%, 8=0.8%, 16=1.6%, 32=3.1%, >=64=93.8%
     submit    : 0=0.0%, 4=100.0%, 8=0.0%, 16=0.0%, 32=0.0%, 64=0.0%, >=64=0.0%
     complete  : 0=0.0%, 4=99.9%, 8=0.0%, 16=0.0%, 32=0.0%, 64=0.1%, >=64=0.0%
     issued rwt: total=1024,0,0, short=0,0,0, dropped=0,0,0
     latency   : target=0, window=0, percentile=100.00%, depth=64

Run status group 0 (all jobs):
   READ: bw=206MiB/s (216MB/s), 206MiB/s-206MiB/s (216MB/s-216MB/s), io=1024MiB (1074MB), run=4969-4969msec

Disk stats (read/write):
  sdn: ios=4027/0, merge=0/0, ticks=686042/0, in_queue=694865, util=98.03%
