test: (g=0): rw=write, bs=(R) 64.0KiB-64.0KiB, (W) 64.0KiB-64.0KiB, (T) 64.0KiB-64.0KiB, ioengine=libaio, iodepth=64
fio-3.1
Starting 1 process

test: (groupid=0, jobs=1): err= 0: pid=1119: Fri Jul 13 15:04:19 2018
  write: IOPS=3007, BW=188MiB/s (197MB/s)(1024MiB/5448msec)
    slat (nsec): min=3567, max=68737, avg=18408.79, stdev=8546.78
    clat (usec): min=11067, max=80734, avg=20909.63, stdev=4418.85
     lat (usec): min=11118, max=80747, avg=20928.25, stdev=4418.88
    clat percentiles (usec):
     |  1.00th=[19268],  5.00th=[19268], 10.00th=[19268], 20.00th=[19530],
     | 30.00th=[19792], 40.00th=[19792], 50.00th=[20055], 60.00th=[20317],
     | 70.00th=[21103], 80.00th=[21103], 90.00th=[21627], 95.00th=[21627],
     | 99.00th=[43254], 99.50th=[52691], 99.90th=[76022], 99.95th=[78119],
     | 99.99th=[79168]
   bw (  KiB/s): min=169600, max=209408, per=100.00%, avg=193092.30, stdev=14115.55, samples=10
   iops        : min= 2650, max= 3272, avg=3017.00, stdev=220.68, samples=10
  lat (msec)   : 20=54.68%, 50=44.70%, 100=0.62%
  cpu          : usr=2.02%, sys=7.47%, ctx=8459, majf=0, minf=28
  IO depths    : 1=0.1%, 2=0.1%, 4=0.1%, 8=0.1%, 16=0.1%, 32=0.2%, >=64=99.6%
     submit    : 0=0.0%, 4=100.0%, 8=0.0%, 16=0.0%, 32=0.0%, 64=0.0%, >=64=0.0%
     complete  : 0=0.0%, 4=100.0%, 8=0.0%, 16=0.0%, 32=0.0%, 64=0.1%, >=64=0.0%
     issued rwt: total=0,16384,0, short=0,0,0, dropped=0,0,0
     latency   : target=0, window=0, percentile=100.00%, depth=64

Run status group 0 (all jobs):
  WRITE: bw=188MiB/s (197MB/s), 188MiB/s-188MiB/s (197MB/s-197MB/s), io=1024MiB (1074MB), run=5448-5448msec

Disk stats (read/write):
  sdh: ios=6/8421, merge=0/7923, ticks=4217/174115, in_queue=179912, util=96.67%
