test: (g=0): rw=randwrite, bs=(R) 8192B-8192B, (W) 8192B-8192B, (T) 8192B-8192B, ioengine=libaio, iodepth=64
fio-3.1
Starting 1 process

test: (groupid=0, jobs=1): err= 0: pid=25770: Fri Aug 17 18:56:38 2018
  write: IOPS=618, BW=4948KiB/s (5066kB/s)(1024MiB/211935msec)
    slat (usec): min=2, max=441, avg= 7.57, stdev= 7.14
    clat (usec): min=233, max=831277, avg=103474.32, stdev=71854.54
     lat (usec): min=239, max=831281, avg=103482.01, stdev=71855.08
    clat percentiles (usec):
     |  1.00th=[   660],  5.00th=[   742], 10.00th=[ 23725], 20.00th=[ 48497],
     | 30.00th=[ 65799], 40.00th=[ 80217], 50.00th=[ 93848], 60.00th=[108528],
     | 70.00th=[127402], 80.00th=[149947], 90.00th=[189793], 95.00th=[227541],
     | 99.00th=[320865], 99.50th=[362808], 99.90th=[784335], 99.95th=[809501],
     | 99.99th=[826278]
   bw (  KiB/s): min=  128, max=131936, per=99.85%, avg=4939.46, stdev=6502.06, samples=423
   iops        : min=   16, max=16492, avg=617.43, stdev=812.76, samples=423
  lat (usec)   : 250=0.01%, 500=0.03%, 750=5.11%, 1000=0.95%
  lat (msec)   : 2=0.23%, 4=0.05%, 10=0.36%, 20=2.10%, 50=12.01%
  lat (msec)   : 100=33.55%, 250=42.34%, 500=3.06%, 750=0.07%, 1000=0.12%
  cpu          : usr=0.17%, sys=0.62%, ctx=57168, majf=0, minf=28
  IO depths    : 1=0.1%, 2=0.1%, 4=0.1%, 8=0.1%, 16=0.1%, 32=0.1%, >=64=100.0%
     submit    : 0=0.0%, 4=100.0%, 8=0.0%, 16=0.0%, 32=0.0%, 64=0.0%, >=64=0.0%
     complete  : 0=0.0%, 4=100.0%, 8=0.0%, 16=0.0%, 32=0.0%, 64=0.1%, >=64=0.0%
     issued rwt: total=0,131072,0, short=0,0,0, dropped=0,0,0
     latency   : target=0, window=0, percentile=100.00%, depth=64

Run status group 0 (all jobs):
  WRITE: bw=4948KiB/s (5066kB/s), 4948KiB/s-4948KiB/s (5066kB/s-5066kB/s), io=1024MiB (1074MB), run=211935-211935msec

Disk stats (read/write):
  sdi: ios=27/130939, merge=0/0, ticks=58/13554284, in_queue=13555481, util=100.00%
