test: (g=0): rw=read, bs=(R) 1024KiB-1024KiB, (W) 1024KiB-1024KiB, (T) 1024KiB-1024KiB, ioengine=libaio, iodepth=64
fio-3.1
Starting 1 process

test: (groupid=0, jobs=1): err= 0: pid=15947: Mon Jul 23 21:01:30 2018
   read: IOPS=195, BW=196MiB/s (205MB/s)(1024MiB/5227msec)
    slat (usec): min=39, max=46378, avg=4915.62, stdev=12999.63
    clat (msec): min=132, max=471, avg=319.23, stdev=35.25
     lat (msec): min=132, max=510, avg=324.15, stdev=33.64
    clat percentiles (msec):
     |  1.00th=[  190],  5.00th=[  275], 10.00th=[  279], 20.00th=[  313],
     | 30.00th=[  313], 40.00th=[  321], 50.00th=[  321], 60.00th=[  321],
     | 70.00th=[  342], 80.00th=[  342], 90.00th=[  342], 95.00th=[  342],
     | 99.00th=[  430], 99.50th=[  472], 99.90th=[  472], 99.95th=[  472],
     | 99.99th=[  472]
   bw (  KiB/s): min=151552, max=212992, per=97.39%, avg=195379.20, stdev=18525.31, samples=10
   iops        : min=  148, max=  208, avg=190.80, stdev=18.09, samples=10
  lat (msec)   : 250=4.00%, 500=96.00%
  cpu          : usr=0.00%, sys=2.45%, ctx=162, majf=0, minf=575
  IO depths    : 1=0.1%, 2=0.2%, 4=0.4%, 8=0.8%, 16=1.6%, 32=3.1%, >=64=93.8%
     submit    : 0=0.0%, 4=100.0%, 8=0.0%, 16=0.0%, 32=0.0%, 64=0.0%, >=64=0.0%
     complete  : 0=0.0%, 4=99.9%, 8=0.0%, 16=0.0%, 32=0.0%, 64=0.1%, >=64=0.0%
     issued rwt: total=1024,0,0, short=0,0,0, dropped=0,0,0
     latency   : target=0, window=0, percentile=100.00%, depth=64

Run status group 0 (all jobs):
   READ: bw=196MiB/s (205MB/s), 196MiB/s-196MiB/s (205MB/s-205MB/s), io=1024MiB (1074MB), run=5227-5227msec

Disk stats (read/write):
  sdk: ios=4030/0, merge=0/0, ticks=722063/0, in_queue=731155, util=98.13%
