test: (g=0): rw=randwrite, bs=(R) 8192B-8192B, (W) 8192B-8192B, (T) 8192B-8192B, ioengine=libaio, iodepth=64
fio-3.1
Starting 1 process

test: (groupid=0, jobs=1): err= 0: pid=17867: Mon Jul 23 23:01:05 2018
  write: IOPS=423, BW=3389KiB/s (3471kB/s)(1024MiB/309379msec)
    slat (nsec): min=3873, max=89108, avg=19456.80, stdev=8091.48
    clat (usec): min=352, max=1080.6k, avg=151038.76, stdev=108733.46
     lat (usec): min=356, max=1080.6k, avg=151058.71, stdev=108735.28
    clat percentiles (msec):
     |  1.00th=[   14],  5.00th=[   20], 10.00th=[   26], 20.00th=[   63],
     | 30.00th=[   92], 40.00th=[  113], 50.00th=[  134], 60.00th=[  157],
     | 70.00th=[  180], 80.00th=[  211], 90.00th=[  296], 95.00th=[  376],
     | 99.00th=[  514], 99.50th=[  567], 99.90th=[  693], 99.95th=[  735],
     | 99.99th=[  793]
   bw (  KiB/s): min=  656, max=13888, per=99.78%, avg=3381.41, stdev=1076.22, samples=618
   iops        : min=   82, max= 1736, avg=422.67, stdev=134.53, samples=618
  lat (usec)   : 500=0.01%, 750=0.01%, 1000=0.01%
  lat (msec)   : 2=0.01%, 4=0.01%, 10=0.06%, 20=5.83%, 50=12.01%
  lat (msec)   : 100=15.68%, 250=52.84%, 500=12.38%, 750=1.16%, 1000=0.03%
  lat (msec)   : 2000=0.01%
  cpu          : usr=0.50%, sys=1.32%, ctx=130729, majf=0, minf=27
  IO depths    : 1=0.1%, 2=0.1%, 4=0.1%, 8=0.1%, 16=0.1%, 32=0.1%, >=64=100.0%
     submit    : 0=0.0%, 4=100.0%, 8=0.0%, 16=0.0%, 32=0.0%, 64=0.0%, >=64=0.0%
     complete  : 0=0.0%, 4=100.0%, 8=0.0%, 16=0.0%, 32=0.0%, 64=0.1%, >=64=0.0%
     issued rwt: total=0,131072,0, short=0,0,0, dropped=0,0,0
     latency   : target=0, window=0, percentile=100.00%, depth=64

Run status group 0 (all jobs):
  WRITE: bw=3389KiB/s (3471kB/s), 3389KiB/s-3389KiB/s (3471kB/s-3471kB/s), io=1024MiB (1074MB), run=309379-309379msec

Disk stats (read/write):
  sdn: ios=40/130991, merge=0/0, ticks=112/19794873, in_queue=19796087, util=100.00%
