test: (g=0): rw=randwrite, bs=(R) 4096B-4096B, (W) 4096B-4096B, (T) 4096B-4096B, ioengine=libaio, iodepth=64
fio-3.1
Starting 1 process

test: (groupid=0, jobs=1): err= 0: pid=23373: Fri Aug 17 17:20:59 2018
  write: IOPS=818, BW=3275KiB/s (3354kB/s)(1024MiB/320131msec)
    slat (nsec): min=2209, max=87980, avg=4814.20, stdev=2327.89
    clat (usec): min=239, max=802209, avg=78150.98, stdev=64724.37
     lat (usec): min=245, max=802214, avg=78155.87, stdev=64724.60
    clat percentiles (usec):
     |  1.00th=[   611],  5.00th=[   644], 10.00th=[   717], 20.00th=[ 21103],
     | 30.00th=[ 39584], 40.00th=[ 54789], 50.00th=[ 68682], 60.00th=[ 84411],
     | 70.00th=[101188], 80.00th=[124257], 90.00th=[158335], 95.00th=[193987],
     | 99.00th=[270533], 99.50th=[316670], 99.90th=[534774], 99.95th=[658506],
     | 99.99th=[792724]
   bw (  KiB/s): min=  264, max=245800, per=100.00%, avg=3275.08, stdev=9640.33, samples=640
   iops        : min=   66, max=61450, avg=818.76, stdev=2410.08, samples=640
  lat (usec)   : 250=0.01%, 500=0.15%, 750=10.51%, 1000=1.04%
  lat (msec)   : 2=2.75%, 4=0.06%, 10=0.89%, 20=4.06%, 50=17.47%
  lat (msec)   : 100=32.11%, 250=29.51%, 500=1.32%, 750=0.12%, 1000=0.01%
  cpu          : usr=0.15%, sys=0.59%, ctx=214217, majf=0, minf=28
  IO depths    : 1=0.1%, 2=0.1%, 4=0.1%, 8=0.1%, 16=0.1%, 32=0.1%, >=64=100.0%
     submit    : 0=0.0%, 4=100.0%, 8=0.0%, 16=0.0%, 32=0.0%, 64=0.0%, >=64=0.0%
     complete  : 0=0.0%, 4=100.0%, 8=0.0%, 16=0.0%, 32=0.0%, 64=0.1%, >=64=0.0%
     issued rwt: total=0,262144,0, short=0,0,0, dropped=0,0,0
     latency   : target=0, window=0, percentile=100.00%, depth=64

Run status group 0 (all jobs):
  WRITE: bw=3275KiB/s (3354kB/s), 3275KiB/s-3275KiB/s (3354kB/s-3354kB/s), io=1024MiB (1074MB), run=320131-320131msec

Disk stats (read/write):
  sde: ios=34/262143, merge=0/0, ticks=3/20483046, in_queue=20483064, util=100.00%
