test: (g=0): rw=read, bs=(R) 512KiB-512KiB, (W) 512KiB-512KiB, (T) 512KiB-512KiB, ioengine=libaio, iodepth=64
fio-3.1
Starting 1 process

test: (groupid=0, jobs=1): err= 0: pid=32480: Tue Jul 24 17:02:30 2018
   read: IOPS=411, BW=206MiB/s (216MB/s)(1024MiB/4978msec)
    slat (usec): min=30, max=754, avg=107.09, stdev=53.36
    clat (msec): min=10, max=310, avg=155.18, stdev=22.91
     lat (msec): min=10, max=310, avg=155.28, stdev=22.90
    clat percentiles (msec):
     |  1.00th=[   46],  5.00th=[  153], 10.00th=[  153], 20.00th=[  153],
     | 30.00th=[  155], 40.00th=[  155], 50.00th=[  157], 60.00th=[  157],
     | 70.00th=[  157], 80.00th=[  159], 90.00th=[  159], 95.00th=[  161],
     | 99.00th=[  262], 99.50th=[  288], 99.90th=[  305], 99.95th=[  309],
     | 99.99th=[  309]
   bw (  KiB/s): min=207872, max=214016, per=100.00%, avg=210944.00, stdev=2231.76, samples=9
   iops        : min=  406, max=  418, avg=412.00, stdev= 4.36, samples=9
  lat (msec)   : 20=0.44%, 50=0.63%, 100=1.07%, 250=96.63%, 500=1.22%
  cpu          : usr=0.26%, sys=5.16%, ctx=2044, majf=0, minf=559
  IO depths    : 1=0.1%, 2=0.1%, 4=0.2%, 8=0.4%, 16=0.8%, 32=1.6%, >=64=96.9%
     submit    : 0=0.0%, 4=100.0%, 8=0.0%, 16=0.0%, 32=0.0%, 64=0.0%, >=64=0.0%
     complete  : 0=0.0%, 4=99.9%, 8=0.0%, 16=0.0%, 32=0.0%, 64=0.1%, >=64=0.0%
     issued rwt: total=2048,0,0, short=0,0,0, dropped=0,0,0
     latency   : target=0, window=0, percentile=100.00%, depth=64

Run status group 0 (all jobs):
   READ: bw=206MiB/s (216MB/s), 206MiB/s-206MiB/s (216MB/s-216MB/s), io=1024MiB (1074MB), run=4978-4978msec

Disk stats (read/write):
  sdg: ios=4028/0, merge=0/0, ticks=612798/0, in_queue=620640, util=98.02%
