test: (g=0): rw=randread, bs=(R) 4096B-4096B, (W) 4096B-4096B, (T) 4096B-4096B, ioengine=libaio, iodepth=64
fio-3.1
Starting 1 process

test: (groupid=0, jobs=1): err= 0: pid=32664: Tue Jul 24 17:31:38 2018
   read: IOPS=525, BW=2102KiB/s (2152kB/s)(1024MiB/498843msec)
    slat (nsec): min=3835, max=66447, avg=18309.80, stdev=8110.51
    clat (msec): min=4, max=1058, avg=121.76, stdev=75.88
     lat (msec): min=4, max=1058, avg=121.78, stdev=75.88
    clat percentiles (msec):
     |  1.00th=[   30],  5.00th=[   58], 10.00th=[   65], 20.00th=[   72],
     | 30.00th=[   79], 40.00th=[   87], 50.00th=[   96], 60.00th=[  110],
     | 70.00th=[  130], 80.00th=[  161], 90.00th=[  215], 95.00th=[  275],
     | 99.00th=[  414], 99.50th=[  472], 99.90th=[  609], 99.95th=[  684],
     | 99.99th=[  827]
   bw (  KiB/s): min=  832, max= 6400, per=99.78%, avg=2097.45, stdev=381.77, samples=997
   iops        : min=  208, max= 1600, avg=524.35, stdev=95.44, samples=997
  lat (msec)   : 10=0.06%, 20=0.35%, 50=2.98%, 100=49.72%, 250=40.33%
  lat (msec)   : 500=6.18%, 750=0.35%, 1000=0.02%, 2000=0.01%
  cpu          : usr=0.55%, sys=1.53%, ctx=260612, majf=0, minf=95
  IO depths    : 1=0.1%, 2=0.1%, 4=0.1%, 8=0.1%, 16=0.1%, 32=0.1%, >=64=100.0%
     submit    : 0=0.0%, 4=100.0%, 8=0.0%, 16=0.0%, 32=0.0%, 64=0.0%, >=64=0.0%
     complete  : 0=0.0%, 4=100.0%, 8=0.0%, 16=0.0%, 32=0.0%, 64=0.1%, >=64=0.0%
     issued rwt: total=262144,0,0, short=0,0,0, dropped=0,0,0
     latency   : target=0, window=0, percentile=100.00%, depth=64

Run status group 0 (all jobs):
   READ: bw=2102KiB/s (2152kB/s), 2102KiB/s-2102KiB/s (2152kB/s-2152kB/s), io=1024MiB (1074MB), run=498843-498843msec

Disk stats (read/write):
  sdg: ios=262138/6, merge=0/0, ticks=31917711/373, in_queue=31918402, util=100.00%
