test: (g=0): rw=read, bs=(R) 512KiB-512KiB, (W) 512KiB-512KiB, (T) 512KiB-512KiB, ioengine=libaio, iodepth=64
fio-3.1
Starting 1 process

test: (groupid=0, jobs=1): err= 0: pid=14089: Mon Jul 23 19:30:37 2018
   read: IOPS=416, BW=208MiB/s (218MB/s)(1024MiB/4919msec)
    slat (usec): min=29, max=766, avg=102.51, stdev=56.69
    clat (msec): min=11, max=297, avg=153.33, stdev=20.06
     lat (msec): min=12, max=297, avg=153.43, stdev=20.05
    clat percentiles (msec):
     |  1.00th=[   63],  5.00th=[  150], 10.00th=[  150], 20.00th=[  150],
     | 30.00th=[  150], 40.00th=[  150], 50.00th=[  153], 60.00th=[  155],
     | 70.00th=[  157], 80.00th=[  157], 90.00th=[  157], 95.00th=[  159],
     | 99.00th=[  251], 99.50th=[  275], 99.90th=[  292], 99.95th=[  296],
     | 99.99th=[  296]
   bw (  KiB/s): min=202752, max=218112, per=99.86%, avg=212878.22, stdev=5080.02, samples=9
   iops        : min=  396, max=  426, avg=415.78, stdev= 9.92, samples=9
  lat (msec)   : 20=0.10%, 50=0.63%, 100=1.07%, 250=97.17%, 500=1.03%
  cpu          : usr=0.26%, sys=4.96%, ctx=2045, majf=0, minf=560
  IO depths    : 1=0.1%, 2=0.1%, 4=0.2%, 8=0.4%, 16=0.8%, 32=1.6%, >=64=96.9%
     submit    : 0=0.0%, 4=100.0%, 8=0.0%, 16=0.0%, 32=0.0%, 64=0.0%, >=64=0.0%
     complete  : 0=0.0%, 4=99.9%, 8=0.0%, 16=0.0%, 32=0.0%, 64=0.1%, >=64=0.0%
     issued rwt: total=2048,0,0, short=0,0,0, dropped=0,0,0
     latency   : target=0, window=0, percentile=100.00%, depth=64

Run status group 0 (all jobs):
   READ: bw=208MiB/s (218MB/s), 208MiB/s-208MiB/s (218MB/s-218MB/s), io=1024MiB (1074MB), run=4919-4919msec

Disk stats (read/write):
  sdh: ios=4076/0, merge=0/0, ticks=613382/0, in_queue=616139, util=98.04%
