test: (g=0): rw=randwrite, bs=(R) 4096B-4096B, (W) 4096B-4096B, (T) 4096B-4096B, ioengine=libaio, iodepth=64
fio-3.1
Starting 1 process

test: (groupid=0, jobs=1): err= 0: pid=15425: Mon Jul 23 20:46:07 2018
  write: IOPS=396, BW=1587KiB/s (1625kB/s)(1024MiB/660818msec)
    slat (usec): min=3, max=157, avg=18.59, stdev= 7.56
    clat (usec): min=316, max=1078.0k, avg=161308.16, stdev=113816.04
     lat (usec): min=339, max=1078.0k, avg=161327.26, stdev=113817.35
    clat percentiles (msec):
     |  1.00th=[   14],  5.00th=[   20], 10.00th=[   27], 20.00th=[   73],
     | 30.00th=[  102], 40.00th=[  124], 50.00th=[  144], 60.00th=[  167],
     | 70.00th=[  192], 80.00th=[  224], 90.00th=[  309], 95.00th=[  397],
     | 99.00th=[  535], 99.50th=[  600], 99.90th=[  776], 99.95th=[  810],
     | 99.99th=[  869]
   bw (  KiB/s): min=  120, max= 5944, per=99.80%, avg=1582.86, stdev=458.65, samples=1321
   iops        : min=   30, max= 1486, avg=395.71, stdev=114.67, samples=1321
  lat (usec)   : 500=0.01%, 750=0.01%, 1000=0.01%
  lat (msec)   : 2=0.01%, 4=0.01%, 10=0.07%, 20=5.59%, 50=10.85%
  lat (msec)   : 100=12.82%, 250=55.62%, 500=13.53%, 750=1.37%, 1000=0.14%
  lat (msec)   : 2000=0.01%
  cpu          : usr=0.47%, sys=1.20%, ctx=261586, majf=0, minf=29
  IO depths    : 1=0.1%, 2=0.1%, 4=0.1%, 8=0.1%, 16=0.1%, 32=0.1%, >=64=100.0%
     submit    : 0=0.0%, 4=100.0%, 8=0.0%, 16=0.0%, 32=0.0%, 64=0.0%, >=64=0.0%
     complete  : 0=0.0%, 4=100.0%, 8=0.0%, 16=0.0%, 32=0.0%, 64=0.1%, >=64=0.0%
     issued rwt: total=0,262144,0, short=0,0,0, dropped=0,0,0
     latency   : target=0, window=0, percentile=100.00%, depth=64

Run status group 0 (all jobs):
  WRITE: bw=1587KiB/s (1625kB/s), 1587KiB/s-1587KiB/s (1625kB/s-1625kB/s), io=1024MiB (1074MB), run=660818-660818msec

Disk stats (read/write):
  sdj: ios=40/261446, merge=0/0, ticks=13/42270088, in_queue=42271159, util=100.00%
