test: (g=0): rw=randread, bs=(R) 8192B-8192B, (W) 8192B-8192B, (T) 8192B-8192B, ioengine=libaio, iodepth=64
fio-3.1
Starting 1 process

test: (groupid=0, jobs=1): err= 0: pid=17310: Mon Jul 23 22:34:29 2018
   read: IOPS=527, BW=4220KiB/s (4321kB/s)(1024MiB/248479msec)
    slat (nsec): min=3394, max=69266, avg=19721.14, stdev=7322.90
    clat (msec): min=5, max=1100, avg=121.30, stdev=76.11
     lat (msec): min=5, max=1100, avg=121.32, stdev=76.11
    clat percentiles (msec):
     |  1.00th=[   35],  5.00th=[   56], 10.00th=[   64], 20.00th=[   71],
     | 30.00th=[   79], 40.00th=[   86], 50.00th=[   95], 60.00th=[  110],
     | 70.00th=[  129], 80.00th=[  159], 90.00th=[  215], 95.00th=[  271],
     | 99.00th=[  418], 99.50th=[  477], 99.90th=[  617], 99.95th=[  709],
     | 99.99th=[  877]
   bw (  KiB/s): min= 1792, max= 8672, per=99.68%, avg=4205.60, stdev=634.34, samples=496
   iops        : min=  224, max= 1084, avg=525.68, stdev=79.29, samples=496
  lat (msec)   : 10=0.02%, 20=0.09%, 50=3.45%, 100=50.23%, 250=39.69%
  lat (msec)   : 500=6.13%, 750=0.36%, 1000=0.03%, 2000=0.01%
  cpu          : usr=0.60%, sys=1.67%, ctx=130244, majf=0, minf=159
  IO depths    : 1=0.1%, 2=0.1%, 4=0.1%, 8=0.1%, 16=0.1%, 32=0.1%, >=64=100.0%
     submit    : 0=0.0%, 4=100.0%, 8=0.0%, 16=0.0%, 32=0.0%, 64=0.0%, >=64=0.0%
     complete  : 0=0.0%, 4=100.0%, 8=0.0%, 16=0.0%, 32=0.0%, 64=0.1%, >=64=0.0%
     issued rwt: total=131072,0,0, short=0,0,0, dropped=0,0,0
     latency   : target=0, window=0, percentile=100.00%, depth=64

Run status group 0 (all jobs):
   READ: bw=4220KiB/s (4321kB/s), 4220KiB/s-4220KiB/s (4321kB/s-4321kB/s), io=1024MiB (1074MB), run=248479-248479msec

Disk stats (read/write):
  sdm: ios=130915/0, merge=0/0, ticks=15891039/0, in_queue=15891832, util=100.00%
