test: (g=0): rw=write, bs=(R) 1024KiB-1024KiB, (W) 1024KiB-1024KiB, (T) 1024KiB-1024KiB, ioengine=libaio, iodepth=64
fio-3.1
Starting 1 process

test: (groupid=0, jobs=1): err= 0: pid=17075: Mon Jul 23 22:05:35 2018
  write: IOPS=194, BW=195MiB/s (204MB/s)(1024MiB/5253msec)
    slat (usec): min=67, max=57498, avg=4935.12, stdev=12985.13
    clat (msec): min=133, max=479, avg=321.06, stdev=37.87
     lat (msec): min=133, max=517, avg=325.99, stdev=36.45
    clat percentiles (msec):
     |  1.00th=[  197],  5.00th=[  271], 10.00th=[  284], 20.00th=[  309],
     | 30.00th=[  309], 40.00th=[  313], 50.00th=[  321], 60.00th=[  321],
     | 70.00th=[  334], 80.00th=[  351], 90.00th=[  355], 95.00th=[  368],
     | 99.00th=[  439], 99.50th=[  481], 99.90th=[  481], 99.95th=[  481],
     | 99.99th=[  481]
   bw (  KiB/s): min=151552, max=212992, per=97.06%, avg=193740.80, stdev=18948.15, samples=10
   iops        : min=  148, max=  208, avg=189.20, stdev=18.50, samples=10
  lat (msec)   : 250=4.00%, 500=96.00%
  cpu          : usr=1.47%, sys=2.02%, ctx=162, majf=0, minf=28
  IO depths    : 1=0.1%, 2=0.2%, 4=0.4%, 8=0.8%, 16=1.6%, 32=3.1%, >=64=93.8%
     submit    : 0=0.0%, 4=100.0%, 8=0.0%, 16=0.0%, 32=0.0%, 64=0.0%, >=64=0.0%
     complete  : 0=0.0%, 4=99.9%, 8=0.0%, 16=0.0%, 32=0.0%, 64=0.1%, >=64=0.0%
     issued rwt: total=0,1024,0, short=0,0,0, dropped=0,0,0
     latency   : target=0, window=0, percentile=100.00%, depth=64

Run status group 0 (all jobs):
  WRITE: bw=195MiB/s (204MB/s), 195MiB/s-195MiB/s (204MB/s-204MB/s), io=1024MiB (1074MB), run=5253-5253msec

Disk stats (read/write):
  sdm: ios=39/3987, merge=0/0, ticks=35/717403, in_queue=729725, util=98.05%
