test: (g=0): rw=randwrite, bs=(R) 4096B-4096B, (W) 4096B-4096B, (T) 4096B-4096B, ioengine=libaio, iodepth=64
fio-3.1
Starting 1 process

test: (groupid=0, jobs=1): err= 0: pid=17167: Mon Jul 23 22:16:42 2018
  write: IOPS=397, BW=1589KiB/s (1627kB/s)(1024MiB/660087msec)
    slat (usec): min=3, max=157, avg=18.46, stdev= 7.81
    clat (usec): min=298, max=1057.4k, avg=161130.41, stdev=111474.44
     lat (usec): min=321, max=1057.5k, avg=161149.30, stdev=111475.84
    clat percentiles (msec):
     |  1.00th=[   14],  5.00th=[   20], 10.00th=[   27], 20.00th=[   74],
     | 30.00th=[  103], 40.00th=[  125], 50.00th=[  146], 60.00th=[  169],
     | 70.00th=[  192], 80.00th=[  226], 90.00th=[  305], 95.00th=[  384],
     | 99.00th=[  523], 99.50th=[  592], 99.90th=[  735], 99.95th=[  793],
     | 99.99th=[  869]
   bw (  KiB/s): min=   64, max= 6904, per=100.00%, avg=1589.46, stdev=493.56, samples=1318
   iops        : min=   16, max= 1726, avg=397.36, stdev=123.39, samples=1318
  lat (usec)   : 500=0.01%, 1000=0.01%
  lat (msec)   : 2=0.01%, 4=0.01%, 10=0.08%, 20=5.69%, 50=10.58%
  lat (msec)   : 100=12.56%, 250=55.75%, 500=13.95%, 750=1.31%, 1000=0.08%
  lat (msec)   : 2000=0.01%
  cpu          : usr=0.44%, sys=1.20%, ctx=261723, majf=0, minf=28
  IO depths    : 1=0.1%, 2=0.1%, 4=0.1%, 8=0.1%, 16=0.1%, 32=0.1%, >=64=100.0%
     submit    : 0=0.0%, 4=100.0%, 8=0.0%, 16=0.0%, 32=0.0%, 64=0.0%, >=64=0.0%
     complete  : 0=0.0%, 4=100.0%, 8=0.0%, 16=0.0%, 32=0.0%, 64=0.1%, >=64=0.0%
     issued rwt: total=0,262144,0, short=0,0,0, dropped=0,0,0
     latency   : target=0, window=0, percentile=100.00%, depth=64

Run status group 0 (all jobs):
  WRITE: bw=1589KiB/s (1627kB/s), 1589KiB/s-1589KiB/s (1627kB/s-1627kB/s), io=1024MiB (1074MB), run=660087-660087msec

Disk stats (read/write):
  sdm: ios=34/262069, merge=0/0, ticks=13/42238836, in_queue=42239402, util=100.00%
