test: (g=0): rw=write, bs=(R) 64.0KiB-64.0KiB, (W) 64.0KiB-64.0KiB, (T) 64.0KiB-64.0KiB, ioengine=libaio, iodepth=64
fio-3.1
Starting 1 process
test: Laying out IO file (1 file / 1024MiB)

test: (groupid=0, jobs=1): err= 0: pid=4097: Tue Jul 24 14:45:13 2018
  write: IOPS=3038, BW=190MiB/s (199MB/s)(1024MiB/5392msec)
    slat (usec): min=9, max=189, avg=26.65, stdev= 9.97
    clat (usec): min=956, max=212708, avg=21027.83, stdev=11453.71
     lat (usec): min=1150, max=212733, avg=21054.71, stdev=11453.01
    clat percentiles (msec):
     |  1.00th=[   20],  5.00th=[   20], 10.00th=[   20], 20.00th=[   20],
     | 30.00th=[   20], 40.00th=[   20], 50.00th=[   20], 60.00th=[   21],
     | 70.00th=[   21], 80.00th=[   21], 90.00th=[   21], 95.00th=[   24],
     | 99.00th=[   29], 99.50th=[   37], 99.90th=[  211], 99.95th=[  211],
     | 99.99th=[  213]
   bw (  KiB/s): min=120960, max=209664, per=99.61%, avg=193715.20, stdev=25862.07, samples=10
   iops        : min= 1890, max= 3276, avg=3026.80, stdev=404.09, samples=10
  lat (usec)   : 1000=0.01%
  lat (msec)   : 20=51.04%, 50=48.52%, 100=0.04%, 250=0.40%
  cpu          : usr=1.71%, sys=11.37%, ctx=16383, majf=0, minf=27
  IO depths    : 1=0.1%, 2=0.1%, 4=0.1%, 8=0.1%, 16=0.1%, 32=0.2%, >=64=99.6%
     submit    : 0=0.0%, 4=100.0%, 8=0.0%, 16=0.0%, 32=0.0%, 64=0.0%, >=64=0.0%
     complete  : 0=0.0%, 4=100.0%, 8=0.0%, 16=0.0%, 32=0.0%, 64=0.1%, >=64=0.0%
     issued rwt: total=0,16384,0, short=0,0,0, dropped=0,0,0
     latency   : target=0, window=0, percentile=100.00%, depth=64

Run status group 0 (all jobs):
  WRITE: bw=190MiB/s (199MB/s), 190MiB/s-190MiB/s (199MB/s-199MB/s), io=1024MiB (1074MB), run=5392-5392msec

Disk stats (read/write):
  sdd: ios=0/16382, merge=0/0, ticks=0/343370, in_queue=343395, util=98.20%
