test: (g=0): rw=write, bs=(R) 1024KiB-1024KiB, (W) 1024KiB-1024KiB, (T) 1024KiB-1024KiB, ioengine=libaio, iodepth=64
fio-3.1
Starting 1 process

test: (groupid=0, jobs=1): err= 0: pid=4275: Tue Jul 24 14:45:36 2018
  write: IOPS=191, BW=192MiB/s (201MB/s)(1024MiB/5343msec)
    slat (usec): min=96, max=217426, avg=5021.76, stdev=14275.59
    clat (msec): min=197, max=507, avg=322.66, stdev=35.71
     lat (msec): min=197, max=507, avg=327.69, stdev=33.47
    clat percentiles (msec):
     |  1.00th=[  239],  5.00th=[  279], 10.00th=[  292], 20.00th=[  309],
     | 30.00th=[  317], 40.00th=[  321], 50.00th=[  321], 60.00th=[  330],
     | 70.00th=[  330], 80.00th=[  330], 90.00th=[  338], 95.00th=[  388],
     | 99.00th=[  481], 99.50th=[  506], 99.90th=[  506], 99.95th=[  506],
     | 99.99th=[  506]
   bw (  KiB/s): min=67584, max=212992, per=96.95%, avg=190259.20, stdev=43738.11, samples=10
   iops        : min=   66, max=  208, avg=185.80, stdev=42.71, samples=10
  lat (msec)   : 250=1.56%, 500=97.75%, 750=0.68%
  cpu          : usr=1.52%, sys=2.02%, ctx=165, majf=0, minf=28
  IO depths    : 1=0.1%, 2=0.2%, 4=0.4%, 8=0.8%, 16=1.6%, 32=3.1%, >=64=93.8%
     submit    : 0=0.0%, 4=100.0%, 8=0.0%, 16=0.0%, 32=0.0%, 64=0.0%, >=64=0.0%
     complete  : 0=0.0%, 4=99.9%, 8=0.0%, 16=0.0%, 32=0.0%, 64=0.1%, >=64=0.0%
     issued rwt: total=0,1024,0, short=0,0,0, dropped=0,0,0
     latency   : target=0, window=0, percentile=100.00%, depth=64

Run status group 0 (all jobs):
  WRITE: bw=192MiB/s (201MB/s), 192MiB/s-192MiB/s (201MB/s-201MB/s), io=1024MiB (1074MB), run=5343-5343msec

Disk stats (read/write):
  sdd: ios=0/3914, merge=0/0, ticks=0/719972, in_queue=732765, util=97.54%
