test: (g=0): rw=randwrite, bs=(R) 8192B-8192B, (W) 8192B-8192B, (T) 8192B-8192B, ioengine=libaio, iodepth=64
fio-3.1
Starting 1 process

test: (groupid=0, jobs=1): err= 0: pid=9948: Tue Jul 24 23:00:09 2018
  write: IOPS=222, BW=1780KiB/s (1823kB/s)(1024MiB/589078msec)
    slat (usec): min=4, max=200, avg=27.47, stdev=10.21
    clat (usec): min=351, max=1781.5k, avg=287600.95, stdev=163585.36
     lat (usec): min=426, max=1781.6k, avg=287628.94, stdev=163587.10
    clat percentiles (msec):
     |  1.00th=[   16],  5.00th=[   29], 10.00th=[  108], 20.00th=[  174],
     | 30.00th=[  207], 40.00th=[  239], 50.00th=[  271], 60.00th=[  305],
     | 70.00th=[  338], 80.00th=[  380], 90.00th=[  464], 95.00th=[  600],
     | 99.00th=[  852], 99.50th=[  953], 99.90th=[ 1150], 99.95th=[ 1217],
     | 99.99th=[ 1418]
   bw (  KiB/s): min=   16, max= 3792, per=100.00%, avg=1786.94, stdev=491.99, samples=1173
   iops        : min=    2, max=  474, avg=223.36, stdev=61.50, samples=1173
  lat (usec)   : 500=0.01%, 1000=0.01%
  lat (msec)   : 2=0.01%, 4=0.01%, 10=0.09%, 20=2.29%, 50=5.09%
  lat (msec)   : 100=2.12%, 250=33.96%, 500=48.23%, 750=6.27%, 1000=1.59%
  lat (msec)   : 2000=0.35%
  cpu          : usr=0.28%, sys=0.89%, ctx=131046, majf=0, minf=474
  IO depths    : 1=0.1%, 2=0.1%, 4=0.1%, 8=0.1%, 16=0.1%, 32=0.1%, >=64=100.0%
     submit    : 0=0.0%, 4=100.0%, 8=0.0%, 16=0.0%, 32=0.0%, 64=0.0%, >=64=0.0%
     complete  : 0=0.0%, 4=100.0%, 8=0.0%, 16=0.0%, 32=0.0%, 64=0.1%, >=64=0.0%
     issued rwt: total=0,131072,0, short=0,0,0, dropped=0,0,0
     latency   : target=0, window=0, percentile=100.00%, depth=64

Run status group 0 (all jobs):
  WRITE: bw=1780KiB/s (1823kB/s), 1780KiB/s-1780KiB/s (1823kB/s-1823kB/s), io=1024MiB (1074MB), run=589078-589078msec

Disk stats (read/write):
  sdm: ios=0/131089, merge=0/0, ticks=0/37704293, in_queue=37706270, util=100.00%
