test: (g=0): rw=write, bs=(R) 512KiB-512KiB, (W) 512KiB-512KiB, (T) 512KiB-512KiB, ioengine=libaio, iodepth=64
fio-3.1
Starting 1 process

test: (groupid=0, jobs=1): err= 0: pid=10463: Mon Jul 23 17:28:36 2018
  write: IOPS=961, BW=481MiB/s (504MB/s)(1024MiB/2130msec)
    slat (usec): min=26, max=199, avg=127.58, stdev=36.27
    clat (msec): min=4, max=129, avg=66.33, stdev=10.00
     lat (msec): min=4, max=129, avg=66.45, stdev=10.00
    clat percentiles (msec):
     |  1.00th=[   21],  5.00th=[   64], 10.00th=[   64], 20.00th=[   64],
     | 30.00th=[   64], 40.00th=[   65], 50.00th=[   66], 60.00th=[   67],
     | 70.00th=[   68], 80.00th=[   69], 90.00th=[   71], 95.00th=[   77],
     | 99.00th=[  110], 99.50th=[  120], 99.90th=[  128], 99.95th=[  129],
     | 99.99th=[  130]
   bw (  KiB/s): min=484352, max=499712, per=99.95%, avg=492032.00, stdev=6609.89, samples=4
   iops        : min=  946, max=  976, avg=961.00, stdev=12.91, samples=4
  lat (msec)   : 10=0.49%, 20=0.54%, 50=1.42%, 100=96.09%, 250=1.46%
  cpu          : usr=2.82%, sys=10.99%, ctx=2044, majf=0, minf=29
  IO depths    : 1=0.1%, 2=0.1%, 4=0.2%, 8=0.4%, 16=0.8%, 32=1.6%, >=64=96.9%
     submit    : 0=0.0%, 4=100.0%, 8=0.0%, 16=0.0%, 32=0.0%, 64=0.0%, >=64=0.0%
     complete  : 0=0.0%, 4=99.9%, 8=0.0%, 16=0.0%, 32=0.0%, 64=0.1%, >=64=0.0%
     issued rwt: total=0,2048,0, short=0,0,0, dropped=0,0,0
     latency   : target=0, window=0, percentile=100.00%, depth=64

Run status group 0 (all jobs):
  WRITE: bw=481MiB/s (504MB/s), 481MiB/s-481MiB/s (504MB/s-504MB/s), io=1024MiB (1074MB), run=2130-2130msec

Disk stats (read/write):
  sda: ios=42/3609, merge=0/0, ticks=19/235527, in_queue=239498, util=94.59%
