test: (g=0): rw=write, bs=(R) 64.0KiB-64.0KiB, (W) 64.0KiB-64.0KiB, (T) 64.0KiB-64.0KiB, ioengine=libaio, iodepth=64
fio-3.1
Starting 1 process

test: (groupid=0, jobs=1): err= 0: pid=10371: Mon Jul 23 17:28:31 2018
  write: IOPS=7543, BW=471MiB/s (494MB/s)(1024MiB/2172msec)
    slat (nsec): min=5002, max=45993, avg=11710.06, stdev=5352.91
    clat (usec): min=626, max=16464, avg=8466.56, stdev=773.27
     lat (usec): min=637, max=16471, avg=8478.37, stdev=773.28
    clat percentiles (usec):
     |  1.00th=[ 8160],  5.00th=[ 8225], 10.00th=[ 8291], 20.00th=[ 8291],
     | 30.00th=[ 8291], 40.00th=[ 8356], 50.00th=[ 8356], 60.00th=[ 8356],
     | 70.00th=[ 8455], 80.00th=[ 8455], 90.00th=[ 8586], 95.00th=[ 8979],
     | 99.00th=[12125], 99.50th=[14222], 99.90th=[15533], 99.95th=[15664],
     | 99.99th=[16319]
   bw (  KiB/s): min=474880, max=489856, per=99.94%, avg=482496.00, stdev=6848.90, samples=4
   iops        : min= 7420, max= 7654, avg=7539.00, stdev=107.01, samples=4
  lat (usec)   : 750=0.03%, 1000=0.01%
  lat (msec)   : 2=0.05%, 4=0.09%, 10=97.55%, 20=2.26%
  cpu          : usr=2.35%, sys=13.50%, ctx=16363, majf=0, minf=29
  IO depths    : 1=0.1%, 2=0.1%, 4=0.1%, 8=0.1%, 16=0.1%, 32=0.2%, >=64=99.6%
     submit    : 0=0.0%, 4=100.0%, 8=0.0%, 16=0.0%, 32=0.0%, 64=0.0%, >=64=0.0%
     complete  : 0=0.0%, 4=100.0%, 8=0.0%, 16=0.0%, 32=0.0%, 64=0.1%, >=64=0.0%
     issued rwt: total=0,16384,0, short=0,0,0, dropped=0,0,0
     latency   : target=0, window=0, percentile=100.00%, depth=64

Run status group 0 (all jobs):
  WRITE: bw=471MiB/s (494MB/s), 471MiB/s-471MiB/s (494MB/s-494MB/s), io=1024MiB (1074MB), run=2172-2172msec

Disk stats (read/write):
  sda: ios=90/16198, merge=0/0, ticks=20/136772, in_queue=137029, util=96.13%
