test: (g=0): rw=write, bs=(R) 1024KiB-1024KiB, (W) 1024KiB-1024KiB, (T) 1024KiB-1024KiB, ioengine=libaio, iodepth=64
fio-3.1
Starting 1 process

test: (groupid=0, jobs=1): err= 0: pid=10553: Mon Jul 23 17:28:41 2018
  write: IOPS=479, BW=479MiB/s (502MB/s)(1024MiB/2137msec)
    slat (usec): min=92, max=21898, avg=2003.64, stdev=4986.24
    clat (msec): min=57, max=222, avg=130.54, stdev=15.21
     lat (msec): min=57, max=222, avg=132.55, stdev=14.63
    clat percentiles (msec):
     |  1.00th=[   72],  5.00th=[  113], 10.00th=[  118], 20.00th=[  128],
     | 30.00th=[  128], 40.00th=[  128], 50.00th=[  131], 60.00th=[  134],
     | 70.00th=[  136], 80.00th=[  136], 90.00th=[  140], 95.00th=[  144],
     | 99.00th=[  192], 99.50th=[  207], 99.90th=[  207], 99.95th=[  224],
     | 99.99th=[  224]
   bw (  KiB/s): min=448512, max=507904, per=97.98%, avg=480768.00, stdev=25325.46, samples=4
   iops        : min=  438, max=  496, avg=469.50, stdev=24.73, samples=4
  lat (msec)   : 100=2.44%, 250=97.56%
  cpu          : usr=3.32%, sys=5.43%, ctx=161, majf=0, minf=28
  IO depths    : 1=0.1%, 2=0.2%, 4=0.4%, 8=0.8%, 16=1.6%, 32=3.1%, >=64=93.8%
     submit    : 0=0.0%, 4=100.0%, 8=0.0%, 16=0.0%, 32=0.0%, 64=0.0%, >=64=0.0%
     complete  : 0=0.0%, 4=99.9%, 8=0.0%, 16=0.0%, 32=0.0%, 64=0.1%, >=64=0.0%
     issued rwt: total=0,1024,0, short=0,0,0, dropped=0,0,0
     latency   : target=0, window=0, percentile=100.00%, depth=64

Run status group 0 (all jobs):
  WRITE: bw=479MiB/s (502MB/s), 479MiB/s-479MiB/s (502MB/s-502MB/s), io=1024MiB (1074MB), run=2137-2137msec

Disk stats (read/write):
  sda: ios=42/4059, merge=0/0, ticks=6/294721, in_queue=297267, util=94.40%
