test: (g=0): rw=randwrite, bs=(R) 64.0KiB-64.0KiB, (W) 64.0KiB-64.0KiB, (T) 64.0KiB-64.0KiB, ioengine=libaio, iodepth=64
fio-3.1
Starting 1 process

test: (groupid=0, jobs=1): err= 0: pid=1708: Fri Jul 13 15:36:36 2018
  write: IOPS=371, BW=23.2MiB/s (24.3MB/s)(1024MiB/44160msec)
    slat (nsec): min=4048, max=71262, avg=27420.92, stdev=11228.28
    clat (usec): min=558, max=892513, avg=172411.13, stdev=145334.62
     lat (usec): min=588, max=892547, avg=172438.95, stdev=145336.13
    clat percentiles (msec):
     |  1.00th=[   11],  5.00th=[   17], 10.00th=[   22], 20.00th=[   33],
     | 30.00th=[   82], 40.00th=[  114], 50.00th=[  144], 60.00th=[  176],
     | 70.00th=[  213], 80.00th=[  262], 90.00th=[  388], 95.00th=[  489],
     | 99.00th=[  625], 99.50th=[  676], 99.90th=[  776], 99.95th=[  827],
     | 99.99th=[  894]
   bw (  KiB/s): min= 2693, max=52480, per=99.21%, avg=23557.30, stdev=9307.53, samples=88
   iops        : min=   42, max=  820, avg=368.06, stdev=145.42, samples=88
  lat (usec)   : 750=0.01%
  lat (msec)   : 2=0.01%, 4=0.14%, 10=0.78%, 20=7.81%, 50=15.91%
  lat (msec)   : 100=10.71%, 250=43.12%, 500=16.83%, 750=4.54%, 1000=0.13%
  cpu          : usr=0.43%, sys=1.59%, ctx=15697, majf=0, minf=28
  IO depths    : 1=0.1%, 2=0.1%, 4=0.1%, 8=0.1%, 16=0.1%, 32=0.2%, >=64=99.6%
     submit    : 0=0.0%, 4=100.0%, 8=0.0%, 16=0.0%, 32=0.0%, 64=0.0%, >=64=0.0%
     complete  : 0=0.0%, 4=100.0%, 8=0.0%, 16=0.0%, 32=0.0%, 64=0.1%, >=64=0.0%
     issued rwt: total=0,16384,0, short=0,0,0, dropped=0,0,0
     latency   : target=0, window=0, percentile=100.00%, depth=64

Run status group 0 (all jobs):
  WRITE: bw=23.2MiB/s (24.3MB/s), 23.2MiB/s-23.2MiB/s (24.3MB/s-24.3MB/s), io=1024MiB (1074MB), run=44160-44160msec

Disk stats (read/write):
  sdh: ios=43/15636, merge=0/674, ticks=25293/2734236, in_queue=2761637, util=99.82%
