test: (g=0): rw=randread, bs=(R) 4096B-4096B, (W) 4096B-4096B, (T) 4096B-4096B, ioengine=libaio, iodepth=64
fio-3.1
Starting 1 process

test: (groupid=0, jobs=1): err= 0: pid=1469: Fri Jul 13 15:25:33 2018
   read: IOPS=514, BW=2056KiB/s (2105kB/s)(1024MiB/509976msec)
    slat (nsec): min=1460, max=278390, avg=12069.75, stdev=5577.53
    clat (usec): min=459, max=1282.5k, avg=124488.38, stdev=92530.51
     lat (usec): min=463, max=1282.5k, avg=124500.88, stdev=92530.68
    clat percentiles (msec):
     |  1.00th=[   13],  5.00th=[   26], 10.00th=[   37], 20.00th=[   56],
     | 30.00th=[   72], 40.00th=[   88], 50.00th=[  103], 60.00th=[  121],
     | 70.00th=[  142], 80.00th=[  176], 90.00th=[  239], 95.00th=[  305],
     | 99.00th=[  464], 99.50th=[  535], 99.90th=[  701], 99.95th=[  776],
     | 99.99th=[  944]
   bw (  KiB/s): min=  392, max= 7288, per=99.71%, avg=2050.12, stdev=416.66, samples=1019
   iops        : min=   98, max= 1822, avg=512.52, stdev=104.17, samples=1019
  lat (usec)   : 500=0.01%, 750=0.01%, 1000=0.01%
  lat (msec)   : 2=0.01%, 4=0.06%, 10=0.55%, 20=2.47%, 50=13.99%
  lat (msec)   : 100=31.17%, 250=42.91%, 500=8.16%, 750=0.63%, 1000=0.06%
  lat (msec)   : 2000=0.01%
  cpu          : usr=0.65%, sys=1.39%, ctx=257940, majf=0, minf=96
  IO depths    : 1=0.1%, 2=0.1%, 4=0.1%, 8=0.1%, 16=0.1%, 32=0.1%, >=64=100.0%
     submit    : 0=0.0%, 4=100.0%, 8=0.0%, 16=0.0%, 32=0.0%, 64=0.0%, >=64=0.0%
     complete  : 0=0.0%, 4=100.0%, 8=0.0%, 16=0.0%, 32=0.0%, 64=0.1%, >=64=0.0%
     issued rwt: total=262144,0,0, short=0,0,0, dropped=0,0,0
     latency   : target=0, window=0, percentile=100.00%, depth=64

Run status group 0 (all jobs):
   READ: bw=2056KiB/s (2105kB/s), 2056KiB/s-2056KiB/s (2105kB/s-2105kB/s), io=1024MiB (1074MB), run=509976-509976msec

Disk stats (read/write):
  sdh: ios=259219/0, merge=2608/0, ticks=32452074/0, in_queue=32452859, util=100.00%
