rbd_image0: (g=0): rw=read, bs=(R) 64.0KiB-64.0KiB, (W) 64.0KiB-64.0KiB, (T) 64.0KiB-64.0KiB, ioengine=rbd, iodepth=64
...
rbd_image1: (g=0): rw=read, bs=(R) 64.0KiB-64.0KiB, (W) 64.0KiB-64.0KiB, (T) 64.0KiB-64.0KiB, ioengine=rbd, iodepth=64
...
fio-3.1
Starting 10 processes

rbd_image0: (groupid=0, jobs=10): err= 0: pid=98898: Wed Jul  4 16:36:25 2018
   read: IOPS=15.8k, BW=990MiB/s (1038MB/s)(100MiB/101msec)
    slat (nsec): min=596, max=95840, avg=1930.12, stdev=3799.49
    clat (usec): min=48, max=58893, avg=32794.11, stdev=14201.50
     lat (usec): min=56, max=58922, avg=32796.04, stdev=14201.58
    clat percentiles (usec):
     |  1.00th=[  112],  5.00th=[ 8979], 10.00th=[ 9372], 20.00th=[18744],
     | 30.00th=[27657], 40.00th=[29230], 50.00th=[33424], 60.00th=[38536],
     | 70.00th=[41681], 80.00th=[44827], 90.00th=[48497], 95.00th=[56361],
     | 99.00th=[58983], 99.50th=[58983], 99.90th=[58983], 99.95th=[58983],
     | 99.99th=[58983]
  lat (usec)   : 50=0.06%, 100=0.62%, 250=1.12%, 500=0.69%
  lat (msec)   : 10=7.94%, 20=13.12%, 50=68.44%, 100=8.00%
  cpu          : usr=0.00%, sys=0.00%, ctx=87, majf=0, minf=155
  IO depths    : 1=1.8%, 2=3.5%, 4=6.8%, 8=12.5%, 16=25.0%, 32=48.2%, >=64=2.2%
     submit    : 0=0.0%, 4=100.0%, 8=0.0%, 16=0.0%, 32=0.0%, 64=0.0%, >=64=0.0%
     complete  : 0=0.0%, 4=97.9%, 8=0.2%, 16=0.0%, 32=0.5%, 64=1.3%, >=64=0.0%
     issued rwt: total=1600,0,0, short=0,0,0, dropped=0,0,0
     latency   : target=0, window=0, percentile=100.00%, depth=64

Run status group 0 (all jobs):
   READ: bw=990MiB/s (1038MB/s), 990MiB/s-990MiB/s (1038MB/s-1038MB/s), io=100MiB (105MB), run=101-101msec

Disk stats (read/write):
    dm-0: ios=0/0, merge=0/0, ticks=0/0, in_queue=0, util=0.00%, aggrios=0/0, aggrmerge=0/0, aggrticks=0/0, aggrin_queue=0, aggrutil=0.00%
  sdc: ios=0/0, merge=0/0, ticks=0/0, in_queue=0, util=0.00%
