rbd_image0: (g=0): rw=randread, bs=(R) 4096B-4096B, (W) 4096B-4096B, (T) 4096B-4096B, ioengine=rbd, iodepth=64
...
rbd_image1: (g=0): rw=randread, bs=(R) 4096B-4096B, (W) 4096B-4096B, (T) 4096B-4096B, ioengine=rbd, iodepth=64
...
fio-3.1
Starting 10 processes

rbd_image0: (groupid=0, jobs=10): err= 0: pid=100292: Wed Jul  4 16:36:48 2018
   read: IOPS=85.6k, BW=334MiB/s (351MB/s)(100MiB/299msec)
    slat (nsec): min=652, max=161747, avg=1554.75, stdev=6145.50
    clat (usec): min=1228, max=24723, avg=6613.61, stdev=2434.91
     lat (usec): min=1229, max=24724, avg=6615.16, stdev=2435.67
    clat percentiles (usec):
     |  1.00th=[ 2868],  5.00th=[ 3621], 10.00th=[ 4228], 20.00th=[ 4817],
     | 30.00th=[ 5276], 40.00th=[ 5669], 50.00th=[ 6063], 60.00th=[ 6521],
     | 70.00th=[ 7308], 80.00th=[ 8029], 90.00th=[ 9503], 95.00th=[11600],
     | 99.00th=[15533], 99.50th=[16581], 99.90th=[22152], 99.95th=[22414],
     | 99.99th=[24773]
  lat (msec)   : 2=0.08%, 4=7.49%, 10=84.43%, 20=7.89%, 50=0.11%
  cpu          : usr=1.82%, sys=0.19%, ctx=1143, majf=0, minf=162
  IO depths    : 1=0.9%, 2=2.0%, 4=4.5%, 8=10.8%, 16=25.3%, 32=54.5%, >=64=2.0%
     submit    : 0=0.0%, 4=100.0%, 8=0.0%, 16=0.0%, 32=0.0%, 64=0.0%, >=64=0.0%
     complete  : 0=0.0%, 4=98.3%, 8=0.1%, 16=0.1%, 32=0.1%, 64=1.6%, >=64=0.0%
     issued rwt: total=25600,0,0, short=0,0,0, dropped=0,0,0
     latency   : target=0, window=0, percentile=100.00%, depth=64

Run status group 0 (all jobs):
   READ: bw=334MiB/s (351MB/s), 334MiB/s-334MiB/s (351MB/s-351MB/s), io=100MiB (105MB), run=299-299msec

Disk stats (read/write):
    dm-0: ios=0/0, merge=0/0, ticks=0/0, in_queue=0, util=0.00%, aggrios=0/0, aggrmerge=0/0, aggrticks=0/0, aggrin_queue=0, aggrutil=0.00%
  sdc: ios=0/0, merge=0/0, ticks=0/0, in_queue=0, util=0.00%
