test: (g=0): rw=randwrite, bs=(R) 8192B-8192B, (W) 8192B-8192B, (T) 8192B-8192B, ioengine=libaio, iodepth=64
fio-3.1
Starting 1 process

test: (groupid=0, jobs=1): err= 0: pid=21543: Sun Jul 15 08:24:40 2018
  write: IOPS=216, BW=1729KiB/s (1771kB/s)(1024MiB/606383msec)
    slat (usec): min=2, max=215, avg=16.76, stdev= 8.91
    clat (usec): min=282, max=2125.7k, avg=296063.98, stdev=220567.08
     lat (usec): min=314, max=2125.7k, avg=296081.09, stdev=220568.93
    clat percentiles (msec):
     |  1.00th=[   12],  5.00th=[   20], 10.00th=[   27], 20.00th=[  100],
     | 30.00th=[  178], 40.00th=[  222], 50.00th=[  266], 60.00th=[  313],
     | 70.00th=[  363], 80.00th=[  439], 90.00th=[  609], 95.00th=[  735],
     | 99.00th=[  961], 99.50th=[ 1070], 99.90th=[ 1318], 99.95th=[ 1418],
     | 99.99th=[ 1653]
   bw (  KiB/s): min=   16, max= 4560, per=100.00%, avg=1763.60, stdev=729.42, samples=1183
   iops        : min=    2, max=  570, avg=220.44, stdev=91.18, samples=1183
  lat (usec)   : 500=0.01%, 750=0.01%, 1000=0.01%
  lat (msec)   : 2=0.02%, 4=0.09%, 10=0.63%, 20=4.96%, 50=10.75%
  lat (msec)   : 100=3.60%, 250=26.22%, 500=38.39%, 750=10.79%, 1000=3.78%
  lat (msec)   : 2000=0.77%, >=2000=0.01%
  cpu          : usr=0.24%, sys=0.66%, ctx=128603, majf=0, minf=326
  IO depths    : 1=0.1%, 2=0.1%, 4=0.1%, 8=0.1%, 16=0.1%, 32=0.1%, >=64=100.0%
     submit    : 0=0.0%, 4=100.0%, 8=0.0%, 16=0.0%, 32=0.0%, 64=0.0%, >=64=0.0%
     complete  : 0=0.0%, 4=100.0%, 8=0.0%, 16=0.0%, 32=0.0%, 64=0.1%, >=64=0.0%
     issued rwt: total=0,131072,0, short=0,0,0, dropped=0,0,0
     latency   : target=0, window=0, percentile=100.00%, depth=64

Run status group 0 (all jobs):
  WRITE: bw=1729KiB/s (1771kB/s), 1729KiB/s-1729KiB/s (1771kB/s-1771kB/s), io=1024MiB (1074MB), run=606383-606383msec

Disk stats (read/write):
  sdl: ios=0/128810, merge=0/1940, ticks=0/38491908, in_queue=38493396, util=100.00%
