test: (g=0): rw=randread, bs=(R) 8192B-8192B, (W) 8192B-8192B, (T) 8192B-8192B, ioengine=libaio, iodepth=64
fio-3.1
Starting 1 process

test: (groupid=0, jobs=1): err= 0: pid=21592: Sun Jul 15 08:28:58 2018
   read: IOPS=510, BW=4082KiB/s (4180kB/s)(1024MiB/256893msec)
    slat (nsec): min=1689, max=183753, avg=16456.88, stdev=6255.00
    clat (usec): min=958, max=1100.2k, avg=125413.07, stdev=92825.15
     lat (usec): min=966, max=1100.2k, avg=125430.01, stdev=92825.35
    clat percentiles (msec):
     |  1.00th=[   14],  5.00th=[   27], 10.00th=[   38], 20.00th=[   56],
     | 30.00th=[   72], 40.00th=[   88], 50.00th=[  104], 60.00th=[  121],
     | 70.00th=[  144], 80.00th=[  176], 90.00th=[  241], 95.00th=[  309],
     | 99.00th=[  464], 99.50th=[  535], 99.90th=[  701], 99.95th=[  785],
     | 99.99th=[  961]
   bw (  KiB/s): min= 1648, max= 9168, per=99.72%, avg=4069.55, stdev=686.79, samples=513
   iops        : min=  206, max= 1146, avg=508.68, stdev=85.85, samples=513
  lat (usec)   : 1000=0.01%
  lat (msec)   : 2=0.01%, 4=0.02%, 10=0.44%, 20=2.30%, 50=13.98%
  lat (msec)   : 100=31.13%, 250=43.10%, 500=8.31%, 750=0.64%, 1000=0.07%
  lat (msec)   : 2000=0.01%
  cpu          : usr=0.71%, sys=1.64%, ctx=128262, majf=0, minf=457
  IO depths    : 1=0.1%, 2=0.1%, 4=0.1%, 8=0.1%, 16=0.1%, 32=0.1%, >=64=100.0%
     submit    : 0=0.0%, 4=100.0%, 8=0.0%, 16=0.0%, 32=0.0%, 64=0.0%, >=64=0.0%
     complete  : 0=0.0%, 4=100.0%, 8=0.0%, 16=0.0%, 32=0.0%, 64=0.1%, >=64=0.0%
     issued rwt: total=131072,0,0, short=0,0,0, dropped=0,0,0
     latency   : target=0, window=0, percentile=100.00%, depth=64

Run status group 0 (all jobs):
   READ: bw=4082KiB/s (4180kB/s), 4082KiB/s-4082KiB/s (4180kB/s-4180kB/s), io=1024MiB (1074MB), run=256893-256893msec

Disk stats (read/write):
  sdl: ios=129007/6, merge=2050/0, ticks=16283944/3654, in_queue=16289821, util=100.00%
