test: (g=0): rw=randwrite, bs=(R) 4096B-4096B, (W) 4096B-4096B, (T) 4096B-4096B, ioengine=libaio, iodepth=64
fio-3.1
Starting 1 process

test: (groupid=0, jobs=1): err= 0: pid=35956: Fri Jul 13 15:18:20 2018
  write: IOPS=418, BW=1676KiB/s (1716kB/s)(1024MiB/625799msec)
    slat (nsec): min=1931, max=509623, avg=19463.59, stdev=7562.45
    clat (usec): min=261, max=1256.0k, avg=152704.05, stdev=109091.38
     lat (usec): min=290, max=1256.1k, avg=152723.99, stdev=109092.31
    clat percentiles (msec):
     |  1.00th=[   12],  5.00th=[   19], 10.00th=[   26], 20.00th=[   68],
     | 30.00th=[   96], 40.00th=[  116], 50.00th=[  136], 60.00th=[  157],
     | 70.00th=[  180], 80.00th=[  211], 90.00th=[  296], 95.00th=[  384],
     | 99.00th=[  510], 99.50th=[  558], 99.90th=[  709], 99.95th=[  776],
     | 99.99th=[  894]
   bw (  KiB/s): min=  152, max= 6976, per=99.83%, avg=1672.19, stdev=500.35, samples=1251
   iops        : min=   38, max= 1744, avg=418.03, stdev=125.09, samples=1251
  lat (usec)   : 500=0.01%, 1000=0.01%
  lat (msec)   : 2=0.01%, 4=0.04%, 10=0.46%, 20=5.74%, 50=10.96%
  lat (msec)   : 100=15.00%, 250=53.92%, 500=12.74%, 750=1.07%, 1000=0.06%
  lat (msec)   : 2000=0.01%
  cpu          : usr=0.62%, sys=1.56%, ctx=259271, majf=0, minf=28
  IO depths    : 1=0.1%, 2=0.1%, 4=0.1%, 8=0.1%, 16=0.1%, 32=0.1%, >=64=100.0%
     submit    : 0=0.0%, 4=100.0%, 8=0.0%, 16=0.0%, 32=0.0%, 64=0.0%, >=64=0.0%
     complete  : 0=0.0%, 4=100.0%, 8=0.0%, 16=0.0%, 32=0.0%, 64=0.1%, >=64=0.0%
     issued rwt: total=0,262144,0, short=0,0,0, dropped=0,0,0
     latency   : target=0, window=0, percentile=100.00%, depth=64

Run status group 0 (all jobs):
  WRITE: bw=1676KiB/s (1716kB/s), 1676KiB/s-1676KiB/s (1716kB/s-1716kB/s), io=1024MiB (1074MB), run=625799-625799msec

Disk stats (read/write):
  sdh: ios=40/259028, merge=0/2503, ticks=18402/39784912, in_queue=39806812, util=100.00%
