test: (g=0): rw=randwrite, bs=(R) 4096B-4096B, (W) 4096B-4096B, (T) 4096B-4096B, ioengine=libaio, iodepth=64
fio-3.1
Starting 1 process

test: (groupid=0, jobs=1): err= 0: pid=33182: Tue Jul 24 18:08:43 2018
  write: IOPS=220, BW=881KiB/s (902kB/s)(1024MiB/1190337msec)
    slat (nsec): min=4454, max=80342, avg=21264.34, stdev=10129.35
    clat (usec): min=396, max=1808.5k, avg=290582.04, stdev=195405.04
     lat (usec): min=454, max=1808.6k, avg=290603.73, stdev=195406.36
    clat percentiles (msec):
     |  1.00th=[   15],  5.00th=[   23], 10.00th=[   35], 20.00th=[  144],
     | 30.00th=[  190], 40.00th=[  228], 50.00th=[  266], 60.00th=[  305],
     | 70.00th=[  351], 80.00th=[  409], 90.00th=[  550], 95.00th=[  676],
     | 99.00th=[  919], 99.50th=[ 1011], 99.90th=[ 1200], 99.95th=[ 1267],
     | 99.99th=[ 1435]
   bw (  KiB/s): min=    8, max= 1944, per=100.00%, avg=894.48, stdev=309.43, samples=2344
   iops        : min=    2, max=  486, avg=223.60, stdev=77.36, samples=2344
  lat (usec)   : 500=0.01%, 750=0.01%, 1000=0.01%
  lat (msec)   : 2=0.01%, 4=0.01%, 10=0.13%, 20=3.47%, 50=8.81%
  lat (msec)   : 100=3.09%, 250=30.47%, 500=41.59%, 750=9.31%, 1000=2.57%
  lat (msec)   : 2000=0.55%
  cpu          : usr=0.21%, sys=0.70%, ctx=261471, majf=0, minf=28
  IO depths    : 1=0.1%, 2=0.1%, 4=0.1%, 8=0.1%, 16=0.1%, 32=0.1%, >=64=100.0%
     submit    : 0=0.0%, 4=100.0%, 8=0.0%, 16=0.0%, 32=0.0%, 64=0.0%, >=64=0.0%
     complete  : 0=0.0%, 4=100.0%, 8=0.0%, 16=0.0%, 32=0.0%, 64=0.1%, >=64=0.0%
     issued rwt: total=0,262144,0, short=0,0,0, dropped=0,0,0
     latency   : target=0, window=0, percentile=100.00%, depth=64

Run status group 0 (all jobs):
  WRITE: bw=881KiB/s (902kB/s), 881KiB/s-881KiB/s (902kB/s-902kB/s), io=1024MiB (1074MB), run=1190337-1190337msec

Disk stats (read/write):
  sdh: ios=0/262192, merge=0/3, ticks=0/76181091, in_queue=76189660, util=100.00%
