test: (g=0): rw=write, bs=(R) 64.0KiB-64.0KiB, (W) 64.0KiB-64.0KiB, (T) 64.0KiB-64.0KiB, ioengine=libaio, iodepth=64
fio-3.1
Starting 1 process

test: (groupid=0, jobs=1): err= 0: pid=17494: Mon Jul 23 22:37:05 2018
  write: IOPS=3031, BW=189MiB/s (199MB/s)(1024MiB/5404msec)
    slat (usec): min=5, max=2878, avg=22.74, stdev=23.92
    clat (msec): min=3, max=254, avg=21.07, stdev=15.02
     lat (msec): min=3, max=254, avg=21.10, stdev=15.02
    clat percentiles (msec):
     |  1.00th=[   18],  5.00th=[   19], 10.00th=[   19], 20.00th=[   19],
     | 30.00th=[   19], 40.00th=[   19], 50.00th=[   19], 60.00th=[   20],
     | 70.00th=[   21], 80.00th=[   21], 90.00th=[   21], 95.00th=[   29],
     | 99.00th=[   43], 99.50th=[   66], 99.90th=[  253], 99.95th=[  255],
     | 99.99th=[  255]
   bw (  KiB/s): min=111488, max=219776, per=99.08%, avg=192243.20, stdev=32122.50, samples=10
   iops        : min= 1742, max= 3434, avg=3003.80, stdev=501.91, samples=10
  lat (msec)   : 4=0.10%, 10=0.10%, 20=61.26%, 50=37.56%, 100=0.59%
  lat (msec)   : 250=0.14%, 500=0.25%
  cpu          : usr=1.65%, sys=9.00%, ctx=15991, majf=0, minf=27
  IO depths    : 1=0.1%, 2=0.1%, 4=0.1%, 8=0.1%, 16=0.1%, 32=0.2%, >=64=99.6%
     submit    : 0=0.0%, 4=100.0%, 8=0.0%, 16=0.0%, 32=0.0%, 64=0.0%, >=64=0.0%
     complete  : 0=0.0%, 4=100.0%, 8=0.0%, 16=0.0%, 32=0.0%, 64=0.1%, >=64=0.0%
     issued rwt: total=0,16384,0, short=0,0,0, dropped=0,0,0
     latency   : target=0, window=0, percentile=100.00%, depth=64

Run status group 0 (all jobs):
  WRITE: bw=189MiB/s (199MB/s), 189MiB/s-189MiB/s (199MB/s-199MB/s), io=1024MiB (1074MB), run=5404-5404msec

Disk stats (read/write):
  sdn: ios=52/16342, merge=0/0, ticks=5009/343742, in_queue=349739, util=100.00%
