test: (g=0): rw=randwrite, bs=(R) 64.0KiB-64.0KiB, (W) 64.0KiB-64.0KiB, (T) 64.0KiB-64.0KiB, ioengine=libaio, iodepth=64
fio-3.1
Starting 1 process

test: (groupid=0, jobs=1): err= 0: pid=37501: Fri Jul 13 15:36:49 2018
  write: IOPS=410, BW=25.7MiB/s (26.9MB/s)(1024MiB/39912msec)
    slat (nsec): min=3971, max=75820, avg=25903.53, stdev=10967.30
    clat (usec): min=471, max=959767, avg=155823.75, stdev=137013.10
     lat (usec): min=496, max=959786, avg=155850.02, stdev=137014.86
    clat percentiles (msec):
     |  1.00th=[   11],  5.00th=[   18], 10.00th=[   22], 20.00th=[   31],
     | 30.00th=[   63], 40.00th=[   94], 50.00th=[  122], 60.00th=[  153],
     | 70.00th=[  190], 80.00th=[  247], 90.00th=[  363], 95.00th=[  443],
     | 99.00th=[  600], 99.50th=[  642], 99.90th=[  768], 99.95th=[  793],
     | 99.99th=[  944]
   bw (  KiB/s): min= 3968, max=68352, per=98.77%, avg=25949.80, stdev=10514.54, samples=79
   iops        : min=   62, max= 1068, avg=405.46, stdev=164.29, samples=79
  lat (usec)   : 500=0.01%, 750=0.01%
  lat (msec)   : 2=0.01%, 4=0.06%, 10=0.90%, 20=7.30%, 50=19.38%
  lat (msec)   : 100=14.51%, 250=38.29%, 500=16.94%, 750=2.47%, 1000=0.13%
  cpu          : usr=0.53%, sys=1.57%, ctx=15710, majf=0, minf=28
  IO depths    : 1=0.1%, 2=0.1%, 4=0.1%, 8=0.1%, 16=0.1%, 32=0.2%, >=64=99.6%
     submit    : 0=0.0%, 4=100.0%, 8=0.0%, 16=0.0%, 32=0.0%, 64=0.0%, >=64=0.0%
     complete  : 0=0.0%, 4=100.0%, 8=0.0%, 16=0.0%, 32=0.0%, 64=0.1%, >=64=0.0%
     issued rwt: total=0,16384,0, short=0,0,0, dropped=0,0,0
     latency   : target=0, window=0, percentile=100.00%, depth=64

Run status group 0 (all jobs):
  WRITE: bw=25.7MiB/s (26.9MB/s), 25.7MiB/s-25.7MiB/s (26.9MB/s-26.9MB/s), io=1024MiB (1074MB), run=39912-39912msec

Disk stats (read/write):
  sdh: ios=40/15645, merge=0/659, ticks=20586/2468529, in_queue=2490880, util=99.80%
