test: (g=0): rw=randwrite, bs=(R) 8192B-8192B, (W) 8192B-8192B, (T) 8192B-8192B, ioengine=libaio, iodepth=64
fio-3.1
Starting 1 process

test: (groupid=0, jobs=1): err= 0: pid=36955: Fri Jul 13 15:31:54 2018
  write: IOPS=422, BW=3384KiB/s (3465kB/s)(1024MiB/309880msec)
    slat (nsec): min=1838, max=64678, avg=18326.08, stdev=8474.64
    clat (usec): min=216, max=1120.5k, avg=151277.98, stdev=110833.43
     lat (usec): min=239, max=1120.6k, avg=151296.70, stdev=110835.30
    clat percentiles (msec):
     |  1.00th=[   12],  5.00th=[   18], 10.00th=[   25], 20.00th=[   63],
     | 30.00th=[   93], 40.00th=[  113], 50.00th=[  134], 60.00th=[  155],
     | 70.00th=[  180], 80.00th=[  213], 90.00th=[  292], 95.00th=[  376],
     | 99.00th=[  514], 99.50th=[  584], 99.90th=[  768], 99.95th=[  927],
     | 99.99th=[ 1045]
   bw (  KiB/s): min=  512, max=14096, per=99.67%, avg=3371.86, stdev=1030.23, samples=618
   iops        : min=   64, max= 1762, avg=421.47, stdev=128.78, samples=618
  lat (usec)   : 250=0.01%, 500=0.01%, 1000=0.01%
  lat (msec)   : 2=0.01%, 4=0.06%, 10=0.61%, 20=5.94%, 50=11.20%
  lat (msec)   : 100=15.61%, 250=52.52%, 500=12.85%, 750=1.09%, 1000=0.10%
  lat (msec)   : 2000=0.02%
  cpu          : usr=0.50%, sys=1.40%, ctx=128995, majf=0, minf=28
  IO depths    : 1=0.1%, 2=0.1%, 4=0.1%, 8=0.1%, 16=0.1%, 32=0.1%, >=64=100.0%
     submit    : 0=0.0%, 4=100.0%, 8=0.0%, 16=0.0%, 32=0.0%, 64=0.0%, >=64=0.0%
     complete  : 0=0.0%, 4=100.0%, 8=0.0%, 16=0.0%, 32=0.0%, 64=0.1%, >=64=0.0%
     issued rwt: total=0,131072,0, short=0,0,0, dropped=0,0,0
     latency   : target=0, window=0, percentile=100.00%, depth=64

Run status group 0 (all jobs):
  WRITE: bw=3384KiB/s (3465kB/s), 3384KiB/s-3384KiB/s (3465kB/s-3465kB/s), io=1024MiB (1074MB), run=309880-309880msec

Disk stats (read/write):
  sdh: ios=40/128912, merge=0/2003, ticks=18370/19639698, in_queue=19665780, util=100.00%
