test: (g=0): rw=randwrite, bs=(R) 64.0KiB-64.0KiB, (W) 64.0KiB-64.0KiB, (T) 64.0KiB-64.0KiB, ioengine=libaio, iodepth=64
fio-3.1
Starting 1 process

test: (groupid=0, jobs=1): err= 0: pid=32223: Tue Jul 24 17:01:32 2018
  write: IOPS=192, BW=12.0MiB/s (12.6MB/s)(1024MiB/85118msec)
    slat (nsec): min=6680, max=81557, avg=26161.00, stdev=12103.96
    clat (usec): min=804, max=1634.2k, avg=332438.02, stdev=255993.56
     lat (usec): min=836, max=1634.2k, avg=332464.54, stdev=255994.49
    clat percentiles (msec):
     |  1.00th=[   14],  5.00th=[   19], 10.00th=[   24], 20.00th=[   44],
     | 30.00th=[  169], 40.00th=[  241], 50.00th=[  305], 60.00th=[  368],
     | 70.00th=[  447], 80.00th=[  550], 90.00th=[  701], 95.00th=[  793],
     | 99.00th=[ 1028], 99.50th=[ 1070], 99.90th=[ 1301], 99.95th=[ 1385],
     | 99.99th=[ 1519]
   bw (  KiB/s): min=  768, max=29824, per=100.00%, avg=12815.36, stdev=6148.68, samples=163
   iops        : min=   12, max=  466, avg=200.21, stdev=96.08, samples=163
  lat (usec)   : 1000=0.01%
  lat (msec)   : 2=0.03%, 4=0.04%, 10=0.18%, 20=6.12%, 50=14.23%
  lat (msec)   : 100=3.19%, 250=17.75%, 500=34.02%, 750=17.43%, 1000=5.65%
  lat (msec)   : 2000=1.35%
  cpu          : usr=0.16%, sys=0.67%, ctx=16282, majf=0, minf=27
  IO depths    : 1=0.1%, 2=0.1%, 4=0.1%, 8=0.1%, 16=0.1%, 32=0.2%, >=64=99.6%
     submit    : 0=0.0%, 4=100.0%, 8=0.0%, 16=0.0%, 32=0.0%, 64=0.0%, >=64=0.0%
     complete  : 0=0.0%, 4=100.0%, 8=0.0%, 16=0.0%, 32=0.0%, 64=0.1%, >=64=0.0%
     issued rwt: total=0,16384,0, short=0,0,0, dropped=0,0,0
     latency   : target=0, window=0, percentile=100.00%, depth=64

Run status group 0 (all jobs):
  WRITE: bw=12.0MiB/s (12.6MB/s), 12.0MiB/s-12.0MiB/s (12.6MB/s-12.6MB/s), io=1024MiB (1074MB), run=85118-85118msec

Disk stats (read/write):
  sdf: ios=0/16335, merge=0/0, ticks=0/5420397, in_queue=5432747, util=99.94%
