test: (g=0): rw=write, bs=(R) 64.0KiB-64.0KiB, (W) 64.0KiB-64.0KiB, (T) 64.0KiB-64.0KiB, ioengine=libaio, iodepth=64
fio-3.1
Starting 1 process

test: (groupid=0, jobs=1): err= 0: pid=9677: Thu Jul 12 13:51:31 2018
  write: IOPS=7337, BW=459MiB/s (481MB/s)(1024MiB/2233msec)
    slat (nsec): min=2755, max=51060, avg=9960.82, stdev=5766.47
    clat (usec): min=491, max=17061, avg=8707.95, stdev=842.41
     lat (usec): min=497, max=17069, avg=8718.00, stdev=842.48
    clat percentiles (usec):
     |  1.00th=[ 8029],  5.00th=[ 8160], 10.00th=[ 8291], 20.00th=[ 8455],
     | 30.00th=[ 8455], 40.00th=[ 8586], 50.00th=[ 8586], 60.00th=[ 8717],
     | 70.00th=[ 8717], 80.00th=[ 8848], 90.00th=[ 9110], 95.00th=[ 9372],
     | 99.00th=[12649], 99.50th=[14615], 99.90th=[16319], 99.95th=[16319],
     | 99.99th=[17171]
   bw (  KiB/s): min=460928, max=475008, per=99.84%, avg=468832.00, stdev=5917.95, samples=4
   iops        : min= 7202, max= 7422, avg=7325.50, stdev=92.47, samples=4
  lat (usec)   : 500=0.02%, 750=0.01%, 1000=0.01%
  lat (msec)   : 2=0.05%, 4=0.10%, 10=97.11%, 20=2.70%
  cpu          : usr=2.87%, sys=10.93%, ctx=8682, majf=0, minf=29
  IO depths    : 1=0.1%, 2=0.1%, 4=0.1%, 8=0.1%, 16=0.1%, 32=0.2%, >=64=99.6%
     submit    : 0=0.0%, 4=100.0%, 8=0.0%, 16=0.0%, 32=0.0%, 64=0.0%, >=64=0.0%
     complete  : 0=0.0%, 4=100.0%, 8=0.0%, 16=0.0%, 32=0.0%, 64=0.1%, >=64=0.0%
     issued rwt: total=0,16384,0, short=0,0,0, dropped=0,0,0
     latency   : target=0, window=0, percentile=100.00%, depth=64

Run status group 0 (all jobs):
  WRITE: bw=459MiB/s (481MB/s), 459MiB/s-459MiB/s (481MB/s-481MB/s), io=1024MiB (1074MB), run=2233-2233msec

Disk stats (read/write):
  sdb: ios=40/8371, merge=0/7398, ticks=14/72528, in_queue=72715, util=95.82%
