test: (g=0): rw=randwrite, bs=(R) 64.0KiB-64.0KiB, (W) 64.0KiB-64.0KiB, (T) 64.0KiB-64.0KiB, ioengine=libaio, iodepth=64
fio-3.1
Starting 1 process

test: (groupid=0, jobs=1): err= 0: pid=10131: Thu Jul 12 13:52:02 2018
  write: IOPS=7239, BW=452MiB/s (474MB/s)(1024MiB/2263msec)
    slat (nsec): min=3063, max=46401, avg=9807.26, stdev=5537.91
    clat (usec): min=535, max=37564, avg=8825.70, stdev=2975.71
     lat (usec): min=543, max=37575, avg=8835.59, stdev=2975.67
    clat percentiles (usec):
     |  1.00th=[ 4752],  5.00th=[ 5211], 10.00th=[ 5604], 20.00th=[ 6390],
     | 30.00th=[ 7111], 40.00th=[ 7767], 50.00th=[ 8455], 60.00th=[ 9241],
     | 70.00th=[10028], 80.00th=[10814], 90.00th=[11863], 95.00th=[12911],
     | 99.00th=[19792], 99.50th=[23462], 99.90th=[30540], 99.95th=[32900],
     | 99.99th=[37487]
   bw (  KiB/s): min=458368, max=466560, per=99.95%, avg=463136.00, stdev=3604.32, samples=4
   iops        : min= 7162, max= 7290, avg=7236.50, stdev=56.32, samples=4
  lat (usec)   : 750=0.03%, 1000=0.01%
  lat (msec)   : 2=0.05%, 4=0.10%, 10=70.04%, 20=28.80%, 50=0.96%
  cpu          : usr=4.55%, sys=11.72%, ctx=15700, majf=0, minf=28
  IO depths    : 1=0.1%, 2=0.1%, 4=0.1%, 8=0.1%, 16=0.1%, 32=0.2%, >=64=99.6%
     submit    : 0=0.0%, 4=100.0%, 8=0.0%, 16=0.0%, 32=0.0%, 64=0.0%, >=64=0.0%
     complete  : 0=0.0%, 4=100.0%, 8=0.0%, 16=0.0%, 32=0.0%, 64=0.1%, >=64=0.0%
     issued rwt: total=0,16384,0, short=0,0,0, dropped=0,0,0
     latency   : target=0, window=0, percentile=100.00%, depth=64

Run status group 0 (all jobs):
  WRITE: bw=452MiB/s (474MB/s), 452MiB/s-452MiB/s (474MB/s-474MB/s), io=1024MiB (1074MB), run=2263-2263msec

Disk stats (read/write):
  sdb: ios=40/15074, merge=0/475, ticks=11/132989, in_queue=133288, util=95.86%
