test: (g=0): rw=randwrite, bs=(R) 4096B-4096B, (W) 4096B-4096B, (T) 4096B-4096B, ioengine=libaio, iodepth=64
fio-3.1
Starting 1 process

test: (groupid=0, jobs=1): err= 0: pid=38500: Fri Jul 13 13:02:03 2018
  write: IOPS=64.5k, BW=252MiB/s (264MB/s)(1024MiB/4065msec)
    slat (nsec): min=1426, max=77438, avg=3080.30, stdev=1911.26
    clat (usec): min=299, max=7212, avg=988.26, stdev=359.12
     lat (usec): min=306, max=7221, avg=991.40, stdev=359.12
    clat percentiles (usec):
     |  1.00th=[  490],  5.00th=[  562], 10.00th=[  619], 20.00th=[  709],
     | 30.00th=[  791], 40.00th=[  873], 50.00th=[  955], 60.00th=[ 1037],
     | 70.00th=[ 1123], 80.00th=[ 1221], 90.00th=[ 1336], 95.00th=[ 1450],
     | 99.00th=[ 2343], 99.50th=[ 2802], 99.90th=[ 4047], 99.95th=[ 4817],
     | 99.99th=[ 5473]
   bw (  KiB/s): min=253696, max=261920, per=99.96%, avg=257839.00, stdev=2259.44, samples=8
   iops        : min=63424, max=65480, avg=64459.75, stdev=564.86, samples=8
  lat (usec)   : 500=1.44%, 750=23.96%, 1000=30.53%
  lat (msec)   : 2=42.46%, 4=1.50%, 10=0.11%
  cpu          : usr=17.03%, sys=40.97%, ctx=224080, majf=0, minf=28
  IO depths    : 1=0.1%, 2=0.1%, 4=0.1%, 8=0.1%, 16=0.1%, 32=0.1%, >=64=100.0%
     submit    : 0=0.0%, 4=100.0%, 8=0.0%, 16=0.0%, 32=0.0%, 64=0.0%, >=64=0.0%
     complete  : 0=0.0%, 4=100.0%, 8=0.0%, 16=0.0%, 32=0.0%, 64=0.1%, >=64=0.0%
     issued rwt: total=0,262144,0, short=0,0,0, dropped=0,0,0
     latency   : target=0, window=0, percentile=100.00%, depth=64

Run status group 0 (all jobs):
  WRITE: bw=252MiB/s (264MB/s), 252MiB/s-252MiB/s (264MB/s-264MB/s), io=1024MiB (1074MB), run=4065-4065msec

Disk stats (read/write):
  sda: ios=40/249940, merge=0/1075, ticks=12/246632, in_queue=247286, util=97.82%
