test: (g=0): rw=write, bs=(R) 512KiB-512KiB, (W) 512KiB-512KiB, (T) 512KiB-512KiB, ioengine=libaio, iodepth=64
fio-3.1
Starting 1 process

test: (groupid=0, jobs=1): err= 0: pid=3087: Fri Jul 13 16:38:07 2018
  write: IOPS=413, BW=207MiB/s (217MB/s)(1024MiB/4952msec)
    slat (usec): min=35, max=1147, avg=127.79, stdev=64.59
    clat (msec): min=8, max=297, avg=154.47, stdev=23.91
     lat (msec): min=9, max=297, avg=154.60, stdev=23.91
    clat percentiles (msec):
     |  1.00th=[   51],  5.00th=[  148], 10.00th=[  150], 20.00th=[  150],
     | 30.00th=[  150], 40.00th=[  150], 50.00th=[  153], 60.00th=[  153],
     | 70.00th=[  155], 80.00th=[  155], 90.00th=[  163], 95.00th=[  192],
     | 99.00th=[  251], 99.50th=[  275], 99.90th=[  292], 99.95th=[  296],
     | 99.99th=[  296]
   bw (  KiB/s): min=192512, max=220160, per=99.76%, avg=211240.78, stdev=9103.16, samples=9
   iops        : min=  376, max=  430, avg=412.56, stdev=17.81, samples=9
  lat (msec)   : 10=0.05%, 20=0.34%, 50=0.59%, 100=1.07%, 250=96.97%
  lat (msec)   : 500=0.98%
  cpu          : usr=2.10%, sys=4.16%, ctx=2054, majf=0, minf=28
  IO depths    : 1=0.1%, 2=0.1%, 4=0.2%, 8=0.4%, 16=0.8%, 32=1.6%, >=64=96.9%
     submit    : 0=0.0%, 4=100.0%, 8=0.0%, 16=0.0%, 32=0.0%, 64=0.0%, >=64=0.0%
     complete  : 0=0.0%, 4=99.9%, 8=0.0%, 16=0.0%, 32=0.0%, 64=0.1%, >=64=0.0%
     issued rwt: total=0,2048,0, short=0,0,0, dropped=0,0,0
     latency   : target=0, window=0, percentile=100.00%, depth=64

Run status group 0 (all jobs):
  WRITE: bw=207MiB/s (217MB/s), 207MiB/s-207MiB/s (217MB/s-217MB/s), io=1024MiB (1074MB), run=4952-4952msec

Disk stats (read/write):
  sdk: ios=6/4029, merge=0/0, ticks=4290/610950, in_queue=623157, util=97.81%
