test: (g=0): rw=randread, bs=(R) 8192B-8192B, (W) 8192B-8192B, (T) 8192B-8192B, ioengine=libaio, iodepth=64
fio-3.1
Starting 1 process

test: (groupid=0, jobs=1): err= 0: pid=9276: Tue Jul 24 21:27:07 2018
   read: IOPS=523, BW=4185KiB/s (4285kB/s)(1024MiB/250564msec)
    slat (nsec): min=3648, max=91309, avg=23315.80, stdev=7452.31
    clat (msec): min=5, max=1027, avg=122.32, stdev=76.30
     lat (msec): min=5, max=1027, avg=122.34, stdev=76.30
    clat percentiles (msec):
     |  1.00th=[   34],  5.00th=[   57], 10.00th=[   65], 20.00th=[   72],
     | 30.00th=[   79], 40.00th=[   87], 50.00th=[   96], 60.00th=[  111],
     | 70.00th=[  131], 80.00th=[  161], 90.00th=[  218], 95.00th=[  275],
     | 99.00th=[  418], 99.50th=[  477], 99.90th=[  609], 99.95th=[  676],
     | 99.99th=[  802]
   bw (  KiB/s): min= 1888, max=10928, per=99.99%, avg=4183.77, stdev=733.42, samples=501
   iops        : min=  236, max= 1366, avg=522.96, stdev=91.68, samples=501
  lat (msec)   : 10=0.01%, 20=0.12%, 50=3.49%, 100=49.29%, 250=40.32%
  lat (msec)   : 500=6.38%, 750=0.37%, 1000=0.02%, 2000=0.01%
  cpu          : usr=0.62%, sys=1.95%, ctx=130001, majf=0, minf=159
  IO depths    : 1=0.1%, 2=0.1%, 4=0.1%, 8=0.1%, 16=0.1%, 32=0.1%, >=64=100.0%
     submit    : 0=0.0%, 4=100.0%, 8=0.0%, 16=0.0%, 32=0.0%, 64=0.0%, >=64=0.0%
     complete  : 0=0.0%, 4=100.0%, 8=0.0%, 16=0.0%, 32=0.0%, 64=0.1%, >=64=0.0%
     issued rwt: total=131072,0,0, short=0,0,0, dropped=0,0,0
     latency   : target=0, window=0, percentile=100.00%, depth=64

Run status group 0 (all jobs):
   READ: bw=4185KiB/s (4285kB/s), 4185KiB/s-4185KiB/s (4285kB/s-4285kB/s), io=1024MiB (1074MB), run=250564-250564msec

Disk stats (read/write):
  sdl: ios=130838/6, merge=0/0, ticks=16018059/617, in_queue=16019554, util=100.00%
