test: (g=0): rw=randread, bs=(R) 64.0KiB-64.0KiB, (W) 64.0KiB-64.0KiB, (T) 64.0KiB-64.0KiB, ioengine=libaio, iodepth=64
fio-3.1
Starting 1 process

test: (groupid=0, jobs=1): err= 0: pid=17365: Mon Jul 23 20:21:38 2018
   read: IOPS=471, BW=29.5MiB/s (30.9MB/s)(1024MiB/34719msec)
    slat (usec): min=7, max=173, avg=26.95, stdev= 9.21
    clat (msec): min=9, max=1076, avg=135.58, stdev=82.93
     lat (msec): min=9, max=1076, avg=135.61, stdev=82.93
    clat percentiles (msec):
     |  1.00th=[   53],  5.00th=[   67], 10.00th=[   73], 20.00th=[   81],
     | 30.00th=[   88], 40.00th=[   96], 50.00th=[  108], 60.00th=[  122],
     | 70.00th=[  142], 80.00th=[  176], 90.00th=[  236], 95.00th=[  305],
     | 99.00th=[  460], 99.50th=[  535], 99.90th=[  676], 99.95th=[  735],
     | 99.99th=[  911]
   bw (  KiB/s): min=24960, max=44928, per=99.55%, avg=30064.61, stdev=3464.12, samples=69
   iops        : min=  390, max=  702, avg=469.75, stdev=54.13, samples=69
  lat (msec)   : 10=0.01%, 20=0.03%, 50=0.65%, 100=43.38%, 250=47.18%
  lat (msec)   : 500=8.06%, 750=0.64%, 1000=0.04%, 2000=0.01%
  cpu          : usr=0.51%, sys=1.88%, ctx=16384, majf=0, minf=545
  IO depths    : 1=0.1%, 2=0.1%, 4=0.1%, 8=0.1%, 16=0.1%, 32=0.2%, >=64=99.6%
     submit    : 0=0.0%, 4=100.0%, 8=0.0%, 16=0.0%, 32=0.0%, 64=0.0%, >=64=0.0%
     complete  : 0=0.0%, 4=100.0%, 8=0.0%, 16=0.0%, 32=0.0%, 64=0.1%, >=64=0.0%
     issued rwt: total=16384,0,0, short=0,0,0, dropped=0,0,0
     latency   : target=0, window=0, percentile=100.00%, depth=64

Run status group 0 (all jobs):
   READ: bw=29.5MiB/s (30.9MB/s), 29.5MiB/s-29.5MiB/s (30.9MB/s-30.9MB/s), io=1024MiB (1074MB), run=34719-34719msec

Disk stats (read/write):
  sdi: ios=16310/0, merge=0/0, ticks=2213046/0, in_queue=2216565, util=99.78%
