test: (g=0): rw=randwrite, bs=(R) 8192B-8192B, (W) 8192B-8192B, (T) 8192B-8192B, ioengine=libaio, iodepth=64
fio-3.1
Starting 1 process

test: (groupid=0, jobs=1): err= 0: pid=7034: Tue Jul 24 19:20:51 2018
  write: IOPS=235, BW=1884KiB/s (1929kB/s)(1024MiB/556536msec)
    slat (usec): min=4, max=200, avg=28.34, stdev= 9.80
    clat (usec): min=355, max=1442.0k, avg=271710.10, stdev=151171.06
     lat (usec): min=384, max=1442.1k, avg=271739.00, stdev=151172.55
    clat percentiles (msec):
     |  1.00th=[   17],  5.00th=[   31], 10.00th=[  117], 20.00th=[  167],
     | 30.00th=[  197], 40.00th=[  226], 50.00th=[  255], 60.00th=[  288],
     | 70.00th=[  321], 80.00th=[  359], 90.00th=[  430], 95.00th=[  558],
     | 99.00th=[  802], 99.50th=[  894], 99.90th=[ 1083], 99.95th=[ 1133],
     | 99.99th=[ 1284]
   bw (  KiB/s): min=   32, max= 4480, per=100.00%, avg=1888.33, stdev=472.80, samples=1110
   iops        : min=    4, max=  560, avg=236.03, stdev=59.10, samples=1110
  lat (usec)   : 500=0.01%, 1000=0.01%
  lat (msec)   : 2=0.01%, 4=0.01%, 10=0.07%, 20=2.09%, 50=4.69%
  lat (msec)   : 100=2.12%, 250=39.20%, 500=44.84%, 750=5.49%, 1000=1.25%
  lat (msec)   : 2000=0.22%
  cpu          : usr=0.29%, sys=0.99%, ctx=131066, majf=0, minf=474
  IO depths    : 1=0.1%, 2=0.1%, 4=0.1%, 8=0.1%, 16=0.1%, 32=0.1%, >=64=100.0%
     submit    : 0=0.0%, 4=100.0%, 8=0.0%, 16=0.0%, 32=0.0%, 64=0.0%, >=64=0.0%
     complete  : 0=0.0%, 4=100.0%, 8=0.0%, 16=0.0%, 32=0.0%, 64=0.1%, >=64=0.0%
     issued rwt: total=0,131072,0, short=0,0,0, dropped=0,0,0
     latency   : target=0, window=0, percentile=100.00%, depth=64

Run status group 0 (all jobs):
  WRITE: bw=1884KiB/s (1929kB/s), 1884KiB/s-1884KiB/s (1929kB/s-1929kB/s), io=1024MiB (1074MB), run=556536-556536msec

Disk stats (read/write):
  sdh: ios=0/131034, merge=0/0, ticks=0/35605068, in_queue=35611673, util=100.00%
