test: (g=0): rw=randwrite, bs=(R) 4096B-4096B, (W) 4096B-4096B, (T) 4096B-4096B, ioengine=libaio, iodepth=64
fio-3.1
Starting 1 process

test: (groupid=0, jobs=1): err= 0: pid=6931: Tue Jul 24 19:03:18 2018
  write: IOPS=238, BW=954KiB/s (977kB/s)(1024MiB/1098837msec)
    slat (usec): min=3, max=218, avg=28.17, stdev= 9.10
    clat (usec): min=342, max=1690.8k, avg=268235.82, stdev=142154.17
     lat (usec): min=377, max=1690.9k, avg=268264.52, stdev=142155.22
    clat percentiles (msec):
     |  1.00th=[   18],  5.00th=[   44], 10.00th=[  136], 20.00th=[  169],
     | 30.00th=[  197], 40.00th=[  224], 50.00th=[  253], 60.00th=[  279],
     | 70.00th=[  313], 80.00th=[  347], 90.00th=[  405], 95.00th=[  531],
     | 99.00th=[  793], 99.50th=[  894], 99.90th=[ 1099], 99.95th=[ 1150],
     | 99.99th=[ 1368]
   bw (  KiB/s): min=    8, max= 2456, per=100.00%, avg=959.21, stdev=227.64, samples=2185
   iops        : min=    2, max=  614, avg=239.80, stdev=56.91, samples=2185
  lat (usec)   : 500=0.01%, 1000=0.01%
  lat (msec)   : 2=0.01%, 4=0.01%, 10=0.07%, 20=1.56%, 50=3.62%
  lat (msec)   : 100=1.69%, 250=42.26%, 500=44.94%, 750=4.53%, 1000=1.07%
  lat (msec)   : 2000=0.24%
  cpu          : usr=0.32%, sys=0.99%, ctx=262136, majf=0, minf=386
  IO depths    : 1=0.1%, 2=0.1%, 4=0.1%, 8=0.1%, 16=0.1%, 32=0.1%, >=64=100.0%
     submit    : 0=0.0%, 4=100.0%, 8=0.0%, 16=0.0%, 32=0.0%, 64=0.0%, >=64=0.0%
     complete  : 0=0.0%, 4=100.0%, 8=0.0%, 16=0.0%, 32=0.0%, 64=0.1%, >=64=0.0%
     issued rwt: total=0,262144,0, short=0,0,0, dropped=0,0,0
     latency   : target=0, window=0, percentile=100.00%, depth=64

Run status group 0 (all jobs):
  WRITE: bw=954KiB/s (977kB/s), 954KiB/s-954KiB/s (977kB/s-977kB/s), io=1024MiB (1074MB), run=1098837-1098837msec

Disk stats (read/write):
  sdh: ios=0/262164, merge=0/3, ticks=0/70333892, in_queue=70338154, util=100.00%
