test: (g=0): rw=randread, bs=(R) 64.0KiB-64.0KiB, (W) 64.0KiB-64.0KiB, (T) 64.0KiB-64.0KiB, ioengine=libaio, iodepth=64
fio-3.1
Starting 1 process

test: (groupid=0, jobs=1): err= 0: pid=38340: Wed Jul 11 15:20:51 2018
   read: IOPS=8237, BW=515MiB/s (540MB/s)(1024MiB/1989msec)
    slat (usec): min=3, max=688, avg= 7.34, stdev= 6.72
    clat (usec): min=1201, max=33404, avg=7752.42, stdev=2539.51
     lat (usec): min=1646, max=33410, avg=7759.82, stdev=2539.27
    clat percentiles (usec):
     |  1.00th=[ 4178],  5.00th=[ 4621], 10.00th=[ 4948], 20.00th=[ 5604],
     | 30.00th=[ 6259], 40.00th=[ 6849], 50.00th=[ 7504], 60.00th=[ 8160],
     | 70.00th=[ 8848], 80.00th=[ 9503], 90.00th=[10421], 95.00th=[11207],
     | 99.00th=[17171], 99.50th=[20579], 99.90th=[26608], 99.95th=[28181],
     | 99.99th=[31589]
   bw (  KiB/s): min=525696, max=527616, per=99.93%, avg=526805.33, stdev=994.23, samples=3
   iops        : min= 8214, max= 8244, avg=8231.33, stdev=15.53, samples=3
  lat (msec)   : 2=0.11%, 4=0.16%, 10=86.11%, 20=13.07%, 50=0.55%
  cpu          : usr=2.52%, sys=11.82%, ctx=15694, majf=0, minf=544
  IO depths    : 1=0.1%, 2=0.1%, 4=0.1%, 8=0.1%, 16=0.1%, 32=0.2%, >=64=99.6%
     submit    : 0=0.0%, 4=100.0%, 8=0.0%, 16=0.0%, 32=0.0%, 64=0.0%, >=64=0.0%
     complete  : 0=0.0%, 4=100.0%, 8=0.0%, 16=0.0%, 32=0.0%, 64=0.1%, >=64=0.0%
     issued rwt: total=16384,0,0, short=0,0,0, dropped=0,0,0
     latency   : target=0, window=0, percentile=100.00%, depth=64

Run status group 0 (all jobs):
   READ: bw=515MiB/s (540MB/s), 515MiB/s-515MiB/s (540MB/s-540MB/s), io=1024MiB (1074MB), run=1989-1989msec

Disk stats (read/write):
  sdb: ios=15151/0, merge=493/0, ticks=117454/0, in_queue=117666, util=95.05%
