test: (g=0): rw=randread, bs=(R) 64.0KiB-64.0KiB, (W) 64.0KiB-64.0KiB, (T) 64.0KiB-64.0KiB, ioengine=libaio, iodepth=64
fio-3.1
Starting 1 process

test: (groupid=0, jobs=1): err= 0: pid=18146: Sun Jul 15 04:04:39 2018
   read: IOPS=463, BW=28.0MiB/s (30.4MB/s)(1024MiB/35324msec)
    slat (usec): min=3, max=553, avg=21.63, stdev= 9.85
    clat (msec): min=5, max=880, avg=137.94, stdev=102.15
     lat (msec): min=5, max=880, avg=137.96, stdev=102.15
    clat percentiles (msec):
     |  1.00th=[   17],  5.00th=[   30], 10.00th=[   42], 20.00th=[   62],
     | 30.00th=[   79], 40.00th=[   95], 50.00th=[  113], 60.00th=[  133],
     | 70.00th=[  159], 80.00th=[  197], 90.00th=[  266], 95.00th=[  338],
     | 99.00th=[  523], 99.50th=[  617], 99.90th=[  743], 99.95th=[  802],
     | 99.99th=[  869]
   bw (  KiB/s): min=24320, max=46464, per=99.35%, avg=29490.33, stdev=3658.31, samples=70
   iops        : min=  380, max=  726, avg=460.81, stdev=57.13, samples=70
  lat (msec)   : 10=0.13%, 20=1.68%, 50=12.27%, 100=28.75%, 250=45.51%
  lat (msec)   : 500=10.50%, 750=1.06%, 1000=0.09%
  cpu          : usr=0.55%, sys=1.78%, ctx=15694, majf=0, minf=544
  IO depths    : 1=0.1%, 2=0.1%, 4=0.1%, 8=0.1%, 16=0.1%, 32=0.2%, >=64=99.6%
     submit    : 0=0.0%, 4=100.0%, 8=0.0%, 16=0.0%, 32=0.0%, 64=0.0%, >=64=0.0%
     complete  : 0=0.0%, 4=100.0%, 8=0.0%, 16=0.0%, 32=0.0%, 64=0.1%, >=64=0.0%
     issued rwt: total=16384,0,0, short=0,0,0, dropped=0,0,0
     latency   : target=0, window=0, percentile=100.00%, depth=64

Run status group 0 (all jobs):
   READ: bw=28.0MiB/s (30.4MB/s), 28.0MiB/s-28.0MiB/s (30.4MB/s-30.4MB/s), io=1024MiB (1074MB), run=35324-35324msec

Disk stats (read/write):
  sdf: ios=15605/2, merge=667/0, ticks=2175252/1269, in_queue=2178638, util=99.79%
