test: (g=0): rw=write, bs=(R) 1024KiB-1024KiB, (W) 1024KiB-1024KiB, (T) 1024KiB-1024KiB, ioengine=libaio, iodepth=64
fio-3.1
Starting 1 process

test: (groupid=0, jobs=1): err= 0: pid=17773: Sun Jul 15 03:21:09 2018
  write: IOPS=193, BW=193MiB/s (203MB/s)(1024MiB/5298msec)
    slat (usec): min=62, max=214240, avg=4989.20, stdev=14250.42
    clat (msec): min=186, max=483, avg=320.10, stdev=36.34
     lat (msec): min=186, max=483, avg=325.09, stdev=34.21
    clat percentiles (msec):
     |  1.00th=[  224],  5.00th=[  271], 10.00th=[  296], 20.00th=[  300],
     | 30.00th=[  305], 40.00th=[  309], 50.00th=[  309], 60.00th=[  330],
     | 70.00th=[  338], 80.00th=[  338], 90.00th=[  355], 95.00th=[  372],
     | 99.00th=[  451], 99.50th=[  485], 99.90th=[  485], 99.95th=[  485],
     | 99.99th=[  485]
   bw (  KiB/s): min=83968, max=229376, per=96.96%, avg=191897.60, stdev=41028.78, samples=10
   iops        : min=   82, max=  224, avg=187.40, stdev=40.07, samples=10
  lat (msec)   : 250=1.56%, 500=98.44%
  cpu          : usr=1.21%, sys=1.83%, ctx=164, majf=0, minf=28
  IO depths    : 1=0.1%, 2=0.2%, 4=0.4%, 8=0.8%, 16=1.6%, 32=3.1%, >=64=93.8%
     submit    : 0=0.0%, 4=100.0%, 8=0.0%, 16=0.0%, 32=0.0%, 64=0.0%, >=64=0.0%
     complete  : 0=0.0%, 4=99.9%, 8=0.0%, 16=0.0%, 32=0.0%, 64=0.1%, >=64=0.0%
     issued rwt: total=0,1024,0, short=0,0,0, dropped=0,0,0
     latency   : target=0, window=0, percentile=100.00%, depth=64

Run status group 0 (all jobs):
  WRITE: bw=193MiB/s (203MB/s), 193MiB/s-193MiB/s (203MB/s-203MB/s), io=1024MiB (1074MB), run=5298-5298msec

Disk stats (read/write):
  sdf: ios=0/3942, merge=0/0, ticks=0/721335, in_queue=733533, util=97.67%
