test: (g=0): rw=write, bs=(R) 512KiB-512KiB, (W) 512KiB-512KiB, (T) 512KiB-512KiB, ioengine=libaio, iodepth=64
fio-3.1
Starting 1 process

test: (groupid=0, jobs=1): err= 0: pid=17683: Sun Jul 15 03:20:58 2018
  write: IOPS=377, BW=189MiB/s (198MB/s)(1024MiB/5429msec)
    slat (usec): min=35, max=1080, avg=125.28, stdev=46.68
    clat (msec): min=14, max=325, avg=169.37, stdev=30.87
     lat (msec): min=14, max=325, avg=169.49, stdev=30.86
    clat percentiles (msec):
     |  1.00th=[  150],  5.00th=[  150], 10.00th=[  150], 20.00th=[  153],
     | 30.00th=[  153], 40.00th=[  155], 50.00th=[  157], 60.00th=[  165],
     | 70.00th=[  165], 80.00th=[  174], 90.00th=[  197], 95.00th=[  253],
     | 99.00th=[  292], 99.50th=[  305], 99.90th=[  321], 99.95th=[  326],
     | 99.99th=[  326]
   bw (  KiB/s): min=138240, max=216064, per=98.93%, avg=191078.40, stdev=24069.20, samples=10
   iops        : min=  270, max=  422, avg=373.20, stdev=47.01, samples=10
  lat (msec)   : 20=0.05%, 50=0.05%, 100=0.05%, 250=94.68%, 500=5.18%
  cpu          : usr=1.46%, sys=4.53%, ctx=2052, majf=0, minf=28
  IO depths    : 1=0.1%, 2=0.1%, 4=0.2%, 8=0.4%, 16=0.8%, 32=1.6%, >=64=96.9%
     submit    : 0=0.0%, 4=100.0%, 8=0.0%, 16=0.0%, 32=0.0%, 64=0.0%, >=64=0.0%
     complete  : 0=0.0%, 4=99.9%, 8=0.0%, 16=0.0%, 32=0.0%, 64=0.1%, >=64=0.0%
     issued rwt: total=0,2048,0, short=0,0,0, dropped=0,0,0
     latency   : target=0, window=0, percentile=100.00%, depth=64

Run status group 0 (all jobs):
  WRITE: bw=189MiB/s (198MB/s), 189MiB/s-189MiB/s (198MB/s-198MB/s), io=1024MiB (1074MB), run=5429-5429msec

Disk stats (read/write):
  sdf: ios=0/4053, merge=0/0, ticks=0/676439, in_queue=681897, util=97.94%
