rbd_image0: (g=0): rw=randread, bs=(R) 64.0KiB-64.0KiB, (W) 64.0KiB-64.0KiB, (T) 64.0KiB-64.0KiB, ioengine=rbd, iodepth=64
...
fio-3.1
Starting 5 processes

rbd_image0: (groupid=0, jobs=5): err= 0: pid=206608: Mon Jul  9 11:25:48 2018
   read: IOPS=21.0k, BW=1313MiB/s (1377MB/s)(5120MiB/3899msec)
    slat (nsec): min=641, max=119263, avg=1518.38, stdev=2477.24
    clat (usec): min=440, max=213800, avg=14906.49, stdev=9334.04
     lat (usec): min=442, max=213809, avg=14908.00, stdev=9334.00
    clat percentiles (msec):
     |  1.00th=[    3],  5.00th=[    5], 10.00th=[    7], 20.00th=[   10],
     | 30.00th=[   11], 40.00th=[   13], 50.00th=[   14], 60.00th=[   16],
     | 70.00th=[   17], 80.00th=[   20], 90.00th=[   25], 95.00th=[   29],
     | 99.00th=[   40], 99.50th=[   46], 99.90th=[   77], 99.95th=[  213],
     | 99.99th=[  213]
   bw (  KiB/s): min=187520, max=331136, per=20.01%, avg=269136.06, stdev=30186.42, samples=35
   iops        : min= 2930, max= 5174, avg=4205.17, stdev=471.66, samples=35
  lat (usec)   : 500=0.01%, 750=0.02%, 1000=0.04%
  lat (msec)   : 2=0.38%, 4=3.57%, 10=21.60%, 20=55.04%, 50=19.09%
  lat (msec)   : 100=0.18%, 250=0.08%
  cpu          : usr=1.43%, sys=0.08%, ctx=3116, majf=0, minf=120
  IO depths    : 1=0.4%, 2=1.0%, 4=2.7%, 8=8.0%, 16=23.7%, 32=61.7%, >=64=2.5%
     submit    : 0=0.0%, 4=100.0%, 8=0.0%, 16=0.0%, 32=0.0%, 64=0.0%, >=64=0.0%
     complete  : 0=0.0%, 4=97.9%, 8=0.1%, 16=0.2%, 32=0.2%, 64=1.7%, >=64=0.0%
     issued rwt: total=81920,0,0, short=0,0,0, dropped=0,0,0
     latency   : target=0, window=0, percentile=100.00%, depth=64

Run status group 0 (all jobs):
   READ: bw=1313MiB/s (1377MB/s), 1313MiB/s-1313MiB/s (1377MB/s-1377MB/s), io=5120MiB (5369MB), run=3899-3899msec

Disk stats (read/write):
    dm-0: ios=0/10, merge=0/0, ticks=0/68, in_queue=68, util=1.77%, aggrios=0/14, aggrmerge=0/0, aggrticks=0/68, aggrin_queue=68, aggrutil=1.69%
  sdc: ios=0/14, merge=0/0, ticks=0/68, in_queue=68, util=1.69%
