rbd_image0: (g=0): rw=randwrite, bs=(R) 64.0KiB-64.0KiB, (W) 64.0KiB-64.0KiB, (T) 64.0KiB-64.0KiB, ioengine=rbd, iodepth=64
...
fio-3.1
Starting 5 processes

rbd_image0: (groupid=0, jobs=5): err= 0: pid=206470: Mon Jul  9 11:25:43 2018
  write: IOPS=1095, BW=68.5MiB/s (71.8MB/s)(5120MiB/74749msec)
    slat (usec): min=8, max=582, avg=30.88, stdev=17.59
    clat (usec): min=1365, max=3765.1k, avg=272438.46, stdev=397667.71
     lat (usec): min=1379, max=3765.1k, avg=272469.35, stdev=397668.34
    clat percentiles (msec):
     |  1.00th=[    6],  5.00th=[   17], 10.00th=[   39], 20.00th=[   59],
     | 30.00th=[   80], 40.00th=[  106], 50.00th=[  132], 60.00th=[  165],
     | 70.00th=[  226], 80.00th=[  334], 90.00th=[  684], 95.00th=[ 1234],
     | 99.00th=[ 1888], 99.50th=[ 2232], 99.90th=[ 3205], 99.95th=[ 3775],
     | 99.99th=[ 3775]
   bw (  KiB/s): min= 5634, max=224440, per=28.35%, avg=19884.68, stdev=15426.65, samples=496
   iops        : min=   88, max= 3506, avg=310.64, stdev=241.01, samples=496
  lat (msec)   : 2=0.03%, 4=0.27%, 10=3.39%, 20=1.93%, 50=9.52%
  lat (msec)   : 100=23.13%, 250=34.60%, 500=13.69%, 750=4.05%, 1000=2.28%
  lat (msec)   : 2000=6.33%, >=2000=0.78%
  cpu          : usr=0.60%, sys=0.17%, ctx=5889, majf=0, minf=160111
  IO depths    : 1=0.5%, 2=1.6%, 4=4.4%, 8=11.0%, 16=24.5%, 32=55.3%, >=64=2.7%
     submit    : 0=0.0%, 4=100.0%, 8=0.0%, 16=0.0%, 32=0.0%, 64=0.0%, >=64=0.0%
     complete  : 0=0.0%, 4=98.0%, 8=0.3%, 16=0.2%, 32=0.1%, 64=1.5%, >=64=0.0%
     issued rwt: total=0,81920,0, short=0,0,0, dropped=0,0,0
     latency   : target=0, window=0, percentile=100.00%, depth=64

Run status group 0 (all jobs):
  WRITE: bw=68.5MiB/s (71.8MB/s), 68.5MiB/s-68.5MiB/s (71.8MB/s-71.8MB/s), io=5120MiB (5369MB), run=74749-74749msec

Disk stats (read/write):
    dm-0: ios=0/241, merge=0/0, ticks=0/1432, in_queue=1432, util=1.88%, aggrios=0/311, aggrmerge=0/8, aggrticks=0/1426, aggrin_queue=1426, aggrutil=1.88%
  sdc: ios=0/311, merge=0/8, ticks=0/1426, in_queue=1426, util=1.88%
