test: (g=0): rw=read, bs=(R) 512KiB-512KiB, (W) 512KiB-512KiB, (T) 512KiB-512KiB, ioengine=libaio, iodepth=64
fio-3.1
Starting 1 process

test: (groupid=0, jobs=1): err= 0: pid=34206: Tue Jul 24 19:17:09 2018
   read: IOPS=421, BW=211MiB/s (221MB/s)(1024MiB/4863msec)
    slat (usec): min=29, max=751, avg=104.19, stdev=54.49
    clat (msec): min=10, max=293, avg=151.58, stdev=21.66
     lat (msec): min=11, max=293, avg=151.69, stdev=21.65
    clat percentiles (msec):
     |  1.00th=[   49],  5.00th=[  146], 10.00th=[  146], 20.00th=[  148],
     | 30.00th=[  148], 40.00th=[  148], 50.00th=[  150], 60.00th=[  157],
     | 70.00th=[  159], 80.00th=[  159], 90.00th=[  159], 95.00th=[  159],
     | 99.00th=[  247], 99.50th=[  271], 99.90th=[  288], 99.95th=[  292],
     | 99.99th=[  292]
   bw (  KiB/s): min=206848, max=222208, per=99.84%, avg=215267.56, stdev=6266.05, samples=9
   iops        : min=  404, max=  434, avg=420.44, stdev=12.24, samples=9
  lat (msec)   : 20=0.34%, 50=0.68%, 100=1.17%, 250=96.88%, 500=0.93%
  cpu          : usr=0.35%, sys=4.87%, ctx=2046, majf=0, minf=560
  IO depths    : 1=0.1%, 2=0.1%, 4=0.2%, 8=0.4%, 16=0.8%, 32=1.6%, >=64=96.9%
     submit    : 0=0.0%, 4=100.0%, 8=0.0%, 16=0.0%, 32=0.0%, 64=0.0%, >=64=0.0%
     complete  : 0=0.0%, 4=99.9%, 8=0.0%, 16=0.0%, 32=0.0%, 64=0.1%, >=64=0.0%
     issued rwt: total=2048,0,0, short=0,0,0, dropped=0,0,0
     latency   : target=0, window=0, percentile=100.00%, depth=64

Run status group 0 (all jobs):
   READ: bw=211MiB/s (221MB/s), 211MiB/s-211MiB/s (221MB/s-221MB/s), io=1024MiB (1074MB), run=4863-4863msec

Disk stats (read/write):
  sdj: ios=3908/0, merge=0/0, ticks=581524/0, in_queue=590958, util=97.93%
