test: (g=0): rw=write, bs=(R) 64.0KiB-64.0KiB, (W) 64.0KiB-64.0KiB, (T) 64.0KiB-64.0KiB, ioengine=libaio, iodepth=64
fio-3.1
Starting 1 process
test: Laying out IO file (1 file / 1024MiB)

test: (groupid=0, jobs=1): err= 0: pid=34072: Tue Jul 24 19:16:52 2018
  write: IOPS=3216, BW=201MiB/s (211MB/s)(1024MiB/5094msec)
    slat (usec): min=7, max=207, avg=18.62, stdev= 8.75
    clat (usec): min=929, max=215707, avg=19871.43, stdev=11646.74
     lat (usec): min=1143, max=215731, avg=19890.23, stdev=11646.57
    clat percentiles (msec):
     |  1.00th=[   18],  5.00th=[   19], 10.00th=[   19], 20.00th=[   19],
     | 30.00th=[   19], 40.00th=[   19], 50.00th=[   19], 60.00th=[   20],
     | 70.00th=[   20], 80.00th=[   20], 90.00th=[   21], 95.00th=[   21],
     | 99.00th=[   28], 99.50th=[   35], 99.90th=[  213], 99.95th=[  213],
     | 99.99th=[  215]
   bw (  KiB/s): min=133120, max=222976, per=99.89%, avg=205619.20, stdev=26546.57, samples=10
   iops        : min= 2080, max= 3484, avg=3212.80, stdev=414.79, samples=10
  lat (usec)   : 1000=0.01%
  lat (msec)   : 20=88.35%, 50=11.21%, 100=0.04%, 250=0.40%
  cpu          : usr=1.81%, sys=8.97%, ctx=16172, majf=0, minf=27
  IO depths    : 1=0.1%, 2=0.1%, 4=0.1%, 8=0.1%, 16=0.1%, 32=0.2%, >=64=99.6%
     submit    : 0=0.0%, 4=100.0%, 8=0.0%, 16=0.0%, 32=0.0%, 64=0.0%, >=64=0.0%
     complete  : 0=0.0%, 4=100.0%, 8=0.0%, 16=0.0%, 32=0.0%, 64=0.1%, >=64=0.0%
     issued rwt: total=0,16384,0, short=0,0,0, dropped=0,0,0
     latency   : target=0, window=0, percentile=100.00%, depth=64

Run status group 0 (all jobs):
  WRITE: bw=201MiB/s (211MB/s), 201MiB/s-201MiB/s (211MB/s-211MB/s), io=1024MiB (1074MB), run=5094-5094msec

Disk stats (read/write):
  sdj: ios=0/15680, merge=0/0, ticks=0/311627, in_queue=312239, util=97.98%
