test: (g=0): rw=randwrite, bs=(R) 64.0KiB-64.0KiB, (W) 64.0KiB-64.0KiB, (T) 64.0KiB-64.0KiB, ioengine=libaio, iodepth=64
fio-3.1
Starting 1 process

test: (groupid=0, jobs=1): err= 0: pid=19254: Sun Jul 15 05:32:51 2018
  write: IOPS=210, BW=13.2MiB/s (13.8MB/s)(1024MiB/77755msec)
    slat (nsec): min=4537, max=71561, avg=20547.62, stdev=10476.21
    clat (usec): min=534, max=2124.8k, avg=303698.71, stdev=247990.09
     lat (usec): min=559, max=2124.9k, avg=303719.55, stdev=247991.07
    clat percentiles (msec):
     |  1.00th=[   11],  5.00th=[   18], 10.00th=[   23], 20.00th=[   40],
     | 30.00th=[  125], 40.00th=[  205], 50.00th=[  266], 60.00th=[  338],
     | 70.00th=[  409], 80.00th=[  506], 90.00th=[  659], 95.00th=[  760],
     | 99.00th=[  978], 99.50th=[ 1062], 99.90th=[ 1401], 99.95th=[ 1552],
     | 99.99th=[ 2106]
   bw (  KiB/s): min=  640, max=31360, per=100.00%, avg=13614.24, stdev=6228.67, samples=153
   iops        : min=   10, max=  490, avg=212.69, stdev=97.31, samples=153
  lat (usec)   : 750=0.01%, 1000=0.01%
  lat (msec)   : 2=0.02%, 4=0.11%, 10=0.76%, 20=6.60%, 50=14.46%
  lat (msec)   : 100=5.54%, 250=20.47%, 500=31.77%, 750=14.81%, 1000=4.59%
  lat (msec)   : 2000=0.82%, >=2000=0.01%
  cpu          : usr=0.21%, sys=0.68%, ctx=15711, majf=0, minf=28
  IO depths    : 1=0.1%, 2=0.1%, 4=0.1%, 8=0.1%, 16=0.1%, 32=0.2%, >=64=99.6%
     submit    : 0=0.0%, 4=100.0%, 8=0.0%, 16=0.0%, 32=0.0%, 64=0.0%, >=64=0.0%
     complete  : 0=0.0%, 4=100.0%, 8=0.0%, 16=0.0%, 32=0.0%, 64=0.1%, >=64=0.0%
     issued rwt: total=0,16384,0, short=0,0,0, dropped=0,0,0
     latency   : target=0, window=0, percentile=100.00%, depth=64

Run status group 0 (all jobs):
  WRITE: bw=13.2MiB/s (13.8MB/s), 13.2MiB/s-13.2MiB/s (13.8MB/s-13.8MB/s), io=1024MiB (1074MB), run=77755-77755msec

Disk stats (read/write):
  sdh: ios=0/15645, merge=0/655, ticks=0/4797743, in_queue=4809459, util=99.93%
