test: (g=0): rw=randwrite, bs=(R) 8192B-8192B, (W) 8192B-8192B, (T) 8192B-8192B, ioengine=libaio, iodepth=64
fio-3.1
Starting 1 process

test: (groupid=0, jobs=1): err= 0: pid=23842: Sun Jul 15 04:00:27 2018
  write: IOPS=222, BW=1780KiB/s (1823kB/s)(1024MiB/589081msec)
    slat (usec): min=2, max=144, avg=19.71, stdev= 8.59
    clat (usec): min=375, max=2005.9k, avg=287611.84, stdev=209043.66
     lat (usec): min=435, max=2005.9k, avg=287631.98, stdev=209045.43
    clat percentiles (msec):
     |  1.00th=[   12],  5.00th=[   20], 10.00th=[   29], 20.00th=[  113],
     | 30.00th=[  178], 40.00th=[  220], 50.00th=[  259], 60.00th=[  305],
     | 70.00th=[  351], 80.00th=[  414], 90.00th=[  575], 95.00th=[  709],
     | 99.00th=[  944], 99.50th=[ 1036], 99.90th=[ 1267], 99.95th=[ 1334],
     | 99.99th=[ 1569]
   bw (  KiB/s): min=   32, max= 6368, per=100.00%, avg=1808.34, stdev=729.09, samples=1156
   iops        : min=    4, max=  796, avg=226.03, stdev=91.14, samples=1156
  lat (usec)   : 500=0.01%, 750=0.01%, 1000=0.01%
  lat (msec)   : 2=0.01%, 4=0.09%, 10=0.58%, 20=4.56%, 50=9.93%
  lat (msec)   : 100=3.62%, 250=29.01%, 500=38.66%, 750=9.67%, 1000=3.23%
  lat (msec)   : 2000=0.64%, >=2000=0.01%
  cpu          : usr=0.27%, sys=0.77%, ctx=128825, majf=0, minf=29
  IO depths    : 1=0.1%, 2=0.1%, 4=0.1%, 8=0.1%, 16=0.1%, 32=0.1%, >=64=100.0%
     submit    : 0=0.0%, 4=100.0%, 8=0.0%, 16=0.0%, 32=0.0%, 64=0.0%, >=64=0.0%
     complete  : 0=0.0%, 4=100.0%, 8=0.0%, 16=0.0%, 32=0.0%, 64=0.1%, >=64=0.0%
     issued rwt: total=0,131072,0, short=0,0,0, dropped=0,0,0
     latency   : target=0, window=0, percentile=100.00%, depth=64

Run status group 0 (all jobs):
  WRITE: bw=1780KiB/s (1823kB/s), 1780KiB/s-1780KiB/s (1823kB/s-1823kB/s), io=1024MiB (1074MB), run=589081-589081msec

Disk stats (read/write):
  sdf: ios=0/129000, merge=0/2073, ticks=0/37396761, in_queue=37396949, util=100.00%
