test: (g=0): rw=randwrite, bs=(R) 4096B-4096B, (W) 4096B-4096B, (T) 4096B-4096B, ioengine=libaio, iodepth=64
fio-3.1
Starting 1 process

test: (groupid=0, jobs=1): err= 0: pid=3991: Tue Jul 24 15:50:14 2018
  write: IOPS=27.9k, BW=109MiB/s (114MB/s)(1024MiB/9406msec)
    slat (nsec): min=3565, max=84586, avg=5834.21, stdev=2662.19
    clat (usec): min=421, max=38434, avg=2289.56, stdev=1594.51
     lat (usec): min=428, max=38439, avg=2295.46, stdev=1594.67
    clat percentiles (usec):
     |  1.00th=[ 1156],  5.00th=[ 1303], 10.00th=[ 1385], 20.00th=[ 1467],
     | 30.00th=[ 1532], 40.00th=[ 1631], 50.00th=[ 1860], 60.00th=[ 2147],
     | 70.00th=[ 2442], 80.00th=[ 2704], 90.00th=[ 3163], 95.00th=[ 4490],
     | 99.00th=[ 9634], 99.50th=[12125], 99.90th=[17433], 99.95th=[20317],
     | 99.99th=[30278]
   bw (  KiB/s): min=42008, max=132080, per=100.00%, avg=115334.67, stdev=27142.17, samples=18
   iops        : min=10502, max=33020, avg=28833.67, stdev=6785.54, samples=18
  lat (usec)   : 500=0.01%, 750=0.01%, 1000=0.01%
  lat (msec)   : 2=54.88%, 4=39.21%, 10=4.95%, 20=0.88%, 50=0.06%
  cpu          : usr=4.01%, sys=21.16%, ctx=162186, majf=0, minf=120
  IO depths    : 1=0.1%, 2=0.1%, 4=0.1%, 8=0.1%, 16=0.1%, 32=0.1%, >=64=100.0%
     submit    : 0=0.0%, 4=100.0%, 8=0.0%, 16=0.0%, 32=0.0%, 64=0.0%, >=64=0.0%
     complete  : 0=0.0%, 4=100.0%, 8=0.0%, 16=0.0%, 32=0.0%, 64=0.1%, >=64=0.0%
     issued rwt: total=0,262144,0, short=0,0,0, dropped=0,0,0
     latency   : target=0, window=0, percentile=100.00%, depth=64

Run status group 0 (all jobs):
  WRITE: bw=109MiB/s (114MB/s), 109MiB/s-109MiB/s (114MB/s-114MB/s), io=1024MiB (1074MB), run=9406-9406msec

Disk stats (read/write):
  sdb: ios=0/262120, merge=0/3, ticks=0/597793, in_queue=598297, util=98.98%
