test: (g=0): rw=write, bs=(R) 512KiB-512KiB, (W) 512KiB-512KiB, (T) 512KiB-512KiB, ioengine=libaio, iodepth=64
fio-3.1
Starting 1 process

test: (groupid=0, jobs=1): err= 0: pid=24993: Fri Aug 17 18:20:19 2018
  write: IOPS=391, BW=196MiB/s (205MB/s)(1024MiB/5236msec)
    slat (usec): min=31, max=191, avg=97.73, stdev=35.99
    clat (msec): min=3, max=304, avg=163.38, stdev=24.60
     lat (msec): min=3, max=304, avg=163.48, stdev=24.61
    clat percentiles (msec):
     |  1.00th=[   55],  5.00th=[  150], 10.00th=[  155], 20.00th=[  157],
     | 30.00th=[  159], 40.00th=[  161], 50.00th=[  163], 60.00th=[  165],
     | 70.00th=[  165], 80.00th=[  171], 90.00th=[  176], 95.00th=[  207],
     | 99.00th=[  253], 99.50th=[  284], 99.90th=[  300], 99.95th=[  305],
     | 99.99th=[  305]
   bw (  KiB/s): min=188416, max=210944, per=99.76%, avg=199782.40, stdev=6644.17, samples=10
   iops        : min=  368, max=  412, avg=390.20, stdev=12.98, samples=10
  lat (msec)   : 4=0.39%, 20=0.10%, 50=0.49%, 100=0.98%, 250=96.92%
  lat (msec)   : 500=1.12%
  cpu          : usr=1.30%, sys=3.27%, ctx=1181, majf=0, minf=28
  IO depths    : 1=0.1%, 2=0.1%, 4=0.2%, 8=0.4%, 16=0.8%, 32=1.6%, >=64=96.9%
     submit    : 0=0.0%, 4=100.0%, 8=0.0%, 16=0.0%, 32=0.0%, 64=0.0%, >=64=0.0%
     complete  : 0=0.0%, 4=99.9%, 8=0.0%, 16=0.0%, 32=0.0%, 64=0.1%, >=64=0.0%
     issued rwt: total=0,2048,0, short=0,0,0, dropped=0,0,0
     latency   : target=0, window=0, percentile=100.00%, depth=64

Run status group 0 (all jobs):
  WRITE: bw=196MiB/s (205MB/s), 196MiB/s-196MiB/s (205MB/s-205MB/s), io=1024MiB (1074MB), run=5236-5236msec

Disk stats (read/write):
  sdh: ios=0/4002, merge=0/0, ticks=0/642257, in_queue=651809, util=97.90%
