test: (g=0): rw=randwrite, bs=(R) 8192B-8192B, (W) 8192B-8192B, (T) 8192B-8192B, ioengine=libaio, iodepth=64
fio-3.1
Starting 1 process

test: (groupid=0, jobs=1): err= 0: pid=25281: Fri Aug 17 18:38:31 2018
  write: IOPS=581, BW=4655KiB/s (4767kB/s)(1024MiB/225263msec)
    slat (usec): min=2, max=175, avg= 8.32, stdev= 7.70
    clat (usec): min=328, max=793808, avg=109981.38, stdev=69380.39
     lat (usec): min=337, max=793815, avg=109989.83, stdev=69381.00
    clat percentiles (usec):
     |  1.00th=[   660],  5.00th=[   734], 10.00th=[ 29230], 20.00th=[ 56361],
     | 30.00th=[ 73925], 40.00th=[ 88605], 50.00th=[103285], 60.00th=[117965],
     | 70.00th=[135267], 80.00th=[158335], 90.00th=[191890], 95.00th=[225444],
     | 99.00th=[320865], 99.50th=[371196], 99.90th=[616563], 99.95th=[650118],
     | 99.99th=[767558]
   bw (  KiB/s): min= 1072, max=137760, per=99.89%, avg=4649.10, stdev=6438.39, samples=450
   iops        : min=  134, max=17220, avg=581.13, stdev=804.80, samples=450
  lat (usec)   : 500=0.06%, 750=5.59%, 1000=0.49%
  lat (msec)   : 2=0.18%, 4=0.06%, 10=0.40%, 20=1.23%, 50=9.19%
  lat (msec)   : 100=30.55%, 250=49.07%, 500=3.01%, 750=0.14%, 1000=0.02%
  cpu          : usr=0.16%, sys=0.63%, ctx=49402, majf=0, minf=28
  IO depths    : 1=0.1%, 2=0.1%, 4=0.1%, 8=0.1%, 16=0.1%, 32=0.1%, >=64=100.0%
     submit    : 0=0.0%, 4=100.0%, 8=0.0%, 16=0.0%, 32=0.0%, 64=0.0%, >=64=0.0%
     complete  : 0=0.0%, 4=100.0%, 8=0.0%, 16=0.0%, 32=0.0%, 64=0.1%, >=64=0.0%
     issued rwt: total=0,131072,0, short=0,0,0, dropped=0,0,0
     latency   : target=0, window=0, percentile=100.00%, depth=64

Run status group 0 (all jobs):
  WRITE: bw=4655KiB/s (4767kB/s), 4655KiB/s-4655KiB/s (4767kB/s-4767kB/s), io=1024MiB (1074MB), run=225263-225263msec

Disk stats (read/write):
  sdh: ios=27/130837, merge=0/0, ticks=30/14400136, in_queue=14402092, util=100.00%
