test: (g=0): rw=randread, bs=(R) 64.0KiB-64.0KiB, (W) 64.0KiB-64.0KiB, (T) 64.0KiB-64.0KiB, ioengine=libaio, iodepth=64
fio-3.1
Starting 1 process

test: (groupid=0, jobs=1): err= 0: pid=25426: Fri Aug 17 18:42:15 2018
   read: IOPS=630, BW=39.4MiB/s (41.3MB/s)(1024MiB/25998msec)
    slat (usec): min=4, max=706, avg=18.30, stdev=11.78
    clat (usec): min=28, max=1201.2k, avg=101521.25, stdev=121180.90
     lat (usec): min=41, max=1201.2k, avg=101539.85, stdev=121182.07
    clat percentiles (usec):
     |  1.00th=[     38],  5.00th=[     40], 10.00th=[     42],
     | 20.00th=[     47], 30.00th=[     54], 40.00th=[  66323],
     | 50.00th=[  82314], 60.00th=[  98042], 70.00th=[ 122160],
     | 80.00th=[ 164627], 90.00th=[ 263193], 95.00th=[ 341836],
     | 99.00th=[ 541066], 99.50th=[ 633340], 99.90th=[ 809501],
     | 99.95th=[ 876610], 99.99th=[1044382]
   bw (  KiB/s): min=13184, max=111488, per=96.66%, avg=38982.94, stdev=17064.11, samples=51
   iops        : min=  206, max= 1742, avg=609.10, stdev=266.64, samples=51
  lat (usec)   : 50=26.59%, 100=11.18%, 250=0.06%, 500=0.02%, 750=0.03%
  lat (usec)   : 1000=0.02%
  lat (msec)   : 2=0.04%, 50=0.07%, 100=23.17%, 250=27.83%, 500=9.55%
  lat (msec)   : 750=1.21%, 1000=0.20%, 2000=0.02%
  cpu          : usr=0.43%, sys=1.65%, ctx=16328, majf=0, minf=544
  IO depths    : 1=0.1%, 2=0.1%, 4=0.1%, 8=0.1%, 16=0.1%, 32=0.2%, >=64=99.6%
     submit    : 0=0.0%, 4=100.0%, 8=0.0%, 16=0.0%, 32=0.0%, 64=0.0%, >=64=0.0%
     complete  : 0=0.0%, 4=100.0%, 8=0.0%, 16=0.0%, 32=0.0%, 64=0.1%, >=64=0.0%
     issued rwt: total=16384,0,0, short=0,0,0, dropped=0,0,0
     latency   : target=0, window=0, percentile=100.00%, depth=64

Run status group 0 (all jobs):
   READ: bw=39.4MiB/s (41.3MB/s), 39.4MiB/s-39.4MiB/s (41.3MB/s-41.3MB/s), io=1024MiB (1074MB), run=25998-25998msec

Disk stats (read/write):
  sdh: ios=16352/0, merge=0/0, ticks=1669678/0, in_queue=1673121, util=100.00%
