test: (g=0): rw=randwrite, bs=(R) 8192B-8192B, (W) 8192B-8192B, (T) 8192B-8192B, ioengine=libaio, iodepth=64
fio-3.1
Starting 1 process

test: (groupid=0, jobs=1): err= 0: pid=13613: Mon Jul 23 17:28:32 2018
  write: IOPS=42.5k, BW=332MiB/s (349MB/s)(1024MiB/3081msec)
    slat (usec): min=2, max=150, avg= 4.42, stdev= 1.95
    clat (usec): min=343, max=8704, avg=1498.70, stdev=271.90
     lat (usec): min=351, max=8709, avg=1503.18, stdev=271.88
    clat percentiles (usec):
     |  1.00th=[ 1385],  5.00th=[ 1418], 10.00th=[ 1434], 20.00th=[ 1450],
     | 30.00th=[ 1467], 40.00th=[ 1467], 50.00th=[ 1483], 60.00th=[ 1500],
     | 70.00th=[ 1500], 80.00th=[ 1516], 90.00th=[ 1549], 95.00th=[ 1565],
     | 99.00th=[ 1614], 99.50th=[ 1663], 99.90th=[ 6849], 99.95th=[ 8455],
     | 99.99th=[ 8717]
   bw (  KiB/s): min=334480, max=344784, per=100.00%, avg=340365.33, stdev=4022.58, samples=6
   iops        : min=41810, max=43098, avg=42545.67, stdev=502.82, samples=6
  lat (usec)   : 500=0.02%, 750=0.01%, 1000=0.01%
  lat (msec)   : 2=99.72%, 4=0.04%, 10=0.20%
  cpu          : usr=6.62%, sys=28.44%, ctx=120554, majf=0, minf=179
  IO depths    : 1=0.1%, 2=0.1%, 4=0.1%, 8=0.1%, 16=0.1%, 32=0.1%, >=64=100.0%
     submit    : 0=0.0%, 4=100.0%, 8=0.0%, 16=0.0%, 32=0.0%, 64=0.0%, >=64=0.0%
     complete  : 0=0.0%, 4=100.0%, 8=0.0%, 16=0.0%, 32=0.0%, 64=0.1%, >=64=0.0%
     issued rwt: total=0,131072,0, short=0,0,0, dropped=0,0,0
     latency   : target=0, window=0, percentile=100.00%, depth=64

Run status group 0 (all jobs):
  WRITE: bw=332MiB/s (349MB/s), 332MiB/s-332MiB/s (349MB/s-349MB/s), io=1024MiB (1074MB), run=3081-3081msec

Disk stats (read/write):
  sdb: ios=42/123275, merge=0/0, ticks=15/184813, in_queue=184950, util=96.86%
