test: (g=0): rw=randread, bs=(R) 8192B-8192B, (W) 8192B-8192B, (T) 8192B-8192B, ioengine=libaio, iodepth=64
fio-3.1
Starting 1 process

test: (groupid=0, jobs=1): err= 0: pid=17436: Sun Jul 15 03:18:47 2018
   read: IOPS=501, BW=4010KiB/s (4106kB/s)(1024MiB/261507msec)
    slat (nsec): min=1592, max=202833, avg=13319.88, stdev=6612.54
    clat (usec): min=1021, max=1293.5k, avg=127670.37, stdev=96666.12
     lat (usec): min=1026, max=1293.5k, avg=127684.06, stdev=96666.31
    clat percentiles (msec):
     |  1.00th=[   13],  5.00th=[   27], 10.00th=[   38], 20.00th=[   56],
     | 30.00th=[   73], 40.00th=[   89], 50.00th=[  106], 60.00th=[  123],
     | 70.00th=[  144], 80.00th=[  180], 90.00th=[  245], 95.00th=[  313],
     | 99.00th=[  489], 99.50th=[  567], 99.90th=[  760], 99.95th=[  869],
     | 99.99th=[ 1062]
   bw (  KiB/s): min=  528, max=12064, per=99.97%, avg=4007.84, stdev=776.84, samples=523
   iops        : min=   66, max= 1508, avg=500.97, stdev=97.11, samples=523
  lat (msec)   : 2=0.01%, 4=0.04%, 10=0.49%, 20=2.32%, 50=13.80%
  lat (msec)   : 100=30.29%, 250=43.68%, 500=8.47%, 750=0.79%, 1000=0.09%
  lat (msec)   : 2000=0.02%
  cpu          : usr=0.55%, sys=1.41%, ctx=128245, majf=0, minf=459
  IO depths    : 1=0.1%, 2=0.1%, 4=0.1%, 8=0.1%, 16=0.1%, 32=0.1%, >=64=100.0%
     submit    : 0=0.0%, 4=100.0%, 8=0.0%, 16=0.0%, 32=0.0%, 64=0.0%, >=64=0.0%
     complete  : 0=0.0%, 4=100.0%, 8=0.0%, 16=0.0%, 32=0.0%, 64=0.1%, >=64=0.0%
     issued rwt: total=131072,0,0, short=0,0,0, dropped=0,0,0
     latency   : target=0, window=0, percentile=100.00%, depth=64

Run status group 0 (all jobs):
   READ: bw=4010KiB/s (4106kB/s), 4010KiB/s-4010KiB/s (4106kB/s-4106kB/s), io=1024MiB (1074MB), run=261507-261507msec

Disk stats (read/write):
  sde: ios=128772/6, merge=1963/0, ticks=16583607/3847, in_queue=16588274, util=100.00%
