test: (g=0): rw=randwrite, bs=(R) 8192B-8192B, (W) 8192B-8192B, (T) 8192B-8192B, ioengine=libaio, iodepth=64
fio-3.1
Starting 1 process

test: (groupid=0, jobs=1): err= 0: pid=150636: Mon Aug  6 04:24:02 2018
  write: IOPS=1856, BW=14.5MiB/s (15.2MB/s)(10.0GiB/706183msec)
    slat (usec): min=2, max=1307, avg= 7.96, stdev= 6.29
    clat (usec): min=515, max=15207k, avg=34471.48, stdev=394435.62
     lat (usec): min=751, max=15207k, avg=34479.64, stdev=394435.70
    clat percentiles (usec):
     |  1.00th=[     955],  5.00th=[    1139], 10.00th=[    1352],
     | 20.00th=[    1614], 30.00th=[    1811], 40.00th=[    1975],
     | 50.00th=[    2147], 60.00th=[    2311], 70.00th=[    2540],
     | 80.00th=[    2835], 90.00th=[    3392], 95.00th=[    4113],
     | 99.00th=[  608175], 99.50th=[ 1619002], 99.90th=[ 6476006],
     | 99.95th=[ 8791262], 99.99th=[13891535]
   bw (  KiB/s): min=   16, max=201216, per=100.00%, avg=40600.39, stdev=44676.19, samples=516
   iops        : min=    2, max=25152, avg=5075.03, stdev=5584.51, samples=516
  lat (usec)   : 750=0.01%, 1000=1.96%
  lat (msec)   : 2=40.10%, 4=52.50%, 10=2.67%, 20=0.17%, 50=0.21%
  lat (msec)   : 100=0.21%, 250=0.55%, 500=0.49%, 750=0.29%, 1000=0.15%
  lat (msec)   : 2000=0.26%, >=2000=0.45%
  cpu          : usr=0.63%, sys=1.73%, ctx=437942, majf=0, minf=28
  IO depths    : 1=0.1%, 2=0.1%, 4=0.1%, 8=0.1%, 16=0.1%, 32=0.1%, >=64=100.0%
     submit    : 0=0.0%, 4=100.0%, 8=0.0%, 16=0.0%, 32=0.0%, 64=0.0%, >=64=0.0%
     complete  : 0=0.0%, 4=100.0%, 8=0.0%, 16=0.0%, 32=0.0%, 64=0.1%, >=64=0.0%
     issued rwt: total=0,1310720,0, short=0,0,0, dropped=0,0,0
     latency   : target=0, window=0, percentile=100.00%, depth=64

Run status group 0 (all jobs):
  WRITE: bw=14.5MiB/s (15.2MB/s), 14.5MiB/s-14.5MiB/s (15.2MB/s-15.2MB/s), io=10.0GiB (10.7GB), run=706183-706183msec

Disk stats (read/write):
  rbd0: ios=17/1309871, merge=0/0, ticks=6/45065588, in_queue=45118125, util=100.00%
