test: (g=0): rw=randwrite, bs=(R) 16.0KiB-16.0KiB, (W) 16.0KiB-16.0KiB, (T) 16.0KiB-16.0KiB, ioengine=libaio, iodepth=64
fio-3.1
Starting 1 process

test: (groupid=0, jobs=1): err= 0: pid=150766: Mon Aug  6 04:30:26 2018
  write: IOPS=1709, BW=26.7MiB/s (28.0MB/s)(10.0GiB/383424msec)
    slat (usec): min=2, max=777, avg= 9.68, stdev= 6.94
    clat (usec): min=765, max=16112k, avg=37431.58, stdev=445439.05
     lat (usec): min=775, max=16112k, avg=37441.48, stdev=445439.06
    clat percentiles (usec):
     |  1.00th=[    1020],  5.00th=[    1270], 10.00th=[    1696],
     | 20.00th=[    2311], 30.00th=[    2507], 40.00th=[    2671],
     | 50.00th=[    2802], 60.00th=[    2900], 70.00th=[    3032],
     | 80.00th=[    3195], 90.00th=[    3556], 95.00th=[    4293],
     | 99.00th=[  488637], 99.50th=[ 1719665], 99.90th=[ 7482639],
     | 99.95th=[ 9193915], 99.99th=[14831059]
   bw (  KiB/s): min=  224, max=346272, per=100.00%, avg=90065.71, stdev=83819.58, samples=232
   iops        : min=   14, max=21642, avg=5629.11, stdev=5238.72, samples=232
  lat (usec)   : 1000=0.67%
  lat (msec)   : 2=12.70%, 4=80.63%, 10=3.40%, 20=0.19%, 50=0.27%
  lat (msec)   : 100=0.24%, 250=0.49%, 500=0.43%, 750=0.20%, 1000=0.16%
  lat (msec)   : 2000=0.13%, >=2000=0.49%
  cpu          : usr=0.73%, sys=1.91%, ctx=298795, majf=0, minf=27
  IO depths    : 1=0.1%, 2=0.1%, 4=0.1%, 8=0.1%, 16=0.1%, 32=0.1%, >=64=100.0%
     submit    : 0=0.0%, 4=100.0%, 8=0.0%, 16=0.0%, 32=0.0%, 64=0.0%, >=64=0.0%
     complete  : 0=0.0%, 4=100.0%, 8=0.0%, 16=0.0%, 32=0.0%, 64=0.1%, >=64=0.0%
     issued rwt: total=0,655360,0, short=0,0,0, dropped=0,0,0
     latency   : target=0, window=0, percentile=100.00%, depth=64

Run status group 0 (all jobs):
  WRITE: bw=26.7MiB/s (28.0MB/s), 26.7MiB/s-26.7MiB/s (28.0MB/s-28.0MB/s), io=10.0GiB (10.7GB), run=383424-383424msec

Disk stats (read/write):
  rbd0: ios=15/653730, merge=0/0, ticks=8/24500180, in_queue=24515504, util=100.00%
