test: (g=0): rw=write, bs=(R) 2048KiB-2048KiB, (W) 2048KiB-2048KiB, (T) 2048KiB-2048KiB, ioengine=libaio, iodepth=64
fio-3.1
Starting 1 process

test: (groupid=0, jobs=1): err= 0: pid=149260: Mon Aug  6 03:44:38 2018
  write: IOPS=128, BW=257MiB/s (269MB/s)(10.0GiB/39886msec)
    slat (usec): min=62, max=2242, avg=235.50, stdev=60.76
    clat (msec): min=29, max=1306, avg=498.13, stdev=220.75
     lat (msec): min=30, max=1307, avg=498.37, stdev=220.75
    clat percentiles (msec):
     |  1.00th=[  161],  5.00th=[  220], 10.00th=[  259], 20.00th=[  296],
     | 30.00th=[  355], 40.00th=[  401], 50.00th=[  451], 60.00th=[  518],
     | 70.00th=[  592], 80.00th=[  684], 90.00th=[  818], 95.00th=[  944],
     | 99.00th=[ 1083], 99.50th=[ 1167], 99.90th=[ 1267], 99.95th=[ 1301],
     | 99.99th=[ 1301]
   bw (  KiB/s): min=221184, max=283190, per=99.74%, avg=262209.44, stdev=9682.91, samples=79
   iops        : min=  108, max=  138, avg=128.03, stdev= 4.72, samples=79
  lat (msec)   : 50=0.04%, 100=0.10%, 250=8.36%, 500=49.04%, 750=28.12%
  lat (msec)   : 1000=11.35%, 2000=2.99%
  cpu          : usr=1.93%, sys=1.34%, ctx=4420, majf=0, minf=28
  IO depths    : 1=0.1%, 2=0.1%, 4=0.1%, 8=0.2%, 16=0.3%, 32=0.6%, >=64=98.8%
     submit    : 0=0.0%, 4=100.0%, 8=0.0%, 16=0.0%, 32=0.0%, 64=0.0%, >=64=0.0%
     complete  : 0=0.0%, 4=100.0%, 8=0.0%, 16=0.0%, 32=0.0%, 64=0.1%, >=64=0.0%
     issued rwt: total=0,5120,0, short=0,0,0, dropped=0,0,0
     latency   : target=0, window=0, percentile=100.00%, depth=64

Run status group 0 (all jobs):
  WRITE: bw=257MiB/s (269MB/s), 257MiB/s-257MiB/s (269MB/s-269MB/s), io=10.0GiB (10.7GB), run=39886-39886msec

Disk stats (read/write):
  rbd0: ios=17/5105, merge=0/5120, ticks=7/2527011, in_queue=2535768, util=99.59%
