test: (g=0): rw=write, bs=(R) 64.0KiB-64.0KiB, (W) 64.0KiB-64.0KiB, (T) 64.0KiB-64.0KiB, ioengine=libaio, iodepth=64
fio-3.1
Starting 1 process

test: (groupid=0, jobs=1): err= 0: pid=26589: Fri Aug 17 19:22:09 2018
  write: IOPS=2948, BW=184MiB/s (193MB/s)(1024MiB/5556msec)
    slat (nsec): min=5604, max=66173, avg=18330.27, stdev=8501.75
    clat (usec): min=666, max=339356, avg=21679.31, stdev=18775.68
     lat (usec): min=679, max=339363, avg=21697.78, stdev=18775.29
    clat percentiles (msec):
     |  1.00th=[   20],  5.00th=[   20], 10.00th=[   20], 20.00th=[   20],
     | 30.00th=[   20], 40.00th=[   20], 50.00th=[   20], 60.00th=[   21],
     | 70.00th=[   22], 80.00th=[   22], 90.00th=[   22], 95.00th=[   22],
     | 99.00th=[   31], 99.50th=[   44], 99.90th=[  334], 99.95th=[  338],
     | 99.99th=[  338]
   bw (  KiB/s): min=73216, max=209792, per=99.93%, avg=188602.18, stdev=39147.47, samples=11
   iops        : min= 1144, max= 3278, avg=2946.91, stdev=611.68, samples=11
  lat (usec)   : 750=0.06%
  lat (msec)   : 20=54.77%, 50=44.74%, 100=0.04%, 500=0.39%
  cpu          : usr=2.29%, sys=6.01%, ctx=16343, majf=0, minf=28
  IO depths    : 1=0.1%, 2=0.1%, 4=0.1%, 8=0.1%, 16=0.1%, 32=0.2%, >=64=99.6%
     submit    : 0=0.0%, 4=100.0%, 8=0.0%, 16=0.0%, 32=0.0%, 64=0.0%, >=64=0.0%
     complete  : 0=0.0%, 4=100.0%, 8=0.0%, 16=0.0%, 32=0.0%, 64=0.1%, >=64=0.0%
     issued rwt: total=0,16384,0, short=0,0,0, dropped=0,0,0
     latency   : target=0, window=0, percentile=100.00%, depth=64

Run status group 0 (all jobs):
  WRITE: bw=184MiB/s (193MB/s), 184MiB/s-184MiB/s (193MB/s-193MB/s), io=1024MiB (1074MB), run=5556-5556msec

Disk stats (read/write):
  sdk: ios=47/15847, merge=0/0, ticks=1710/343799, in_queue=346152, util=100.00%
