test: (g=0): rw=randwrite, bs=(R) 4096B-4096B, (W) 4096B-4096B, (T) 4096B-4096B, ioengine=libaio, iodepth=64
fio-3.1
Starting 1 process

test: (groupid=0, jobs=1): err= 0: pid=26867: Fri Aug 17 19:28:49 2018
  write: IOPS=706, BW=2828KiB/s (2896kB/s)(1024MiB/370797msec)
    slat (usec): min=2, max=328, avg= 5.52, stdev= 5.11
    clat (usec): min=285, max=1219.1k, avg=90519.72, stdev=70780.72
     lat (usec): min=288, max=1219.1k, avg=90525.32, stdev=70780.95
    clat percentiles (usec):
     |  1.00th=[    627],  5.00th=[    676], 10.00th=[    881],
     | 20.00th=[  32113], 30.00th=[  50070], 40.00th=[  65799],
     | 50.00th=[  81265], 60.00th=[  96994], 70.00th=[ 115868],
     | 80.00th=[ 139461], 90.00th=[ 177210], 95.00th=[ 212861],
     | 99.00th=[ 295699], 99.50th=[ 341836], 99.90th=[ 616563],
     | 99.95th=[ 641729], 99.99th=[1166017]
   bw (  KiB/s): min=  296, max=211608, per=100.00%, avg=2838.35, stdev=7739.67, samples=738
   iops        : min=   74, max=52902, avg=709.57, stdev=1934.92, samples=738
  lat (usec)   : 500=0.15%, 750=8.52%, 1000=1.39%
  lat (msec)   : 2=1.41%, 4=0.03%, 10=0.69%, 20=2.91%, 50=14.77%
  lat (msec)   : 100=31.63%, 250=36.03%, 500=2.31%, 750=0.13%, 1000=0.02%
  lat (msec)   : 2000=0.02%
  cpu          : usr=0.13%, sys=0.55%, ctx=160755, majf=0, minf=28
  IO depths    : 1=0.1%, 2=0.1%, 4=0.1%, 8=0.1%, 16=0.1%, 32=0.1%, >=64=100.0%
     submit    : 0=0.0%, 4=100.0%, 8=0.0%, 16=0.0%, 32=0.0%, 64=0.0%, >=64=0.0%
     complete  : 0=0.0%, 4=100.0%, 8=0.0%, 16=0.0%, 32=0.0%, 64=0.1%, >=64=0.0%
     issued rwt: total=0,262144,0, short=0,0,0, dropped=0,0,0
     latency   : target=0, window=0, percentile=100.00%, depth=64

Run status group 0 (all jobs):
  WRITE: bw=2828KiB/s (2896kB/s), 2828KiB/s-2828KiB/s (2896kB/s-2896kB/s), io=1024MiB (1074MB), run=370797-370797msec

Disk stats (read/write):
  sdk: ios=0/261930, merge=0/0, ticks=0/23710187, in_queue=23713726, util=100.00%
