test: (g=0): rw=randread, bs=(R) 4096B-4096B, (W) 4096B-4096B, (T) 4096B-4096B, ioengine=libaio, iodepth=64
fio-3.1
Starting 1 process

test: (groupid=0, jobs=1): err= 0: pid=1058: Thu Jul 12 15:13:51 2018
   read: IOPS=490, BW=1962KiB/s (2010kB/s)(1024MiB/534316msec)
    slat (nsec): min=1414, max=77523, avg=14120.23, stdev=5099.17
    clat (usec): min=384, max=1789.8k, avg=130427.94, stdev=99935.79
     lat (usec): min=391, max=1789.9k, avg=130442.56, stdev=99935.98
    clat percentiles (msec):
     |  1.00th=[   13],  5.00th=[   27], 10.00th=[   39], 20.00th=[   57],
     | 30.00th=[   74], 40.00th=[   91], 50.00th=[  107], 60.00th=[  125],
     | 70.00th=[  146], 80.00th=[  184], 90.00th=[  251], 95.00th=[  326],
     | 99.00th=[  502], 99.50th=[  584], 99.90th=[  776], 99.95th=[  860],
     | 99.99th=[ 1053]
   bw (  KiB/s): min=  584, max= 7256, per=99.80%, avg=1958.14, stdev=389.47, samples=1068
   iops        : min=  146, max= 1814, avg=489.52, stdev=97.37, samples=1068
  lat (usec)   : 500=0.01%, 750=0.01%, 1000=0.01%
  lat (msec)   : 2=0.01%, 4=0.05%, 10=0.48%, 20=2.26%, 50=13.41%
  lat (msec)   : 100=29.78%, 250=43.89%, 500=9.10%, 750=0.89%, 1000=0.10%
  lat (msec)   : 2000=0.02%
  cpu          : usr=0.69%, sys=1.50%, ctx=258268, majf=0, minf=95
  IO depths    : 1=0.1%, 2=0.1%, 4=0.1%, 8=0.1%, 16=0.1%, 32=0.1%, >=64=100.0%
     submit    : 0=0.0%, 4=100.0%, 8=0.0%, 16=0.0%, 32=0.0%, 64=0.0%, >=64=0.0%
     complete  : 0=0.0%, 4=100.0%, 8=0.0%, 16=0.0%, 32=0.0%, 64=0.1%, >=64=0.0%
     issued rwt: total=262144,0,0, short=0,0,0, dropped=0,0,0
     latency   : target=0, window=0, percentile=100.00%, depth=64

Run status group 0 (all jobs):
   READ: bw=1962KiB/s (2010kB/s), 1962KiB/s-1962KiB/s (2010kB/s-2010kB/s), io=1024MiB (1074MB), run=534316-534316msec

Disk stats (read/write):
  sdm: ios=259108/0, merge=2524/0, ticks=33986290/0, in_queue=33989713, util=100.00%
