test: (g=0): rw=randwrite, bs=(R) 4096B-4096B, (W) 4096B-4096B, (T) 4096B-4096B, ioengine=libaio, iodepth=64
fio-3.1
Starting 1 process

test: (groupid=0, jobs=1): err= 0: pid=386: Thu Jul 12 15:04:56 2018
  write: IOPS=378, BW=1514KiB/s (1550kB/s)(1024MiB/692731msec)
    slat (nsec): min=1852, max=67079, avg=17227.77, stdev=7800.05
    clat (usec): min=249, max=1413.4k, avg=169097.52, stdev=120824.59
     lat (usec): min=274, max=1413.4k, avg=169115.14, stdev=120826.29
    clat percentiles (msec):
     |  1.00th=[   12],  5.00th=[   18], 10.00th=[   25], 20.00th=[   74],
     | 30.00th=[  107], 40.00th=[  130], 50.00th=[  153], 60.00th=[  176],
     | 70.00th=[  201], 80.00th=[  236], 90.00th=[  326], 95.00th=[  422],
     | 99.00th=[  558], 99.50th=[  617], 99.90th=[  793], 99.95th=[  860],
     | 99.99th=[  995]
   bw (  KiB/s): min=   72, max= 7408, per=99.93%, avg=1511.88, stdev=467.88, samples=1384
   iops        : min=   18, max= 1852, avg=377.96, stdev=116.97, samples=1384
  lat (usec)   : 250=0.01%, 1000=0.01%
  lat (msec)   : 2=0.01%, 4=0.04%, 10=0.50%, 20=6.10%, 50=9.90%
  lat (msec)   : 100=10.85%, 250=55.45%, 500=15.00%, 750=1.99%, 1000=0.15%
  lat (msec)   : 2000=0.01%
  cpu          : usr=0.47%, sys=1.19%, ctx=259359, majf=0, minf=28
  IO depths    : 1=0.1%, 2=0.1%, 4=0.1%, 8=0.1%, 16=0.1%, 32=0.1%, >=64=100.0%
     submit    : 0=0.0%, 4=100.0%, 8=0.0%, 16=0.0%, 32=0.0%, 64=0.0%, >=64=0.0%
     complete  : 0=0.0%, 4=100.0%, 8=0.0%, 16=0.0%, 32=0.0%, 64=0.1%, >=64=0.0%
     issued rwt: total=0,262144,0, short=0,0,0, dropped=0,0,0
     latency   : target=0, window=0, percentile=100.00%, depth=64

Run status group 0 (all jobs):
  WRITE: bw=1514KiB/s (1550kB/s), 1514KiB/s-1514KiB/s (1550kB/s-1550kB/s), io=1024MiB (1074MB), run=692731-692731msec

Disk stats (read/write):
  sdm: ios=40/259058, merge=0/2515, ticks=22908/44060996, in_queue=44086913, util=100.00%
