test: (g=0): rw=randread, bs=(R) 4096B-4096B, (W) 4096B-4096B, (T) 4096B-4096B, ioengine=libaio, iodepth=64
fio-3.1
Starting 1 process

test: (groupid=0, jobs=1): err= 0: pid=13627: Mon Jul 23 19:22:52 2018
   read: IOPS=530, BW=2124KiB/s (2175kB/s)(1024MiB/493722msec)
    slat (nsec): min=3536, max=69750, avg=16119.35, stdev=7240.75
    clat (msec): min=3, max=1064, avg=120.52, stdev=75.61
     lat (msec): min=3, max=1064, avg=120.53, stdev=75.61
    clat percentiles (msec):
     |  1.00th=[   28],  5.00th=[   57], 10.00th=[   64], 20.00th=[   71],
     | 30.00th=[   78], 40.00th=[   86], 50.00th=[   95], 60.00th=[  109],
     | 70.00th=[  129], 80.00th=[  159], 90.00th=[  213], 95.00th=[  271],
     | 99.00th=[  414], 99.50th=[  472], 99.90th=[  625], 99.95th=[  693],
     | 99.99th=[  844]
   bw (  KiB/s): min=  784, max= 6960, per=99.91%, avg=2121.04, stdev=405.90, samples=987
   iops        : min=  196, max= 1740, avg=530.25, stdev=101.48, samples=987
  lat (msec)   : 4=0.01%, 10=0.06%, 20=0.38%, 50=3.20%, 100=50.37%
  lat (msec)   : 250=39.53%, 500=6.10%, 750=0.34%, 1000=0.03%, 2000=0.01%
  cpu          : usr=0.51%, sys=1.43%, ctx=260754, majf=0, minf=95
  IO depths    : 1=0.1%, 2=0.1%, 4=0.1%, 8=0.1%, 16=0.1%, 32=0.1%, >=64=100.0%
     submit    : 0=0.0%, 4=100.0%, 8=0.0%, 16=0.0%, 32=0.0%, 64=0.0%, >=64=0.0%
     complete  : 0=0.0%, 4=100.0%, 8=0.0%, 16=0.0%, 32=0.0%, 64=0.1%, >=64=0.0%
     issued rwt: total=262144,0,0, short=0,0,0, dropped=0,0,0
     latency   : target=0, window=0, percentile=100.00%, depth=64

Run status group 0 (all jobs):
   READ: bw=2124KiB/s (2175kB/s), 2124KiB/s-2124KiB/s (2175kB/s-2175kB/s), io=1024MiB (1074MB), run=493722-493722msec

Disk stats (read/write):
  sdg: ios=261923/0, merge=0/0, ticks=31583804/0, in_queue=31584634, util=100.00%
