test: (g=0): rw=read, bs=(R) 64.0KiB-64.0KiB, (W) 64.0KiB-64.0KiB, (T) 64.0KiB-64.0KiB, ioengine=libaio, iodepth=64
fio-3.1
Starting 1 process

test: (groupid=0, jobs=1): err= 0: pid=11556: Mon Jul 23 17:29:51 2018
   read: IOPS=3207, BW=200MiB/s (210MB/s)(1024MiB/5108msec)
    slat (usec): min=5, max=132, avg=18.56, stdev= 7.26
    clat (usec): min=1213, max=39741, avg=19928.70, stdev=1358.34
     lat (usec): min=1229, max=39759, avg=19947.44, stdev=1358.59
    clat percentiles (usec):
     |  1.00th=[18220],  5.00th=[19006], 10.00th=[19006], 20.00th=[19006],
     | 30.00th=[19530], 40.00th=[19792], 50.00th=[19792], 60.00th=[20317],
     | 70.00th=[20317], 80.00th=[20317], 90.00th=[20841], 95.00th=[20841],
     | 99.00th=[23462], 99.50th=[24249], 99.90th=[34341], 99.95th=[36963],
     | 99.99th=[39584]
   bw (  KiB/s): min=198656, max=213888, per=100.00%, avg=205299.20, stdev=6396.14, samples=10
   iops        : min= 3104, max= 3342, avg=3207.80, stdev=99.94, samples=10
  lat (msec)   : 2=0.07%, 4=0.09%, 10=0.10%, 20=55.09%, 50=44.65%
  cpu          : usr=1.53%, sys=8.48%, ctx=16070, majf=0, minf=544
  IO depths    : 1=0.1%, 2=0.1%, 4=0.1%, 8=0.1%, 16=0.1%, 32=0.2%, >=64=99.6%
     submit    : 0=0.0%, 4=100.0%, 8=0.0%, 16=0.0%, 32=0.0%, 64=0.0%, >=64=0.0%
     complete  : 0=0.0%, 4=100.0%, 8=0.0%, 16=0.0%, 32=0.0%, 64=0.1%, >=64=0.0%
     issued rwt: total=16384,0,0, short=0,0,0, dropped=0,0,0
     latency   : target=0, window=0, percentile=100.00%, depth=64

Run status group 0 (all jobs):
   READ: bw=200MiB/s (210MB/s), 200MiB/s-200MiB/s (210MB/s-210MB/s), io=1024MiB (1074MB), run=5108-5108msec

Disk stats (read/write):
  sdd: ios=15710/0, merge=0/0, ticks=312225/0, in_queue=312840, util=98.04%
