test: (g=0): rw=randread, bs=(R) 4096B-4096B, (W) 4096B-4096B, (T) 4096B-4096B, ioengine=libaio, iodepth=64
fio-3.1
Starting 1 process

test: (groupid=0, jobs=1): err= 0: pid=11837: Mon Jul 23 17:49:16 2018
   read: IOPS=531, BW=2124KiB/s (2175kB/s)(1024MiB/493614msec)
    slat (usec): min=3, max=101, avg=19.98, stdev= 6.72
    clat (msec): min=6, max=1092, avg=120.49, stdev=75.13
     lat (msec): min=6, max=1092, avg=120.51, stdev=75.13
    clat percentiles (msec):
     |  1.00th=[   29],  5.00th=[   57], 10.00th=[   64], 20.00th=[   71],
     | 30.00th=[   78], 40.00th=[   86], 50.00th=[   95], 60.00th=[  109],
     | 70.00th=[  129], 80.00th=[  159], 90.00th=[  213], 95.00th=[  271],
     | 99.00th=[  409], 99.50th=[  472], 99.90th=[  609], 99.95th=[  659],
     | 99.99th=[  793]
   bw (  KiB/s): min=  848, max= 7816, per=99.98%, avg=2123.51, stdev=423.01, samples=987
   iops        : min=  212, max= 1954, avg=530.87, stdev=105.75, samples=987
  lat (msec)   : 10=0.02%, 20=0.41%, 50=3.20%, 100=50.23%, 250=39.76%
  lat (msec)   : 500=6.03%, 750=0.33%, 1000=0.01%, 2000=0.01%
  cpu          : usr=0.67%, sys=1.76%, ctx=260541, majf=0, minf=94
  IO depths    : 1=0.1%, 2=0.1%, 4=0.1%, 8=0.1%, 16=0.1%, 32=0.1%, >=64=100.0%
     submit    : 0=0.0%, 4=100.0%, 8=0.0%, 16=0.0%, 32=0.0%, 64=0.0%, >=64=0.0%
     complete  : 0=0.0%, 4=100.0%, 8=0.0%, 16=0.0%, 32=0.0%, 64=0.1%, >=64=0.0%
     issued rwt: total=262144,0,0, short=0,0,0, dropped=0,0,0
     latency   : target=0, window=0, percentile=100.00%, depth=64

Run status group 0 (all jobs):
   READ: bw=2124KiB/s (2175kB/s), 2124KiB/s-2124KiB/s (2175kB/s-2175kB/s), io=1024MiB (1074MB), run=493614-493614msec

Disk stats (read/write):
  sdd: ios=262142/0, merge=0/0, ticks=31579062/0, in_queue=31579019, util=100.00%
