test: (g=0): rw=randwrite, bs=(R) 4096B-4096B, (W) 4096B-4096B, (T) 4096B-4096B, ioengine=libaio, iodepth=64
fio-3.1
Starting 1 process

test: (groupid=0, jobs=1): err= 0: pid=35532: Tue Jul 24 21:05:11 2018
  write: IOPS=225, BW=900KiB/s (922kB/s)(1024MiB/1164952msec)
    slat (usec): min=4, max=222, avg=26.02, stdev= 9.86
    clat (usec): min=412, max=1649.7k, avg=284378.53, stdev=190734.25
     lat (usec): min=448, max=1649.7k, avg=284405.09, stdev=190735.79
    clat percentiles (msec):
     |  1.00th=[   15],  5.00th=[   23], 10.00th=[   34], 20.00th=[  142],
     | 30.00th=[  186], 40.00th=[  224], 50.00th=[  262], 60.00th=[  300],
     | 70.00th=[  342], 80.00th=[  401], 90.00th=[  542], 95.00th=[  659],
     | 99.00th=[  894], 99.50th=[  986], 99.90th=[ 1167], 99.95th=[ 1217],
     | 99.99th=[ 1418]
   bw (  KiB/s): min=    8, max= 1880, per=100.00%, avg=913.54, stdev=311.73, samples=2295
   iops        : min=    2, max=  470, avg=228.38, stdev=77.93, samples=2295
  lat (usec)   : 500=0.01%, 1000=0.01%
  lat (msec)   : 2=0.01%, 4=0.01%, 10=0.13%, 20=3.61%, 50=8.78%
  lat (msec)   : 100=3.27%, 250=31.47%, 500=40.75%, 750=9.26%, 1000=2.29%
  lat (msec)   : 2000=0.44%
  cpu          : usr=0.27%, sys=0.86%, ctx=261239, majf=0, minf=28
  IO depths    : 1=0.1%, 2=0.1%, 4=0.1%, 8=0.1%, 16=0.1%, 32=0.1%, >=64=100.0%
     submit    : 0=0.0%, 4=100.0%, 8=0.0%, 16=0.0%, 32=0.0%, 64=0.0%, >=64=0.0%
     complete  : 0=0.0%, 4=100.0%, 8=0.0%, 16=0.0%, 32=0.0%, 64=0.1%, >=64=0.0%
     issued rwt: total=0,262144,0, short=0,0,0, dropped=0,0,0
     latency   : target=0, window=0, percentile=100.00%, depth=64

Run status group 0 (all jobs):
  WRITE: bw=900KiB/s (922kB/s), 900KiB/s-900KiB/s (922kB/s-922kB/s), io=1024MiB (1074MB), run=1164952-1164952msec

Disk stats (read/write):
  sdl: ios=0/262184, merge=0/3, ticks=0/74553363, in_queue=74564769, util=100.00%
