test: (g=0): rw=randread, bs=(R) 8192B-8192B, (W) 8192B-8192B, (T) 8192B-8192B, ioengine=libaio, iodepth=64
fio-3.1
Starting 1 process

test: (groupid=0, jobs=1): err= 0: pid=16739: Mon Jul 23 22:03:52 2018
   read: IOPS=528, BW=4224KiB/s (4325kB/s)(1024MiB/248236msec)
    slat (nsec): min=4167, max=66749, avg=22647.79, stdev=6976.54
    clat (msec): min=5, max=1075, avg=121.18, stdev=76.92
     lat (msec): min=5, max=1075, avg=121.20, stdev=76.92
    clat percentiles (msec):
     |  1.00th=[   33],  5.00th=[   56], 10.00th=[   64], 20.00th=[   71],
     | 30.00th=[   78], 40.00th=[   86], 50.00th=[   95], 60.00th=[  109],
     | 70.00th=[  129], 80.00th=[  159], 90.00th=[  215], 95.00th=[  275],
     | 99.00th=[  418], 99.50th=[  477], 99.90th=[  634], 99.95th=[  709],
     | 99.99th=[  869]
   bw (  KiB/s): min= 1584, max=11040, per=99.90%, avg=4219.94, stdev=771.42, samples=496
   iops        : min=  198, max= 1380, avg=527.48, stdev=96.43, samples=496
  lat (msec)   : 10=0.01%, 20=0.10%, 50=3.76%, 100=50.05%, 250=39.43%
  lat (msec)   : 500=6.27%, 750=0.35%, 1000=0.04%, 2000=0.01%
  cpu          : usr=0.69%, sys=1.94%, ctx=130198, majf=0, minf=159
  IO depths    : 1=0.1%, 2=0.1%, 4=0.1%, 8=0.1%, 16=0.1%, 32=0.1%, >=64=100.0%
     submit    : 0=0.0%, 4=100.0%, 8=0.0%, 16=0.0%, 32=0.0%, 64=0.0%, >=64=0.0%
     complete  : 0=0.0%, 4=100.0%, 8=0.0%, 16=0.0%, 32=0.0%, 64=0.1%, >=64=0.0%
     issued rwt: total=131072,0,0, short=0,0,0, dropped=0,0,0
     latency   : target=0, window=0, percentile=100.00%, depth=64

Run status group 0 (all jobs):
   READ: bw=4224KiB/s (4325kB/s), 4224KiB/s-4224KiB/s (4325kB/s-4325kB/s), io=1024MiB (1074MB), run=248236-248236msec

Disk stats (read/write):
  sdl: ios=130991/0, merge=0/0, ticks=15876136/0, in_queue=15877976, util=100.00%
