test: (g=0): rw=write, bs=(R) 512KiB-512KiB, (W) 512KiB-512KiB, (T) 512KiB-512KiB, ioengine=libaio, iodepth=64
fio-3.1
Starting 1 process

test: (groupid=0, jobs=1): err= 0: pid=16414: Mon Jul 23 21:35:17 2018
  write: IOPS=383, BW=192MiB/s (201MB/s)(1024MiB/5345msec)
    slat (usec): min=40, max=204, avg=127.34, stdev=40.52
    clat (msec): min=3, max=390, avg=166.77, stdev=45.23
     lat (msec): min=4, max=391, avg=166.89, stdev=45.24
    clat percentiles (msec):
     |  1.00th=[   48],  5.00th=[  153], 10.00th=[  153], 20.00th=[  153],
     | 30.00th=[  153], 40.00th=[  155], 50.00th=[  155], 60.00th=[  159],
     | 70.00th=[  167], 80.00th=[  176], 90.00th=[  184], 95.00th=[  211],
     | 99.00th=[  380], 99.50th=[  380], 99.90th=[  388], 99.95th=[  388],
     | 99.99th=[  393]
   bw (  KiB/s): min=117760, max=214016, per=99.33%, avg=194867.20, stdev=28899.56, samples=10
   iops        : min=  230, max=  418, avg=380.50, stdev=56.37, samples=10
  lat (msec)   : 4=0.10%, 10=0.24%, 20=0.10%, 50=0.59%, 100=1.03%
  lat (msec)   : 250=93.75%, 500=4.20%
  cpu          : usr=1.67%, sys=4.12%, ctx=2046, majf=0, minf=28
  IO depths    : 1=0.1%, 2=0.1%, 4=0.2%, 8=0.4%, 16=0.8%, 32=1.6%, >=64=96.9%
     submit    : 0=0.0%, 4=100.0%, 8=0.0%, 16=0.0%, 32=0.0%, 64=0.0%, >=64=0.0%
     complete  : 0=0.0%, 4=99.9%, 8=0.0%, 16=0.0%, 32=0.0%, 64=0.1%, >=64=0.0%
     issued rwt: total=0,2048,0, short=0,0,0, dropped=0,0,0
     latency   : target=0, window=0, percentile=100.00%, depth=64

Run status group 0 (all jobs):
  WRITE: bw=192MiB/s (201MB/s), 192MiB/s-192MiB/s (201MB/s-201MB/s), io=1024MiB (1074MB), run=5345-5345msec

Disk stats (read/write):
  sdl: ios=40/3915, merge=0/0, ticks=5/643640, in_queue=653432, util=97.98%
