test: (g=0): rw=read, bs=(R) 64.0KiB-64.0KiB, (W) 64.0KiB-64.0KiB, (T) 64.0KiB-64.0KiB, ioengine=libaio, iodepth=64
fio-3.1
Starting 1 process

test: (groupid=0, jobs=1): err= 0: pid=10290: Thu Jul 12 13:52:15 2018
   read: IOPS=3447, BW=215MiB/s (226MB/s)(1024MiB/4753msec)
    slat (usec): min=3, max=279, avg=11.53, stdev= 6.72
    clat (usec): min=1468, max=39188, avg=18545.33, stdev=1701.87
     lat (usec): min=1505, max=39197, avg=18556.99, stdev=1702.01
    clat percentiles (usec):
     |  1.00th=[16581],  5.00th=[16909], 10.00th=[16909], 20.00th=[17171],
     | 30.00th=[17433], 40.00th=[17433], 50.00th=[18220], 60.00th=[18744],
     | 70.00th=[19530], 80.00th=[19792], 90.00th=[20579], 95.00th=[21103],
     | 99.00th=[21890], 99.50th=[24511], 99.90th=[34341], 99.95th=[36963],
     | 99.99th=[38011]
   bw (  KiB/s): min=211456, max=227840, per=99.98%, avg=220558.22, stdev=5672.74, samples=9
   iops        : min= 3304, max= 3560, avg=3446.22, stdev=88.64, samples=9
  lat (msec)   : 2=0.01%, 4=0.04%, 10=0.08%, 20=80.43%, 50=19.45%
  cpu          : usr=1.37%, sys=6.69%, ctx=8711, majf=0, minf=544
  IO depths    : 1=0.1%, 2=0.1%, 4=0.1%, 8=0.1%, 16=0.1%, 32=0.2%, >=64=99.6%
     submit    : 0=0.0%, 4=100.0%, 8=0.0%, 16=0.0%, 32=0.0%, 64=0.0%, >=64=0.0%
     complete  : 0=0.0%, 4=100.0%, 8=0.0%, 16=0.0%, 32=0.0%, 64=0.1%, >=64=0.0%
     issued rwt: total=16384,0,0, short=0,0,0, dropped=0,0,0
     latency   : target=0, window=0, percentile=100.00%, depth=64

Run status group 0 (all jobs):
   READ: bw=215MiB/s (226MB/s), 215MiB/s-215MiB/s (226MB/s-226MB/s), io=1024MiB (1074MB), run=4753-4753msec

Disk stats (read/write):
  sdd: ios=8536/0, merge=7536/0, ticks=157372/0, in_queue=157628, util=97.93%
