test: (g=0): rw=write, bs=(R) 64.0KiB-64.0KiB, (W) 64.0KiB-64.0KiB, (T) 64.0KiB-64.0KiB, ioengine=libaio, iodepth=64
fio-3.1
Starting 1 process

test: (groupid=0, jobs=1): err= 0: pid=15123: Mon Jul 23 20:30:30 2018
  write: IOPS=3326, BW=208MiB/s (218MB/s)(1024MiB/4925msec)
    slat (usec): min=6, max=3899, avg=21.71, stdev=31.31
    clat (usec): min=4494, max=44624, avg=19204.00, stdev=2182.43
     lat (usec): min=4512, max=44647, avg=19225.88, stdev=2181.63
    clat percentiles (usec):
     |  1.00th=[18482],  5.00th=[18482], 10.00th=[18482], 20.00th=[18482],
     | 30.00th=[18744], 40.00th=[18744], 50.00th=[18744], 60.00th=[19006],
     | 70.00th=[19006], 80.00th=[19006], 90.00th=[19530], 95.00th=[19530],
     | 99.00th=[27395], 99.50th=[32900], 99.90th=[41157], 99.95th=[41681],
     | 99.99th=[42206]
   bw (  KiB/s): min=199552, max=216704, per=99.83%, avg=212536.89, stdev=5444.93, samples=9
   iops        : min= 3118, max= 3386, avg=3320.89, stdev=85.08, samples=9
  lat (msec)   : 10=0.26%, 20=95.62%, 50=4.12%
  cpu          : usr=2.17%, sys=8.87%, ctx=16363, majf=0, minf=28
  IO depths    : 1=0.1%, 2=0.1%, 4=0.1%, 8=0.1%, 16=0.1%, 32=0.2%, >=64=99.6%
     submit    : 0=0.0%, 4=100.0%, 8=0.0%, 16=0.0%, 32=0.0%, 64=0.0%, >=64=0.0%
     complete  : 0=0.0%, 4=100.0%, 8=0.0%, 16=0.0%, 32=0.0%, 64=0.1%, >=64=0.0%
     issued rwt: total=0,16384,0, short=0,0,0, dropped=0,0,0
     latency   : target=0, window=0, percentile=100.00%, depth=64

Run status group 0 (all jobs):
  WRITE: bw=208MiB/s (218MB/s), 208MiB/s-208MiB/s (218MB/s-218MB/s), io=1024MiB (1074MB), run=4925-4925msec

Disk stats (read/write):
  sdj: ios=49/16273, merge=0/0, ticks=4233/311810, in_queue=317405, util=99.98%
