test: (g=0): rw=randread, bs=(R) 8192B-8192B, (W) 8192B-8192B, (T) 8192B-8192B, ioengine=libaio, iodepth=64
fio-3.1
Starting 1 process

test: (groupid=0, jobs=1): err= 0: pid=9853: Tue Jul 24 22:11:44 2018
   read: IOPS=521, BW=4171KiB/s (4271kB/s)(1024MiB/251406msec)
    slat (usec): min=3, max=312, avg=22.97, stdev= 7.70
    clat (msec): min=7, max=1114, avg=122.73, stdev=77.29
     lat (msec): min=7, max=1114, avg=122.75, stdev=77.29
    clat percentiles (msec):
     |  1.00th=[   35],  5.00th=[   57], 10.00th=[   65], 20.00th=[   72],
     | 30.00th=[   80], 40.00th=[   87], 50.00th=[   97], 60.00th=[  111],
     | 70.00th=[  131], 80.00th=[  161], 90.00th=[  218], 95.00th=[  275],
     | 99.00th=[  422], 99.50th=[  485], 99.90th=[  642], 99.95th=[  726],
     | 99.99th=[  894]
   bw (  KiB/s): min= 1824, max= 8944, per=99.73%, avg=4158.64, stdev=658.91, samples=502
   iops        : min=  228, max= 1118, avg=519.82, stdev=82.36, samples=502
  lat (msec)   : 10=0.01%, 20=0.15%, 50=3.41%, 100=49.31%, 250=40.34%
  lat (msec)   : 500=6.37%, 750=0.39%, 1000=0.04%, 2000=0.01%
  cpu          : usr=0.61%, sys=1.90%, ctx=130148, majf=0, minf=159
  IO depths    : 1=0.1%, 2=0.1%, 4=0.1%, 8=0.1%, 16=0.1%, 32=0.1%, >=64=100.0%
     submit    : 0=0.0%, 4=100.0%, 8=0.0%, 16=0.0%, 32=0.0%, 64=0.0%, >=64=0.0%
     complete  : 0=0.0%, 4=100.0%, 8=0.0%, 16=0.0%, 32=0.0%, 64=0.1%, >=64=0.0%
     issued rwt: total=131072,0,0, short=0,0,0, dropped=0,0,0
     latency   : target=0, window=0, percentile=100.00%, depth=64

Run status group 0 (all jobs):
   READ: bw=4171KiB/s (4271kB/s), 4171KiB/s-4171KiB/s (4271kB/s-4271kB/s), io=1024MiB (1074MB), run=251406-251406msec

Disk stats (read/write):
  sdm: ios=131015/6, merge=0/0, ticks=16080625/388, in_queue=16083596, util=100.00%
