test: (g=0): rw=read, bs=(R) 64.0KiB-64.0KiB, (W) 64.0KiB-64.0KiB, (T) 64.0KiB-64.0KiB, ioengine=libaio, iodepth=64
fio-3.1
Starting 1 process

test: (groupid=0, jobs=1): err= 0: pid=9479: Tue Jul 24 21:29:19 2018
   read: IOPS=3208, BW=201MiB/s (210MB/s)(1024MiB/5107msec)
    slat (usec): min=6, max=678, avg=19.64, stdev= 8.99
    clat (usec): min=1831, max=38824, avg=19917.82, stdev=1250.97
     lat (usec): min=1867, max=38845, avg=19937.62, stdev=1251.16
    clat percentiles (usec):
     |  1.00th=[19006],  5.00th=[19006], 10.00th=[19006], 20.00th=[19006],
     | 30.00th=[19006], 40.00th=[19530], 50.00th=[19530], 60.00th=[20055],
     | 70.00th=[20579], 80.00th=[20579], 90.00th=[21103], 95.00th=[21103],
     | 99.00th=[23725], 99.50th=[24511], 99.90th=[33817], 99.95th=[35914],
     | 99.99th=[38536]
   bw (  KiB/s): min=195712, max=213888, per=99.97%, avg=205260.80, stdev=7319.59, samples=10
   iops        : min= 3058, max= 3342, avg=3207.20, stdev=114.37, samples=10
  lat (msec)   : 2=0.03%, 4=0.04%, 10=0.02%, 20=63.00%, 50=36.91%
  cpu          : usr=1.51%, sys=8.72%, ctx=16373, majf=0, minf=545
  IO depths    : 1=0.1%, 2=0.1%, 4=0.1%, 8=0.1%, 16=0.1%, 32=0.2%, >=64=99.6%
     submit    : 0=0.0%, 4=100.0%, 8=0.0%, 16=0.0%, 32=0.0%, 64=0.0%, >=64=0.0%
     complete  : 0=0.0%, 4=100.0%, 8=0.0%, 16=0.0%, 32=0.0%, 64=0.1%, >=64=0.0%
     issued rwt: total=16384,0,0, short=0,0,0, dropped=0,0,0
     latency   : target=0, window=0, percentile=100.00%, depth=64

Run status group 0 (all jobs):
   READ: bw=201MiB/s (210MB/s), 201MiB/s-201MiB/s (210MB/s-210MB/s), io=1024MiB (1074MB), run=5107-5107msec

Disk stats (read/write):
  sdm: ios=15684/0, merge=0/0, ticks=311888/0, in_queue=312506, util=98.10%
