test: (g=0): rw=write, bs=(R) 1024KiB-1024KiB, (W) 1024KiB-1024KiB, (T) 1024KiB-1024KiB, ioengine=libaio, iodepth=64
fio-3.1
Starting 1 process

test: (groupid=0, jobs=1): err= 0: pid=28132: Fri Aug 17 20:06:53 2018
  write: IOPS=198, BW=199MiB/s (208MB/s)(1024MiB/5152msec)
    slat (usec): min=72, max=88392, avg=4862.46, stdev=12925.38
    clat (msec): min=152, max=483, avg=315.04, stdev=34.13
     lat (msec): min=152, max=483, avg=319.91, stdev=32.51
    clat percentiles (msec):
     |  1.00th=[  199],  5.00th=[  271], 10.00th=[  279], 20.00th=[  305],
     | 30.00th=[  313], 40.00th=[  313], 50.00th=[  313], 60.00th=[  317],
     | 70.00th=[  321], 80.00th=[  330], 90.00th=[  351], 95.00th=[  363],
     | 99.00th=[  409], 99.50th=[  447], 99.90th=[  485], 99.95th=[  485],
     | 99.99th=[  485]
   bw (  KiB/s): min=139264, max=212992, per=96.72%, avg=196852.20, stdev=22936.94, samples=10
   iops        : min=  136, max=  208, avg=192.20, stdev=22.40, samples=10
  lat (msec)   : 250=3.22%, 500=96.78%
  cpu          : usr=1.61%, sys=1.84%, ctx=147, majf=0, minf=28
  IO depths    : 1=0.1%, 2=0.2%, 4=0.4%, 8=0.8%, 16=1.6%, 32=3.1%, >=64=93.8%
     submit    : 0=0.0%, 4=100.0%, 8=0.0%, 16=0.0%, 32=0.0%, 64=0.0%, >=64=0.0%
     complete  : 0=0.0%, 4=99.9%, 8=0.0%, 16=0.0%, 32=0.0%, 64=0.1%, >=64=0.0%
     issued rwt: total=0,1024,0, short=0,0,0, dropped=0,0,0
     latency   : target=0, window=0, percentile=100.00%, depth=64

Run status group 0 (all jobs):
  WRITE: bw=199MiB/s (208MB/s), 199MiB/s-199MiB/s (208MB/s-208MB/s), io=1024MiB (1074MB), run=5152-5152msec

Disk stats (read/write):
  sdm: ios=0/4059, merge=0/0, ticks=0/718066, in_queue=723566, util=97.54%
