test: (g=0): rw=write, bs=(R) 1024KiB-1024KiB, (W) 1024KiB-1024KiB, (T) 1024KiB-1024KiB, ioengine=libaio, iodepth=64
fio-3.1
Starting 1 process

test: (groupid=0, jobs=1): err= 0: pid=22211: Sun Jul 15 03:22:26 2018
  write: IOPS=192, BW=192MiB/s (202MB/s)(1024MiB/5325msec)
    slat (usec): min=63, max=215859, avg=5008.71, stdev=14239.58
    clat (msec): min=192, max=492, avg=321.66, stdev=34.08
     lat (msec): min=193, max=492, avg=326.67, stdev=31.71
    clat percentiles (msec):
     |  1.00th=[  232],  5.00th=[  279], 10.00th=[  288], 20.00th=[  313],
     | 30.00th=[  317], 40.00th=[  317], 50.00th=[  317], 60.00th=[  326],
     | 70.00th=[  330], 80.00th=[  330], 90.00th=[  338], 95.00th=[  380],
     | 99.00th=[  468], 99.50th=[  493], 99.90th=[  493], 99.95th=[  493],
     | 99.99th=[  493]
   bw (  KiB/s): min=83968, max=212992, per=96.62%, avg=190259.20, stdev=38137.18, samples=10
   iops        : min=   82, max=  208, avg=185.80, stdev=37.24, samples=10
  lat (msec)   : 250=1.56%, 500=98.44%
  cpu          : usr=1.43%, sys=1.97%, ctx=165, majf=0, minf=28
  IO depths    : 1=0.1%, 2=0.2%, 4=0.4%, 8=0.8%, 16=1.6%, 32=3.1%, >=64=93.8%
     submit    : 0=0.0%, 4=100.0%, 8=0.0%, 16=0.0%, 32=0.0%, 64=0.0%, >=64=0.0%
     complete  : 0=0.0%, 4=99.9%, 8=0.0%, 16=0.0%, 32=0.0%, 64=0.1%, >=64=0.0%
     issued rwt: total=0,1024,0, short=0,0,0, dropped=0,0,0
     latency   : target=0, window=0, percentile=100.00%, depth=64

Run status group 0 (all jobs):
  WRITE: bw=192MiB/s (202MB/s), 192MiB/s-192MiB/s (202MB/s-202MB/s), io=1024MiB (1074MB), run=5325-5325msec

Disk stats (read/write):
  sdf: ios=0/3922, merge=0/0, ticks=0/720087, in_queue=732694, util=97.61%
