test: (g=0): rw=randread, bs=(R) 8192B-8192B, (W) 8192B-8192B, (T) 8192B-8192B, ioengine=libaio, iodepth=64
fio-3.1
Starting 1 process

test: (groupid=0, jobs=1): err= 0: pid=11835: Thu Jul 12 14:43:56 2018
   read: IOPS=555, BW=4443KiB/s (4550kB/s)(1024MiB/235980msec)
    slat (nsec): min=1435, max=78147, avg=13411.43, stdev=5626.50
    clat (usec): min=909, max=1470.4k, avg=115205.47, stdev=98808.42
     lat (usec): min=911, max=1470.4k, avg=115219.31, stdev=98808.69
    clat percentiles (msec):
     |  1.00th=[    9],  5.00th=[   20], 10.00th=[   30], 20.00th=[   46],
     | 30.00th=[   61], 40.00th=[   74], 50.00th=[   88], 60.00th=[  105],
     | 70.00th=[  128], 80.00th=[  165], 90.00th=[  234], 95.00th=[  309],
     | 99.00th=[  493], 99.50th=[  575], 99.90th=[  802], 99.95th=[  894],
     | 99.99th=[ 1116]
   bw (  KiB/s): min= 1392, max= 8624, per=98.81%, avg=4390.22, stdev=1049.09, samples=471
   iops        : min=  174, max= 1078, avg=548.76, stdev=131.14, samples=471
  lat (usec)   : 1000=0.01%
  lat (msec)   : 2=0.01%, 4=0.04%, 10=1.49%, 20=3.53%, 50=17.79%
  lat (msec)   : 100=34.66%, 250=33.95%, 500=7.60%, 750=0.80%, 1000=0.12%
  lat (msec)   : 2000=0.02%
  cpu          : usr=0.76%, sys=1.61%, ctx=127805, majf=0, minf=458
  IO depths    : 1=0.1%, 2=0.1%, 4=0.1%, 8=0.1%, 16=0.1%, 32=0.1%, >=64=100.0%
     submit    : 0=0.0%, 4=100.0%, 8=0.0%, 16=0.0%, 32=0.0%, 64=0.0%, >=64=0.0%
     complete  : 0=0.0%, 4=100.0%, 8=0.0%, 16=0.0%, 32=0.0%, 64=0.1%, >=64=0.0%
     issued rwt: total=131072,0,0, short=0,0,0, dropped=0,0,0
     latency   : target=0, window=0, percentile=100.00%, depth=64

Run status group 0 (all jobs):
   READ: bw=4443KiB/s (4550kB/s), 4443KiB/s-4443KiB/s (4550kB/s-4550kB/s), io=1024MiB (1074MB), run=235980-235980msec

Disk stats (read/write):
  sdf: ios=128424/0, merge=1752/0, ticks=14973756/0, in_queue=14973874, util=100.00%
