test: (g=0): rw=randwrite, bs=(R) 64.0KiB-64.0KiB, (W) 64.0KiB-64.0KiB, (T) 64.0KiB-64.0KiB, ioengine=libaio, iodepth=64
fio-3.1
Starting 1 process

test: (groupid=0, jobs=1): err= 0: pid=14284: Mon Jul 23 17:56:44 2018
  write: IOPS=316, BW=19.8MiB/s (20.7MB/s)(1024MiB/51813msec)
    slat (nsec): min=6350, max=73017, avg=30893.48, stdev=10371.86
    clat (usec): min=617, max=1231.8k, avg=202338.11, stdev=166552.47
     lat (usec): min=641, max=1231.8k, avg=202369.52, stdev=166552.73
    clat percentiles (msec):
     |  1.00th=[   54],  5.00th=[   79], 10.00th=[   94], 20.00th=[  116],
     | 30.00th=[  133], 40.00th=[  148], 50.00th=[  165], 60.00th=[  182],
     | 70.00th=[  201], 80.00th=[  228], 90.00th=[  292], 95.00th=[  485],
     | 99.00th=[ 1099], 99.50th=[ 1116], 99.90th=[ 1150], 99.95th=[ 1167],
     | 99.99th=[ 1234]
   bw (  KiB/s): min=14464, max=32768, per=99.95%, avg=20227.35, stdev=2604.64, samples=103
   iops        : min=  226, max=  512, avg=316.05, stdev=40.70, samples=103
  lat (usec)   : 750=0.01%
  lat (msec)   : 2=0.02%, 4=0.02%, 10=0.01%, 50=0.54%, 100=11.96%
  lat (msec)   : 250=72.52%, 500=10.08%, 750=2.11%, 1000=1.09%, 2000=1.64%
  cpu          : usr=0.45%, sys=1.33%, ctx=16294, majf=0, minf=27
  IO depths    : 1=0.1%, 2=0.1%, 4=0.1%, 8=0.1%, 16=0.1%, 32=0.2%, >=64=99.6%
     submit    : 0=0.0%, 4=100.0%, 8=0.0%, 16=0.0%, 32=0.0%, 64=0.0%, >=64=0.0%
     complete  : 0=0.0%, 4=100.0%, 8=0.0%, 16=0.0%, 32=0.0%, 64=0.1%, >=64=0.0%
     issued rwt: total=0,16384,0, short=0,0,0, dropped=0,0,0
     latency   : target=0, window=0, percentile=100.00%, depth=64

Run status group 0 (all jobs):
  WRITE: bw=19.8MiB/s (20.7MB/s), 19.8MiB/s-19.8MiB/s (20.7MB/s-20.7MB/s), io=1024MiB (1074MB), run=51813-51813msec

Disk stats (read/write):
  sdd: ios=42/16345, merge=0/0, ticks=127/3296028, in_queue=3303683, util=100.00%
