test: (g=0): rw=randwrite, bs=(R) 4096B-4096B, (W) 4096B-4096B, (T) 4096B-4096B, ioengine=libaio, iodepth=64
fio-3.1
Starting 1 process

test: (groupid=0, jobs=1): err= 0: pid=31826: Thu Jul 12 14:59:55 2018
  write: IOPS=404, BW=1620KiB/s (1659kB/s)(1024MiB/647343msec)
    slat (nsec): min=1847, max=63169, avg=18052.60, stdev=7602.90
    clat (usec): min=219, max=1206.6k, avg=158014.95, stdev=111300.84
     lat (usec): min=242, max=1206.7k, avg=158033.41, stdev=111302.48
    clat percentiles (msec):
     |  1.00th=[   13],  5.00th=[   19], 10.00th=[   26], 20.00th=[   70],
     | 30.00th=[  100], 40.00th=[  121], 50.00th=[  142], 60.00th=[  163],
     | 70.00th=[  188], 80.00th=[  222], 90.00th=[  309], 95.00th=[  388],
     | 99.00th=[  518], 99.50th=[  575], 99.90th=[  726], 99.95th=[  793],
     | 99.99th=[  936]
   bw (  KiB/s): min=  151, max= 8016, per=99.91%, avg=1617.50, stdev=486.05, samples=1293
   iops        : min=   37, max= 2004, avg=404.37, stdev=121.51, samples=1293
  lat (usec)   : 250=0.01%, 500=0.01%, 1000=0.01%
  lat (msec)   : 2=0.01%, 4=0.05%, 10=0.47%, 20=5.60%, 50=10.75%
  lat (msec)   : 100=13.34%, 250=54.75%, 500=13.80%, 750=1.16%, 1000=0.08%
  lat (msec)   : 2000=0.01%
  cpu          : usr=0.54%, sys=1.31%, ctx=259385, majf=0, minf=28
  IO depths    : 1=0.1%, 2=0.1%, 4=0.1%, 8=0.1%, 16=0.1%, 32=0.1%, >=64=100.0%
     submit    : 0=0.0%, 4=100.0%, 8=0.0%, 16=0.0%, 32=0.0%, 64=0.0%, >=64=0.0%
     complete  : 0=0.0%, 4=100.0%, 8=0.0%, 16=0.0%, 32=0.0%, 64=0.1%, >=64=0.0%
     issued rwt: total=0,262144,0, short=0,0,0, dropped=0,0,0
     latency   : target=0, window=0, percentile=100.00%, depth=64

Run status group 0 (all jobs):
  WRITE: bw=1620KiB/s (1659kB/s), 1620KiB/s-1620KiB/s (1659kB/s-1659kB/s), io=1024MiB (1074MB), run=647343-647343msec

Disk stats (read/write):
  sdf: ios=40/259294, merge=0/2643, ticks=23335/41178818, in_queue=41203689, util=100.00%
