test: (g=0): rw=read, bs=(R) 1024KiB-1024KiB, (W) 1024KiB-1024KiB, (T) 1024KiB-1024KiB, ioengine=libaio, iodepth=64
fio-3.1
Starting 1 process

test: (groupid=0, jobs=1): err= 0: pid=16528: Mon Jul 23 21:34:15 2018
   read: IOPS=206, BW=206MiB/s (216MB/s)(1024MiB/4961msec)
    slat (usec): min=44, max=43460, avg=4671.42, stdev=12347.13
    clat (msec): min=129, max=473, avg=303.01, stdev=32.20
     lat (msec): min=129, max=473, avg=307.68, stdev=30.51
    clat percentiles (msec):
     |  1.00th=[  165],  5.00th=[  262], 10.00th=[  271], 20.00th=[  300],
     | 30.00th=[  300], 40.00th=[  309], 50.00th=[  309], 60.00th=[  309],
     | 70.00th=[  321], 80.00th=[  321], 90.00th=[  321], 95.00th=[  321],
     | 99.00th=[  401], 99.50th=[  439], 99.90th=[  439], 99.95th=[  472],
     | 99.99th=[  472]
   bw (  KiB/s): min=153600, max=229376, per=96.79%, avg=204572.44, stdev=21490.45, samples=9
   iops        : min=  150, max=  224, avg=199.78, stdev=20.99, samples=9
  lat (msec)   : 250=4.49%, 500=95.51%
  cpu          : usr=0.02%, sys=2.52%, ctx=161, majf=0, minf=575
  IO depths    : 1=0.1%, 2=0.2%, 4=0.4%, 8=0.8%, 16=1.6%, 32=3.1%, >=64=93.8%
     submit    : 0=0.0%, 4=100.0%, 8=0.0%, 16=0.0%, 32=0.0%, 64=0.0%, >=64=0.0%
     complete  : 0=0.0%, 4=99.9%, 8=0.0%, 16=0.0%, 32=0.0%, 64=0.1%, >=64=0.0%
     issued rwt: total=1024,0,0, short=0,0,0, dropped=0,0,0
     latency   : target=0, window=0, percentile=100.00%, depth=64

Run status group 0 (all jobs):
   READ: bw=206MiB/s (216MB/s), 206MiB/s-206MiB/s (216MB/s-216MB/s), io=1024MiB (1074MB), run=4961-4961msec

Disk stats (read/write):
  sdl: ios=4039/0, merge=0/0, ticks=687279/0, in_queue=694777, util=98.04%
