test: (g=0): rw=randwrite, bs=(R) 4096B-4096B, (W) 4096B-4096B, (T) 4096B-4096B, ioengine=libaio, iodepth=64
fio-3.1
Starting 1 process

test: (groupid=0, jobs=1): err= 0: pid=23221: Fri Aug 17 17:20:54 2018
  write: IOPS=923, BW=3693KiB/s (3781kB/s)(1024MiB/283971msec)
    slat (usec): min=2, max=160, avg= 4.75, stdev= 3.40
    clat (usec): min=330, max=846415, avg=69322.81, stdev=62331.87
     lat (usec): min=338, max=846418, avg=69327.62, stdev=62332.04
    clat percentiles (usec):
     |  1.00th=[   611],  5.00th=[   635], 10.00th=[   668], 20.00th=[ 13435],
     | 30.00th=[ 31589], 40.00th=[ 45351], 50.00th=[ 58983], 60.00th=[ 73925],
     | 70.00th=[ 90702], 80.00th=[111674], 90.00th=[147850], 95.00th=[181404],
     | 99.00th=[252707], 99.50th=[283116], 99.90th=[566232], 99.95th=[725615],
     | 99.99th=[792724]
   bw (  KiB/s): min=  104, max=279600, per=100.00%, avg=3707.04, stdev=11687.02, samples=565
   iops        : min=   26, max=69900, avg=926.75, stdev=2921.75, samples=565
  lat (usec)   : 500=0.03%, 750=13.20%, 1000=0.74%
  lat (msec)   : 2=3.25%, 4=0.03%, 10=1.22%, 20=4.83%, 50=20.11%
  lat (msec)   : 100=31.37%, 250=24.18%, 500=0.90%, 750=0.11%, 1000=0.03%
  cpu          : usr=0.15%, sys=0.62%, ctx=177554, majf=0, minf=28
  IO depths    : 1=0.1%, 2=0.1%, 4=0.1%, 8=0.1%, 16=0.1%, 32=0.1%, >=64=100.0%
     submit    : 0=0.0%, 4=100.0%, 8=0.0%, 16=0.0%, 32=0.0%, 64=0.0%, >=64=0.0%
     complete  : 0=0.0%, 4=100.0%, 8=0.0%, 16=0.0%, 32=0.0%, 64=0.1%, >=64=0.0%
     issued rwt: total=0,262144,0, short=0,0,0, dropped=0,0,0
     latency   : target=0, window=0, percentile=100.00%, depth=64

Run status group 0 (all jobs):
  WRITE: bw=3693KiB/s (3781kB/s), 3693KiB/s-3693KiB/s (3781kB/s-3781kB/s), io=1024MiB (1074MB), run=283971-283971msec

Disk stats (read/write):
  sde: ios=30/262080, merge=0/0, ticks=3/18160941, in_queue=18164332, util=100.00%
