test: (g=0): rw=write, bs=(R) 1024KiB-1024KiB, (W) 1024KiB-1024KiB, (T) 1024KiB-1024KiB, ioengine=libaio, iodepth=64
fio-3.1
Starting 1 process

test: (groupid=0, jobs=1): err= 0: pid=38521: Sun Jul 15 07:47:06 2018
  write: IOPS=196, BW=197MiB/s (206MB/s)(1024MiB/5208msec)
    slat (usec): min=70, max=214886, avg=4870.55, stdev=13886.21
    clat (msec): min=217, max=491, avg=314.47, stdev=34.72
     lat (msec): min=217, max=491, avg=319.34, stdev=32.50
    clat percentiles (msec):
     |  1.00th=[  255],  5.00th=[  279], 10.00th=[  279], 20.00th=[  300],
     | 30.00th=[  309], 40.00th=[  317], 50.00th=[  317], 60.00th=[  317],
     | 70.00th=[  317], 80.00th=[  317], 90.00th=[  326], 95.00th=[  376],
     | 99.00th=[  481], 99.50th=[  493], 99.90th=[  493], 99.95th=[  493],
     | 99.99th=[  493]
   bw (  KiB/s): min=83968, max=229376, per=97.75%, avg=196812.80, stdev=40965.12, samples=10
   iops        : min=   82, max=  224, avg=192.20, stdev=40.00, samples=10
  lat (msec)   : 250=0.78%, 500=99.22%
  cpu          : usr=1.56%, sys=1.98%, ctx=165, majf=0, minf=28
  IO depths    : 1=0.1%, 2=0.2%, 4=0.4%, 8=0.8%, 16=1.6%, 32=3.1%, >=64=93.8%
     submit    : 0=0.0%, 4=100.0%, 8=0.0%, 16=0.0%, 32=0.0%, 64=0.0%, >=64=0.0%
     complete  : 0=0.0%, 4=99.9%, 8=0.0%, 16=0.0%, 32=0.0%, 64=0.1%, >=64=0.0%
     issued rwt: total=0,1024,0, short=0,0,0, dropped=0,0,0
     latency   : target=0, window=0, percentile=100.00%, depth=64

Run status group 0 (all jobs):
  WRITE: bw=197MiB/s (206MB/s), 197MiB/s-197MiB/s (206MB/s-206MB/s), io=1024MiB (1074MB), run=5208-5208msec

Disk stats (read/write):
  sdl: ios=0/4003, merge=0/0, ticks=0/713860, in_queue=727936, util=97.52%
