test: (g=0): rw=read, bs=(R) 512KiB-512KiB, (W) 512KiB-512KiB, (T) 512KiB-512KiB, ioengine=libaio, iodepth=64
fio-3.1
Starting 1 process

test: (groupid=0, jobs=1): err= 0: pid=38472: Sun Jul 15 07:47:00 2018
   read: IOPS=410, BW=205MiB/s (215MB/s)(1024MiB/4986msec)
    slat (usec): min=20, max=741, avg=92.16, stdev=50.97
    clat (msec): min=9, max=293, avg=155.46, stdev=21.50
     lat (msec): min=9, max=293, avg=155.56, stdev=21.49
    clat percentiles (msec):
     |  1.00th=[   49],  5.00th=[  148], 10.00th=[  150], 20.00th=[  150],
     | 30.00th=[  157], 40.00th=[  159], 50.00th=[  159], 60.00th=[  159],
     | 70.00th=[  159], 80.00th=[  159], 90.00th=[  159], 95.00th=[  167],
     | 99.00th=[  247], 99.50th=[  271], 99.90th=[  288], 99.95th=[  292],
     | 99.99th=[  296]
   bw (  KiB/s): min=203776, max=219136, per=99.49%, avg=209237.33, stdev=4802.99, samples=9
   iops        : min=  398, max=  428, avg=408.67, stdev= 9.38, samples=9
  lat (msec)   : 10=0.10%, 20=0.29%, 50=0.63%, 100=1.07%, 250=96.97%
  lat (msec)   : 500=0.93%
  cpu          : usr=0.30%, sys=4.55%, ctx=2044, majf=0, minf=559
  IO depths    : 1=0.1%, 2=0.1%, 4=0.2%, 8=0.4%, 16=0.8%, 32=1.6%, >=64=96.9%
     submit    : 0=0.0%, 4=100.0%, 8=0.0%, 16=0.0%, 32=0.0%, 64=0.0%, >=64=0.0%
     complete  : 0=0.0%, 4=99.9%, 8=0.0%, 16=0.0%, 32=0.0%, 64=0.1%, >=64=0.0%
     issued rwt: total=2048,0,0, short=0,0,0, dropped=0,0,0
     latency   : target=0, window=0, percentile=100.00%, depth=64

Run status group 0 (all jobs):
   READ: bw=205MiB/s (215MB/s), 205MiB/s-205MiB/s (215MB/s-215MB/s), io=1024MiB (1074MB), run=4986-4986msec

Disk stats (read/write):
  sdl: ios=4010/0, merge=0/0, ticks=612314/0, in_queue=620835, util=98.05%
