test: (g=0): rw=randread, bs=(R) 4096B-4096B, (W) 4096B-4096B, (T) 4096B-4096B, ioengine=libaio, iodepth=64
fio-3.1
Starting 1 process

test: (groupid=0, jobs=1): err= 0: pid=36159: Tue Jul 24 21:59:03 2018
   read: IOPS=497, BW=1990KiB/s (2037kB/s)(1024MiB/527007msec)
    slat (nsec): min=3952, max=70016, avg=21943.21, stdev=7411.76
    clat (msec): min=2, max=1103, avg=128.64, stdev=82.71
     lat (msec): min=2, max=1103, avg=128.66, stdev=82.71
    clat percentiles (msec):
     |  1.00th=[   30],  5.00th=[   62], 10.00th=[   68], 20.00th=[   75],
     | 30.00th=[   83], 40.00th=[   90], 50.00th=[  101], 60.00th=[  115],
     | 70.00th=[  136], 80.00th=[  167], 90.00th=[  228], 95.00th=[  292],
     | 99.00th=[  451], 99.50th=[  523], 99.90th=[  701], 99.95th=[  776],
     | 99.99th=[  944]
   bw (  KiB/s): min=  776, max= 8656, per=100.00%, avg=1989.16, stdev=414.11, samples=1054
   iops        : min=  194, max= 2164, avg=497.29, stdev=103.53, samples=1054
  lat (msec)   : 4=0.01%, 10=0.06%, 20=0.40%, 50=2.50%, 100=46.51%
  lat (msec)   : 250=42.66%, 500=7.22%, 750=0.57%, 1000=0.05%, 2000=0.01%
  cpu          : usr=0.61%, sys=1.75%, ctx=260649, majf=0, minf=95
  IO depths    : 1=0.1%, 2=0.1%, 4=0.1%, 8=0.1%, 16=0.1%, 32=0.1%, >=64=100.0%
     submit    : 0=0.0%, 4=100.0%, 8=0.0%, 16=0.0%, 32=0.0%, 64=0.0%, >=64=0.0%
     complete  : 0=0.0%, 4=100.0%, 8=0.0%, 16=0.0%, 32=0.0%, 64=0.1%, >=64=0.0%
     issued rwt: total=262144,0,0, short=0,0,0, dropped=0,0,0
     latency   : target=0, window=0, percentile=100.00%, depth=64

Run status group 0 (all jobs):
   READ: bw=1990KiB/s (2037kB/s), 1990KiB/s-1990KiB/s (2037kB/s-2037kB/s), io=1024MiB (1074MB), run=527007-527007msec

Disk stats (read/write):
  sdm: ios=261667/6, merge=0/0, ticks=33708147/414, in_queue=33709753, util=100.00%
