test: (g=0): rw=randwrite, bs=(R) 8192B-8192B, (W) 8192B-8192B, (T) 8192B-8192B, ioengine=libaio, iodepth=64
fio-3.1
Starting 1 process

test: (groupid=0, jobs=1): err= 0: pid=13080: Mon Jul 23 18:57:01 2018
  write: IOPS=393, BW=3144KiB/s (3220kB/s)(1024MiB/333465msec)
    slat (nsec): min=4454, max=74017, avg=22093.79, stdev=9474.67
    clat (usec): min=1721, max=1019.4k, avg=162796.93, stdev=118119.11
     lat (usec): min=1744, max=1019.4k, avg=162819.50, stdev=118121.11
    clat percentiles (msec):
     |  1.00th=[   14],  5.00th=[   19], 10.00th=[   25], 20.00th=[   64],
     | 30.00th=[  100], 40.00th=[  123], 50.00th=[  144], 60.00th=[  169],
     | 70.00th=[  197], 80.00th=[  232], 90.00th=[  321], 95.00th=[  405],
     | 99.00th=[  542], 99.50th=[  592], 99.90th=[  768], 99.95th=[  827],
     | 99.99th=[  919]
   bw (  KiB/s): min=  352, max=11312, per=99.53%, avg=3129.36, stdev=1030.52, samples=666
   iops        : min=   44, max= 1414, avg=391.16, stdev=128.82, samples=666
  lat (msec)   : 2=0.01%, 4=0.01%, 10=0.08%, 20=6.42%, 50=11.43%
  lat (msec)   : 100=12.54%, 250=52.93%, 500=14.94%, 750=1.52%, 1000=0.13%
  lat (msec)   : 2000=0.01%
  cpu          : usr=0.44%, sys=1.31%, ctx=130764, majf=0, minf=27
  IO depths    : 1=0.1%, 2=0.1%, 4=0.1%, 8=0.1%, 16=0.1%, 32=0.1%, >=64=100.0%
     submit    : 0=0.0%, 4=100.0%, 8=0.0%, 16=0.0%, 32=0.0%, 64=0.0%, >=64=0.0%
     complete  : 0=0.0%, 4=100.0%, 8=0.0%, 16=0.0%, 32=0.0%, 64=0.1%, >=64=0.0%
     issued rwt: total=0,131072,0, short=0,0,0, dropped=0,0,0
     latency   : target=0, window=0, percentile=100.00%, depth=64

Run status group 0 (all jobs):
  WRITE: bw=3144KiB/s (3220kB/s), 3144KiB/s-3144KiB/s (3220kB/s-3220kB/s), io=1024MiB (1074MB), run=333465-333465msec

Disk stats (read/write):
  sdf: ios=44/130754, merge=0/0, ticks=1403/21331560, in_queue=21333637, util=100.00%
