test: (g=0): rw=write, bs=(R) 1024KiB-1024KiB, (W) 1024KiB-1024KiB, (T) 1024KiB-1024KiB, ioengine=libaio, iodepth=64
fio-3.1
Starting 1 process

test: (groupid=0, jobs=1): err= 0: pid=12896: Mon Jul 23 18:31:50 2018
  write: IOPS=204, BW=205MiB/s (215MB/s)(1024MiB/4998msec)
    slat (usec): min=81, max=47045, avg=4698.18, stdev=12285.99
    clat (msec): min=116, max=451, avg=305.67, stdev=32.45
     lat (msec): min=116, max=452, avg=310.37, stdev=30.71
    clat percentiles (msec):
     |  1.00th=[  184],  5.00th=[  266], 10.00th=[  275], 20.00th=[  305],
     | 30.00th=[  305], 40.00th=[  305], 50.00th=[  313], 60.00th=[  313],
     | 70.00th=[  317], 80.00th=[  317], 90.00th=[  321], 95.00th=[  334],
     | 99.00th=[  414], 99.50th=[  451], 99.90th=[  451], 99.95th=[  451],
     | 99.99th=[  451]
   bw (  KiB/s): min=165888, max=213418, per=96.45%, avg=202344.22, stdev=15826.79, samples=9
   iops        : min=  162, max=  208, avg=197.56, stdev=15.42, samples=9
  lat (msec)   : 250=4.00%, 500=96.00%
  cpu          : usr=1.74%, sys=1.78%, ctx=162, majf=0, minf=28
  IO depths    : 1=0.1%, 2=0.2%, 4=0.4%, 8=0.8%, 16=1.6%, 32=3.1%, >=64=93.8%
     submit    : 0=0.0%, 4=100.0%, 8=0.0%, 16=0.0%, 32=0.0%, 64=0.0%, >=64=0.0%
     complete  : 0=0.0%, 4=99.9%, 8=0.0%, 16=0.0%, 32=0.0%, 64=0.1%, >=64=0.0%
     issued rwt: total=0,1024,0, short=0,0,0, dropped=0,0,0
     latency   : target=0, window=0, percentile=100.00%, depth=64

Run status group 0 (all jobs):
  WRITE: bw=205MiB/s (215MB/s), 205MiB/s-205MiB/s (215MB/s-215MB/s), io=1024MiB (1074MB), run=4998-4998msec

Disk stats (read/write):
  sdf: ios=40/3984, merge=0/0, ticks=14/682811, in_queue=694489, util=97.58%
