test: (g=0): rw=randwrite, bs=(R) 4096B-4096B, (W) 4096B-4096B, (T) 4096B-4096B, ioengine=libaio, iodepth=64
fio-3.1
Starting 1 process

test: (groupid=0, jobs=1): err= 0: pid=12988: Mon Jul 23 18:43:16 2018
  write: IOPS=385, BW=1542KiB/s (1579kB/s)(1024MiB/679914msec)
    slat (nsec): min=3017, max=63881, avg=17063.93, stdev=7853.75
    clat (usec): min=269, max=1082.1k, avg=165972.38, stdev=117131.13
     lat (usec): min=288, max=1082.1k, avg=165989.89, stdev=117132.55
    clat percentiles (msec):
     |  1.00th=[   14],  5.00th=[   19], 10.00th=[   26], 20.00th=[   74],
     | 30.00th=[  105], 40.00th=[  127], 50.00th=[  148], 60.00th=[  171],
     | 70.00th=[  199], 80.00th=[  232], 90.00th=[  321], 95.00th=[  405],
     | 99.00th=[  550], 99.50th=[  609], 99.90th=[  768], 99.95th=[  802],
     | 99.99th=[  894]
   bw (  KiB/s): min=  152, max= 6328, per=99.82%, avg=1539.15, stdev=458.64, samples=1358
   iops        : min=   38, max= 1582, avg=384.78, stdev=114.66, samples=1358
  lat (usec)   : 500=0.01%, 750=0.01%, 1000=0.01%
  lat (msec)   : 2=0.01%, 4=0.01%, 10=0.07%, 20=5.94%, 50=10.34%
  lat (msec)   : 100=11.86%, 250=54.98%, 500=15.07%, 750=1.62%, 1000=0.12%
  lat (msec)   : 2000=0.01%
  cpu          : usr=0.41%, sys=1.07%, ctx=261637, majf=0, minf=28
  IO depths    : 1=0.1%, 2=0.1%, 4=0.1%, 8=0.1%, 16=0.1%, 32=0.1%, >=64=100.0%
     submit    : 0=0.0%, 4=100.0%, 8=0.0%, 16=0.0%, 32=0.0%, 64=0.0%, >=64=0.0%
     complete  : 0=0.0%, 4=100.0%, 8=0.0%, 16=0.0%, 32=0.0%, 64=0.1%, >=64=0.0%
     issued rwt: total=0,262144,0, short=0,0,0, dropped=0,0,0
     latency   : target=0, window=0, percentile=100.00%, depth=64

Run status group 0 (all jobs):
  WRITE: bw=1542KiB/s (1579kB/s), 1542KiB/s-1542KiB/s (1579kB/s-1579kB/s), io=1024MiB (1074MB), run=679914-679914msec

Disk stats (read/write):
  sdf: ios=40/261860, merge=0/0, ticks=5/43501519, in_queue=43504143, util=100.00%
