test: (g=0): rw=randread, bs=(R) 8192B-8192B, (W) 8192B-8192B, (T) 8192B-8192B, ioengine=libaio, iodepth=64
fio-3.1
Starting 1 process

test: (groupid=0, jobs=1): err= 0: pid=13131: Mon Jul 23 19:01:09 2018
   read: IOPS=528, BW=4227KiB/s (4329kB/s)(1024MiB/248062msec)
    slat (nsec): min=4101, max=62059, avg=20260.34, stdev=7102.88
    clat (msec): min=5, max=1079, avg=121.10, stdev=76.96
     lat (msec): min=5, max=1079, avg=121.12, stdev=76.96
    clat percentiles (msec):
     |  1.00th=[   33],  5.00th=[   56], 10.00th=[   64], 20.00th=[   71],
     | 30.00th=[   78], 40.00th=[   86], 50.00th=[   95], 60.00th=[  109],
     | 70.00th=[  129], 80.00th=[  159], 90.00th=[  215], 95.00th=[  275],
     | 99.00th=[  422], 99.50th=[  485], 99.90th=[  642], 99.95th=[  735],
     | 99.99th=[  911]
   bw (  KiB/s): min= 1664, max=10032, per=99.97%, avg=4225.89, stdev=748.19, samples=496
   iops        : min=  208, max= 1254, avg=528.23, stdev=93.51, samples=496
  lat (msec)   : 10=0.01%, 20=0.09%, 50=3.69%, 100=50.13%, 250=39.49%
  lat (msec)   : 500=6.19%, 750=0.36%, 1000=0.04%, 2000=0.01%
  cpu          : usr=0.61%, sys=1.76%, ctx=130242, majf=0, minf=159
  IO depths    : 1=0.1%, 2=0.1%, 4=0.1%, 8=0.1%, 16=0.1%, 32=0.1%, >=64=100.0%
     submit    : 0=0.0%, 4=100.0%, 8=0.0%, 16=0.0%, 32=0.0%, 64=0.0%, >=64=0.0%
     complete  : 0=0.0%, 4=100.0%, 8=0.0%, 16=0.0%, 32=0.0%, 64=0.1%, >=64=0.0%
     issued rwt: total=131072,0,0, short=0,0,0, dropped=0,0,0
     latency   : target=0, window=0, percentile=100.00%, depth=64

Run status group 0 (all jobs):
   READ: bw=4227KiB/s (4329kB/s), 4227KiB/s-4227KiB/s (4329kB/s-4329kB/s), io=1024MiB (1074MB), run=248062-248062msec

Disk stats (read/write):
  sdf: ios=130911/0, merge=0/0, ticks=15858065/0, in_queue=15860124, util=100.00%
