test: (g=0): rw=write, bs=(R) 1024KiB-1024KiB, (W) 1024KiB-1024KiB, (T) 1024KiB-1024KiB, ioengine=libaio, iodepth=64
fio-3.1
Starting 1 process

test: (groupid=0, jobs=1): err= 0: pid=40126: Fri Jul 13 13:34:35 2018
  write: IOPS=197, BW=197MiB/s (207MB/s)(1024MiB/5190msec)
    slat (usec): min=89, max=88936, avg=4875.06, stdev=12948.29
    clat (msec): min=134, max=483, avg=317.13, stdev=40.00
     lat (msec): min=134, max=521, avg=322.01, stdev=38.76
    clat percentiles (msec):
     |  1.00th=[  194],  5.00th=[  259], 10.00th=[  279], 20.00th=[  296],
     | 30.00th=[  305], 40.00th=[  317], 50.00th=[  321], 60.00th=[  321],
     | 70.00th=[  326], 80.00th=[  330], 90.00th=[  368], 95.00th=[  388],
     | 99.00th=[  439], 99.50th=[  481], 99.90th=[  485], 99.95th=[  485],
     | 99.99th=[  485]
   bw (  KiB/s): min=151552, max=212992, per=97.41%, avg=196812.80, stdev=18681.88, samples=10
   iops        : min=  148, max=  208, avg=192.20, stdev=18.24, samples=10
  lat (msec)   : 250=4.00%, 500=96.00%
  cpu          : usr=1.48%, sys=2.02%, ctx=163, majf=0, minf=28
  IO depths    : 1=0.1%, 2=0.2%, 4=0.4%, 8=0.8%, 16=1.6%, 32=3.1%, >=64=93.8%
     submit    : 0=0.0%, 4=100.0%, 8=0.0%, 16=0.0%, 32=0.0%, 64=0.0%, >=64=0.0%
     complete  : 0=0.0%, 4=99.9%, 8=0.0%, 16=0.0%, 32=0.0%, 64=0.1%, >=64=0.0%
     issued rwt: total=0,1024,0, short=0,0,0, dropped=0,0,0
     latency   : target=0, window=0, percentile=100.00%, depth=64

Run status group 0 (all jobs):
  WRITE: bw=197MiB/s (207MB/s), 197MiB/s-197MiB/s (207MB/s-207MB/s), io=1024MiB (1074MB), run=5190-5190msec

Disk stats (read/write):
  sde: ios=7/4034, merge=0/0, ticks=4365/712604, in_queue=726104, util=97.90%
