test: (g=0): rw=randread, bs=(R) 4096B-4096B, (W) 4096B-4096B, (T) 4096B-4096B, ioengine=libaio, iodepth=64
fio-3.1
Starting 1 process

test: (groupid=0, jobs=1): err= 0: pid=3483: Tue Jul 24 15:49:21 2018
   read: IOPS=70.8k, BW=276MiB/s (290MB/s)(1024MiB/3705msec)
    slat (nsec): min=2676, max=77887, avg=4485.67, stdev=2589.21
    clat (usec): min=408, max=4372, avg=899.14, stdev=106.47
     lat (usec): min=413, max=4376, avg=903.69, stdev=106.33
    clat percentiles (usec):
     |  1.00th=[  693],  5.00th=[  758], 10.00th=[  791], 20.00th=[  824],
     | 30.00th=[  848], 40.00th=[  873], 50.00th=[  889], 60.00th=[  914],
     | 70.00th=[  938], 80.00th=[  971], 90.00th=[ 1020], 95.00th=[ 1074],
     | 99.00th=[ 1172], 99.50th=[ 1221], 99.90th=[ 1401], 99.95th=[ 2040],
     | 99.99th=[ 3228]
   bw (  KiB/s): min=282339, max=283608, per=99.99%, avg=282997.14, stdev=470.85, samples=7
   iops        : min=70584, max=70902, avg=70749.14, stdev=117.89, samples=7
  lat (usec)   : 500=0.01%, 750=4.41%, 1000=82.63%
  lat (msec)   : 2=12.90%, 4=0.05%, 10=0.01%
  cpu          : usr=6.40%, sys=37.45%, ctx=79446, majf=0, minf=187
  IO depths    : 1=0.1%, 2=0.1%, 4=0.1%, 8=0.1%, 16=0.1%, 32=0.1%, >=64=100.0%
     submit    : 0=0.0%, 4=100.0%, 8=0.0%, 16=0.0%, 32=0.0%, 64=0.0%, >=64=0.0%
     complete  : 0=0.0%, 4=100.0%, 8=0.0%, 16=0.0%, 32=0.0%, 64=0.1%, >=64=0.0%
     issued rwt: total=262144,0,0, short=0,0,0, dropped=0,0,0
     latency   : target=0, window=0, percentile=100.00%, depth=64

Run status group 0 (all jobs):
   READ: bw=276MiB/s (290MB/s), 276MiB/s-276MiB/s (290MB/s-290MB/s), io=1024MiB (1074MB), run=3705-3705msec

Disk stats (read/write):
  sda: ios=258312/0, merge=0/0, ticks=229544/0, in_queue=229546, util=97.39%
