test: (g=0): rw=write, bs=(R) 64.0KiB-64.0KiB, (W) 64.0KiB-64.0KiB, (T) 64.0KiB-64.0KiB, ioengine=libaio, iodepth=64
fio-3.1
Starting 1 process
test: Laying out IO file (1 file / 1024MiB)

test: (groupid=0, jobs=1): err= 0: pid=3161: Tue Jul 24 15:48:50 2018
  write: IOPS=1660, BW=104MiB/s (109MB/s)(1024MiB/9868msec)
    slat (usec): min=7, max=233, avg=26.88, stdev=13.36
    clat (usec): min=922, max=76003, avg=38511.00, stdev=5198.81
     lat (usec): min=947, max=76025, avg=38538.09, stdev=5198.37
    clat percentiles (usec):
     |  1.00th=[26608],  5.00th=[31327], 10.00th=[33162], 20.00th=[34866],
     | 30.00th=[35914], 40.00th=[36963], 50.00th=[38011], 60.00th=[39584],
     | 70.00th=[40633], 80.00th=[42206], 90.00th=[44827], 95.00th=[46924],
     | 99.00th=[51643], 99.50th=[54264], 99.90th=[71828], 99.95th=[73925],
     | 99.99th=[76022]
   bw (  KiB/s): min=97792, max=121088, per=100.00%, avg=106392.74, stdev=5012.09, samples=19
   iops        : min= 1528, max= 1892, avg=1662.32, stdev=78.32, samples=19
  lat (usec)   : 1000=0.02%
  lat (msec)   : 2=0.01%, 4=0.01%, 10=0.10%, 20=0.29%, 50=97.85%
  lat (msec)   : 100=1.72%
  cpu          : usr=1.19%, sys=5.96%, ctx=15217, majf=0, minf=27
  IO depths    : 1=0.1%, 2=0.1%, 4=0.1%, 8=0.1%, 16=0.1%, 32=0.2%, >=64=99.6%
     submit    : 0=0.0%, 4=100.0%, 8=0.0%, 16=0.0%, 32=0.0%, 64=0.0%, >=64=0.0%
     complete  : 0=0.0%, 4=100.0%, 8=0.0%, 16=0.0%, 32=0.0%, 64=0.1%, >=64=0.0%
     issued rwt: total=0,16384,0, short=0,0,0, dropped=0,0,0
     latency   : target=0, window=0, percentile=100.00%, depth=64

Run status group 0 (all jobs):
  WRITE: bw=104MiB/s (109MB/s), 104MiB/s-104MiB/s (109MB/s-109MB/s), io=1024MiB (1074MB), run=9868-9868msec

Disk stats (read/write):
  sda: ios=0/16012, merge=0/0, ticks=0/615176, in_queue=616573, util=99.02%
