test: (g=0): rw=randwrite, bs=(R) 4096B-4096B, (W) 4096B-4096B, (T) 4096B-4096B, ioengine=libaio, iodepth=64
fio-3.1
Starting 1 process

test: (groupid=0, jobs=1): err= 0: pid=3436: Tue Jul 24 15:49:17 2018
  write: IOPS=28.0k, BW=109MiB/s (115MB/s)(1024MiB/9359msec)
    slat (usec): min=3, max=107, avg= 5.86, stdev= 2.66
    clat (usec): min=427, max=29700, avg=2278.20, stdev=1515.04
     lat (usec): min=434, max=29706, avg=2284.12, stdev=1515.22
    clat percentiles (usec):
     |  1.00th=[ 1156],  5.00th=[ 1303], 10.00th=[ 1385], 20.00th=[ 1467],
     | 30.00th=[ 1532], 40.00th=[ 1614], 50.00th=[ 1876], 60.00th=[ 2180],
     | 70.00th=[ 2442], 80.00th=[ 2737], 90.00th=[ 3163], 95.00th=[ 4228],
     | 99.00th=[ 9241], 99.50th=[11600], 99.90th=[18220], 99.95th=[20055],
     | 99.99th=[23725]
   bw (  KiB/s): min=42048, max=131128, per=100.00%, avg=115429.78, stdev=26097.35, samples=18
   iops        : min=10512, max=32782, avg=28857.44, stdev=6524.34, samples=18
  lat (usec)   : 500=0.01%, 750=0.02%, 1000=0.01%
  lat (msec)   : 2=54.23%, 4=40.14%, 10=4.79%, 20=0.76%, 50=0.05%
  cpu          : usr=4.06%, sys=21.51%, ctx=164051, majf=0, minf=119
  IO depths    : 1=0.1%, 2=0.1%, 4=0.1%, 8=0.1%, 16=0.1%, 32=0.1%, >=64=100.0%
     submit    : 0=0.0%, 4=100.0%, 8=0.0%, 16=0.0%, 32=0.0%, 64=0.0%, >=64=0.0%
     complete  : 0=0.0%, 4=100.0%, 8=0.0%, 16=0.0%, 32=0.0%, 64=0.1%, >=64=0.0%
     issued rwt: total=0,262144,0, short=0,0,0, dropped=0,0,0
     latency   : target=0, window=0, percentile=100.00%, depth=64

Run status group 0 (all jobs):
  WRITE: bw=109MiB/s (115MB/s), 109MiB/s-109MiB/s (115MB/s-115MB/s), io=1024MiB (1074MB), run=9359-9359msec

Disk stats (read/write):
  sda: ios=0/260835, merge=0/0, ticks=0/582355, in_queue=582797, util=98.96%
