test: (g=0): rw=write, bs=(R) 64.0KiB-64.0KiB, (W) 64.0KiB-64.0KiB, (T) 64.0KiB-64.0KiB, ioengine=libaio, iodepth=64
fio-3.1
Starting 1 process
test: Laying out IO file (1 file / 1024MiB)

test: (groupid=0, jobs=1): err= 0: pid=326: Sun Jul 15 08:29:58 2018
  write: IOPS=3003, BW=188MiB/s (197MB/s)(1024MiB/5455msec)
    slat (usec): min=5, max=228, avg=19.93, stdev=10.55
    clat (usec): min=855, max=210735, avg=21282.34, stdev=12516.28
     lat (usec): min=1089, max=210763, avg=21302.46, stdev=12515.85
    clat percentiles (msec):
     |  1.00th=[   19],  5.00th=[   20], 10.00th=[   20], 20.00th=[   20],
     | 30.00th=[   20], 40.00th=[   20], 50.00th=[   20], 60.00th=[   20],
     | 70.00th=[   20], 80.00th=[   21], 90.00th=[   22], 95.00th=[   24],
     | 99.00th=[   57], 99.50th=[   79], 99.90th=[  209], 99.95th=[  209],
     | 99.99th=[  211]
   bw (  KiB/s): min=115456, max=209920, per=99.18%, avg=190643.20, stdev=28766.65, samples=10
   iops        : min= 1804, max= 3280, avg=2978.80, stdev=449.48, samples=10
  lat (usec)   : 1000=0.01%
  lat (msec)   : 20=83.96%, 50=14.29%, 100=1.29%, 250=0.45%
  cpu          : usr=1.89%, sys=7.70%, ctx=8663, majf=0, minf=27
  IO depths    : 1=0.1%, 2=0.1%, 4=0.1%, 8=0.1%, 16=0.1%, 32=0.2%, >=64=99.6%
     submit    : 0=0.0%, 4=100.0%, 8=0.0%, 16=0.0%, 32=0.0%, 64=0.0%, >=64=0.0%
     complete  : 0=0.0%, 4=100.0%, 8=0.0%, 16=0.0%, 32=0.0%, 64=0.1%, >=64=0.0%
     issued rwt: total=0,16384,0, short=0,0,0, dropped=0,0,0
     latency   : target=0, window=0, percentile=100.00%, depth=64

Run status group 0 (all jobs):
  WRITE: bw=188MiB/s (197MB/s), 188MiB/s-188MiB/s (197MB/s-197MB/s), io=1024MiB (1074MB), run=5455-5455msec

Disk stats (read/write):
  sdm: ios=0/8524, merge=0/7641, ticks=0/182552, in_queue=182982, util=98.18%
