test: (g=0): rw=randwrite, bs=(R) 8192B-8192B, (W) 8192B-8192B, (T) 8192B-8192B, ioengine=libaio, iodepth=64
fio-3.1
Starting 1 process

test: (groupid=0, jobs=1): err= 0: pid=28136: Fri Jul 13 16:04:34 2018
  write: IOPS=415, BW=3322KiB/s (3401kB/s)(1024MiB/315691msec)
    slat (nsec): min=1762, max=99798, avg=16395.61, stdev=8471.09
    clat (usec): min=395, max=1197.3k, avg=154116.47, stdev=108986.92
     lat (usec): min=432, max=1197.3k, avg=154133.23, stdev=108988.42
    clat percentiles (msec):
     |  1.00th=[   12],  5.00th=[   18], 10.00th=[   25], 20.00th=[   70],
     | 30.00th=[   99], 40.00th=[  118], 50.00th=[  138], 60.00th=[  159],
     | 70.00th=[  182], 80.00th=[  215], 90.00th=[  296], 95.00th=[  380],
     | 99.00th=[  510], 99.50th=[  567], 99.90th=[  743], 99.95th=[  802],
     | 99.99th=[  978]
   bw (  KiB/s): min=  512, max=15198, per=99.94%, avg=3318.97, stdev=1129.86, samples=631
   iops        : min=   64, max= 1899, avg=414.86, stdev=141.23, samples=631
  lat (usec)   : 500=0.01%
  lat (msec)   : 2=0.01%, 4=0.04%, 10=0.57%, 20=6.11%, 50=9.88%
  lat (msec)   : 100=14.39%, 250=55.28%, 500=12.56%, 750=1.08%, 1000=0.09%
  lat (msec)   : 2000=0.01%
  cpu          : usr=0.48%, sys=1.28%, ctx=128890, majf=0, minf=327
  IO depths    : 1=0.1%, 2=0.1%, 4=0.1%, 8=0.1%, 16=0.1%, 32=0.1%, >=64=100.0%
     submit    : 0=0.0%, 4=100.0%, 8=0.0%, 16=0.0%, 32=0.0%, 64=0.0%, >=64=0.0%
     complete  : 0=0.0%, 4=100.0%, 8=0.0%, 16=0.0%, 32=0.0%, 64=0.1%, >=64=0.0%
     issued rwt: total=0,131072,0, short=0,0,0, dropped=0,0,0
     latency   : target=0, window=0, percentile=100.00%, depth=64

Run status group 0 (all jobs):
  WRITE: bw=3322KiB/s (3401kB/s), 3322KiB/s-3322KiB/s (3401kB/s-3401kB/s), io=1024MiB (1074MB), run=315691-315691msec

Disk stats (read/write):
  sdi: ios=40/128915, merge=0/2005, ticks=21977/20009425, in_queue=20037173, util=100.00%
