test: (g=0): rw=randwrite, bs=(R) 64.0KiB-64.0KiB, (W) 64.0KiB-64.0KiB, (T) 64.0KiB-64.0KiB, ioengine=libaio, iodepth=64
fio-3.1
Starting 1 process

test: (groupid=0, jobs=1): err= 0: pid=13188: Mon Jul 23 19:01:55 2018
  write: IOPS=361, BW=22.6MiB/s (23.7MB/s)(1024MiB/45261msec)
    slat (nsec): min=6780, max=74934, avg=30970.71, stdev=12003.97
    clat (usec): min=650, max=1496.0k, avg=176744.79, stdev=154991.83
     lat (usec): min=675, max=1497.0k, avg=176776.24, stdev=154994.07
    clat percentiles (msec):
     |  1.00th=[   14],  5.00th=[   19], 10.00th=[   23], 20.00th=[   33],
     | 30.00th=[   75], 40.00th=[  111], 50.00th=[  142], 60.00th=[  174],
     | 70.00th=[  213], 80.00th=[  279], 90.00th=[  409], 95.00th=[  502],
     | 99.00th=[  667], 99.50th=[  760], 99.90th=[  911], 99.95th=[  919],
     | 99.99th=[ 1318]
   bw (  KiB/s): min= 7040, max=65024, per=100.00%, avg=23472.36, stdev=9843.04, samples=89
   iops        : min=  110, max= 1016, avg=366.75, stdev=153.80, samples=89
  lat (usec)   : 750=0.01%, 1000=0.01%
  lat (msec)   : 2=0.01%, 4=0.02%, 10=0.05%, 20=7.18%, 50=18.50%
  lat (msec)   : 100=10.84%, 250=40.14%, 500=18.17%, 750=4.56%, 1000=0.48%
  lat (msec)   : 2000=0.03%
  cpu          : usr=0.43%, sys=1.48%, ctx=16357, majf=0, minf=27
  IO depths    : 1=0.1%, 2=0.1%, 4=0.1%, 8=0.1%, 16=0.1%, 32=0.2%, >=64=99.6%
     submit    : 0=0.0%, 4=100.0%, 8=0.0%, 16=0.0%, 32=0.0%, 64=0.0%, >=64=0.0%
     complete  : 0=0.0%, 4=100.0%, 8=0.0%, 16=0.0%, 32=0.0%, 64=0.1%, >=64=0.0%
     issued rwt: total=0,16384,0, short=0,0,0, dropped=0,0,0
     latency   : target=0, window=0, percentile=100.00%, depth=64

Run status group 0 (all jobs):
  WRITE: bw=22.6MiB/s (23.7MB/s), 22.6MiB/s-22.6MiB/s (23.7MB/s-23.7MB/s), io=1024MiB (1074MB), run=45261-45261msec

Disk stats (read/write):
  sdf: ios=33/16367, merge=0/0, ticks=6317/2878106, in_queue=2887328, util=100.00%
