test: (g=0): rw=read, bs=(R) 64.0KiB-64.0KiB, (W) 64.0KiB-64.0KiB, (T) 64.0KiB-64.0KiB, ioengine=libaio, iodepth=64
fio-3.1
Starting 1 process

test: (groupid=0, jobs=1): err= 0: pid=8903: Tue Jul 24 20:43:19 2018
   read: IOPS=3303, BW=206MiB/s (216MB/s)(1024MiB/4960msec)
    slat (usec): min=5, max=208, avg=18.43, stdev= 6.88
    clat (usec): min=1437, max=37129, avg=19350.05, stdev=1159.27
     lat (usec): min=1475, max=37164, avg=19368.62, stdev=1159.46
    clat percentiles (usec):
     |  1.00th=[17957],  5.00th=[18482], 10.00th=[18482], 20.00th=[18482],
     | 30.00th=[19006], 40.00th=[19006], 50.00th=[19006], 60.00th=[19530],
     | 70.00th=[19792], 80.00th=[19792], 90.00th=[20317], 95.00th=[20317],
     | 99.00th=[22938], 99.50th=[23725], 99.90th=[32113], 99.95th=[34341],
     | 99.99th=[36963]
   bw (  KiB/s): min=204416, max=219520, per=99.62%, avg=210602.67, stdev=5385.90, samples=9
   iops        : min= 3194, max= 3430, avg=3290.67, stdev=84.15, samples=9
  lat (msec)   : 2=0.07%, 10=0.10%, 20=88.46%, 50=11.37%
  cpu          : usr=0.99%, sys=8.87%, ctx=16083, majf=0, minf=545
  IO depths    : 1=0.1%, 2=0.1%, 4=0.1%, 8=0.1%, 16=0.1%, 32=0.2%, >=64=99.6%
     submit    : 0=0.0%, 4=100.0%, 8=0.0%, 16=0.0%, 32=0.0%, 64=0.0%, >=64=0.0%
     complete  : 0=0.0%, 4=100.0%, 8=0.0%, 16=0.0%, 32=0.0%, 64=0.1%, >=64=0.0%
     issued rwt: total=16384,0,0, short=0,0,0, dropped=0,0,0
     latency   : target=0, window=0, percentile=100.00%, depth=64

Run status group 0 (all jobs):
   READ: bw=206MiB/s (216MB/s), 206MiB/s-206MiB/s (216MB/s-216MB/s), io=1024MiB (1074MB), run=4960-4960msec

Disk stats (read/write):
  sdl: ios=16154/0, merge=0/0, ticks=311989/0, in_queue=312553, util=98.04%
