test: (g=0): rw=randwrite, bs=(R) 4096B-4096B, (W) 4096B-4096B, (T) 4096B-4096B, ioengine=libaio, iodepth=64
fio-3.1
Starting 1 process

test: (groupid=0, jobs=1): err= 0: pid=3269: Fri Jul 13 16:49:19 2018
  write: IOPS=400, BW=1602KiB/s (1640kB/s)(1024MiB/654536msec)
    slat (nsec): min=2155, max=69358, avg=18055.21, stdev=7726.34
    clat (usec): min=252, max=1140.7k, avg=159751.07, stdev=115353.69
     lat (usec): min=293, max=1140.7k, avg=159769.52, stdev=115355.40
    clat percentiles (msec):
     |  1.00th=[   12],  5.00th=[   18], 10.00th=[   25], 20.00th=[   68],
     | 30.00th=[  100], 40.00th=[  122], 50.00th=[  142], 60.00th=[  165],
     | 70.00th=[  190], 80.00th=[  224], 90.00th=[  313], 95.00th=[  401],
     | 99.00th=[  535], 99.50th=[  592], 99.90th=[  760], 99.95th=[  827],
     | 99.99th=[  961]
   bw (  KiB/s): min=  176, max= 8384, per=100.00%, avg=1602.29, stdev=526.18, samples=1308
   iops        : min=   44, max= 2096, avg=400.56, stdev=131.55, samples=1308
  lat (usec)   : 500=0.01%, 1000=0.01%
  lat (msec)   : 2=0.01%, 4=0.04%, 10=0.46%, 20=6.09%, 50=10.69%
  lat (msec)   : 100=13.07%, 250=54.33%, 500=13.70%, 750=1.50%, 1000=0.10%
  lat (msec)   : 2000=0.01%
  cpu          : usr=0.51%, sys=1.32%, ctx=259380, majf=0, minf=28
  IO depths    : 1=0.1%, 2=0.1%, 4=0.1%, 8=0.1%, 16=0.1%, 32=0.1%, >=64=100.0%
     submit    : 0=0.0%, 4=100.0%, 8=0.0%, 16=0.0%, 32=0.0%, 64=0.0%, >=64=0.0%
     complete  : 0=0.0%, 4=100.0%, 8=0.0%, 16=0.0%, 32=0.0%, 64=0.1%, >=64=0.0%
     issued rwt: total=0,262144,0, short=0,0,0, dropped=0,0,0
     latency   : target=0, window=0, percentile=100.00%, depth=64

Run status group 0 (all jobs):
  WRITE: bw=1602KiB/s (1640kB/s), 1602KiB/s-1602KiB/s (1640kB/s-1640kB/s), io=1024MiB (1074MB), run=654536-654536msec

Disk stats (read/write):
  sdk: ios=43/259057, merge=0/2516, ticks=18036/41626597, in_queue=41645387, util=100.00%
