test: (g=0): rw=randwrite, bs=(R) 64.0KiB-64.0KiB, (W) 64.0KiB-64.0KiB, (T) 64.0KiB-64.0KiB, ioengine=libaio, iodepth=64
fio-3.1
Starting 1 process

test: (groupid=0, jobs=1): err= 0: pid=3473: Fri Jul 13 17:08:03 2018
  write: IOPS=401, BW=25.1MiB/s (26.3MB/s)(1024MiB/40760msec)
    slat (nsec): min=4468, max=94410, avg=26338.48, stdev=11102.26
    clat (usec): min=590, max=1026.3k, avg=159109.91, stdev=130232.85
     lat (usec): min=643, max=1026.3k, avg=159136.62, stdev=130234.58
    clat percentiles (msec):
     |  1.00th=[    9],  5.00th=[   17], 10.00th=[   22], 20.00th=[   36],
     | 30.00th=[   78], 40.00th=[  107], 50.00th=[  131], 60.00th=[  161],
     | 70.00th=[  192], 80.00th=[  249], 90.00th=[  347], 95.00th=[  430],
     | 99.00th=[  550], 99.50th=[  600], 99.90th=[  785], 99.95th=[  818],
     | 99.99th=[ 1011]
   bw (  KiB/s): min=14208, max=56704, per=100.00%, avg=25789.86, stdev=7114.61, samples=81
   iops        : min=  222, max=  886, avg=402.96, stdev=111.17, samples=81
  lat (usec)   : 750=0.01%
  lat (msec)   : 2=0.01%, 4=0.12%, 10=1.24%, 20=7.21%, 50=14.91%
  lat (msec)   : 100=14.27%, 250=42.35%, 500=17.74%, 750=2.00%, 1000=0.13%
  lat (msec)   : 2000=0.01%
  cpu          : usr=0.60%, sys=1.59%, ctx=15716, majf=0, minf=28
  IO depths    : 1=0.1%, 2=0.1%, 4=0.1%, 8=0.1%, 16=0.1%, 32=0.2%, >=64=99.6%
     submit    : 0=0.0%, 4=100.0%, 8=0.0%, 16=0.0%, 32=0.0%, 64=0.0%, >=64=0.0%
     complete  : 0=0.0%, 4=100.0%, 8=0.0%, 16=0.0%, 32=0.0%, 64=0.1%, >=64=0.0%
     issued rwt: total=0,16384,0, short=0,0,0, dropped=0,0,0
     latency   : target=0, window=0, percentile=100.00%, depth=64

Run status group 0 (all jobs):
  WRITE: bw=25.1MiB/s (26.3MB/s), 25.1MiB/s-25.1MiB/s (26.3MB/s-26.3MB/s), io=1024MiB (1074MB), run=40760-40760msec

Disk stats (read/write):
  sdk: ios=43/15679, merge=0/668, ticks=22656/2508952, in_queue=2541512, util=99.79%
