test: (g=0): rw=randread, bs=(R) 8192B-8192B, (W) 8192B-8192B, (T) 8192B-8192B, ioengine=libaio, iodepth=64
fio-3.1
Starting 1 process

test: (groupid=0, jobs=1): err= 0: pid=32009: Thu Jul 12 15:18:04 2018
   read: IOPS=512, BW=4097KiB/s (4195kB/s)(1024MiB/255938msec)
    slat (nsec): min=1645, max=57471, avg=15077.00, stdev=5263.18
    clat (usec): min=619, max=1057.1k, avg=124947.44, stdev=92439.59
     lat (usec): min=646, max=1057.1k, avg=124963.02, stdev=92439.79
    clat percentiles (msec):
     |  1.00th=[   14],  5.00th=[   27], 10.00th=[   37], 20.00th=[   56],
     | 30.00th=[   72], 40.00th=[   88], 50.00th=[  104], 60.00th=[  121],
     | 70.00th=[  142], 80.00th=[  176], 90.00th=[  241], 95.00th=[  305],
     | 99.00th=[  464], 99.50th=[  531], 99.90th=[  693], 99.95th=[  760],
     | 99.99th=[  885]
   bw (  KiB/s): min= 1616, max= 8704, per=99.73%, avg=4085.14, stdev=696.32, samples=511
   iops        : min=  202, max= 1088, avg=510.64, stdev=87.04, samples=511
  lat (usec)   : 750=0.01%, 1000=0.01%
  lat (msec)   : 2=0.01%, 4=0.03%, 10=0.41%, 20=2.37%, 50=14.17%
  lat (msec)   : 100=31.08%, 250=42.96%, 500=8.29%, 750=0.64%, 1000=0.05%
  lat (msec)   : 2000=0.01%
  cpu          : usr=0.72%, sys=1.65%, ctx=128330, majf=0, minf=159
  IO depths    : 1=0.1%, 2=0.1%, 4=0.1%, 8=0.1%, 16=0.1%, 32=0.1%, >=64=100.0%
     submit    : 0=0.0%, 4=100.0%, 8=0.0%, 16=0.0%, 32=0.0%, 64=0.0%, >=64=0.0%
     complete  : 0=0.0%, 4=100.0%, 8=0.0%, 16=0.0%, 32=0.0%, 64=0.1%, >=64=0.0%
     issued rwt: total=131072,0,0, short=0,0,0, dropped=0,0,0
     latency   : target=0, window=0, percentile=100.00%, depth=64

Run status group 0 (all jobs):
   READ: bw=4097KiB/s (4195kB/s), 4097KiB/s-4097KiB/s (4195kB/s-4195kB/s), io=1024MiB (1074MB), run=255938-255938msec

Disk stats (read/write):
  sdf: ios=128977/0, merge=2064/0, ticks=16218477/0, in_queue=16219475, util=100.00%
