test: (g=0): rw=randwrite, bs=(R) 4096B-4096B, (W) 4096B-4096B, (T) 4096B-4096B, ioengine=libaio, iodepth=64
fio-3.1
Starting 1 process

test: (groupid=0, jobs=1): err= 0: pid=25771: Fri Aug 17 18:47:56 2018
  write: IOPS=854, BW=3417KiB/s (3499kB/s)(1024MiB/306863msec)
    slat (nsec): min=2222, max=87916, avg=3843.04, stdev=2451.03
    clat (usec): min=270, max=794647, avg=74912.86, stdev=57976.98
     lat (usec): min=277, max=794650, avg=74916.76, stdev=57976.99
    clat percentiles (usec):
     |  1.00th=[   619],  5.00th=[   660], 10.00th=[   799], 20.00th=[ 25560],
     | 30.00th=[ 42206], 40.00th=[ 54789], 50.00th=[ 67634], 60.00th=[ 80217],
     | 70.00th=[ 95945], 80.00th=[115868], 90.00th=[147850], 95.00th=[177210],
     | 99.00th=[248513], 99.50th=[278922], 99.90th=[434111], 99.95th=[517997],
     | 99.99th=[767558]
   bw (  KiB/s): min=  776, max=223176, per=99.92%, avg=3414.11, stdev=8932.16, samples=613
   iops        : min=  194, max=55794, avg=853.52, stdev=2233.04, samples=613
  lat (usec)   : 500=0.18%, 750=9.26%, 1000=1.18%
  lat (msec)   : 2=1.70%, 4=0.09%, 10=1.06%, 20=3.70%, 50=18.86%
  lat (msec)   : 100=36.17%, 250=26.87%, 500=0.88%, 750=0.04%, 1000=0.01%
  cpu          : usr=0.14%, sys=0.49%, ctx=216521, majf=0, minf=28
  IO depths    : 1=0.1%, 2=0.1%, 4=0.1%, 8=0.1%, 16=0.1%, 32=0.1%, >=64=100.0%
     submit    : 0=0.0%, 4=100.0%, 8=0.0%, 16=0.0%, 32=0.0%, 64=0.0%, >=64=0.0%
     complete  : 0=0.0%, 4=100.0%, 8=0.0%, 16=0.0%, 32=0.0%, 64=0.1%, >=64=0.0%
     issued rwt: total=0,262144,0, short=0,0,0, dropped=0,0,0
     latency   : target=0, window=0, percentile=100.00%, depth=64

Run status group 0 (all jobs):
  WRITE: bw=3417KiB/s (3499kB/s), 3417KiB/s-3417KiB/s (3499kB/s-3499kB/s), io=1024MiB (1074MB), run=306863-306863msec

Disk stats (read/write):
  sdi: ios=27/262135, merge=0/0, ticks=37/19637325, in_queue=19637456, util=100.00%
