test: (g=0): rw=randread, bs=(R) 64.0KiB-64.0KiB, (W) 64.0KiB-64.0KiB, (T) 64.0KiB-64.0KiB, ioengine=libaio, iodepth=64
fio-3.1
Starting 1 process

test: (groupid=0, jobs=1): err= 0: pid=26084: Fri Aug 17 19:02:33 2018
   read: IOPS=652, BW=40.8MiB/s (42.7MB/s)(1024MiB/25122msec)
    slat (usec): min=5, max=188, avg=16.69, stdev=10.05
    clat (usec): min=26, max=1264.3k, avg=98100.91, stdev=113633.90
     lat (usec): min=44, max=1264.4k, avg=98117.81, stdev=113633.84
    clat percentiles (usec):
     |  1.00th=[     41],  5.00th=[     44], 10.00th=[     46],
     | 20.00th=[     49], 30.00th=[     56], 40.00th=[  65274],
     | 50.00th=[  82314], 60.00th=[ 100140], 70.00th=[ 122160],
     | 80.00th=[ 162530], 90.00th=[ 246416], 95.00th=[ 312476],
     | 99.00th=[ 501220], 99.50th=[ 583009], 99.90th=[ 843056],
     | 99.95th=[ 876610], 99.99th=[1233126]
   bw (  KiB/s): min=14848, max=113152, per=99.68%, avg=41605.12, stdev=19506.03, samples=50
   iops        : min=  232, max= 1768, avg=650.08, stdev=304.78, samples=50
  lat (usec)   : 50=23.89%, 100=13.94%, 250=0.05%, 500=0.01%, 750=0.01%
  lat (usec)   : 1000=0.01%
  lat (msec)   : 2=0.10%, 50=0.15%, 100=21.91%, 250=30.35%, 500=8.58%
  lat (msec)   : 750=0.86%, 1000=0.12%, 2000=0.02%
  cpu          : usr=0.31%, sys=1.58%, ctx=16295, majf=0, minf=544
  IO depths    : 1=0.1%, 2=0.1%, 4=0.1%, 8=0.1%, 16=0.1%, 32=0.2%, >=64=99.6%
     submit    : 0=0.0%, 4=100.0%, 8=0.0%, 16=0.0%, 32=0.0%, 64=0.0%, >=64=0.0%
     complete  : 0=0.0%, 4=100.0%, 8=0.0%, 16=0.0%, 32=0.0%, 64=0.1%, >=64=0.0%
     issued rwt: total=16384,0,0, short=0,0,0, dropped=0,0,0
     latency   : target=0, window=0, percentile=100.00%, depth=64

Run status group 0 (all jobs):
   READ: bw=40.8MiB/s (42.7MB/s), 40.8MiB/s-40.8MiB/s (42.7MB/s-42.7MB/s), io=1024MiB (1074MB), run=25122-25122msec

Disk stats (read/write):
  sdi: ios=16087/0, merge=0/0, ticks=1612634/0, in_queue=1616364, util=100.00%
