test: (g=0): rw=randread, bs=(R) 64.0KiB-64.0KiB, (W) 64.0KiB-64.0KiB, (T) 64.0KiB-64.0KiB, ioengine=libaio, iodepth=64
fio-3.1
Starting 1 process

test: (groupid=0, jobs=1): err= 0: pid=38230: Sun Jul 15 07:46:38 2018
   read: IOPS=459, BW=28.7MiB/s (30.1MB/s)(1024MiB/35645msec)
    slat (usec): min=3, max=698, avg=22.90, stdev= 9.99
    clat (msec): min=4, max=1368, avg=139.20, stdev=105.57
     lat (msec): min=4, max=1368, avg=139.22, stdev=105.57
    clat percentiles (msec):
     |  1.00th=[   17],  5.00th=[   30], 10.00th=[   43], 20.00th=[   62],
     | 30.00th=[   79], 40.00th=[   95], 50.00th=[  112], 60.00th=[  133],
     | 70.00th=[  157], 80.00th=[  197], 90.00th=[  271], 95.00th=[  347],
     | 99.00th=[  531], 99.50th=[  625], 99.90th=[  793], 99.95th=[  844],
     | 99.99th=[ 1200]
   bw (  KiB/s): min=16256, max=47616, per=99.49%, avg=29267.48, stdev=4606.69, samples=71
   iops        : min=  254, max=  744, avg=457.27, stdev=71.99, samples=71
  lat (msec)   : 10=0.18%, 20=1.64%, 50=12.09%, 100=28.96%, 250=45.10%
  lat (msec)   : 500=10.78%, 750=1.09%, 1000=0.15%, 2000=0.02%
  cpu          : usr=0.57%, sys=1.88%, ctx=15693, majf=0, minf=544
  IO depths    : 1=0.1%, 2=0.1%, 4=0.1%, 8=0.1%, 16=0.1%, 32=0.2%, >=64=99.6%
     submit    : 0=0.0%, 4=100.0%, 8=0.0%, 16=0.0%, 32=0.0%, 64=0.0%, >=64=0.0%
     complete  : 0=0.0%, 4=100.0%, 8=0.0%, 16=0.0%, 32=0.0%, 64=0.1%, >=64=0.0%
     issued rwt: total=16384,0,0, short=0,0,0, dropped=0,0,0
     latency   : target=0, window=0, percentile=100.00%, depth=64

Run status group 0 (all jobs):
   READ: bw=28.7MiB/s (30.1MB/s), 28.7MiB/s-28.7MiB/s (30.1MB/s-30.1MB/s), io=1024MiB (1074MB), run=35645-35645msec

Disk stats (read/write):
  sdk: ios=15695/1, merge=685/0, ticks=2200997/1227, in_queue=2202616, util=99.80%
