test: (g=0): rw=write, bs=(R) 512KiB-512KiB, (W) 512KiB-512KiB, (T) 512KiB-512KiB, ioengine=libaio, iodepth=64
fio-3.1
Starting 1 process

test: (groupid=0, jobs=1): err= 0: pid=32263: Thu Jul 12 15:19:38 2018
  write: IOPS=407, BW=204MiB/s (214MB/s)(1024MiB/5029msec)
    slat (usec): min=43, max=199, avg=125.95, stdev=35.36
    clat (msec): min=7, max=296, avg=156.87, stdev=21.49
     lat (msec): min=7, max=297, avg=157.00, stdev=21.49
    clat percentiles (msec):
     |  1.00th=[   84],  5.00th=[  150], 10.00th=[  150], 20.00th=[  150],
     | 30.00th=[  150], 40.00th=[  150], 50.00th=[  153], 60.00th=[  157],
     | 70.00th=[  157], 80.00th=[  157], 90.00th=[  171], 95.00th=[  194],
     | 99.00th=[  251], 99.50th=[  275], 99.90th=[  292], 99.95th=[  296],
     | 99.99th=[  296]
   bw (  KiB/s): min=164864, max=217088, per=97.53%, avg=203345.80, stdev=16185.79, samples=10
   iops        : min=  322, max=  424, avg=397.00, stdev=31.60, samples=10
  lat (msec)   : 10=0.10%, 20=0.29%, 100=0.93%, 250=97.66%, 500=1.03%
  cpu          : usr=1.95%, sys=4.18%, ctx=2048, majf=0, minf=28
  IO depths    : 1=0.1%, 2=0.1%, 4=0.2%, 8=0.4%, 16=0.8%, 32=1.6%, >=64=96.9%
     submit    : 0=0.0%, 4=100.0%, 8=0.0%, 16=0.0%, 32=0.0%, 64=0.0%, >=64=0.0%
     complete  : 0=0.0%, 4=99.9%, 8=0.0%, 16=0.0%, 32=0.0%, 64=0.1%, >=64=0.0%
     issued rwt: total=0,2048,0, short=0,0,0, dropped=0,0,0
     latency   : target=0, window=0, percentile=100.00%, depth=64

Run status group 0 (all jobs):
  WRITE: bw=204MiB/s (214MB/s), 204MiB/s-204MiB/s (214MB/s-214MB/s), io=1024MiB (1074MB), run=5029-5029msec

Disk stats (read/write):
  sdg: ios=7/3967, merge=0/0, ticks=4347/611451, in_queue=625842, util=97.84%
