test: (g=0): rw=randwrite, bs=(R) 16.0KiB-16.0KiB, (W) 16.0KiB-16.0KiB, (T) 16.0KiB-16.0KiB, ioengine=libaio, iodepth=64
fio-3.1
Starting 1 process

test: (groupid=0, jobs=1): err= 0: pid=156438: Mon Aug  6 11:45:14 2018
  write: IOPS=389, BW=6228KiB/s (6377kB/s)(10.0GiB/1683669msec)
    slat (usec): min=3, max=165, avg=19.57, stdev= 9.87
    clat (usec): min=795, max=13013k, avg=164395.07, stdev=524701.86
     lat (usec): min=809, max=13013k, avg=164414.97, stdev=524701.91
    clat percentiles (usec):
     |  1.00th=[    1090],  5.00th=[    1221], 10.00th=[    1303],
     | 20.00th=[    1385], 30.00th=[    1467], 40.00th=[    1532],
     | 50.00th=[    1614], 60.00th=[    1762], 70.00th=[   43779],
     | 80.00th=[  147850], 90.00th=[  438305], 95.00th=[  918553],
     | 99.00th=[ 2264925], 99.50th=[ 3170894], 99.90th=[ 6543115],
     | 99.95th=[ 7885292], 99.99th=[10804528]
   bw (  KiB/s): min=   32, max=24768, per=100.00%, avg=6296.71, stdev=2403.74, samples=3332
   iops        : min=    2, max= 1548, avg=393.51, stdev=150.23, samples=3332
  lat (usec)   : 1000=0.17%
  lat (msec)   : 2=63.84%, 4=1.19%, 10=0.48%, 20=1.03%, 50=4.17%
  lat (msec)   : 100=5.36%, 250=8.78%, 500=5.98%, 750=2.78%, 1000=1.71%
  lat (msec)   : 2000=3.20%, >=2000=1.31%
  cpu          : usr=0.35%, sys=1.11%, ctx=616984, majf=0, minf=27
  IO depths    : 1=0.1%, 2=0.1%, 4=0.1%, 8=0.1%, 16=0.1%, 32=0.1%, >=64=100.0%
     submit    : 0=0.0%, 4=100.0%, 8=0.0%, 16=0.0%, 32=0.0%, 64=0.0%, >=64=0.0%
     complete  : 0=0.0%, 4=100.0%, 8=0.0%, 16=0.0%, 32=0.0%, 64=0.1%, >=64=0.0%
     issued rwt: total=0,655360,0, short=0,0,0, dropped=0,0,0
     latency   : target=0, window=0, percentile=100.00%, depth=64

Run status group 0 (all jobs):
  WRITE: bw=6228KiB/s (6377kB/s), 6228KiB/s-6228KiB/s (6377kB/s-6377kB/s), io=10.0GiB (10.7GB), run=1683669-1683669msec

Disk stats (read/write):
  rbd0: ios=0/655463, merge=0/2562, ticks=0/107690402, in_queue=107763172, util=100.00%
