rbd_image0: (g=0): rw=randwrite, bs=(R) 8192B-8192B, (W) 8192B-8192B, (T) 8192B-8192B, ioengine=rbd, iodepth=64
fio-3.1
Starting 1 process

rbd_image0: (groupid=0, jobs=1): err= 0: pid=124814: Fri Aug  3 17:30:36 2018
  write: IOPS=1785, BW=13.9MiB/s (14.6MB/s)(10.0GiB/734151msec)
    slat (nsec): min=1812, max=234871, avg=4999.02, stdev=5876.31
    clat (usec): min=1059, max=12718k, avg=35646.66, stdev=365657.63
     lat (usec): min=1063, max=12718k, avg=35651.66, stdev=365657.63
    clat percentiles (msec):
     |  1.00th=[    3],  5.00th=[    4], 10.00th=[    4], 20.00th=[    4],
     | 30.00th=[    5], 40.00th=[    5], 50.00th=[    5], 60.00th=[    5],
     | 70.00th=[    5], 80.00th=[    5], 90.00th=[    5], 95.00th=[    6],
     | 99.00th=[  667], 99.50th=[ 1636], 99.90th=[ 6141], 99.95th=[ 7819],
     | 99.99th=[ 9731]
   bw (  KiB/s): min=  649, max=116624, per=100.00%, avg=38194.34, stdev=31436.70, samples=549
   iops        : min=   81, max=14578, avg=4774.22, stdev=3929.58, samples=549
  lat (msec)   : 2=0.62%, 4=19.57%, 10=77.11%, 20=0.12%, 50=0.20%
  lat (msec)   : 100=0.24%, 250=0.43%, 500=0.50%, 750=0.28%, 1000=0.20%
  lat (msec)   : 2000=0.28%, >=2000=0.44%
  cpu          : usr=1.08%, sys=0.08%, ctx=49312, majf=0, minf=8559
  IO depths    : 1=0.7%, 2=2.3%, 4=5.6%, 8=11.7%, 16=24.5%, 32=52.7%, >=64=2.4%
     submit    : 0=0.0%, 4=100.0%, 8=0.0%, 16=0.0%, 32=0.0%, 64=0.0%, >=64=0.0%
     complete  : 0=0.0%, 4=98.3%, 8=0.1%, 16=0.1%, 32=0.1%, 64=1.5%, >=64=0.0%
     issued rwt: total=0,1310720,0, short=0,0,0, dropped=0,0,0
     latency   : target=0, window=0, percentile=100.00%, depth=64

Run status group 0 (all jobs):
  WRITE: bw=13.9MiB/s (14.6MB/s), 13.9MiB/s-13.9MiB/s (14.6MB/s-14.6MB/s), io=10.0GiB (10.7GB), run=734151-734151msec

Disk stats (read/write):
    dm-0: ios=0/2347, merge=0/0, ticks=0/22654, in_queue=22655, util=1.48%, aggrios=0/2329, aggrmerge=0/20, aggrticks=0/22586, aggrin_queue=22584, aggrutil=1.48%
  sdc: ios=0/2329, merge=0/20, ticks=0/22586, in_queue=22584, util=1.48%
