rbd_image0: (g=0): rw=write, bs=(R) 128MiB-128MiB, (W) 128MiB-128MiB, (T) 128MiB-128MiB, ioengine=rbd, iodepth=64
fio-3.1
Starting 1 process

rbd_image0: (groupid=0, jobs=1): err= 0: pid=124345: Fri Aug  3 16:56:07 2018
  write: IOPS=3, BW=458MiB/s (480MB/s)(10.0GiB/22355msec)
    slat (msec): min=97, max=151, avg=131.44, stdev= 7.58
    clat (msec): min=4885, max=18679, avg=12325.62, stdev=4471.20
     lat (msec): min=5015, max=18809, avg=12457.06, stdev=4471.55
    clat percentiles (msec):
     |  1.00th=[ 4866],  5.00th=[ 5269], 10.00th=[ 5805], 20.00th=[ 6879],
     | 30.00th=[ 7953], 40.00th=[12416], 50.00th=[13355], 60.00th=[14429],
     | 70.00th=[15637], 80.00th=[16576], 90.00th=[17113], 95.00th=[17113],
     | 99.00th=[17113], 99.50th=[17113], 99.90th=[17113], 99.95th=[17113],
     | 99.99th=[17113]
   bw (  MiB/s): min= 6925, max= 6925, per=100.00%, avg=6925.85, stdev= 0.00, samples=1
   iops        : min=   54, max=   54, avg=54.00, stdev= 0.00, samples=1
  lat (msec)   : >=2000=100.00%
  cpu          : usr=17.48%, sys=28.08%, ctx=389, majf=0, minf=2621546
  IO depths    : 1=1.2%, 2=2.5%, 4=5.0%, 8=10.0%, 16=20.0%, 32=60.0%, >=64=1.2%
     submit    : 0=0.0%, 4=100.0%, 8=0.0%, 16=0.0%, 32=0.0%, 64=0.0%, >=64=0.0%
     complete  : 0=0.0%, 4=97.6%, 8=0.0%, 16=0.0%, 32=1.2%, 64=1.2%, >=64=0.0%
     issued rwt: total=0,80,0, short=0,0,0, dropped=0,0,0
     latency   : target=0, window=0, percentile=100.00%, depth=64

Run status group 0 (all jobs):
  WRITE: bw=458MiB/s (480MB/s), 458MiB/s-458MiB/s (480MB/s-480MB/s), io=10.0GiB (10.7GB), run=22355-22355msec

Disk stats (read/write):
    dm-0: ios=0/101, merge=0/0, ticks=0/575, in_queue=575, util=0.97%, aggrios=0/101, aggrmerge=0/3, aggrticks=0/571, aggrin_queue=570, aggrutil=0.94%
  sdc: ios=0/101, merge=0/3, ticks=0/571, in_queue=570, util=0.94%
