test: (g=0): rw=read, bs=(R) 1024KiB-1024KiB, (W) 1024KiB-1024KiB, (T) 1024KiB-1024KiB, ioengine=libaio, iodepth=64
fio-3.1
Starting 1 process

test: (groupid=0, jobs=1): err= 0: pid=13603: Mon Jul 23 19:01:15 2018
   read: IOPS=202, BW=202MiB/s (212MB/s)(1024MiB/5064msec)
    slat (usec): min=41, max=44973, avg=4755.23, stdev=12563.37
    clat (msec): min=125, max=476, avg=309.30, stdev=35.59
     lat (msec): min=125, max=520, avg=314.05, stdev=34.16
    clat percentiles (msec):
     |  1.00th=[  190],  5.00th=[  259], 10.00th=[  279], 20.00th=[  296],
     | 30.00th=[  300], 40.00th=[  309], 50.00th=[  321], 60.00th=[  321],
     | 70.00th=[  321], 80.00th=[  326], 90.00th=[  330], 95.00th=[  330],
     | 99.00th=[  435], 99.50th=[  477], 99.90th=[  477], 99.95th=[  477],
     | 99.99th=[  477]
   bw (  KiB/s): min=161792, max=212992, per=95.05%, avg=196812.80, stdev=18581.83, samples=10
   iops        : min=  158, max=  208, avg=192.20, stdev=18.15, samples=10
  lat (msec)   : 250=4.00%, 500=96.00%
  cpu          : usr=0.00%, sys=2.49%, ctx=161, majf=0, minf=575
  IO depths    : 1=0.1%, 2=0.2%, 4=0.4%, 8=0.8%, 16=1.6%, 32=3.1%, >=64=93.8%
     submit    : 0=0.0%, 4=100.0%, 8=0.0%, 16=0.0%, 32=0.0%, 64=0.0%, >=64=0.0%
     complete  : 0=0.0%, 4=99.9%, 8=0.0%, 16=0.0%, 32=0.0%, 64=0.1%, >=64=0.0%
     issued rwt: total=1024,0,0, short=0,0,0, dropped=0,0,0
     latency   : target=0, window=0, percentile=100.00%, depth=64

Run status group 0 (all jobs):
   READ: bw=202MiB/s (212MB/s), 202MiB/s-202MiB/s (212MB/s-212MB/s), io=1024MiB (1074MB), run=5064-5064msec

Disk stats (read/write):
  sdg: ios=3963/0, merge=0/0, ticks=686295/0, in_queue=699360, util=98.04%
