test: (g=0): rw=randwrite, bs=(R) 64.0KiB-64.0KiB, (W) 64.0KiB-64.0KiB, (T) 64.0KiB-64.0KiB, ioengine=libaio, iodepth=64
fio-3.1
Starting 1 process

test: (groupid=0, jobs=1): err= 0: pid=38683: Fri Jul 13 13:02:16 2018
  write: IOPS=7474, BW=467MiB/s (490MB/s)(1024MiB/2192msec)
    slat (nsec): min=3293, max=81822, avg=9490.78, stdev=5307.96
    clat (usec): min=551, max=36253, avg=8547.58, stdev=2892.64
     lat (usec): min=558, max=36273, avg=8557.17, stdev=2892.56
    clat percentiles (usec):
     |  1.00th=[ 4621],  5.00th=[ 5014], 10.00th=[ 5407], 20.00th=[ 6128],
     | 30.00th=[ 6849], 40.00th=[ 7570], 50.00th=[ 8225], 60.00th=[ 8979],
     | 70.00th=[ 9634], 80.00th=[10421], 90.00th=[11469], 95.00th=[12780],
     | 99.00th=[19268], 99.50th=[22676], 99.90th=[29492], 99.95th=[32113],
     | 99.99th=[35914]
   bw (  KiB/s): min=472576, max=482816, per=99.73%, avg=477088.00, stdev=4749.67, samples=4
   iops        : min= 7384, max= 7544, avg=7454.50, stdev=74.21, samples=4
  lat (usec)   : 750=0.03%, 1000=0.01%
  lat (msec)   : 2=0.05%, 4=0.10%, 10=74.49%, 20=24.48%, 50=0.85%
  cpu          : usr=4.47%, sys=12.14%, ctx=15705, majf=0, minf=28
  IO depths    : 1=0.1%, 2=0.1%, 4=0.1%, 8=0.1%, 16=0.1%, 32=0.2%, >=64=99.6%
     submit    : 0=0.0%, 4=100.0%, 8=0.0%, 16=0.0%, 32=0.0%, 64=0.0%, >=64=0.0%
     complete  : 0=0.0%, 4=100.0%, 8=0.0%, 16=0.0%, 32=0.0%, 64=0.1%, >=64=0.0%
     issued rwt: total=0,16384,0, short=0,0,0, dropped=0,0,0
     latency   : target=0, window=0, percentile=100.00%, depth=64

Run status group 0 (all jobs):
  WRITE: bw=467MiB/s (490MB/s), 467MiB/s-467MiB/s (490MB/s-490MB/s), io=1024MiB (1074MB), run=2192-2192msec

Disk stats (read/write):
  sda: ios=40/15468, merge=0/584, ticks=13/132231, in_queue=132463, util=95.77%
