test: (g=0): rw=write, bs=(R) 64.0KiB-64.0KiB, (W) 64.0KiB-64.0KiB, (T) 64.0KiB-64.0KiB, ioengine=libaio, iodepth=64
fio-3.1
Starting 1 process

test: (groupid=0, jobs=1): err= 0: pid=38229: Fri Jul 13 13:01:46 2018
  write: IOPS=7599, BW=475MiB/s (498MB/s)(1024MiB/2156msec)
    slat (nsec): min=3144, max=66157, avg=11272.23, stdev=6467.04
    clat (usec): min=567, max=16026, avg=8404.15, stdev=947.81
     lat (usec): min=575, max=16030, avg=8415.57, stdev=947.70
    clat percentiles (usec):
     |  1.00th=[ 7963],  5.00th=[ 8029], 10.00th=[ 8029], 20.00th=[ 8094],
     | 30.00th=[ 8094], 40.00th=[ 8160], 50.00th=[ 8160], 60.00th=[ 8291],
     | 70.00th=[ 8455], 80.00th=[ 8586], 90.00th=[ 8848], 95.00th=[ 9110],
     | 99.00th=[13435], 99.50th=[15533], 99.90th=[15795], 99.95th=[15926],
     | 99.99th=[16057]
   bw (  KiB/s): min=481536, max=493440, per=100.00%, avg=488800.00, stdev=5502.88, samples=4
   iops        : min= 7524, max= 7710, avg=7637.50, stdev=85.98, samples=4
  lat (usec)   : 750=0.02%, 1000=0.01%
  lat (msec)   : 2=0.05%, 4=0.10%, 10=97.58%, 20=2.23%
  cpu          : usr=4.87%, sys=11.93%, ctx=8639, majf=0, minf=29
  IO depths    : 1=0.1%, 2=0.1%, 4=0.1%, 8=0.1%, 16=0.1%, 32=0.2%, >=64=99.6%
     submit    : 0=0.0%, 4=100.0%, 8=0.0%, 16=0.0%, 32=0.0%, 64=0.0%, >=64=0.0%
     complete  : 0=0.0%, 4=100.0%, 8=0.0%, 16=0.0%, 32=0.0%, 64=0.1%, >=64=0.0%
     issued rwt: total=0,16384,0, short=0,0,0, dropped=0,0,0
     latency   : target=0, window=0, percentile=100.00%, depth=64

Run status group 0 (all jobs):
  WRITE: bw=475MiB/s (498MB/s), 475MiB/s-475MiB/s (498MB/s-498MB/s), io=1024MiB (1074MB), run=2156-2156msec

Disk stats (read/write):
  sda: ios=40/8674, merge=0/7659, ticks=5/72554, in_queue=72703, util=95.73%
