test: (g=0): rw=randwrite, bs=(R) 64.0KiB-64.0KiB, (W) 64.0KiB-64.0KiB, (T) 64.0KiB-64.0KiB, ioengine=libaio, iodepth=64
fio-3.1
Starting 1 process

test: (groupid=0, jobs=1): err= 0: pid=13135: Mon Jul 23 17:28:02 2018
  write: IOPS=7111, BW=444MiB/s (466MB/s)(1024MiB/2304msec)
    slat (nsec): min=5796, max=50250, avg=12122.70, stdev=5402.50
    clat (usec): min=634, max=17076, avg=8981.21, stdev=787.31
     lat (usec): min=646, max=17084, avg=8993.42, stdev=787.35
    clat percentiles (usec):
     |  1.00th=[ 8356],  5.00th=[ 8455], 10.00th=[ 8586], 20.00th=[ 8717],
     | 30.00th=[ 8717], 40.00th=[ 8848], 50.00th=[ 8848], 60.00th=[ 8979],
     | 70.00th=[ 8979], 80.00th=[ 9110], 90.00th=[ 9241], 95.00th=[ 9765],
     | 99.00th=[12125], 99.50th=[14484], 99.90th=[15926], 99.95th=[16057],
     | 99.99th=[16909]
   bw (  KiB/s): min=440079, max=463104, per=99.70%, avg=453731.75, stdev=9952.70, samples=4
   iops        : min= 6876, max= 7236, avg=7089.50, stdev=155.62, samples=4
  lat (usec)   : 750=0.03%, 1000=0.01%
  lat (msec)   : 2=0.05%, 4=0.10%, 10=96.76%, 20=3.05%
  cpu          : usr=3.43%, sys=11.59%, ctx=16363, majf=0, minf=28
  IO depths    : 1=0.1%, 2=0.1%, 4=0.1%, 8=0.1%, 16=0.1%, 32=0.2%, >=64=99.6%
     submit    : 0=0.0%, 4=100.0%, 8=0.0%, 16=0.0%, 32=0.0%, 64=0.0%, >=64=0.0%
     complete  : 0=0.0%, 4=100.0%, 8=0.0%, 16=0.0%, 32=0.0%, 64=0.1%, >=64=0.0%
     issued rwt: total=0,16384,0, short=0,0,0, dropped=0,0,0
     latency   : target=0, window=0, percentile=100.00%, depth=64

Run status group 0 (all jobs):
  WRITE: bw=444MiB/s (466MB/s), 444MiB/s-444MiB/s (466MB/s-466MB/s), io=1024MiB (1074MB), run=2304-2304msec

Disk stats (read/write):
  sda: ios=42/15250, merge=0/0, ticks=16/136849, in_queue=137112, util=95.73%
