test: (g=0): rw=read, bs=(R) 1024KiB-1024KiB, (W) 1024KiB-1024KiB, (T) 1024KiB-1024KiB, ioengine=libaio, iodepth=64
fio-3.1
Starting 1 process

test: (groupid=0, jobs=1): err= 0: pid=5577: Tue Jul 24 16:13:31 2018
   read: IOPS=199, BW=199MiB/s (209MB/s)(1024MiB/5134msec)
    slat (usec): min=46, max=47198, avg=4837.81, stdev=12791.36
    clat (msec): min=138, max=484, avg=313.51, stdev=33.23
     lat (msec): min=138, max=484, avg=318.35, stdev=31.46
    clat percentiles (msec):
     |  1.00th=[  176],  5.00th=[  271], 10.00th=[  279], 20.00th=[  305],
     | 30.00th=[  309], 40.00th=[  317], 50.00th=[  317], 60.00th=[  326],
     | 70.00th=[  334], 80.00th=[  334], 90.00th=[  334], 95.00th=[  334],
     | 99.00th=[  409], 99.50th=[  447], 99.90th=[  447], 99.95th=[  485],
     | 99.99th=[  485]
   bw (  KiB/s): min=153600, max=212992, per=96.36%, avg=196812.80, stdev=17228.38, samples=10
   iops        : min=  150, max=  208, avg=192.20, stdev=16.82, samples=10
  lat (msec)   : 250=4.00%, 500=96.00%
  cpu          : usr=0.00%, sys=2.42%, ctx=162, majf=0, minf=575
  IO depths    : 1=0.1%, 2=0.2%, 4=0.4%, 8=0.8%, 16=1.6%, 32=3.1%, >=64=93.8%
     submit    : 0=0.0%, 4=100.0%, 8=0.0%, 16=0.0%, 32=0.0%, 64=0.0%, >=64=0.0%
     complete  : 0=0.0%, 4=99.9%, 8=0.0%, 16=0.0%, 32=0.0%, 64=0.1%, >=64=0.0%
     issued rwt: total=1024,0,0, short=0,0,0, dropped=0,0,0
     latency   : target=0, window=0, percentile=100.00%, depth=64

Run status group 0 (all jobs):
   READ: bw=199MiB/s (209MB/s), 199MiB/s-199MiB/s (209MB/s-209MB/s), io=1024MiB (1074MB), run=5134-5134msec

Disk stats (read/write):
  sdf: ios=3898/0, merge=0/0, ticks=687254/0, in_queue=699560, util=98.06%
