test: (g=0): rw=randread, bs=(R) 4096B-4096B, (W) 4096B-4096B, (T) 4096B-4096B, ioengine=libaio, iodepth=64
fio-3.1
Starting 1 process

test: (groupid=0, jobs=1): err= 0: pid=1738: Sun Jul 15 08:59:38 2018
   read: IOPS=485, BW=1943KiB/s (1990kB/s)(1024MiB/539556msec)
    slat (nsec): min=1466, max=283085, avg=15080.11, stdev=6217.89
    clat (usec): min=641, max=1790.8k, avg=131706.94, stdev=100622.65
     lat (usec): min=643, max=1790.8k, avg=131722.46, stdev=100622.87
    clat percentiles (msec):
     |  1.00th=[   13],  5.00th=[   27], 10.00th=[   39], 20.00th=[   58],
     | 30.00th=[   75], 40.00th=[   91], 50.00th=[  108], 60.00th=[  126],
     | 70.00th=[  148], 80.00th=[  184], 90.00th=[  255], 95.00th=[  330],
     | 99.00th=[  506], 99.50th=[  584], 99.90th=[  785], 99.95th=[  869],
     | 99.99th=[ 1045]
   bw (  KiB/s): min=  776, max= 7896, per=99.99%, avg=1942.75, stdev=409.53, samples=1079
   iops        : min=  194, max= 1974, avg=485.67, stdev=102.38, samples=1079
  lat (usec)   : 750=0.01%, 1000=0.01%
  lat (msec)   : 2=0.01%, 4=0.05%, 10=0.48%, 20=2.18%, 50=13.14%
  lat (msec)   : 100=29.59%, 250=44.15%, 500=9.31%, 750=0.94%, 1000=0.11%
  lat (msec)   : 2000=0.02%
  cpu          : usr=0.64%, sys=1.53%, ctx=258200, majf=0, minf=95
  IO depths    : 1=0.1%, 2=0.1%, 4=0.1%, 8=0.1%, 16=0.1%, 32=0.1%, >=64=100.0%
     submit    : 0=0.0%, 4=100.0%, 8=0.0%, 16=0.0%, 32=0.0%, 64=0.0%, >=64=0.0%
     complete  : 0=0.0%, 4=100.0%, 8=0.0%, 16=0.0%, 32=0.0%, 64=0.1%, >=64=0.0%
     issued rwt: total=262144,0,0, short=0,0,0, dropped=0,0,0
     latency   : target=0, window=0, percentile=100.00%, depth=64

Run status group 0 (all jobs):
   READ: bw=1943KiB/s (1990kB/s), 1943KiB/s-1943KiB/s (1990kB/s-1990kB/s), io=1024MiB (1074MB), run=539556-539556msec

Disk stats (read/write):
  sdm: ios=259074/6, merge=2597/0, ticks=34317863/3622, in_queue=34323849, util=100.00%
