test: (g=0): rw=read, bs=(R) 1024KiB-1024KiB, (W) 1024KiB-1024KiB, (T) 1024KiB-1024KiB, ioengine=libaio, iodepth=64
fio-3.1
Starting 1 process

test: (groupid=0, jobs=1): err= 0: pid=589: Sun Jul 15 08:30:27 2018
   read: IOPS=201, BW=201MiB/s (211MB/s)(1024MiB/5091msec)
    slat (usec): min=33, max=47182, avg=4799.45, stdev=12703.30
    clat (msec): min=142, max=486, avg=311.09, stdev=32.57
     lat (msec): min=142, max=486, avg=315.89, stdev=30.70
    clat percentiles (msec):
     |  1.00th=[  182],  5.00th=[  275], 10.00th=[  275], 20.00th=[  313],
     | 30.00th=[  313], 40.00th=[  313], 50.00th=[  313], 60.00th=[  313],
     | 70.00th=[  317], 80.00th=[  321], 90.00th=[  338], 95.00th=[  347],
     | 99.00th=[  409], 99.50th=[  447], 99.90th=[  485], 99.95th=[  489],
     | 99.99th=[  489]
   bw (  KiB/s): min=139543, max=213418, per=95.59%, avg=196883.30, stdev=23850.19, samples=10
   iops        : min=  136, max=  208, avg=192.20, stdev=23.33, samples=10
  lat (msec)   : 250=3.22%, 500=96.78%
  cpu          : usr=0.08%, sys=2.26%, ctx=160, majf=0, minf=575
  IO depths    : 1=0.1%, 2=0.2%, 4=0.4%, 8=0.8%, 16=1.6%, 32=3.1%, >=64=93.8%
     submit    : 0=0.0%, 4=100.0%, 8=0.0%, 16=0.0%, 32=0.0%, 64=0.0%, >=64=0.0%
     complete  : 0=0.0%, 4=99.9%, 8=0.0%, 16=0.0%, 32=0.0%, 64=0.1%, >=64=0.0%
     issued rwt: total=1024,0,0, short=0,0,0, dropped=0,0,0
     latency   : target=0, window=0, percentile=100.00%, depth=64

Run status group 0 (all jobs):
   READ: bw=201MiB/s (211MB/s), 201MiB/s-201MiB/s (211MB/s-211MB/s), io=1024MiB (1074MB), run=5091-5091msec

Disk stats (read/write):
  sdm: ios=3928/0, merge=0/4, ticks=685203/0, in_queue=700360, util=98.03%
