test: (g=0): rw=randread, bs=(R) 8192B-8192B, (W) 8192B-8192B, (T) 8192B-8192B, ioengine=libaio, iodepth=64
fio-3.1
Starting 1 process

test: (groupid=0, jobs=1): err= 0: pid=2769: Sun Jul 15 09:14:21 2018
   read: IOPS=482, BW=3863KiB/s (3956kB/s)(1024MiB/271422msec)
    slat (nsec): min=1618, max=183769, avg=14872.04, stdev=6391.38
    clat (usec): min=1364, max=1953.8k, avg=132509.56, stdev=101497.99
     lat (usec): min=1368, max=1953.8k, avg=132524.84, stdev=101498.19
    clat percentiles (msec):
     |  1.00th=[   14],  5.00th=[   28], 10.00th=[   39], 20.00th=[   58],
     | 30.00th=[   75], 40.00th=[   92], 50.00th=[  109], 60.00th=[  127],
     | 70.00th=[  150], 80.00th=[  186], 90.00th=[  255], 95.00th=[  330],
     | 99.00th=[  510], 99.50th=[  592], 99.90th=[  810], 99.95th=[  936],
     | 99.99th=[ 1083]
   bw (  KiB/s): min= 1712, max= 9088, per=99.71%, avg=3851.64, stdev=685.51, samples=542
   iops        : min=  214, max= 1136, avg=481.45, stdev=85.69, samples=542
  lat (msec)   : 2=0.01%, 4=0.05%, 10=0.37%, 20=2.11%, 50=13.34%
  lat (msec)   : 100=29.13%, 250=44.58%, 500=9.36%, 750=0.91%, 1000=0.12%
  lat (msec)   : 2000=0.03%
  cpu          : usr=0.58%, sys=1.51%, ctx=128270, majf=0, minf=159
  IO depths    : 1=0.1%, 2=0.1%, 4=0.1%, 8=0.1%, 16=0.1%, 32=0.1%, >=64=100.0%
     submit    : 0=0.0%, 4=100.0%, 8=0.0%, 16=0.0%, 32=0.0%, 64=0.0%, >=64=0.0%
     complete  : 0=0.0%, 4=100.0%, 8=0.0%, 16=0.0%, 32=0.0%, 64=0.1%, >=64=0.0%
     issued rwt: total=131072,0,0, short=0,0,0, dropped=0,0,0
     latency   : target=0, window=0, percentile=100.00%, depth=64

Run status group 0 (all jobs):
   READ: bw=3863KiB/s (3956kB/s), 3863KiB/s-3863KiB/s (3956kB/s-3956kB/s), io=1024MiB (1074MB), run=271422-271422msec

Disk stats (read/write):
  sdm: ios=128964/6, merge=2067/0, ticks=17203659/3835, in_queue=17210545, util=100.00%
