test: (g=0): rw=randread, bs=(R) 64.0KiB-64.0KiB, (W) 64.0KiB-64.0KiB, (T) 64.0KiB-64.0KiB, ioengine=libaio, iodepth=64
fio-3.1
Starting 1 process

test: (groupid=0, jobs=1): err= 0: pid=40695: Wed Jul 11 17:33:52 2018
   read: IOPS=466, BW=29.1MiB/s (30.6MB/s)(1024MiB/35131msec)
    slat (usec): min=3, max=675, avg=22.87, stdev= 9.52
    clat (msec): min=4, max=1242, avg=137.19, stdev=102.85
     lat (msec): min=4, max=1242, avg=137.21, stdev=102.85
    clat percentiles (msec):
     |  1.00th=[   17],  5.00th=[   31], 10.00th=[   43], 20.00th=[   62],
     | 30.00th=[   79], 40.00th=[   95], 50.00th=[  112], 60.00th=[  130],
     | 70.00th=[  155], 80.00th=[  194], 90.00th=[  264], 95.00th=[  338],
     | 99.00th=[  527], 99.50th=[  600], 99.90th=[  768], 99.95th=[  844],
     | 99.99th=[ 1116]
   bw (  KiB/s): min=22912, max=47360, per=99.65%, avg=29743.66, stdev=4104.74, samples=70
   iops        : min=  358, max=  740, avg=464.73, stdev=64.13, samples=70
  lat (msec)   : 10=0.14%, 20=1.56%, 50=12.13%, 100=29.22%, 250=45.50%
  lat (msec)   : 500=10.22%, 750=1.12%, 1000=0.09%, 2000=0.02%
  cpu          : usr=0.60%, sys=1.91%, ctx=15682, majf=0, minf=544
  IO depths    : 1=0.1%, 2=0.1%, 4=0.1%, 8=0.1%, 16=0.1%, 32=0.2%, >=64=99.6%
     submit    : 0=0.0%, 4=100.0%, 8=0.0%, 16=0.0%, 32=0.0%, 64=0.0%, >=64=0.0%
     complete  : 0=0.0%, 4=100.0%, 8=0.0%, 16=0.0%, 32=0.0%, 64=0.1%, >=64=0.0%
     issued rwt: total=16384,0,0, short=0,0,0, dropped=0,0,0
     latency   : target=0, window=0, percentile=100.00%, depth=64

Run status group 0 (all jobs):
   READ: bw=29.1MiB/s (30.6MB/s), 29.1MiB/s-29.1MiB/s (30.6MB/s-30.6MB/s), io=1024MiB (1074MB), run=35131-35131msec

Disk stats (read/write):
  sdf: ios=15627/0, merge=672/0, ticks=2160908/0, in_queue=2163983, util=100.00%
