test: (g=0): rw=read, bs=(R) 512KiB-512KiB, (W) 512KiB-512KiB, (T) 512KiB-512KiB, ioengine=libaio, iodepth=64
fio-3.1
Starting 1 process

test: (groupid=0, jobs=1): err= 0: pid=34778: Thu Jul 12 17:24:05 2018
   read: IOPS=407, BW=204MiB/s (213MB/s)(1024MiB/5030msec)
    slat (usec): min=20, max=566, avg=92.04, stdev=42.29
    clat (msec): min=8, max=307, avg=156.85, stdev=22.08
     lat (msec): min=8, max=307, avg=156.94, stdev=22.08
    clat percentiles (msec):
     |  1.00th=[   51],  5.00th=[  157], 10.00th=[  157], 20.00th=[  157],
     | 30.00th=[  157], 40.00th=[  157], 50.00th=[  157], 60.00th=[  157],
     | 70.00th=[  159], 80.00th=[  159], 90.00th=[  159], 95.00th=[  161],
     | 99.00th=[  259], 99.50th=[  284], 99.90th=[  305], 99.95th=[  305],
     | 99.99th=[  309]
   bw (  KiB/s): min=157696, max=209920, per=97.53%, avg=203305.40, stdev=16066.17, samples=10
   iops        : min=  308, max=  410, avg=397.00, stdev=31.36, samples=10
  lat (msec)   : 10=0.15%, 20=0.20%, 50=0.63%, 100=1.07%, 250=96.78%
  lat (msec)   : 500=1.17%
  cpu          : usr=0.40%, sys=4.37%, ctx=2046, majf=0, minf=559
  IO depths    : 1=0.1%, 2=0.1%, 4=0.2%, 8=0.4%, 16=0.8%, 32=1.6%, >=64=96.9%
     submit    : 0=0.0%, 4=100.0%, 8=0.0%, 16=0.0%, 32=0.0%, 64=0.0%, >=64=0.0%
     complete  : 0=0.0%, 4=99.9%, 8=0.0%, 16=0.0%, 32=0.0%, 64=0.1%, >=64=0.0%
     issued rwt: total=2048,0,0, short=0,0,0, dropped=0,0,0
     latency   : target=0, window=0, percentile=100.00%, depth=64

Run status group 0 (all jobs):
   READ: bw=204MiB/s (213MB/s), 204MiB/s-204MiB/s (213MB/s-213MB/s), io=1024MiB (1074MB), run=5030-5030msec

Disk stats (read/write):
  sdk: ios=3982/0, merge=0/0, ticks=612725/0, in_queue=622511, util=98.06%
