test: (g=0): rw=randread, bs=(R) 8192B-8192B, (W) 8192B-8192B, (T) 8192B-8192B, ioengine=libaio, iodepth=64
fio-3.1
Starting 1 process

test: (groupid=0, jobs=1): err= 0: pid=30817: Thu Jul 12 14:17:33 2018
   read: IOPS=514, BW=4116KiB/s (4215kB/s)(1024MiB/254736msec)
    slat (nsec): min=1644, max=51936, avg=14927.82, stdev=5212.24
    clat (usec): min=1889, max=1128.4k, avg=124360.99, stdev=92447.12
     lat (usec): min=1895, max=1128.4k, avg=124376.41, stdev=92447.31
    clat percentiles (msec):
     |  1.00th=[   14],  5.00th=[   26], 10.00th=[   37], 20.00th=[   55],
     | 30.00th=[   71], 40.00th=[   87], 50.00th=[  103], 60.00th=[  120],
     | 70.00th=[  142], 80.00th=[  176], 90.00th=[  239], 95.00th=[  305],
     | 99.00th=[  464], 99.50th=[  535], 99.90th=[  701], 99.95th=[  776],
     | 99.99th=[  927]
   bw (  KiB/s): min= 1232, max= 9952, per=99.83%, avg=4108.96, stdev=746.24, samples=509
   iops        : min=  154, max= 1244, avg=513.61, stdev=93.27, samples=509
  lat (msec)   : 2=0.01%, 4=0.04%, 10=0.43%, 20=2.34%, 50=14.35%
  lat (msec)   : 100=31.15%, 250=42.91%, 500=8.08%, 750=0.64%, 1000=0.05%
  lat (msec)   : 2000=0.01%
  cpu          : usr=0.74%, sys=1.62%, ctx=128335, majf=0, minf=158
  IO depths    : 1=0.1%, 2=0.1%, 4=0.1%, 8=0.1%, 16=0.1%, 32=0.1%, >=64=100.0%
     submit    : 0=0.0%, 4=100.0%, 8=0.0%, 16=0.0%, 32=0.0%, 64=0.0%, >=64=0.0%
     complete  : 0=0.0%, 4=100.0%, 8=0.0%, 16=0.0%, 32=0.0%, 64=0.1%, >=64=0.0%
     issued rwt: total=131072,0,0, short=0,0,0, dropped=0,0,0
     latency   : target=0, window=0, percentile=100.00%, depth=64

Run status group 0 (all jobs):
   READ: bw=4116KiB/s (4215kB/s), 4116KiB/s-4116KiB/s (4215kB/s-4215kB/s), io=1024MiB (1074MB), run=254736-254736msec

Disk stats (read/write):
  sdd: ios=128874/0, merge=2037/0, ticks=16143593/0, in_queue=16145352, util=100.00%
