test: (g=0): rw=read, bs=(R) 1024KiB-1024KiB, (W) 1024KiB-1024KiB, (T) 1024KiB-1024KiB, ioengine=libaio, iodepth=64
fio-3.1
Starting 1 process

test: (groupid=0, jobs=1): err= 0: pid=14068: Thu Jul 12 15:37:50 2018
   read: IOPS=196, BW=197MiB/s (206MB/s)(1024MiB/5200msec)
    slat (usec): min=32, max=58984, avg=4895.70, stdev=13207.53
    clat (msec): min=115, max=441, avg=317.87, stdev=43.70
     lat (msec): min=115, max=483, avg=322.77, stdev=42.54
    clat percentiles (msec):
     |  1.00th=[  184],  5.00th=[  251], 10.00th=[  279], 20.00th=[  296],
     | 30.00th=[  300], 40.00th=[  313], 50.00th=[  317], 60.00th=[  321],
     | 70.00th=[  326], 80.00th=[  342], 90.00th=[  380], 95.00th=[  397],
     | 99.00th=[  405], 99.50th=[  443], 99.90th=[  443], 99.95th=[  443],
     | 99.99th=[  443]
   bw (  KiB/s): min=118784, max=229376, per=96.89%, avg=195379.20, stdev=30164.29, samples=10
   iops        : min=  116, max=  224, avg=190.80, stdev=29.46, samples=10
  lat (msec)   : 250=4.79%, 500=95.21%
  cpu          : usr=0.00%, sys=2.23%, ctx=162, majf=0, minf=575
  IO depths    : 1=0.1%, 2=0.2%, 4=0.4%, 8=0.8%, 16=1.6%, 32=3.1%, >=64=93.8%
     submit    : 0=0.0%, 4=100.0%, 8=0.0%, 16=0.0%, 32=0.0%, 64=0.0%, >=64=0.0%
     complete  : 0=0.0%, 4=99.9%, 8=0.0%, 16=0.0%, 32=0.0%, 64=0.1%, >=64=0.0%
     issued rwt: total=1024,0,0, short=0,0,0, dropped=0,0,0
     latency   : target=0, window=0, percentile=100.00%, depth=64

Run status group 0 (all jobs):
   READ: bw=197MiB/s (206MB/s), 197MiB/s-197MiB/s (206MB/s-206MB/s), io=1024MiB (1074MB), run=5200-5200msec

Disk stats (read/write):
  sdj: ios=4052/0, merge=0/0, ticks=722920/0, in_queue=729002, util=98.11%
