test: (g=0): rw=randwrite, bs=(R) 64.0KiB-64.0KiB, (W) 64.0KiB-64.0KiB, (T) 64.0KiB-64.0KiB, ioengine=libaio, iodepth=64
fio-3.1
Starting 1 process

test: (groupid=0, jobs=1): err= 0: pid=17899: Mon Jul 23 20:50:41 2018
  write: IOPS=292, BW=18.3MiB/s (19.2MB/s)(1024MiB/55993msec)
    slat (nsec): min=5458, max=74137, avg=27400.84, stdev=10781.03
    clat (usec): min=652, max=1222.0k, avg=218673.65, stdev=188209.87
     lat (usec): min=678, max=1223.0k, avg=218701.54, stdev=188209.94
    clat percentiles (msec):
     |  1.00th=[   50],  5.00th=[   79], 10.00th=[   95], 20.00th=[  117],
     | 30.00th=[  134], 40.00th=[  153], 50.00th=[  169], 60.00th=[  190],
     | 70.00th=[  215], 80.00th=[  251], 90.00th=[  342], 95.00th=[  592],
     | 99.00th=[ 1133], 99.50th=[ 1150], 99.90th=[ 1183], 99.95th=[ 1183],
     | 99.99th=[ 1217]
   bw (  KiB/s): min=12672, max=29440, per=99.60%, avg=18650.97, stdev=2670.07, samples=111
   iops        : min=  198, max=  460, avg=291.41, stdev=41.73, samples=111
  lat (usec)   : 750=0.01%, 1000=0.01%
  lat (msec)   : 2=0.01%, 4=0.01%, 10=0.06%, 20=0.07%, 50=0.88%
  lat (msec)   : 100=10.83%, 250=68.02%, 500=13.89%, 750=2.56%, 1000=1.37%
  lat (msec)   : 2000=2.29%
  cpu          : usr=0.41%, sys=1.08%, ctx=16292, majf=0, minf=27
  IO depths    : 1=0.1%, 2=0.1%, 4=0.1%, 8=0.1%, 16=0.1%, 32=0.2%, >=64=99.6%
     submit    : 0=0.0%, 4=100.0%, 8=0.0%, 16=0.0%, 32=0.0%, 64=0.0%, >=64=0.0%
     complete  : 0=0.0%, 4=100.0%, 8=0.0%, 16=0.0%, 32=0.0%, 64=0.1%, >=64=0.0%
     issued rwt: total=0,16384,0, short=0,0,0, dropped=0,0,0
     latency   : target=0, window=0, percentile=100.00%, depth=64

Run status group 0 (all jobs):
  WRITE: bw=18.3MiB/s (19.2MB/s), 18.3MiB/s-18.3MiB/s (19.2MB/s-19.2MB/s), io=1024MiB (1074MB), run=55993-55993msec

Disk stats (read/write):
  sdj: ios=42/16358, merge=0/0, ticks=127/3568661, in_queue=3574727, util=100.00%
