test: (g=0): rw=write, bs=(R) 64.0KiB-64.0KiB, (W) 64.0KiB-64.0KiB, (T) 64.0KiB-64.0KiB, ioengine=libaio, iodepth=64
fio-3.1
Starting 1 process

test: (groupid=0, jobs=1): err= 0: pid=17432: Mon Jul 23 20:21:44 2018
  write: IOPS=3104, BW=194MiB/s (203MB/s)(1024MiB/5277msec)
    slat (nsec): min=7404, max=61148, avg=21161.01, stdev=8301.20
    clat (usec): min=659, max=77733, avg=20584.11, stdev=5540.15
     lat (usec): min=687, max=77742, avg=20605.42, stdev=5540.56
    clat percentiles (usec):
     |  1.00th=[18482],  5.00th=[18482], 10.00th=[18482], 20.00th=[18482],
     | 30.00th=[18744], 40.00th=[18744], 50.00th=[18744], 60.00th=[19268],
     | 70.00th=[21365], 80.00th=[21365], 90.00th=[21890], 95.00th=[21890],
     | 99.00th=[52167], 99.50th=[55313], 99.90th=[77071], 99.95th=[77071],
     | 99.99th=[78119]
   bw (  KiB/s): min=176768, max=219648, per=99.46%, avg=197632.00, stdev=14615.44, samples=10
   iops        : min= 2762, max= 3432, avg=3088.00, stdev=228.37, samples=10
  lat (usec)   : 750=0.01%, 1000=0.01%
  lat (msec)   : 2=0.01%, 4=0.03%, 10=0.08%, 20=64.00%, 50=34.54%
  lat (msec)   : 100=1.33%
  cpu          : usr=1.59%, sys=8.40%, ctx=16323, majf=0, minf=28
  IO depths    : 1=0.1%, 2=0.1%, 4=0.1%, 8=0.1%, 16=0.1%, 32=0.2%, >=64=99.6%
     submit    : 0=0.0%, 4=100.0%, 8=0.0%, 16=0.0%, 32=0.0%, 64=0.0%, >=64=0.0%
     complete  : 0=0.0%, 4=100.0%, 8=0.0%, 16=0.0%, 32=0.0%, 64=0.1%, >=64=0.0%
     issued rwt: total=0,16384,0, short=0,0,0, dropped=0,0,0
     latency   : target=0, window=0, percentile=100.00%, depth=64

Run status group 0 (all jobs):
  WRITE: bw=194MiB/s (203MB/s), 194MiB/s-194MiB/s (203MB/s-203MB/s), io=1024MiB (1074MB), run=5277-5277msec

Disk stats (read/write):
  sdj: ios=59/15927, merge=0/0, ticks=4496/328010, in_queue=333118, util=100.00%
