test: (g=0): rw=write, bs=(R) 512KiB-512KiB, (W) 512KiB-512KiB, (T) 512KiB-512KiB, ioengine=libaio, iodepth=64
fio-3.1
Starting 1 process

test: (groupid=0, jobs=1): err= 0: pid=17526: Mon Jul 23 20:21:55 2018
  write: IOPS=400, BW=200MiB/s (210MB/s)(1024MiB/5113msec)
    slat (usec): min=35, max=194, avg=101.78, stdev=36.92
    clat (msec): min=14, max=293, avg=159.53, stdev=22.35
     lat (msec): min=14, max=293, avg=159.63, stdev=22.36
    clat percentiles (msec):
     |  1.00th=[   82],  5.00th=[  142], 10.00th=[  146], 20.00th=[  148],
     | 30.00th=[  150], 40.00th=[  153], 50.00th=[  155], 60.00th=[  161],
     | 70.00th=[  169], 80.00th=[  174], 90.00th=[  180], 95.00th=[  186],
     | 99.00th=[  247], 99.50th=[  268], 99.90th=[  292], 99.95th=[  292],
     | 99.99th=[  296]
   bw (  KiB/s): min=186368, max=220160, per=99.11%, avg=203264.00, stdev=12700.63, samples=10
   iops        : min=  364, max=  430, avg=397.00, stdev=24.81, samples=10
  lat (msec)   : 20=0.15%, 50=0.29%, 100=1.07%, 250=97.61%, 500=0.88%
  cpu          : usr=1.80%, sys=3.29%, ctx=946, majf=0, minf=28
  IO depths    : 1=0.1%, 2=0.1%, 4=0.2%, 8=0.4%, 16=0.8%, 32=1.6%, >=64=96.9%
     submit    : 0=0.0%, 4=100.0%, 8=0.0%, 16=0.0%, 32=0.0%, 64=0.0%, >=64=0.0%
     complete  : 0=0.0%, 4=99.9%, 8=0.0%, 16=0.0%, 32=0.0%, 64=0.1%, >=64=0.0%
     issued rwt: total=0,2048,0, short=0,0,0, dropped=0,0,0
     latency   : target=0, window=0, percentile=100.00%, depth=64

Run status group 0 (all jobs):
  WRITE: bw=200MiB/s (210MB/s), 200MiB/s-200MiB/s (210MB/s-210MB/s), io=1024MiB (1074MB), run=5113-5113msec

Disk stats (read/write):
  sdj: ios=40/3894, merge=0/0, ticks=9/611119, in_queue=620538, util=97.84%
