test: (g=0): rw=write, bs=(R) 512KiB-512KiB, (W) 512KiB-512KiB, (T) 512KiB-512KiB, ioengine=libaio, iodepth=64
fio-3.1
Starting 1 process

test: (groupid=0, jobs=1): err= 0: pid=568: Fri Jul 13 14:34:57 2018
  write: IOPS=409, BW=205MiB/s (215MB/s)(1024MiB/5005msec)
    slat (usec): min=39, max=196, avg=128.16, stdev=35.13
    clat (msec): min=8, max=296, avg=156.12, stdev=23.47
     lat (msec): min=8, max=297, avg=156.25, stdev=23.47
    clat percentiles (msec):
     |  1.00th=[   52],  5.00th=[  150], 10.00th=[  150], 20.00th=[  150],
     | 30.00th=[  150], 40.00th=[  150], 50.00th=[  155], 60.00th=[  157],
     | 70.00th=[  157], 80.00th=[  157], 90.00th=[  163], 95.00th=[  194],
     | 99.00th=[  251], 99.50th=[  275], 99.90th=[  292], 99.95th=[  296],
     | 99.99th=[  296]
   bw (  KiB/s): min=154933, max=217088, per=97.04%, avg=203294.90, stdev=18850.49, samples=10
   iops        : min=  302, max=  424, avg=397.00, stdev=36.99, samples=10
  lat (msec)   : 10=0.10%, 20=0.29%, 50=0.59%, 100=1.03%, 250=96.97%
  lat (msec)   : 500=1.03%
  cpu          : usr=1.72%, sys=4.54%, ctx=2048, majf=0, minf=28
  IO depths    : 1=0.1%, 2=0.1%, 4=0.2%, 8=0.4%, 16=0.8%, 32=1.6%, >=64=96.9%
     submit    : 0=0.0%, 4=100.0%, 8=0.0%, 16=0.0%, 32=0.0%, 64=0.0%, >=64=0.0%
     complete  : 0=0.0%, 4=99.9%, 8=0.0%, 16=0.0%, 32=0.0%, 64=0.1%, >=64=0.0%
     issued rwt: total=0,2048,0, short=0,0,0, dropped=0,0,0
     latency   : target=0, window=0, percentile=100.00%, depth=64

Run status group 0 (all jobs):
  WRITE: bw=205MiB/s (215MB/s), 205MiB/s-205MiB/s (215MB/s-215MB/s), io=1024MiB (1074MB), run=5005-5005msec

Disk stats (read/write):
  sdg: ios=6/3986, merge=0/0, ticks=4331/611220, in_queue=625506, util=97.80%
