test: (g=0): rw=read, bs=(R) 512KiB-512KiB, (W) 512KiB-512KiB, (T) 512KiB-512KiB, ioengine=libaio, iodepth=64
fio-3.1
Starting 1 process

test: (groupid=0, jobs=1): err= 0: pid=615: Fri Jul 13 14:35:02 2018
   read: IOPS=417, BW=209MiB/s (219MB/s)(1024MiB/4904msec)
    slat (usec): min=18, max=552, avg=89.76, stdev=46.24
    clat (msec): min=9, max=297, avg=152.90, stdev=21.53
     lat (msec): min=9, max=297, avg=152.99, stdev=21.53
    clat percentiles (msec):
     |  1.00th=[   49],  5.00th=[  150], 10.00th=[  150], 20.00th=[  150],
     | 30.00th=[  150], 40.00th=[  150], 50.00th=[  153], 60.00th=[  155],
     | 70.00th=[  157], 80.00th=[  157], 90.00th=[  157], 95.00th=[  157],
     | 99.00th=[  251], 99.50th=[  275], 99.90th=[  292], 99.95th=[  296],
     | 99.99th=[  296]
   bw (  KiB/s): min=208896, max=217088, per=99.90%, avg=213607.56, stdev=3574.02, samples=9
   iops        : min=  408, max=  424, avg=417.11, stdev= 7.08, samples=9
  lat (msec)   : 10=0.20%, 20=0.20%, 50=0.63%, 100=1.07%, 250=96.92%
  lat (msec)   : 500=0.98%
  cpu          : usr=0.39%, sys=4.43%, ctx=2045, majf=0, minf=559
  IO depths    : 1=0.1%, 2=0.1%, 4=0.2%, 8=0.4%, 16=0.8%, 32=1.6%, >=64=96.9%
     submit    : 0=0.0%, 4=100.0%, 8=0.0%, 16=0.0%, 32=0.0%, 64=0.0%, >=64=0.0%
     complete  : 0=0.0%, 4=99.9%, 8=0.0%, 16=0.0%, 32=0.0%, 64=0.1%, >=64=0.0%
     issued rwt: total=2048,0,0, short=0,0,0, dropped=0,0,0
     latency   : target=0, window=0, percentile=100.00%, depth=64

Run status group 0 (all jobs):
   READ: bw=209MiB/s (219MB/s), 209MiB/s-209MiB/s (219MB/s-219MB/s), io=1024MiB (1074MB), run=4904-4904msec

Disk stats (read/write):
  sdg: ios=4087/0, merge=0/0, ticks=613230/0, in_queue=614538, util=98.06%
