test: (g=0): rw=write, bs=(R) 64.0KiB-64.0KiB, (W) 64.0KiB-64.0KiB, (T) 64.0KiB-64.0KiB, ioengine=libaio, iodepth=64
fio-3.1
Starting 1 process

test: (groupid=0, jobs=1): err= 0: pid=26153: Fri Aug 17 19:02:39 2018
  write: IOPS=3190, BW=199MiB/s (209MB/s)(1024MiB/5136msec)
    slat (usec): min=5, max=2035, avg=10.84, stdev=16.37
    clat (msec): min=2, max=227, avg=20.04, stdev=12.00
     lat (msec): min=2, max=227, avg=20.05, stdev=12.00
    clat percentiles (msec):
     |  1.00th=[   19],  5.00th=[   19], 10.00th=[   19], 20.00th=[   19],
     | 30.00th=[   19], 40.00th=[   19], 50.00th=[   19], 60.00th=[   20],
     | 70.00th=[   20], 80.00th=[   20], 90.00th=[   21], 95.00th=[   21],
     | 99.00th=[   29], 99.50th=[   43], 99.90th=[  224], 99.95th=[  226],
     | 99.99th=[  228]
   bw (  KiB/s): min=129664, max=222848, per=99.84%, avg=203827.20, stdev=27375.06, samples=10
   iops        : min= 2026, max= 3482, avg=3184.80, stdev=427.74, samples=10
  lat (msec)   : 4=0.05%, 20=87.21%, 50=12.35%, 250=0.39%
  cpu          : usr=1.09%, sys=4.58%, ctx=16324, majf=0, minf=29
  IO depths    : 1=0.1%, 2=0.1%, 4=0.1%, 8=0.1%, 16=0.1%, 32=0.2%, >=64=99.6%
     submit    : 0=0.0%, 4=100.0%, 8=0.0%, 16=0.0%, 32=0.0%, 64=0.0%, >=64=0.0%
     complete  : 0=0.0%, 4=100.0%, 8=0.0%, 16=0.0%, 32=0.0%, 64=0.1%, >=64=0.0%
     issued rwt: total=0,16384,0, short=0,0,0, dropped=0,0,0
     latency   : target=0, window=0, percentile=100.00%, depth=64

Run status group 0 (all jobs):
  WRITE: bw=199MiB/s (209MB/s), 199MiB/s-199MiB/s (209MB/s-209MB/s), io=1024MiB (1074MB), run=5136-5136msec

Disk stats (read/write):
  sdj: ios=40/15558, merge=0/0, ticks=138/311773, in_queue=312488, util=100.00%
