test: (g=0): rw=read, bs=(R) 1024KiB-1024KiB, (W) 1024KiB-1024KiB, (T) 1024KiB-1024KiB, ioengine=libaio, iodepth=64
fio-3.1
Starting 1 process

test: (groupid=0, jobs=1): err= 0: pid=26383: Fri Aug 17 19:03:06 2018
   read: IOPS=210, BW=211MiB/s (221MB/s)(1024MiB/4857msec)
    slat (usec): min=39, max=51446, avg=4585.41, stdev=12136.48
    clat (msec): min=123, max=457, avg=296.95, stdev=34.21
     lat (msec): min=124, max=457, avg=301.53, stdev=32.65
    clat percentiles (msec):
     |  1.00th=[  159],  5.00th=[  257], 10.00th=[  262], 20.00th=[  296],
     | 30.00th=[  296], 40.00th=[  296], 50.00th=[  300], 60.00th=[  305],
     | 70.00th=[  317], 80.00th=[  317], 90.00th=[  317], 95.00th=[  321],
     | 99.00th=[  422], 99.50th=[  422], 99.90th=[  460], 99.95th=[  460],
     | 99.99th=[  460]
   bw (  KiB/s): min=176128, max=229376, per=96.78%, avg=208943.33, stdev=14783.78, samples=9
   iops        : min=  172, max=  224, avg=204.00, stdev=14.42, samples=9
  lat (msec)   : 250=4.79%, 500=95.21%
  cpu          : usr=0.08%, sys=2.31%, ctx=158, majf=0, minf=575
  IO depths    : 1=0.1%, 2=0.2%, 4=0.4%, 8=0.8%, 16=1.6%, 32=3.1%, >=64=93.8%
     submit    : 0=0.0%, 4=100.0%, 8=0.0%, 16=0.0%, 32=0.0%, 64=0.0%, >=64=0.0%
     complete  : 0=0.0%, 4=99.9%, 8=0.0%, 16=0.0%, 32=0.0%, 64=0.1%, >=64=0.0%
     issued rwt: total=1024,0,0, short=0,0,0, dropped=0,0,0
     latency   : target=0, window=0, percentile=100.00%, depth=64

Run status group 0 (all jobs):
   READ: bw=211MiB/s (221MB/s), 211MiB/s-211MiB/s (221MB/s-221MB/s), io=1024MiB (1074MB), run=4857-4857msec

Disk stats (read/write):
  sdj: ios=3911/0, merge=0/0, ticks=651146/0, in_queue=663254, util=97.95%
