test: (g=0): rw=randwrite, bs=(R) 4096B-4096B, (W) 4096B-4096B, (T) 4096B-4096B, ioengine=libaio, iodepth=64
fio-3.1
Starting 1 process

test: (groupid=0, jobs=1): err= 0: pid=7975: Tue Jul 24 19:31:10 2018
  write: IOPS=220, BW=884KiB/s (905kB/s)(1024MiB/1186360msec)
    slat (nsec): min=4382, max=99446, avg=26684.56, stdev=9617.37
    clat (usec): min=387, max=1621.3k, avg=289604.58, stdev=194118.16
     lat (usec): min=447, max=1621.4k, avg=289631.74, stdev=194119.56
    clat percentiles (msec):
     |  1.00th=[   15],  5.00th=[   22], 10.00th=[   34], 20.00th=[  144],
     | 30.00th=[  190], 40.00th=[  228], 50.00th=[  266], 60.00th=[  305],
     | 70.00th=[  347], 80.00th=[  409], 90.00th=[  550], 95.00th=[  676],
     | 99.00th=[  894], 99.50th=[ 1020], 99.90th=[ 1217], 99.95th=[ 1284],
     | 99.99th=[ 1469]
   bw (  KiB/s): min=    8, max= 2048, per=100.00%, avg=897.12, stdev=313.05, samples=2337
   iops        : min=    2, max=  512, avg=224.27, stdev=78.26, samples=2337
  lat (usec)   : 500=0.01%, 750=0.01%, 1000=0.01%
  lat (msec)   : 2=0.01%, 4=0.01%, 10=0.13%, 20=3.78%, 50=8.46%
  lat (msec)   : 100=3.00%, 250=30.74%, 500=41.23%, 750=9.65%, 1000=2.42%
  lat (msec)   : 2000=0.56%
  cpu          : usr=0.27%, sys=0.87%, ctx=261561, majf=0, minf=28
  IO depths    : 1=0.1%, 2=0.1%, 4=0.1%, 8=0.1%, 16=0.1%, 32=0.1%, >=64=100.0%
     submit    : 0=0.0%, 4=100.0%, 8=0.0%, 16=0.0%, 32=0.0%, 64=0.0%, >=64=0.0%
     complete  : 0=0.0%, 4=100.0%, 8=0.0%, 16=0.0%, 32=0.0%, 64=0.1%, >=64=0.0%
     issued rwt: total=0,262144,0, short=0,0,0, dropped=0,0,0
     latency   : target=0, window=0, percentile=100.00%, depth=64

Run status group 0 (all jobs):
  WRITE: bw=884KiB/s (905kB/s), 884KiB/s-884KiB/s (905kB/s-905kB/s), io=1024MiB (1074MB), run=1186360-1186360msec

Disk stats (read/write):
  sdj: ios=0/262193, merge=0/3, ticks=0/75924499, in_queue=75932821, util=100.00%
