test: (g=0): rw=write, bs=(R) 64.0KiB-64.0KiB, (W) 64.0KiB-64.0KiB, (T) 64.0KiB-64.0KiB, ioengine=libaio, iodepth=64
fio-3.1
Starting 1 process
test: Laying out IO file (1 file / 1024MiB)

test: (groupid=0, jobs=1): err= 0: pid=7709: Tue Jul 24 19:10:55 2018
  write: IOPS=3243, BW=203MiB/s (213MB/s)(1024MiB/5052msec)
    slat (usec): min=7, max=195, avg=24.51, stdev= 8.88
    clat (usec): min=813, max=208915, avg=19703.49, stdev=11196.61
     lat (usec): min=1013, max=208939, avg=19728.18, stdev=11195.88
    clat percentiles (msec):
     |  1.00th=[   19],  5.00th=[   19], 10.00th=[   19], 20.00th=[   19],
     | 30.00th=[   19], 40.00th=[   19], 50.00th=[   19], 60.00th=[   20],
     | 70.00th=[   20], 80.00th=[   20], 90.00th=[   20], 95.00th=[   20],
     | 99.00th=[   27], 99.50th=[   35], 99.90th=[  207], 99.95th=[  207],
     | 99.99th=[  209]
   bw (  KiB/s): min=134400, max=219648, per=99.95%, avg=207462.40, stdev=25798.61, samples=10
   iops        : min= 2100, max= 3432, avg=3241.60, stdev=403.10, samples=10
  lat (usec)   : 1000=0.01%
  lat (msec)   : 20=97.66%, 50=1.90%, 100=0.04%, 250=0.39%
  cpu          : usr=1.88%, sys=10.59%, ctx=16377, majf=0, minf=27
  IO depths    : 1=0.1%, 2=0.1%, 4=0.1%, 8=0.1%, 16=0.1%, 32=0.2%, >=64=99.6%
     submit    : 0=0.0%, 4=100.0%, 8=0.0%, 16=0.0%, 32=0.0%, 64=0.0%, >=64=0.0%
     complete  : 0=0.0%, 4=100.0%, 8=0.0%, 16=0.0%, 32=0.0%, 64=0.1%, >=64=0.0%
     issued rwt: total=0,16384,0, short=0,0,0, dropped=0,0,0
     latency   : target=0, window=0, percentile=100.00%, depth=64

Run status group 0 (all jobs):
  WRITE: bw=203MiB/s (213MB/s), 203MiB/s-203MiB/s (213MB/s-213MB/s), io=1024MiB (1074MB), run=5052-5052msec

Disk stats (read/write):
  sdj: ios=0/15824, merge=0/0, ticks=0/311341, in_queue=311950, util=98.00%
