test: (g=0): rw=randwrite, bs=(R) 8192B-8192B, (W) 8192B-8192B, (T) 8192B-8192B, ioengine=libaio, iodepth=64
fio-3.1
Starting 1 process

test: (groupid=0, jobs=1): err= 0: pid=8075: Tue Jul 24 19:49:29 2018
  write: IOPS=217, BW=1743KiB/s (1785kB/s)(1024MiB/601694msec)
    slat (usec): min=3, max=363, avg=26.66, stdev=10.07
    clat (usec): min=385, max=1693.6k, avg=293760.14, stdev=205996.93
     lat (usec): min=407, max=1693.6k, avg=293787.29, stdev=205998.43
    clat percentiles (msec):
     |  1.00th=[   14],  5.00th=[   21], 10.00th=[   30], 20.00th=[  125],
     | 30.00th=[  182], 40.00th=[  224], 50.00th=[  266], 60.00th=[  313],
     | 70.00th=[  359], 80.00th=[  430], 90.00th=[  575], 95.00th=[  693],
     | 99.00th=[  911], 99.50th=[ 1011], 99.90th=[ 1200], 99.95th=[ 1284],
     | 99.99th=[ 1502]
   bw (  KiB/s): min=   16, max= 3744, per=100.00%, avg=1770.31, stdev=655.73, samples=1184
   iops        : min=    2, max=  468, avg=221.28, stdev=81.97, samples=1184
  lat (usec)   : 500=0.01%, 750=0.01%, 1000=0.01%
  lat (msec)   : 2=0.01%, 4=0.01%, 10=0.16%, 20=4.40%, 50=9.71%
  lat (msec)   : 100=3.41%, 250=28.58%, 500=38.95%, 750=11.22%, 1000=3.01%
  lat (msec)   : 2000=0.54%
  cpu          : usr=0.27%, sys=0.84%, ctx=130728, majf=0, minf=28
  IO depths    : 1=0.1%, 2=0.1%, 4=0.1%, 8=0.1%, 16=0.1%, 32=0.1%, >=64=100.0%
     submit    : 0=0.0%, 4=100.0%, 8=0.0%, 16=0.0%, 32=0.0%, 64=0.0%, >=64=0.0%
     complete  : 0=0.0%, 4=100.0%, 8=0.0%, 16=0.0%, 32=0.0%, 64=0.1%, >=64=0.0%
     issued rwt: total=0,131072,0, short=0,0,0, dropped=0,0,0
     latency   : target=0, window=0, percentile=100.00%, depth=64

Run status group 0 (all jobs):
  WRITE: bw=1743KiB/s (1785kB/s), 1743KiB/s-1743KiB/s (1785kB/s-1785kB/s), io=1024MiB (1074MB), run=601694-601694msec

Disk stats (read/write):
  sdj: ios=0/131091, merge=0/0, ticks=0/38501876, in_queue=38507065, util=100.00%
