test: (g=0): rw=randwrite, bs=(R) 4096B-4096B, (W) 4096B-4096B, (T) 4096B-4096B, ioengine=libaio, iodepth=64
fio-3.1
Starting 1 process

test: (groupid=0, jobs=1): err= 0: pid=40442: Wed Jul 11 17:14:24 2018
  write: IOPS=397, BW=1591KiB/s (1629kB/s)(1024MiB/658994msec)
    slat (nsec): min=1641, max=65325, avg=17159.22, stdev=7694.15
    clat (usec): min=200, max=1124.3k, avg=160862.46, stdev=113223.64
     lat (usec): min=256, max=1124.3k, avg=160880.00, stdev=113225.31
    clat percentiles (msec):
     |  1.00th=[   13],  5.00th=[   19], 10.00th=[   27], 20.00th=[   72],
     | 30.00th=[  103], 40.00th=[  124], 50.00th=[  144], 60.00th=[  167],
     | 70.00th=[  192], 80.00th=[  224], 90.00th=[  309], 95.00th=[  393],
     | 99.00th=[  531], 99.50th=[  584], 99.90th=[  760], 99.95th=[  818],
     | 99.99th=[  936]
   bw (  KiB/s): min=  168, max= 7104, per=99.79%, avg=1587.62, stdev=480.31, samples=1316
   iops        : min=   42, max= 1776, avg=396.89, stdev=120.08, samples=1316
  lat (usec)   : 250=0.01%, 500=0.01%, 1000=0.01%
  lat (msec)   : 2=0.01%, 4=0.04%, 10=0.40%, 20=5.51%, 50=10.78%
  lat (msec)   : 100=12.44%, 250=55.54%, 500=13.85%, 750=1.33%, 1000=0.10%
  lat (msec)   : 2000=0.01%
  cpu          : usr=0.49%, sys=1.27%, ctx=259375, majf=0, minf=28
  IO depths    : 1=0.1%, 2=0.1%, 4=0.1%, 8=0.1%, 16=0.1%, 32=0.1%, >=64=100.0%
     submit    : 0=0.0%, 4=100.0%, 8=0.0%, 16=0.0%, 32=0.0%, 64=0.0%, >=64=0.0%
     complete  : 0=0.0%, 4=100.0%, 8=0.0%, 16=0.0%, 32=0.0%, 64=0.1%, >=64=0.0%
     issued rwt: total=0,262144,0, short=0,0,0, dropped=0,0,0
     latency   : target=0, window=0, percentile=100.00%, depth=64

Run status group 0 (all jobs):
  WRITE: bw=1591KiB/s (1629kB/s), 1591KiB/s-1591KiB/s (1629kB/s-1629kB/s), io=1024MiB (1074MB), run=658994-658994msec

Disk stats (read/write):
  sdf: ios=40/259057, merge=0/2516, ticks=20052/41918364, in_queue=41943750, util=100.00%
