test: (g=0): rw=randread, bs=(R) 8192B-8192B, (W) 8192B-8192B, (T) 8192B-8192B, ioengine=libaio, iodepth=64
fio-3.1
Starting 1 process

test: (groupid=0, jobs=1): err= 0: pid=40603: Wed Jul 11 17:32:34 2018
   read: IOPS=513, BW=4105KiB/s (4204kB/s)(1024MiB/255412msec)
    slat (nsec): min=1467, max=440328, avg=14436.48, stdev=5561.19
    clat (usec): min=1104, max=1132.3k, avg=124691.71, stdev=92892.38
     lat (usec): min=1107, max=1132.3k, avg=124706.63, stdev=92892.57
    clat percentiles (msec):
     |  1.00th=[   13],  5.00th=[   27], 10.00th=[   37], 20.00th=[   56],
     | 30.00th=[   72], 40.00th=[   87], 50.00th=[  103], 60.00th=[  120],
     | 70.00th=[  142], 80.00th=[  176], 90.00th=[  239], 95.00th=[  309],
     | 99.00th=[  468], 99.50th=[  542], 99.90th=[  693], 99.95th=[  768],
     | 99.99th=[  885]
   bw (  KiB/s): min= 1632, max= 8816, per=99.72%, avg=4093.44, stdev=709.02, samples=510
   iops        : min=  204, max= 1102, avg=511.67, stdev=88.63, samples=510
  lat (msec)   : 2=0.01%, 4=0.03%, 10=0.48%, 20=2.29%, 50=14.14%
  lat (msec)   : 100=31.43%, 250=42.70%, 500=8.19%, 750=0.67%, 1000=0.06%
  lat (msec)   : 2000=0.01%
  cpu          : usr=0.71%, sys=1.58%, ctx=128307, majf=0, minf=159
  IO depths    : 1=0.1%, 2=0.1%, 4=0.1%, 8=0.1%, 16=0.1%, 32=0.1%, >=64=100.0%
     submit    : 0=0.0%, 4=100.0%, 8=0.0%, 16=0.0%, 32=0.0%, 64=0.0%, >=64=0.0%
     complete  : 0=0.0%, 4=100.0%, 8=0.0%, 16=0.0%, 32=0.0%, 64=0.1%, >=64=0.0%
     issued rwt: total=131072,0,0, short=0,0,0, dropped=0,0,0
     latency   : target=0, window=0, percentile=100.00%, depth=64

Run status group 0 (all jobs):
   READ: bw=4105KiB/s (4204kB/s), 4105KiB/s-4105KiB/s (4204kB/s-4204kB/s), io=1024MiB (1074MB), run=255412-255412msec

Disk stats (read/write):
  sdf: ios=128999/0, merge=2046/0, ticks=16196691/0, in_queue=16197789, util=100.00%
