test: (g=0): rw=randwrite, bs=(R) 8192B-8192B, (W) 8192B-8192B, (T) 8192B-8192B, ioengine=libaio, iodepth=64
fio-3.1
Starting 1 process

test: (groupid=0, jobs=1): err= 0: pid=40555: Wed Jul 11 17:28:18 2018
  write: IOPS=404, BW=3235KiB/s (3312kB/s)(1024MiB/324162msec)
    slat (nsec): min=1910, max=61826, avg=18287.72, stdev=8337.91
    clat (usec): min=195, max=1156.8k, avg=158251.48, stdev=116081.97
     lat (usec): min=217, max=1156.9k, avg=158270.19, stdev=116083.86
    clat percentiles (msec):
     |  1.00th=[   12],  5.00th=[   18], 10.00th=[   25], 20.00th=[   67],
     | 30.00th=[   99], 40.00th=[  120], 50.00th=[  140], 60.00th=[  163],
     | 70.00th=[  186], 80.00th=[  220], 90.00th=[  309], 95.00th=[  401],
     | 99.00th=[  542], 99.50th=[  617], 99.90th=[  785], 99.95th=[  818],
     | 99.99th=[  919]
   bw (  KiB/s): min=   16, max=13664, per=99.80%, avg=3227.55, stdev=1125.57, samples=648
   iops        : min=    2, max= 1708, avg=403.43, stdev=140.69, samples=648
  lat (usec)   : 250=0.01%, 500=0.01%, 1000=0.01%
  lat (msec)   : 2=0.01%, 4=0.06%, 10=0.55%, 20=6.17%, 50=10.84%
  lat (msec)   : 100=13.20%, 250=54.30%, 500=13.21%, 750=1.51%, 1000=0.15%
  lat (msec)   : 2000=0.01%
  cpu          : usr=0.49%, sys=1.32%, ctx=128985, majf=0, minf=28
  IO depths    : 1=0.1%, 2=0.1%, 4=0.1%, 8=0.1%, 16=0.1%, 32=0.1%, >=64=100.0%
     submit    : 0=0.0%, 4=100.0%, 8=0.0%, 16=0.0%, 32=0.0%, 64=0.0%, >=64=0.0%
     complete  : 0=0.0%, 4=100.0%, 8=0.0%, 16=0.0%, 32=0.0%, 64=0.1%, >=64=0.0%
     issued rwt: total=0,131072,0, short=0,0,0, dropped=0,0,0
     latency   : target=0, window=0, percentile=100.00%, depth=64

Run status group 0 (all jobs):
  WRITE: bw=3235KiB/s (3312kB/s), 3235KiB/s-3235KiB/s (3312kB/s-3312kB/s), io=1024MiB (1074MB), run=324162-324162msec

Disk stats (read/write):
  sdf: ios=40/128836, merge=0/1971, ticks=18330/20554517, in_queue=20575038, util=100.00%
