test: (g=0): rw=write, bs=(R) 1024KiB-1024KiB, (W) 1024KiB-1024KiB, (T) 1024KiB-1024KiB, ioengine=libaio, iodepth=64
fio-3.1
Starting 1 process

test: (groupid=0, jobs=1): err= 0: pid=18204: Mon Jul 23 20:51:44 2018
  write: IOPS=199, BW=200MiB/s (210MB/s)(1024MiB/5123msec)
    slat (usec): min=65, max=56693, avg=4848.59, stdev=12777.77
    clat (msec): min=155, max=466, avg=312.84, stdev=30.91
     lat (msec): min=173, max=466, avg=317.69, stdev=29.15
    clat percentiles (msec):
     |  1.00th=[  197],  5.00th=[  275], 10.00th=[  284], 20.00th=[  309],
     | 30.00th=[  313], 40.00th=[  317], 50.00th=[  317], 60.00th=[  321],
     | 70.00th=[  321], 80.00th=[  326], 90.00th=[  330], 95.00th=[  334],
     | 99.00th=[  430], 99.50th=[  468], 99.90th=[  468], 99.95th=[  468],
     | 99.99th=[  468]
   bw (  KiB/s): min=131072, max=212992, per=96.16%, avg=196812.80, stdev=24904.71, samples=10
   iops        : min=  128, max=  208, avg=192.20, stdev=24.32, samples=10
  lat (msec)   : 250=3.22%, 500=96.78%
  cpu          : usr=1.27%, sys=1.95%, ctx=151, majf=0, minf=28
  IO depths    : 1=0.1%, 2=0.2%, 4=0.4%, 8=0.8%, 16=1.6%, 32=3.1%, >=64=93.8%
     submit    : 0=0.0%, 4=100.0%, 8=0.0%, 16=0.0%, 32=0.0%, 64=0.0%, >=64=0.0%
     complete  : 0=0.0%, 4=99.9%, 8=0.0%, 16=0.0%, 32=0.0%, 64=0.1%, >=64=0.0%
     issued rwt: total=0,1024,0, short=0,0,0, dropped=0,0,0
     latency   : target=0, window=0, percentile=100.00%, depth=64

Run status group 0 (all jobs):
  WRITE: bw=200MiB/s (210MB/s), 200MiB/s-200MiB/s (210MB/s-210MB/s), io=1024MiB (1074MB), run=5123-5123msec

Disk stats (read/write):
  sdk: ios=40/4089, merge=0/0, ticks=14/718712, in_queue=719997, util=97.69%
