test: (g=0): rw=write, bs=(R) 512KiB-512KiB, (W) 512KiB-512KiB, (T) 512KiB-512KiB, ioengine=libaio, iodepth=64
fio-3.1
Starting 1 process

test: (groupid=0, jobs=1): err= 0: pid=18110: Mon Jul 23 20:51:33 2018
  write: IOPS=397, BW=199MiB/s (208MB/s)(1024MiB/5153msec)
    slat (usec): min=35, max=195, avg=102.37, stdev=37.25
    clat (msec): min=21, max=310, avg=160.77, stdev=20.89
     lat (msec): min=21, max=310, avg=160.87, stdev=20.89
    clat percentiles (msec):
     |  1.00th=[   69],  5.00th=[  148], 10.00th=[  153], 20.00th=[  157],
     | 30.00th=[  159], 40.00th=[  159], 50.00th=[  161], 60.00th=[  161],
     | 70.00th=[  163], 80.00th=[  165], 90.00th=[  171], 95.00th=[  176],
     | 99.00th=[  259], 99.50th=[  284], 99.90th=[  305], 99.95th=[  305],
     | 99.99th=[  309]
   bw (  KiB/s): min=195584, max=207872, per=99.89%, avg=203264.00, stdev=4131.40, samples=10
   iops        : min=  382, max=  406, avg=397.00, stdev= 8.07, samples=10
  lat (msec)   : 50=0.63%, 100=0.98%, 250=97.17%, 500=1.22%
  cpu          : usr=1.49%, sys=3.55%, ctx=981, majf=0, minf=28
  IO depths    : 1=0.1%, 2=0.1%, 4=0.2%, 8=0.4%, 16=0.8%, 32=1.6%, >=64=96.9%
     submit    : 0=0.0%, 4=100.0%, 8=0.0%, 16=0.0%, 32=0.0%, 64=0.0%, >=64=0.0%
     complete  : 0=0.0%, 4=99.9%, 8=0.0%, 16=0.0%, 32=0.0%, 64=0.1%, >=64=0.0%
     issued rwt: total=0,2048,0, short=0,0,0, dropped=0,0,0
     latency   : target=0, window=0, percentile=100.00%, depth=64

Run status group 0 (all jobs):
  WRITE: bw=199MiB/s (208MB/s), 199MiB/s-199MiB/s (208MB/s-208MB/s), io=1024MiB (1074MB), run=5153-5153msec

Disk stats (read/write):
  sdk: ios=40/4075, merge=0/0, ticks=10/642624, in_queue=645554, util=97.94%
