test: (g=0): rw=randwrite, bs=(R) 64.0KiB-64.0KiB, (W) 64.0KiB-64.0KiB, (T) 64.0KiB-64.0KiB, ioengine=libaio, iodepth=64
fio-3.1
Starting 1 process

test: (groupid=0, jobs=1): err= 0: pid=35441: Sun Jul 15 07:03:02 2018
  write: IOPS=212, BW=13.3MiB/s (13.9MB/s)(1024MiB/77069msec)
    slat (nsec): min=4886, max=70156, avg=24913.62, stdev=10626.67
    clat (usec): min=627, max=1645.3k, avg=301016.35, stdev=249203.78
     lat (usec): min=687, max=1645.3k, avg=301041.62, stdev=249205.12
    clat percentiles (msec):
     |  1.00th=[   10],  5.00th=[   18], 10.00th=[   22], 20.00th=[   36],
     | 30.00th=[  115], 40.00th=[  197], 50.00th=[  259], 60.00th=[  313],
     | 70.00th=[  414], 80.00th=[  527], 90.00th=[  676], 95.00th=[  768],
     | 99.00th=[  944], 99.50th=[ 1028], 99.90th=[ 1284], 99.95th=[ 1418],
     | 99.99th=[ 1620]
   bw (  KiB/s): min=  512, max=29312, per=100.00%, avg=13999.76, stdev=6789.86, samples=149
   iops        : min=    8, max=  458, avg=218.74, stdev=106.08, samples=149
  lat (usec)   : 750=0.01%, 1000=0.01%
  lat (msec)   : 2=0.04%, 4=0.15%, 10=0.85%, 20=7.02%, 50=15.42%
  lat (msec)   : 100=5.19%, 250=19.34%, 500=30.28%, 750=15.80%, 1000=5.31%
  lat (msec)   : 2000=0.60%
  cpu          : usr=0.21%, sys=0.81%, ctx=15699, majf=0, minf=28
  IO depths    : 1=0.1%, 2=0.1%, 4=0.1%, 8=0.1%, 16=0.1%, 32=0.2%, >=64=99.6%
     submit    : 0=0.0%, 4=100.0%, 8=0.0%, 16=0.0%, 32=0.0%, 64=0.0%, >=64=0.0%
     complete  : 0=0.0%, 4=100.0%, 8=0.0%, 16=0.0%, 32=0.0%, 64=0.1%, >=64=0.0%
     issued rwt: total=0,16384,0, short=0,0,0, dropped=0,0,0
     latency   : target=0, window=0, percentile=100.00%, depth=64

Run status group 0 (all jobs):
  WRITE: bw=13.3MiB/s (13.9MB/s), 13.3MiB/s-13.3MiB/s (13.9MB/s-13.9MB/s), io=1024MiB (1074MB), run=77069-77069msec

Disk stats (read/write):
  sdj: ios=0/15620, merge=0/660, ticks=0/4753505, in_queue=4769493, util=99.94%
