test: (g=0): rw=randread, bs=(R) 4096B-4096B, (W) 4096B-4096B, (T) 4096B-4096B, ioengine=libaio, iodepth=64
fio-3.1
Starting 1 process

test: (groupid=0, jobs=1): err= 0: pid=34213: Sun Jul 15 06:47:53 2018
   read: IOPS=513, BW=2055KiB/s (2104kB/s)(1024MiB/510237msec)
    slat (nsec): min=1481, max=72286, avg=16293.02, stdev=5891.28
    clat (usec): min=582, max=1172.1k, avg=124547.17, stdev=92135.80
     lat (usec): min=587, max=1172.1k, avg=124563.97, stdev=92136.04
    clat percentiles (msec):
     |  1.00th=[   13],  5.00th=[   26], 10.00th=[   37], 20.00th=[   56],
     | 30.00th=[   72], 40.00th=[   88], 50.00th=[  104], 60.00th=[  121],
     | 70.00th=[  142], 80.00th=[  176], 90.00th=[  239], 95.00th=[  305],
     | 99.00th=[  464], 99.50th=[  531], 99.90th=[  693], 99.95th=[  760],
     | 99.99th=[  894]
   bw (  KiB/s): min=  648, max= 8048, per=99.84%, avg=2051.72, stdev=422.17, samples=1020
   iops        : min=  162, max= 2012, avg=512.92, stdev=105.55, samples=1020
  lat (usec)   : 750=0.01%, 1000=0.01%
  lat (msec)   : 2=0.01%, 4=0.05%, 10=0.55%, 20=2.48%, 50=13.96%
  lat (msec)   : 100=31.10%, 250=42.96%, 500=8.20%, 750=0.63%, 1000=0.05%
  lat (msec)   : 2000=0.01%
  cpu          : usr=0.70%, sys=1.69%, ctx=258200, majf=0, minf=95
  IO depths    : 1=0.1%, 2=0.1%, 4=0.1%, 8=0.1%, 16=0.1%, 32=0.1%, >=64=100.0%
     submit    : 0=0.0%, 4=100.0%, 8=0.0%, 16=0.0%, 32=0.0%, 64=0.0%, >=64=0.0%
     complete  : 0=0.0%, 4=100.0%, 8=0.0%, 16=0.0%, 32=0.0%, 64=0.1%, >=64=0.0%
     issued rwt: total=262144,0,0, short=0,0,0, dropped=0,0,0
     latency   : target=0, window=0, percentile=100.00%, depth=64

Run status group 0 (all jobs):
   READ: bw=2055KiB/s (2104kB/s), 2055KiB/s-2055KiB/s (2104kB/s-2104kB/s), io=1024MiB (1074MB), run=510237-510237msec

Disk stats (read/write):
  sdj: ios=259199/6, merge=2584/0, ticks=32470615/3740, in_queue=32474572, util=100.00%
