test: (g=0): rw=write, bs=(R) 64.0KiB-64.0KiB, (W) 64.0KiB-64.0KiB, (T) 64.0KiB-64.0KiB, ioengine=libaio, iodepth=64
fio-3.1
Starting 1 process

test: (groupid=0, jobs=1): err= 0: pid=23624: Fri Jul 13 13:05:55 2018
  write: IOPS=7297, BW=456MiB/s (478MB/s)(1024MiB/2245msec)
    slat (nsec): min=2993, max=46551, avg=10987.57, stdev=5805.28
    clat (usec): min=529, max=16603, avg=8752.08, stdev=886.20
     lat (usec): min=541, max=16607, avg=8763.18, stdev=886.16
    clat percentiles (usec):
     |  1.00th=[ 8029],  5.00th=[ 8160], 10.00th=[ 8291], 20.00th=[ 8455],
     | 30.00th=[ 8455], 40.00th=[ 8586], 50.00th=[ 8586], 60.00th=[ 8717],
     | 70.00th=[ 8717], 80.00th=[ 8848], 90.00th=[ 9110], 95.00th=[ 9372],
     | 99.00th=[13698], 99.50th=[13829], 99.90th=[14222], 99.95th=[15664],
     | 99.99th=[16581]
   bw (  KiB/s): min=463616, max=472320, per=100.00%, avg=468192.00, stdev=3958.18, samples=4
   iops        : min= 7244, max= 7380, avg=7315.50, stdev=61.85, samples=4
  lat (usec)   : 750=0.03%, 1000=0.01%
  lat (msec)   : 2=0.05%, 4=0.10%, 10=96.38%, 20=3.43%
  cpu          : usr=3.39%, sys=12.21%, ctx=8690, majf=0, minf=29
  IO depths    : 1=0.1%, 2=0.1%, 4=0.1%, 8=0.1%, 16=0.1%, 32=0.2%, >=64=99.6%
     submit    : 0=0.0%, 4=100.0%, 8=0.0%, 16=0.0%, 32=0.0%, 64=0.0%, >=64=0.0%
     complete  : 0=0.0%, 4=100.0%, 8=0.0%, 16=0.0%, 32=0.0%, 64=0.1%, >=64=0.0%
     issued rwt: total=0,16384,0, short=0,0,0, dropped=0,0,0
     latency   : target=0, window=0, percentile=100.00%, depth=64

Run status group 0 (all jobs):
  WRITE: bw=456MiB/s (478MB/s), 456MiB/s-456MiB/s (478MB/s-478MB/s), io=1024MiB (1074MB), run=2245-2245msec

Disk stats (read/write):
  sda: ios=40/8339, merge=0/7371, ticks=15/72553, in_queue=72748, util=95.91%
