test: (g=0): rw=write, bs=(R) 512KiB-512KiB, (W) 512KiB-512KiB, (T) 512KiB-512KiB, ioengine=libaio, iodepth=64
fio-3.1
Starting 1 process

test: (groupid=0, jobs=1): err= 0: pid=16016: Sun Jul 15 01:51:39 2018
  write: IOPS=498, BW=249MiB/s (262MB/s)(1024MiB/4105msec)
    slat (usec): min=40, max=198, avg=130.33, stdev=36.66
    clat (msec): min=3, max=255, avg=128.01, stdev=19.79
     lat (msec): min=4, max=255, avg=128.14, stdev=19.80
    clat percentiles (msec):
     |  1.00th=[   46],  5.00th=[  117], 10.00th=[  120], 20.00th=[  122],
     | 30.00th=[  125], 40.00th=[  126], 50.00th=[  127], 60.00th=[  129],
     | 70.00th=[  131], 80.00th=[  134], 90.00th=[  140], 95.00th=[  142],
     | 99.00th=[  220], 99.50th=[  239], 99.90th=[  253], 99.95th=[  255],
     | 99.99th=[  255]
   bw (  KiB/s): min=231424, max=267264, per=99.49%, avg=254145.12, stdev=11475.33, samples=8
   iops        : min=  452, max=  522, avg=496.38, stdev=22.41, samples=8
  lat (msec)   : 4=0.15%, 10=0.05%, 20=0.24%, 50=0.59%, 100=1.37%
  lat (msec)   : 250=97.36%, 500=0.24%
  cpu          : usr=2.56%, sys=5.48%, ctx=2047, majf=0, minf=28
  IO depths    : 1=0.1%, 2=0.1%, 4=0.2%, 8=0.4%, 16=0.8%, 32=1.6%, >=64=96.9%
     submit    : 0=0.0%, 4=100.0%, 8=0.0%, 16=0.0%, 32=0.0%, 64=0.0%, >=64=0.0%
     complete  : 0=0.0%, 4=99.9%, 8=0.0%, 16=0.0%, 32=0.0%, 64=0.1%, >=64=0.0%
     issued rwt: total=0,2048,0, short=0,0,0, dropped=0,0,0
     latency   : target=0, window=0, percentile=100.00%, depth=64

Run status group 0 (all jobs):
  WRITE: bw=249MiB/s (262MB/s), 249MiB/s-249MiB/s (262MB/s-262MB/s), io=1024MiB (1074MB), run=4105-4105msec

Disk stats (read/write):
  sdb: ios=0/3878, merge=0/0, ticks=0/485824, in_queue=494089, util=97.17%
