test: (g=0): rw=read, bs=(R) 64.0KiB-64.0KiB, (W) 64.0KiB-64.0KiB, (T) 64.0KiB-64.0KiB, ioengine=libaio, iodepth=64
fio-3.1
Starting 1 process

test: (groupid=0, jobs=1): err= 0: pid=13279: Thu Jul 12 15:20:30 2018
   read: IOPS=3244, BW=203MiB/s (213MB/s)(1024MiB/5049msec)
    slat (usec): min=3, max=171, avg=11.60, stdev= 6.64
    clat (usec): min=1080, max=46075, avg=19701.69, stdev=3997.67
     lat (usec): min=1118, max=46090, avg=19713.43, stdev=3997.89
    clat percentiles (usec):
     |  1.00th=[16057],  5.00th=[16450], 10.00th=[16581], 20.00th=[16581],
     | 30.00th=[17433], 40.00th=[17957], 50.00th=[17957], 60.00th=[18482],
     | 70.00th=[19530], 80.00th=[21627], 90.00th=[26346], 95.00th=[27395],
     | 99.00th=[29754], 99.50th=[36439], 99.90th=[44303], 99.95th=[44303],
     | 99.99th=[45876]
   bw (  KiB/s): min=186880, max=221312, per=100.00%, avg=207897.60, stdev=10145.12, samples=10
   iops        : min= 2920, max= 3458, avg=3248.40, stdev=158.52, samples=10
  lat (msec)   : 2=0.01%, 4=0.01%, 10=0.07%, 20=72.89%, 50=27.02%
  cpu          : usr=1.47%, sys=6.20%, ctx=8711, majf=0, minf=545
  IO depths    : 1=0.1%, 2=0.1%, 4=0.1%, 8=0.1%, 16=0.1%, 32=0.2%, >=64=99.6%
     submit    : 0=0.0%, 4=100.0%, 8=0.0%, 16=0.0%, 32=0.0%, 64=0.0%, >=64=0.0%
     complete  : 0=0.0%, 4=100.0%, 8=0.0%, 16=0.0%, 32=0.0%, 64=0.1%, >=64=0.0%
     issued rwt: total=16384,0,0, short=0,0,0, dropped=0,0,0
     latency   : target=0, window=0, percentile=100.00%, depth=64

Run status group 0 (all jobs):
   READ: bw=203MiB/s (213MB/s), 203MiB/s-203MiB/s (213MB/s-213MB/s), io=1024MiB (1074MB), run=5049-5049msec

Disk stats (read/write):
  sdi: ios=8435/0, merge=7447/0, ticks=165831/0, in_queue=166058, util=98.06%
