test: (g=0): rw=randwrite, bs=(R) 4096B-4096B, (W) 4096B-4096B, (T) 4096B-4096B, ioengine=libaio, iodepth=64
fio-3.1
Starting 1 process

test: (groupid=0, jobs=1): err= 0: pid=5708: Fri Jul 13 17:51:24 2018
  write: IOPS=376, BW=1505KiB/s (1541kB/s)(1024MiB/696587msec)
    slat (nsec): min=1640, max=67356, avg=16956.23, stdev=7790.07
    clat (usec): min=194, max=1089.6k, avg=170039.28, stdev=119948.63
     lat (usec): min=262, max=1089.6k, avg=170056.63, stdev=119950.36
    clat percentiles (msec):
     |  1.00th=[   12],  5.00th=[   18], 10.00th=[   26], 20.00th=[   78],
     | 30.00th=[  109], 40.00th=[  131], 50.00th=[  155], 60.00th=[  178],
     | 70.00th=[  203], 80.00th=[  236], 90.00th=[  326], 95.00th=[  418],
     | 99.00th=[  558], 99.50th=[  617], 99.90th=[  810], 99.95th=[  852],
     | 99.99th=[  986]
   bw (  KiB/s): min=  168, max= 6648, per=99.89%, avg=1503.31, stdev=470.00, samples=1393
   iops        : min=   42, max= 1662, avg=375.81, stdev=117.50, samples=1393
  lat (usec)   : 250=0.01%, 1000=0.01%
  lat (msec)   : 2=0.01%, 4=0.04%, 10=0.47%, 20=5.99%, 50=9.67%
  lat (msec)   : 100=10.61%, 250=55.98%, 500=15.17%, 750=1.90%, 1000=0.16%
  lat (msec)   : 2000=0.01%
  cpu          : usr=0.44%, sys=1.19%, ctx=259353, majf=0, minf=28
  IO depths    : 1=0.1%, 2=0.1%, 4=0.1%, 8=0.1%, 16=0.1%, 32=0.1%, >=64=100.0%
     submit    : 0=0.0%, 4=100.0%, 8=0.0%, 16=0.0%, 32=0.0%, 64=0.0%, >=64=0.0%
     complete  : 0=0.0%, 4=100.0%, 8=0.0%, 16=0.0%, 32=0.0%, 64=0.1%, >=64=0.0%
     issued rwt: total=0,262144,0, short=0,0,0, dropped=0,0,0
     latency   : target=0, window=0, percentile=100.00%, depth=64

Run status group 0 (all jobs):
  WRITE: bw=1505KiB/s (1541kB/s), 1505KiB/s-1505KiB/s (1541kB/s-1541kB/s), io=1024MiB (1074MB), run=696587-696587msec

Disk stats (read/write):
  sdm: ios=40/259332, merge=0/2660, ticks=24450/44314824, in_queue=44339758, util=100.00%
