test: (g=0): rw=randwrite, bs=(R) 64.0KiB-64.0KiB, (W) 64.0KiB-64.0KiB, (T) 64.0KiB-64.0KiB, ioengine=libaio, iodepth=64
fio-3.1
Starting 1 process

test: (groupid=0, jobs=1): err= 0: pid=16799: Mon Jul 23 22:04:32 2018
  write: IOPS=412, BW=25.8MiB/s (27.0MB/s)(1024MiB/39742msec)
    slat (nsec): min=5366, max=72595, avg=26319.08, stdev=10277.15
    clat (usec): min=643, max=985293, avg=155206.15, stdev=132750.91
     lat (usec): min=669, max=985333, avg=155232.95, stdev=132752.56
    clat percentiles (msec):
     |  1.00th=[   14],  5.00th=[   19], 10.00th=[   23], 20.00th=[   33],
     | 30.00th=[   68], 40.00th=[   97], 50.00th=[  124], 60.00th=[  150],
     | 70.00th=[  186], 80.00th=[  249], 90.00th=[  355], 95.00th=[  430],
     | 99.00th=[  550], 99.50th=[  617], 99.90th=[  726], 99.95th=[  776],
     | 99.99th=[  927]
   bw (  KiB/s): min= 5248, max=54400, per=97.85%, avg=25818.00, stdev=8945.43, samples=79
   iops        : min=   82, max=  850, avg=403.41, stdev=139.77, samples=79
  lat (usec)   : 750=0.01%
  lat (msec)   : 2=0.01%, 4=0.01%, 10=0.06%, 20=7.14%, 50=19.35%
  lat (msec)   : 100=14.59%, 250=39.18%, 500=17.07%, 750=2.51%, 1000=0.07%
  cpu          : usr=0.51%, sys=1.48%, ctx=16380, majf=0, minf=28
  IO depths    : 1=0.1%, 2=0.1%, 4=0.1%, 8=0.1%, 16=0.1%, 32=0.2%, >=64=99.6%
     submit    : 0=0.0%, 4=100.0%, 8=0.0%, 16=0.0%, 32=0.0%, 64=0.0%, >=64=0.0%
     complete  : 0=0.0%, 4=100.0%, 8=0.0%, 16=0.0%, 32=0.0%, 64=0.1%, >=64=0.0%
     issued rwt: total=0,16384,0, short=0,0,0, dropped=0,0,0
     latency   : target=0, window=0, percentile=100.00%, depth=64

Run status group 0 (all jobs):
  WRITE: bw=25.8MiB/s (27.0MB/s), 25.8MiB/s-25.8MiB/s (27.0MB/s-27.0MB/s), io=1024MiB (1074MB), run=39742-39742msec

Disk stats (read/write):
  sdl: ios=40/16094, merge=0/0, ticks=113/2535502, in_queue=2536497, util=100.00%
