test: (g=0): rw=randwrite, bs=(R) 8192B-8192B, (W) 8192B-8192B, (T) 8192B-8192B, ioengine=libaio, iodepth=64
fio-3.1
Starting 1 process

test: (groupid=0, jobs=1): err= 0: pid=18577: Sun Jul 15 04:42:51 2018
  write: IOPS=225, BW=1805KiB/s (1849kB/s)(1024MiB/580830msec)
    slat (usec): min=2, max=163, avg=16.68, stdev= 8.71
    clat (usec): min=320, max=2214.1k, avg=283586.79, stdev=207014.26
     lat (usec): min=348, max=2214.1k, avg=283603.83, stdev=207015.74
    clat percentiles (msec):
     |  1.00th=[   12],  5.00th=[   20], 10.00th=[   28], 20.00th=[  109],
     | 30.00th=[  176], 40.00th=[  215], 50.00th=[  257], 60.00th=[  300],
     | 70.00th=[  342], 80.00th=[  409], 90.00th=[  567], 95.00th=[  701],
     | 99.00th=[  919], 99.50th=[ 1003], 99.90th=[ 1267], 99.95th=[ 1401],
     | 99.99th=[ 1653]
   bw (  KiB/s): min=   15, max= 6144, per=100.00%, avg=1834.98, stdev=720.79, samples=1138
   iops        : min=    1, max=  768, avg=229.36, stdev=90.10, samples=1138
  lat (usec)   : 500=0.01%, 750=0.01%, 1000=0.01%
  lat (msec)   : 2=0.01%, 4=0.11%, 10=0.58%, 20=4.85%, 50=9.83%
  lat (msec)   : 100=3.86%, 250=29.23%, 500=38.16%, 750=9.80%, 1000=3.06%
  lat (msec)   : 2000=0.50%, >=2000=0.01%
  cpu          : usr=0.24%, sys=0.69%, ctx=128645, majf=0, minf=326
  IO depths    : 1=0.1%, 2=0.1%, 4=0.1%, 8=0.1%, 16=0.1%, 32=0.1%, >=64=100.0%
     submit    : 0=0.0%, 4=100.0%, 8=0.0%, 16=0.0%, 32=0.0%, 64=0.0%, >=64=0.0%
     complete  : 0=0.0%, 4=100.0%, 8=0.0%, 16=0.0%, 32=0.0%, 64=0.1%, >=64=0.0%
     issued rwt: total=0,131072,0, short=0,0,0, dropped=0,0,0
     latency   : target=0, window=0, percentile=100.00%, depth=64

Run status group 0 (all jobs):
  WRITE: bw=1805KiB/s (1849kB/s), 1805KiB/s-1805KiB/s (1849kB/s-1849kB/s), io=1024MiB (1074MB), run=580830-580830msec

Disk stats (read/write):
  sdg: ios=0/129029, merge=0/2065, ticks=0/36868278, in_queue=36868345, util=100.00%
