test: (g=0): rw=randwrite, bs=(R) 4096B-4096B, (W) 4096B-4096B, (T) 4096B-4096B, ioengine=libaio, iodepth=64
fio-3.1
Starting 1 process

test: (groupid=0, jobs=1): err= 0: pid=17275: Sun Jul 15 02:56:32 2018
  write: IOPS=239, BW=959KiB/s (982kB/s)(1024MiB/1093903msec)
    slat (usec): min=2, max=212, avg=17.37, stdev= 8.65
    clat (usec): min=317, max=2036.4k, avg=267043.30, stdev=189018.36
     lat (usec): min=353, max=2036.4k, avg=267061.06, stdev=189019.74
    clat percentiles (msec):
     |  1.00th=[   13],  5.00th=[   22], 10.00th=[   32], 20.00th=[  121],
     | 30.00th=[  169], 40.00th=[  205], 50.00th=[  241], 60.00th=[  279],
     | 70.00th=[  317], 80.00th=[  376], 90.00th=[  527], 95.00th=[  651],
     | 99.00th=[  877], 99.50th=[  944], 99.90th=[ 1167], 99.95th=[ 1250],
     | 99.99th=[ 1469]
   bw (  KiB/s): min=    8, max= 3269, per=100.00%, avg=970.88, stdev=362.15, samples=2156
   iops        : min=    2, max=  817, avg=242.71, stdev=90.53, samples=2156
  lat (usec)   : 500=0.01%, 750=0.01%, 1000=0.01%
  lat (msec)   : 2=0.01%, 4=0.05%, 10=0.45%, 20=3.58%, 50=10.07%
  lat (msec)   : 100=3.78%, 250=34.86%, 500=35.95%, 750=8.74%, 1000=2.19%
  lat (msec)   : 2000=0.33%, >=2000=0.01%
  cpu          : usr=0.27%, sys=0.76%, ctx=258950, majf=0, minf=297
  IO depths    : 1=0.1%, 2=0.1%, 4=0.1%, 8=0.1%, 16=0.1%, 32=0.1%, >=64=100.0%
     submit    : 0=0.0%, 4=100.0%, 8=0.0%, 16=0.0%, 32=0.0%, 64=0.0%, >=64=0.0%
     complete  : 0=0.0%, 4=100.0%, 8=0.0%, 16=0.0%, 32=0.0%, 64=0.1%, >=64=0.0%
     issued rwt: total=0,262144,0, short=0,0,0, dropped=0,0,0
     latency   : target=0, window=0, percentile=100.00%, depth=64

Run status group 0 (all jobs):
  WRITE: bw=959KiB/s (982kB/s), 959KiB/s-959KiB/s (982kB/s-982kB/s), io=1024MiB (1074MB), run=1093903-1093903msec

Disk stats (read/write):
  sde: ios=0/259507, merge=0/2687, ticks=0/69665867, in_queue=69666983, util=100.00%
