test: (g=0): rw=read, bs=(R) 512KiB-512KiB, (W) 512KiB-512KiB, (T) 512KiB-512KiB, ioengine=libaio, iodepth=64
fio-3.1
Starting 1 process

test: (groupid=0, jobs=1): err= 0: pid=17142: Sun Jul 15 02:38:07 2018
   read: IOPS=400, BW=200MiB/s (210MB/s)(1024MiB/5117msec)
    slat (usec): min=23, max=1085, avg=91.59, stdev=58.98
    clat (msec): min=9, max=307, avg=159.55, stdev=24.40
     lat (msec): min=9, max=307, avg=159.64, stdev=24.39
    clat percentiles (msec):
     |  1.00th=[   48],  5.00th=[  150], 10.00th=[  150], 20.00th=[  153],
     | 30.00th=[  155], 40.00th=[  157], 50.00th=[  157], 60.00th=[  157],
     | 70.00th=[  165], 80.00th=[  171], 90.00th=[  171], 95.00th=[  194],
     | 99.00th=[  259], 99.50th=[  284], 99.90th=[  305], 99.95th=[  305],
     | 99.99th=[  309]
   bw (  KiB/s): min=190464, max=216064, per=99.19%, avg=203264.00, stdev=9657.38, samples=10
   iops        : min=  372, max=  422, avg=397.00, stdev=18.86, samples=10
  lat (msec)   : 10=0.24%, 20=0.15%, 50=0.68%, 100=1.07%, 250=96.68%
  lat (msec)   : 500=1.17%
  cpu          : usr=0.25%, sys=4.63%, ctx=2046, majf=0, minf=559
  IO depths    : 1=0.1%, 2=0.1%, 4=0.2%, 8=0.4%, 16=0.8%, 32=1.6%, >=64=96.9%
     submit    : 0=0.0%, 4=100.0%, 8=0.0%, 16=0.0%, 32=0.0%, 64=0.0%, >=64=0.0%
     complete  : 0=0.0%, 4=99.9%, 8=0.0%, 16=0.0%, 32=0.0%, 64=0.1%, >=64=0.0%
     issued rwt: total=2048,0,0, short=0,0,0, dropped=0,0,0
     latency   : target=0, window=0, percentile=100.00%, depth=64

Run status group 0 (all jobs):
   READ: bw=200MiB/s (210MB/s), 200MiB/s-200MiB/s (210MB/s-210MB/s), io=1024MiB (1074MB), run=5117-5117msec

Disk stats (read/write):
  sde: ios=3913/1, merge=0/0, ticks=612805/1107, in_queue=623924, util=98.08%
