test: (g=0): rw=randwrite, bs=(R) 4096B-4096B, (W) 4096B-4096B, (T) 4096B-4096B, ioengine=libaio, iodepth=64
fio-3.1
Starting 1 process

test: (groupid=0, jobs=1): err= 0: pid=12865: Thu Jul 12 15:05:09 2018
  write: IOPS=1571, BW=6287KiB/s (6438kB/s)(1024MiB/166783msec)
    slat (nsec): min=1395, max=177550, avg=8749.55, stdev=6741.61
    clat (usec): min=307, max=301324, avg=40706.51, stdev=32956.02
     lat (usec): min=328, max=301328, avg=40715.47, stdev=32955.58
    clat percentiles (msec):
     |  1.00th=[    6],  5.00th=[    8], 10.00th=[   10], 20.00th=[   12],
     | 30.00th=[   16], 40.00th=[   23], 50.00th=[   33], 60.00th=[   42],
     | 70.00th=[   51], 80.00th=[   67], 90.00th=[   89], 95.00th=[  108],
     | 99.00th=[  140], 99.50th=[  155], 99.90th=[  192], 99.95th=[  215],
     | 99.99th=[  271]
   bw (  KiB/s): min= 2712, max=16176, per=99.93%, avg=6282.31, stdev=1303.13, samples=333
   iops        : min=  678, max= 4044, avg=1570.57, stdev=325.78, samples=333
  lat (usec)   : 500=0.01%
  lat (msec)   : 4=0.01%, 10=13.43%, 20=24.58%, 50=31.76%, 100=23.64%
  lat (msec)   : 250=6.57%, 500=0.02%
  cpu          : usr=1.25%, sys=2.77%, ctx=175362, majf=0, minf=300
  IO depths    : 1=0.1%, 2=0.1%, 4=0.1%, 8=0.1%, 16=0.1%, 32=0.1%, >=64=100.0%
     submit    : 0=0.0%, 4=100.0%, 8=0.0%, 16=0.0%, 32=0.0%, 64=0.0%, >=64=0.0%
     complete  : 0=0.0%, 4=100.0%, 8=0.0%, 16=0.0%, 32=0.0%, 64=0.1%, >=64=0.0%
     issued rwt: total=0,262144,0, short=0,0,0, dropped=0,0,0
     latency   : target=0, window=0, percentile=100.00%, depth=64

Run status group 0 (all jobs):
  WRITE: bw=6287KiB/s (6438kB/s), 6287KiB/s-6287KiB/s (6438kB/s-6438kB/s), io=1024MiB (1074MB), run=166783-166783msec

Disk stats (read/write):
  sdh: ios=40/259224, merge=0/2593, ticks=14/10579982, in_queue=10581701, util=100.00%
