test: (g=0): rw=write, bs=(R) 1024KiB-1024KiB, (W) 1024KiB-1024KiB, (T) 1024KiB-1024KiB, ioengine=libaio, iodepth=64
fio-3.1
Starting 1 process

test: (groupid=0, jobs=1): err= 0: pid=23881: Fri Aug 17 17:36:52 2018
  write: IOPS=197, BW=197MiB/s (207MB/s)(1024MiB/5189msec)
    slat (usec): min=95, max=71647, avg=4900.20, stdev=13014.25
    clat (msec): min=155, max=499, avg=317.18, stdev=38.09
     lat (msec): min=155, max=499, avg=322.08, stdev=36.86
    clat percentiles (msec):
     |  1.00th=[  180],  5.00th=[  259], 10.00th=[  279], 20.00th=[  300],
     | 30.00th=[  305], 40.00th=[  313], 50.00th=[  317], 60.00th=[  326],
     | 70.00th=[  330], 80.00th=[  342], 90.00th=[  355], 95.00th=[  363],
     | 99.00th=[  422], 99.50th=[  460], 99.90th=[  502], 99.95th=[  502],
     | 99.99th=[  502]
   bw (  KiB/s): min=155648, max=212992, per=96.89%, avg=195788.80, stdev=17702.01, samples=10
   iops        : min=  152, max=  208, avg=191.20, stdev=17.29, samples=10
  lat (msec)   : 250=3.22%, 500=96.78%
  cpu          : usr=1.37%, sys=2.06%, ctx=148, majf=0, minf=29
  IO depths    : 1=0.1%, 2=0.2%, 4=0.4%, 8=0.8%, 16=1.6%, 32=3.1%, >=64=93.8%
     submit    : 0=0.0%, 4=100.0%, 8=0.0%, 16=0.0%, 32=0.0%, 64=0.0%, >=64=0.0%
     complete  : 0=0.0%, 4=99.9%, 8=0.0%, 16=0.0%, 32=0.0%, 64=0.1%, >=64=0.0%
     issued rwt: total=0,1024,0, short=0,0,0, dropped=0,0,0
     latency   : target=0, window=0, percentile=100.00%, depth=64

Run status group 0 (all jobs):
  WRITE: bw=197MiB/s (207MB/s), 197MiB/s-197MiB/s (207MB/s-207MB/s), io=1024MiB (1074MB), run=5189-5189msec

Disk stats (read/write):
  sdf: ios=20/4021, merge=0/0, ticks=3/717080, in_queue=727696, util=97.58%
