test: (g=0): rw=randwrite, bs=(R) 4096B-4096B, (W) 4096B-4096B, (T) 4096B-4096B, ioengine=libaio, iodepth=64
fio-3.1
Starting 1 process

test: (groupid=0, jobs=1): err= 0: pid=22616: Fri Aug 17 17:01:08 2018
  write: IOPS=529, BW=2119KiB/s (2170kB/s)(1024MiB/494922msec)
    slat (usec): min=2, max=849, avg= 8.72, stdev= 8.21
    clat (usec): min=244, max=782362, avg=120819.40, stdev=72642.48
     lat (usec): min=258, max=782368, avg=120828.29, stdev=72643.74
    clat percentiles (usec):
     |  1.00th=[   594],  5.00th=[   635], 10.00th=[ 14746], 20.00th=[ 68682],
     | 30.00th=[ 90702], 40.00th=[106431], 50.00th=[121111], 60.00th=[135267],
     | 70.00th=[149947], 80.00th=[166724], 90.00th=[198181], 95.00th=[231736],
     | 99.00th=[337642], 99.50th=[408945], 99.90th=[633340], 99.95th=[683672],
     | 99.99th=[742392]
   bw (  KiB/s): min=  272, max=195280, per=100.00%, avg=2118.44, stdev=6195.28, samples=988
   iops        : min=   68, max=48820, avg=529.60, stdev=1548.82, samples=988
  lat (usec)   : 250=0.01%, 500=0.26%, 750=7.85%, 1000=1.15%
  lat (msec)   : 2=0.10%, 4=0.07%, 10=0.28%, 20=0.78%, 50=4.50%
  lat (msec)   : 100=20.46%, 250=61.08%, 500=3.22%, 750=0.27%, 1000=0.01%
  cpu          : usr=0.21%, sys=0.63%, ctx=82927, majf=0, minf=27
  IO depths    : 1=0.1%, 2=0.1%, 4=0.1%, 8=0.1%, 16=0.1%, 32=0.1%, >=64=100.0%
     submit    : 0=0.0%, 4=100.0%, 8=0.0%, 16=0.0%, 32=0.0%, 64=0.0%, >=64=0.0%
     complete  : 0=0.0%, 4=100.0%, 8=0.0%, 16=0.0%, 32=0.0%, 64=0.1%, >=64=0.0%
     issued rwt: total=0,262144,0, short=0,0,0, dropped=0,0,0
     latency   : target=0, window=0, percentile=100.00%, depth=64

Run status group 0 (all jobs):
  WRITE: bw=2119KiB/s (2170kB/s), 2119KiB/s-2119KiB/s (2170kB/s-2170kB/s), io=1024MiB (1074MB), run=494922-494922msec

Disk stats (read/write):
  sdd: ios=22/261989, merge=0/0, ticks=5/31654649, in_queue=31656769, util=100.00%
