test: (g=0): rw=write, bs=(R) 512KiB-512KiB, (W) 512KiB-512KiB, (T) 512KiB-512KiB, ioengine=libaio, iodepth=64
fio-3.1
Starting 1 process

test: (groupid=0, jobs=1): err= 0: pid=30617: Tue Jul 24 14:45:20 2018
  write: IOPS=391, BW=196MiB/s (205MB/s)(1024MiB/5231msec)
    slat (usec): min=50, max=221, avg=141.64, stdev=38.81
    clat (msec): min=24, max=340, avg=163.15, stdev=26.53
     lat (msec): min=24, max=340, avg=163.30, stdev=26.52
    clat percentiles (msec):
     |  1.00th=[  153],  5.00th=[  153], 10.00th=[  153], 20.00th=[  153],
     | 30.00th=[  153], 40.00th=[  155], 50.00th=[  157], 60.00th=[  159],
     | 70.00th=[  159], 80.00th=[  165], 90.00th=[  174], 95.00th=[  207],
     | 99.00th=[  305], 99.50th=[  321], 99.90th=[  338], 99.95th=[  338],
     | 99.99th=[  342]
   bw (  KiB/s): min=126976, max=214016, per=99.82%, avg=200089.60, stdev=26567.93, samples=10
   iops        : min=  248, max=  418, avg=390.80, stdev=51.89, samples=10
  lat (msec)   : 50=0.05%, 100=0.10%, 250=96.68%, 500=3.17%
  cpu          : usr=1.84%, sys=4.65%, ctx=2049, majf=0, minf=28
  IO depths    : 1=0.1%, 2=0.1%, 4=0.2%, 8=0.4%, 16=0.8%, 32=1.6%, >=64=96.9%
     submit    : 0=0.0%, 4=100.0%, 8=0.0%, 16=0.0%, 32=0.0%, 64=0.0%, >=64=0.0%
     complete  : 0=0.0%, 4=99.9%, 8=0.0%, 16=0.0%, 32=0.0%, 64=0.1%, >=64=0.0%
     issued rwt: total=0,2048,0, short=0,0,0, dropped=0,0,0
     latency   : target=0, window=0, percentile=100.00%, depth=64

Run status group 0 (all jobs):
  WRITE: bw=196MiB/s (205MB/s), 196MiB/s-196MiB/s (205MB/s-205MB/s), io=1024MiB (1074MB), run=5231-5231msec

Disk stats (read/write):
  sdd: ios=0/4014, merge=0/0, ticks=0/643161, in_queue=651914, util=97.85%
