test: (g=0): rw=randwrite, bs=(R) 4096B-4096B, (W) 4096B-4096B, (T) 4096B-4096B, ioengine=libaio, iodepth=64
fio-3.1
Starting 1 process

test: (groupid=0, jobs=1): err= 0: pid=29885: Sun Jul 15 09:39:08 2018
  write: IOPS=226, BW=906KiB/s (928kB/s)(1024MiB/1156975msec)
    slat (usec): min=2, max=875, avg=20.86, stdev= 8.89
    clat (usec): min=297, max=1845.4k, avg=282437.25, stdev=203527.26
     lat (usec): min=326, max=1845.5k, avg=282458.54, stdev=203528.22
    clat percentiles (msec):
     |  1.00th=[   13],  5.00th=[   21], 10.00th=[   29], 20.00th=[  121],
     | 30.00th=[  178], 40.00th=[  215], 50.00th=[  253], 60.00th=[  296],
     | 70.00th=[  338], 80.00th=[  401], 90.00th=[  567], 95.00th=[  693],
     | 99.00th=[  919], 99.50th=[ 1003], 99.90th=[ 1234], 99.95th=[ 1351],
     | 99.99th=[ 1586]
   bw (  KiB/s): min=    8, max= 4056, per=100.00%, avg=925.51, stdev=358.36, samples=2262
   iops        : min=    2, max= 1014, avg=231.37, stdev=89.59, samples=2262
  lat (usec)   : 500=0.01%, 750=0.01%, 1000=0.01%
  lat (msec)   : 2=0.01%, 4=0.07%, 10=0.50%, 20=4.24%, 50=9.92%
  lat (msec)   : 100=3.42%, 250=30.88%, 500=37.88%, 750=9.59%, 1000=2.96%
  lat (msec)   : 2000=0.52%
  cpu          : usr=0.30%, sys=0.84%, ctx=258949, majf=0, minf=28
  IO depths    : 1=0.1%, 2=0.1%, 4=0.1%, 8=0.1%, 16=0.1%, 32=0.1%, >=64=100.0%
     submit    : 0=0.0%, 4=100.0%, 8=0.0%, 16=0.0%, 32=0.0%, 64=0.0%, >=64=0.0%
     complete  : 0=0.0%, 4=100.0%, 8=0.0%, 16=0.0%, 32=0.0%, 64=0.1%, >=64=0.0%
     issued rwt: total=0,262144,0, short=0,0,0, dropped=0,0,0
     latency   : target=0, window=0, percentile=100.00%, depth=64

Run status group 0 (all jobs):
  WRITE: bw=906KiB/s (928kB/s), 906KiB/s-906KiB/s (928kB/s-928kB/s), io=1024MiB (1074MB), run=1156975-1156975msec

Disk stats (read/write):
  sdn: ios=0/259454, merge=0/2685, ticks=0/73704408, in_queue=73707104, util=100.00%
