test: (g=0): rw=randread, bs=(R) 64.0KiB-64.0KiB, (W) 64.0KiB-64.0KiB, (T) 64.0KiB-64.0KiB, ioengine=libaio, iodepth=64
fio-3.1
Starting 1 process

test: (groupid=0, jobs=1): err= 0: pid=33483: Fri Jul 13 14:36:23 2018
   read: IOPS=463, BW=28.0MiB/s (30.4MB/s)(1024MiB/35314msec)
    slat (usec): min=3, max=175, avg=22.89, stdev= 7.97
    clat (msec): min=4, max=986, avg=137.90, stdev=102.27
     lat (msec): min=4, max=986, avg=137.93, stdev=102.27
    clat percentiles (msec):
     |  1.00th=[   18],  5.00th=[   31], 10.00th=[   43], 20.00th=[   62],
     | 30.00th=[   80], 40.00th=[   95], 50.00th=[  112], 60.00th=[  131],
     | 70.00th=[  155], 80.00th=[  194], 90.00th=[  271], 95.00th=[  342],
     | 99.00th=[  514], 99.50th=[  592], 99.90th=[  768], 99.95th=[  827],
     | 99.99th=[  961]
   bw (  KiB/s): min=24192, max=46976, per=99.50%, avg=29542.19, stdev=3894.96, samples=70
   iops        : min=  378, max=  734, avg=461.56, stdev=60.86, samples=70
  lat (msec)   : 10=0.10%, 20=1.46%, 50=12.16%, 100=29.22%, 250=45.16%
  lat (msec)   : 500=10.74%, 750=1.03%, 1000=0.12%
  cpu          : usr=0.55%, sys=1.98%, ctx=15719, majf=0, minf=544
  IO depths    : 1=0.1%, 2=0.1%, 4=0.1%, 8=0.1%, 16=0.1%, 32=0.2%, >=64=99.6%
     submit    : 0=0.0%, 4=100.0%, 8=0.0%, 16=0.0%, 32=0.0%, 64=0.0%, >=64=0.0%
     complete  : 0=0.0%, 4=100.0%, 8=0.0%, 16=0.0%, 32=0.0%, 64=0.1%, >=64=0.0%
     issued rwt: total=16384,0,0, short=0,0,0, dropped=0,0,0
     latency   : target=0, window=0, percentile=100.00%, depth=64

Run status group 0 (all jobs):
   READ: bw=28.0MiB/s (30.4MB/s), 28.0MiB/s-28.0MiB/s (30.4MB/s-30.4MB/s), io=1024MiB (1074MB), run=35314-35314msec

Disk stats (read/write):
  sdf: ios=15751/0, merge=666/0, ticks=2185915/0, in_queue=2186381, util=100.00%
