test: (g=0): rw=write, bs=(R) 1024KiB-1024KiB, (W) 1024KiB-1024KiB, (T) 1024KiB-1024KiB, ioengine=libaio, iodepth=64
fio-3.1
Starting 1 process

test: (groupid=0, jobs=1): err= 0: pid=31697: Fri Jul 13 14:05:45 2018
  write: IOPS=194, BW=195MiB/s (204MB/s)(1024MiB/5256msec)
    slat (usec): min=64, max=86877, avg=4947.49, stdev=13097.06
    clat (msec): min=137, max=461, avg=321.22, stdev=34.84
     lat (msec): min=137, max=499, avg=326.16, stdev=33.17
    clat percentiles (msec):
     |  1.00th=[  188],  5.00th=[  275], 10.00th=[  288], 20.00th=[  313],
     | 30.00th=[  317], 40.00th=[  317], 50.00th=[  326], 60.00th=[  330],
     | 70.00th=[  330], 80.00th=[  338], 90.00th=[  359], 95.00th=[  363],
     | 99.00th=[  422], 99.50th=[  460], 99.90th=[  464], 99.95th=[  464],
     | 99.99th=[  464]
   bw (  KiB/s): min=151552, max=212992, per=97.13%, avg=193776.90, stdev=19091.51, samples=10
   iops        : min=  148, max=  208, avg=189.20, stdev=18.67, samples=10
  lat (msec)   : 250=3.22%, 500=96.78%
  cpu          : usr=1.50%, sys=1.86%, ctx=163, majf=0, minf=28
  IO depths    : 1=0.1%, 2=0.2%, 4=0.4%, 8=0.8%, 16=1.6%, 32=3.1%, >=64=93.8%
     submit    : 0=0.0%, 4=100.0%, 8=0.0%, 16=0.0%, 32=0.0%, 64=0.0%, >=64=0.0%
     complete  : 0=0.0%, 4=99.9%, 8=0.0%, 16=0.0%, 32=0.0%, 64=0.1%, >=64=0.0%
     issued rwt: total=0,1024,0, short=0,0,0, dropped=0,0,0
     latency   : target=0, window=0, percentile=100.00%, depth=64

Run status group 0 (all jobs):
  WRITE: bw=195MiB/s (204MB/s), 195MiB/s-195MiB/s (204MB/s-204MB/s), io=1024MiB (1074MB), run=5256-5256msec

Disk stats (read/write):
  sdf: ios=7/3977, merge=0/0, ticks=4367/713830, in_queue=730624, util=97.92%
