test: (g=0): rw=randwrite, bs=(R) 8192B-8192B, (W) 8192B-8192B, (T) 8192B-8192B, ioengine=libaio, iodepth=64
fio-3.1
Starting 1 process

test: (groupid=0, jobs=1): err= 0: pid=26559: Sun Jul 15 04:44:53 2018
  write: IOPS=224, BW=1794KiB/s (1837kB/s)(1024MiB/584580msec)
    slat (nsec): min=2572, max=71194, avg=19541.14, stdev=8593.40
    clat (usec): min=288, max=1957.9k, avg=285414.59, stdev=207800.89
     lat (usec): min=316, max=1957.9k, avg=285434.55, stdev=207802.70
    clat percentiles (msec):
     |  1.00th=[   11],  5.00th=[   20], 10.00th=[   28], 20.00th=[  110],
     | 30.00th=[  176], 40.00th=[  215], 50.00th=[  255], 60.00th=[  300],
     | 70.00th=[  351], 80.00th=[  418], 90.00th=[  567], 95.00th=[  701],
     | 99.00th=[  936], 99.50th=[ 1020], 99.90th=[ 1250], 99.95th=[ 1351],
     | 99.99th=[ 1536]
   bw (  KiB/s): min=   16, max= 5168, per=100.00%, avg=1819.34, stdev=729.88, samples=1150
   iops        : min=    2, max=  646, avg=227.40, stdev=91.24, samples=1150
  lat (usec)   : 500=0.01%, 750=0.01%, 1000=0.01%
  lat (msec)   : 2=0.02%, 4=0.11%, 10=0.74%, 20=4.34%, 50=10.18%
  lat (msec)   : 100=3.60%, 250=29.68%, 500=37.51%, 750=10.22%, 1000=3.03%
  lat (msec)   : 2000=0.59%
  cpu          : usr=0.27%, sys=0.76%, ctx=128869, majf=0, minf=28
  IO depths    : 1=0.1%, 2=0.1%, 4=0.1%, 8=0.1%, 16=0.1%, 32=0.1%, >=64=100.0%
     submit    : 0=0.0%, 4=100.0%, 8=0.0%, 16=0.0%, 32=0.0%, 64=0.0%, >=64=0.0%
     complete  : 0=0.0%, 4=100.0%, 8=0.0%, 16=0.0%, 32=0.0%, 64=0.1%, >=64=0.0%
     issued rwt: total=0,131072,0, short=0,0,0, dropped=0,0,0
     latency   : target=0, window=0, percentile=100.00%, depth=64

Run status group 0 (all jobs):
  WRITE: bw=1794KiB/s (1837kB/s), 1794KiB/s-1794KiB/s (1837kB/s-1837kB/s), io=1024MiB (1074MB), run=584580-584580msec

Disk stats (read/write):
  sdg: ios=0/129015, merge=0/2033, ticks=0/37123321, in_queue=37123746, util=100.00%
