test: (g=0): rw=randwrite, bs=(R) 8192B-8192B, (W) 8192B-8192B, (T) 8192B-8192B, ioengine=libaio, iodepth=64
fio-3.1
Starting 1 process

test: (groupid=0, jobs=1): err= 0: pid=19801: Sun Jul 15 06:11:10 2018
  write: IOPS=229, BW=1833KiB/s (1877kB/s)(1024MiB/571987msec)
    slat (usec): min=2, max=211, avg=16.17, stdev= 8.72
    clat (usec): min=299, max=1885.9k, avg=279269.17, stdev=201341.67
     lat (usec): min=335, max=1885.9k, avg=279285.70, stdev=201343.21
    clat percentiles (msec):
     |  1.00th=[   12],  5.00th=[   20], 10.00th=[   28], 20.00th=[  111],
     | 30.00th=[  174], 40.00th=[  213], 50.00th=[  253], 60.00th=[  296],
     | 70.00th=[  338], 80.00th=[  405], 90.00th=[  550], 95.00th=[  684],
     | 99.00th=[  894], 99.50th=[  978], 99.90th=[ 1217], 99.95th=[ 1334],
     | 99.99th=[ 1519]
   bw (  KiB/s): min=   16, max= 5344, per=100.00%, avg=1851.29, stdev=684.72, samples=1128
   iops        : min=    2, max=  668, avg=231.40, stdev=85.59, samples=1128
  lat (usec)   : 500=0.01%, 750=0.01%, 1000=0.01%
  lat (msec)   : 2=0.02%, 4=0.08%, 10=0.64%, 20=4.67%, 50=9.60%
  lat (msec)   : 100=4.04%, 250=30.27%, 500=37.96%, 750=9.37%, 1000=2.92%
  lat (msec)   : 2000=0.42%
  cpu          : usr=0.25%, sys=0.67%, ctx=128622, majf=0, minf=326
  IO depths    : 1=0.1%, 2=0.1%, 4=0.1%, 8=0.1%, 16=0.1%, 32=0.1%, >=64=100.0%
     submit    : 0=0.0%, 4=100.0%, 8=0.0%, 16=0.0%, 32=0.0%, 64=0.0%, >=64=0.0%
     complete  : 0=0.0%, 4=100.0%, 8=0.0%, 16=0.0%, 32=0.0%, 64=0.1%, >=64=0.0%
     issued rwt: total=0,131072,0, short=0,0,0, dropped=0,0,0
     latency   : target=0, window=0, percentile=100.00%, depth=64

Run status group 0 (all jobs):
  WRITE: bw=1833KiB/s (1877kB/s), 1833KiB/s-1833KiB/s (1877kB/s-1877kB/s), io=1024MiB (1074MB), run=571987-571987msec

Disk stats (read/write):
  sdi: ios=0/128927, merge=0/2016, ticks=0/36286313, in_queue=36291254, util=100.00%
