test: (g=0): rw=randread, bs=(R) 4096B-4096B, (W) 4096B-4096B, (T) 4096B-4096B, ioengine=libaio, iodepth=64
fio-3.1
Starting 1 process

test: (groupid=0, jobs=1): err= 0: pid=5090: Tue Jul 24 15:57:22 2018
   read: IOPS=530, BW=2123KiB/s (2174kB/s)(1024MiB/493947msec)
    slat (usec): min=3, max=691, avg=22.35, stdev= 7.36
    clat (msec): min=3, max=1039, avg=120.56, stdev=75.46
     lat (msec): min=3, max=1039, avg=120.59, stdev=75.46
    clat percentiles (msec):
     |  1.00th=[   29],  5.00th=[   57], 10.00th=[   64], 20.00th=[   71],
     | 30.00th=[   78], 40.00th=[   86], 50.00th=[   95], 60.00th=[  109],
     | 70.00th=[  129], 80.00th=[  159], 90.00th=[  213], 95.00th=[  271],
     | 99.00th=[  414], 99.50th=[  472], 99.90th=[  609], 99.95th=[  667],
     | 99.99th=[  827]
   bw (  KiB/s): min=  888, max= 6760, per=99.81%, avg=2117.88, stdev=387.72, samples=987
   iops        : min=  222, max= 1690, avg=529.47, stdev=96.93, samples=987
  lat (msec)   : 4=0.01%, 10=0.05%, 20=0.36%, 50=3.08%, 100=50.62%
  lat (msec)   : 250=39.48%, 500=6.06%, 750=0.33%, 1000=0.02%, 2000=0.01%
  cpu          : usr=0.64%, sys=1.92%, ctx=260726, majf=0, minf=95
  IO depths    : 1=0.1%, 2=0.1%, 4=0.1%, 8=0.1%, 16=0.1%, 32=0.1%, >=64=100.0%
     submit    : 0=0.0%, 4=100.0%, 8=0.0%, 16=0.0%, 32=0.0%, 64=0.0%, >=64=0.0%
     complete  : 0=0.0%, 4=100.0%, 8=0.0%, 16=0.0%, 32=0.0%, 64=0.1%, >=64=0.0%
     issued rwt: total=262144,0,0, short=0,0,0, dropped=0,0,0
     latency   : target=0, window=0, percentile=100.00%, depth=64

Run status group 0 (all jobs):
   READ: bw=2123KiB/s (2174kB/s), 2123KiB/s-2123KiB/s (2174kB/s-2174kB/s), io=1024MiB (1074MB), run=493947-493947msec

Disk stats (read/write):
  sde: ios=261956/6, merge=0/0, ticks=31595987/411, in_queue=31598015, util=100.00%
