test: (g=0): rw=randwrite, bs=(R) 8192B-8192B, (W) 8192B-8192B, (T) 8192B-8192B, ioengine=libaio, iodepth=64
fio-3.1
Starting 1 process

test: (groupid=0, jobs=1): err= 0: pid=13042: Mon Jul 23 17:27:56 2018
  write: IOPS=42.8k, BW=334MiB/s (350MB/s)(1024MiB/3064msec)
    slat (nsec): min=2841, max=35360, avg=4268.17, stdev=1353.27
    clat (usec): min=272, max=9029, avg=1491.02, stdev=279.33
     lat (usec): min=279, max=9033, avg=1495.34, stdev=279.32
    clat percentiles (usec):
     |  1.00th=[ 1401],  5.00th=[ 1434], 10.00th=[ 1434], 20.00th=[ 1450],
     | 30.00th=[ 1450], 40.00th=[ 1467], 50.00th=[ 1467], 60.00th=[ 1483],
     | 70.00th=[ 1500], 80.00th=[ 1516], 90.00th=[ 1532], 95.00th=[ 1549],
     | 99.00th=[ 1582], 99.50th=[ 1631], 99.90th=[ 6390], 99.95th=[ 8979],
     | 99.99th=[ 8979]
   bw (  KiB/s): min=336144, max=346288, per=100.00%, avg=342226.67, stdev=4602.49, samples=6
   iops        : min=42018, max=43286, avg=42778.33, stdev=575.31, samples=6
  lat (usec)   : 500=0.02%, 750=0.01%, 1000=0.01%
  lat (msec)   : 2=99.72%, 4=0.05%, 10=0.20%
  cpu          : usr=7.15%, sys=28.40%, ctx=124833, majf=0, minf=179
  IO depths    : 1=0.1%, 2=0.1%, 4=0.1%, 8=0.1%, 16=0.1%, 32=0.1%, >=64=100.0%
     submit    : 0=0.0%, 4=100.0%, 8=0.0%, 16=0.0%, 32=0.0%, 64=0.0%, >=64=0.0%
     complete  : 0=0.0%, 4=100.0%, 8=0.0%, 16=0.0%, 32=0.0%, 64=0.1%, >=64=0.0%
     issued rwt: total=0,131072,0, short=0,0,0, dropped=0,0,0
     latency   : target=0, window=0, percentile=100.00%, depth=64

Run status group 0 (all jobs):
  WRITE: bw=334MiB/s (350MB/s), 334MiB/s-334MiB/s (350MB/s-350MB/s), io=1024MiB (1074MB), run=3064-3064msec

Disk stats (read/write):
  sda: ios=42/123952, merge=0/0, ticks=7/184798, in_queue=184857, util=96.86%
