test: (g=0): rw=randwrite, bs=(R) 64.0KiB-64.0KiB, (W) 64.0KiB-64.0KiB, (T) 64.0KiB-64.0KiB, ioengine=libaio, iodepth=64
fio-3.1
Starting 1 process

test: (groupid=0, jobs=1): err= 0: pid=22223: Sun Jul 15 09:13:35 2018
  write: IOPS=211, BW=13.2MiB/s (13.8MB/s)(1024MiB/77630msec)
    slat (nsec): min=4150, max=80773, avg=20669.89, stdev=10719.04
    clat (usec): min=600, max=2117.3k, avg=303199.86, stdev=256797.46
     lat (usec): min=633, max=2117.3k, avg=303220.83, stdev=256798.46
    clat percentiles (msec):
     |  1.00th=[   11],  5.00th=[   18], 10.00th=[   23], 20.00th=[   36],
     | 30.00th=[  128], 40.00th=[  197], 50.00th=[  259], 60.00th=[  326],
     | 70.00th=[  401], 80.00th=[  506], 90.00th=[  659], 95.00th=[  810],
     | 99.00th=[ 1053], 99.50th=[ 1167], 99.90th=[ 1435], 99.95th=[ 1519],
     | 99.99th=[ 2106]
   bw (  KiB/s): min=  768, max=30720, per=100.00%, avg=13927.44, stdev=6982.37, samples=150
   iops        : min=   12, max=  480, avg=217.61, stdev=109.10, samples=150
  lat (usec)   : 750=0.01%, 1000=0.01%
  lat (msec)   : 2=0.02%, 4=0.10%, 10=0.87%, 20=6.89%, 50=14.94%
  lat (msec)   : 100=4.28%, 250=21.67%, 500=30.63%, 750=13.79%, 1000=5.37%
  lat (msec)   : 2000=1.40%, >=2000=0.01%
  cpu          : usr=0.22%, sys=0.67%, ctx=15722, majf=0, minf=28
  IO depths    : 1=0.1%, 2=0.1%, 4=0.1%, 8=0.1%, 16=0.1%, 32=0.2%, >=64=99.6%
     submit    : 0=0.0%, 4=100.0%, 8=0.0%, 16=0.0%, 32=0.0%, 64=0.0%, >=64=0.0%
     complete  : 0=0.0%, 4=100.0%, 8=0.0%, 16=0.0%, 32=0.0%, 64=0.1%, >=64=0.0%
     issued rwt: total=0,16384,0, short=0,0,0, dropped=0,0,0
     latency   : target=0, window=0, percentile=100.00%, depth=64

Run status group 0 (all jobs):
  WRITE: bw=13.2MiB/s (13.8MB/s), 13.2MiB/s-13.2MiB/s (13.8MB/s-13.8MB/s), io=1024MiB (1074MB), run=77630-77630msec

Disk stats (read/write):
  sdm: ios=0/15715, merge=0/661, ticks=0/4804289, in_queue=4807513, util=99.93%
