test: (g=0): rw=write, bs=(R) 512KiB-512KiB, (W) 512KiB-512KiB, (T) 512KiB-512KiB, ioengine=libaio, iodepth=64
fio-3.1
Starting 1 process

test: (groupid=0, jobs=1): err= 0: pid=21839: Sun Jul 15 08:31:11 2018
  write: IOPS=389, BW=195MiB/s (204MB/s)(1024MiB/5252msec)
    slat (usec): min=31, max=192, avg=116.92, stdev=38.20
    clat (msec): min=14, max=329, avg=163.86, stdev=24.47
     lat (msec): min=14, max=329, avg=163.98, stdev=24.46
    clat percentiles (msec):
     |  1.00th=[  157],  5.00th=[  157], 10.00th=[  157], 20.00th=[  157],
     | 30.00th=[  159], 40.00th=[  159], 50.00th=[  159], 60.00th=[  159],
     | 70.00th=[  159], 80.00th=[  163], 90.00th=[  167], 95.00th=[  199],
     | 99.00th=[  296], 99.50th=[  309], 99.90th=[  326], 99.95th=[  326],
     | 99.99th=[  330]
   bw (  KiB/s): min=134144, max=208896, per=99.75%, avg=199148.40, stdev=22930.28, samples=10
   iops        : min=  262, max=  408, avg=388.80, stdev=44.72, samples=10
  lat (msec)   : 20=0.05%, 50=0.05%, 100=0.05%, 250=96.88%, 500=2.98%
  cpu          : usr=1.49%, sys=4.32%, ctx=2049, majf=0, minf=28
  IO depths    : 1=0.1%, 2=0.1%, 4=0.2%, 8=0.4%, 16=0.8%, 32=1.6%, >=64=96.9%
     submit    : 0=0.0%, 4=100.0%, 8=0.0%, 16=0.0%, 32=0.0%, 64=0.0%, >=64=0.0%
     complete  : 0=0.0%, 4=99.9%, 8=0.0%, 16=0.0%, 32=0.0%, 64=0.1%, >=64=0.0%
     issued rwt: total=0,2048,0, short=0,0,0, dropped=0,0,0
     latency   : target=0, window=0, percentile=100.00%, depth=64

Run status group 0 (all jobs):
  WRITE: bw=195MiB/s (204MB/s), 195MiB/s-195MiB/s (204MB/s-204MB/s), io=1024MiB (1074MB), run=5252-5252msec

Disk stats (read/write):
  sdm: ios=0/3986, merge=0/0, ticks=0/641865, in_queue=651643, util=97.84%
