test: (g=0): rw=randread, bs=(R) 8192B-8192B, (W) 8192B-8192B, (T) 8192B-8192B, ioengine=libaio, iodepth=64
fio-3.1
Starting 1 process

test: (groupid=0, jobs=1): err= 0: pid=25327: Fri Aug 17 18:41:17 2018
   read: IOPS=792, BW=6336KiB/s (6488kB/s)(1024MiB/165485msec)
    slat (nsec): min=2583, max=98989, avg=12673.92, stdev=7836.48
    clat (usec): min=8, max=2729.2k, avg=80786.43, stdev=135650.56
     lat (usec): min=27, max=2729.3k, avg=80799.39, stdev=135651.11
    clat percentiles (usec):
     |  1.00th=[     27],  5.00th=[     30], 10.00th=[     31],
     | 20.00th=[     36], 30.00th=[     41], 40.00th=[     56],
     | 50.00th=[  68682], 60.00th=[  81265], 70.00th=[  96994],
     | 80.00th=[ 124257], 90.00th=[ 181404], 95.00th=[ 244319],
     | 99.00th=[ 509608], 99.50th=[ 926942], 99.90th=[1753220],
     | 99.95th=[1803551], 99.99th=[1954546]
   bw (  KiB/s): min=  144, max=35072, per=96.23%, avg=6097.30, stdev=3289.26, samples=330
   iops        : min=   18, max= 4384, avg=762.15, stdev=411.16, samples=330
  lat (usec)   : 10=0.01%, 20=0.03%, 50=36.64%, 100=5.27%, 250=0.12%
  lat (usec)   : 500=0.01%, 750=0.01%
  lat (msec)   : 20=0.01%, 50=0.79%, 100=28.59%, 250=23.78%, 500=3.73%
  lat (msec)   : 750=0.34%, 1000=0.22%, 2000=0.45%, >=2000=0.01%
  cpu          : usr=0.55%, sys=1.59%, ctx=128427, majf=0, minf=159
  IO depths    : 1=0.1%, 2=0.1%, 4=0.1%, 8=0.1%, 16=0.1%, 32=0.1%, >=64=100.0%
     submit    : 0=0.0%, 4=100.0%, 8=0.0%, 16=0.0%, 32=0.0%, 64=0.0%, >=64=0.0%
     complete  : 0=0.0%, 4=100.0%, 8=0.0%, 16=0.0%, 32=0.0%, 64=0.1%, >=64=0.0%
     issued rwt: total=131072,0,0, short=0,0,0, dropped=0,0,0
     latency   : target=0, window=0, percentile=100.00%, depth=64

Run status group 0 (all jobs):
   READ: bw=6336KiB/s (6488kB/s), 6336KiB/s-6336KiB/s (6488kB/s-6488kB/s), io=1024MiB (1074MB), run=165485-165485msec

Disk stats (read/write):
  sdh: ios=129092/0, merge=0/0, ticks=10588934/0, in_queue=10593808, util=100.00%
