test: (g=0): rw=randread, bs=(R) 4096B-4096B, (W) 4096B-4096B, (T) 4096B-4096B, ioengine=libaio, iodepth=64
fio-3.1
Starting 1 process

test: (groupid=0, jobs=1): err= 0: pid=25226: Fri Aug 17 18:34:45 2018
   read: IOPS=531, BW=2127KiB/s (2178kB/s)(1024MiB/492968msec)
    slat (nsec): min=2673, max=90444, avg=19608.29, stdev=8206.23
    clat (usec): min=12, max=2730.1k, avg=120328.48, stdev=124185.00
     lat (usec): min=30, max=2730.1k, avg=120348.54, stdev=124185.95
    clat percentiles (usec):
     |  1.00th=[     31],  5.00th=[     41], 10.00th=[  53216],
     | 20.00th=[  67634], 30.00th=[  74974], 40.00th=[  82314],
     | 50.00th=[  92799], 60.00th=[ 106431], 70.00th=[ 125305],
     | 80.00th=[ 156238], 90.00th=[ 212861], 95.00th=[ 278922],
     | 99.00th=[ 505414], 99.50th=[ 901776], 99.90th=[1702888],
     | 99.95th=[1820328], 99.99th=[1971323]
   bw (  KiB/s): min=   24, max=23080, per=98.00%, avg=2084.57, stdev=1186.22, samples=984
   iops        : min=    6, max= 5770, avg=521.14, stdev=296.55, samples=984
  lat (usec)   : 20=0.01%, 50=6.43%, 100=1.62%, 250=0.30%, 500=0.01%
  lat (usec)   : 750=0.01%
  lat (msec)   : 4=0.01%, 10=0.01%, 20=0.11%, 50=1.21%, 100=46.05%
  lat (msec)   : 250=37.56%, 500=5.68%, 750=0.39%, 1000=0.20%, 2000=0.42%
  lat (msec)   : >=2000=0.01%
  cpu          : usr=0.56%, sys=1.70%, ctx=257552, majf=0, minf=95
  IO depths    : 1=0.1%, 2=0.1%, 4=0.1%, 8=0.1%, 16=0.1%, 32=0.1%, >=64=100.0%
     submit    : 0=0.0%, 4=100.0%, 8=0.0%, 16=0.0%, 32=0.0%, 64=0.0%, >=64=0.0%
     complete  : 0=0.0%, 4=100.0%, 8=0.0%, 16=0.0%, 32=0.0%, 64=0.1%, >=64=0.0%
     issued rwt: total=262144,0,0, short=0,0,0, dropped=0,0,0
     latency   : target=0, window=0, percentile=100.00%, depth=64

Run status group 0 (all jobs):
   READ: bw=2127KiB/s (2178kB/s), 2127KiB/s-2127KiB/s (2178kB/s-2178kB/s), io=1024MiB (1074MB), run=492968-492968msec

Disk stats (read/write):
  sdh: ios=260613/0, merge=0/0, ticks=31546506/0, in_queue=31547402, util=100.00%
