test: (g=0): rw=randwrite, bs=(R) 4096B-4096B, (W) 4096B-4096B, (T) 4096B-4096B, ioengine=libaio, iodepth=64
fio-3.1
Starting 1 process

test: (groupid=0, jobs=1): err= 0: pid=2448: Thu Jul 12 09:20:05 2018
  write: IOPS=389, BW=1560KiB/s (1597kB/s)(1024MiB/672364msec)
    slat (nsec): min=1678, max=63563, avg=17532.02, stdev=7770.38
    clat (usec): min=213, max=1152.6k, avg=164126.63, stdev=116240.37
     lat (usec): min=236, max=1152.6k, avg=164144.58, stdev=116242.08
    clat percentiles (msec):
     |  1.00th=[   12],  5.00th=[   19], 10.00th=[   26], 20.00th=[   75],
     | 30.00th=[  105], 40.00th=[  126], 50.00th=[  146], 60.00th=[  169],
     | 70.00th=[  194], 80.00th=[  228], 90.00th=[  317], 95.00th=[  405],
     | 99.00th=[  542], 99.50th=[  600], 99.90th=[  776], 99.95th=[  835],
     | 99.99th=[  978]
   bw (  KiB/s): min=  224, max= 7016, per=99.77%, avg=1555.42, stdev=481.71, samples=1344
   iops        : min=   56, max= 1754, avg=388.84, stdev=120.43, samples=1344
  lat (usec)   : 250=0.01%, 500=0.01%, 1000=0.01%
  lat (msec)   : 2=0.01%, 4=0.04%, 10=0.52%, 20=5.82%, 50=9.88%
  lat (msec)   : 100=11.90%, 250=55.86%, 500=14.18%, 750=1.66%, 1000=0.13%
  lat (msec)   : 2000=0.01%
  cpu          : usr=0.48%, sys=1.27%, ctx=259384, majf=0, minf=28
  IO depths    : 1=0.1%, 2=0.1%, 4=0.1%, 8=0.1%, 16=0.1%, 32=0.1%, >=64=100.0%
     submit    : 0=0.0%, 4=100.0%, 8=0.0%, 16=0.0%, 32=0.0%, 64=0.0%, >=64=0.0%
     complete  : 0=0.0%, 4=100.0%, 8=0.0%, 16=0.0%, 32=0.0%, 64=0.1%, >=64=0.0%
     issued rwt: total=0,262144,0, short=0,0,0, dropped=0,0,0
     latency   : target=0, window=0, percentile=100.00%, depth=64

Run status group 0 (all jobs):
  WRITE: bw=1560KiB/s (1597kB/s), 1560KiB/s-1560KiB/s (1597kB/s-1597kB/s), io=1024MiB (1074MB), run=672364-672364msec

Disk stats (read/write):
  sdi: ios=40/259267, merge=0/2633, ticks=19007/42779855, in_queue=42799233, util=100.00%
