test: (g=0): rw=randwrite, bs=(R) 4096B-4096B, (W) 4096B-4096B, (T) 4096B-4096B, ioengine=libaio, iodepth=64
fio-3.1
Starting 1 process

test: (groupid=0, jobs=1): err= 0: pid=22724: Fri Aug 17 17:00:33 2018
  write: IOPS=552, BW=2212KiB/s (2265kB/s)(1024MiB/474109msec)
    slat (usec): min=2, max=570, avg= 7.43, stdev= 7.23
    clat (usec): min=315, max=758247, avg=115739.77, stdev=68199.82
     lat (usec): min=318, max=758250, avg=115747.34, stdev=68200.86
    clat percentiles (usec):
     |  1.00th=[   603],  5.00th=[   635], 10.00th=[ 20055], 20.00th=[ 68682],
     | 30.00th=[ 88605], 40.00th=[103285], 50.00th=[115868], 60.00th=[128451],
     | 70.00th=[141558], 80.00th=[158335], 90.00th=[187696], 95.00th=[214959],
     | 99.00th=[325059], 99.50th=[392168], 99.90th=[624952], 99.95th=[666895],
     | 99.99th=[734004]
   bw (  KiB/s): min=   24, max=192368, per=99.97%, avg=2210.40, stdev=6222.47, samples=948
   iops        : min=    6, max=48092, avg=552.59, stdev=1555.62, samples=948
  lat (usec)   : 500=0.17%, 750=7.87%, 1000=1.10%
  lat (msec)   : 2=0.08%, 4=0.03%, 10=0.10%, 20=0.63%, 50=4.66%
  lat (msec)   : 100=23.03%, 250=59.74%, 500=2.36%, 750=0.21%, 1000=0.01%
  cpu          : usr=0.19%, sys=0.57%, ctx=104567, majf=0, minf=27
  IO depths    : 1=0.1%, 2=0.1%, 4=0.1%, 8=0.1%, 16=0.1%, 32=0.1%, >=64=100.0%
     submit    : 0=0.0%, 4=100.0%, 8=0.0%, 16=0.0%, 32=0.0%, 64=0.0%, >=64=0.0%
     complete  : 0=0.0%, 4=100.0%, 8=0.0%, 16=0.0%, 32=0.0%, 64=0.1%, >=64=0.0%
     issued rwt: total=0,262144,0, short=0,0,0, dropped=0,0,0
     latency   : target=0, window=0, percentile=100.00%, depth=64

Run status group 0 (all jobs):
  WRITE: bw=2212KiB/s (2265kB/s), 2212KiB/s-2212KiB/s (2265kB/s-2265kB/s), io=1024MiB (1074MB), run=474109-474109msec

Disk stats (read/write):
  sdd: ios=40/262101, merge=0/0, ticks=1/30331748, in_queue=30332222, util=100.00%
