test: (g=0): rw=randread, bs=(R) 8192B-8192B, (W) 8192B-8192B, (T) 8192B-8192B, ioengine=libaio, iodepth=64
fio-3.1
Starting 1 process

test: (groupid=0, jobs=1): err= 0: pid=27031: Fri Jul 13 15:07:25 2018
   read: IOPS=513, BW=4112KiB/s (4210kB/s)(1024MiB/255029msec)
    slat (nsec): min=1402, max=201778, avg=12920.14, stdev=5809.73
    clat (usec): min=585, max=1126.2k, avg=124507.11, stdev=92116.99
     lat (usec): min=588, max=1126.3k, avg=124520.49, stdev=92117.19
    clat percentiles (msec):
     |  1.00th=[   14],  5.00th=[   27], 10.00th=[   37], 20.00th=[   55],
     | 30.00th=[   72], 40.00th=[   88], 50.00th=[  104], 60.00th=[  121],
     | 70.00th=[  142], 80.00th=[  176], 90.00th=[  239], 95.00th=[  305],
     | 99.00th=[  464], 99.50th=[  527], 99.90th=[  693], 99.95th=[  751],
     | 99.99th=[  927]
   bw (  KiB/s): min= 1232, max=10672, per=99.98%, avg=4110.08, stdev=759.75, samples=510
   iops        : min=  154, max= 1334, avg=513.76, stdev=94.97, samples=510
  lat (usec)   : 750=0.01%
  lat (msec)   : 2=0.01%, 4=0.03%, 10=0.43%, 20=2.31%, 50=14.27%
  lat (msec)   : 100=31.23%, 250=42.89%, 500=8.18%, 750=0.62%, 1000=0.04%
  lat (msec)   : 2000=0.01%
  cpu          : usr=0.66%, sys=1.50%, ctx=128340, majf=0, minf=457
  IO depths    : 1=0.1%, 2=0.1%, 4=0.1%, 8=0.1%, 16=0.1%, 32=0.1%, >=64=100.0%
     submit    : 0=0.0%, 4=100.0%, 8=0.0%, 16=0.0%, 32=0.0%, 64=0.0%, >=64=0.0%
     complete  : 0=0.0%, 4=100.0%, 8=0.0%, 16=0.0%, 32=0.0%, 64=0.1%, >=64=0.0%
     issued rwt: total=131072,0,0, short=0,0,0, dropped=0,0,0
     latency   : target=0, window=0, percentile=100.00%, depth=64

Run status group 0 (all jobs):
   READ: bw=4112KiB/s (4210kB/s), 4112KiB/s-4112KiB/s (4210kB/s-4210kB/s), io=1024MiB (1074MB), run=255029-255029msec

Disk stats (read/write):
  sdg: ios=128859/0, merge=2009/0, ticks=16155439/0, in_queue=16161887, util=100.00%
