test: (g=0): rw=randwrite, bs=(R) 8192B-8192B, (W) 8192B-8192B, (T) 8192B-8192B, ioengine=libaio, iodepth=64
fio-3.1
Starting 1 process

test: (groupid=0, jobs=1): err= 0: pid=2561: Thu Jul 12 09:34:07 2018
  write: IOPS=392, BW=3141KiB/s (3216kB/s)(1024MiB/333858msec)
    slat (nsec): min=1804, max=74449, avg=18234.63, stdev=8370.96
    clat (usec): min=249, max=1265.2k, avg=162987.85, stdev=121013.06
     lat (usec): min=290, max=1265.3k, avg=163006.45, stdev=121014.87
    clat percentiles (msec):
     |  1.00th=[   12],  5.00th=[   18], 10.00th=[   24], 20.00th=[   62],
     | 30.00th=[   97], 40.00th=[  121], 50.00th=[  144], 60.00th=[  167],
     | 70.00th=[  194], 80.00th=[  234], 90.00th=[  330], 95.00th=[  401],
     | 99.00th=[  542], 99.50th=[  634], 99.90th=[  844], 99.95th=[  894],
     | 99.99th=[ 1003]
   bw (  KiB/s): min=  240, max=11568, per=99.86%, avg=3135.69, stdev=1026.73, samples=667
   iops        : min=   30, max= 1446, avg=391.94, stdev=128.34, samples=667
  lat (usec)   : 250=0.01%, 500=0.01%, 1000=0.01%
  lat (msec)   : 2=0.01%, 4=0.07%, 10=0.63%, 20=6.56%, 50=11.13%
  lat (msec)   : 100=12.73%, 250=51.44%, 500=15.78%, 750=1.43%, 1000=0.22%
  lat (msec)   : 2000=0.01%
  cpu          : usr=0.45%, sys=1.30%, ctx=128988, majf=0, minf=28
  IO depths    : 1=0.1%, 2=0.1%, 4=0.1%, 8=0.1%, 16=0.1%, 32=0.1%, >=64=100.0%
     submit    : 0=0.0%, 4=100.0%, 8=0.0%, 16=0.0%, 32=0.0%, 64=0.0%, >=64=0.0%
     complete  : 0=0.0%, 4=100.0%, 8=0.0%, 16=0.0%, 32=0.0%, 64=0.1%, >=64=0.0%
     issued rwt: total=0,131072,0, short=0,0,0, dropped=0,0,0
     latency   : target=0, window=0, percentile=100.00%, depth=64

Run status group 0 (all jobs):
  WRITE: bw=3141KiB/s (3216kB/s), 3141KiB/s-3141KiB/s (3216kB/s-3216kB/s), io=1024MiB (1074MB), run=333858-333858msec

Disk stats (read/write):
  sdi: ios=40/129015, merge=0/2051, ticks=21484/21159372, in_queue=21181704, util=100.00%
