test: (g=0): rw=randread, bs=(R) 8192B-8192B, (W) 8192B-8192B, (T) 8192B-8192B, ioengine=libaio, iodepth=64
fio-3.1
Starting 1 process

test: (groupid=0, jobs=1): err= 0: pid=11371: Mon Jul 23 17:28:26 2018
   read: IOPS=48.8k, BW=381MiB/s (400MB/s)(1024MiB/2687msec)
    slat (nsec): min=3220, max=69885, avg=4841.17, stdev=1906.87
    clat (usec): min=435, max=3931, avg=1305.63, stdev=141.20
     lat (usec): min=441, max=3936, avg=1310.57, stdev=141.12
    clat percentiles (usec):
     |  1.00th=[  996],  5.00th=[ 1074], 10.00th=[ 1139], 20.00th=[ 1205],
     | 30.00th=[ 1221], 40.00th=[ 1254], 50.00th=[ 1303], 60.00th=[ 1352],
     | 70.00th=[ 1385], 80.00th=[ 1418], 90.00th=[ 1483], 95.00th=[ 1532],
     | 99.00th=[ 1598], 99.50th=[ 1631], 99.90th=[ 1876], 99.95th=[ 2409],
     | 99.99th=[ 3490]
   bw (  KiB/s): min=389360, max=391440, per=100.00%, avg=390307.20, stdev=804.26, samples=5
   iops        : min=48672, max=48930, avg=48788.80, stdev=99.95, samples=5
  lat (usec)   : 500=0.01%, 750=0.05%, 1000=1.02%
  lat (msec)   : 2=98.84%, 4=0.09%
  cpu          : usr=8.38%, sys=34.66%, ctx=106108, majf=0, minf=159
  IO depths    : 1=0.1%, 2=0.1%, 4=0.1%, 8=0.1%, 16=0.1%, 32=0.1%, >=64=100.0%
     submit    : 0=0.0%, 4=100.0%, 8=0.0%, 16=0.0%, 32=0.0%, 64=0.0%, >=64=0.0%
     complete  : 0=0.0%, 4=100.0%, 8=0.0%, 16=0.0%, 32=0.0%, 64=0.1%, >=64=0.0%
     issued rwt: total=131072,0,0, short=0,0,0, dropped=0,0,0
     latency   : target=0, window=0, percentile=100.00%, depth=64

Run status group 0 (all jobs):
   READ: bw=381MiB/s (400MB/s), 381MiB/s-381MiB/s (400MB/s-400MB/s), io=1024MiB (1074MB), run=2687-2687msec

Disk stats (read/write):
  sdb: ios=129213/0, merge=0/0, ticks=168460/0, in_queue=168534, util=96.36%
