test: (g=0): rw=randwrite, bs=(R) 64.0KiB-64.0KiB, (W) 64.0KiB-64.0KiB, (T) 64.0KiB-64.0KiB, ioengine=libaio, iodepth=64
fio-3.1
Starting 1 process

test: (groupid=0, jobs=1): err= 0: pid=5244: Tue Jul 24 16:12:21 2018
  write: IOPS=205, BW=12.8MiB/s (13.5MB/s)(1024MiB/79742msec)
    slat (nsec): min=6992, max=74437, avg=29660.54, stdev=11998.97
    clat (usec): min=678, max=1573.6k, avg=311437.40, stdev=237376.69
     lat (usec): min=709, max=1573.6k, avg=311467.40, stdev=237378.44
    clat percentiles (msec):
     |  1.00th=[   15],  5.00th=[   21], 10.00th=[   26], 20.00th=[   54],
     | 30.00th=[  150], 40.00th=[  218], 50.00th=[  284], 60.00th=[  351],
     | 70.00th=[  422], 80.00th=[  510], 90.00th=[  642], 95.00th=[  751],
     | 99.00th=[  961], 99.50th=[ 1045], 99.90th=[ 1167], 99.95th=[ 1217],
     | 99.99th=[ 1552]
   bw (  KiB/s): min=  256, max=29952, per=100.00%, avg=13390.97, stdev=6197.14, samples=156
   iops        : min=    4, max=  468, avg=209.22, stdev=96.83, samples=156
  lat (usec)   : 750=0.01%, 1000=0.01%
  lat (msec)   : 2=0.02%, 4=0.04%, 10=0.12%, 20=4.86%, 50=14.62%
  lat (msec)   : 100=4.57%, 250=20.84%, 500=34.09%, 750=15.83%, 1000=4.24%
  lat (msec)   : 2000=0.74%
  cpu          : usr=0.20%, sys=0.80%, ctx=16376, majf=0, minf=27
  IO depths    : 1=0.1%, 2=0.1%, 4=0.1%, 8=0.1%, 16=0.1%, 32=0.2%, >=64=99.6%
     submit    : 0=0.0%, 4=100.0%, 8=0.0%, 16=0.0%, 32=0.0%, 64=0.0%, >=64=0.0%
     complete  : 0=0.0%, 4=100.0%, 8=0.0%, 16=0.0%, 32=0.0%, 64=0.1%, >=64=0.0%
     issued rwt: total=0,16384,0, short=0,0,0, dropped=0,0,0
     latency   : target=0, window=0, percentile=100.00%, depth=64

Run status group 0 (all jobs):
  WRITE: bw=12.8MiB/s (13.5MB/s), 12.8MiB/s-12.8MiB/s (13.5MB/s-13.5MB/s), io=1024MiB (1074MB), run=79742-79742msec

Disk stats (read/write):
  sde: ios=0/16376, merge=0/0, ticks=0/5088427, in_queue=5091718, util=99.94%
