test: (g=0): rw=read, bs=(R) 64.0KiB-64.0KiB, (W) 64.0KiB-64.0KiB, (T) 64.0KiB-64.0KiB, ioengine=libaio, iodepth=64
fio-3.1
Starting 1 process

test: (groupid=0, jobs=1): err= 0: pid=8326: Tue Jul 24 19:55:49 2018
   read: IOPS=2992, BW=187MiB/s (196MB/s)(1024MiB/5475msec)
    slat (usec): min=5, max=190, avg=19.53, stdev= 7.55
    clat (usec): min=1271, max=271682, avg=21358.98, stdev=13566.70
     lat (usec): min=1280, max=271698, avg=21378.68, stdev=13566.73
    clat percentiles (msec):
     |  1.00th=[   20],  5.00th=[   20], 10.00th=[   20], 20.00th=[   20],
     | 30.00th=[   20], 40.00th=[   20], 50.00th=[   20], 60.00th=[   21],
     | 70.00th=[   22], 80.00th=[   22], 90.00th=[   22], 95.00th=[   22],
     | 99.00th=[   27], 99.50th=[  138], 99.90th=[  271], 99.95th=[  271],
     | 99.99th=[  271]
   bw (  KiB/s): min=122240, max=209920, per=99.33%, avg=190244.60, stdev=27228.65, samples=10
   iops        : min= 1910, max= 3280, avg=2972.50, stdev=425.42, samples=10
  lat (msec)   : 2=0.07%, 20=55.85%, 50=43.49%, 250=0.40%, 500=0.19%
  cpu          : usr=1.06%, sys=8.51%, ctx=16210, majf=0, minf=545
  IO depths    : 1=0.1%, 2=0.1%, 4=0.1%, 8=0.1%, 16=0.1%, 32=0.2%, >=64=99.6%
     submit    : 0=0.0%, 4=100.0%, 8=0.0%, 16=0.0%, 32=0.0%, 64=0.0%, >=64=0.0%
     complete  : 0=0.0%, 4=100.0%, 8=0.0%, 16=0.0%, 32=0.0%, 64=0.1%, >=64=0.0%
     issued rwt: total=16384,0,0, short=0,0,0, dropped=0,0,0
     latency   : target=0, window=0, percentile=100.00%, depth=64

Run status group 0 (all jobs):
   READ: bw=187MiB/s (196MB/s), 187MiB/s-187MiB/s (196MB/s-196MB/s), io=1024MiB (1074MB), run=5475-5475msec

Disk stats (read/write):
  sdk: ios=16121/0, merge=0/0, ticks=343912/0, in_queue=344508, util=98.22%
