test: (g=0): rw=randwrite, bs=(R) 64.0KiB-64.0KiB, (W) 64.0KiB-64.0KiB, (T) 64.0KiB-64.0KiB, ioengine=libaio, iodepth=64
fio-3.1
Starting 1 process

test: (groupid=0, jobs=1): err= 0: pid=8745: Tue Jul 24 20:42:31 2018
  write: IOPS=183, BW=11.4MiB/s (12.0MB/s)(1024MiB/89461msec)
    slat (nsec): min=7117, max=84552, avg=30268.02, stdev=12065.50
    clat (usec): min=657, max=1587.4k, avg=349399.03, stdev=281189.87
     lat (usec): min=686, max=1587.4k, avg=349429.67, stdev=281191.51
    clat percentiles (msec):
     |  1.00th=[   14],  5.00th=[   20], 10.00th=[   24], 20.00th=[   41],
     | 30.00th=[  153], 40.00th=[  236], 50.00th=[  317], 60.00th=[  393],
     | 70.00th=[  464], 80.00th=[  575], 90.00th=[  751], 95.00th=[  894],
     | 99.00th=[ 1133], 99.50th=[ 1234], 99.90th=[ 1334], 99.95th=[ 1401],
     | 99.99th=[ 1586]
   bw (  KiB/s): min=  896, max=25600, per=100.00%, avg=12197.01, stdev=5707.40, samples=171
   iops        : min=   14, max=  400, avg=190.56, stdev=89.19, samples=171
  lat (usec)   : 750=0.01%, 1000=0.01%
  lat (msec)   : 2=0.02%, 4=0.05%, 10=0.15%, 20=5.69%, 50=15.43%
  lat (msec)   : 100=3.81%, 250=16.32%, 500=32.71%, 750=15.98%, 1000=7.14%
  lat (msec)   : 2000=2.69%
  cpu          : usr=0.17%, sys=0.75%, ctx=16380, majf=0, minf=27
  IO depths    : 1=0.1%, 2=0.1%, 4=0.1%, 8=0.1%, 16=0.1%, 32=0.2%, >=64=99.6%
     submit    : 0=0.0%, 4=100.0%, 8=0.0%, 16=0.0%, 32=0.0%, 64=0.0%, >=64=0.0%
     complete  : 0=0.0%, 4=100.0%, 8=0.0%, 16=0.0%, 32=0.0%, 64=0.1%, >=64=0.0%
     issued rwt: total=0,16384,0, short=0,0,0, dropped=0,0,0
     latency   : target=0, window=0, percentile=100.00%, depth=64

Run status group 0 (all jobs):
  WRITE: bw=11.4MiB/s (12.0MB/s), 11.4MiB/s-11.4MiB/s (12.0MB/s-12.0MB/s), io=1024MiB (1074MB), run=89461-89461msec

Disk stats (read/write):
  sdk: ios=0/16378, merge=0/0, ticks=0/5710542, in_queue=5713970, util=99.95%
