test: (g=0): rw=write, bs=(R) 64.0KiB-64.0KiB, (W) 64.0KiB-64.0KiB, (T) 64.0KiB-64.0KiB, ioengine=libaio, iodepth=64
fio-3.1
Starting 1 process
test: Laying out IO file (1 file / 1024MiB)

test: (groupid=0, jobs=1): err= 0: pid=8280: Tue Jul 24 19:55:43 2018
  write: IOPS=3002, BW=188MiB/s (197MB/s)(1024MiB/5456msec)
    slat (usec): min=7, max=199, avg=26.91, stdev=10.59
    clat (usec): min=792, max=209073, avg=21279.37, stdev=11207.58
     lat (usec): min=997, max=209099, avg=21306.52, stdev=11206.78
    clat percentiles (msec):
     |  1.00th=[   20],  5.00th=[   20], 10.00th=[   20], 20.00th=[   20],
     | 30.00th=[   20], 40.00th=[   20], 50.00th=[   20], 60.00th=[   21],
     | 70.00th=[   22], 80.00th=[   22], 90.00th=[   22], 95.00th=[   22],
     | 99.00th=[   31], 99.50th=[   37], 99.90th=[  207], 99.95th=[  207],
     | 99.99th=[  209]
   bw (  KiB/s): min=128512, max=209792, per=99.42%, avg=191065.60, stdev=24069.30, samples=10
   iops        : min= 2008, max= 3278, avg=2985.40, stdev=376.08, samples=10
  lat (usec)   : 1000=0.01%
  lat (msec)   : 20=54.58%, 50=44.99%, 100=0.04%, 250=0.39%
  cpu          : usr=1.89%, sys=11.29%, ctx=16384, majf=0, minf=27
  IO depths    : 1=0.1%, 2=0.1%, 4=0.1%, 8=0.1%, 16=0.1%, 32=0.2%, >=64=99.6%
     submit    : 0=0.0%, 4=100.0%, 8=0.0%, 16=0.0%, 32=0.0%, 64=0.0%, >=64=0.0%
     complete  : 0=0.0%, 4=100.0%, 8=0.0%, 16=0.0%, 32=0.0%, 64=0.1%, >=64=0.0%
     issued rwt: total=0,16384,0, short=0,0,0, dropped=0,0,0
     latency   : target=0, window=0, percentile=100.00%, depth=64

Run status group 0 (all jobs):
  WRITE: bw=188MiB/s (197MB/s), 188MiB/s-188MiB/s (197MB/s-197MB/s), io=1024MiB (1074MB), run=5456-5456msec

Disk stats (read/write):
  sdk: ios=0/16164, merge=0/0, ticks=0/344200, in_queue=344795, util=98.16%
