test: (g=0): rw=write, bs=(R) 512KiB-512KiB, (W) 512KiB-512KiB, (T) 512KiB-512KiB, ioengine=libaio, iodepth=64
fio-3.1
Starting 1 process

test: (groupid=0, jobs=1): err= 0: pid=8370: Tue Jul 24 19:55:55 2018
  write: IOPS=372, BW=186MiB/s (195MB/s)(1024MiB/5505msec)
    slat (usec): min=31, max=203, avg=133.06, stdev=38.27
    clat (msec): min=105, max=419, avg=171.75, stdev=35.95
     lat (msec): min=105, max=419, avg=171.88, stdev=35.94
    clat percentiles (msec):
     |  1.00th=[  157],  5.00th=[  157], 10.00th=[  157], 20.00th=[  157],
     | 30.00th=[  161], 40.00th=[  161], 50.00th=[  165], 60.00th=[  171],
     | 70.00th=[  171], 80.00th=[  171], 90.00th=[  171], 95.00th=[  220],
     | 99.00th=[  372], 99.50th=[  397], 99.90th=[  414], 99.95th=[  418],
     | 99.99th=[  418]
   bw (  KiB/s): min=97280, max=209920, per=97.01%, avg=184785.45, stdev=34395.93, samples=11
   iops        : min=  190, max=  410, avg=360.91, stdev=67.18, samples=11
  lat (msec)   : 250=95.70%, 500=4.30%
  cpu          : usr=1.58%, sys=4.11%, ctx=2050, majf=0, minf=28
  IO depths    : 1=0.1%, 2=0.1%, 4=0.2%, 8=0.4%, 16=0.8%, 32=1.6%, >=64=96.9%
     submit    : 0=0.0%, 4=100.0%, 8=0.0%, 16=0.0%, 32=0.0%, 64=0.0%, >=64=0.0%
     complete  : 0=0.0%, 4=99.9%, 8=0.0%, 16=0.0%, 32=0.0%, 64=0.1%, >=64=0.0%
     issued rwt: total=0,2048,0, short=0,0,0, dropped=0,0,0
     latency   : target=0, window=0, percentile=100.00%, depth=64

Run status group 0 (all jobs):
  WRITE: bw=186MiB/s (195MB/s), 186MiB/s-186MiB/s (195MB/s-195MB/s), io=1024MiB (1074MB), run=5505-5505msec

Disk stats (read/write):
  sdk: ios=0/3993, merge=0/0, ticks=0/674591, in_queue=684390, util=97.94%
