test: (g=0): rw=randwrite, bs=(R) 8192B-8192B, (W) 8192B-8192B, (T) 8192B-8192B, ioengine=libaio, iodepth=64
fio-3.1
Starting 1 process

test: (groupid=0, jobs=1): err= 0: pid=14914: Mon Jul 23 20:24:59 2018
  write: IOPS=393, BW=3146KiB/s (3221kB/s)(1024MiB/333313msec)
    slat (nsec): min=3537, max=70239, avg=19209.72, stdev=8106.25
    clat (usec): min=304, max=1068.3k, avg=162725.62, stdev=117305.89
     lat (usec): min=328, max=1068.3k, avg=162745.26, stdev=117307.16
    clat percentiles (msec):
     |  1.00th=[   14],  5.00th=[   19], 10.00th=[   26], 20.00th=[   68],
     | 30.00th=[  102], 40.00th=[  124], 50.00th=[  146], 60.00th=[  169],
     | 70.00th=[  194], 80.00th=[  228], 90.00th=[  317], 95.00th=[  401],
     | 99.00th=[  550], 99.50th=[  634], 99.90th=[  785], 99.95th=[  810],
     | 99.99th=[  911]
   bw (  KiB/s): min=   80, max=11248, per=100.00%, avg=3151.98, stdev=1024.71, samples=663
   iops        : min=   10, max= 1406, avg=393.99, stdev=128.09, samples=663
  lat (usec)   : 500=0.01%, 750=0.01%, 1000=0.01%
  lat (msec)   : 2=0.01%, 4=0.01%, 10=0.07%, 20=6.08%, 50=11.20%
  lat (msec)   : 100=12.28%, 250=54.53%, 500=14.13%, 750=1.54%, 1000=0.16%
  lat (msec)   : 2000=0.01%
  cpu          : usr=0.46%, sys=1.21%, ctx=130820, majf=0, minf=28
  IO depths    : 1=0.1%, 2=0.1%, 4=0.1%, 8=0.1%, 16=0.1%, 32=0.1%, >=64=100.0%
     submit    : 0=0.0%, 4=100.0%, 8=0.0%, 16=0.0%, 32=0.0%, 64=0.0%, >=64=0.0%
     complete  : 0=0.0%, 4=100.0%, 8=0.0%, 16=0.0%, 32=0.0%, 64=0.1%, >=64=0.0%
     issued rwt: total=0,131072,0, short=0,0,0, dropped=0,0,0
     latency   : target=0, window=0, percentile=100.00%, depth=64

Run status group 0 (all jobs):
  WRITE: bw=3146KiB/s (3221kB/s), 3146KiB/s-3146KiB/s (3221kB/s-3221kB/s), io=1024MiB (1074MB), run=333313-333313msec

Disk stats (read/write):
  sdi: ios=42/130684, merge=0/0, ticks=170/21315108, in_queue=21316514, util=100.00%
