test: (g=0): rw=randwrite, bs=(R) 4096B-4096B, (W) 4096B-4096B, (T) 4096B-4096B, ioengine=libaio, iodepth=64
fio-3.1
Starting 1 process

test: (groupid=0, jobs=1): err= 0: pid=36111: Tue Jul 24 21:50:15 2018
  write: IOPS=215, BW=863KiB/s (883kB/s)(1024MiB/1215411msec)
    slat (usec): min=4, max=131, avg=25.93, stdev= 9.90
    clat (usec): min=414, max=1708.1k, avg=296697.90, stdev=197527.69
     lat (usec): min=444, max=1708.2k, avg=296724.37, stdev=197529.24
    clat percentiles (msec):
     |  1.00th=[   15],  5.00th=[   23], 10.00th=[   35], 20.00th=[  150],
     | 30.00th=[  197], 40.00th=[  234], 50.00th=[  271], 60.00th=[  313],
     | 70.00th=[  355], 80.00th=[  414], 90.00th=[  558], 95.00th=[  684],
     | 99.00th=[  927], 99.50th=[ 1036], 99.90th=[ 1217], 99.95th=[ 1284],
     | 99.99th=[ 1401]
   bw (  KiB/s): min=    8, max= 1952, per=100.00%, avg=875.77, stdev=316.64, samples=2394
   iops        : min=    2, max=  488, avg=218.93, stdev=79.16, samples=2394
  lat (usec)   : 500=0.01%, 750=0.01%, 1000=0.01%
  lat (msec)   : 2=0.01%, 4=0.01%, 10=0.11%, 20=3.53%, 50=8.44%
  lat (msec)   : 100=3.02%, 250=29.04%, 500=42.88%, 750=9.74%, 1000=2.60%
  lat (msec)   : 2000=0.63%
  cpu          : usr=0.24%, sys=0.84%, ctx=261460, majf=0, minf=28
  IO depths    : 1=0.1%, 2=0.1%, 4=0.1%, 8=0.1%, 16=0.1%, 32=0.1%, >=64=100.0%
     submit    : 0=0.0%, 4=100.0%, 8=0.0%, 16=0.0%, 32=0.0%, 64=0.0%, >=64=0.0%
     complete  : 0=0.0%, 4=100.0%, 8=0.0%, 16=0.0%, 32=0.0%, 64=0.1%, >=64=0.0%
     issued rwt: total=0,262144,0, short=0,0,0, dropped=0,0,0
     latency   : target=0, window=0, percentile=100.00%, depth=64

Run status group 0 (all jobs):
  WRITE: bw=863KiB/s (883kB/s), 863KiB/s-863KiB/s (883kB/s-883kB/s), io=1024MiB (1074MB), run=1215411-1215411msec

Disk stats (read/write):
  sdm: ios=0/262194, merge=0/3, ticks=0/77788342, in_queue=77798283, util=100.00%
