test: (g=0): rw=write, bs=(R) 1024KiB-1024KiB, (W) 1024KiB-1024KiB, (T) 1024KiB-1024KiB, ioengine=libaio, iodepth=64
fio-3.1
Starting 1 process

test: (groupid=0, jobs=1): err= 0: pid=12180: Thu Jul 12 14:45:16 2018
  write: IOPS=207, BW=207MiB/s (217MB/s)(1024MiB/4939msec)
    slat (usec): min=55, max=62838, avg=4619.98, stdev=12196.69
    clat (msec): min=103, max=459, avg=302.25, stdev=38.22
     lat (msec): min=103, max=459, avg=306.87, stdev=36.90
    clat percentiles (msec):
     |  1.00th=[  171],  5.00th=[  247], 10.00th=[  268], 20.00th=[  284],
     | 30.00th=[  292], 40.00th=[  300], 50.00th=[  305], 60.00th=[  309],
     | 70.00th=[  313], 80.00th=[  321], 90.00th=[  334], 95.00th=[  368],
     | 99.00th=[  426], 99.50th=[  460], 99.90th=[  460], 99.95th=[  460],
     | 99.99th=[  460]
   bw (  KiB/s): min=165888, max=229376, per=97.00%, avg=205937.78, stdev=21359.94, samples=9
   iops        : min=  162, max=  224, avg=201.11, stdev=20.86, samples=9
  lat (msec)   : 250=5.96%, 500=94.04%
  cpu          : usr=1.54%, sys=1.68%, ctx=163, majf=0, minf=28
  IO depths    : 1=0.1%, 2=0.2%, 4=0.4%, 8=0.8%, 16=1.6%, 32=3.1%, >=64=93.8%
     submit    : 0=0.0%, 4=100.0%, 8=0.0%, 16=0.0%, 32=0.0%, 64=0.0%, >=64=0.0%
     complete  : 0=0.0%, 4=99.9%, 8=0.0%, 16=0.0%, 32=0.0%, 64=0.1%, >=64=0.0%
     issued rwt: total=0,1024,0, short=0,0,0, dropped=0,0,0
     latency   : target=0, window=0, percentile=100.00%, depth=64

Run status group 0 (all jobs):
  WRITE: bw=207MiB/s (217MB/s), 207MiB/s-207MiB/s (217MB/s-217MB/s), io=1024MiB (1074MB), run=4939-4939msec

Disk stats (read/write):
  sdg: ios=40/4041, merge=0/0, ticks=17/682207, in_queue=690235, util=97.54%
