test: (g=0): rw=randread, bs=(R) 4096B-4096B, (W) 4096B-4096B, (T) 4096B-4096B, ioengine=libaio, iodepth=64
fio-3.1
Starting 1 process

test: (groupid=0, jobs=1): err= 0: pid=12321: Thu Jul 12 14:55:08 2018
   read: IOPS=637, BW=2551KiB/s (2612kB/s)(1024MiB/411016msec)
    slat (nsec): min=1371, max=147618, avg=13702.51, stdev=5738.39
    clat (usec): min=1108, max=1453.9k, avg=100326.32, stdev=80647.79
     lat (usec): min=1119, max=1453.9k, avg=100340.46, stdev=80648.22
    clat percentiles (msec):
     |  1.00th=[    7],  5.00th=[   13], 10.00th=[   25], 20.00th=[   42],
     | 30.00th=[   56], 40.00th=[   69], 50.00th=[   82], 60.00th=[   96],
     | 70.00th=[  114], 80.00th=[  142], 90.00th=[  197], 95.00th=[  257],
     | 99.00th=[  401], 99.50th=[  468], 99.90th=[  634], 99.95th=[  709],
     | 99.99th=[  902]
   bw (  KiB/s): min=  888, max=31432, per=99.99%, avg=2550.63, stdev=1623.06, samples=822
   iops        : min=  222, max= 7858, avg=637.65, stdev=405.76, samples=822
  lat (msec)   : 2=0.01%, 4=0.01%, 10=3.99%, 20=3.70%, 50=18.03%
  lat (msec)   : 100=36.88%, 250=31.99%, 500=5.03%, 750=0.31%, 1000=0.04%
  lat (msec)   : 2000=0.01%
  cpu          : usr=0.84%, sys=1.91%, ctx=254507, majf=0, minf=363
  IO depths    : 1=0.1%, 2=0.1%, 4=0.1%, 8=0.1%, 16=0.1%, 32=0.1%, >=64=100.0%
     submit    : 0=0.0%, 4=100.0%, 8=0.0%, 16=0.0%, 32=0.0%, 64=0.0%, >=64=0.0%
     complete  : 0=0.0%, 4=100.0%, 8=0.0%, 16=0.0%, 32=0.0%, 64=0.1%, >=64=0.0%
     issued rwt: total=262144,0,0, short=0,0,0, dropped=0,0,0
     latency   : target=0, window=0, percentile=100.00%, depth=64

Run status group 0 (all jobs):
   READ: bw=2551KiB/s (2612kB/s), 2551KiB/s-2551KiB/s (2612kB/s-2612kB/s), io=1024MiB (1074MB), run=411016-411016msec

Disk stats (read/write):
  sdg: ios=259343/0, merge=2631/0, ticks=26185211/0, in_queue=26185709, util=100.00%
