test: (g=0): rw=write, bs=(R) 512KiB-512KiB, (W) 512KiB-512KiB, (T) 512KiB-512KiB, ioengine=libaio, iodepth=64
fio-3.1
Starting 1 process

test: (groupid=0, jobs=1): err= 0: pid=7798: Tue Jul 24 19:11:06 2018
  write: IOPS=406, BW=203MiB/s (213MB/s)(1024MiB/5033msec)
    slat (usec): min=49, max=205, avg=136.99, stdev=37.40
    clat (msec): min=20, max=327, avg=156.98, stdev=25.13
     lat (msec): min=20, max=327, avg=157.11, stdev=25.12
    clat percentiles (msec):
     |  1.00th=[  148],  5.00th=[  150], 10.00th=[  150], 20.00th=[  150],
     | 30.00th=[  150], 40.00th=[  150], 50.00th=[  150], 60.00th=[  153],
     | 70.00th=[  153], 80.00th=[  155], 90.00th=[  157], 95.00th=[  201],
     | 99.00th=[  292], 99.50th=[  309], 99.90th=[  326], 99.95th=[  326],
     | 99.99th=[  330]
   bw (  KiB/s): min=139264, max=219136, per=97.56%, avg=203264.00, stdev=27333.32, samples=10
   iops        : min=  272, max=  428, avg=397.00, stdev=53.39, samples=10
  lat (msec)   : 50=0.05%, 100=0.10%, 250=97.07%, 500=2.78%
  cpu          : usr=1.89%, sys=4.45%, ctx=2049, majf=0, minf=28
  IO depths    : 1=0.1%, 2=0.1%, 4=0.2%, 8=0.4%, 16=0.8%, 32=1.6%, >=64=96.9%
     submit    : 0=0.0%, 4=100.0%, 8=0.0%, 16=0.0%, 32=0.0%, 64=0.0%, >=64=0.0%
     complete  : 0=0.0%, 4=99.9%, 8=0.0%, 16=0.0%, 32=0.0%, 64=0.1%, >=64=0.0%
     issued rwt: total=0,2048,0, short=0,0,0, dropped=0,0,0
     latency   : target=0, window=0, percentile=100.00%, depth=64

Run status group 0 (all jobs):
  WRITE: bw=203MiB/s (213MB/s), 203MiB/s-203MiB/s (213MB/s-213MB/s), io=1024MiB (1074MB), run=5033-5033msec

Disk stats (read/write):
  sdj: ios=0/3963, merge=0/0, ticks=0/611310, in_queue=620857, util=97.72%
