test: (g=0): rw=read, bs=(R) 512KiB-512KiB, (W) 512KiB-512KiB, (T) 512KiB-512KiB, ioengine=libaio, iodepth=64
fio-3.1
Starting 1 process

test: (groupid=0, jobs=1): err= 0: pid=24982: Sun Jul 15 04:07:03 2018
   read: IOPS=420, BW=210MiB/s (221MB/s)(1024MiB/4868msec)
    slat (usec): min=23, max=682, avg=93.67, stdev=48.71
    clat (msec): min=9, max=293, avg=151.79, stdev=22.02
     lat (msec): min=10, max=293, avg=151.89, stdev=22.02
    clat percentiles (msec):
     |  1.00th=[   46],  5.00th=[  146], 10.00th=[  146], 20.00th=[  148],
     | 30.00th=[  148], 40.00th=[  148], 50.00th=[  150], 60.00th=[  157],
     | 70.00th=[  159], 80.00th=[  159], 90.00th=[  159], 95.00th=[  167],
     | 99.00th=[  247], 99.50th=[  271], 99.90th=[  288], 99.95th=[  292],
     | 99.99th=[  292]
   bw (  KiB/s): min=207872, max=223232, per=99.85%, avg=215086.89, stdev=6664.40, samples=9
   iops        : min=  406, max=  436, avg=420.00, stdev=13.08, samples=9
  lat (msec)   : 10=0.05%, 20=0.34%, 50=0.68%, 100=1.17%, 250=96.83%
  lat (msec)   : 500=0.93%
  cpu          : usr=0.45%, sys=4.71%, ctx=2044, majf=0, minf=559
  IO depths    : 1=0.1%, 2=0.1%, 4=0.2%, 8=0.4%, 16=0.8%, 32=1.6%, >=64=96.9%
     submit    : 0=0.0%, 4=100.0%, 8=0.0%, 16=0.0%, 32=0.0%, 64=0.0%, >=64=0.0%
     complete  : 0=0.0%, 4=99.9%, 8=0.0%, 16=0.0%, 32=0.0%, 64=0.1%, >=64=0.0%
     issued rwt: total=2048,0,0, short=0,0,0, dropped=0,0,0
     latency   : target=0, window=0, percentile=100.00%, depth=64

Run status group 0 (all jobs):
   READ: bw=210MiB/s (221MB/s), 210MiB/s-210MiB/s (221MB/s-221MB/s), io=1024MiB (1074MB), run=4868-4868msec

Disk stats (read/write):
  sdg: ios=3901/0, merge=0/0, ticks=581205/0, in_queue=590589, util=97.91%
