test: (g=0): rw=randread, bs=(R) 4096B-4096B, (W) 4096B-4096B, (T) 4096B-4096B, ioengine=libaio, iodepth=64
fio-3.1
Starting 1 process

test: (groupid=0, jobs=1): err= 0: pid=17237: Mon Jul 23 22:25:38 2018
   read: IOPS=502, BW=2011KiB/s (2060kB/s)(1024MiB/521329msec)
    slat (nsec): min=3642, max=68739, avg=20103.25, stdev=6601.79
    clat (msec): min=4, max=1549, avg=127.25, stdev=82.91
     lat (msec): min=4, max=1549, avg=127.27, stdev=82.91
    clat percentiles (msec):
     |  1.00th=[   30],  5.00th=[   61], 10.00th=[   68], 20.00th=[   74],
     | 30.00th=[   82], 40.00th=[   89], 50.00th=[  100], 60.00th=[  114],
     | 70.00th=[  134], 80.00th=[  167], 90.00th=[  226], 95.00th=[  288],
     | 99.00th=[  451], 99.50th=[  527], 99.90th=[  726], 99.95th=[  793],
     | 99.99th=[  978]
   bw (  KiB/s): min=  368, max= 7376, per=99.83%, avg=2007.49, stdev=398.88, samples=1042
   iops        : min=   92, max= 1844, avg=501.86, stdev=99.72, samples=1042
  lat (msec)   : 10=0.03%, 20=0.44%, 50=2.68%, 100=47.40%, 250=41.84%
  lat (msec)   : 500=6.98%, 750=0.56%, 1000=0.07%, 2000=0.01%
  cpu          : usr=0.62%, sys=1.69%, ctx=260819, majf=0, minf=95
  IO depths    : 1=0.1%, 2=0.1%, 4=0.1%, 8=0.1%, 16=0.1%, 32=0.1%, >=64=100.0%
     submit    : 0=0.0%, 4=100.0%, 8=0.0%, 16=0.0%, 32=0.0%, 64=0.0%, >=64=0.0%
     complete  : 0=0.0%, 4=100.0%, 8=0.0%, 16=0.0%, 32=0.0%, 64=0.1%, >=64=0.0%
     issued rwt: total=262144,0,0, short=0,0,0, dropped=0,0,0
     latency   : target=0, window=0, percentile=100.00%, depth=64

Run status group 0 (all jobs):
   READ: bw=2011KiB/s (2060kB/s), 2011KiB/s-2011KiB/s (2060kB/s-2060kB/s), io=1024MiB (1074MB), run=521329-521329msec

Disk stats (read/write):
  sdm: ios=262143/0, merge=0/0, ticks=33356619/0, in_queue=33356600, util=100.00%
