test: (g=0): rw=randwrite, bs=(R) 64.0KiB-64.0KiB, (W) 64.0KiB-64.0KiB, (T) 64.0KiB-64.0KiB, ioengine=libaio, iodepth=64
fio-3.1
Starting 1 process

test: (groupid=0, jobs=1): err= 0: pid=17380: Mon Jul 23 22:36:22 2018
  write: IOPS=395, BW=24.7MiB/s (25.9MB/s)(1024MiB/41445msec)
    slat (nsec): min=6865, max=75442, avg=26544.14, stdev=10589.49
    clat (usec): min=736, max=1075.5k, avg=161855.76, stdev=135643.58
     lat (usec): min=750, max=1075.5k, avg=161882.77, stdev=135645.11
    clat percentiles (msec):
     |  1.00th=[   15],  5.00th=[   19], 10.00th=[   23], 20.00th=[   33],
     | 30.00th=[   69], 40.00th=[  102], 50.00th=[  129], 60.00th=[  161],
     | 70.00th=[  201], 80.00th=[  264], 90.00th=[  376], 95.00th=[  443],
     | 99.00th=[  558], 99.50th=[  592], 99.90th=[  701], 99.95th=[  735],
     | 99.99th=[  995]
   bw (  KiB/s): min= 7168, max=46976, per=99.00%, avg=25047.15, stdev=9016.49, samples=82
   iops        : min=  112, max=  734, avg=391.35, stdev=140.90, samples=82
  lat (usec)   : 750=0.01%
  lat (msec)   : 2=0.01%, 4=0.01%, 20=6.88%, 50=19.67%, 100=13.13%
  lat (msec)   : 250=38.51%, 500=19.40%, 750=2.34%, 1000=0.04%, 2000=0.01%
  cpu          : usr=0.45%, sys=1.43%, ctx=16370, majf=0, minf=27
  IO depths    : 1=0.1%, 2=0.1%, 4=0.1%, 8=0.1%, 16=0.1%, 32=0.2%, >=64=99.6%
     submit    : 0=0.0%, 4=100.0%, 8=0.0%, 16=0.0%, 32=0.0%, 64=0.0%, >=64=0.0%
     complete  : 0=0.0%, 4=100.0%, 8=0.0%, 16=0.0%, 32=0.0%, 64=0.1%, >=64=0.0%
     issued rwt: total=0,16384,0, short=0,0,0, dropped=0,0,0
     latency   : target=0, window=0, percentile=100.00%, depth=64

Run status group 0 (all jobs):
  WRITE: bw=24.7MiB/s (25.9MB/s), 24.7MiB/s-24.7MiB/s (25.9MB/s-25.9MB/s), io=1024MiB (1074MB), run=41445-41445msec

Disk stats (read/write):
  sdm: ios=40/16198, merge=0/0, ticks=118/2647389, in_queue=2648385, util=100.00%
