test: (g=0): rw=write, bs=(R) 512KiB-512KiB, (W) 512KiB-512KiB, (T) 512KiB-512KiB, ioengine=libaio, iodepth=64
fio-3.1
Starting 1 process

test: (groupid=0, jobs=1): err= 0: pid=17005: Mon Jul 23 22:05:25 2018
  write: IOPS=400, BW=200MiB/s (210MB/s)(1024MiB/5112msec)
    slat (usec): min=47, max=199, avg=132.89, stdev=37.04
    clat (msec): min=4, max=307, avg=159.46, stdev=21.89
     lat (msec): min=4, max=307, avg=159.59, stdev=21.90
    clat percentiles (msec):
     |  1.00th=[   66],  5.00th=[  157], 10.00th=[  157], 20.00th=[  157],
     | 30.00th=[  157], 40.00th=[  157], 50.00th=[  157], 60.00th=[  157],
     | 70.00th=[  157], 80.00th=[  165], 90.00th=[  174], 95.00th=[  178],
     | 99.00th=[  259], 99.50th=[  284], 99.90th=[  305], 99.95th=[  305],
     | 99.99th=[  309]
   bw (  KiB/s): min=187392, max=210340, per=99.12%, avg=203306.00, stdev=8346.86, samples=10
   iops        : min=  366, max=  410, avg=397.00, stdev=16.23, samples=10
  lat (msec)   : 10=0.34%, 20=0.05%, 50=0.29%, 100=1.03%, 250=97.12%
  lat (msec)   : 500=1.17%
  cpu          : usr=2.07%, sys=4.09%, ctx=2046, majf=0, minf=28
  IO depths    : 1=0.1%, 2=0.1%, 4=0.2%, 8=0.4%, 16=0.8%, 32=1.6%, >=64=96.9%
     submit    : 0=0.0%, 4=100.0%, 8=0.0%, 16=0.0%, 32=0.0%, 64=0.0%, >=64=0.0%
     complete  : 0=0.0%, 4=99.9%, 8=0.0%, 16=0.0%, 32=0.0%, 64=0.1%, >=64=0.0%
     issued rwt: total=0,2048,0, short=0,0,0, dropped=0,0,0
     latency   : target=0, window=0, percentile=100.00%, depth=64

Run status group 0 (all jobs):
  WRITE: bw=200MiB/s (210MB/s), 200MiB/s-200MiB/s (210MB/s-210MB/s), io=1024MiB (1074MB), run=5112-5112msec

Disk stats (read/write):
  sdm: ios=37/3903, merge=0/0, ticks=80/611116, in_queue=621149, util=98.20%
