test: (g=0): rw=randwrite, bs=(R) 4096B-4096B, (W) 4096B-4096B, (T) 4096B-4096B, ioengine=libaio, iodepth=64
fio-3.1
Starting 1 process

test: (groupid=0, jobs=1): err= 0: pid=17190: Mon Jul 23 22:16:56 2018
  write: IOPS=388, BW=1555KiB/s (1592kB/s)(1024MiB/674397msec)
    slat (usec): min=2, max=139, avg=18.56, stdev= 7.60
    clat (usec): min=279, max=1200.5k, avg=164623.70, stdev=116184.32
     lat (usec): min=299, max=1200.5k, avg=164642.78, stdev=116185.65
    clat percentiles (msec):
     |  1.00th=[   14],  5.00th=[   19], 10.00th=[   26], 20.00th=[   73],
     | 30.00th=[  104], 40.00th=[  127], 50.00th=[  148], 60.00th=[  171],
     | 70.00th=[  197], 80.00th=[  230], 90.00th=[  313], 95.00th=[  405],
     | 99.00th=[  542], 99.50th=[  609], 99.90th=[  768], 99.95th=[  793],
     | 99.99th=[  877]
   bw (  KiB/s): min=   80, max= 5928, per=99.79%, avg=1550.75, stdev=449.85, samples=1347
   iops        : min=   20, max= 1482, avg=387.68, stdev=112.46, samples=1347
  lat (usec)   : 500=0.01%, 1000=0.01%
  lat (msec)   : 2=0.01%, 4=0.01%, 10=0.09%, 20=5.96%, 50=10.51%
  lat (msec)   : 100=11.83%, 250=55.61%, 500=14.31%, 750=1.55%, 1000=0.13%
  lat (msec)   : 2000=0.01%
  cpu          : usr=0.44%, sys=1.18%, ctx=261649, majf=0, minf=28
  IO depths    : 1=0.1%, 2=0.1%, 4=0.1%, 8=0.1%, 16=0.1%, 32=0.1%, >=64=100.0%
     submit    : 0=0.0%, 4=100.0%, 8=0.0%, 16=0.0%, 32=0.0%, 64=0.0%, >=64=0.0%
     complete  : 0=0.0%, 4=100.0%, 8=0.0%, 16=0.0%, 32=0.0%, 64=0.1%, >=64=0.0%
     issued rwt: total=0,262144,0, short=0,0,0, dropped=0,0,0
     latency   : target=0, window=0, percentile=100.00%, depth=64

Run status group 0 (all jobs):
  WRITE: bw=1555KiB/s (1592kB/s), 1555KiB/s-1555KiB/s (1592kB/s-1592kB/s), io=1024MiB (1074MB), run=674397-674397msec

Disk stats (read/write):
  sdm: ios=39/261895, merge=0/0, ticks=9/43150359, in_queue=43151307, util=100.00%
