test: (g=0): rw=randread, bs=(R) 8192B-8192B, (W) 8192B-8192B, (T) 8192B-8192B, ioengine=libaio, iodepth=64
fio-3.1
Starting 1 process

test: (groupid=0, jobs=1): err= 0: pid=33325: Wed Jul 11 14:46:17 2018
   read: IOPS=49.0k, BW=383MiB/s (402MB/s)(1024MiB/2673msec)
    slat (nsec): min=1331, max=49607, avg=2224.14, stdev=580.20
    clat (usec): min=316, max=7442, avg=1301.98, stdev=458.57
     lat (usec): min=318, max=7444, avg=1304.25, stdev=458.57
    clat percentiles (usec):
     |  1.00th=[  603],  5.00th=[  734], 10.00th=[  816], 20.00th=[  922],
     | 30.00th=[ 1029], 40.00th=[ 1139], 50.00th=[ 1254], 60.00th=[ 1369],
     | 70.00th=[ 1500], 80.00th=[ 1631], 90.00th=[ 1778], 95.00th=[ 1926],
     | 99.00th=[ 3032], 99.50th=[ 3556], 99.90th=[ 4621], 99.95th=[ 5014],
     | 99.99th=[ 5997]
   bw (  KiB/s): min=390848, max=393680, per=99.87%, avg=391782.40, stdev=1192.97, samples=5
   iops        : min=48856, max=49210, avg=48972.80, stdev=149.12, samples=5
  lat (usec)   : 500=0.07%, 750=5.61%, 1000=21.51%
  lat (msec)   : 2=69.05%, 4=3.49%, 10=0.28%
  cpu          : usr=9.28%, sys=29.68%, ctx=128271, majf=0, minf=159
  IO depths    : 1=0.1%, 2=0.1%, 4=0.1%, 8=0.1%, 16=0.1%, 32=0.1%, >=64=100.0%
     submit    : 0=0.0%, 4=100.0%, 8=0.0%, 16=0.0%, 32=0.0%, 64=0.0%, >=64=0.0%
     complete  : 0=0.0%, 4=100.0%, 8=0.0%, 16=0.0%, 32=0.0%, 64=0.1%, >=64=0.0%
     issued rwt: total=131072,0,0, short=0,0,0, dropped=0,0,0
     latency   : target=0, window=0, percentile=100.00%, depth=64

Run status group 0 (all jobs):
   READ: bw=383MiB/s (402MB/s), 383MiB/s-383MiB/s (402MB/s-402MB/s), io=1024MiB (1074MB), run=2673-2673msec

Disk stats (read/write):
  sda: ios=128198/0, merge=1640/0, ticks=166299/0, in_queue=166334, util=96.40%
