test: (g=0): rw=randwrite, bs=(R) 8192B-8192B, (W) 8192B-8192B, (T) 8192B-8192B, ioengine=libaio, iodepth=64
fio-3.1
Starting 1 process

test: (groupid=0, jobs=1): err= 0: pid=33278: Wed Jul 11 14:46:14 2018
  write: IOPS=42.6k, BW=333MiB/s (349MB/s)(1024MiB/3074msec)
    slat (nsec): min=1330, max=64179, avg=2661.09, stdev=1789.19
    clat (usec): min=259, max=11304, avg=1497.22, stdev=555.46
     lat (usec): min=263, max=11307, avg=1499.92, stdev=555.48
    clat percentiles (usec):
     |  1.00th=[  791],  5.00th=[  865], 10.00th=[  938], 20.00th=[ 1074],
     | 30.00th=[ 1188], 40.00th=[ 1319], 50.00th=[ 1434], 60.00th=[ 1565],
     | 70.00th=[ 1696], 80.00th=[ 1844], 90.00th=[ 2008], 95.00th=[ 2147],
     | 99.00th=[ 3687], 99.50th=[ 4490], 99.90th=[ 6456], 99.95th=[ 6915],
     | 99.99th=[ 8717]
   bw (  KiB/s): min=333136, max=345616, per=99.82%, avg=340485.33, stdev=4762.47, samples=6
   iops        : min=41642, max=43202, avg=42560.67, stdev=595.31, samples=6
  lat (usec)   : 500=0.02%, 750=0.23%, 1000=14.35%
  lat (msec)   : 2=75.12%, 4=9.53%, 10=0.75%, 20=0.01%
  cpu          : usr=11.85%, sys=26.29%, ctx=124556, majf=0, minf=28
  IO depths    : 1=0.1%, 2=0.1%, 4=0.1%, 8=0.1%, 16=0.1%, 32=0.1%, >=64=100.0%
     submit    : 0=0.0%, 4=100.0%, 8=0.0%, 16=0.0%, 32=0.0%, 64=0.0%, >=64=0.0%
     complete  : 0=0.0%, 4=100.0%, 8=0.0%, 16=0.0%, 32=0.0%, 64=0.1%, >=64=0.0%
     issued rwt: total=0,131072,0, short=0,0,0, dropped=0,0,0
     latency   : target=0, window=0, percentile=100.00%, depth=64

Run status group 0 (all jobs):
  WRITE: bw=333MiB/s (349MB/s), 333MiB/s-333MiB/s (349MB/s-349MB/s), io=1024MiB (1074MB), run=3074-3074msec

Disk stats (read/write):
  sda: ios=40/122411, merge=0/810, ticks=14/183387, in_queue=183400, util=96.90%
