test: (g=0): rw=randwrite, bs=(R) 64.0KiB-64.0KiB, (W) 64.0KiB-64.0KiB, (T) 64.0KiB-64.0KiB, ioengine=libaio, iodepth=64
fio-3.1
Starting 1 process

test: (groupid=0, jobs=1): err= 0: pid=640: Wed Jul 11 18:05:59 2018
  write: IOPS=399, BW=24.0MiB/s (26.2MB/s)(1024MiB/41016msec)
    slat (nsec): min=4679, max=70280, avg=26320.94, stdev=11303.37
    clat (usec): min=631, max=1046.0k, avg=160113.00, stdev=141338.25
     lat (usec): min=676, max=1046.1k, avg=160139.70, stdev=141340.09
    clat percentiles (msec):
     |  1.00th=[   11],  5.00th=[   17], 10.00th=[   22], 20.00th=[   32],
     | 30.00th=[   71], 40.00th=[  101], 50.00th=[  127], 60.00th=[  157],
     | 70.00th=[  190], 80.00th=[  243], 90.00th=[  376], 95.00th=[  464],
     | 99.00th=[  609], 99.50th=[  684], 99.90th=[  844], 99.95th=[  869],
     | 99.99th=[  919]
   bw (  KiB/s): min= 4224, max=74624, per=99.66%, avg=25478.07, stdev=10439.90, samples=82
   iops        : min=   66, max= 1166, avg=398.09, stdev=163.12, samples=82
  lat (usec)   : 750=0.01%
  lat (msec)   : 2=0.01%, 4=0.12%, 10=0.84%, 20=7.71%, 50=17.30%
  lat (msec)   : 100=13.96%, 250=40.81%, 500=15.84%, 750=3.17%, 1000=0.21%
  lat (msec)   : 2000=0.01%
  cpu          : usr=0.43%, sys=1.65%, ctx=15707, majf=0, minf=28
  IO depths    : 1=0.1%, 2=0.1%, 4=0.1%, 8=0.1%, 16=0.1%, 32=0.2%, >=64=99.6%
     submit    : 0=0.0%, 4=100.0%, 8=0.0%, 16=0.0%, 32=0.0%, 64=0.0%, >=64=0.0%
     complete  : 0=0.0%, 4=100.0%, 8=0.0%, 16=0.0%, 32=0.0%, 64=0.1%, >=64=0.0%
     issued rwt: total=0,16384,0, short=0,0,0, dropped=0,0,0
     latency   : target=0, window=0, percentile=100.00%, depth=64

Run status group 0 (all jobs):
  WRITE: bw=24.0MiB/s (26.2MB/s), 24.0MiB/s-24.0MiB/s (26.2MB/s-26.2MB/s), io=1024MiB (1074MB), run=41016-41016msec

Disk stats (read/write):
  sdg: ios=40/15584, merge=0/632, ticks=15823/2544259, in_queue=2561431, util=99.79%
