test: (g=0): rw=write, bs=(R) 64.0KiB-64.0KiB, (W) 64.0KiB-64.0KiB, (T) 64.0KiB-64.0KiB, ioengine=libaio, iodepth=64
fio-3.1
Starting 1 process

test: (groupid=0, jobs=1): err= 0: pid=40799: Wed Jul 11 17:35:50 2018
  write: IOPS=3312, BW=207MiB/s (217MB/s)(1024MiB/4946msec)
    slat (nsec): min=3173, max=65279, avg=15869.18, stdev=8141.89
    clat (usec): min=536, max=36288, avg=19028.79, stdev=1545.01
     lat (usec): min=565, max=36294, avg=19044.81, stdev=1545.45
    clat percentiles (usec):
     |  1.00th=[18220],  5.00th=[18220], 10.00th=[18220], 20.00th=[18220],
     | 30.00th=[18482], 40.00th=[18482], 50.00th=[18482], 60.00th=[19006],
     | 70.00th=[19530], 80.00th=[19530], 90.00th=[20055], 95.00th=[20055],
     | 99.00th=[26084], 99.50th=[28443], 99.90th=[33424], 99.95th=[34341],
     | 99.99th=[36439]
   bw (  KiB/s): min=187776, max=222848, per=99.65%, avg=211271.11, stdev=11157.88, samples=9
   iops        : min= 2934, max= 3482, avg=3301.11, stdev=174.34, samples=9
  lat (usec)   : 750=0.01%, 1000=0.01%
  lat (msec)   : 2=0.02%, 4=0.07%, 10=0.20%, 20=89.56%, 50=10.13%
  cpu          : usr=1.94%, sys=6.69%, ctx=8460, majf=0, minf=29
  IO depths    : 1=0.1%, 2=0.1%, 4=0.1%, 8=0.1%, 16=0.1%, 32=0.2%, >=64=99.6%
     submit    : 0=0.0%, 4=100.0%, 8=0.0%, 16=0.0%, 32=0.0%, 64=0.0%, >=64=0.0%
     complete  : 0=0.0%, 4=100.0%, 8=0.0%, 16=0.0%, 32=0.0%, 64=0.1%, >=64=0.0%
     issued rwt: total=0,16384,0, short=0,0,0, dropped=0,0,0
     latency   : target=0, window=0, percentile=100.00%, depth=64

Run status group 0 (all jobs):
  WRITE: bw=207MiB/s (217MB/s), 207MiB/s-207MiB/s (217MB/s-217MB/s), io=1024MiB (1074MB), run=4946-4946msec

Disk stats (read/write):
  sdg: ios=14/8359, merge=0/7863, ticks=4122/158483, in_queue=163636, util=97.49%
