test: (g=0): rw=read, bs=(R) 1024KiB-1024KiB, (W) 1024KiB-1024KiB, (T) 1024KiB-1024KiB, ioengine=libaio, iodepth=64
fio-3.1
Starting 1 process

test: (groupid=0, jobs=1): err= 0: pid=364: Wed Jul 11 17:36:17 2018
   read: IOPS=210, BW=210MiB/s (221MB/s)(1024MiB/4865msec)
    slat (usec): min=34, max=41768, avg=4572.34, stdev=12091.80
    clat (msec): min=122, max=442, avg=297.14, stdev=31.65
     lat (msec): min=123, max=442, avg=301.71, stdev=29.88
    clat percentiles (msec):
     |  1.00th=[  182],  5.00th=[  257], 10.00th=[  262], 20.00th=[  296],
     | 30.00th=[  296], 40.00th=[  296], 50.00th=[  300], 60.00th=[  305],
     | 70.00th=[  317], 80.00th=[  317], 90.00th=[  317], 95.00th=[  317],
     | 99.00th=[  405], 99.50th=[  443], 99.90th=[  443], 99.95th=[  443],
     | 99.99th=[  443]
   bw (  KiB/s): min=165888, max=229376, per=97.26%, avg=209626.00, stdev=19112.51, samples=9
   iops        : min=  162, max=  224, avg=204.67, stdev=18.65, samples=9
  lat (msec)   : 250=4.00%, 500=96.00%
  cpu          : usr=0.02%, sys=2.34%, ctx=162, majf=0, minf=575
  IO depths    : 1=0.1%, 2=0.2%, 4=0.4%, 8=0.8%, 16=1.6%, 32=3.1%, >=64=93.8%
     submit    : 0=0.0%, 4=100.0%, 8=0.0%, 16=0.0%, 32=0.0%, 64=0.0%, >=64=0.0%
     complete  : 0=0.0%, 4=99.9%, 8=0.0%, 16=0.0%, 32=0.0%, 64=0.1%, >=64=0.0%
     issued rwt: total=1024,0,0, short=0,0,0, dropped=0,0,0
     latency   : target=0, window=0, percentile=100.00%, depth=64

Run status group 0 (all jobs):
   READ: bw=210MiB/s (221MB/s), 210MiB/s-210MiB/s (221MB/s-221MB/s), io=1024MiB (1074MB), run=4865-4865msec

Disk stats (read/write):
  sdg: ios=3905/0, merge=0/0, ticks=651700/0, in_queue=663584, util=97.91%
