test: (g=0): rw=randwrite, bs=(R) 64.0KiB-64.0KiB, (W) 64.0KiB-64.0KiB, (T) 64.0KiB-64.0KiB, ioengine=libaio, iodepth=64
fio-3.1
Starting 1 process

test: (groupid=0, jobs=1): err= 0: pid=27076: Fri Jul 13 15:08:06 2018
  write: IOPS=404, BW=25.3MiB/s (26.5MB/s)(1024MiB/40486msec)
    slat (nsec): min=4455, max=73618, avg=23356.40, stdev=11253.54
    clat (usec): min=623, max=901599, avg=158047.60, stdev=135577.87
     lat (usec): min=670, max=901619, avg=158071.31, stdev=135579.20
    clat percentiles (msec):
     |  1.00th=[    9],  5.00th=[   17], 10.00th=[   21], 20.00th=[   31],
     | 30.00th=[   72], 40.00th=[  104], 50.00th=[  128], 60.00th=[  157],
     | 70.00th=[  188], 80.00th=[  249], 90.00th=[  359], 95.00th=[  426],
     | 99.00th=[  625], 99.50th=[  693], 99.90th=[  760], 99.95th=[  827],
     | 99.99th=[  894]
   bw (  KiB/s): min= 2560, max=48384, per=98.97%, avg=25632.51, stdev=8631.20, samples=80
   iops        : min=   40, max=  756, avg=400.50, stdev=134.87, samples=80
  lat (usec)   : 750=0.01%
  lat (msec)   : 2=0.01%, 4=0.13%, 10=1.15%, 20=7.81%, 50=17.14%
  lat (msec)   : 100=12.45%, 250=41.41%, 500=17.38%, 750=2.38%, 1000=0.11%
  cpu          : usr=0.43%, sys=1.52%, ctx=15707, majf=0, minf=28
  IO depths    : 1=0.1%, 2=0.1%, 4=0.1%, 8=0.1%, 16=0.1%, 32=0.2%, >=64=99.6%
     submit    : 0=0.0%, 4=100.0%, 8=0.0%, 16=0.0%, 32=0.0%, 64=0.0%, >=64=0.0%
     complete  : 0=0.0%, 4=100.0%, 8=0.0%, 16=0.0%, 32=0.0%, 64=0.1%, >=64=0.0%
     issued rwt: total=0,16384,0, short=0,0,0, dropped=0,0,0
     latency   : target=0, window=0, percentile=100.00%, depth=64

Run status group 0 (all jobs):
  WRITE: bw=25.3MiB/s (26.5MB/s), 25.3MiB/s-25.3MiB/s (26.5MB/s-26.5MB/s), io=1024MiB (1074MB), run=40486-40486msec

Disk stats (read/write):
  sdg: ios=40/15699, merge=0/676, ticks=19710/2489001, in_queue=2511107, util=99.80%
