test: (g=0): rw=randwrite, bs=(R) 8192B-8192B, (W) 8192B-8192B, (T) 8192B-8192B, ioengine=libaio, iodepth=64
fio-3.1
Starting 1 process

test: (groupid=0, jobs=1): err= 0: pid=15494: Mon Jul 23 20:55:31 2018
  write: IOPS=406, BW=3252KiB/s (3330kB/s)(1024MiB/322472msec)
    slat (usec): min=4, max=127, avg=23.71, stdev= 9.53
    clat (msec): min=6, max=1016, avg=157.43, stdev=113.33
     lat (msec): min=6, max=1016, avg=157.45, stdev=113.34
    clat percentiles (msec):
     |  1.00th=[   14],  5.00th=[   20], 10.00th=[   26], 20.00th=[   67],
     | 30.00th=[   97], 40.00th=[  120], 50.00th=[  140], 60.00th=[  163],
     | 70.00th=[  188], 80.00th=[  222], 90.00th=[  305], 95.00th=[  393],
     | 99.00th=[  535], 99.50th=[  600], 99.90th=[  735], 99.95th=[  776],
     | 99.99th=[  844]
   bw (  KiB/s): min=  383, max=10656, per=99.59%, avg=3237.70, stdev=1004.42, samples=643
   iops        : min=   47, max= 1332, avg=404.71, stdev=125.56, samples=643
  lat (msec)   : 10=0.08%, 20=5.90%, 50=11.48%, 100=13.82%, 250=53.90%
  lat (msec)   : 500=13.36%, 750=1.37%, 1000=0.08%, 2000=0.01%
  cpu          : usr=0.47%, sys=1.47%, ctx=130735, majf=0, minf=27
  IO depths    : 1=0.1%, 2=0.1%, 4=0.1%, 8=0.1%, 16=0.1%, 32=0.1%, >=64=100.0%
     submit    : 0=0.0%, 4=100.0%, 8=0.0%, 16=0.0%, 32=0.0%, 64=0.0%, >=64=0.0%
     complete  : 0=0.0%, 4=100.0%, 8=0.0%, 16=0.0%, 32=0.0%, 64=0.1%, >=64=0.0%
     issued rwt: total=0,131072,0, short=0,0,0, dropped=0,0,0
     latency   : target=0, window=0, percentile=100.00%, depth=64

Run status group 0 (all jobs):
  WRITE: bw=3252KiB/s (3330kB/s), 3252KiB/s-3252KiB/s (3330kB/s-3330kB/s), io=1024MiB (1074MB), run=322472-322472msec

Disk stats (read/write):
  sdj: ios=45/130736, merge=0/0, ticks=1883/20627070, in_queue=20629534, util=100.00%
