test: (g=0): rw=read, bs=(R) 64.0KiB-64.0KiB, (W) 64.0KiB-64.0KiB, (T) 64.0KiB-64.0KiB, ioengine=libaio, iodepth=64
fio-3.1
Starting 1 process

test: (groupid=0, jobs=1): err= 0: pid=15171: Mon Jul 23 20:30:36 2018
   read: IOPS=3377, BW=211MiB/s (221MB/s)(1024MiB/4851msec)
    slat (usec): min=5, max=571, avg=17.13, stdev= 7.96
    clat (usec): min=1598, max=37086, avg=18920.94, stdev=1088.13
     lat (usec): min=1634, max=37105, avg=18938.22, stdev=1087.46
    clat percentiles (usec):
     |  1.00th=[18482],  5.00th=[18482], 10.00th=[18482], 20.00th=[18482],
     | 30.00th=[18744], 40.00th=[18744], 50.00th=[18744], 60.00th=[19006],
     | 70.00th=[19006], 80.00th=[19006], 90.00th=[19268], 95.00th=[19530],
     | 99.00th=[22938], 99.50th=[23200], 99.90th=[32113], 99.95th=[34866],
     | 99.99th=[36963]
   bw (  KiB/s): min=213504, max=219776, per=99.98%, avg=216120.89, stdev=2678.16, samples=9
   iops        : min= 3336, max= 3434, avg=3376.89, stdev=41.85, samples=9
  lat (msec)   : 2=0.07%, 4=0.07%, 10=0.08%, 20=98.55%, 50=1.23%
  cpu          : usr=1.42%, sys=8.33%, ctx=16369, majf=0, minf=545
  IO depths    : 1=0.1%, 2=0.1%, 4=0.1%, 8=0.1%, 16=0.1%, 32=0.2%, >=64=99.6%
     submit    : 0=0.0%, 4=100.0%, 8=0.0%, 16=0.0%, 32=0.0%, 64=0.0%, >=64=0.0%
     complete  : 0=0.0%, 4=100.0%, 8=0.0%, 16=0.0%, 32=0.0%, 64=0.1%, >=64=0.0%
     issued rwt: total=16384,0,0, short=0,0,0, dropped=0,0,0
     latency   : target=0, window=0, percentile=100.00%, depth=64

Run status group 0 (all jobs):
   READ: bw=211MiB/s (221MB/s), 211MiB/s-211MiB/s (221MB/s-221MB/s), io=1024MiB (1074MB), run=4851-4851msec

Disk stats (read/write):
  sdj: ios=15689/0, merge=0/0, ticks=296225/0, in_queue=296792, util=97.93%
