test: (g=0): rw=write, bs=(R) 1024KiB-1024KiB, (W) 1024KiB-1024KiB, (T) 1024KiB-1024KiB, ioengine=libaio, iodepth=64
fio-3.1
Starting 1 process

test: (groupid=0, jobs=1): err= 0: pid=24473: Fri Aug 17 17:58:42 2018
  write: IOPS=195, BW=195MiB/s (205MB/s)(1024MiB/5238msec)
    slat (usec): min=87, max=80931, avg=4940.45, stdev=13164.92
    clat (msec): min=136, max=541, avg=320.26, stdev=39.21
     lat (msec): min=137, max=541, avg=325.20, stdev=37.96
    clat percentiles (msec):
     |  1.00th=[  176],  5.00th=[  271], 10.00th=[  284], 20.00th=[  309],
     | 30.00th=[  313], 40.00th=[  317], 50.00th=[  321], 60.00th=[  326],
     | 70.00th=[  330], 80.00th=[  338], 90.00th=[  351], 95.00th=[  359],
     | 99.00th=[  464], 99.50th=[  502], 99.90th=[  542], 99.95th=[  542],
     | 99.99th=[  542]
   bw (  KiB/s): min=155648, max=212992, per=97.80%, avg=195788.80, stdev=15662.70, samples=10
   iops        : min=  152, max=  208, avg=191.20, stdev=15.30, samples=10
  lat (msec)   : 250=2.44%, 500=96.58%, 750=0.98%
  cpu          : usr=1.58%, sys=1.99%, ctx=149, majf=0, minf=28
  IO depths    : 1=0.1%, 2=0.2%, 4=0.4%, 8=0.8%, 16=1.6%, 32=3.1%, >=64=93.8%
     submit    : 0=0.0%, 4=100.0%, 8=0.0%, 16=0.0%, 32=0.0%, 64=0.0%, >=64=0.0%
     complete  : 0=0.0%, 4=99.9%, 8=0.0%, 16=0.0%, 32=0.0%, 64=0.1%, >=64=0.0%
     issued rwt: total=0,1024,0, short=0,0,0, dropped=0,0,0
     latency   : target=0, window=0, percentile=100.00%, depth=64

Run status group 0 (all jobs):
  WRITE: bw=195MiB/s (205MB/s), 195MiB/s-195MiB/s (205MB/s-205MB/s), io=1024MiB (1074MB), run=5238-5238msec

Disk stats (read/write):
  sdg: ios=15/3987, merge=0/0, ticks=0/711338, in_queue=728076, util=97.54%
