test: (g=0): rw=read, bs=(R) 512KiB-512KiB, (W) 512KiB-512KiB, (T) 512KiB-512KiB, ioengine=libaio, iodepth=64
fio-3.1
Starting 1 process

test: (groupid=0, jobs=1): err= 0: pid=15883: Thu Jul 12 16:44:41 2018
   read: IOPS=435, BW=218MiB/s (229MB/s)(1024MiB/4699msec)
    slat (usec): min=25, max=674, avg=89.36, stdev=55.23
    clat (msec): min=11, max=299, avg=146.48, stdev=22.80
     lat (msec): min=11, max=299, avg=146.57, stdev=22.78
    clat percentiles (msec):
     |  1.00th=[   39],  5.00th=[  138], 10.00th=[  142], 20.00th=[  142],
     | 30.00th=[  144], 40.00th=[  146], 50.00th=[  148], 60.00th=[  148],
     | 70.00th=[  150], 80.00th=[  150], 90.00th=[  153], 95.00th=[  153],
     | 99.00th=[  253], 99.50th=[  275], 99.90th=[  296], 99.95th=[  296],
     | 99.99th=[  300]
   bw (  KiB/s): min=217088, max=230400, per=100.00%, avg=223459.56, stdev=5265.83, samples=9
   iops        : min=  424, max=  450, avg=436.44, stdev=10.28, samples=9
  lat (msec)   : 20=0.39%, 50=0.88%, 100=1.17%, 250=96.48%, 500=1.07%
  cpu          : usr=0.49%, sys=4.79%, ctx=2045, majf=0, minf=559
  IO depths    : 1=0.1%, 2=0.1%, 4=0.2%, 8=0.4%, 16=0.8%, 32=1.6%, >=64=96.9%
     submit    : 0=0.0%, 4=100.0%, 8=0.0%, 16=0.0%, 32=0.0%, 64=0.0%, >=64=0.0%
     complete  : 0=0.0%, 4=99.9%, 8=0.0%, 16=0.0%, 32=0.0%, 64=0.1%, >=64=0.0%
     issued rwt: total=2048,0,0, short=0,0,0, dropped=0,0,0
     latency   : target=0, window=0, percentile=100.00%, depth=64

Run status group 0 (all jobs):
   READ: bw=218MiB/s (229MB/s), 218MiB/s-218MiB/s (229MB/s-229MB/s), io=1024MiB (1074MB), run=4699-4699msec

Disk stats (read/write):
  sdm: ios=4046/0, merge=0/0, ticks=580644/0, in_queue=586666, util=97.93%
