test: (g=0): rw=write, bs=(R) 1024KiB-1024KiB, (W) 1024KiB-1024KiB, (T) 1024KiB-1024KiB, ioengine=libaio, iodepth=64
fio-3.1
Starting 1 process

test: (groupid=0, jobs=1): err= 0: pid=26900: Fri Jul 13 13:02:17 2018
  write: IOPS=465, BW=465MiB/s (488MB/s)(1024MiB/2200msec)
    slat (usec): min=64, max=22184, avg=2067.04, stdev=5136.23
    clat (msec): min=56, max=198, avg=134.39, stdev=13.84
     lat (msec): min=56, max=214, avg=136.46, stdev=13.19
    clat percentiles (msec):
     |  1.00th=[   81],  5.00th=[  118], 10.00th=[  122], 20.00th=[  134],
     | 30.00th=[  134], 40.00th=[  136], 50.00th=[  136], 60.00th=[  138],
     | 70.00th=[  140], 80.00th=[  140], 90.00th=[  140], 95.00th=[  150],
     | 99.00th=[  182], 99.50th=[  199], 99.90th=[  199], 99.95th=[  199],
     | 99.99th=[  199]
   bw (  KiB/s): min=413696, max=491520, per=96.57%, avg=460288.00, stdev=33833.35, samples=4
   iops        : min=  404, max=  480, avg=449.50, stdev=33.04, samples=4
  lat (msec)   : 100=3.22%, 250=96.78%
  cpu          : usr=4.32%, sys=4.05%, ctx=162, majf=0, minf=28
  IO depths    : 1=0.1%, 2=0.2%, 4=0.4%, 8=0.8%, 16=1.6%, 32=3.1%, >=64=93.8%
     submit    : 0=0.0%, 4=100.0%, 8=0.0%, 16=0.0%, 32=0.0%, 64=0.0%, >=64=0.0%
     complete  : 0=0.0%, 4=99.9%, 8=0.0%, 16=0.0%, 32=0.0%, 64=0.1%, >=64=0.0%
     issued rwt: total=0,1024,0, short=0,0,0, dropped=0,0,0
     latency   : target=0, window=0, percentile=100.00%, depth=64

Run status group 0 (all jobs):
  WRITE: bw=465MiB/s (488MB/s), 465MiB/s-465MiB/s (488MB/s-488MB/s), io=1024MiB (1074MB), run=2200-2200msec

Disk stats (read/write):
  sdb: ios=40/3938, merge=0/0, ticks=12/294752, in_queue=300023, util=94.35%
