test: (g=0): rw=randread, bs=(R) 8192B-8192B, (W) 8192B-8192B, (T) 8192B-8192B, ioengine=libaio, iodepth=64
fio-3.1
Starting 1 process

test: (groupid=0, jobs=1): err= 0: pid=9433: Tue Jul 24 22:20:03 2018
   read: IOPS=502, BW=4018KiB/s (4114kB/s)(1024MiB/260996msec)
    slat (usec): min=3, max=119, avg=22.46, stdev= 7.83
    clat (msec): min=6, max=1188, avg=127.41, stdev=77.80
     lat (msec): min=6, max=1188, avg=127.43, stdev=77.80
    clat percentiles (msec):
     |  1.00th=[   36],  5.00th=[   60], 10.00th=[   68], 20.00th=[   75],
     | 30.00th=[   83], 40.00th=[   91], 50.00th=[  102], 60.00th=[  116],
     | 70.00th=[  136], 80.00th=[  167], 90.00th=[  224], 95.00th=[  284],
     | 99.00th=[  426], 99.50th=[  489], 99.90th=[  634], 99.95th=[  701],
     | 99.99th=[  852]
   bw (  KiB/s): min= 2320, max= 8864, per=99.70%, avg=4005.02, stdev=613.76, samples=521
   iops        : min=  290, max= 1108, avg=500.62, stdev=76.72, samples=521
  lat (msec)   : 10=0.01%, 20=0.09%, 50=2.96%, 100=45.59%, 250=44.02%
  lat (msec)   : 500=6.89%, 750=0.42%, 1000=0.02%, 2000=0.01%
  cpu          : usr=0.58%, sys=1.79%, ctx=130302, majf=0, minf=459
  IO depths    : 1=0.1%, 2=0.1%, 4=0.1%, 8=0.1%, 16=0.1%, 32=0.1%, >=64=100.0%
     submit    : 0=0.0%, 4=100.0%, 8=0.0%, 16=0.0%, 32=0.0%, 64=0.0%, >=64=0.0%
     complete  : 0=0.0%, 4=100.0%, 8=0.0%, 16=0.0%, 32=0.0%, 64=0.1%, >=64=0.0%
     issued rwt: total=131072,0,0, short=0,0,0, dropped=0,0,0
     latency   : target=0, window=0, percentile=100.00%, depth=64

Run status group 0 (all jobs):
   READ: bw=4018KiB/s (4114kB/s), 4018KiB/s-4018KiB/s (4114kB/s-4114kB/s), io=1024MiB (1074MB), run=260996-260996msec

Disk stats (read/write):
  sdl: ios=130917/6, merge=0/0, ticks=16689696/421, in_queue=16691865, util=100.00%
