test: (g=0): rw=randread, bs=(R) 64.0KiB-64.0KiB, (W) 64.0KiB-64.0KiB, (T) 64.0KiB-64.0KiB, ioengine=libaio, iodepth=64
fio-3.1
Starting 1 process

test: (groupid=0, jobs=1): err= 0: pid=3340: Thu Jul 12 10:42:10 2018
   read: IOPS=468, BW=29.3MiB/s (30.7MB/s)(1024MiB/34966msec)
    slat (usec): min=3, max=668, avg=20.92, stdev= 9.38
    clat (msec): min=5, max=1048, avg=136.55, stdev=101.23
     lat (msec): min=5, max=1048, avg=136.57, stdev=101.23
    clat percentiles (msec):
     |  1.00th=[   16],  5.00th=[   30], 10.00th=[   42], 20.00th=[   61],
     | 30.00th=[   79], 40.00th=[   95], 50.00th=[  112], 60.00th=[  131],
     | 70.00th=[  155], 80.00th=[  194], 90.00th=[  264], 95.00th=[  338],
     | 99.00th=[  506], 99.50th=[  584], 99.90th=[  751], 99.95th=[  810],
     | 99.99th=[ 1011]
   bw (  KiB/s): min=24448, max=41261, per=99.03%, avg=29696.46, stdev=3437.74, samples=69
   iops        : min=  382, max=  644, avg=463.97, stdev=53.69, samples=69
  lat (msec)   : 10=0.09%, 20=1.81%, 50=12.37%, 100=28.84%, 250=45.68%
  lat (msec)   : 500=10.13%, 750=0.98%, 1000=0.09%, 2000=0.02%
  cpu          : usr=0.50%, sys=1.88%, ctx=15712, majf=0, minf=544
  IO depths    : 1=0.1%, 2=0.1%, 4=0.1%, 8=0.1%, 16=0.1%, 32=0.2%, >=64=99.6%
     submit    : 0=0.0%, 4=100.0%, 8=0.0%, 16=0.0%, 32=0.0%, 64=0.0%, >=64=0.0%
     complete  : 0=0.0%, 4=100.0%, 8=0.0%, 16=0.0%, 32=0.0%, 64=0.1%, >=64=0.0%
     issued rwt: total=16384,0,0, short=0,0,0, dropped=0,0,0
     latency   : target=0, window=0, percentile=100.00%, depth=64

Run status group 0 (all jobs):
   READ: bw=29.3MiB/s (30.7MB/s), 29.3MiB/s-29.3MiB/s (30.7MB/s-30.7MB/s), io=1024MiB (1074MB), run=34966-34966msec

Disk stats (read/write):
  sdj: ios=15657/0, merge=665/0, ticks=2156217/0, in_queue=2161300, util=99.78%
