test: (g=0): rw=randwrite, bs=(R) 8192B-8192B, (W) 8192B-8192B, (T) 8192B-8192B, ioengine=libaio, iodepth=64
fio-3.1
Starting 1 process

test: (groupid=0, jobs=1): err= 0: pid=16668: Mon Jul 23 21:59:39 2018
  write: IOPS=383, BW=3069KiB/s (3142kB/s)(1024MiB/341684msec)
    slat (usec): min=4, max=225, avg=25.27, stdev= 9.96
    clat (usec): min=410, max=1070.6k, avg=166806.64, stdev=115610.27
     lat (usec): min=446, max=1070.7k, avg=166832.35, stdev=115612.16
    clat percentiles (msec):
     |  1.00th=[   14],  5.00th=[   20], 10.00th=[   26], 20.00th=[   77],
     | 30.00th=[  107], 40.00th=[  129], 50.00th=[  150], 60.00th=[  174],
     | 70.00th=[  201], 80.00th=[  234], 90.00th=[  321], 95.00th=[  401],
     | 99.00th=[  535], 99.50th=[  609], 99.90th=[  768], 99.95th=[  793],
     | 99.99th=[  877]
   bw (  KiB/s): min=   48, max= 9584, per=99.73%, avg=3059.63, stdev=943.51, samples=683
   iops        : min=    6, max= 1198, avg=382.44, stdev=117.93, samples=683
  lat (usec)   : 500=0.01%, 750=0.01%, 1000=0.01%
  lat (msec)   : 2=0.01%, 4=0.01%, 10=0.07%, 20=5.87%, 50=10.32%
  lat (msec)   : 100=11.03%, 250=55.88%, 500=15.23%, 750=1.46%, 1000=0.13%
  lat (msec)   : 2000=0.01%
  cpu          : usr=0.42%, sys=1.46%, ctx=130716, majf=0, minf=28
  IO depths    : 1=0.1%, 2=0.1%, 4=0.1%, 8=0.1%, 16=0.1%, 32=0.1%, >=64=100.0%
     submit    : 0=0.0%, 4=100.0%, 8=0.0%, 16=0.0%, 32=0.0%, 64=0.0%, >=64=0.0%
     complete  : 0=0.0%, 4=100.0%, 8=0.0%, 16=0.0%, 32=0.0%, 64=0.1%, >=64=0.0%
     issued rwt: total=0,131072,0, short=0,0,0, dropped=0,0,0
     latency   : target=0, window=0, percentile=100.00%, depth=64

Run status group 0 (all jobs):
  WRITE: bw=3069KiB/s (3142kB/s), 3069KiB/s-3069KiB/s (3142kB/s-3142kB/s), io=1024MiB (1074MB), run=341684-341684msec

Disk stats (read/write):
  sdl: ios=33/130855, merge=0/0, ticks=9552/21858788, in_queue=21869077, util=100.00%
