test: (g=0): rw=randread, bs=(R) 64.0KiB-64.0KiB, (W) 64.0KiB-64.0KiB, (T) 64.0KiB-64.0KiB, ioengine=libaio, iodepth=64
fio-3.1
Starting 1 process

test: (groupid=0, jobs=1): err= 0: pid=15080: Mon Jul 23 20:34:33 2018
   read: IOPS=472, BW=29.5MiB/s (30.0MB/s)(1024MiB/34656msec)
    slat (usec): min=6, max=183, avg=27.57, stdev= 9.87
    clat (msec): min=9, max=954, avg=135.33, stdev=82.01
     lat (msec): min=9, max=954, avg=135.36, stdev=82.01
    clat percentiles (msec):
     |  1.00th=[   53],  5.00th=[   67], 10.00th=[   72], 20.00th=[   80],
     | 30.00th=[   87], 40.00th=[   95], 50.00th=[  107], 60.00th=[  122],
     | 70.00th=[  144], 80.00th=[  178], 90.00th=[  239], 95.00th=[  305],
     | 99.00th=[  456], 99.50th=[  518], 99.90th=[  659], 99.95th=[  693],
     | 99.99th=[  760]
   bw (  KiB/s): min=25600, max=45312, per=99.67%, avg=30155.77, stdev=3374.62, samples=69
   iops        : min=  400, max=  708, avg=471.16, stdev=52.75, samples=69
  lat (msec)   : 10=0.01%, 20=0.02%, 50=0.70%, 100=43.84%, 250=46.52%
  lat (msec)   : 500=8.29%, 750=0.62%, 1000=0.01%
  cpu          : usr=0.51%, sys=1.92%, ctx=16376, majf=0, minf=544
  IO depths    : 1=0.1%, 2=0.1%, 4=0.1%, 8=0.1%, 16=0.1%, 32=0.2%, >=64=99.6%
     submit    : 0=0.0%, 4=100.0%, 8=0.0%, 16=0.0%, 32=0.0%, 64=0.0%, >=64=0.0%
     complete  : 0=0.0%, 4=100.0%, 8=0.0%, 16=0.0%, 32=0.0%, 64=0.1%, >=64=0.0%
     issued rwt: total=16384,0,0, short=0,0,0, dropped=0,0,0
     latency   : target=0, window=0, percentile=100.00%, depth=64

Run status group 0 (all jobs):
   READ: bw=29.5MiB/s (30.0MB/s), 29.5MiB/s-29.5MiB/s (30.0MB/s-30.0MB/s), io=1024MiB (1074MB), run=34656-34656msec

Disk stats (read/write):
  sdi: ios=16392/0, merge=0/0, ticks=2218659/0, in_queue=2219482, util=100.00%
