test: (g=0): rw=write, bs=(R) 1024KiB-1024KiB, (W) 1024KiB-1024KiB, (T) 1024KiB-1024KiB, ioengine=libaio, iodepth=64
fio-3.1
Starting 1 process

test: (groupid=0, jobs=1): err= 0: pid=40716: Fri Jul 13 14:04:14 2018
  write: IOPS=195, BW=195MiB/s (205MB/s)(1024MiB/5242msec)
    slat (usec): min=62, max=86423, avg=4937.16, stdev=13079.69
    clat (msec): min=132, max=452, avg=320.46, stdev=35.60
     lat (msec): min=132, max=489, avg=325.39, stdev=34.00
    clat percentiles (msec):
     |  1.00th=[  184],  5.00th=[  271], 10.00th=[  284], 20.00th=[  309],
     | 30.00th=[  317], 40.00th=[  317], 50.00th=[  321], 60.00th=[  334],
     | 70.00th=[  334], 80.00th=[  342], 90.00th=[  355], 95.00th=[  359],
     | 99.00th=[  414], 99.50th=[  451], 99.90th=[  451], 99.95th=[  451],
     | 99.99th=[  451]
   bw (  KiB/s): min=151552, max=212992, per=96.85%, avg=193740.80, stdev=18041.01, samples=10
   iops        : min=  148, max=  208, avg=189.20, stdev=17.62, samples=10
  lat (msec)   : 250=4.00%, 500=96.00%
  cpu          : usr=1.45%, sys=2.00%, ctx=163, majf=0, minf=28
  IO depths    : 1=0.1%, 2=0.2%, 4=0.4%, 8=0.8%, 16=1.6%, 32=3.1%, >=64=93.8%
     submit    : 0=0.0%, 4=100.0%, 8=0.0%, 16=0.0%, 32=0.0%, 64=0.0%, >=64=0.0%
     complete  : 0=0.0%, 4=99.9%, 8=0.0%, 16=0.0%, 32=0.0%, 64=0.1%, >=64=0.0%
     issued rwt: total=0,1024,0, short=0,0,0, dropped=0,0,0
     latency   : target=0, window=0, percentile=100.00%, depth=64

Run status group 0 (all jobs):
  WRITE: bw=195MiB/s (205MB/s), 195MiB/s-195MiB/s (205MB/s-205MB/s), io=1024MiB (1074MB), run=5242-5242msec

Disk stats (read/write):
  sdf: ios=7/3987, merge=0/0, ticks=4362/713620, in_queue=729891, util=97.83%
