test: (g=0): rw=randread, bs=(R) 64.0KiB-64.0KiB, (W) 64.0KiB-64.0KiB, (T) 64.0KiB-64.0KiB, ioengine=libaio, iodepth=64
fio-3.1
Starting 1 process

test: (groupid=0, jobs=1): err= 0: pid=34571: Tue Jul 24 20:01:28 2018
   read: IOPS=461, BW=28.8MiB/s (30.2MB/s)(1024MiB/35508msec)
    slat (usec): min=7, max=186, avg=30.14, stdev= 9.72
    clat (msec): min=8, max=897, avg=138.66, stdev=86.52
     lat (msec): min=8, max=897, avg=138.69, stdev=86.52
    clat percentiles (msec):
     |  1.00th=[   54],  5.00th=[   68], 10.00th=[   73], 20.00th=[   81],
     | 30.00th=[   89], 40.00th=[   97], 50.00th=[  109], 60.00th=[  125],
     | 70.00th=[  148], 80.00th=[  182], 90.00th=[  243], 95.00th=[  313],
     | 99.00th=[  485], 99.50th=[  550], 99.90th=[  693], 99.95th=[  751],
     | 99.99th=[  885]
   bw (  KiB/s): min= 7808, max=43008, per=99.64%, avg=29423.77, stdev=4038.74, samples=71
   iops        : min=  122, max=  672, avg=459.75, stdev=63.11, samples=71
  lat (msec)   : 10=0.01%, 20=0.03%, 50=0.69%, 100=42.58%, 250=47.37%
  lat (msec)   : 500=8.50%, 750=0.76%, 1000=0.05%
  cpu          : usr=0.59%, sys=1.97%, ctx=16381, majf=0, minf=544
  IO depths    : 1=0.1%, 2=0.1%, 4=0.1%, 8=0.1%, 16=0.1%, 32=0.2%, >=64=99.6%
     submit    : 0=0.0%, 4=100.0%, 8=0.0%, 16=0.0%, 32=0.0%, 64=0.0%, >=64=0.0%
     complete  : 0=0.0%, 4=100.0%, 8=0.0%, 16=0.0%, 32=0.0%, 64=0.1%, >=64=0.0%
     issued rwt: total=16384,0,0, short=0,0,0, dropped=0,0,0
     latency   : target=0, window=0, percentile=100.00%, depth=64

Run status group 0 (all jobs):
   READ: bw=28.8MiB/s (30.2MB/s), 28.8MiB/s-28.8MiB/s (30.2MB/s-30.2MB/s), io=1024MiB (1074MB), run=35508-35508msec

Disk stats (read/write):
  sdj: ios=16299/2, merge=0/0, ticks=2261520/148, in_queue=2264366, util=99.78%
