rbd_image0: (g=0): rw=randwrite, bs=(R) 8192B-8192B, (W) 8192B-8192B, (T) 8192B-8192B, ioengine=rbd, iodepth=64
...
fio-3.1
Starting 5 processes

rbd_image0: (groupid=0, jobs=5): err= 0: pid=166524: Thu Jul  5 10:49:43 2018
  write: IOPS=706, BW=5648KiB/s (5784kB/s)(100GiB/18564714msec)
    slat (nsec): min=1519, max=885280, avg=5670.97, stdev=4026.29
    clat (usec): min=881, max=19048k, avg=412341.25, stdev=1221315.42
     lat (usec): min=888, max=19048k, avg=412346.92, stdev=1221315.50
    clat percentiles (msec):
     |  1.00th=[    4],  5.00th=[   18], 10.00th=[   35], 20.00th=[   61],
     | 30.00th=[   87], 40.00th=[  112], 50.00th=[  140], 60.00th=[  176],
     | 70.00th=[  228], 80.00th=[  338], 90.00th=[  768], 95.00th=[ 1334],
     | 99.00th=[ 7483], 99.50th=[10268], 99.90th=[13892], 99.95th=[15100],
     | 99.99th=[16711]
   bw (  KiB/s): min=   16, max=113138, per=45.44%, avg=2566.56, stdev=2465.88, samples=79785
   iops        : min=    2, max=14142, avg=320.76, stdev=308.20, samples=79785
  lat (usec)   : 1000=0.01%
  lat (msec)   : 2=0.18%, 4=2.78%, 10=1.52%, 20=1.05%, 50=10.61%
  lat (msec)   : 100=19.18%, 250=37.68%, 500=12.56%, 750=4.15%, 1000=2.97%
  lat (msec)   : 2000=4.34%, >=2000=2.97%
  cpu          : usr=0.09%, sys=0.02%, ctx=491615, majf=0, minf=636867
  IO depths    : 1=0.6%, 2=1.8%, 4=5.0%, 8=11.9%, 16=25.1%, 32=53.0%, >=64=2.7%
     submit    : 0=0.0%, 4=100.0%, 8=0.0%, 16=0.0%, 32=0.0%, 64=0.0%, >=64=0.0%
     complete  : 0=0.0%, 4=98.2%, 8=0.2%, 16=0.1%, 32=0.1%, 64=1.5%, >=64=0.0%
     issued rwt: total=0,13107200,0, short=0,0,0, dropped=0,0,0
     latency   : target=0, window=0, percentile=100.00%, depth=64

Run status group 0 (all jobs):
  WRITE: bw=5648KiB/s (5784kB/s), 5648KiB/s-5648KiB/s (5784kB/s-5784kB/s), io=100GiB (107GB), run=18564714-18564714msec

Disk stats (read/write):
    dm-0: ios=0/58194, merge=0/0, ticks=0/398830, in_queue=398834, util=2.05%, aggrios=0/76934, aggrmerge=0/499, aggrticks=0/398414, aggrin_queue=398389, aggrutil=2.05%
  sdc: ios=0/76934, merge=0/499, ticks=0/398414, in_queue=398389, util=2.05%
