rbd_image0: (g=0): rw=randread, bs=(R) 4096B-4096B, (W) 4096B-4096B, (T) 4096B-4096B, ioengine=rbd, iodepth=64
...
fio-3.1
Starting 5 processes

rbd_image0: (groupid=0, jobs=5): err= 0: pid=166375: Thu Jul  5 05:40:15 2018
   read: IOPS=21.1k, BW=82.3MiB/s (86.3MB/s)(100GiB/1244081msec)
    slat (nsec): min=499, max=348521, avg=1231.54, stdev=1598.52
    clat (usec): min=253, max=12136k, avg=15108.70, stdev=104375.00
     lat (usec): min=255, max=12136k, avg=15109.93, stdev=104375.02
    clat percentiles (usec):
     |  1.00th=[   1270],  5.00th=[   1811], 10.00th=[   2089],
     | 20.00th=[   2409], 30.00th=[   2671], 40.00th=[   2933],
     | 50.00th=[   3195], 60.00th=[   3589], 70.00th=[   4293],
     | 80.00th=[   5800], 90.00th=[   9241], 95.00th=[  16581],
     | 99.00th=[ 341836], 99.50th=[ 624952], 99.90th=[1300235],
     | 99.95th=[1635779], 99.99th=[2868904]
   bw (  KiB/s): min=    8, max=92186, per=24.46%, avg=20612.46, stdev=26498.42, samples=10169
   iops        : min=    2, max=23046, avg=5153.08, stdev=6624.59, samples=10169
  lat (usec)   : 500=0.01%, 750=0.12%, 1000=0.28%
  lat (msec)   : 2=7.67%, 4=58.90%, 10=24.13%, 20=4.55%, 50=1.37%
  lat (msec)   : 100=0.75%, 250=0.92%, 500=0.63%, 750=0.28%, 1000=0.18%
  lat (msec)   : 2000=0.18%, >=2000=0.03%
  cpu          : usr=1.10%, sys=0.08%, ctx=934828, majf=0, minf=106
  IO depths    : 1=0.3%, 2=0.7%, 4=2.2%, 8=7.7%, 16=24.8%, 32=61.6%, >=64=2.7%
     submit    : 0=0.0%, 4=100.0%, 8=0.0%, 16=0.0%, 32=0.0%, 64=0.0%, >=64=0.0%
     complete  : 0=0.0%, 4=98.1%, 8=0.1%, 16=0.1%, 32=0.1%, 64=1.7%, >=64=0.0%
     issued rwt: total=26214400,0,0, short=0,0,0, dropped=0,0,0
     latency   : target=0, window=0, percentile=100.00%, depth=64

Run status group 0 (all jobs):
   READ: bw=82.3MiB/s (86.3MB/s), 82.3MiB/s-82.3MiB/s (86.3MB/s-86.3MB/s), io=100GiB (107GB), run=1244081-1244081msec

Disk stats (read/write):
    dm-0: ios=0/3739, merge=0/0, ticks=0/27885, in_queue=27885, util=2.12%, aggrios=0/5014, aggrmerge=0/22, aggrticks=0/27872, aggrin_queue=27868, aggrutil=2.12%
  sdc: ios=0/5014, merge=0/22, ticks=0/27872, in_queue=27868, util=2.12%
