rbd_image0: (g=0): rw=write, bs=(R) 1024KiB-1024KiB, (W) 1024KiB-1024KiB, (T) 1024KiB-1024KiB, ioengine=rbd, iodepth=64
...
fio-3.1
Starting 5 processes

rbd_image0: (groupid=0, jobs=5): err= 0: pid=161540: Wed Jul  4 19:05:20 2018
  write: IOPS=227, BW=228MiB/s (239MB/s)(100GiB/449175msec)
    slat (usec): min=228, max=13051, avg=515.41, stdev=361.03
    clat (msec): min=8, max=12107, avg=1194.38, stdev=1417.62
     lat (msec): min=8, max=12107, avg=1194.90, stdev=1417.63
    clat percentiles (msec):
     |  1.00th=[   92],  5.00th=[  161], 10.00th=[  211], 20.00th=[  296],
     | 30.00th=[  384], 40.00th=[  498], 50.00th=[  642], 60.00th=[  869],
     | 70.00th=[ 1200], 80.00th=[ 1754], 90.00th=[ 2970], 95.00th=[ 4212],
     | 99.00th=[ 7013], 99.50th=[ 7617], 99.90th=[ 9597], 99.95th=[10000],
     | 99.99th=[12147]
   bw (  KiB/s): min= 2052, max=507887, per=53.67%, avg=125294.54, stdev=58361.77, samples=1527
   iops        : min=    2, max=  495, avg=121.96, stdev=56.99, samples=1527
  lat (msec)   : 10=0.01%, 20=0.06%, 50=0.24%, 100=0.97%, 250=13.09%
  lat (msec)   : 500=25.91%, 750=15.31%, 1000=9.48%, 2000=17.63%, >=2000=17.31%
  cpu          : usr=1.69%, sys=1.05%, ctx=8286, majf=0, minf=8271822
  IO depths    : 1=0.4%, 2=1.0%, 4=2.9%, 8=8.0%, 16=21.7%, 32=62.0%, >=64=3.9%
     submit    : 0=0.0%, 4=100.0%, 8=0.0%, 16=0.0%, 32=0.0%, 64=0.0%, >=64=0.0%
     complete  : 0=0.0%, 4=97.5%, 8=0.5%, 16=0.3%, 32=0.2%, 64=1.5%, >=64=0.0%
     issued rwt: total=0,102400,0, short=0,0,0, dropped=0,0,0
     latency   : target=0, window=0, percentile=100.00%, depth=64

Run status group 0 (all jobs):
  WRITE: bw=228MiB/s (239MB/s), 228MiB/s-228MiB/s (239MB/s-239MB/s), io=100GiB (107GB), run=449175-449175msec

Disk stats (read/write):
    dm-0: ios=0/1454, merge=0/0, ticks=0/10296, in_queue=10297, util=2.14%, aggrios=0/1902, aggrmerge=0/19, aggrticks=0/10290, aggrin_queue=10290, aggrutil=2.14%
  sdc: ios=0/1902, merge=0/19, ticks=0/10290, in_queue=10290, util=2.14%
