rbd_image0: (g=0): rw=randwrite, bs=(R) 64.0KiB-64.0KiB, (W) 64.0KiB-64.0KiB, (T) 64.0KiB-64.0KiB, ioengine=rbd, iodepth=64
...
fio-3.1
Starting 5 processes

rbd_image0: (groupid=0, jobs=5): err= 0: pid=168838: Thu Jul  5 11:31:32 2018
  write: IOPS=703, BW=43.0MiB/s (46.1MB/s)(100GiB/2327819msec)
    slat (usec): min=8, max=3829, avg=29.37, stdev=19.08
    clat (usec): min=1176, max=15930k, avg=402999.05, stdev=1509001.08
     lat (usec): min=1219, max=15930k, avg=403028.42, stdev=1509001.41
    clat percentiles (msec):
     |  1.00th=[    5],  5.00th=[   10], 10.00th=[   37], 20.00th=[   56],
     | 30.00th=[   72], 40.00th=[   91], 50.00th=[  113], 60.00th=[  140],
     | 70.00th=[  182], 80.00th=[  249], 90.00th=[  388], 95.00th=[  718],
     | 99.00th=[10537], 99.50th=[12281], 99.90th=[14429], 99.95th=[14966],
     | 99.99th=[15503]
   bw (  KiB/s): min= 1024, max=387145, per=52.42%, avg=23611.74, stdev=18602.81, samples=8222
   iops        : min=   16, max= 6049, avg=368.79, stdev=290.65, samples=8222
  lat (msec)   : 2=0.07%, 4=0.76%, 10=4.27%, 20=0.96%, 50=10.63%
  lat (msec)   : 100=27.79%, 250=35.69%, 500=12.73%, 750=2.32%, 1000=0.69%
  lat (msec)   : 2000=0.82%, >=2000=3.27%
  cpu          : usr=0.39%, sys=0.11%, ctx=93446, majf=0, minf=3586089
  IO depths    : 1=0.5%, 2=1.6%, 4=4.4%, 8=10.9%, 16=24.3%, 32=55.5%, >=64=2.8%
     submit    : 0=0.0%, 4=100.0%, 8=0.0%, 16=0.0%, 32=0.0%, 64=0.0%, >=64=0.0%
     complete  : 0=0.0%, 4=98.0%, 8=0.3%, 16=0.2%, 32=0.1%, 64=1.5%, >=64=0.0%
     issued rwt: total=0,1638400,0, short=0,0,0, dropped=0,0,0
     latency   : target=0, window=0, percentile=100.00%, depth=64

Run status group 0 (all jobs):
  WRITE: bw=43.0MiB/s (46.1MB/s), 43.0MiB/s-43.0MiB/s (46.1MB/s-46.1MB/s), io=100GiB (107GB), run=2327819-2327819msec

Disk stats (read/write):
    dm-0: ios=0/7443, merge=0/0, ticks=0/50374, in_queue=50374, util=2.05%, aggrios=0/9819, aggrmerge=0/78, aggrticks=0/50278, aggrin_queue=50271, aggrutil=2.05%
  sdc: ios=0/9819, merge=0/78, ticks=0/50278, in_queue=50271, util=2.05%
