test: (g=0): rw=randwrite, bs=(R) 8192B-8192B, (W) 8192B-8192B, (T) 8192B-8192B, ioengine=libaio, iodepth=64
fio-3.1
Starting 1 process

test: (groupid=0, jobs=1): err= 0: pid=23370: Fri Aug 17 17:31:56 2018
  write: IOPS=707, BW=5661KiB/s (5797kB/s)(1024MiB/185234msec)
    slat (usec): min=2, max=264, avg= 7.77, stdev= 7.37
    clat (usec): min=198, max=884839, avg=90435.77, stdev=62213.84
     lat (usec): min=203, max=884843, avg=90443.68, stdev=62214.59
    clat percentiles (usec):
     |  1.00th=[   652],  5.00th=[   742], 10.00th=[ 19530], 20.00th=[ 42206],
     | 30.00th=[ 56886], 40.00th=[ 70779], 50.00th=[ 83362], 60.00th=[ 96994],
     | 70.00th=[112722], 80.00th=[130548], 90.00th=[162530], 95.00th=[193987],
     | 99.00th=[287310], 99.50th=[325059], 99.90th=[522191], 99.95th=[650118],
     | 99.99th=[876610]
   bw (  KiB/s): min= 1328, max=125232, per=100.00%, avg=5671.20, stdev=6694.89, samples=369
   iops        : min=  166, max=15654, avg=708.88, stdev=836.86, samples=369
  lat (usec)   : 250=0.01%, 500=0.08%, 750=5.15%, 1000=1.31%
  lat (msec)   : 2=0.31%, 4=0.08%, 10=0.55%, 20=2.67%, 50=14.72%
  lat (msec)   : 100=37.07%, 250=36.15%, 500=1.81%, 750=0.07%, 1000=0.05%
  cpu          : usr=0.20%, sys=0.73%, ctx=54478, majf=0, minf=28
  IO depths    : 1=0.1%, 2=0.1%, 4=0.1%, 8=0.1%, 16=0.1%, 32=0.1%, >=64=100.0%
     submit    : 0=0.0%, 4=100.0%, 8=0.0%, 16=0.0%, 32=0.0%, 64=0.0%, >=64=0.0%
     complete  : 0=0.0%, 4=100.0%, 8=0.0%, 16=0.0%, 32=0.0%, 64=0.1%, >=64=0.0%
     issued rwt: total=0,131072,0, short=0,0,0, dropped=0,0,0
     latency   : target=0, window=0, percentile=100.00%, depth=64

Run status group 0 (all jobs):
  WRITE: bw=5661KiB/s (5797kB/s), 5661KiB/s-5661KiB/s (5797kB/s-5797kB/s), io=1024MiB (1074MB), run=185234-185234msec

Disk stats (read/write):
  sde: ios=27/130967, merge=0/0, ticks=33/11838702, in_queue=11843026, util=100.00%
