test: (g=0): rw=write, bs=(R) 1024KiB-1024KiB, (W) 1024KiB-1024KiB, (T) 1024KiB-1024KiB, ioengine=libaio, iodepth=64
fio-3.1
Starting 1 process

test: (groupid=0, jobs=1): err= 0: pid=23129: Fri Aug 17 17:16:04 2018
  write: IOPS=207, BW=208MiB/s (218MB/s)(1024MiB/4928msec)
    slat (usec): min=59, max=51802, avg=4601.47, stdev=12123.20
    clat (msec): min=126, max=528, avg=301.38, stdev=37.06
     lat (msec): min=126, max=528, avg=305.98, stdev=35.90
    clat percentiles (msec):
     |  1.00th=[  161],  5.00th=[  257], 10.00th=[  271], 20.00th=[  292],
     | 30.00th=[  296], 40.00th=[  296], 50.00th=[  305], 60.00th=[  309],
     | 70.00th=[  313], 80.00th=[  317], 90.00th=[  317], 95.00th=[  321],
     | 99.00th=[  451], 99.50th=[  489], 99.90th=[  527], 99.95th=[  527],
     | 99.99th=[  527]
   bw (  KiB/s): min=172032, max=229376, per=97.98%, avg=208488.22, stdev=15938.23, samples=9
   iops        : min=  168, max=  224, avg=203.56, stdev=15.55, samples=9
  lat (msec)   : 250=3.32%, 500=96.48%, 750=0.20%
  cpu          : usr=1.42%, sys=2.05%, ctx=155, majf=0, minf=28
  IO depths    : 1=0.1%, 2=0.2%, 4=0.4%, 8=0.8%, 16=1.6%, 32=3.1%, >=64=93.8%
     submit    : 0=0.0%, 4=100.0%, 8=0.0%, 16=0.0%, 32=0.0%, 64=0.0%, >=64=0.0%
     complete  : 0=0.0%, 4=99.9%, 8=0.0%, 16=0.0%, 32=0.0%, 64=0.1%, >=64=0.0%
     issued rwt: total=0,1024,0, short=0,0,0, dropped=0,0,0
     latency   : target=0, window=0, percentile=100.00%, depth=64

Run status group 0 (all jobs):
  WRITE: bw=208MiB/s (218MB/s), 208MiB/s-208MiB/s (218MB/s-218MB/s), io=1024MiB (1074MB), run=4928-4928msec

Disk stats (read/write):
  sde: ios=37/4035, merge=0/0, ticks=8/676983, in_queue=688084, util=97.42%
