test: (g=0): rw=randwrite, bs=(R) 4096B-4096B, (W) 4096B-4096B, (T) 4096B-4096B, ioengine=libaio, iodepth=64
fio-3.1
Starting 1 process

test: (groupid=0, jobs=1): err= 0: pid=33252: Sun Jul 15 06:39:22 2018
  write: IOPS=229, BW=916KiB/s (938kB/s)(1024MiB/1144175msec)
    slat (usec): min=2, max=262, avg=19.39, stdev= 8.73
    clat (usec): min=381, max=2229.6k, avg=279314.42, stdev=200999.50
     lat (usec): min=416, max=2229.6k, avg=279334.25, stdev=201001.27
    clat percentiles (msec):
     |  1.00th=[   13],  5.00th=[   21], 10.00th=[   30], 20.00th=[  123],
     | 30.00th=[  178], 40.00th=[  213], 50.00th=[  251], 60.00th=[  292],
     | 70.00th=[  334], 80.00th=[  397], 90.00th=[  558], 95.00th=[  693],
     | 99.00th=[  911], 99.50th=[ 1011], 99.90th=[ 1250], 99.95th=[ 1351],
     | 99.99th=[ 1603]
   bw (  KiB/s): min=    8, max= 3870, per=100.00%, avg=931.53, stdev=357.40, samples=2250
   iops        : min=    2, max=  967, avg=232.86, stdev=89.34, samples=2250
  lat (usec)   : 500=0.01%, 750=0.01%, 1000=0.01%
  lat (msec)   : 2=0.01%, 4=0.08%, 10=0.47%, 20=4.26%, 50=9.77%
  lat (msec)   : 100=3.50%, 250=31.70%, 500=37.60%, 750=9.35%, 1000=2.72%
  lat (msec)   : 2000=0.54%, >=2000=0.01%
  cpu          : usr=0.28%, sys=0.81%, ctx=258622, majf=0, minf=28
  IO depths    : 1=0.1%, 2=0.1%, 4=0.1%, 8=0.1%, 16=0.1%, 32=0.1%, >=64=100.0%
     submit    : 0=0.0%, 4=100.0%, 8=0.0%, 16=0.0%, 32=0.0%, 64=0.0%, >=64=0.0%
     complete  : 0=0.0%, 4=100.0%, 8=0.0%, 16=0.0%, 32=0.0%, 64=0.1%, >=64=0.0%
     issued rwt: total=0,262144,0, short=0,0,0, dropped=0,0,0
     latency   : target=0, window=0, percentile=100.00%, depth=64

Run status group 0 (all jobs):
  WRITE: bw=916KiB/s (938kB/s), 916KiB/s-916KiB/s (938kB/s-938kB/s), io=1024MiB (1074MB), run=1144175-1144175msec

Disk stats (read/write):
  sdj: ios=0/259380, merge=0/2662, ticks=0/72869468, in_queue=72870950, util=100.00%
