test: (g=0): rw=randwrite, bs=(R) 64.0KiB-64.0KiB, (W) 64.0KiB-64.0KiB, (T) 64.0KiB-64.0KiB, ioengine=libaio, iodepth=64
fio-3.1
Starting 1 process

test: (groupid=0, jobs=1): err= 0: pid=21056: Sun Jul 15 07:44:57 2018
  write: IOPS=207, BW=12.0MiB/s (13.6MB/s)(1024MiB/78777msec)
    slat (nsec): min=4061, max=84542, avg=24171.97, stdev=11205.81
    clat (usec): min=560, max=1763.1k, avg=307678.99, stdev=253352.01
     lat (usec): min=612, max=1763.2k, avg=307703.55, stdev=253353.31
    clat percentiles (msec):
     |  1.00th=[   11],  5.00th=[   18], 10.00th=[   22], 20.00th=[   36],
     | 30.00th=[  131], 40.00th=[  199], 50.00th=[  259], 60.00th=[  342],
     | 70.00th=[  422], 80.00th=[  542], 90.00th=[  651], 95.00th=[  760],
     | 99.00th=[ 1028], 99.50th=[ 1150], 99.90th=[ 1418], 99.95th=[ 1485],
     | 99.99th=[ 1737]
   bw (  KiB/s): min=  640, max=28800, per=100.00%, avg=13704.55, stdev=6349.85, samples=152
   iops        : min=   10, max=  450, avg=214.13, stdev=99.21, samples=152
  lat (usec)   : 750=0.01%, 1000=0.01%
  lat (msec)   : 2=0.02%, 4=0.15%, 10=0.64%, 20=7.03%, 50=14.56%
  lat (msec)   : 100=4.97%, 250=21.27%, 500=28.93%, 750=16.83%, 1000=4.40%
  lat (msec)   : 2000=1.17%
  cpu          : usr=0.27%, sys=0.75%, ctx=15706, majf=0, minf=28
  IO depths    : 1=0.1%, 2=0.1%, 4=0.1%, 8=0.1%, 16=0.1%, 32=0.2%, >=64=99.6%
     submit    : 0=0.0%, 4=100.0%, 8=0.0%, 16=0.0%, 32=0.0%, 64=0.0%, >=64=0.0%
     complete  : 0=0.0%, 4=100.0%, 8=0.0%, 16=0.0%, 32=0.0%, 64=0.1%, >=64=0.0%
     issued rwt: total=0,16384,0, short=0,0,0, dropped=0,0,0
     latency   : target=0, window=0, percentile=100.00%, depth=64

Run status group 0 (all jobs):
  WRITE: bw=12.0MiB/s (13.6MB/s), 12.0MiB/s-12.0MiB/s (13.6MB/s-13.6MB/s), io=1024MiB (1074MB), run=78777-78777msec

Disk stats (read/write):
  sdk: ios=0/15695, merge=0/679, ticks=0/4869711, in_queue=4871242, util=99.93%
